# FR-trace starting at Wed Mar 10 14:46:55 2021
################# CONFIG #################
# slot=9000
# samples=5000
# threshold=100
# idle=500
# minlen=500
# runs=60000
# pdathreads=3
# nmonitored=1
#   monitor0=/usr/local/lib/libcrypto.so 770062 0xbc00e
# nevicted=0
# npdatargets=1
#   target0=/usr/local/lib/libcrypto.so 750148 0xb7244
# affinity=all
############## SYSTEM INFO ###############
# mastik_version=
# sysname=Linux
# nodename=05a3c7e5a789
# release=5.8.0-43-generic
# version=#49~20.04.1-Ubuntu SMP Fri Feb 5 09:57:56 UTC 2021
# machine=x86_64
################## DATA ##################
# run=1
# datapoints=5000
46 
674 
208 
234 
210 
212 
246 
210 
208 
212 
248 
236 
208 
252 
248 
206 
242 
46 
44 
46 
46 
46 
48 
246 
206 
250 
480 
210 
206 
686 
208 
208 
204 
212 
532 
250 
248 
208 
44 
206 
208 
248 
676 
248 
206 
206 
206 
206 
250 
206 
266 
210 
210 
248 
204 
210 
248 
248 
214 
364 
248 
210 
264 
208 
246 
208 
208 
664 
228 
46 
46 
44 
44 
44 
48 
44 
46 
216 
210 
248 
204 
234 
206 
210 
208 
246 
210 
208 
666 
212 
214 
208 
456 
212 
208 
212 
208 
248 
204 
246 
670 
204 
222 
232 
216 
226 
206 
246 
676 
250 
246 
206 
212 
206 
208 
250 
246 
208 
208 
206 
228 
208 
250 
246 
92 
144 
44 
44 
46 
48 
44 
46 
254 
564 
208 
206 
206 
208 
208 
208 
248 
592 
206 
210 
244 
208 
222 
206 
244 
250 
208 
248 
246 
246 
248 
244 
248 
248 
238 
204 
246 
210 
248 
258 
208 
246 
288 
208 
206 
210 
208 
206 
214 
248 
208 
244 
256 
246 
46 
46 
48 
46 
46 
44 
46 
46 
208 
246 
250 
224 
206 
206 
208 
246 
250 
242 
248 
208 
210 
350 
252 
208 
206 
208 
208 
206 
270 
838 
208 
208 
206 
210 
210 
230 
248 
206 
232 
208 
208 
246 
204 
210 
210 
228 
326 
208 
208 
208 
230 
208 
210 
206 
48 
44 
44 
48 
44 
46 
208 
208 
580 
208 
208 
250 
216 
214 
206 
210 
208 
206 
244 
226 
210 
248 
242 
206 
218 
206 
248 
218 
724 
210 
226 
208 
256 
208 
204 
212 
248 
204 
206 
204 
246 
536 
206 
234 
218 
248 
206 
222 
206 
204 
206 
206 
46 
46 
46 
46 
46 
44 
44 
250 
208 
208 
228 
206 
206 
212 
210 
244 
228 
206 
210 
208 
208 
250 
678 
216 
210 
218 
248 
246 
208 
210 
606 
230 
226 
250 
246 
208 
228 
246 
208 
206 
250 
248 
208 
206 
208 
208 
208 
378 
246 
208 
206 
240 
248 
44 
44 
44 
46 
46 
208 
210 
248 
228 
238 
512 
206 
206 
240 
208 
208 
214 
246 
246 
266 
208 
244 
230 
248 
208 
254 
250 
208 
204 
230 
214 
246 
212 
210 
242 
394 
210 
250 
208 
204 
208 
226 
246 
208 
208 
244 
210 
246 
250 
216 
206 
216 
230 
46 
44 
46 
44 
46 
44 
210 
204 
226 
208 
210 
216 
248 
248 
210 
532 
206 
260 
234 
240 
248 
206 
206 
650 
206 
248 
208 
210 
208 
208 
240 
664 
246 
206 
220 
248 
246 
208 
212 
206 
228 
244 
214 
242 
208 
248 
210 
206 
496 
214 
270 
246 
100 
44 
46 
46 
44 
44 
44 
46 
44 
240 
206 
206 
208 
248 
230 
246 
210 
246 
208 
212 
206 
250 
210 
206 
208 
214 
202 
216 
230 
324 
210 
244 
206 
236 
210 
206 
212 
704 
222 
206 
210 
210 
208 
212 
248 
554 
208 
208 
248 
236 
246 
208 
208 
204 
46 
46 
46 
44 
42 
46 
44 
48 
46 
46 
224 
248 
206 
248 
206 
210 
336 
230 
248 
206 
208 
204 
204 
204 
498 
206 
206 
236 
246 
210 
210 
250 
210 
242 
214 
208 
208 
204 
204 
232 
246 
212 
248 
246 
232 
204 
210 
206 
230 
582 
246 
208 
216 
210 
248 
46 
44 
44 
44 
46 
44 
208 
206 
210 
220 
212 
208 
244 
218 
206 
228 
210 
210 
250 
208 
206 
230 
248 
204 
212 
208 
210 
598 
248 
248 
208 
206 
250 
228 
244 
592 
250 
204 
208 
206 
208 
204 
206 
208 
212 
250 
206 
248 
246 
210 
204 
206 
46 
74 
44 
46 
44 
44 
208 
206 
206 
204 
206 
204 
208 
210 
208 
262 
606 
208 
230 
216 
246 
242 
210 
204 
604 
262 
208 
250 
208 
212 
250 
208 
214 
206 
250 
210 
242 
204 
208 
264 
250 
224 
246 
210 
204 
206 
210 
208 
266 
352 
214 
206 
46 
46 
46 
44 
44 
604 
208 
238 
226 
228 
246 
228 
206 
210 
242 
210 
250 
208 
206 
208 
210 
264 
208 
204 
250 
230 
208 
208 
226 
244 
330 
246 
206 
250 
206 
252 
206 
248 
500 
220 
210 
206 
212 
246 
208 
206 
212 
206 
266 
206 
248 
44 
46 
46 
44 
44 
44 
44 
48 
210 
244 
210 
250 
234 
246 
206 
222 
206 
208 
206 
206 
556 
210 
228 
202 
210 
208 
212 
250 
210 
248 
208 
210 
206 
208 
208 
210 
206 
210 
248 
208 
250 
208 
208 
208 
208 
236 
202 
206 
208 
208 
230 
208 
244 
646 
48 
46 
44 
46 
44 
44 
48 
208 
248 
212 
248 
204 
250 
246 
208 
206 
216 
210 
206 
208 
254 
206 
242 
246 
422 
212 
258 
264 
266 
260 
228 
212 
608 
246 
208 
210 
272 
246 
210 
206 
576 
242 
210 
212 
206 
206 
208 
206 
212 
208 
238 
206 
206 
46 
62 
46 
44 
44 
208 
206 
208 
228 
246 
210 
208 
712 
208 
206 
204 
208 
208 
208 
214 
202 
208 
204 
208 
210 
208 
244 
244 
206 
232 
208 
206 
224 
206 
206 
204 
208 
386 
246 
208 
208 
246 
244 
222 
206 
538 
208 
208 
248 
208 
250 
44 
44 
48 
44 
44 
210 
208 
208 
236 
246 
208 
208 
228 
206 
208 
242 
204 
248 
246 
292 
246 
208 
252 
208 
218 
208 
210 
564 
212 
214 
216 
232 
248 
208 
210 
662 
208 
260 
208 
206 
216 
228 
206 
260 
204 
208 
208 
204 
248 
246 
242 
44 
44 
48 
42 
44 
44 
46 
206 
228 
236 
206 
210 
208 
208 
246 
206 
246 
458 
206 
218 
208 
210 
208 
210 
250 
208 
206 
234 
238 
208 
248 
206 
208 
208 
268 
228 
228 
206 
248 
210 
208 
246 
398 
210 
228 
244 
206 
204 
210 
210 
666 
244 
46 
46 
46 
46 
46 
214 
208 
206 
210 
210 
208 
250 
250 
212 
244 
206 
208 
210 
240 
248 
208 
210 
208 
424 
204 
206 
210 
208 
234 
212 
260 
352 
208 
262 
210 
210 
208 
228 
262 
632 
206 
206 
250 
208 
206 
230 
206 
206 
206 
206 
250 
44 
48 
46 
46 
46 
44 
244 
206 
210 
246 
204 
208 
204 
288 
206 
210 
216 
244 
210 
224 
210 
504 
204 
216 
206 
248 
206 
244 
210 
248 
208 
208 
212 
206 
210 
212 
208 
204 
208 
244 
206 
204 
246 
210 
248 
206 
504 
248 
206 
210 
248 
212 
44 
44 
46 
44 
44 
248 
204 
216 
206 
210 
246 
232 
242 
210 
222 
250 
212 
208 
210 
208 
204 
206 
246 
206 
208 
250 
208 
250 
246 
206 
210 
210 
248 
210 
248 
424 
252 
206 
208 
208 
250 
228 
250 
840 
216 
206 
228 
204 
210 
252 
206 
46 
48 
46 
46 
44 
48 
246 
212 
210 
208 
254 
208 
208 
244 
208 
214 
210 
586 
210 
208 
250 
202 
204 
206 
266 
208 
242 
214 
204 
210 
214 
206 
234 
210 
206 
208 
248 
250 
246 
206 
248 
216 
208 
242 
208 
226 
208 
210 
226 
208 
648 
228 
248 
46 
48 
46 
46 
46 
206 
206 
246 
248 
236 
246 
208 
206 
208 
206 
208 
250 
212 
208 
246 
208 
234 
216 
210 
208 
208 
226 
210 
208 
238 
270 
244 
204 
250 
208 
250 
226 
210 
206 
210 
210 
208 
208 
212 
210 
204 
212 
210 
248 
206 
208 
44 
44 
44 
46 
44 
44 
46 
206 
208 
210 
206 
208 
522 
208 
208 
210 
210 
206 
206 
206 
712 
250 
206 
214 
240 
246 
226 
208 
248 
270 
250 
250 
208 
208 
210 
246 
246 
204 
206 
206 
232 
250 
206 
246 
208 
696 
244 
236 
216 
246 
242 
226 
48 
44 
48 
44 
48 
248 
242 
232 
248 
212 
214 
208 
204 
210 
246 
228 
208 
208 
218 
248 
206 
244 
210 
206 
246 
208 
360 
248 
206 
210 
208 
246 
206 
206 
674 
212 
214 
250 
210 
246 
208 
206 
208 
212 
208 
268 
248 
240 
206 
206 
208 
250 
192 
46 
46 
44 
44 
250 
268 
210 
204 
206 
206 
212 
206 
208 
206 
478 
210 
208 
204 
250 
230 
228 
248 
606 
248 
210 
236 
210 
208 
206 
204 
270 
206 
260 
208 
246 
204 
204 
204 
248 
226 
204 
206 
208 
204 
206 
208 
208 
480 
208 
208 
42 
44 
46 
42 
46 
48 
208 
212 
246 
246 
206 
206 
236 
708 
206 
230 
208 
212 
206 
244 
250 
230 
222 
210 
206 
248 
226 
250 
266 
210 
244 
208 
248 
208 
248 
206 
204 
248 
208 
250 
248 
248 
248 
208 
210 
238 
210 
246 
246 
214 
686 
248 
168 
46 
44 
44 
48 
44 
208 
248 
250 
208 
210 
356 
206 
224 
206 
208 
206 
204 
206 
838 
244 
208 
206 
206 
244 
212 
216 
688 
206 
248 
214 
228 
220 
250 
248 
210 
208 
256 
248 
208 
252 
210 
216 
208 
210 
250 
206 
210 
212 
210 
210 
46 
48 
48 
44 
48 
44 
208 
208 
244 
208 
246 
204 
206 
244 
244 
206 
210 
206 
246 
210 
242 
206 
0 
0 
228 
246 
222 
208 
254 
248 
206 
212 
206 
244 
366 
248 
210 
210 
252 
216 
210 
244 
614 
248 
230 
260 
206 
210 
210 
204 
208 
212 
46 
46 
48 
48 
48 
258 
248 
204 
206 
234 
206 
208 
206 
216 
202 
328 
228 
208 
206 
270 
246 
204 
206 
726 
210 
248 
208 
246 
268 
206 
248 
246 
264 
246 
206 
262 
244 
234 
206 
204 
256 
246 
208 
248 
212 
206 
206 
212 
286 
244 
246 
248 
46 
44 
44 
46 
48 
46 
46 
208 
262 
206 
214 
214 
210 
226 
244 
208 
206 
244 
210 
248 
224 
204 
248 
206 
204 
206 
244 
206 
244 
512 
244 
208 
224 
208 
238 
228 
246 
578 
206 
248 
208 
206 
208 
208 
216 
656 
216 
246 
248 
208 
244 
210 
204 
44 
46 
44 
46 
42 
206 
242 
208 
204 
210 
248 
210 
250 
246 
250 
210 
206 
480 
208 
246 
222 
206 
214 
204 
208 
206 
208 
208 
204 
204 
222 
254 
248 
206 
206 
206 
208 
246 
246 
206 
212 
206 
206 
204 
206 
206 
206 
208 
226 
212 
368 
246 
44 
44 
44 
44 
48 
248 
204 
210 
212 
208 
208 
204 
226 
206 
204 
246 
210 
246 
208 
230 
206 
246 
240 
252 
204 
210 
246 
204 
206 
204 
226 
378 
216 
210 
248 
246 
206 
248 
210 
210 
206 
206 
210 
208 
216 
206 
206 
248 
208 
208 
44 
42 
46 
44 
46 
218 
206 
248 
208 
248 
246 
248 
210 
208 
632 
210 
208 
232 
208 
248 
230 
246 
208 
208 
206 
242 
206 
226 
230 
206 
246 
210 
224 
246 
208 
248 
206 
210 
212 
210 
208 
248 
252 
232 
208 
254 
246 
218 
240 
210 
210 
44 
46 
46 
48 
46 
48 
44 
204 
226 
260 
210 
248 
660 
210 
210 
232 
250 
202 
246 
210 
208 
210 
250 
246 
246 
210 
250 
212 
220 
208 
244 
220 
214 
208 
248 
210 
248 
398 
206 
208 
206 
208 
246 
206 
204 
602 
264 
252 
242 
206 
210 
206 
246 
208 
206 
44 
46 
46 
44 
44 
44 
250 
262 
246 
208 
250 
206 
210 
226 
248 
616 
210 
204 
250 
246 
270 
228 
206 
210 
206 
206 
244 
244 
250 
246 
252 
254 
212 
246 
208 
206 
230 
248 
206 
206 
206 
206 
208 
204 
210 
204 
226 
252 
342 
210 
208 
248 
208 
44 
46 
46 
44 
44 
44 
42 
206 
206 
204 
246 
208 
208 
208 
220 
204 
210 
246 
244 
208 
408 
244 
250 
248 
248 
208 
248 
244 
320 
204 
206 
246 
208 
244 
228 
248 
542 
244 
250 
250 
208 
206 
206 
244 
248 
208 
234 
206 
248 
204 
208 
248 
44 
44 
44 
44 
44 
46 
208 
206 
204 
268 
206 
206 
228 
238 
208 
206 
252 
416 
246 
208 
248 
244 
208 
210 
246 
208 
248 
208 
208 
206 
206 
248 
210 
206 
210 
206 
248 
210 
248 
210 
254 
214 
318 
206 
212 
246 
244 
212 
230 
206 
590 
204 
206 
46 
46 
44 
46 
44 
206 
212 
248 
228 
208 
210 
210 
208 
204 
210 
208 
248 
206 
250 
248 
206 
208 
398 
210 
242 
228 
248 
206 
230 
246 
338 
208 
228 
206 
212 
246 
206 
218 
592 
206 
212 
210 
224 
210 
208 
210 
236 
208 
208 
246 
210 
44 
44 
46 
44 
48 
46 
206 
208 
204 
206 
230 
246 
600 
206 
210 
204 
250 
206 
214 
204 
528 
208 
208 
248 
208 
248 
208 
210 
248 
206 
208 
204 
206 
246 
248 
208 
250 
208 
206 
210 
208 
206 
244 
208 
250 
328 
246 
244 
246 
208 
234 
228 
44 
46 
44 
46 
44 
46 
206 
210 
208 
204 
246 
204 
204 
248 
206 
236 
206 
226 
234 
208 
248 
208 
208 
208 
210 
248 
388 
208 
248 
248 
216 
250 
208 
264 
460 
204 
242 
212 
206 
250 
210 
228 
642 
210 
208 
208 
210 
210 
206 
208 
228 
44 
46 
44 
44 
44 
46 
44 
208 
206 
248 
212 
228 
208 
206 
212 
210 
206 
210 
244 
224 
208 
210 
208 
212 
210 
248 
204 
206 
208 
204 
210 
208 
254 
208 
206 
208 
216 
204 
246 
246 
228 
394 
204 
204 
210 
208 
228 
230 
204 
356 
204 
224 
44 
46 
46 
44 
210 
674 
246 
208 
210 
210 
248 
208 
210 
246 
224 
206 
210 
240 
206 
206 
204 
686 
208 
208 
208 
210 
228 
204 
210 
208 
620 
212 
206 
248 
206 
246 
210 
210 
538 
246 
208 
204 
230 
208 
218 
206 
250 
210 
204 
210 
44 
44 
44 
46 
46 
302 
220 
208 
246 
246 
206 
208 
266 
374 
208 
212 
208 
216 
244 
226 
248 
634 
250 
242 
208 
248 
208 
208 
210 
206 
204 
250 
248 
208 
212 
246 
206 
206 
208 
206 
250 
252 
248 
206 
236 
246 
448 
250 
206 
256 
206 
44 
44 
44 
48 
44 
48 
46 
206 
212 
208 
228 
208 
210 
248 
256 
208 
216 
206 
246 
208 
210 
246 
248 
212 
254 
258 
210 
220 
322 
214 
210 
206 
206 
230 
208 
206 
686 
208 
206 
204 
208 
248 
208 
226 
616 
234 
204 
210 
206 
210 
210 
208 
46 
46 
44 
44 
44 
48 
46 
210 
206 
402 
208 
210 
208 
206 
210 
230 
246 
530 
208 
210 
214 
208 
250 
228 
242 
656 
248 
208 
248 
246 
208 
210 
208 
210 
246 
202 
206 
206 
256 
262 
208 
206 
360 
248 
210 
208 
208 
206 
204 
210 
484 
232 
208 
48 
44 
44 
46 
48 
46 
46 
46 
210 
244 
206 
230 
214 
208 
248 
208 
246 
206 
206 
220 
208 
210 
438 
206 
206 
208 
210 
226 
208 
206 
582 
254 
250 
208 
230 
208 
210 
208 
488 
206 
204 
242 
248 
208 
232 
248 
688 
208 
244 
248 
246 
246 
226 
252 
44 
46 
44 
44 
46 
44 
248 
246 
208 
208 
208 
208 
208 
260 
242 
208 
248 
634 
212 
210 
248 
244 
248 
206 
208 
206 
248 
208 
248 
208 
208 
250 
210 
226 
222 
208 
208 
212 
248 
208 
212 
226 
462 
208 
214 
204 
206 
206 
210 
210 
488 
208 
206 
242 
46 
44 
46 
44 
46 
252 
206 
248 
206 
248 
206 
210 
220 
226 
210 
208 
204 
208 
246 
248 
210 
216 
248 
208 
246 
212 
248 
204 
208 
552 
206 
244 
266 
204 
246 
230 
248 
206 
204 
210 
230 
250 
246 
248 
246 
206 
240 
210 
210 
206 
208 
44 
46 
48 
44 
44 
44 
246 
210 
206 
226 
250 
548 
208 
206 
210 
232 
246 
206 
206 
546 
244 
220 
228 
212 
246 
216 
206 
210 
208 
228 
254 
208 
242 
210 
248 
244 
316 
232 
244 
210 
210 
210 
246 
210 
286 
246 
208 
204 
246 
210 
216 
244 
46 
44 
44 
46 
44 
46 
44 
254 
204 
240 
208 
212 
208 
246 
206 
206 
208 
352 
246 
226 
208 
248 
246 
248 
208 
424 
248 
204 
248 
208 
254 
204 
206 
428 
210 
210 
246 
250 
210 
222 
210 
644 
206 
246 
206 
250 
204 
234 
250 
230 
208 
246 
44 
44 
46 
44 
44 
246 
290 
246 
206 
212 
208 
224 
206 
248 
494 
206 
202 
242 
208 
248 
206 
248 
724 
206 
222 
228 
208 
204 
248 
206 
206 
210 
206 
250 
264 
248 
244 
248 
248 
434 
206 
210 
202 
212 
206 
204 
208 
566 
204 
248 
208 
46 
44 
46 
46 
46 
208 
208 
272 
232 
208 
226 
290 
220 
246 
212 
208 
206 
208 
246 
250 
208 
228 
210 
246 
264 
210 
208 
232 
254 
448 
208 
208 
246 
212 
210 
208 
250 
848 
246 
248 
208 
254 
206 
206 
206 
236 
204 
206 
208 
204 
216 
176 
46 
42 
46 
48 
46 
46 
206 
244 
228 
250 
282 
208 
208 
210 
228 
248 
206 
206 
490 
210 
212 
258 
228 
204 
228 
216 
206 
226 
232 
228 
206 
204 
204 
206 
208 
208 
248 
244 
208 
246 
210 
250 
210 
214 
248 
210 
224 
246 
206 
204 
208 
46 
42 
44 
44 
46 
44 
46 
244 
204 
210 
204 
206 
206 
224 
206 
228 
250 
208 
216 
208 
228 
248 
206 
206 
210 
232 
246 
208 
206 
222 
232 
208 
210 
420 
210 
206 
250 
244 
216 
206 
204 
206 
248 
246 
206 
248 
248 
262 
210 
256 
232 
260 
46 
44 
46 
50 
46 
206 
350 
248 
208 
206 
214 
230 
206 
206 
472 
240 
210 
228 
228 
208 
228 
246 
678 
208 
212 
218 
208 
206 
210 
208 
208 
210 
208 
210 
206 
220 
206 
208 
208 
320 
204 
206 
202 
204 
208 
224 
246 
380 
246 
210 
208 
208 
44 
44 
44 
44 
46 
44 
46 
248 
234 
206 
206 
206 
208 
232 
208 
208 
208 
206 
208 
258 
206 
208 
248 
262 
208 
210 
228 
204 
470 
228 
230 
208 
208 
208 
230 
204 
486 
248 
204 
208 
204 
252 
208 
208 
210 
248 
234 
248 
206 
206 
260 
242 
210 
44 
46 
48 
44 
44 
44 
44 
46 
44 
248 
206 
208 
236 
248 
206 
204 
674 
208 
206 
208 
246 
206 
210 
248 
208 
208 
206 
242 
250 
206 
204 
210 
204 
302 
208 
264 
208 
206 
250 
248 
208 
210 
206 
206 
204 
206 
248 
228 
248 
438 
206 
214 
250 
256 
224 
228 
46 
44 
46 
46 
44 
208 
206 
248 
206 
208 
208 
206 
208 
206 
208 
206 
212 
248 
260 
248 
252 
208 
248 
208 
228 
210 
452 
206 
246 
210 
210 
242 
210 
238 
206 
246 
210 
206 
206 
208 
206 
208 
246 
210 
206 
206 
206 
206 
206 
246 
248 
46 
44 
46 
42 
44 
48 
218 
210 
446 
204 
206 
204 
204 
206 
206 
206 
568 
210 
246 
208 
248 
246 
208 
208 
208 
210 
206 
246 
228 
238 
212 
250 
206 
344 
246 
208 
206 
210 
246 
210 
244 
390 
208 
206 
204 
246 
206 
226 
206 
846 
218 
210 
44 
44 
46 
44 
46 
46 
208 
248 
208 
206 
270 
208 
206 
210 
318 
208 
212 
246 
208 
266 
250 
248 
596 
208 
208 
208 
210 
210 
206 
208 
208 
248 
232 
266 
264 
206 
210 
204 
210 
208 
216 
206 
208 
212 
238 
206 
208 
208 
210 
206 
258 
44 
46 
44 
44 
42 
44 
206 
202 
210 
214 
218 
212 
206 
210 
234 
246 
208 
206 
208 
208 
628 
208 
208 
244 
206 
208 
246 
208 
202 
208 
208 
206 
250 
226 
210 
204 
208 
204 
250 
248 
210 
248 
250 
210 
210 
334 
206 
208 
210 
238 
210 
46 
44 
46 
46 
44 
248 
208 
208 
206 
246 
232 
232 
210 
212 
234 
256 
206 
208 
208 
206 
208 
246 
202 
206 
246 
228 
248 
656 
250 
212 
210 
210 
246 
224 
240 
542 
256 
210 
208 
206 
210 
208 
208 
210 
250 
206 
262 
208 
250 
210 
236 
44 
48 
46 
44 
46 
218 
208 
208 
236 
254 
226 
216 
208 
234 
208 
206 
206 
716 
208 
250 
228 
216 
206 
240 
204 
206 
248 
248 
208 
208 
242 
204 
208 
260 
250 
206 
206 
206 
246 
244 
210 
210 
236 
206 
206 
206 
248 
206 
250 
228 
46 
46 
46 
44 
44 
46 
44 
246 
208 
242 
210 
210 
226 
232 
374 
490 
2022 
236 
326 
3000 
968 
3348 
222 
262 
208 
406 
228 
248 
206 
220 
206 
228 
246 
208 
202 
206 
226 
210 
216 
212 
206 
694 
208 
246 
250 
252 
248 
208 
212 
254 
222 
208 
208 
246 
236 
264 
206 
204 
208 
246 
46 
44 
44 
48 
46 
44 
430 
208 
212 
248 
224 
208 
206 
210 
208 
206 
210 
208 
206 
242 
206 
250 
230 
210 
210 
206 
218 
206 
268 
208 
206 
208 
210 
246 
256 
248 
248 
228 
210 
350 
206 
208 
212 
248 
248 
202 
206 
206 
206 
218 
248 
208 
44 
44 
48 
44 
46 
44 
46 
44 
44 
208 
208 
248 
210 
226 
248 
218 
208 
210 
226 
206 
558 
204 
210 
248 
208 
246 
240 
206 
480 
252 
210 
248 
204 
224 
204 
264 
204 
208 
244 
250 
208 
210 
248 
208 
250 
208 
250 
256 
238 
212 
204 
212 
246 
320 
208 
44 
44 
46 
50 
44 
46 
46 
246 
224 
212 
248 
208 
208 
210 
696 
248 
210 
212 
226 
204 
234 
244 
210 
348 
206 
250 
208 
222 
246 
210 
206 
214 
206 
224 
246 
206 
210 
228 
258 
516 
248 
206 
206 
220 
206 
206 
208 
606 
208 
240 
206 
212 
206 
44 
44 
44 
44 
46 
48 
208 
208 
208 
244 
206 
250 
208 
248 
208 
210 
206 
208 
250 
412 
250 
210 
204 
244 
230 
208 
242 
640 
246 
208 
206 
204 
204 
248 
206 
244 
204 
218 
244 
208 
206 
254 
206 
206 
270 
210 
246 
228 
248 
240 
208 
244 
46 
46 
44 
44 
44 
44 
208 
206 
584 
236 
216 
210 
248 
206 
276 
212 
210 
204 
206 
208 
246 
212 
208 
206 
202 
206 
242 
248 
248 
242 
248 
224 
208 
452 
206 
246 
210 
248 
248 
206 
216 
206 
210 
206 
210 
226 
210 
230 
212 
220 
210 
252 
48 
44 
46 
46 
248 
246 
210 
210 
210 
216 
248 
216 
208 
206 
222 
210 
210 
240 
248 
210 
216 
206 
474 
208 
206 
238 
250 
208 
210 
210 
734 
250 
208 
248 
244 
206 
228 
248 
234 
210 
244 
238 
208 
206 
210 
272 
230 
338 
260 
64 
44 
46 
44 
46 
44 
46 
44 
44 
44 
208 
228 
208 
250 
670 
208 
208 
250 
210 
212 
210 
246 
206 
208 
260 
250 
206 
248 
208 
208 
206 
208 
204 
208 
244 
246 
212 
208 
208 
550 
246 
208 
206 
250 
208 
208 
208 
206 
250 
228 
208 
206 
246 
246 
218 
44 
46 
46 
44 
44 
46 
44 
208 
204 
210 
210 
206 
216 
218 
206 
206 
206 
340 
206 
250 
204 
248 
208 
210 
248 
208 
226 
246 
248 
206 
204 
246 
210 
222 
228 
248 
208 
208 
244 
206 
208 
220 
206 
210 
208 
206 
254 
246 
228 
604 
576 
210 
220 
250 
44 
44 
46 
48 
46 
46 
44 
206 
204 
250 
204 
250 
726 
210 
210 
212 
248 
202 
206 
250 
208 
274 
248 
204 
204 
232 
242 
210 
214 
414 
236 
206 
216 
206 
240 
226 
208 
476 
248 
210 
248 
234 
248 
208 
206 
210 
248 
248 
206 
208 
208 
250 
210 
266 
46 
46 
46 
44 
46 
44 
210 
212 
246 
248 
206 
248 
206 
206 
208 
204 
708 
218 
206 
206 
218 
244 
208 
228 
208 
246 
208 
246 
248 
210 
246 
242 
204 
234 
242 
228 
206 
214 
208 
230 
248 
234 
206 
206 
210 
248 
208 
228 
244 
590 
248 
208 
248 
44 
46 
44 
46 
46 
46 
206 
246 
252 
212 
206 
262 
208 
206 
206 
210 
204 
210 
212 
210 
244 
378 
210 
206 
246 
208 
248 
210 
208 
334 
208 
208 
248 
248 
208 
220 
248 
556 
248 
204 
208 
208 
210 
206 
262 
248 
210 
206 
212 
212 
208 
238 
246 
250 
44 
46 
44 
44 
46 
208 
238 
206 
334 
204 
208 
206 
214 
216 
214 
250 
722 
208 
208 
248 
206 
206 
228 
208 
216 
248 
208 
242 
212 
212 
208 
206 
208 
208 
206 
226 
244 
206 
246 
246 
210 
236 
208 
232 
204 
204 
206 
206 
206 
206 
204 
42 
46 
42 
46 
44 
208 
206 
208 
248 
208 
208 
206 
210 
210 
210 
210 
204 
206 
208 
246 
252 
206 
210 
442 
208 
206 
206 
258 
204 
224 
206 
606 
228 
208 
248 
210 
248 
208 
202 
666 
210 
246 
250 
246 
208 
206 
224 
248 
206 
206 
44 
48 
46 
42 
44 
44 
506 
242 
228 
208 
246 
244 
210 
208 
376 
208 
208 
240 
248 
206 
226 
250 
212 
208 
210 
210 
262 
206 
208 
248 
208 
206 
208 
206 
248 
248 
236 
214 
210 
314 
248 
248 
206 
206 
244 
208 
210 
620 
204 
206 
204 
46 
44 
46 
46 
46 
208 
246 
222 
210 
244 
206 
206 
208 
210 
254 
248 
268 
210 
208 
248 
244 
370 
246 
210 
208 
206 
204 
228 
206 
414 
234 
248 
206 
204 
204 
236 
210 
698 
208 
248 
248 
206 
206 
206 
216 
702 
248 
206 
248 
256 
246 
44 
44 
44 
46 
42 
210 
248 
210 
246 
208 
204 
434 
246 
208 
210 
206 
210 
208 
206 
842 
242 
204 
244 
208 
250 
210 
216 
210 
206 
210 
206 
206 
210 
208 
206 
244 
204 
246 
208 
210 
248 
208 
208 
226 
490 
206 
226 
208 
210 
250 
208 
242 
392 
100 
44 
42 
46 
44 
44 
246 
208 
210 
246 
206 
240 
248 
250 
202 
206 
236 
206 
210 
244 
208 
250 
206 
212 
206 
206 
232 
226 
210 
248 
206 
206 
362 
228 
204 
206 
246 
210 
208 
210 
208 
248 
204 
248 
206 
206 
210 
210 
248 
240 
204 
208 
44 
44 
46 
44 
44 
446 
210 
266 
262 
248 
208 
208 
208 
666 
232 
208 
244 
262 
206 
204 
204 
566 
210 
206 
248 
210 
246 
208 
208 
208 
206 
208 
208 
208 
218 
246 
270 
204 
206 
246 
246 
242 
244 
204 
208 
248 
252 
208 
208 
214 
208 
46 
44 
44 
44 
46 
44 
44 
242 
206 
210 
206 
706 
210 
210 
210 
206 
248 
206 
208 
212 
240 
248 
204 
270 
208 
208 
208 
230 
262 
250 
216 
246 
212 
248 
386 
206 
488 
244 
246 
246 
208 
250 
230 
248 
722 
206 
228 
216 
206 
210 
210 
206 
44 
46 
42 
48 
44 
46 
208 
210 
250 
206 
244 
248 
250 
216 
206 
204 
206 
512 
210 
208 
206 
248 
210 
204 
210 
634 
246 
248 
246 
208 
248 
208 
254 
208 
204 
206 
244 
262 
246 
208 
208 
246 
206 
212 
248 
210 
218 
250 
226 
206 
376 
206 
48 
44 
44 
44 
46 
208 
208 
206 
226 
210 
228 
210 
208 
210 
206 
210 
246 
206 
210 
210 
208 
248 
206 
318 
210 
248 
246 
244 
248 
230 
208 
648 
252 
206 
208 
246 
218 
230 
212 
650 
246 
206 
250 
212 
206 
214 
206 
254 
246 
244 
210 
44 
44 
44 
46 
46 
44 
44 
218 
246 
242 
244 
204 
208 
338 
206 
226 
250 
210 
206 
202 
208 
492 
232 
208 
248 
206 
204 
206 
210 
214 
254 
210 
204 
242 
210 
248 
248 
204 
208 
210 
212 
206 
232 
218 
206 
252 
568 
206 
206 
204 
226 
246 
44 
48 
44 
46 
46 
46 
44 
48 
208 
208 
208 
218 
206 
246 
228 
210 
210 
246 
234 
288 
208 
214 
206 
236 
208 
206 
208 
208 
250 
230 
238 
208 
206 
206 
246 
410 
210 
246 
246 
220 
248 
206 
208 
838 
208 
248 
250 
210 
248 
208 
248 
248 
206 
248 
44 
44 
208 
204 
218 
208 
210 
208 
204 
246 
210 
208 
208 
208 
378 
208 
210 
210 
210 
206 
226 
208 
210 
206 
208 
208 
204 
226 
212 
208 
234 
210 
210 
206 
206 
248 
208 
246 
210 
338 
246 
208 
208 
248 
246 
208 
210 
644 
244 
246 
250 
248 
228 
258 
248 
542 
208 
248 
248 
246 
248 
206 
228 
218 
252 
250 
208 
250 
248 
228 
246 
246 
248 
224 
226 
228 
246 
250 
226 
248 
258 
208 
248 
250 
248 
246 
228 
208 
492 
210 
248 
226 
230 
228 
210 
206 
210 
234 
226 
248 
246 
216 
214 
228 
210 
248 
246 
252 
244 
204 
216 
230 
250 
424 
244 
244 
246 
250 
210 
234 
208 
448 
246 
210 
226 
232 
246 
228 
246 
206 
210 
248 
246 
206 
246 
248 
254 
222 
248 
210 
246 
228 
250 
228 
226 
208 
248 
246 
250 
208 
206 
244 
206 
246 
386 
248 
206 
248 
248 
230 
206 
248 
606 
206 
230 
254 
248 
248 
248 
248 
248 
248 
248 
246 
248 
246 
246 
248 
246 
392 
248 
248 
246 
248 
250 
228 
248 
694 
250 
246 
248 
244 
248 
230 
246 
624 
248 
250 
244 
244 
248 
244 
244 
250 
230 
246 
246 
248 
248 
248 
248 
244 
248 
248 
244 
244 
248 
246 
226 
246 
332 
246 
244 
250 
252 
242 
226 
244 
536 
246 
250 
246 
246 
246 
246 
246 
250 
246 
246 
208 
248 
226 
248 
250 
248 
228 
246 
244 
250 
244 
244 
226 
246 
260 
250 
246 
208 
248 
244 
206 
226 
494 
226 
250 
248 
248 
248 
228 
244 
704 
250 
244 
248 
248 
246 
250 
248 
242 
244 
246 
222 
246 
248 
248 
252 
248 
236 
246 
246 
248 
250 
248 
226 
250 
468 
250 
246 
248 
246 
248 
228 
248 
700 
246 
248 
248 
248 
248 
248 
250 
250 
244 
248 
244 
244 
248 
248 
248 
246 
244 
248 
244 
246 
248 
244 
224 
248 
388 
248 
246 
248 
248 
246 
228 
244 
626 
248 
246 
242 
248 
244 
248 
248 
252 
250 
248 
248 
246 
248 
244 
246 
248 
248 
248 
248 
248 
246 
246 
226 
248 
364 
244 
246 
244 
250 
250 
228 
248 
618 
250 
244 
248 
244 
248 
250 
248 
246 
248 
244 
246 
244 
246 
246 
