# FR-trace starting at Wed Mar 10 14:46:37 2021
################# CONFIG #################
# slot=9000
# samples=5000
# threshold=100
# idle=500
# minlen=500
# runs=60000
# pdathreads=3
# nmonitored=1
#   monitor0=/usr/local/lib/libcrypto.so 770062 0xbc00e
# nevicted=0
# npdatargets=1
#   target0=/usr/local/lib/libcrypto.so 750148 0xb7244
# affinity=all
############## SYSTEM INFO ###############
# mastik_version=
# sysname=Linux
# nodename=05a3c7e5a789
# release=5.8.0-43-generic
# version=#49~20.04.1-Ubuntu SMP Fri Feb 5 09:57:56 UTC 2021
# machine=x86_64
################## DATA ##################
# run=1
# datapoints=5000
48 
250 
250 
246 
208 
248 
246 
250 
212 
212 
210 
214 
206 
208 
220 
208 
210 
252 
244 
46 
252 
48 
48 
46 
46 
208 
210 
252 
210 
232 
210 
250 
638 
208 
210 
208 
240 
248 
204 
208 
44 
206 
246 
210 
208 
212 
216 
206 
210 
210 
214 
248 
210 
252 
210 
210 
256 
572 
208 
210 
210 
230 
212 
210 
208 
580 
242 
212 
208 
210 
208 
210 
144 
248 
46 
46 
46 
46 
46 
44 
212 
242 
208 
210 
274 
250 
210 
230 
246 
218 
644 
210 
210 
212 
240 
248 
230 
210 
214 
210 
214 
256 
208 
208 
246 
218 
238 
206 
248 
212 
206 
250 
230 
212 
210 
208 
250 
270 
250 
216 
208 
208 
250 
412 
212 
230 
212 
48 
46 
46 
46 
44 
46 
44 
46 
46 
210 
210 
222 
672 
246 
210 
208 
246 
210 
248 
232 
232 
208 
212 
214 
250 
214 
268 
210 
208 
210 
214 
210 
210 
210 
250 
230 
248 
840 
212 
228 
250 
210 
208 
206 
250 
646 
252 
234 
208 
210 
210 
256 
212 
250 
210 
210 
46 
46 
48 
44 
46 
50 
48 
48 
210 
210 
246 
206 
228 
210 
424 
212 
254 
208 
246 
210 
210 
250 
654 
248 
210 
214 
212 
208 
252 
210 
206 
210 
208 
210 
212 
208 
208 
248 
230 
206 
246 
212 
212 
248 
210 
208 
250 
0 
0 
0 
210 
206 
206 
222 
244 
48 
74 
46 
46 
44 
48 
248 
204 
206 
208 
208 
210 
208 
204 
246 
208 
210 
208 
250 
206 
206 
246 
210 
204 
242 
294 
232 
216 
208 
206 
244 
204 
204 
700 
210 
246 
240 
246 
264 
206 
208 
208 
218 
208 
210 
210 
208 
206 
206 
210 
204 
208 
44 
46 
46 
44 
44 
42 
46 
204 
204 
256 
210 
208 
208 
204 
514 
204 
244 
208 
224 
240 
216 
246 
690 
210 
204 
246 
208 
208 
220 
210 
206 
216 
246 
208 
208 
230 
212 
214 
244 
264 
210 
250 
206 
206 
208 
228 
234 
670 
206 
208 
250 
248 
208 
46 
46 
46 
44 
46 
44 
208 
206 
234 
246 
246 
208 
208 
244 
250 
254 
208 
208 
208 
214 
250 
208 
208 
212 
206 
210 
208 
682 
216 
206 
208 
234 
228 
208 
208 
634 
248 
248 
208 
210 
246 
206 
208 
206 
206 
248 
208 
250 
250 
208 
208 
44 
46 
46 
44 
46 
46 
48 
226 
208 
690 
210 
206 
210 
210 
206 
230 
208 
554 
242 
246 
248 
246 
206 
242 
210 
208 
206 
208 
232 
204 
202 
206 
246 
208 
286 
208 
204 
204 
246 
248 
248 
242 
502 
218 
244 
210 
212 
206 
204 
206 
660 
208 
244 
90 
44 
44 
46 
46 
44 
46 
44 
44 
210 
244 
208 
228 
246 
210 
208 
246 
206 
210 
210 
210 
208 
258 
248 
234 
206 
208 
206 
208 
228 
480 
206 
210 
208 
212 
244 
208 
218 
210 
248 
204 
212 
208 
268 
208 
206 
248 
208 
208 
210 
208 
206 
208 
206 
206 
46 
46 
46 
46 
46 
44 
46 
46 
50 
208 
204 
204 
204 
202 
210 
208 
208 
206 
232 
244 
246 
206 
210 
246 
246 
260 
208 
270 
206 
254 
210 
206 
212 
230 
248 
226 
210 
210 
208 
206 
260 
564 
206 
212 
206 
238 
230 
228 
230 
206 
250 
244 
206 
246 
248 
44 
44 
48 
48 
44 
44 
250 
206 
208 
214 
248 
472 
220 
248 
210 
246 
210 
206 
210 
316 
246 
248 
246 
208 
210 
230 
206 
570 
246 
230 
210 
244 
206 
204 
210 
212 
206 
218 
250 
246 
206 
204 
218 
248 
358 
250 
232 
204 
212 
208 
232 
46 
46 
44 
46 
46 
42 
46 
206 
208 
552 
208 
210 
208 
210 
250 
214 
206 
250 
248 
206 
250 
206 
218 
204 
226 
250 
344 
244 
206 
246 
246 
208 
210 
210 
394 
208 
210 
260 
246 
208 
492 
206 
486 
208 
208 
208 
208 
210 
204 
264 
208 
204 
228 
44 
44 
46 
46 
46 
46 
208 
206 
260 
208 
246 
246 
236 
206 
208 
210 
210 
246 
208 
246 
206 
248 
432 
208 
208 
210 
204 
210 
204 
208 
684 
248 
204 
230 
214 
246 
244 
208 
206 
206 
208 
264 
228 
256 
208 
210 
208 
370 
246 
248 
208 
208 
50 
48 
44 
48 
48 
44 
44 
44 
250 
208 
212 
210 
208 
208 
208 
228 
210 
212 
250 
206 
228 
208 
248 
210 
206 
230 
246 
236 
368 
214 
210 
210 
244 
208 
230 
210 
680 
208 
246 
248 
208 
206 
206 
248 
656 
242 
210 
206 
228 
208 
240 
206 
208 
208 
44 
46 
42 
46 
44 
44 
46 
44 
248 
204 
246 
244 
256 
204 
210 
498 
208 
266 
204 
248 
208 
218 
246 
632 
206 
206 
206 
204 
206 
218 
204 
256 
206 
210 
246 
208 
210 
208 
244 
244 
240 
204 
208 
228 
206 
230 
230 
248 
526 
250 
208 
250 
210 
246 
228 
44 
42 
44 
44 
246 
206 
210 
204 
202 
672 
232 
208 
208 
248 
250 
234 
214 
206 
246 
270 
246 
208 
206 
236 
204 
206 
320 
210 
206 
206 
206 
210 
230 
246 
424 
208 
248 
220 
248 
204 
224 
246 
692 
208 
206 
208 
238 
216 
206 
46 
48 
46 
46 
46 
248 
212 
248 
208 
206 
260 
206 
210 
208 
208 
232 
206 
206 
416 
208 
208 
206 
206 
206 
208 
226 
736 
242 
206 
208 
244 
208 
206 
206 
230 
244 
210 
250 
206 
206 
208 
240 
206 
266 
230 
208 
208 
204 
250 
210 
48 
46 
46 
46 
46 
46 
44 
228 
250 
846 
250 
208 
230 
210 
248 
210 
208 
210 
250 
208 
246 
230 
246 
246 
238 
228 
210 
248 
208 
208 
244 
214 
210 
206 
324 
208 
204 
246 
208 
226 
210 
210 
572 
220 
248 
248 
210 
250 
244 
204 
208 
210 
226 
46 
48 
48 
46 
48 
44 
206 
210 
250 
206 
248 
246 
208 
246 
450 
208 
246 
246 
210 
300 
2056 
3704 
206 
494 
258 
2332 
302 
206 
224 
206 
210 
206 
226 
208 
214 
248 
246 
204 
208 
210 
248 
248 
206 
242 
238 
246 
208 
560 
208 
204 
240 
206 
208 
208 
264 
440 
206 
44 
46 
46 
48 
46 
46 
214 
222 
248 
214 
208 
210 
208 
208 
236 
204 
206 
206 
208 
208 
248 
208 
208 
204 
256 
250 
260 
250 
250 
230 
256 
496 
204 
242 
208 
206 
204 
206 
248 
638 
208 
208 
208 
210 
218 
224 
210 
208 
236 
222 
208 
48 
46 
44 
44 
44 
250 
204 
208 
208 
208 
204 
228 
208 
208 
210 
208 
246 
208 
238 
206 
208 
576 
206 
228 
202 
208 
206 
238 
270 
208 
246 
210 
208 
206 
204 
246 
208 
208 
206 
246 
208 
264 
232 
208 
206 
248 
422 
206 
246 
206 
208 
48 
44 
46 
44 
44 
46 
246 
208 
240 
210 
206 
246 
212 
208 
206 
212 
216 
206 
266 
206 
246 
232 
246 
244 
248 
208 
228 
208 
460 
246 
246 
216 
216 
210 
204 
252 
448 
208 
228 
234 
210 
206 
208 
206 
218 
204 
210 
208 
246 
268 
246 
246 
44 
44 
44 
46 
46 
248 
248 
212 
248 
312 
208 
210 
246 
210 
244 
208 
250 
686 
212 
210 
248 
224 
248 
226 
210 
720 
210 
218 
242 
208 
208 
210 
246 
208 
206 
246 
208 
208 
208 
212 
208 
244 
486 
214 
246 
246 
216 
206 
206 
206 
412 
44 
46 
46 
46 
42 
46 
222 
208 
248 
236 
210 
218 
206 
204 
206 
210 
254 
244 
246 
248 
208 
228 
248 
210 
206 
206 
238 
216 
210 
210 
208 
202 
358 
204 
206 
210 
246 
248 
240 
256 
208 
204 
246 
246 
206 
230 
208 
208 
206 
206 
206 
230 
48 
46 
48 
46 
46 
46 
228 
210 
256 
210 
210 
230 
228 
672 
238 
268 
206 
268 
208 
208 
250 
574 
206 
246 
246 
246 
228 
210 
206 
206 
226 
206 
230 
246 
208 
208 
248 
238 
336 
248 
248 
250 
208 
226 
210 
208 
376 
272 
206 
248 
208 
46 
46 
44 
44 
44 
44 
206 
206 
204 
212 
210 
698 
228 
206 
206 
246 
248 
208 
250 
226 
210 
248 
250 
208 
210 
204 
206 
242 
232 
248 
244 
210 
210 
250 
206 
206 
666 
248 
210 
208 
206 
206 
216 
208 
668 
248 
248 
246 
230 
208 
248 
228 
204 
46 
48 
48 
44 
44 
46 
246 
206 
208 
204 
206 
242 
246 
208 
206 
210 
418 
212 
208 
248 
252 
244 
228 
210 
646 
246 
250 
208 
210 
210 
206 
270 
248 
208 
226 
210 
246 
214 
210 
206 
226 
314 
210 
246 
242 
246 
208 
210 
210 
346 
206 
246 
46 
46 
44 
46 
46 
46 
230 
204 
208 
218 
236 
208 
248 
206 
206 
210 
206 
208 
206 
206 
250 
248 
418 
248 
210 
270 
212 
206 
206 
208 
602 
208 
246 
250 
250 
212 
218 
208 
576 
242 
208 
206 
210 
302 
218 
210 
206 
208 
208 
244 
212 
220 
44 
46 
44 
44 
46 
244 
232 
204 
208 
0 
206 
262 
208 
208 
248 
206 
250 
202 
244 
454 
246 
232 
254 
210 
208 
204 
206 
206 
244 
242 
240 
208 
268 
208 
208 
206 
356 
240 
208 
208 
206 
244 
214 
240 
234 
208 
210 
208 
208 
208 
230 
48 
46 
44 
46 
44 
48 
228 
210 
246 
838 
248 
210 
246 
206 
208 
246 
206 
208 
208 
240 
250 
210 
204 
206 
208 
210 
262 
246 
208 
242 
248 
206 
206 
210 
714 
218 
246 
244 
210 
258 
212 
246 
208 
208 
232 
206 
208 
208 
244 
248 
208 
206 
210 
44 
44 
44 
46 
44 
44 
46 
230 
250 
206 
206 
208 
230 
206 
404 
230 
208 
218 
208 
204 
238 
244 
206 
222 
208 
250 
206 
228 
202 
250 
208 
212 
210 
206 
210 
208 
244 
248 
250 
208 
244 
226 
244 
208 
208 
212 
208 
494 
206 
236 
210 
210 
254 
44 
46 
44 
46 
208 
246 
208 
208 
212 
208 
206 
246 
208 
264 
208 
246 
210 
216 
208 
208 
210 
248 
246 
248 
210 
210 
208 
608 
208 
210 
238 
206 
206 
228 
248 
544 
206 
208 
246 
246 
230 
210 
248 
210 
272 
246 
230 
210 
208 
206 
44 
44 
46 
44 
44 
246 
206 
202 
250 
228 
244 
218 
230 
208 
242 
208 
228 
212 
658 
248 
246 
214 
206 
206 
204 
250 
206 
206 
246 
248 
210 
226 
208 
208 
244 
246 
206 
214 
204 
250 
246 
208 
208 
486 
246 
248 
204 
252 
212 
240 
232 
46 
46 
46 
46 
208 
246 
208 
208 
672 
248 
208 
204 
206 
212 
208 
210 
208 
210 
250 
224 
210 
244 
208 
210 
248 
402 
244 
226 
248 
208 
246 
214 
210 
656 
246 
246 
206 
224 
208 
204 
238 
638 
238 
240 
246 
204 
210 
208 
208 
204 
216 
44 
44 
46 
44 
46 
46 
208 
210 
206 
208 
208 
250 
204 
230 
242 
596 
210 
210 
242 
248 
246 
206 
248 
580 
206 
208 
216 
208 
208 
222 
246 
210 
206 
246 
206 
244 
206 
242 
238 
208 
208 
244 
208 
206 
240 
208 
238 
208 
320 
246 
210 
208 
44 
46 
44 
48 
46 
210 
210 
206 
202 
210 
228 
204 
210 
208 
208 
204 
208 
264 
216 
206 
246 
372 
208 
250 
208 
246 
204 
208 
206 
236 
216 
214 
208 
206 
234 
228 
246 
210 
208 
204 
248 
248 
210 
226 
210 
212 
244 
206 
208 
248 
250 
250 
46 
44 
46 
44 
48 
48 
210 
250 
208 
224 
208 
210 
212 
270 
248 
212 
208 
206 
606 
224 
226 
248 
206 
206 
208 
210 
618 
256 
234 
208 
210 
248 
244 
208 
210 
204 
248 
246 
238 
206 
212 
260 
246 
266 
246 
250 
208 
250 
206 
206 
246 
528 
46 
48 
44 
46 
46 
210 
248 
558 
250 
204 
214 
204 
686 
248 
218 
206 
238 
238 
246 
208 
210 
210 
248 
206 
316 
206 
208 
208 
216 
206 
244 
248 
430 
210 
258 
248 
248 
208 
224 
202 
642 
208 
204 
210 
208 
212 
208 
244 
208 
244 
48 
46 
44 
48 
46 
44 
208 
210 
246 
206 
208 
246 
592 
206 
206 
238 
246 
250 
206 
248 
246 
210 
208 
528 
206 
210 
250 
228 
208 
218 
210 
208 
208 
210 
238 
208 
206 
210 
210 
246 
222 
244 
210 
210 
208 
228 
206 
210 
588 
208 
266 
44 
44 
46 
44 
46 
44 
46 
208 
240 
204 
246 
208 
208 
206 
202 
244 
210 
226 
246 
208 
206 
244 
206 
206 
206 
246 
214 
226 
208 
246 
488 
206 
208 
230 
208 
232 
208 
248 
714 
244 
246 
206 
230 
208 
236 
206 
616 
218 
230 
204 
206 
206 
248 
44 
46 
46 
46 
44 
44 
240 
244 
210 
208 
212 
236 
208 
258 
208 
220 
224 
206 
674 
210 
210 
250 
204 
208 
204 
210 
206 
248 
232 
206 
208 
250 
228 
246 
262 
206 
244 
246 
246 
210 
264 
208 
218 
332 
242 
244 
250 
244 
208 
210 
210 
322 
50 
44 
44 
46 
44 
44 
46 
726 
228 
236 
246 
250 
214 
206 
210 
204 
204 
248 
206 
208 
228 
246 
244 
248 
210 
206 
208 
210 
216 
246 
230 
210 
252 
208 
204 
216 
224 
208 
208 
224 
210 
246 
224 
248 
208 
246 
212 
206 
208 
206 
210 
208 
208 
250 
46 
44 
44 
50 
46 
262 
210 
204 
254 
248 
204 
296 
248 
210 
250 
248 
220 
210 
248 
738 
230 
208 
208 
208 
248 
244 
208 
210 
206 
234 
210 
210 
234 
210 
210 
244 
254 
246 
210 
262 
248 
262 
252 
248 
204 
208 
206 
246 
208 
208 
110 
44 
46 
48 
42 
44 
208 
208 
226 
208 
210 
244 
204 
210 
212 
204 
250 
204 
210 
216 
250 
210 
250 
204 
206 
204 
248 
378 
206 
206 
206 
206 
204 
228 
212 
646 
208 
210 
208 
206 
206 
228 
208 
208 
206 
210 
206 
234 
252 
208 
212 
204 
44 
48 
50 
46 
44 
46 
214 
204 
210 
230 
210 
248 
210 
230 
224 
250 
326 
208 
248 
204 
212 
248 
210 
244 
548 
244 
210 
206 
206 
206 
230 
208 
204 
208 
250 
204 
206 
246 
216 
228 
202 
204 
244 
210 
252 
206 
242 
216 
208 
234 
210 
240 
210 
46 
44 
46 
46 
44 
44 
46 
208 
246 
210 
204 
248 
208 
210 
264 
206 
210 
206 
212 
250 
212 
248 
246 
244 
210 
254 
208 
264 
206 
476 
206 
230 
206 
244 
236 
226 
208 
454 
260 
250 
256 
246 
250 
218 
204 
846 
254 
210 
208 
218 
208 
208 
206 
46 
46 
46 
44 
46 
44 
44 
46 
46 
226 
208 
208 
208 
208 
248 
224 
250 
522 
214 
212 
206 
228 
242 
208 
212 
598 
244 
246 
210 
208 
210 
216 
248 
208 
214 
206 
210 
208 
206 
246 
206 
208 
210 
208 
248 
208 
208 
206 
216 
210 
734 
208 
216 
208 
202 
44 
46 
46 
46 
44 
42 
208 
206 
206 
208 
208 
248 
208 
206 
206 
204 
244 
208 
206 
246 
250 
246 
244 
236 
206 
206 
210 
206 
316 
210 
204 
210 
206 
248 
228 
210 
718 
204 
204 
216 
250 
220 
46 
44 
44 
44 
48 
204 
210 
206 
208 
244 
246 
246 
248 
208 
246 
222 
208 
234 
208 
530 
208 
206 
210 
210 
210 
206 
230 
712 
206 
206 
208 
224 
208 
212 
230 
244 
212 
224 
208 
246 
212 
208 
248 
208 
204 
210 
210 
204 
210 
208 
246 
46 
44 
46 
46 
46 
44 
208 
206 
248 
502 
206 
206 
246 
204 
212 
228 
238 
218 
204 
246 
248 
206 
210 
248 
244 
208 
242 
218 
208 
230 
232 
246 
248 
202 
330 
260 
212 
208 
208 
208 
228 
200 
490 
234 
208 
206 
244 
206 
226 
236 
676 
250 
206 
46 
44 
46 
48 
42 
46 
44 
252 
206 
206 
246 
246 
218 
210 
322 
214 
206 
248 
228 
210 
228 
208 
396 
210 
206 
206 
208 
230 
236 
248 
840 
248 
208 
208 
246 
250 
246 
244 
248 
216 
214 
206 
208 
232 
244 
206 
210 
440 
208 
208 
248 
212 
248 
228 
46 
46 
46 
46 
48 
204 
204 
206 
210 
534 
208 
248 
248 
206 
264 
206 
210 
210 
244 
246 
208 
206 
202 
204 
222 
238 
272 
208 
240 
214 
210 
208 
226 
206 
248 
246 
206 
210 
208 
206 
244 
248 
706 
210 
216 
212 
204 
206 
206 
210 
46 
44 
42 
44 
46 
208 
210 
206 
204 
206 
206 
226 
246 
208 
210 
212 
206 
278 
206 
248 
244 
248 
248 
206 
214 
204 
208 
208 
210 
250 
208 
228 
264 
204 
256 
248 
206 
208 
208 
220 
206 
244 
218 
204 
242 
206 
206 
206 
206 
246 
208 
46 
44 
46 
44 
46 
42 
216 
562 
240 
228 
208 
208 
234 
208 
210 
210 
242 
238 
206 
238 
248 
208 
230 
206 
212 
244 
206 
246 
206 
204 
226 
242 
280 
214 
210 
204 
204 
266 
208 
228 
388 
208 
208 
206 
242 
248 
226 
210 
638 
232 
246 
44 
46 
44 
46 
46 
48 
46 
206 
242 
212 
208 
216 
212 
208 
206 
214 
224 
208 
238 
248 
206 
250 
596 
210 
228 
206 
210 
252 
210 
248 
594 
208 
252 
208 
208 
208 
250 
242 
248 
206 
244 
232 
208 
248 
208 
230 
248 
208 
208 
208 
204 
210 
46 
44 
44 
48 
46 
44 
208 
246 
208 
228 
208 
728 
212 
208 
208 
206 
250 
240 
250 
702 
240 
218 
210 
226 
218 
206 
266 
208 
400 
206 
208 
222 
208 
210 
208 
224 
238 
242 
208 
234 
248 
206 
210 
204 
454 
242 
204 
206 
208 
210 
210 
206 
46 
46 
44 
46 
46 
44 
244 
208 
206 
208 
248 
210 
248 
226 
248 
246 
208 
440 
250 
204 
244 
208 
244 
206 
204 
398 
206 
208 
210 
216 
206 
230 
248 
598 
212 
206 
248 
246 
210 
214 
206 
210 
208 
206 
208 
210 
210 
248 
234 
214 
448 
248 
234 
44 
46 
46 
44 
44 
44 
44 
44 
204 
206 
240 
206 
246 
584 
206 
246 
206 
208 
206 
210 
208 
208 
250 
204 
210 
210 
210 
208 
252 
204 
208 
214 
232 
246 
208 
204 
210 
208 
466 
212 
210 
208 
210 
208 
208 
206 
208 
208 
210 
206 
206 
204 
242 
246 
246 
44 
44 
46 
44 
44 
244 
246 
244 
308 
206 
210 
270 
206 
242 
248 
246 
566 
206 
206 
244 
248 
206 
228 
210 
208 
204 
242 
218 
208 
248 
208 
212 
204 
204 
206 
250 
206 
258 
248 
230 
212 
210 
204 
210 
208 
206 
210 
248 
208 
506 
246 
44 
44 
44 
46 
44 
244 
456 
206 
248 
206 
210 
208 
208 
210 
646 
226 
206 
208 
232 
208 
208 
208 
206 
206 
250 
208 
210 
246 
248 
206 
236 
416 
208 
210 
210 
210 
208 
228 
208 
456 
212 
210 
248 
206 
230 
206 
208 
638 
250 
244 
204 
46 
48 
46 
48 
46 
48 
250 
206 
226 
260 
210 
210 
228 
444 
204 
246 
202 
214 
208 
208 
248 
378 
206 
228 
210 
246 
248 
206 
206 
598 
208 
208 
240 
236 
218 
246 
228 
232 
228 
246 
210 
208 
210 
244 
210 
246 
208 
210 
220 
204 
208 
44 
232 
42 
46 
46 
46 
204 
220 
208 
208 
228 
538 
208 
250 
248 
242 
214 
204 
252 
208 
258 
206 
228 
208 
208 
246 
248 
208 
360 
206 
210 
248 
206 
256 
204 
234 
518 
208 
246 
204 
208 
244 
208 
208 
652 
248 
206 
202 
236 
206 
226 
248 
210 
202 
44 
44 
46 
44 
46 
206 
208 
254 
248 
234 
204 
242 
248 
208 
208 
530 
208 
204 
226 
210 
208 
210 
248 
838 
202 
206 
246 
248 
204 
210 
246 
204 
206 
208 
208 
248 
248 
248 
204 
212 
210 
234 
250 
208 
206 
248 
208 
210 
208 
208 
206 
46 
46 
44 
44 
46 
404 
246 
232 
250 
254 
208 
224 
220 
728 
250 
248 
208 
208 
252 
246 
208 
206 
208 
206 
206 
208 
218 
246 
204 
210 
514 
246 
208 
248 
210 
210 
208 
248 
398 
234 
208 
248 
252 
208 
206 
206 
618 
206 
214 
210 
202 
46 
46 
44 
44 
44 
46 
44 
46 
248 
204 
204 
246 
200 
210 
220 
210 
210 
210 
206 
246 
318 
208 
250 
208 
248 
208 
206 
268 
684 
246 
246 
248 
246 
210 
206 
246 
208 
208 
208 
232 
210 
202 
248 
246 
216 
422 
248 
210 
210 
244 
208 
210 
206 
400 
44 
44 
46 
46 
44 
46 
44 
530 
208 
242 
214 
206 
208 
210 
210 
230 
204 
208 
240 
210 
248 
244 
208 
206 
210 
232 
210 
208 
252 
210 
204 
264 
448 
206 
248 
208 
202 
210 
218 
210 
456 
210 
246 
208 
248 
246 
208 
204 
660 
250 
208 
206 
248 
236 
44 
44 
46 
46 
44 
44 
44 
46 
44 
204 
206 
208 
236 
246 
208 
208 
208 
228 
226 
730 
208 
206 
230 
246 
246 
210 
206 
206 
210 
208 
206 
206 
250 
210 
206 
248 
208 
206 
204 
234 
206 
212 
206 
208 
356 
246 
246 
202 
210 
202 
210 
204 
852 
206 
46 
46 
48 
44 
44 
48 
44 
204 
208 
208 
230 
232 
250 
250 
228 
248 
250 
248 
208 
230 
208 
204 
206 
212 
206 
248 
246 
234 
210 
204 
206 
512 
208 
226 
260 
232 
206 
204 
204 
536 
208 
208 
210 
210 
234 
204 
226 
208 
246 
250 
208 
236 
244 
206 
44 
48 
46 
46 
46 
46 
246 
206 
206 
210 
646 
214 
208 
204 
206 
206 
206 
244 
552 
224 
206 
210 
224 
206 
228 
224 
204 
210 
204 
206 
206 
206 
210 
210 
206 
264 
210 
246 
230 
206 
210 
246 
248 
584 
240 
226 
252 
210 
206 
210 
206 
446 
46 
46 
46 
44 
44 
44 
208 
208 
210 
206 
210 
250 
248 
236 
226 
206 
290 
210 
206 
206 
248 
248 
228 
266 
420 
256 
212 
250 
208 
246 
230 
246 
480 
208 
248 
204 
248 
208 
236 
210 
650 
210 
228 
250 
208 
206 
690 
208 
250 
206 
208 
46 
44 
46 
44 
208 
208 
400 
224 
228 
238 
246 
208 
206 
250 
204 
206 
212 
206 
210 
210 
208 
216 
208 
208 
206 
208 
204 
204 
210 
246 
206 
210 
246 
206 
208 
248 
206 
228 
248 
204 
210 
210 
210 
204 
246 
208 
204 
618 
224 
44 
44 
42 
44 
48 
42 
46 
44 
46 
44 
246 
208 
212 
208 
250 
248 
206 
206 
216 
208 
210 
244 
212 
264 
244 
212 
246 
208 
250 
220 
226 
276 
210 
208 
248 
244 
206 
228 
210 
208 
202 
206 
204 
206 
248 
208 
248 
206 
206 
206 
210 
214 
206 
204 
248 
46 
46 
46 
46 
44 
48 
46 
246 
210 
580 
244 
208 
206 
230 
242 
208 
218 
438 
208 
248 
208 
246 
204 
204 
264 
208 
248 
208 
212 
246 
250 
208 
210 
246 
210 
206 
224 
244 
222 
246 
210 
248 
240 
208 
204 
208 
248 
248 
212 
206 
586 
206 
248 
44 
44 
46 
46 
44 
46 
234 
224 
208 
318 
250 
206 
224 
244 
244 
210 
210 
248 
228 
208 
246 
248 
378 
204 
210 
208 
206 
244 
208 
260 
406 
204 
208 
210 
206 
208 
208 
246 
628 
206 
248 
208 
206 
206 
248 
248 
208 
204 
204 
246 
206 
246 
48 
44 
44 
44 
46 
46 
208 
248 
244 
206 
206 
660 
206 
248 
246 
248 
242 
230 
206 
586 
206 
246 
250 
246 
206 
228 
208 
206 
230 
206 
208 
248 
206 
208 
266 
206 
250 
246 
248 
204 
208 
210 
230 
246 
442 
208 
226 
208 
246 
208 
228 
210 
44 
46 
42 
44 
44 
44 
46 
208 
218 
204 
248 
222 
212 
204 
208 
204 
206 
206 
246 
262 
208 
208 
246 
220 
250 
260 
244 
226 
216 
268 
208 
208 
230 
506 
216 
208 
206 
210 
206 
226 
244 
642 
220 
206 
210 
204 
244 
208 
210 
206 
308 
250 
208 
44 
46 
46 
44 
46 
44 
206 
208 
214 
212 
206 
206 
246 
578 
206 
208 
204 
206 
204 
204 
210 
206 
204 
214 
246 
208 
202 
208 
208 
216 
208 
206 
206 
204 
208 
206 
246 
248 
328 
216 
208 
248 
208 
246 
206 
208 
368 
208 
208 
206 
210 
206 
44 
44 
46 
44 
50 
246 
208 
242 
248 
206 
208 
224 
210 
240 
208 
212 
206 
204 
206 
210 
216 
246 
208 
210 
204 
206 
210 
372 
206 
206 
248 
254 
206 
208 
240 
538 
248 
248 
208 
246 
206 
206 
210 
256 
208 
206 
208 
204 
246 
246 
228 
44 
44 
48 
44 
44 
48 
208 
206 
208 
298 
208 
206 
228 
244 
250 
228 
248 
576 
234 
250 
248 
238 
248 
206 
206 
258 
248 
206 
226 
206 
210 
206 
210 
210 
204 
210 
206 
248 
238 
208 
244 
248 
306 
256 
230 
246 
230 
204 
204 
206 
462 
46 
46 
46 
46 
46 
44 
210 
206 
248 
208 
210 
208 
208 
216 
244 
258 
244 
214 
206 
208 
244 
208 
246 
208 
492 
206 
244 
250 
204 
206 
210 
204 
484 
208 
210 
210 
248 
204 
210 
250 
674 
212 
204 
230 
208 
204 
246 
206 
222 
212 
208 
204 
46 
48 
44 
48 
44 
348 
248 
246 
208 
216 
248 
210 
202 
442 
246 
216 
206 
208 
208 
230 
246 
620 
248 
248 
216 
206 
210 
244 
250 
204 
226 
212 
248 
206 
212 
246 
206 
206 
208 
246 
210 
208 
210 
208 
230 
204 
298 
248 
210 
266 
48 
44 
46 
44 
44 
44 
46 
248 
240 
204 
210 
210 
204 
248 
212 
218 
246 
246 
210 
248 
208 
212 
248 
206 
204 
206 
206 
204 
206 
488 
246 
204 
206 
246 
240 
208 
208 
632 
248 
270 
210 
248 
206 
244 
208 
206 
258 
244 
246 
208 
210 
248 
206 
238 
46 
46 
46 
46 
246 
214 
232 
206 
298 
228 
210 
206 
216 
246 
250 
206 
434 
206 
248 
248 
250 
246 
208 
242 
688 
218 
210 
246 
250 
208 
206 
214 
210 
210 
246 
208 
210 
246 
220 
206 
246 
360 
210 
206 
230 
246 
204 
230 
208 
46 
46 
44 
48 
44 
44 
48 
46 
210 
246 
246 
248 
212 
208 
208 
238 
206 
208 
206 
210 
206 
246 
206 
206 
262 
328 
204 
210 
206 
248 
208 
210 
248 
672 
208 
206 
214 
250 
244 
230 
210 
692 
250 
246 
216 
208 
212 
244 
238 
206 
210 
208 
208 
274 
0 
48 
44 
46 
42 
44 
46 
46 
208 
222 
224 
204 
368 
208 
210 
210 
208 
232 
208 
212 
530 
214 
250 
246 
208 
246 
206 
204 
208 
206 
206 
208 
264 
208 
210 
210 
208 
264 
206 
206 
204 
206 
206 
212 
246 
422 
204 
210 
206 
212 
206 
206 
236 
46 
50 
46 
46 
46 
210 
208 
206 
242 
250 
210 
208 
212 
210 
208 
248 
206 
296 
216 
208 
210 
208 
208 
246 
254 
456 
210 
206 
454 
210 
208 
206 
210 
512 
206 
246 
208 
210 
204 
228 
248 
210 
246 
204 
206 
208 
210 
246 
208 
206 
44 
46 
46 
46 
46 
44 
46 
210 
222 
248 
204 
212 
206 
208 
210 
208 
494 
212 
208 
208 
212 
252 
208 
232 
210 
242 
206 
238 
248 
210 
210 
212 
206 
260 
208 
210 
206 
246 
250 
206 
210 
208 
206 
208 
208 
206 
210 
228 
248 
548 
236 
206 
46 
44 
44 
46 
46 
44 
44 
46 
46 
246 
206 
218 
210 
208 
220 
212 
208 
206 
206 
208 
244 
248 
472 
244 
208 
210 
206 
206 
206 
220 
330 
206 
208 
208 
210 
208 
208 
250 
560 
236 
246 
246 
206 
222 
206 
250 
206 
208 
210 
208 
204 
210 
246 
250 
44 
46 
46 
250 
208 
208 
208 
212 
210 
448 
248 
208 
248 
248 
206 
210 
208 
530 
248 
206 
214 
210 
210 
210 
210 
208 
244 
244 
208 
206 
264 
206 
208 
248 
362 
248 
206 
242 
230 
204 
246 
210 
236 
210 
204 
238 
248 
208 
208 
246 
452 
246 
226 
202 
250 
282 
226 
246 
210 
230 
244 
248 
230 
242 
250 
248 
250 
274 
208 
244 
244 
248 
244 
246 
206 
230 
220 
254 
244 
236 
240 
228 
206 
410 
248 
248 
224 
252 
248 
226 
224 
634 
208 
246 
228 
258 
224 
226 
252 
214 
220 
228 
252 
260 
238 
252 
218 
254 
214 
212 
254 
250 
260 
238 
224 
256 
468 
222 
256 
256 
236 
244 
230 
212 
554 
294 
216 
234 
274 
222 
254 
228 
214 
230 
234 
246 
246 
246 
228 
246 
208 
244 
250 
250 
248 
242 
246 
228 
226 
300 
228 
248 
216 
250 
248 
230 
228 
554 
246 
246 
246 
244 
246 
252 
248 
248 
250 
250 
248 
248 
248 
246 
250 
250 
244 
248 
248 
246 
248 
252 
228 
228 
300 
240 
248 
248 
248 
230 
228 
242 
494 
246 
252 
248 
248 
246 
240 
208 
246 
250 
248 
246 
244 
248 
244 
248 
246 
246 
246 
246 
248 
248 
246 
248 
248 
234 
246 
246 
246 
250 
248 
228 
248 
430 
228 
248 
248 
248 
248 
226 
248 
666 
238 
250 
248 
244 
252 
246 
246 
228 
214 
248 
246 
248 
248 
246 
244 
248 
232 
208 
246 
248 
250 
250 
228 
250 
446 
226 
250 
246 
250 
248 
232 
250 
662 
208 
244 
250 
206 
224 
230 
244 
248 
242 
248 
246 
248 
252 
248 
246 
244 
248 
248 
248 
246 
248 
244 
226 
244 
346 
250 
248 
306 
302 
730 
324 
1010 
988 
376 
1018 
246 
244 
250 
244 
246 
246 
246 
248 
248 
250 
248 
248 
246 
250 
248 
246 
246 
248 
248 
248 
228 
246 
312 
250 
246 
248 
246 
250 
226 
250 
554 
246 
248 
248 
244 
246 
248 
250 
246 
246 
248 
246 
246 
248 
244 
244 
252 
248 
246 
248 
248 
246 
244 
228 
250 
282 
250 
244 
248 
246 
246 
230 
244 
528 
248 
248 
250 
250 
250 
250 
248 
246 
250 
246 
250 
248 
248 
248 
248 
246 
246 
248 
248 
246 
248 
250 
242 
244 
