# FR-trace starting at Wed Mar 10 14:46:46 2021
################# CONFIG #################
# slot=9000
# samples=5000
# threshold=100
# idle=500
# minlen=500
# runs=60000
# pdathreads=3
# nmonitored=1
#   monitor0=/usr/local/lib/libcrypto.so 770062 0xbc00e
# nevicted=0
# npdatargets=1
#   target0=/usr/local/lib/libcrypto.so 750148 0xb7244
# affinity=all
############## SYSTEM INFO ###############
# mastik_version=
# sysname=Linux
# nodename=05a3c7e5a789
# release=5.8.0-43-generic
# version=#49~20.04.1-Ubuntu SMP Fri Feb 5 09:57:56 UTC 2021
# machine=x86_64
################## DATA ##################
# run=1
# datapoints=4995
44 
248 
46 
44 
44 
44 
48 
44 
46 
46 
210 
208 
212 
206 
208 
242 
252 
246 
208 
348 
208 
208 
204 
210 
248 
226 
204 
406 
244 
236 
210 
226 
208 
228 
254 
208 
224 
248 
230 
206 
250 
208 
246 
208 
240 
206 
206 
206 
208 
206 
210 
206 
376 
210 
210 
204 
44 
42 
168 
46 
46 
44 
44 
46 
44 
250 
228 
234 
838 
256 
228 
250 
208 
214 
210 
256 
250 
208 
244 
212 
210 
206 
210 
210 
250 
450 
206 
208 
206 
208 
208 
226 
210 
690 
248 
206 
210 
206 
226 
208 
248 
570 
244 
210 
266 
238 
246 
214 
248 
246 
206 
46 
44 
44 
44 
44 
244 
204 
334 
210 
248 
236 
250 
246 
228 
216 
508 
210 
246 
206 
250 
206 
208 
208 
478 
246 
208 
206 
218 
246 
208 
246 
212 
204 
206 
212 
204 
206 
248 
246 
206 
208 
208 
236 
250 
208 
210 
246 
208 
232 
208 
210 
44 
44 
46 
44 
44 
46 
42 
246 
210 
266 
208 
226 
208 
208 
210 
206 
246 
216 
208 
230 
256 
214 
322 
206 
210 
206 
216 
206 
244 
206 
298 
206 
246 
248 
208 
270 
226 
206 
422 
206 
246 
210 
208 
204 
206 
210 
626 
208 
210 
206 
208 
206 
44 
44 
44 
46 
44 
44 
216 
244 
206 
246 
228 
460 
230 
206 
242 
206 
210 
206 
218 
550 
244 
206 
244 
206 
248 
230 
212 
658 
244 
246 
254 
208 
232 
254 
248 
206 
246 
210 
210 
210 
246 
212 
250 
228 
210 
248 
208 
222 
204 
236 
208 
248 
46 
44 
44 
46 
44 
46 
336 
280 
572 
208 
208 
248 
208 
206 
212 
248 
204 
252 
244 
210 
248 
270 
248 
244 
244 
206 
210 
208 
218 
208 
248 
208 
210 
250 
208 
206 
208 
206 
248 
208 
232 
530 
208 
230 
208 
206 
208 
210 
250 
208 
246 
206 
206 
208 
44 
44 
46 
46 
44 
42 
42 
46 
46 
48 
206 
206 
556 
246 
206 
210 
250 
216 
210 
216 
674 
208 
248 
204 
244 
206 
226 
246 
206 
210 
210 
226 
262 
208 
208 
204 
246 
248 
206 
246 
206 
208 
208 
206 
208 
206 
212 
208 
262 
246 
210 
208 
256 
692 
248 
44 
46 
44 
46 
44 
44 
46 
44 
44 
248 
208 
206 
226 
210 
206 
240 
212 
254 
250 
208 
228 
258 
252 
208 
206 
204 
206 
206 
208 
230 
248 
438 
206 
208 
206 
224 
248 
228 
222 
584 
248 
248 
250 
202 
206 
244 
208 
246 
208 
246 
208 
214 
248 
248 
210 
46 
46 
44 
46 
48 
246 
252 
210 
244 
480 
246 
206 
212 
258 
246 
210 
204 
206 
246 
204 
208 
208 
204 
214 
246 
212 
204 
210 
208 
252 
208 
208 
206 
212 
206 
244 
206 
248 
208 
248 
248 
208 
356 
248 
252 
246 
250 
206 
226 
246 
708 
46 
44 
48 
46 
46 
44 
44 
208 
248 
230 
208 
212 
244 
266 
208 
238 
208 
248 
270 
210 
208 
206 
248 
218 
240 
208 
206 
206 
204 
208 
228 
250 
474 
230 
214 
222 
206 
248 
206 
210 
224 
244 
206 
206 
208 
208 
250 
246 
226 
276 
206 
210 
212 
46 
44 
46 
48 
44 
254 
206 
218 
206 
230 
212 
206 
644 
208 
226 
206 
210 
206 
228 
244 
580 
246 
208 
244 
210 
246 
246 
210 
218 
212 
246 
208 
202 
246 
206 
246 
208 
206 
218 
250 
208 
204 
248 
206 
264 
638 
210 
206 
204 
206 
44 
44 
42 
44 
46 
44 
46 
46 
248 
238 
210 
206 
206 
248 
248 
210 
206 
208 
240 
250 
206 
206 
248 
230 
208 
208 
210 
206 
636 
246 
250 
206 
210 
248 
228 
266 
682 
246 
208 
246 
210 
204 
228 
208 
244 
244 
206 
228 
206 
208 
204 
210 
204 
328 
46 
46 
46 
48 
46 
44 
48 
562 
232 
208 
206 
204 
248 
206 
206 
650 
246 
246 
204 
216 
254 
224 
248 
208 
244 
204 
208 
240 
244 
206 
226 
246 
206 
244 
208 
246 
244 
248 
234 
208 
348 
214 
208 
248 
250 
206 
212 
244 
664 
204 
210 
210 
248 
46 
48 
46 
44 
210 
210 
208 
220 
248 
206 
226 
208 
314 
264 
272 
210 
222 
248 
206 
232 
316 
208 
208 
208 
210 
266 
210 
228 
368 
208 
208 
208 
204 
248 
226 
224 
836 
210 
248 
206 
206 
208 
208 
262 
248 
210 
206 
218 
250 
44 
46 
48 
44 
44 
46 
206 
204 
208 
208 
226 
208 
388 
208 
208 
264 
246 
208 
228 
208 
724 
254 
208 
206 
248 
206 
210 
252 
256 
244 
206 
204 
214 
206 
208 
206 
246 
206 
208 
208 
238 
208 
210 
224 
210 
624 
204 
206 
212 
208 
208 
206 
46 
44 
42 
46 
48 
44 
206 
210 
210 
250 
248 
206 
208 
212 
210 
228 
202 
208 
206 
256 
248 
248 
208 
208 
208 
202 
494 
208 
246 
204 
248 
248 
208 
246 
692 
218 
248 
220 
208 
252 
232 
228 
244 
208 
206 
204 
206 
210 
210 
210 
204 
320 
44 
48 
46 
46 
46 
44 
238 
374 
232 
246 
246 
222 
250 
206 
250 
468 
208 
208 
208 
226 
216 
240 
234 
206 
204 
246 
212 
212 
208 
210 
206 
208 
578 
246 
722 
0 
236 
214 
214 
236 
208 
210 
204 
210 
208 
248 
226 
242 
690 
206 
208 
46 
46 
40 
44 
44 
46 
44 
210 
250 
210 
210 
220 
204 
212 
208 
262 
208 
210 
206 
204 
252 
246 
208 
246 
210 
222 
248 
248 
206 
206 
490 
214 
208 
206 
204 
206 
204 
244 
208 
248 
216 
246 
208 
216 
236 
234 
246 
206 
208 
204 
208 
206 
248 
46 
44 
44 
46 
44 
246 
238 
208 
206 
246 
494 
206 
206 
206 
260 
206 
220 
210 
508 
254 
206 
220 
250 
208 
206 
232 
210 
244 
248 
206 
210 
220 
232 
242 
244 
406 
208 
246 
206 
204 
244 
208 
204 
436 
248 
204 
206 
206 
250 
210 
246 
44 
44 
46 
44 
46 
48 
218 
208 
250 
256 
208 
208 
208 
248 
208 
206 
210 
370 
210 
206 
246 
244 
218 
208 
208 
318 
210 
210 
246 
206 
230 
208 
204 
458 
250 
206 
248 
248 
208 
228 
236 
658 
246 
228 
212 
206 
208 
212 
236 
208 
210 
62 
48 
48 
46 
46 
46 
246 
210 
206 
206 
210 
206 
206 
204 
206 
208 
206 
206 
208 
246 
228 
222 
210 
636 
208 
248 
210 
230 
208 
244 
206 
206 
208 
254 
200 
244 
248 
248 
236 
214 
206 
206 
210 
210 
208 
238 
216 
208 
592 
246 
212 
248 
250 
46 
44 
44 
44 
48 
46 
44 
206 
232 
208 
204 
204 
248 
206 
208 
210 
208 
206 
204 
246 
282 
246 
248 
210 
204 
208 
210 
246 
336 
208 
244 
208 
212 
238 
210 
204 
210 
208 
250 
248 
210 
206 
208 
238 
206 
246 
210 
206 
206 
210 
218 
206 
210 
44 
44 
46 
44 
46 
46 
208 
210 
486 
250 
208 
202 
208 
210 
208 
246 
550 
206 
256 
250 
246 
208 
206 
212 
210 
250 
228 
208 
248 
208 
208 
248 
208 
208 
204 
208 
246 
210 
248 
238 
222 
528 
244 
204 
246 
210 
208 
210 
210 
462 
202 
248 
44 
44 
46 
46 
44 
234 
260 
210 
210 
244 
250 
228 
210 
250 
210 
208 
208 
208 
206 
210 
206 
246 
208 
206 
208 
248 
224 
250 
248 
248 
726 
208 
208 
244 
250 
248 
228 
210 
206 
208 
210 
230 
206 
210 
208 
248 
208 
224 
208 
206 
214 
248 
128 
44 
46 
46 
44 
44 
248 
230 
210 
236 
210 
392 
208 
244 
218 
208 
206 
208 
206 
644 
246 
210 
246 
208 
214 
218 
204 
204 
206 
250 
236 
264 
206 
248 
248 
216 
230 
204 
244 
232 
210 
208 
208 
204 
538 
204 
206 
210 
208 
206 
228 
246 
48 
46 
44 
44 
46 
44 
46 
248 
204 
246 
210 
254 
210 
208 
224 
228 
212 
242 
208 
246 
202 
252 
208 
210 
208 
520 
204 
208 
208 
210 
208 
206 
210 
518 
210 
208 
222 
246 
264 
214 
208 
212 
246 
238 
210 
248 
206 
204 
250 
254 
354 
250 
246 
46 
44 
46 
44 
46 
356 
250 
204 
204 
246 
248 
212 
208 
542 
244 
208 
248 
248 
248 
230 
204 
210 
248 
206 
210 
204 
208 
206 
206 
236 
208 
208 
210 
204 
204 
204 
246 
242 
432 
208 
228 
240 
202 
208 
226 
206 
402 
210 
206 
208 
218 
242 
44 
44 
44 
46 
46 
44 
206 
210 
206 
206 
248 
208 
220 
210 
250 
208 
244 
224 
204 
364 
234 
210 
212 
206 
228 
210 
250 
638 
208 
216 
234 
208 
266 
228 
248 
210 
246 
208 
206 
208 
246 
208 
210 
248 
204 
206 
204 
206 
228 
250 
248 
232 
48 
46 
44 
44 
44 
48 
46 
204 
592 
204 
218 
212 
208 
262 
208 
208 
708 
250 
260 
244 
206 
246 
244 
244 
210 
206 
246 
204 
206 
208 
210 
206 
248 
314 
208 
238 
208 
210 
210 
242 
206 
296 
248 
208 
206 
214 
230 
232 
248 
208 
210 
204 
246 
44 
46 
46 
44 
236 
230 
210 
208 
206 
208 
210 
248 
248 
210 
204 
208 
208 
206 
206 
210 
248 
216 
208 
246 
252 
208 
204 
210 
208 
438 
244 
208 
234 
260 
246 
208 
248 
648 
246 
248 
248 
206 
206 
248 
208 
210 
208 
248 
208 
206 
46 
44 
46 
46 
46 
246 
214 
256 
210 
246 
230 
210 
484 
206 
210 
220 
206 
250 
228 
206 
208 
230 
204 
206 
208 
208 
208 
244 
250 
302 
248 
206 
206 
232 
204 
248 
248 
284 
206 
216 
246 
210 
208 
212 
234 
730 
234 
240 
208 
206 
206 
224 
48 
46 
44 
44 
250 
210 
248 
204 
252 
250 
206 
206 
210 
218 
208 
246 
248 
226 
206 
210 
242 
208 
248 
216 
208 
206 
306 
210 
208 
246 
248 
220 
226 
208 
512 
206 
210 
228 
210 
210 
242 
210 
228 
246 
210 
248 
248 
208 
250 
208 
44 
44 
44 
44 
46 
48 
248 
228 
208 
268 
212 
208 
248 
208 
230 
208 
206 
836 
238 
208 
246 
204 
246 
208 
246 
206 
244 
248 
248 
208 
208 
210 
244 
212 
304 
204 
208 
246 
250 
208 
208 
208 
570 
206 
206 
236 
210 
208 
208 
210 
470 
206 
250 
46 
48 
46 
48 
46 
208 
206 
248 
208 
206 
208 
234 
206 
246 
334 
206 
210 
246 
208 
248 
208 
210 
244 
210 
208 
206 
210 
210 
210 
204 
584 
210 
208 
208 
264 
248 
208 
208 
678 
206 
232 
208 
222 
208 
210 
210 
240 
206 
206 
202 
44 
46 
44 
48 
44 
44 
46 
212 
244 
248 
208 
208 
206 
408 
206 
206 
210 
208 
246 
228 
206 
592 
208 
206 
250 
204 
206 
208 
210 
206 
212 
206 
246 
210 
208 
248 
250 
206 
208 
216 
252 
240 
250 
210 
206 
232 
620 
246 
206 
246 
210 
204 
232 
44 
44 
46 
46 
44 
44 
202 
208 
206 
246 
238 
208 
244 
256 
206 
238 
208 
206 
206 
208 
248 
204 
238 
234 
210 
206 
328 
208 
210 
210 
208 
248 
210 
246 
208 
208 
248 
206 
228 
210 
248 
208 
246 
230 
244 
208 
220 
206 
210 
206 
250 
284 
48 
46 
46 
44 
44 
206 
204 
434 
218 
220 
248 
208 
208 
212 
208 
440 
244 
210 
210 
208 
206 
208 
226 
206 
246 
244 
206 
212 
210 
250 
248 
208 
270 
206 
226 
254 
242 
208 
210 
246 
442 
208 
248 
204 
242 
258 
210 
248 
634 
208 
202 
246 
46 
46 
46 
48 
46 
46 
248 
204 
208 
234 
256 
206 
206 
208 
206 
220 
206 
242 
206 
212 
248 
208 
244 
226 
210 
224 
224 
206 
204 
440 
226 
208 
204 
212 
210 
224 
248 
210 
208 
246 
208 
210 
236 
206 
208 
210 
248 
248 
208 
248 
210 
46 
44 
44 
46 
44 
44 
44 
228 
210 
204 
240 
718 
212 
218 
218 
210 
206 
208 
246 
546 
208 
208 
208 
244 
250 
228 
216 
216 
252 
210 
208 
218 
244 
214 
212 
252 
206 
248 
248 
206 
206 
248 
248 
210 
290 
248 
242 
248 
244 
244 
228 
228 
666 
44 
44 
46 
44 
46 
48 
44 
206 
248 
206 
206 
206 
214 
252 
206 
204 
200 
208 
208 
232 
206 
208 
250 
254 
204 
210 
210 
208 
248 
210 
228 
206 
588 
238 
208 
230 
218 
246 
202 
212 
686 
244 
206 
208 
206 
208 
228 
250 
210 
210 
210 
204 
44 
44 
44 
46 
50 
234 
206 
208 
204 
206 
248 
206 
208 
666 
208 
208 
204 
248 
248 
230 
250 
208 
258 
230 
242 
206 
208 
216 
236 
210 
214 
206 
204 
212 
208 
252 
208 
246 
210 
244 
248 
250 
208 
210 
208 
208 
682 
212 
210 
204 
216 
44 
44 
46 
48 
46 
204 
248 
206 
208 
248 
204 
206 
208 
206 
216 
238 
248 
206 
210 
248 
236 
248 
212 
208 
210 
208 
222 
244 
600 
246 
206 
204 
260 
244 
230 
250 
538 
242 
268 
208 
210 
206 
212 
210 
210 
208 
248 
248 
206 
260 
208 
212 
44 
44 
46 
44 
46 
44 
210 
210 
246 
356 
210 
244 
206 
206 
262 
208 
210 
648 
206 
206 
248 
208 
210 
238 
206 
234 
212 
262 
208 
272 
210 
206 
204 
208 
238 
212 
252 
250 
248 
206 
208 
244 
318 
206 
208 
208 
206 
248 
204 
224 
458 
208 
46 
46 
46 
46 
44 
44 
208 
208 
214 
206 
208 
204 
206 
250 
210 
210 
208 
210 
208 
208 
208 
250 
242 
536 
246 
246 
246 
204 
206 
208 
208 
662 
248 
248 
206 
230 
250 
210 
206 
654 
208 
204 
206 
210 
230 
208 
246 
208 
214 
242 
210 
248 
46 
46 
44 
48 
46 
48 
46 
210 
206 
210 
230 
210 
386 
206 
222 
212 
250 
208 
204 
206 
560 
244 
246 
206 
206 
208 
244 
246 
202 
210 
242 
208 
248 
210 
208 
208 
256 
246 
242 
206 
210 
210 
206 
208 
228 
576 
230 
206 
220 
204 
206 
236 
214 
48 
46 
46 
46 
44 
206 
208 
216 
252 
244 
210 
248 
206 
206 
204 
204 
208 
302 
246 
226 
246 
206 
208 
208 
234 
670 
224 
204 
208 
208 
248 
210 
210 
540 
210 
246 
248 
250 
248 
232 
246 
208 
208 
206 
206 
230 
246 
230 
206 
202 
206 
44 
48 
46 
46 
46 
210 
248 
378 
208 
246 
240 
248 
248 
208 
208 
680 
246 
206 
208 
246 
208 
230 
210 
664 
204 
240 
248 
210 
204 
208 
206 
250 
206 
206 
248 
246 
208 
208 
208 
204 
368 
246 
250 
218 
228 
206 
206 
204 
658 
204 
248 
44 
44 
44 
46 
46 
206 
208 
204 
204 
206 
206 
208 
232 
230 
210 
242 
226 
246 
208 
246 
260 
204 
402 
208 
266 
208 
248 
248 
230 
206 
482 
206 
204 
206 
204 
208 
230 
244 
208 
206 
266 
216 
246 
210 
206 
206 
262 
206 
208 
210 
44 
44 
46 
44 
44 
48 
46 
44 
212 
204 
208 
234 
210 
614 
208 
210 
208 
210 
210 
210 
210 
588 
206 
246 
210 
206 
214 
206 
270 
250 
208 
206 
210 
208 
210 
206 
238 
206 
250 
204 
208 
206 
208 
208 
232 
208 
392 
202 
208 
210 
238 
210 
232 
248 
44 
46 
44 
44 
44 
44 
206 
210 
248 
246 
208 
206 
244 
206 
210 
206 
238 
208 
244 
264 
212 
250 
210 
206 
254 
482 
246 
206 
210 
224 
240 
204 
208 
660 
208 
208 
208 
208 
244 
210 
252 
208 
208 
208 
210 
224 
250 
246 
208 
206 
218 
212 
46 
46 
48 
44 
48 
44 
518 
208 
206 
210 
208 
248 
208 
206 
636 
208 
248 
248 
250 
218 
206 
242 
208 
208 
206 
208 
210 
208 
218 
210 
208 
206 
248 
244 
208 
206 
244 
210 
208 
208 
206 
246 
206 
218 
210 
204 
210 
708 
212 
218 
214 
258 
44 
42 
44 
46 
46 
44 
246 
250 
248 
214 
218 
248 
208 
248 
210 
208 
208 
248 
206 
248 
404 
216 
210 
208 
248 
244 
206 
206 
322 
208 
208 
244 
244 
206 
228 
206 
554 
208 
222 
248 
230 
206 
228 
232 
206 
248 
208 
244 
236 
206 
206 
208 
246 
44 
44 
46 
44 
46 
44 
238 
208 
626 
208 
256 
236 
208 
206 
226 
208 
834 
692 
248 
248 
208 
212 
258 
216 
208 
214 
222 
206 
250 
206 
232 
218 
210 
336 
206 
212 
206 
242 
206 
244 
208 
340 
252 
220 
224 
208 
248 
232 
206 
208 
206 
252 
210 
46 
46 
42 
44 
44 
44 
246 
240 
212 
206 
206 
218 
244 
210 
268 
208 
208 
206 
212 
210 
244 
378 
240 
210 
206 
220 
204 
230 
204 
668 
208 
226 
204 
254 
218 
228 
210 
664 
248 
204 
238 
208 
228 
250 
210 
206 
206 
208 
210 
234 
208 
220 
44 
46 
48 
46 
48 
44 
46 
210 
230 
250 
382 
208 
208 
250 
208 
252 
208 
206 
208 
206 
210 
204 
250 
246 
228 
246 
250 
208 
248 
214 
250 
250 
244 
258 
250 
398 
208 
206 
208 
244 
246 
204 
210 
322 
206 
204 
222 
246 
210 
228 
210 
206 
210 
44 
44 
46 
48 
44 
48 
50 
46 
218 
206 
210 
246 
250 
208 
210 
206 
206 
206 
212 
222 
246 
218 
248 
270 
208 
208 
206 
234 
206 
210 
210 
522 
222 
206 
214 
214 
248 
228 
252 
246 
244 
248 
214 
212 
248 
208 
206 
206 
204 
206 
208 
248 
206 
204 
44 
46 
44 
44 
46 
46 
244 
248 
206 
214 
212 
248 
248 
250 
208 
228 
214 
240 
210 
210 
210 
204 
242 
206 
250 
248 
206 
206 
210 
220 
212 
208 
208 
218 
206 
302 
204 
206 
208 
248 
248 
206 
208 
422 
206 
208 
208 
206 
208 
208 
244 
208 
48 
46 
44 
46 
46 
208 
248 
206 
204 
208 
208 
248 
230 
216 
208 
246 
220 
208 
208 
266 
208 
246 
228 
216 
368 
210 
206 
206 
246 
208 
226 
248 
718 
206 
268 
248 
208 
248 
226 
206 
206 
204 
250 
210 
218 
208 
246 
210 
242 
376 
208 
46 
46 
44 
46 
46 
206 
526 
204 
208 
208 
228 
228 
222 
248 
206 
238 
206 
202 
204 
216 
252 
214 
232 
246 
232 
214 
210 
210 
256 
210 
248 
254 
210 
246 
208 
210 
206 
208 
206 
300 
248 
248 
208 
250 
212 
230 
208 
618 
210 
212 
220 
248 
44 
46 
44 
44 
46 
238 
248 
208 
210 
214 
206 
208 
208 
206 
210 
210 
210 
204 
262 
208 
266 
230 
218 
248 
210 
210 
210 
212 
596 
208 
210 
210 
210 
246 
208 
206 
204 
250 
206 
216 
248 
208 
250 
208 
210 
208 
206 
250 
206 
208 
44 
46 
46 
44 
42 
206 
210 
204 
206 
210 
206 
440 
208 
206 
204 
248 
210 
208 
252 
640 
216 
208 
248 
236 
208 
218 
248 
244 
224 
206 
208 
246 
250 
230 
206 
210 
210 
208 
206 
210 
208 
228 
208 
208 
360 
206 
210 
208 
246 
208 
212 
266 
44 
44 
46 
46 
204 
240 
214 
208 
208 
226 
248 
208 
204 
206 
236 
250 
208 
206 
206 
208 
256 
208 
244 
230 
230 
334 
206 
210 
206 
204 
206 
208 
208 
210 
250 
206 
242 
248 
248 
252 
210 
210 
246 
208 
204 
208 
202 
206 
222 
248 
258 
44 
44 
50 
46 
44 
44 
206 
622 
206 
242 
208 
246 
210 
208 
250 
616 
246 
206 
210 
246 
246 
220 
246 
206 
242 
210 
208 
216 
206 
246 
206 
210 
208 
208 
208 
204 
206 
208 
252 
244 
458 
248 
246 
208 
204 
248 
206 
248 
614 
250 
248 
246 
48 
46 
44 
44 
48 
48 
44 
208 
264 
208 
208 
206 
240 
206 
242 
210 
248 
208 
244 
226 
210 
224 
206 
246 
264 
228 
204 
208 
262 
532 
244 
208 
206 
242 
206 
228 
228 
670 
210 
210 
216 
234 
224 
214 
210 
228 
204 
204 
204 
238 
206 
212 
44 
44 
46 
46 
44 
48 
44 
46 
46 
206 
396 
258 
246 
206 
204 
208 
210 
248 
204 
208 
210 
220 
248 
202 
244 
226 
208 
210 
206 
230 
224 
208 
224 
206 
248 
262 
208 
248 
248 
248 
228 
228 
214 
360 
208 
206 
226 
242 
210 
208 
266 
556 
210 
206 
48 
44 
44 
46 
46 
44 
44 
208 
246 
248 
238 
264 
208 
268 
216 
206 
248 
250 
206 
212 
208 
244 
614 
206 
204 
246 
216 
206 
230 
210 
604 
274 
218 
206 
208 
210 
234 
248 
226 
208 
210 
206 
208 
244 
246 
244 
210 
382 
246 
210 
206 
250 
206 
44 
46 
44 
48 
46 
48 
240 
248 
206 
248 
468 
212 
208 
226 
212 
248 
220 
212 
206 
248 
208 
246 
206 
248 
248 
224 
210 
206 
210 
248 
210 
240 
208 
240 
228 
222 
246 
248 
208 
216 
210 
208 
232 
438 
208 
256 
248 
216 
250 
228 
210 
206 
44 
46 
46 
46 
44 
206 
208 
206 
208 
244 
208 
250 
208 
206 
216 
246 
208 
208 
248 
248 
258 
208 
210 
204 
340 
208 
210 
212 
206 
210 
208 
206 
604 
206 
244 
246 
210 
216 
202 
244 
204 
210 
208 
208 
206 
244 
208 
262 
208 
208 
246 
46 
46 
44 
44 
46 
252 
540 
206 
250 
206 
232 
206 
214 
208 
662 
228 
208 
208 
208 
208 
210 
244 
264 
206 
256 
248 
210 
208 
216 
210 
204 
206 
248 
246 
250 
248 
246 
208 
206 
300 
204 
208 
248 
212 
206 
226 
206 
526 
246 
208 
204 
46 
44 
46 
46 
44 
46 
44 
46 
46 
206 
206 
248 
206 
206 
218 
204 
212 
248 
206 
206 
246 
220 
206 
206 
208 
206 
208 
206 
272 
482 
214 
248 
228 
208 
248 
232 
212 
206 
208 
248 
248 
230 
228 
232 
214 
246 
210 
250 
250 
226 
218 
242 
206 
248 
228 
44 
46 
46 
46 
44 
46 
202 
696 
204 
208 
208 
242 
206 
214 
210 
836 
246 
208 
206 
216 
206 
204 
248 
208 
244 
204 
228 
204 
210 
206 
260 
228 
204 
210 
210 
204 
208 
232 
210 
246 
506 
214 
328 
248 
246 
246 
210 
246 
722 
208 
206 
210 
246 
208 
48 
46 
48 
44 
48 
46 
44 
216 
216 
210 
208 
294 
206 
206 
226 
246 
248 
210 
208 
414 
210 
250 
208 
236 
208 
226 
248 
632 
208 
206 
208 
208 
206 
244 
208 
210 
208 
246 
226 
206 
246 
258 
246 
206 
208 
242 
208 
244 
208 
204 
206 
208 
46 
44 
46 
46 
48 
46 
208 
228 
204 
208 
242 
208 
208 
206 
242 
246 
208 
208 
204 
208 
248 
248 
206 
252 
242 
204 
246 
210 
268 
208 
210 
218 
210 
454 
244 
248 
248 
208 
240 
206 
246 
660 
248 
204 
204 
208 
246 
208 
208 
216 
206 
206 
44 
50 
82 
46 
46 
48 
208 
204 
206 
236 
208 
206 
228 
268 
222 
206 
206 
206 
210 
258 
230 
250 
534 
208 
210 
206 
248 
212 
210 
248 
210 
212 
236 
246 
208 
246 
206 
204 
212 
206 
208 
248 
226 
218 
210 
234 
208 
208 
244 
246 
250 
44 
44 
44 
46 
46 
50 
44 
206 
208 
248 
206 
238 
620 
206 
208 
208 
206 
248 
208 
208 
208 
210 
250 
258 
210 
202 
208 
210 
208 
428 
248 
206 
242 
246 
206 
210 
204 
350 
206 
218 
220 
210 
206 
212 
228 
576 
214 
218 
206 
244 
246 
248 
246 
230 
42 
44 
46 
48 
242 
210 
248 
210 
206 
248 
248 
208 
208 
208 
228 
208 
398 
208 
208 
206 
246 
208 
204 
244 
500 
206 
246 
208 
208 
218 
242 
212 
236 
206 
208 
208 
246 
208 
206 
208 
228 
208 
208 
250 
208 
248 
214 
210 
208 
44 
46 
44 
46 
44 
44 
208 
208 
644 
208 
244 
208 
206 
202 
248 
246 
208 
204 
248 
208 
248 
248 
206 
212 
246 
206 
208 
252 
208 
206 
210 
208 
208 
530 
206 
206 
250 
206 
208 
228 
226 
700 
208 
248 
208 
248 
208 
212 
250 
206 
228 
246 
44 
44 
46 
46 
42 
246 
278 
206 
206 
248 
208 
208 
206 
204 
438 
262 
248 
208 
206 
204 
216 
204 
572 
206 
250 
208 
206 
210 
230 
208 
210 
248 
208 
210 
206 
246 
264 
206 
204 
208 
206 
218 
246 
206 
250 
206 
250 
206 
214 
204 
210 
246 
46 
46 
44 
46 
44 
204 
208 
236 
252 
222 
238 
562 
206 
206 
252 
248 
208 
206 
250 
246 
726 
206 
248 
206 
208 
202 
208 
248 
208 
262 
208 
220 
206 
206 
228 
248 
488 
246 
206 
246 
206 
246 
200 
206 
546 
266 
214 
208 
248 
206 
230 
244 
92 
44 
46 
46 
44 
46 
204 
252 
206 
210 
266 
206 
206 
216 
244 
206 
228 
610 
208 
208 
246 
242 
244 
212 
250 
690 
232 
206 
208 
210 
240 
226 
262 
206 
208 
208 
206 
206 
206 
252 
248 
244 
212 
208 
248 
226 
248 
208 
226 
210 
218 
44 
44 
44 
44 
46 
1014 
252 
1362 
486 
206 
2162 
1990 
862 
2312 
204 
632 
208 
248 
246 
208 
210 
242 
208 
244 
224 
246 
206 
210 
210 
204 
224 
204 
490 
262 
212 
248 
206 
212 
206 
246 
576 
244 
206 
204 
204 
248 
226 
246 
836 
230 
230 
204 
248 
250 
206 
236 
208 
44 
46 
44 
44 
46 
44 
46 
210 
362 
208 
244 
208 
210 
228 
206 
208 
370 
208 
210 
214 
210 
250 
210 
244 
732 
206 
248 
208 
248 
246 
208 
206 
208 
246 
208 
206 
240 
244 
254 
210 
246 
232 
250 
208 
208 
250 
250 
210 
208 
394 
204 
248 
210 
44 
44 
44 
46 
44 
46 
44 
248 
208 
208 
226 
202 
246 
210 
206 
208 
208 
206 
208 
206 
208 
208 
210 
204 
208 
240 
210 
270 
230 
256 
272 
208 
208 
246 
210 
206 
230 
208 
224 
210 
248 
238 
208 
210 
210 
240 
248 
248 
206 
230 
208 
210 
208 
230 
44 
44 
46 
46 
46 
46 
208 
246 
216 
208 
206 
250 
210 
208 
224 
246 
484 
212 
260 
208 
246 
206 
210 
246 
656 
206 
246 
208 
208 
246 
206 
212 
206 
238 
208 
204 
248 
244 
246 
244 
244 
360 
204 
246 
204 
206 
208 
210 
208 
394 
206 
46 
44 
276 
58 
44 
44 
50 
246 
212 
208 
262 
232 
208 
210 
210 
230 
210 
216 
242 
240 
250 
206 
208 
394 
248 
206 
210 
210 
244 
228 
204 
608 
204 
210 
250 
208 
208 
224 
248 
624 
234 
206 
204 
206 
246 
248 
244 
246 
206 
210 
206 
210 
46 
44 
46 
46 
46 
46 
46 
44 
46 
212 
208 
204 
498 
246 
208 
208 
210 
208 
208 
208 
628 
208 
248 
244 
248 
208 
206 
208 
214 
244 
214 
204 
206 
258 
208 
204 
246 
320 
248 
268 
208 
206 
206 
216 
210 
514 
206 
210 
206 
208 
210 
206 
242 
540 
44 
44 
216 
208 
246 
222 
212 
248 
248 
208 
246 
208 
248 
206 
228 
248 
206 
208 
216 
210 
250 
248 
264 
240 
210 
246 
210 
208 
250 
208 
210 
246 
418 
206 
248 
206 
232 
244 
226 
204 
206 
230 
204 
208 
232 
208 
208 
210 
246 
206 
248 
246 
254 
232 
230 
250 
246 
592 
230 
230 
228 
226 
248 
228 
228 
376 
246 
248 
248 
250 
206 
226 
210 
610 
250 
248 
210 
224 
210 
204 
248 
248 
246 
244 
212 
248 
244 
248 
240 
248 
248 
226 
246 
248 
230 
230 
210 
206 
352 
246 
226 
208 
204 
238 
230 
246 
552 
374 
206 
220 
252 
228 
210 
206 
244 
208 
248 
246 
250 
250 
320 
216 
252 
206 
248 
228 
248 
210 
246 
210 
250 
684 
250 
262 
216 
236 
254 
232 
208 
446 
222 
218 
258 
256 
254 
230 
252 
234 
216 
270 
236 
250 
216 
204 
248 
250 
234 
252 
242 
252 
246 
254 
226 
252 
244 
226 
250 
254 
232 
254 
220 
250 
448 
244 
256 
254 
244 
250 
218 
248 
710 
250 
258 
254 
252 
254 
224 
256 
250 
246 
256 
252 
258 
260 
274 
236 
258 
256 
248 
258 
254 
208 
234 
242 
230 
408 
216 
254 
230 
226 
254 
232 
262 
600 
248 
258 
252 
256 
254 
256 
254 
260 
260 
262 
258 
248 
256 
258 
262 
256 
256 
268 
258 
254 
260 
252 
242 
248 
360 
256 
220 
316 
248 
244 
228 
248 
606 
246 
244 
246 
248 
248 
252 
232 
250 
244 
246 
248 
248 
248 
250 
252 
248 
248 
244 
244 
246 
244 
250 
228 
244 
334 
246 
250 
248 
248 
246 
226 
220 
558 
246 
248 
246 
246 
248 
244 
250 
246 
250 
246 
250 
248 
242 
248 
246 
246 
248 
248 
230 
248 
246 
250 
226 
248 
250 
248 
248 
248 
248 
248 
226 
252 
494 
246 
254 
246 
250 
246 
230 
244 
248 
246 
246 
246 
246 
246 
248 
250 
246 
248 
248 
244 
246 
250 
248 
246 
246 
256 
246 
252 
246 
248 
226 
230 
248 
494 
248 
246 
244 
250 
246 
228 
248 
698 
250 
248 
244 
244 
246 
252 
248 
244 
248 
250 
248 
252 
250 
246 
250 
242 
250 
246 
252 
246 
248 
248 
226 
244 
404 
244 
246 
248 
246 
248 
228 
246 
622 
248 
248 
246 
248 
254 
248 
246 
246 
248 
224 
232 
246 
246 
248 
244 
246 
248 
248 
244 
250 
248 
248 
232 
250 
386 
246 
244 
246 
246 
248 
230 
248 
622 
246 
246 
248 
248 
248 
246 
248 
248 
244 
246 
244 
250 
246 
250 
246 
248 
250 
248 
246 
248 
248 
250 
224 
248 
342 
246 
248 
250 
244 
248 
226 
248 
558 
246 
248 
246 
248 
248 
246 
248 
246 
246 
250 
244 
248 
248 
246 
250 
248 
246 
248 
246 
248 
250 
246 
226 
248 
270 
246 
250 
250 
248 
250 
226 
248 
506 
246 
246 
246 
248 
246 
228 
246 
250 
248 
248 
244 
246 
248 
246 
246 
248 
