# FR-trace starting at Wed Mar 10 14:47:10 2021
################# CONFIG #################
# slot=9000
# samples=5000
# threshold=100
# idle=500
# minlen=500
# runs=60000
# pdathreads=3
# nmonitored=1
#   monitor0=/usr/local/lib/libcrypto.so 770062 0xbc00e
# nevicted=0
# npdatargets=1
#   target0=/usr/local/lib/libcrypto.so 750148 0xb7244
# affinity=all
############## SYSTEM INFO ###############
# mastik_version=
# sysname=Linux
# nodename=05a3c7e5a789
# release=5.8.0-43-generic
# version=#49~20.04.1-Ubuntu SMP Fri Feb 5 09:57:56 UTC 2021
# machine=x86_64
################## DATA ##################
# run=1
# datapoints=5000
46 
246 
250 
240 
248 
204 
206 
216 
206 
374 
206 
258 
246 
204 
208 
208 
246 
586 
248 
44 
44 
46 
46 
46 
46 
238 
208 
208 
208 
206 
208 
206 
210 
250 
206 
218 
208 
246 
210 
46 
46 
210 
354 
208 
246 
210 
242 
218 
208 
244 
562 
206 
204 
210 
248 
208 
214 
208 
228 
208 
204 
204 
206 
206 
216 
210 
210 
208 
206 
210 
210 
46 
46 
48 
44 
46 
44 
46 
48 
222 
210 
210 
230 
576 
210 
210 
210 
210 
208 
218 
232 
226 
246 
246 
248 
206 
208 
250 
236 
248 
210 
208 
206 
246 
228 
270 
208 
250 
520 
246 
248 
210 
206 
208 
224 
206 
206 
208 
232 
208 
210 
206 
210 
246 
208 
208 
46 
44 
46 
46 
44 
46 
46 
46 
46 
206 
246 
234 
206 
210 
250 
216 
248 
236 
206 
204 
206 
226 
248 
208 
244 
686 
204 
210 
228 
226 
208 
836 
262 
210 
216 
208 
232 
208 
204 
208 
244 
264 
244 
208 
242 
208 
204 
218 
322 
226 
208 
206 
248 
208 
230 
208 
46 
44 
46 
46 
44 
44 
44 
42 
208 
208 
248 
210 
208 
212 
208 
206 
210 
208 
210 
208 
244 
226 
208 
238 
230 
210 
210 
206 
248 
208 
208 
212 
210 
282 
210 
210 
252 
210 
246 
208 
206 
702 
206 
208 
210 
208 
210 
230 
210 
2372 
646 
2154 
1778 
342 
1280 
4996 
206 
212 
360 
44 
46 
46 
44 
46 
46 
206 
330 
210 
242 
236 
206 
240 
230 
206 
524 
242 
218 
236 
248 
210 
206 
210 
206 
208 
210 
246 
208 
230 
212 
242 
202 
216 
208 
228 
206 
246 
208 
248 
206 
420 
210 
244 
248 
206 
204 
228 
214 
208 
208 
208 
208 
44 
42 
44 
44 
46 
50 
246 
266 
236 
206 
208 
208 
210 
218 
250 
206 
208 
230 
250 
252 
250 
390 
246 
208 
202 
210 
210 
206 
212 
444 
208 
206 
210 
252 
220 
224 
252 
628 
250 
248 
208 
212 
212 
208 
206 
206 
204 
208 
204 
204 
244 
290 
44 
44 
182 
46 
46 
256 
266 
246 
208 
208 
648 
208 
206 
204 
206 
228 
228 
216 
598 
210 
210 
210 
210 
248 
218 
222 
204 
224 
218 
206 
230 
206 
242 
266 
208 
206 
234 
208 
206 
232 
214 
238 
250 
308 
208 
206 
202 
262 
246 
226 
244 
44 
44 
44 
46 
44 
44 
46 
228 
234 
206 
244 
250 
210 
210 
210 
208 
246 
220 
210 
204 
246 
246 
246 
210 
244 
416 
248 
248 
210 
208 
208 
224 
208 
528 
204 
204 
254 
214 
208 
210 
242 
248 
246 
414 
212 
214 
270 
250 
228 
244 
208 
206 
248 
46 
46 
46 
46 
44 
48 
44 
46 
44 
248 
208 
210 
222 
558 
208 
228 
210 
248 
208 
202 
226 
208 
210 
248 
206 
204 
206 
208 
214 
238 
312 
246 
208 
210 
252 
210 
208 
210 
440 
248 
208 
212 
204 
210 
208 
234 
208 
202 
204 
226 
248 
208 
206 
206 
688 
46 
48 
44 
44 
46 
44 
46 
46 
44 
46 
250 
206 
222 
206 
228 
208 
312 
210 
226 
206 
206 
208 
214 
210 
348 
248 
268 
210 
208 
212 
208 
208 
208 
208 
208 
248 
210 
206 
204 
210 
210 
212 
204 
208 
210 
208 
208 
248 
214 
358 
230 
210 
210 
210 
206 
228 
284 
348 
108 
46 
44 
246 
244 
228 
208 
602 
210 
242 
206 
250 
246 
210 
210 
208 
208 
232 
248 
206 
208 
208 
248 
246 
362 
204 
246 
206 
224 
210 
212 
210 
470 
206 
244 
208 
250 
246 
238 
210 
668 
206 
206 
246 
208 
266 
214 
250 
206 
250 
46 
46 
42 
46 
46 
46 
220 
282 
210 
238 
248 
244 
248 
246 
248 
354 
226 
248 
216 
206 
204 
226 
244 
208 
208 
246 
210 
204 
248 
212 
208 
634 
208 
252 
262 
208 
246 
248 
208 
206 
206 
208 
206 
206 
210 
208 
208 
250 
414 
248 
228 
248 
44 
44 
44 
44 
46 
44 
206 
208 
212 
248 
226 
228 
208 
250 
206 
206 
206 
210 
244 
202 
244 
210 
232 
220 
208 
208 
248 
208 
264 
272 
206 
248 
208 
248 
228 
210 
248 
358 
208 
214 
208 
250 
258 
210 
206 
206 
248 
206 
250 
216 
204 
230 
44 
44 
44 
44 
42 
44 
46 
206 
244 
206 
408 
270 
246 
206 
246 
208 
206 
206 
344 
208 
228 
244 
210 
230 
210 
210 
698 
242 
222 
208 
248 
210 
228 
208 
216 
208 
206 
248 
206 
210 
228 
246 
266 
206 
210 
230 
208 
248 
210 
206 
248 
288 
46 
46 
44 
44 
44 
46 
50 
46 
246 
210 
216 
204 
208 
206 
204 
250 
210 
244 
206 
210 
256 
246 
242 
246 
210 
208 
246 
208 
246 
212 
246 
256 
502 
206 
212 
208 
206 
248 
206 
218 
634 
206 
208 
204 
244 
252 
226 
246 
208 
208 
206 
246 
244 
204 
208 
44 
44 
46 
44 
246 
206 
206 
210 
244 
248 
208 
246 
204 
228 
230 
208 
228 
210 
634 
206 
234 
206 
206 
210 
210 
210 
718 
246 
256 
228 
248 
212 
206 
210 
208 
206 
210 
206 
204 
206 
230 
264 
208 
216 
226 
208 
204 
208 
238 
220 
44 
46 
48 
46 
46 
206 
210 
206 
206 
574 
212 
244 
210 
210 
210 
204 
264 
210 
248 
250 
208 
250 
204 
210 
246 
206 
226 
218 
204 
206 
206 
204 
228 
230 
342 
210 
248 
208 
204 
210 
208 
248 
664 
228 
210 
212 
206 
204 
208 
212 
44 
46 
44 
44 
48 
46 
46 
248 
206 
342 
210 
206 
208 
208 
204 
228 
206 
316 
214 
230 
210 
248 
250 
206 
226 
612 
250 
248 
206 
204 
236 
224 
206 
250 
246 
210 
208 
228 
228 
248 
208 
210 
208 
208 
206 
248 
230 
246 
210 
246 
210 
248 
246 
210 
44 
46 
42 
44 
44 
44 
242 
244 
208 
224 
238 
206 
686 
210 
208 
208 
208 
238 
208 
206 
228 
292 
204 
204 
206 
214 
250 
208 
208 
436 
208 
204 
244 
244 
208 
206 
210 
444 
208 
246 
248 
204 
206 
242 
210 
618 
224 
208 
206 
206 
206 
210 
44 
46 
44 
44 
44 
44 
46 
206 
210 
206 
356 
218 
250 
264 
208 
206 
202 
208 
358 
206 
206 
206 
204 
206 
228 
232 
578 
210 
260 
202 
250 
208 
208 
208 
206 
206 
206 
222 
228 
246 
208 
216 
210 
356 
248 
244 
208 
210 
208 
226 
244 
336 
44 
46 
42 
44 
44 
46 
244 
678 
246 
242 
248 
250 
238 
274 
216 
208 
210 
208 
212 
246 
212 
208 
212 
266 
206 
246 
208 
228 
242 
218 
242 
210 
572 
246 
210 
246 
248 
208 
208 
210 
492 
206 
206 
246 
210 
210 
228 
246 
254 
204 
208 
210 
44 
44 
44 
46 
46 
44 
46 
234 
204 
212 
208 
210 
210 
512 
208 
210 
210 
208 
250 
210 
208 
212 
208 
210 
208 
206 
208 
208 
248 
714 
208 
248 
206 
224 
208 
246 
208 
248 
320 
210 
206 
208 
212 
208 
210 
250 
206 
210 
208 
206 
210 
246 
208 
44 
48 
48 
46 
44 
46 
248 
208 
244 
208 
248 
208 
248 
208 
242 
214 
208 
244 
242 
206 
250 
210 
236 
208 
220 
250 
218 
208 
252 
208 
246 
242 
210 
204 
554 
208 
208 
206 
206 
204 
208 
208 
692 
208 
206 
242 
204 
204 
204 
206 
208 
244 
44 
46 
48 
46 
46 
46 
248 
284 
212 
242 
246 
206 
208 
206 
268 
614 
208 
246 
208 
224 
248 
210 
240 
208 
208 
216 
206 
206 
248 
248 
208 
220 
206 
210 
208 
218 
246 
250 
208 
250 
454 
208 
208 
210 
206 
246 
230 
250 
620 
208 
208 
210 
44 
44 
48 
44 
44 
206 
248 
250 
248 
242 
242 
236 
736 
210 
246 
208 
210 
234 
250 
246 
210 
364 
248 
248 
250 
224 
270 
208 
246 
238 
208 
226 
210 
250 
214 
206 
210 
546 
208 
204 
208 
230 
250 
206 
208 
210 
232 
222 
210 
206 
206 
46 
46 
46 
44 
44 
44 
210 
206 
208 
226 
228 
208 
268 
244 
246 
210 
210 
230 
206 
714 
208 
206 
206 
204 
248 
212 
206 
204 
246 
206 
216 
246 
250 
216 
206 
212 
248 
210 
210 
208 
246 
206 
248 
248 
216 
252 
216 
204 
208 
228 
208 
244 
44 
46 
46 
176 
44 
44 
208 
208 
206 
208 
228 
248 
206 
204 
248 
210 
210 
244 
244 
204 
230 
206 
208 
210 
248 
210 
246 
212 
248 
208 
246 
208 
238 
378 
206 
246 
246 
206 
248 
206 
210 
206 
228 
246 
206 
250 
204 
206 
248 
246 
206 
208 
42 
48 
54 
174 
44 
46 
372 
202 
244 
230 
210 
208 
208 
212 
424 
206 
210 
248 
246 
244 
228 
210 
524 
208 
206 
206 
208 
214 
264 
208 
204 
248 
216 
224 
230 
240 
204 
210 
206 
206 
250 
256 
208 
230 
206 
208 
206 
350 
212 
206 
208 
208 
46 
46 
46 
44 
46 
208 
210 
210 
0 
228 
232 
678 
270 
206 
210 
206 
220 
210 
248 
242 
7178 
262 
204 
246 
244 
248 
244 
256 
444 
206 
248 
208 
206 
246 
226 
246 
422 
208 
240 
244 
264 
210 
206 
226 
210 
210 
208 
206 
250 
238 
206 
46 
44 
44 
46 
46 
250 
206 
206 
250 
266 
208 
244 
252 
208 
208 
242 
208 
206 
446 
206 
248 
206 
206 
204 
208 
208 
208 
264 
248 
208 
206 
204 
208 
248 
206 
208 
250 
208 
204 
208 
224 
248 
208 
410 
206 
206 
250 
246 
210 
226 
210 
610 
42 
46 
44 
46 
44 
44 
246 
576 
208 
264 
246 
208 
208 
204 
220 
206 
248 
210 
208 
210 
204 
246 
248 
258 
370 
208 
206 
206 
220 
206 
206 
228 
274 
210 
208 
210 
208 
224 
220 
206 
208 
216 
212 
208 
250 
206 
244 
206 
232 
204 
210 
210 
46 
46 
50 
44 
48 
250 
208 
204 
248 
226 
208 
208 
248 
590 
206 
210 
246 
206 
228 
208 
206 
592 
246 
208 
248 
206 
204 
208 
206 
210 
218 
210 
208 
248 
210 
270 
230 
206 
208 
230 
244 
208 
208 
230 
216 
206 
222 
242 
228 
246 
252 
44 
46 
46 
42 
238 
224 
208 
204 
238 
206 
208 
210 
244 
204 
210 
242 
208 
206 
210 
212 
244 
208 
248 
208 
248 
212 
208 
208 
216 
212 
208 
210 
206 
236 
230 
208 
362 
206 
252 
208 
210 
210 
230 
208 
626 
248 
228 
208 
252 
208 
234 
228 
46 
44 
46 
44 
46 
206 
208 
210 
208 
220 
248 
248 
246 
234 
262 
206 
266 
554 
226 
208 
204 
246 
212 
228 
208 
836 
208 
218 
204 
246 
208 
246 
212 
250 
206 
248 
204 
214 
208 
224 
210 
206 
204 
204 
210 
208 
208 
208 
204 
220 
450 
46 
46 
44 
46 
46 
44 
206 
210 
208 
208 
208 
208 
234 
228 
244 
206 
262 
212 
206 
236 
244 
250 
210 
246 
244 
220 
230 
208 
250 
212 
248 
242 
242 
208 
208 
246 
248 
208 
228 
208 
670 
208 
206 
206 
206 
206 
228 
244 
704 
222 
246 
208 
44 
44 
44 
46 
44 
46 
232 
208 
206 
250 
250 
206 
248 
290 
206 
220 
214 
206 
208 
228 
206 
452 
218 
206 
206 
228 
208 
208 
244 
206 
240 
208 
208 
208 
210 
248 
250 
206 
224 
206 
208 
238 
210 
204 
206 
210 
208 
208 
208 
208 
242 
208 
46 
46 
46 
46 
44 
44 
46 
204 
226 
246 
620 
246 
208 
208 
210 
248 
210 
248 
210 
216 
210 
250 
208 
246 
210 
254 
210 
356 
238 
204 
208 
206 
206 
216 
206 
350 
246 
248 
208 
248 
210 
204 
218 
548 
206 
210 
206 
210 
238 
230 
208 
228 
46 
44 
48 
46 
44 
204 
206 
234 
206 
204 
246 
252 
206 
208 
206 
222 
634 
212 
228 
246 
206 
208 
206 
206 
210 
208 
208 
218 
246 
206 
228 
246 
228 
206 
250 
208 
202 
246 
208 
208 
206 
342 
248 
248 
206 
208 
246 
210 
216 
44 
46 
44 
46 
46 
46 
206 
218 
840 
206 
208 
206 
220 
206 
210 
232 
252 
208 
220 
206 
208 
208 
208 
206 
208 
202 
204 
210 
232 
246 
260 
206 
210 
280 
248 
208 
248 
208 
244 
206 
228 
588 
216 
254 
206 
208 
208 
210 
244 
208 
246 
248 
46 
46 
46 
44 
44 
46 
44 
248 
224 
234 
206 
228 
206 
208 
264 
206 
208 
244 
206 
250 
208 
244 
588 
236 
248 
208 
212 
208 
208 
244 
210 
260 
248 
246 
246 
208 
208 
250 
208 
256 
208 
206 
208 
246 
236 
206 
206 
212 
206 
206 
208 
206 
44 
48 
46 
44 
44 
44 
46 
248 
212 
206 
204 
694 
208 
208 
230 
208 
250 
248 
208 
210 
208 
246 
208 
208 
210 
206 
248 
214 
208 
242 
208 
268 
236 
206 
222 
206 
266 
250 
246 
206 
206 
212 
224 
206 
514 
210 
212 
208 
208 
210 
224 
206 
698 
48 
44 
44 
44 
42 
46 
44 
204 
350 
246 
224 
248 
210 
210 
206 
232 
370 
204 
210 
210 
242 
250 
226 
208 
840 
208 
208 
206 
212 
212 
206 
204 
206 
212 
208 
206 
212 
206 
250 
208 
244 
206 
246 
204 
208 
248 
208 
210 
208 
396 
208 
246 
206 
210 
46 
46 
48 
42 
266 
208 
206 
206 
242 
208 
204 
204 
248 
246 
210 
212 
208 
244 
252 
244 
216 
250 
240 
206 
260 
258 
210 
214 
210 
206 
206 
248 
204 
210 
208 
210 
494 
208 
250 
210 
228 
244 
206 
248 
208 
210 
248 
206 
224 
208 
48 
46 
46 
44 
46 
204 
230 
206 
206 
206 
212 
204 
208 
212 
206 
208 
254 
208 
248 
550 
208 
238 
206 
206 
208 
230 
206 
588 
246 
208 
248 
210 
260 
212 
208 
246 
250 
208 
204 
208 
204 
210 
208 
230 
312 
208 
208 
206 
248 
206 
230 
44 
44 
46 
44 
44 
46 
250 
228 
248 
692 
208 
208 
208 
244 
248 
204 
208 
214 
210 
248 
250 
204 
206 
210 
248 
248 
310 
252 
208 
246 
218 
228 
212 
208 
458 
210 
210 
246 
208 
206 
210 
206 
206 
204 
248 
208 
204 
248 
228 
208 
718 
44 
46 
46 
46 
48 
44 
46 
208 
208 
204 
244 
206 
218 
240 
242 
246 
280 
204 
214 
214 
248 
250 
206 
208 
632 
256 
208 
206 
212 
206 
228 
206 
612 
210 
206 
210 
210 
208 
248 
248 
248 
208 
208 
216 
244 
208 
244 
212 
228 
210 
208 
208 
208 
44 
44 
46 
46 
46 
42 
44 
44 
46 
250 
206 
246 
614 
204 
216 
210 
204 
206 
210 
244 
250 
208 
262 
250 
208 
208 
250 
208 
206 
232 
210 
232 
208 
208 
208 
206 
206 
370 
208 
232 
206 
250 
208 
204 
244 
552 
246 
208 
250 
246 
262 
206 
206 
210 
210 
204 
212 
44 
44 
44 
44 
44 
206 
208 
208 
208 
248 
210 
224 
242 
340 
248 
246 
210 
210 
206 
206 
208 
210 
208 
212 
206 
210 
210 
228 
248 
250 
262 
248 
224 
246 
206 
246 
210 
208 
210 
210 
206 
216 
206 
244 
206 
206 
498 
206 
210 
214 
44 
44 
44 
48 
46 
46 
244 
246 
208 
206 
230 
210 
206 
224 
210 
248 
210 
208 
208 
250 
206 
206 
210 
210 
210 
238 
210 
234 
206 
210 
206 
210 
228 
234 
246 
226 
206 
400 
208 
210 
248 
210 
214 
226 
220 
682 
268 
210 
208 
210 
206 
208 
246 
46 
44 
46 
48 
46 
248 
206 
206 
216 
206 
246 
208 
206 
244 
210 
240 
208 
540 
208 
252 
248 
260 
214 
208 
272 
206 
230 
210 
246 
216 
258 
208 
260 
218 
208 
250 
248 
244 
258 
210 
246 
248 
208 
206 
246 
248 
270 
208 
226 
208 
44 
64 
82 
44 
44 
46 
48 
46 
206 
208 
210 
248 
210 
246 
208 
204 
254 
246 
208 
206 
270 
244 
208 
232 
246 
210 
210 
250 
216 
210 
218 
226 
208 
612 
246 
246 
216 
248 
244 
206 
208 
208 
204 
238 
260 
210 
226 
202 
210 
208 
208 
266 
260 
244 
46 
46 
44 
46 
46 
210 
220 
248 
208 
246 
212 
210 
578 
208 
208 
226 
208 
206 
206 
250 
512 
204 
208 
218 
240 
248 
228 
210 
700 
250 
228 
246 
226 
206 
246 
248 
260 
204 
244 
216 
262 
272 
206 
218 
248 
208 
226 
206 
246 
208 
210 
44 
48 
46 
44 
46 
46 
208 
208 
204 
206 
204 
206 
250 
206 
248 
248 
270 
208 
248 
208 
242 
248 
208 
258 
246 
204 
208 
286 
226 
206 
270 
208 
250 
212 
206 
412 
208 
246 
208 
218 
256 
208 
208 
842 
214 
244 
246 
206 
222 
206 
248 
206 
246 
44 
42 
46 
46 
46 
44 
206 
236 
210 
248 
230 
218 
208 
210 
246 
344 
230 
208 
206 
210 
206 
228 
238 
210 
208 
270 
206 
246 
210 
204 
208 
210 
246 
226 
208 
208 
210 
208 
204 
210 
400 
256 
258 
204 
226 
210 
210 
218 
556 
208 
206 
244 
42 
44 
44 
46 
46 
46 
44 
210 
228 
246 
228 
210 
252 
252 
238 
206 
206 
202 
210 
244 
216 
252 
252 
216 
218 
212 
206 
206 
246 
590 
204 
246 
210 
210 
210 
238 
206 
524 
218 
250 
246 
206 
248 
228 
248 
246 
248 
210 
210 
210 
246 
208 
208 
246 
238 
44 
44 
44 
46 
48 
208 
226 
400 
228 
208 
206 
206 
214 
226 
234 
720 
210 
272 
214 
228 
246 
230 
248 
208 
246 
206 
230 
246 
248 
212 
248 
212 
210 
244 
216 
246 
208 
210 
206 
250 
438 
208 
208 
246 
204 
208 
216 
246 
482 
206 
46 
44 
46 
48 
46 
48 
46 
208 
204 
204 
248 
250 
250 
248 
222 
236 
240 
208 
208 
212 
250 
244 
210 
382 
206 
208 
216 
244 
250 
206 
204 
356 
208 
246 
206 
236 
210 
226 
248 
616 
208 
244 
210 
244 
204 
250 
248 
212 
248 
248 
212 
252 
238 
46 
46 
44 
48 
46 
44 
44 
42 
232 
208 
210 
628 
208 
208 
248 
248 
208 
230 
208 
514 
206 
206 
210 
208 
210 
208 
246 
220 
210 
210 
210 
206 
214 
246 
226 
206 
388 
228 
206 
248 
214 
208 
232 
250 
494 
208 
206 
206 
206 
236 
230 
260 
208 
244 
244 
44 
46 
44 
46 
44 
206 
206 
218 
206 
206 
262 
208 
204 
236 
210 
250 
232 
212 
250 
246 
212 
208 
208 
248 
206 
238 
206 
204 
224 
204 
500 
250 
208 
248 
244 
250 
206 
206 
730 
208 
248 
228 
208 
212 
206 
258 
208 
248 
256 
234 
246 
44 
46 
46 
48 
46 
246 
206 
206 
248 
240 
226 
214 
638 
208 
248 
206 
210 
208 
218 
248 
686 
206 
206 
210 
248 
248 
248 
210 
232 
220 
250 
208 
606 
250 
230 
210 
226 
370 
204 
218 
210 
208 
212 
226 
206 
326 
206 
248 
208 
206 
252 
44 
48 
46 
48 
48 
210 
236 
214 
210 
210 
210 
248 
248 
250 
208 
208 
208 
206 
206 
298 
236 
262 
208 
238 
206 
208 
230 
494 
206 
208 
206 
234 
248 
206 
250 
522 
210 
208 
246 
246 
242 
210 
206 
206 
208 
248 
206 
212 
230 
208 
46 
46 
46 
44 
44 
46 
208 
248 
208 
206 
490 
208 
210 
204 
208 
206 
208 
232 
838 
206 
244 
208 
208 
206 
228 
208 
208 
214 
210 
248 
246 
208 
212 
222 
208 
264 
216 
204 
208 
250 
210 
240 
208 
336 
248 
252 
208 
210 
210 
210 
228 
566 
46 
44 
44 
44 
46 
46 
206 
642 
208 
206 
268 
214 
210 
206 
244 
210 
208 
208 
206 
248 
208 
204 
216 
208 
210 
204 
216 
244 
208 
208 
206 
238 
434 
208 
228 
206 
210 
248 
230 
246 
844 
250 
202 
268 
208 
208 
244 
208 
224 
208 
250 
236 
232 
46 
44 
48 
46 
46 
248 
250 
208 
210 
224 
228 
206 
600 
208 
204 
208 
246 
204 
228 
210 
582 
230 
208 
210 
210 
208 
266 
242 
248 
208 
204 
216 
208 
250 
216 
206 
246 
248 
206 
254 
256 
224 
206 
210 
232 
290 
212 
210 
210 
248 
208 
44 
44 
46 
46 
46 
42 
46 
42 
232 
208 
210 
210 
208 
210 
202 
208 
208 
208 
250 
206 
210 
210 
244 
208 
208 
208 
210 
256 
210 
206 
212 
228 
208 
206 
208 
514 
206 
206 
212 
214 
228 
226 
202 
204 
206 
208 
210 
210 
232 
212 
242 
202 
208 
204 
288 
48 
46 
44 
48 
42 
46 
210 
228 
246 
246 
210 
238 
210 
432 
206 
248 
210 
230 
208 
206 
252 
208 
206 
246 
210 
210 
226 
242 
204 
212 
244 
210 
244 
210 
238 
210 
244 
242 
284 
208 
248 
228 
206 
248 
230 
246 
412 
210 
204 
208 
210 
266 
228 
44 
44 
44 
44 
46 
44 
44 
44 
246 
248 
204 
208 
212 
246 
208 
208 
204 
248 
360 
208 
248 
210 
258 
208 
226 
208 
506 
208 
204 
208 
210 
228 
210 
250 
638 
266 
248 
228 
246 
248 
210 
250 
206 
208 
214 
248 
204 
248 
206 
206 
206 
206 
208 
204 
44 
46 
46 
44 
46 
44 
44 
204 
206 
208 
250 
206 
206 
538 
216 
206 
212 
204 
212 
208 
246 
250 
248 
206 
208 
208 
234 
210 
208 
486 
206 
208 
206 
208 
256 
248 
206 
246 
238 
258 
250 
228 
210 
252 
208 
246 
494 
206 
208 
248 
210 
206 
210 
250 
116 
46 
44 
46 
44 
44 
206 
208 
208 
212 
210 
206 
210 
208 
206 
204 
206 
544 
210 
232 
206 
204 
208 
208 
208 
470 
258 
206 
208 
208 
232 
206 
206 
682 
206 
244 
248 
248 
248 
246 
226 
208 
218 
208 
248 
208 
242 
206 
246 
226 
206 
210 
44 
44 
44 
42 
44 
44 
464 
234 
206 
210 
206 
212 
208 
206 
208 
206 
232 
248 
208 
210 
248 
208 
206 
246 
210 
202 
206 
250 
248 
250 
262 
206 
210 
228 
208 
216 
206 
210 
206 
382 
210 
210 
206 
248 
246 
208 
206 
208 
208 
248 
236 
244 
46 
44 
46 
44 
208 
210 
246 
246 
208 
210 
264 
208 
272 
210 
250 
248 
264 
242 
208 
246 
304 
216 
204 
202 
206 
208 
232 
206 
562 
220 
266 
208 
206 
228 
238 
250 
206 
206 
230 
204 
208 
210 
248 
206 
208 
204 
206 
252 
246 
208 
44 
46 
46 
44 
48 
46 
46 
46 
44 
46 
210 
472 
206 
244 
244 
204 
206 
210 
204 
232 
248 
210 
206 
212 
208 
246 
246 
208 
326 
206 
210 
204 
218 
204 
202 
250 
208 
206 
246 
208 
206 
250 
210 
206 
420 
204 
210 
218 
206 
208 
210 
204 
632 
208 
208 
230 
44 
46 
46 
44 
44 
44 
50 
208 
208 
246 
212 
206 
210 
208 
212 
246 
250 
236 
244 
206 
248 
414 
204 
244 
206 
206 
228 
208 
248 
204 
202 
208 
268 
228 
216 
232 
240 
248 
206 
246 
208 
266 
208 
246 
212 
208 
206 
244 
208 
210 
206 
204 
226 
44 
46 
44 
46 
46 
46 
230 
228 
250 
206 
212 
208 
206 
244 
244 
208 
236 
206 
204 
210 
244 
208 
208 
204 
256 
226 
210 
248 
246 
206 
210 
236 
208 
264 
638 
208 
248 
206 
210 
210 
208 
246 
598 
208 
228 
202 
246 
206 
232 
206 
246 
206 
44 
44 
46 
44 
46 
240 
212 
294 
208 
208 
220 
208 
206 
248 
206 
450 
208 
254 
212 
204 
248 
208 
208 
616 
216 
270 
248 
210 
256 
204 
208 
712 
210 
246 
240 
248 
264 
246 
208 
250 
208 
250 
248 
208 
208 
202 
210 
226 
228 
246 
208 
80 
44 
46 
46 
48 
46 
44 
226 
208 
248 
208 
228 
250 
716 
208 
208 
204 
206 
220 
244 
208 
208 
216 
202 
250 
244 
252 
246 
258 
208 
512 
208 
246 
246 
220 
208 
210 
206 
658 
210 
208 
230 
248 
208 
208 
260 
208 
246 
208 
244 
208 
246 
46 
46 
46 
46 
44 
44 
46 
208 
208 
206 
206 
276 
206 
246 
250 
256 
248 
230 
204 
340 
208 
252 
206 
208 
216 
210 
248 
574 
258 
242 
228 
206 
208 
210 
238 
208 
206 
206 
258 
208 
206 
226 
214 
246 
210 
208 
204 
208 
210 
210 
208 
208 
304 
44 
46 
42 
44 
46 
44 
248 
650 
208 
242 
206 
208 
206 
222 
210 
206 
208 
206 
206 
212 
248 
214 
208 
228 
208 
204 
250 
208 
208 
206 
208 
208 
376 
216 
206 
246 
248 
264 
216 
228 
670 
236 
206 
206 
210 
250 
208 
252 
210 
226 
204 
44 
46 
44 
44 
48 
210 
318 
248 
216 
206 
218 
210 
210 
210 
542 
248 
208 
226 
208 
208 
228 
206 
666 
246 
248 
206 
208 
212 
206 
206 
212 
212 
204 
210 
212 
860 
272 
482 
3800 
476 
468 
626 
6714 
460 
210 
206 
228 
512 
248 
208 
204 
244 
272 
210 
208 
618 
44 
44 
46 
48 
46 
46 
210 
208 
208 
248 
206 
206 
210 
226 
206 
204 
208 
206 
240 
250 
212 
208 
206 
246 
258 
206 
208 
208 
248 
228 
218 
224 
606 
212 
210 
246 
248 
208 
212 
210 
586 
244 
208 
208 
226 
206 
270 
206 
206 
208 
206 
246 
46 
46 
44 
46 
44 
378 
208 
268 
252 
246 
208 
208 
208 
374 
246 
210 
210 
218 
204 
230 
246 
208 
242 
256 
210 
238 
210 
206 
208 
246 
208 
208 
208 
246 
250 
208 
208 
208 
208 
214 
208 
240 
232 
204 
206 
206 
518 
204 
208 
206 
46 
44 
46 
44 
44 
46 
44 
208 
208 
246 
206 
210 
726 
250 
246 
208 
248 
208 
210 
210 
246 
248 
206 
208 
250 
206 
208 
246 
206 
508 
214 
208 
206 
206 
218 
212 
210 
404 
208 
206 
212 
254 
246 
228 
208 
848 
216 
208 
248 
230 
208 
214 
46 
44 
46 
46 
44 
246 
210 
250 
246 
210 
208 
218 
236 
204 
210 
212 
208 
214 
600 
44 
44 
44 
50 
44 
44 
48 
206 
208 
206 
220 
208 
246 
266 
206 
212 
206 
270 
208 
208 
208 
246 
208 
204 
382 
230 
232 
206 
204 
206 
226 
208 
396 
210 
226 
246 
212 
210 
206 
236 
578 
248 
250 
218 
206 
244 
216 
208 
210 
208 
220 
204 
44 
46 
44 
46 
44 
44 
48 
208 
208 
210 
206 
206 
210 
578 
254 
228 
208 
246 
208 
210 
206 
552 
216 
210 
210 
210 
208 
208 
228 
206 
244 
206 
208 
206 
208 
244 
248 
206 
252 
250 
208 
208 
218 
208 
204 
246 
382 
248 
248 
206 
210 
250 
46 
44 
46 
44 
46 
248 
204 
206 
206 
206 
214 
210 
210 
210 
246 
214 
206 
206 
208 
210 
246 
312 
206 
224 
208 
206 
210 
446 
228 
208 
208 
208 
216 
208 
212 
840 
246 
210 
206 
262 
202 
220 
206 
642 
440 
214 
262 
338 
258 
208 
212 
214 
254 
46 
44 
46 
48 
44 
46 
244 
528 
288 
208 
282 
210 
210 
224 
250 
510 
208 
218 
208 
248 
248 
208 
248 
204 
210 
208 
210 
208 
242 
204 
230 
212 
260 
212 
248 
246 
246 
208 
250 
244 
218 
206 
214 
226 
248 
210 
206 
246 
336 
226 
210 
210 
48 
44 
44 
44 
42 
44 
46 
44 
206 
204 
206 
248 
210 
228 
210 
210 
240 
206 
206 
248 
208 
210 
212 
248 
216 
206 
208 
230 
220 
510 
206 
206 
260 
208 
206 
208 
242 
210 
248 
214 
246 
208 
248 
246 
248 
248 
248 
246 
248 
208 
208 
206 
246 
206 
44 
46 
42 
210 
210 
248 
208 
208 
242 
234 
226 
208 
250 
206 
228 
248 
502 
208 
208 
218 
206 
248 
208 
230 
210 
210 
210 
246 
204 
270 
214 
248 
206 
248 
210 
208 
210 
208 
204 
208 
244 
222 
248 
228 
226 
210 
208 
228 
206 
448 
284 
248 
276 
248 
216 
228 
228 
668 
224 
210 
248 
246 
246 
208 
210 
286 
210 
230 
210 
248 
246 
234 
228 
248 
244 
210 
246 
244 
230 
246 
346 
228 
542 
244 
248 
244 
230 
246 
228 
248 
602 
248 
248 
248 
248 
212 
234 
248 
252 
250 
230 
234 
230 
248 
250 
248 
204 
580 
210 
228 
244 
246 
246 
226 
248 
316 
248 
246 
318 
212 
230 
228 
244 
552 
260 
246 
244 
250 
244 
246 
248 
208 
206 
244 
246 
350 
206 
248 
212 
248 
246 
246 
212 
208 
246 
246 
226 
210 
214 
684 
250 
246 
250 
246 
232 
246 
556 
248 
246 
248 
248 
246 
208 
248 
246 
246 
246 
246 
246 
248 
244 
246 
248 
266 
282 
244 
242 
248 
248 
250 
244 
228 
246 
246 
250 
248 
250 
228 
250 
450 
210 
248 
248 
246 
244 
226 
246 
688 
246 
248 
248 
248 
244 
248 
242 
250 
248 
248 
246 
248 
248 
248 
248 
250 
230 
250 
246 
244 
234 
248 
226 
230 
460 
246 
246 
250 
242 
250 
230 
248 
678 
246 
248 
246 
244 
248 
250 
250 
246 
250 
204 
244 
204 
248 
248 
248 
246 
234 
248 
250 
228 
206 
244 
228 
246 
382 
246 
248 
250 
244 
248 
210 
206 
620 
244 
248 
248 
250 
246 
248 
250 
228 
248 
246 
248 
244 
250 
246 
246 
228 
252 
248 
242 
248 
248 
248 
228 
248 
320 
248 
246 
248 
246 
246 
224 
248 
558 
244 
248 
246 
244 
246 
246 
248 
248 
248 
248 
246 
246 
246 
242 
246 
246 
248 
248 
246 
246 
248 
246 
226 
248 
310 
248 
250 
248 
248 
248 
228 
246 
548 
252 
248 
248 
248 
246 
252 
244 
250 
244 
246 
248 
248 
246 
242 
248 
246 
248 
246 
248 
248 
248 
250 
228 
244 
228 
246 
252 
248 
246 
248 
226 
246 
466 
248 
248 
246 
250 
246 
224 
248 
702 
250 
246 
246 
248 
246 
248 
250 
252 
244 
250 
246 
246 
244 
242 
248 
246 
226 
244 
250 
246 
250 
250 
224 
250 
456 
244 
248 
250 
248 
246 
228 
