# FR-trace starting at Wed Mar 10 14:47:07 2021
################# CONFIG #################
# slot=9000
# samples=5000
# threshold=100
# idle=500
# minlen=500
# runs=60000
# pdathreads=3
# nmonitored=1
#   monitor0=/usr/local/lib/libcrypto.so 770062 0xbc00e
# nevicted=0
# npdatargets=1
#   target0=/usr/local/lib/libcrypto.so 750148 0xb7244
# affinity=all
############## SYSTEM INFO ###############
# mastik_version=
# sysname=Linux
# nodename=05a3c7e5a789
# release=5.8.0-43-generic
# version=#49~20.04.1-Ubuntu SMP Fri Feb 5 09:57:56 UTC 2021
# machine=x86_64
################## DATA ##################
# run=0
# datapoints=5000
50 
212 
246 
208 
410 
252 
208 
248 
210 
252 
208 
208 
340 
212 
208 
208 
252 
250 
232 
48 
46 
50 
48 
48 
48 
210 
210 
208 
208 
208 
212 
208 
264 
208 
208 
250 
210 
210 
208 
208 
246 
48 
210 
252 
222 
562 
206 
210 
246 
252 
210 
210 
248 
486 
250 
252 
250 
228 
208 
236 
206 
706 
206 
218 
212 
210 
214 
210 
206 
246 
322 
210 
248 
48 
164 
48 
50 
52 
48 
48 
212 
206 
210 
248 
218 
210 
212 
248 
248 
208 
246 
212 
208 
230 
212 
248 
208 
224 
212 
250 
210 
230 
210 
230 
238 
252 
252 
210 
250 
212 
212 
208 
206 
210 
246 
0 
0 
0 
252 
512 
208 
212 
208 
256 
210 
228 
258 
648 
244 
44 
46 
46 
48 
44 
44 
48 
48 
208 
208 
204 
204 
208 
206 
210 
384 
246 
208 
216 
206 
246 
210 
208 
626 
206 
210 
208 
246 
206 
226 
208 
600 
236 
236 
206 
218 
246 
248 
208 
244 
226 
206 
254 
212 
208 
206 
210 
206 
210 
206 
248 
248 
202 
244 
206 
46 
46 
46 
46 
44 
46 
46 
208 
206 
574 
204 
246 
236 
240 
246 
204 
208 
208 
210 
208 
210 
248 
206 
206 
246 
210 
206 
210 
238 
246 
202 
208 
206 
208 
508 
208 
212 
244 
248 
246 
208 
206 
650 
208 
206 
248 
246 
204 
248 
206 
206 
206 
248 
48 
46 
46 
44 
46 
210 
264 
206 
206 
208 
208 
208 
208 
250 
502 
246 
214 
206 
248 
210 
208 
248 
680 
208 
244 
208 
206 
242 
230 
206 
728 
206 
206 
242 
210 
208 
232 
248 
248 
280 
206 
244 
208 
246 
232 
250 
206 
206 
208 
248 
44 
46 
46 
46 
40 
44 
46 
206 
246 
228 
206 
204 
204 
202 
206 
246 
226 
208 
246 
206 
238 
250 
246 
206 
262 
210 
210 
248 
240 
214 
480 
208 
246 
208 
204 
246 
208 
218 
338 
208 
208 
252 
218 
208 
206 
248 
206 
216 
244 
252 
246 
208 
244 
204 
44 
46 
48 
44 
48 
246 
208 
248 
246 
206 
208 
210 
208 
248 
204 
206 
206 
668 
208 
246 
248 
208 
244 
228 
248 
596 
208 
228 
228 
206 
242 
210 
242 
246 
206 
250 
210 
230 
228 
234 
210 
204 
208 
230 
246 
210 
212 
206 
248 
208 
258 
44 
46 
44 
50 
46 
44 
210 
502 
208 
204 
208 
270 
208 
228 
206 
206 
208 
210 
248 
218 
210 
246 
248 
206 
382 
248 
248 
206 
206 
208 
258 
250 
334 
208 
210 
210 
208 
208 
208 
210 
204 
236 
208 
206 
204 
208 
208 
208 
210 
204 
206 
210 
46 
48 
46 
46 
46 
44 
46 
46 
46 
206 
210 
206 
234 
208 
246 
204 
206 
250 
208 
230 
206 
404 
210 
204 
254 
230 
216 
208 
208 
590 
208 
250 
248 
210 
210 
208 
248 
256 
208 
246 
206 
246 
210 
206 
262 
208 
282 
248 
250 
204 
204 
204 
204 
230 
624 
44 
46 
46 
46 
48 
46 
44 
46 
46 
206 
230 
248 
246 
252 
208 
210 
206 
208 
204 
248 
208 
264 
206 
250 
206 
208 
208 
210 
266 
224 
208 
250 
482 
208 
226 
246 
210 
220 
220 
204 
706 
248 
252 
208 
246 
206 
208 
206 
248 
248 
248 
208 
208 
210 
216 
204 
46 
46 
46 
48 
48 
214 
204 
206 
208 
276 
210 
206 
204 
234 
224 
208 
206 
508 
206 
226 
230 
248 
202 
228 
248 
246 
208 
210 
226 
208 
210 
246 
248 
208 
208 
228 
204 
270 
206 
210 
208 
206 
512 
246 
226 
350 
480 
1278 
2574 
396 
498 
208 
206 
210 
208 
210 
228 
46 
46 
46 
46 
46 
46 
208 
240 
248 
218 
216 
206 
210 
256 
230 
208 
236 
206 
270 
244 
208 
208 
206 
260 
206 
246 
424 
204 
266 
208 
206 
208 
226 
210 
208 
204 
236 
246 
210 
204 
250 
208 
206 
218 
206 
206 
210 
246 
208 
246 
206 
520 
44 
48 
46 
46 
46 
206 
250 
608 
208 
208 
212 
208 
248 
242 
208 
634 
206 
208 
254 
228 
208 
252 
248 
246 
228 
246 
210 
206 
208 
210 
208 
264 
470 
246 
252 
248 
206 
248 
208 
210 
410 
248 
268 
246 
208 
208 
206 
210 
538 
206 
230 
44 
44 
44 
48 
46 
42 
46 
250 
212 
208 
214 
208 
202 
206 
238 
240 
248 
248 
206 
246 
248 
248 
260 
208 
246 
246 
244 
210 
206 
208 
604 
210 
204 
208 
202 
206 
228 
250 
232 
204 
246 
246 
248 
208 
208 
248 
206 
210 
236 
248 
208 
222 
244 
46 
46 
44 
44 
46 
50 
252 
206 
206 
210 
210 
210 
258 
244 
210 
208 
208 
204 
666 
250 
248 
246 
210 
208 
246 
210 
206 
210 
206 
208 
204 
226 
240 
208 
208 
206 
250 
206 
210 
208 
208 
208 
206 
474 
206 
212 
234 
222 
214 
210 
210 
204 
230 
44 
46 
46 
44 
246 
256 
244 
210 
208 
206 
208 
248 
246 
208 
246 
300 
260 
210 
246 
246 
224 
210 
250 
626 
540 
208 
246 
208 
208 
230 
216 
208 
248 
244 
208 
250 
206 
210 
244 
248 
250 
218 
208 
204 
220 
208 
216 
206 
208 
222 
248 
48 
46 
46 
46 
48 
496 
208 
244 
210 
206 
210 
208 
206 
204 
210 
248 
208 
210 
206 
248 
206 
246 
250 
210 
208 
262 
244 
206 
208 
236 
202 
208 
204 
230 
206 
214 
214 
210 
452 
208 
248 
208 
202 
206 
226 
210 
588 
210 
218 
210 
48 
46 
44 
44 
46 
48 
46 
210 
206 
210 
246 
208 
228 
206 
206 
210 
248 
208 
208 
250 
208 
252 
248 
206 
206 
248 
254 
204 
206 
558 
244 
210 
248 
208 
208 
210 
246 
208 
244 
210 
244 
204 
204 
250 
244 
204 
208 
204 
246 
206 
206 
206 
206 
146 
184 
48 
46 
46 
46 
244 
234 
232 
392 
206 
208 
204 
238 
208 
206 
234 
206 
206 
206 
204 
250 
210 
202 
208 
214 
214 
246 
228 
244 
232 
248 
206 
248 
464 
246 
208 
220 
244 
210 
210 
208 
566 
208 
208 
206 
204 
210 
208 
232 
626 
202 
46 
46 
46 
48 
48 
46 
48 
226 
208 
210 
204 
250 
208 
226 
210 
210 
236 
204 
246 
208 
228 
224 
210 
306 
248 
244 
226 
206 
208 
204 
210 
556 
210 
250 
204 
228 
210 
204 
208 
248 
208 
232 
208 
250 
204 
238 
256 
208 
208 
208 
254 
204 
208 
208 
50 
48 
50 
46 
46 
208 
206 
210 
210 
228 
722 
208 
248 
204 
210 
208 
248 
208 
208 
248 
206 
244 
206 
252 
208 
210 
228 
206 
244 
248 
210 
246 
234 
208 
208 
262 
208 
242 
208 
208 
228 
206 
252 
208 
208 
244 
248 
206 
208 
228 
44 
46 
48 
46 
46 
48 
46 
210 
208 
214 
206 
248 
206 
244 
208 
202 
206 
250 
210 
208 
250 
246 
246 
248 
228 
244 
414 
214 
250 
204 
244 
246 
226 
250 
716 
248 
208 
206 
202 
210 
206 
246 
248 
216 
246 
206 
246 
250 
206 
208 
248 
208 
46 
44 
46 
46 
44 
46 
256 
714 
206 
218 
208 
208 
248 
208 
210 
730 
210 
206 
206 
246 
244 
218 
208 
208 
246 
244 
210 
212 
214 
210 
208 
232 
208 
242 
210 
210 
208 
262 
208 
250 
524 
246 
206 
246 
248 
254 
208 
208 
658 
210 
216 
244 
46 
46 
46 
46 
46 
46 
210 
206 
246 
206 
206 
216 
206 
402 
204 
258 
206 
208 
210 
246 
256 
274 
214 
210 
204 
248 
246 
208 
210 
594 
210 
208 
252 
210 
210 
210 
202 
250 
204 
246 
252 
228 
246 
248 
246 
210 
204 
204 
234 
208 
206 
224 
248 
48 
46 
46 
42 
210 
210 
206 
206 
208 
622 
202 
210 
208 
246 
206 
216 
268 
682 
248 
228 
250 
248 
228 
214 
206 
210 
208 
204 
212 
208 
208 
246 
210 
206 
390 
248 
246 
210 
234 
212 
210 
224 
418 
204 
248 
260 
246 
206 
208 
206 
600 
48 
46 
46 
46 
44 
206 
248 
226 
206 
206 
206 
206 
208 
206 
250 
208 
204 
246 
206 
248 
246 
210 
230 
208 
390 
210 
206 
204 
240 
210 
208 
206 
206 
248 
206 
248 
246 
208 
248 
262 
208 
248 
248 
208 
252 
210 
206 
208 
248 
206 
250 
44 
46 
44 
46 
44 
48 
324 
210 
208 
268 
206 
242 
208 
206 
608 
210 
210 
210 
244 
210 
250 
210 
248 
250 
206 
208 
220 
204 
206 
204 
206 
208 
204 
216 
210 
244 
208 
212 
206 
334 
206 
246 
248 
206 
210 
202 
246 
210 
210 
248 
208 
244 
216 
44 
48 
46 
46 
48 
50 
226 
218 
226 
206 
204 
230 
206 
214 
246 
204 
208 
208 
234 
480 
208 
248 
248 
248 
212 
210 
206 
448 
252 
244 
252 
230 
208 
204 
208 
714 
206 
206 
246 
208 
206 
210 
248 
204 
206 
208 
214 
210 
242 
244 
208 
258 
48 
48 
46 
48 
46 
246 
210 
248 
582 
206 
0 
268 
210 
206 
208 
208 
638 
236 
204 
248 
240 
218 
210 
210 
246 
208 
210 
248 
250 
216 
226 
210 
206 
206 
210 
244 
208 
210 
206 
234 
210 
404 
206 
202 
204 
206 
206 
208 
208 
208 
244 
46 
46 
44 
48 
44 
206 
208 
248 
210 
248 
248 
256 
206 
248 
236 
358 
248 
204 
210 
206 
248 
208 
222 
362 
248 
214 
248 
248 
202 
254 
218 
204 
250 
248 
206 
226 
254 
204 
244 
210 
246 
208 
246 
202 
206 
246 
208 
212 
210 
232 
262 
248 
44 
46 
46 
46 
44 
48 
48 
202 
208 
246 
216 
234 
678 
250 
244 
248 
214 
228 
208 
248 
248 
248 
208 
250 
206 
240 
210 
244 
210 
206 
206 
208 
236 
248 
208 
234 
208 
228 
244 
208 
250 
210 
256 
204 
248 
652 
246 
208 
246 
206 
206 
228 
210 
46 
48 
46 
46 
46 
210 
204 
206 
204 
208 
206 
206 
208 
208 
202 
206 
204 
394 
248 
248 
208 
244 
208 
226 
246 
456 
210 
248 
248 
210 
208 
208 
202 
210 
246 
270 
246 
204 
254 
248 
208 
206 
210 
210 
206 
242 
206 
206 
208 
238 
364 
238 
44 
48 
44 
48 
46 
208 
542 
208 
208 
204 
206 
210 
208 
242 
204 
206 
248 
244 
248 
206 
244 
208 
214 
206 
266 
248 
252 
210 
206 
210 
206 
404 
210 
250 
208 
206 
246 
210 
250 
600 
232 
204 
206 
204 
238 
204 
204 
528 
202 
206 
210 
204 
46 
44 
46 
46 
46 
210 
206 
208 
204 
206 
208 
248 
208 
208 
246 
206 
206 
208 
208 
244 
568 
204 
210 
208 
210 
204 
208 
208 
534 
228 
208 
260 
228 
248 
232 
246 
210 
206 
236 
254 
250 
208 
230 
248 
248 
292 
350 
248 
214 
208 
248 
46 
46 
48 
46 
44 
44 
206 
210 
204 
232 
596 
202 
246 
208 
248 
208 
208 
208 
204 
216 
248 
260 
208 
210 
208 
206 
208 
204 
208 
246 
246 
204 
208 
204 
250 
296 
212 
208 
228 
226 
208 
208 
250 
462 
206 
206 
206 
210 
210 
226 
248 
48 
44 
44 
48 
46 
46 
206 
208 
246 
206 
208 
210 
248 
246 
210 
210 
206 
206 
246 
228 
246 
246 
272 
236 
208 
570 
236 
206 
246 
204 
244 
208 
208 
210 
208 
248 
206 
246 
246 
206 
206 
248 
246 
236 
204 
248 
208 
204 
222 
206 
424 
204 
248 
46 
44 
44 
46 
46 
658 
208 
206 
206 
214 
246 
208 
272 
636 
210 
248 
228 
246 
210 
204 
250 
248 
210 
208 
246 
210 
204 
224 
208 
208 
300 
214 
210 
246 
206 
228 
206 
210 
316 
216 
248 
230 
260 
208 
204 
206 
1048 
250 
246 
230 
208 
46 
48 
48 
48 
46 
46 
216 
208 
208 
248 
258 
206 
206 
258 
246 
210 
216 
216 
208 
252 
226 
240 
206 
206 
254 
248 
206 
208 
670 
206 
206 
248 
208 
246 
208 
202 
210 
246 
230 
248 
206 
258 
246 
206 
246 
210 
208 
206 
208 
246 
206 
268 
46 
44 
46 
48 
46 
44 
208 
202 
208 
516 
252 
202 
208 
254 
210 
204 
212 
204 
204 
246 
228 
244 
238 
260 
246 
240 
332 
206 
200 
246 
206 
226 
248 
214 
450 
206 
206 
208 
206 
206 
206 
208 
434 
210 
210 
246 
206 
210 
210 
212 
204 
248 
46 
46 
44 
44 
44 
50 
44 
246 
214 
206 
208 
230 
206 
212 
206 
300 
252 
250 
246 
212 
250 
210 
204 
598 
206 
206 
248 
204 
250 
204 
246 
690 
268 
204 
206 
268 
204 
210 
246 
248 
246 
250 
208 
210 
248 
206 
204 
204 
256 
248 
232 
254 
250 
208 
44 
44 
46 
46 
48 
48 
208 
210 
206 
260 
516 
208 
224 
206 
246 
228 
204 
250 
246 
206 
206 
248 
248 
208 
208 
208 
246 
204 
202 
248 
208 
214 
208 
206 
206 
616 
246 
208 
246 
248 
210 
240 
204 
628 
250 
248 
204 
242 
210 
226 
208 
838 
250 
48 
48 
48 
48 
44 
48 
44 
316 
210 
206 
206 
208 
240 
242 
208 
210 
236 
248 
206 
206 
212 
274 
222 
394 
206 
208 
204 
248 
252 
228 
206 
660 
246 
248 
208 
202 
206 
208 
250 
208 
208 
248 
208 
206 
204 
210 
206 
206 
362 
202 
246 
208 
210 
252 
44 
44 
48 
44 
206 
226 
206 
204 
228 
236 
206 
244 
206 
252 
226 
212 
224 
248 
244 
208 
208 
206 
244 
248 
206 
206 
204 
310 
208 
210 
208 
208 
252 
214 
244 
566 
208 
212 
206 
246 
206 
222 
210 
206 
204 
206 
246 
206 
210 
210 
44 
46 
48 
46 
46 
206 
206 
208 
228 
212 
444 
214 
228 
204 
246 
246 
208 
208 
568 
248 
236 
208 
248 
206 
228 
210 
206 
206 
250 
208 
206 
210 
230 
214 
210 
250 
208 
266 
208 
208 
246 
210 
206 
354 
246 
204 
206 
206 
206 
206 
206 
46 
46 
48 
44 
44 
46 
208 
244 
682 
204 
210 
216 
246 
204 
204 
220 
652 
210 
206 
256 
248 
216 
248 
202 
250 
316 
204 
250 
204 
248 
228 
266 
228 
400 
206 
246 
250 
246 
246 
226 
206 
544 
236 
252 
208 
202 
248 
208 
212 
700 
210 
246 
44 
48 
46 
44 
48 
46 
204 
250 
248 
202 
254 
218 
206 
246 
208 
206 
210 
208 
248 
206 
228 
246 
376 
212 
206 
248 
216 
248 
230 
210 
596 
244 
208 
208 
212 
246 
232 
208 
202 
248 
208 
208 
250 
244 
208 
210 
246 
374 
204 
206 
238 
244 
46 
44 
44 
44 
44 
46 
44 
44 
44 
206 
246 
694 
210 
248 
208 
210 
204 
204 
204 
252 
248 
246 
210 
244 
236 
206 
208 
210 
210 
204 
232 
248 
208 
246 
208 
216 
546 
210 
254 
246 
208 
228 
210 
248 
648 
206 
206 
250 
206 
236 
214 
208 
208 
206 
248 
44 
46 
48 
46 
46 
206 
214 
208 
212 
216 
204 
210 
208 
206 
234 
206 
206 
208 
208 
206 
206 
246 
450 
210 
248 
248 
206 
208 
212 
206 
206 
208 
206 
218 
208 
244 
206 
210 
206 
214 
266 
252 
244 
246 
206 
236 
244 
208 
208 
222 
206 
210 
224 
46 
46 
48 
46 
48 
46 
206 
206 
238 
250 
208 
248 
250 
208 
250 
244 
210 
248 
210 
208 
244 
248 
246 
212 
246 
208 
210 
210 
206 
248 
248 
206 
202 
226 
252 
424 
246 
208 
208 
246 
248 
204 
204 
206 
204 
210 
204 
206 
248 
204 
248 
206 
46 
46 
48 
46 
48 
248 
208 
208 
208 
206 
210 
206 
208 
208 
210 
208 
590 
208 
246 
248 
244 
226 
206 
208 
204 
248 
206 
210 
206 
210 
246 
248 
208 
212 
214 
204 
228 
210 
246 
228 
250 
206 
224 
248 
204 
210 
210 
210 
204 
306 
236 
46 
48 
46 
46 
44 
48 
46 
204 
244 
212 
210 
232 
236 
204 
208 
264 
246 
206 
248 
206 
208 
248 
214 
306 
208 
242 
208 
250 
250 
242 
248 
562 
250 
226 
248 
206 
204 
202 
208 
450 
206 
210 
208 
208 
204 
202 
252 
208 
208 
248 
204 
230 
206 
50 
46 
46 
46 
48 
250 
252 
252 
206 
244 
206 
476 
248 
248 
222 
206 
248 
210 
208 
446 
254 
208 
216 
206 
206 
206 
212 
208 
216 
206 
232 
246 
210 
204 
248 
246 
264 
210 
208 
206 
246 
250 
218 
208 
442 
234 
248 
208 
218 
206 
228 
246 
44 
46 
48 
46 
46 
244 
210 
244 
734 
220 
246 
226 
210 
212 
204 
206 
218 
206 
244 
236 
242 
208 
244 
246 
248 
208 
204 
206 
210 
242 
256 
244 
208 
654 
208 
244 
248 
206 
246 
228 
210 
724 
208 
208 
216 
244 
256 
206 
218 
238 
212 
242 
48 
46 
46 
46 
46 
48 
384 
224 
244 
204 
214 
246 
204 
208 
478 
246 
206 
250 
244 
208 
226 
206 
206 
250 
244 
246 
248 
206 
208 
208 
266 
248 
240 
248 
246 
250 
206 
250 
250 
308 
206 
208 
230 
212 
210 
238 
204 
236 
246 
208 
246 
210 
44 
44 
46 
48 
46 
46 
212 
208 
204 
226 
266 
206 
212 
228 
208 
226 
210 
248 
208 
206 
204 
250 
210 
208 
216 
250 
264 
248 
208 
210 
228 
250 
204 
206 
210 
246 
470 
208 
248 
252 
236 
248 
210 
206 
706 
230 
242 
248 
208 
208 
256 
206 
252 
44 
42 
46 
44 
48 
46 
210 
206 
208 
248 
208 
206 
252 
240 
204 
246 
478 
212 
204 
206 
208 
228 
208 
210 
210 
210 
206 
208 
208 
210 
250 
206 
240 
202 
204 
208 
250 
210 
248 
204 
208 
204 
202 
208 
206 
230 
246 
204 
220 
688 
208 
206 
44 
48 
46 
46 
48 
46 
48 
212 
246 
216 
208 
210 
208 
208 
246 
208 
208 
204 
206 
274 
210 
246 
344 
206 
206 
206 
206 
210 
206 
234 
298 
248 
246 
206 
246 
206 
206 
246 
208 
232 
246 
246 
208 
216 
208 
208 
252 
208 
206 
206 
222 
208 
208 
46 
44 
44 
46 
46 
46 
42 
44 
248 
206 
206 
210 
208 
244 
206 
246 
212 
246 
454 
230 
224 
230 
246 
224 
206 
208 
650 
250 
206 
208 
252 
212 
230 
206 
208 
204 
244 
248 
260 
250 
218 
248 
206 
222 
206 
204 
216 
248 
210 
228 
248 
450 
204 
46 
44 
48 
44 
46 
44 
676 
246 
248 
244 
230 
210 
228 
206 
228 
242 
244 
218 
234 
220 
244 
206 
224 
456 
206 
248 
208 
208 
210 
210 
244 
570 
208 
234 
208 
248 
248 
206 
204 
208 
208 
210 
208 
210 
246 
210 
246 
252 
246 
208 
248 
250 
44 
48 
46 
46 
48 
44 
248 
242 
206 
208 
230 
208 
346 
206 
250 
244 
248 
230 
212 
230 
550 
228 
230 
246 
206 
252 
252 
206 
246 
222 
216 
206 
212 
270 
204 
246 
248 
206 
246 
246 
250 
208 
246 
206 
206 
296 
252 
208 
248 
230 
226 
208 
204 
208 
208 
250 
210 
204 
246 
46 
46 
46 
44 
48 
206 
206 
246 
248 
246 
210 
210 
210 
250 
246 
204 
208 
216 
204 
562 
206 
210 
204 
212 
254 
206 
210 
484 
236 
208 
204 
246 
206 
228 
248 
678 
210 
248 
206 
206 
240 
218 
218 
248 
250 
208 
244 
208 
210 
210 
206 
44 
44 
48 
44 
48 
208 
210 
208 
246 
210 
204 
210 
204 
208 
230 
230 
206 
652 
206 
250 
246 
210 
260 
210 
206 
208 
204 
248 
208 
212 
268 
248 
206 
244 
502 
244 
246 
248 
208 
244 
232 
248 
684 
210 
246 
204 
218 
250 
224 
210 
206 
244 
46 
46 
48 
48 
44 
208 
220 
210 
244 
244 
210 
208 
216 
244 
248 
206 
246 
210 
204 
246 
208 
210 
252 
550 
208 
208 
244 
202 
206 
226 
206 
692 
238 
226 
246 
246 
206 
210 
246 
206 
206 
244 
208 
246 
240 
208 
216 
216 
206 
254 
212 
48 
46 
46 
46 
44 
46 
210 
208 
250 
208 
208 
210 
234 
706 
228 
208 
230 
206 
248 
210 
250 
244 
216 
208 
206 
220 
244 
204 
206 
250 
284 
210 
268 
224 
208 
244 
210 
228 
222 
208 
248 
208 
250 
204 
208 
226 
718 
266 
250 
206 
246 
218 
224 
46 
46 
44 
46 
44 
42 
50 
246 
238 
246 
206 
246 
208 
244 
208 
210 
208 
206 
372 
204 
248 
246 
222 
246 
210 
208 
472 
210 
216 
248 
248 
230 
224 
210 
204 
242 
208 
208 
206 
264 
208 
202 
208 
276 
208 
248 
208 
208 
206 
210 
206 
228 
248 
46 
44 
46 
46 
42 
44 
48 
206 
206 
248 
238 
248 
230 
250 
602 
228 
208 
228 
206 
242 
208 
248 
246 
212 
206 
206 
210 
252 
210 
228 
210 
308 
208 
226 
250 
232 
240 
230 
208 
626 
260 
244 
206 
248 
210 
228 
246 
654 
228 
204 
246 
246 
210 
46 
46 
46 
48 
48 
48 
44 
44 
248 
246 
210 
320 
202 
244 
204 
208 
238 
230 
210 
314 
206 
204 
206 
208 
208 
210 
208 
208 
246 
212 
208 
210 
210 
206 
248 
208 
256 
206 
210 
246 
204 
230 
246 
252 
216 
206 
204 
208 
246 
210 
248 
206 
242 
208 
210 
46 
46 
48 
48 
46 
46 
208 
248 
248 
210 
204 
204 
250 
700 
246 
208 
208 
210 
244 
208 
246 
244 
386 
204 
202 
206 
206 
216 
210 
206 
234 
244 
208 
248 
208 
210 
208 
208 
536 
246 
246 
210 
204 
246 
206 
208 
664 
208 
210 
208 
208 
210 
46 
46 
46 
44 
46 
48 
48 
210 
208 
228 
206 
252 
248 
234 
206 
250 
208 
226 
246 
422 
206 
252 
206 
206 
246 
210 
208 
696 
208 
228 
268 
204 
226 
214 
206 
210 
212 
204 
248 
206 
208 
204 
224 
248 
290 
216 
208 
212 
210 
208 
212 
210 
376 
204 
48 
48 
46 
48 
46 
208 
838 
208 
206 
206 
208 
210 
248 
234 
206 
208 
204 
210 
206 
206 
210 
238 
248 
236 
246 
208 
726 
208 
248 
208 
208 
304 
208 
206 
254 
264 
220 
226 
204 
520 
208 
206 
230 
208 
204 
206 
216 
706 
206 
208 
246 
46 
46 
46 
44 
44 
206 
214 
232 
210 
248 
244 
246 
208 
564 
246 
252 
206 
232 
228 
208 
208 
582 
208 
210 
206 
206 
208 
212 
246 
706 
208 
206 
206 
204 
206 
246 
210 
248 
210 
208 
248 
246 
250 
246 
246 
208 
226 
204 
210 
248 
206 
248 
266 
48 
46 
48 
48 
46 
44 
48 
46 
248 
676 
212 
246 
244 
246 
206 
210 
248 
204 
208 
210 
244 
268 
250 
246 
204 
204 
210 
232 
230 
246 
228 
224 
202 
208 
600 
210 
206 
218 
244 
208 
208 
208 
636 
206 
208 
216 
240 
228 
208 
210 
210 
250 
268 
46 
46 
44 
48 
46 
48 
48 
248 
250 
204 
208 
208 
208 
206 
678 
206 
204 
244 
206 
206 
226 
248 
586 
240 
258 
250 
204 
248 
208 
228 
204 
206 
246 
210 
214 
250 
206 
246 
234 
318 
246 
210 
204 
230 
208 
206 
258 
544 
208 
206 
256 
268 
248 
226 
248 
48 
48 
48 
48 
48 
44 
230 
236 
232 
230 
214 
208 
246 
208 
250 
210 
208 
372 
210 
204 
208 
248 
202 
258 
234 
256 
206 
210 
204 
246 
210 
226 
248 
652 
208 
216 
212 
248 
210 
206 
208 
206 
248 
226 
208 
212 
206 
204 
208 
208 
264 
230 
44 
48 
44 
44 
44 
48 
238 
210 
210 
244 
248 
246 
208 
246 
450 
248 
246 
206 
248 
238 
228 
250 
702 
210 
244 
244 
208 
250 
206 
206 
204 
210 
206 
250 
228 
208 
208 
246 
250 
430 
206 
212 
210 
212 
246 
226 
218 
564 
206 
206 
212 
212 
202 
48 
46 
48 
46 
46 
48 
48 
208 
206 
206 
264 
206 
208 
208 
256 
260 
208 
210 
208 
334 
244 
244 
210 
214 
206 
226 
204 
496 
208 
212 
208 
206 
206 
204 
246 
204 
248 
206 
210 
214 
204 
220 
248 
230 
208 
258 
230 
208 
250 
208 
208 
252 
206 
46 
46 
44 
50 
46 
46 
46 
274 
208 
248 
208 
210 
224 
228 
206 
704 
206 
208 
210 
210 
242 
206 
484 
206 
250 
246 
246 
208 
208 
208 
244 
210 
206 
208 
210 
210 
208 
246 
216 
210 
602 
248 
210 
266 
206 
204 
208 
220 
572 
210 
228 
210 
206 
56 
232 
60 
46 
46 
44 
208 
246 
246 
268 
208 
210 
336 
216 
208 
250 
208 
248 
206 
206 
226 
48 
204 
204 
226 
210 
206 
208 
492 
248 
246 
228 
204 
204 
228 
246 
206 
206 
224 
218 
250 
208 
246 
206 
264 
258 
204 
246 
208 
210 
260 
204 
46 
48 
46 
46 
48 
232 
206 
208 
210 
500 
212 
210 
202 
222 
246 
224 
250 
614 
210 
244 
206 
206 
208 
248 
234 
210 
208 
246 
246 
212 
212 
246 
208 
246 
208 
268 
208 
210 
214 
208 
228 
248 
594 
208 
206 
206 
248 
210 
208 
254 
670 
208 
204 
46 
46 
50 
44 
46 
206 
232 
206 
260 
208 
204 
204 
208 
210 
292 
206 
242 
208 
246 
246 
204 
248 
432 
206 
248 
206 
208 
244 
230 
248 
674 
248 
216 
208 
238 
266 
210 
210 
246 
208 
212 
208 
234 
206 
206 
208 
208 
208 
208 
210 
208 
46 
48 
48 
44 
46 
246 
248 
206 
208 
250 
226 
246 
206 
248 
214 
248 
208 
216 
206 
246 
206 
204 
248 
204 
228 
204 
248 
210 
242 
208 
208 
244 
250 
246 
248 
246 
206 
228 
250 
206 
210 
208 
270 
230 
208 
428 
208 
210 
210 
208 
208 
48 
46 
46 
44 
46 
46 
220 
210 
248 
210 
246 
206 
210 
276 
210 
208 
208 
212 
204 
206 
244 
208 
212 
238 
206 
208 
216 
658 
210 
204 
202 
246 
246 
204 
244 
692 
206 
206 
252 
252 
206 
210 
206 
246 
206 
206 
204 
270 
208 
206 
264 
248 
184 
46 
46 
44 
248 
210 
208 
220 
606 
206 
238 
208 
242 
250 
228 
248 
208 
210 
206 
212 
208 
248 
226 
208 
204 
244 
208 
204 
208 
208 
248 
250 
206 
208 
246 
248 
246 
210 
244 
206 
210 
572 
212 
206 
210 
208 
208 
230 
248 
604 
44 
46 
44 
48 
46 
48 
48 
44 
250 
246 
248 
208 
206 
206 
208 
206 
206 
246 
206 
210 
206 
208 
248 
248 
462 
210 
208 
208 
252 
336 
210 
246 
204 
208 
228 
206 
248 
208 
226 
246 
208 
248 
236 
202 
204 
208 
208 
230 
240 
220 
228 
228 
246 
206 
44 
44 
48 
42 
50 
46 
206 
232 
210 
222 
260 
488 
244 
208 
214 
208 
204 
224 
252 
674 
206 
204 
210 
246 
214 
206 
204 
210 
288 
210 
204 
250 
208 
206 
214 
204 
322 
208 
210 
208 
206 
212 
214 
264 
652 
210 
208 
242 
234 
210 
210 
246 
208 
44 
44 
46 
48 
44 
46 
210 
210 
212 
208 
210 
226 
206 
250 
248 
204 
208 
208 
244 
202 
268 
244 
208 
210 
230 
606 
494 
350 
354 
424 
546 
216 
646 
244 
244 
208 
244 
246 
204 
248 
242 
250 
204 
224 
208 
250 
248 
210 
204 
210 
206 
210 
228 
208 
210 
210 
208 
46 
46 
44 
46 
48 
48 
206 
244 
568 
210 
214 
206 
246 
206 
206 
210 
208 
252 
214 
206 
206 
246 
248 
246 
208 
202 
210 
210 
238 
228 
210 
210 
214 
634 
246 
208 
206 
242 
206 
212 
206 
210 
208 
206 
208 
210 
206 
226 
224 
204 
238 
248 
204 
246 
46 
46 
46 
50 
46 
48 
44 
218 
208 
244 
210 
246 
366 
208 
228 
208 
218 
206 
226 
244 
426 
208 
246 
212 
210 
202 
210 
208 
204 
206 
214 
208 
206 
248 
208 
238 
256 
206 
208 
210 
208 
208 
210 
206 
208 
210 
202 
248 
248 
204 
202 
230 
210 
416 
46 
46 
234 
256 
204 
208 
206 
662 
208 
210 
248 
246 
208 
248 
258 
206 
208 
210 
216 
244 
210 
210 
208 
210 
314 
248 
208 
248 
208 
246 
226 
260 
340 
204 
210 
206 
246 
210 
208 
206 
208 
206 
246 
206 
250 
208 
208 
228 
246 
248 
246 
266 
208 
244 
248 
206 
248 
258 
228 
248 
254 
244 
208 
226 
252 
270 
248 
248 
208 
250 
248 
230 
210 
492 
206 
226 
228 
244 
246 
246 
244 
248 
248 
244 
248 
250 
246 
250 
246 
248 
248 
250 
248 
248 
318 
248 
230 
246 
258 
246 
206 
244 
258 
208 
224 
230 
490 
230 
208 
228 
284 
246 
228 
248 
704 
252 
232 
204 
248 
250 
246 
250 
206 
246 
248 
230 
208 
230 
246 
212 
246 
228 
248 
210 
326 
302 
250 
226 
250 
406 
246 
232 
248 
246 
214 
228 
206 
652 
278 
250 
210 
228 
208 
246 
252 
216 
246 
250 
224 
250 
248 
208 
246 
248 
282 
244 
246 
248 
246 
250 
226 
250 
402 
246 
246 
246 
250 
252 
226 
248 
622 
248 
250 
248 
258 
242 
250 
246 
230 
228 
248 
246 
248 
248 
226 
248 
250 
246 
246 
252 
246 
248 
246 
230 
250 
362 
224 
248 
248 
246 
246 
226 
246 
582 
246 
246 
246 
246 
250 
246 
246 
248 
244 
246 
244 
246 
244 
228 
244 
246 
444 
246 
248 
264 
246 
250 
228 
244 
276 
250 
250 
248 
250 
250 
228 
222 
520 
248 
250 
250 
246 
246 
242 
250 
210 
226 
250 
244 
248 
244 
248 
250 
244 
248 
248 
246 
246 
250 
248 
228 
250 
258 
244 
242 
250 
248 
250 
226 
250 
500 
246 
244 
250 
246 
250 
226 
246 
706 
246 
244 
252 
248 
246 
248 
246 
248 
246 
246 
246 
248 
248 
246 
248 
244 
226 
246 
248 
252 
246 
248 
222 
246 
410 
250 
246 
250 
246 
248 
224 
246 
654 
244 
248 
248 
248 
250 
242 
244 
246 
248 
246 
244 
250 
242 
244 
248 
244 
250 
248 
250 
246 
242 
244 
228 
246 
404 
248 
248 
246 
