# FR-trace starting at Wed Mar 10 14:46:49 2021
################# CONFIG #################
# slot=9000
# samples=5000
# threshold=100
# idle=500
# minlen=500
# runs=60000
# pdathreads=3
# nmonitored=1
#   monitor0=/usr/local/lib/libcrypto.so 770062 0xbc00e
# nevicted=0
# npdatargets=1
#   target0=/usr/local/lib/libcrypto.so 750148 0xb7244
# affinity=all
############## SYSTEM INFO ###############
# mastik_version=
# sysname=Linux
# nodename=05a3c7e5a789
# release=5.8.0-43-generic
# version=#49~20.04.1-Ubuntu SMP Fri Feb 5 09:57:56 UTC 2021
# machine=x86_64
################## DATA ##################
# run=1
# datapoints=5000
46 
206 
206 
206 
208 
246 
248 
208 
210 
206 
246 
226 
210 
838 
220 
204 
204 
250 
248 
46 
246 
48 
46 
44 
50 
208 
210 
208 
208 
208 
206 
248 
248 
268 
208 
254 
224 
246 
206 
242 
44 
208 
210 
208 
208 
210 
362 
204 
246 
250 
208 
208 
204 
246 
208 
250 
216 
246 
210 
248 
264 
246 
214 
210 
206 
204 
248 
204 
216 
210 
208 
46 
48 
44 
44 
46 
46 
46 
208 
448 
204 
204 
208 
208 
206 
208 
250 
570 
210 
206 
210 
208 
248 
246 
212 
250 
206 
206 
228 
210 
248 
210 
202 
216 
210 
218 
208 
210 
250 
204 
226 
206 
320 
244 
208 
246 
258 
250 
226 
210 
594 
268 
208 
210 
210 
44 
44 
48 
44 
46 
44 
44 
44 
248 
206 
206 
208 
212 
206 
210 
206 
206 
206 
208 
206 
556 
252 
248 
208 
210 
254 
228 
204 
210 
250 
204 
206 
204 
228 
214 
204 
688 
248 
208 
204 
246 
252 
206 
204 
204 
208 
248 
208 
218 
210 
210 
244 
206 
226 
44 
44 
46 
44 
44 
46 
44 
46 
204 
242 
206 
206 
206 
228 
250 
210 
248 
250 
212 
246 
206 
248 
246 
210 
214 
226 
208 
210 
204 
218 
208 
208 
286 
248 
246 
208 
208 
206 
230 
210 
502 
206 
232 
208 
208 
210 
208 
236 
694 
228 
244 
244 
208 
236 
44 
44 
46 
44 
46 
46 
210 
212 
250 
244 
246 
806 
218 
1980 
212 
1314 
230 
3072 
6662 
560 
210 
248 
246 
208 
228 
206 
248 
206 
246 
208 
226 
206 
250 
206 
248 
212 
246 
216 
204 
224 
250 
250 
246 
226 
288 
206 
206 
228 
250 
208 
228 
204 
334 
246 
208 
208 
210 
250 
44 
46 
46 
44 
48 
48 
250 
204 
244 
204 
210 
210 
208 
226 
208 
242 
208 
204 
210 
210 
230 
208 
206 
246 
206 
246 
206 
512 
248 
208 
206 
208 
208 
208 
206 
206 
206 
250 
212 
250 
208 
206 
206 
210 
248 
244 
246 
226 
246 
270 
208 
212 
44 
44 
44 
46 
46 
44 
248 
212 
406 
208 
206 
224 
210 
208 
212 
210 
576 
206 
242 
210 
250 
246 
208 
206 
838 
206 
246 
208 
216 
208 
206 
206 
264 
242 
210 
210 
210 
208 
208 
210 
210 
208 
208 
246 
210 
206 
210 
208 
206 
388 
208 
208 
48 
46 
46 
46 
44 
46 
46 
210 
208 
246 
246 
206 
246 
248 
206 
206 
206 
234 
208 
204 
250 
208 
206 
246 
208 
206 
208 
210 
208 
256 
532 
206 
206 
246 
208 
244 
228 
212 
620 
208 
206 
206 
228 
210 
232 
212 
208 
244 
206 
206 
244 
246 
206 
46 
46 
46 
44 
46 
44 
44 
46 
48 
208 
318 
206 
248 
248 
218 
230 
228 
206 
206 
248 
210 
248 
208 
224 
250 
208 
252 
208 
252 
228 
206 
208 
206 
250 
206 
400 
208 
248 
202 
242 
206 
206 
206 
256 
248 
246 
208 
246 
210 
226 
204 
206 
214 
204 
44 
46 
44 
44 
44 
46 
44 
44 
44 
46 
686 
206 
208 
224 
206 
210 
210 
210 
246 
252 
208 
246 
248 
208 
208 
206 
246 
208 
210 
204 
208 
246 
208 
208 
244 
206 
208 
224 
208 
250 
208 
246 
208 
212 
208 
210 
204 
224 
0 
210 
208 
206 
210 
246 
206 
208 
46 
46 
44 
44 
44 
50 
228 
720 
208 
206 
210 
246 
208 
210 
208 
724 
234 
210 
206 
248 
242 
246 
244 
266 
208 
248 
258 
248 
204 
208 
246 
206 
206 
210 
208 
248 
250 
218 
208 
208 
632 
246 
208 
246 
208 
208 
210 
248 
720 
248 
252 
246 
46 
44 
44 
46 
44 
44 
212 
208 
248 
210 
216 
208 
208 
208 
210 
208 
208 
208 
250 
206 
230 
518 
244 
206 
208 
210 
208 
210 
208 
534 
250 
214 
206 
206 
254 
250 
246 
246 
232 
206 
210 
228 
208 
228 
270 
220 
288 
206 
210 
208 
214 
46 
44 
46 
46 
48 
46 
248 
208 
206 
228 
210 
698 
208 
208 
246 
206 
208 
228 
210 
206 
206 
246 
252 
206 
208 
212 
208 
238 
208 
260 
212 
204 
230 
206 
250 
248 
442 
250 
210 
244 
210 
246 
224 
248 
474 
206 
208 
218 
210 
210 
206 
204 
142 
48 
46 
44 
46 
44 
44 
46 
206 
208 
208 
210 
230 
246 
208 
204 
206 
398 
210 
210 
246 
262 
232 
206 
206 
408 
206 
218 
208 
228 
206 
208 
208 
208 
246 
246 
204 
210 
248 
208 
208 
204 
210 
208 
256 
210 
208 
248 
248 
208 
210 
210 
228 
246 
44 
46 
46 
44 
46 
46 
46 
44 
210 
208 
206 
204 
206 
248 
210 
204 
210 
210 
210 
210 
214 
228 
246 
208 
244 
230 
250 
246 
248 
280 
248 
206 
244 
246 
208 
208 
206 
286 
210 
214 
214 
210 
208 
206 
210 
672 
250 
210 
246 
208 
208 
208 
244 
46 
44 
46 
44 
44 
206 
242 
206 
218 
206 
210 
206 
206 
210 
208 
212 
246 
316 
208 
248 
244 
246 
206 
222 
246 
212 
248 
248 
244 
208 
232 
208 
206 
206 
212 
250 
240 
204 
234 
246 
206 
208 
256 
210 
210 
248 
208 
208 
210 
250 
412 
244 
46 
44 
44 
44 
48 
206 
594 
246 
208 
246 
208 
208 
204 
244 
206 
208 
206 
246 
208 
252 
230 
206 
210 
204 
206 
248 
204 
208 
206 
246 
206 
486 
242 
224 
212 
206 
244 
236 
208 
358 
208 
214 
208 
206 
210 
210 
242 
670 
226 
206 
248 
46 
44 
44 
46 
44 
44 
238 
206 
210 
266 
206 
206 
206 
428 
212 
228 
248 
246 
204 
230 
206 
708 
214 
206 
246 
206 
266 
228 
224 
206 
206 
228 
204 
210 
246 
224 
246 
206 
208 
246 
256 
248 
206 
246 
218 
248 
208 
264 
206 
206 
248 
208 
48 
44 
46 
46 
44 
210 
206 
244 
208 
206 
580 
208 
260 
246 
212 
208 
236 
248 
208 
244 
206 
210 
208 
248 
208 
248 
256 
248 
208 
260 
222 
204 
248 
206 
208 
272 
248 
206 
208 
208 
208 
228 
206 
516 
208 
246 
208 
208 
208 
228 
206 
46 
44 
44 
46 
46 
46 
216 
208 
208 
202 
204 
248 
206 
266 
218 
206 
246 
420 
228 
248 
208 
208 
244 
232 
206 
632 
206 
244 
208 
248 
208 
208 
208 
206 
208 
208 
208 
210 
208 
250 
206 
206 
206 
206 
208 
256 
260 
248 
210 
212 
428 
248 
46 
44 
48 
44 
44 
46 
672 
210 
224 
248 
210 
204 
210 
246 
616 
228 
212 
226 
208 
210 
248 
206 
216 
210 
206 
206 
206 
204 
206 
216 
206 
528 
206 
208 
208 
248 
248 
210 
206 
598 
208 
206 
210 
208 
208 
208 
230 
210 
236 
248 
246 
250 
48 
46 
46 
44 
44 
46 
44 
206 
208 
204 
204 
208 
316 
208 
208 
210 
240 
208 
250 
208 
292 
248 
228 
208 
252 
256 
226 
244 
732 
210 
210 
210 
208 
208 
236 
210 
220 
244 
248 
208 
208 
204 
204 
206 
246 
312 
250 
208 
226 
210 
244 
248 
210 
44 
46 
42 
46 
42 
248 
210 
250 
582 
206 
214 
208 
206 
214 
206 
252 
208 
270 
210 
246 
210 
206 
248 
218 
208 
260 
242 
206 
216 
244 
208 
212 
242 
380 
248 
212 
220 
228 
206 
212 
204 
652 
244 
206 
206 
210 
206 
206 
246 
682 
208 
244 
44 
44 
46 
44 
44 
44 
44 
246 
246 
210 
206 
208 
210 
218 
210 
210 
208 
208 
202 
206 
216 
246 
674 
210 
206 
236 
240 
246 
210 
208 
208 
248 
208 
248 
206 
222 
208 
244 
244 
208 
206 
248 
206 
210 
204 
218 
248 
206 
250 
244 
206 
210 
246 
46 
48 
46 
44 
48 
44 
208 
208 
208 
244 
206 
208 
208 
230 
248 
230 
210 
208 
208 
210 
248 
248 
208 
208 
214 
208 
208 
246 
206 
246 
208 
206 
226 
236 
242 
648 
248 
208 
212 
230 
244 
234 
208 
210 
244 
206 
208 
206 
228 
204 
238 
146 
46 
44 
44 
44 
44 
246 
204 
248 
264 
206 
210 
208 
210 
242 
208 
208 
284 
208 
228 
208 
248 
256 
230 
244 
564 
204 
206 
208 
208 
208 
206 
262 
208 
208 
210 
208 
250 
212 
248 
208 
210 
210 
208 
248 
246 
206 
208 
210 
208 
340 
208 
44 
46 
44 
44 
44 
46 
474 
212 
224 
204 
210 
260 
234 
208 
210 
210 
208 
250 
206 
208 
250 
208 
228 
208 
246 
244 
206 
216 
206 
208 
206 
270 
260 
264 
216 
210 
248 
204 
250 
414 
210 
258 
210 
248 
202 
208 
210 
212 
208 
246 
244 
250 
46 
46 
46 
46 
48 
46 
44 
206 
208 
252 
252 
212 
216 
206 
234 
228 
208 
244 
206 
210 
434 
204 
210 
206 
208 
206 
210 
242 
206 
208 
206 
244 
208 
250 
210 
226 
208 
246 
204 
208 
208 
208 
242 
202 
246 
258 
206 
248 
222 
206 
208 
210 
250 
44 
44 
44 
42 
46 
44 
230 
246 
204 
0 
248 
246 
208 
244 
204 
210 
208 
248 
214 
212 
246 
204 
248 
236 
204 
208 
212 
246 
228 
206 
208 
206 
206 
380 
208 
246 
252 
248 
250 
216 
210 
612 
208 
208 
252 
208 
214 
226 
208 
268 
248 
248 
44 
46 
44 
44 
44 
42 
228 
208 
210 
210 
210 
206 
272 
218 
618 
208 
210 
230 
208 
226 
226 
206 
206 
204 
246 
208 
210 
206 
204 
246 
210 
206 
204 
206 
206 
204 
246 
264 
250 
292 
210 
246 
246 
206 
208 
210 
208 
210 
208 
248 
212 
246 
246 
226 
46 
46 
44 
44 
44 
246 
208 
228 
250 
204 
246 
206 
244 
206 
208 
244 
246 
206 
208 
216 
244 
246 
210 
246 
208 
208 
286 
210 
206 
208 
210 
236 
206 
230 
588 
202 
210 
208 
238 
206 
210 
252 
622 
208 
208 
208 
208 
212 
206 
200 
240 
44 
44 
46 
46 
246 
208 
202 
250 
206 
270 
208 
206 
204 
230 
226 
208 
646 
246 
252 
260 
210 
236 
226 
204 
720 
206 
206 
210 
206 
248 
206 
206 
222 
248 
248 
204 
208 
206 
208 
208 
208 
206 
244 
204 
246 
208 
208 
226 
228 
398 
46 
44 
46 
46 
44 
44 
246 
210 
210 
210 
206 
234 
206 
214 
208 
208 
208 
268 
226 
210 
208 
238 
248 
206 
208 
204 
210 
206 
238 
244 
246 
208 
240 
250 
216 
206 
244 
210 
228 
250 
464 
250 
206 
210 
250 
210 
206 
208 
204 
250 
234 
248 
46 
46 
46 
44 
46 
208 
210 
248 
216 
230 
226 
238 
208 
214 
248 
246 
206 
250 
206 
226 
208 
588 
210 
246 
246 
206 
252 
226 
206 
208 
248 
206 
250 
208 
258 
250 
230 
210 
216 
208 
208 
242 
248 
248 
210 
204 
334 
204 
208 
206 
248 
46 
46 
44 
44 
46 
44 
208 
268 
266 
226 
206 
206 
206 
248 
208 
238 
246 
248 
210 
250 
236 
248 
208 
246 
206 
246 
226 
206 
208 
210 
230 
228 
206 
244 
204 
206 
578 
248 
244 
220 
204 
208 
208 
212 
210 
256 
216 
212 
206 
244 
206 
256 
44 
48 
46 
46 
46 
46 
206 
212 
244 
206 
210 
206 
228 
204 
204 
206 
208 
476 
206 
208 
248 
246 
210 
210 
226 
208 
244 
246 
208 
238 
208 
208 
264 
250 
246 
204 
208 
208 
250 
206 
210 
258 
210 
206 
212 
244 
206 
208 
206 
248 
240 
246 
46 
46 
44 
44 
44 
44 
454 
204 
210 
208 
208 
246 
206 
204 
730 
250 
248 
206 
206 
208 
246 
248 
210 
208 
248 
210 
228 
208 
206 
252 
208 
546 
210 
268 
208 
210 
204 
208 
208 
428 
206 
206 
208 
248 
208 
238 
230 
684 
236 
208 
246 
46 
100 
76 
48 
46 
212 
206 
208 
204 
204 
208 
208 
228 
224 
246 
218 
204 
208 
208 
212 
208 
600 
228 
204 
258 
244 
264 
206 
208 
710 
208 
246 
206 
244 
230 
218 
246 
252 
210 
212 
212 
208 
246 
248 
204 
206 
206 
246 
210 
208 
248 
44 
44 
46 
48 
46 
46 
226 
246 
206 
212 
206 
606 
208 
224 
204 
208 
204 
206 
206 
208 
248 
246 
250 
206 
244 
244 
248 
208 
210 
208 
206 
256 
246 
210 
244 
212 
292 
210 
252 
206 
208 
208 
228 
210 
206 
246 
208 
250 
248 
210 
206 
206 
48 
46 
46 
46 
46 
44 
250 
204 
204 
206 
208 
268 
266 
214 
210 
204 
246 
340 
204 
208 
248 
206 
220 
210 
206 
494 
208 
210 
246 
232 
202 
210 
208 
660 
248 
208 
204 
244 
262 
208 
246 
208 
208 
210 
214 
246 
246 
210 
724 
208 
516 
46 
46 
46 
44 
44 
200 
208 
550 
206 
250 
208 
208 
202 
238 
204 
732 
208 
206 
242 
212 
206 
246 
208 
208 
210 
210 
208 
208 
206 
238 
206 
208 
208 
248 
210 
250 
248 
208 
206 
246 
388 
206 
204 
206 
248 
236 
210 
210 
208 
242 
206 
206 
44 
48 
48 
44 
46 
44 
44 
250 
204 
208 
208 
248 
212 
258 
224 
252 
238 
206 
212 
208 
244 
286 
212 
206 
208 
214 
206 
206 
208 
576 
206 
246 
216 
206 
206 
210 
238 
208 
206 
208 
236 
224 
204 
250 
208 
206 
204 
240 
204 
204 
208 
206 
44 
48 
46 
44 
44 
208 
208 
208 
206 
248 
526 
206 
228 
248 
206 
250 
212 
208 
208 
208 
206 
210 
248 
222 
206 
202 
208 
206 
218 
246 
208 
246 
232 
212 
224 
322 
208 
250 
228 
212 
226 
204 
206 
668 
208 
246 
208 
248 
208 
212 
208 
682 
44 
46 
44 
44 
44 
248 
210 
208 
210 
206 
250 
208 
210 
228 
256 
208 
272 
210 
208 
248 
242 
250 
210 
210 
432 
208 
206 
208 
254 
206 
208 
206 
208 
212 
230 
248 
236 
210 
246 
204 
204 
208 
258 
248 
208 
206 
204 
208 
204 
204 
248 
248 
46 
46 
46 
44 
46 
42 
44 
208 
210 
208 
248 
210 
214 
688 
238 
208 
210 
246 
232 
208 
206 
208 
204 
210 
210 
240 
206 
206 
208 
206 
206 
226 
208 
246 
208 
208 
226 
248 
586 
244 
206 
208 
206 
210 
204 
248 
208 
216 
206 
246 
246 
208 
228 
46 
46 
44 
46 
44 
44 
46 
206 
206 
248 
404 
258 
230 
244 
208 
208 
208 
208 
644 
228 
212 
248 
210 
210 
226 
208 
652 
226 
206 
210 
210 
210 
212 
204 
210 
210 
246 
206 
244 
214 
208 
242 
208 
376 
206 
204 
208 
204 
206 
216 
254 
216 
236 
46 
42 
44 
46 
44 
42 
48 
46 
206 
204 
208 
246 
202 
226 
644 
208 
248 
246 
238 
204 
208 
208 
248 
210 
206 
248 
212 
210 
246 
210 
206 
210 
206 
260 
244 
236 
206 
206 
234 
420 
206 
216 
204 
212 
210 
206 
206 
720 
208 
242 
204 
250 
206 
46 
44 
46 
48 
44 
46 
250 
260 
206 
208 
208 
236 
208 
244 
244 
206 
208 
226 
206 
594 
208 
250 
204 
210 
250 
208 
246 
594 
208 
212 
244 
248 
208 
202 
206 
206 
246 
208 
216 
248 
204 
250 
248 
208 
306 
208 
232 
246 
250 
242 
226 
248 
46 
44 
46 
46 
44 
44 
208 
212 
206 
230 
210 
206 
204 
208 
206 
250 
204 
206 
206 
206 
246 
206 
224 
248 
204 
204 
202 
210 
242 
248 
210 
208 
234 
298 
208 
250 
208 
208 
214 
222 
208 
502 
206 
266 
250 
208 
206 
208 
244 
206 
206 
44 
46 
44 
44 
44 
250 
202 
210 
208 
208 
204 
208 
206 
208 
206 
430 
232 
248 
206 
250 
202 
204 
210 
506 
212 
210 
208 
206 
206 
228 
216 
668 
228 
208 
208 
212 
212 
210 
244 
248 
208 
218 
252 
216 
214 
246 
206 
210 
364 
206 
112 
112 
44 
44 
46 
46 
46 
46 
250 
208 
210 
250 
208 
210 
644 
208 
202 
246 
214 
210 
248 
206 
204 
244 
210 
248 
208 
220 
248 
210 
206 
396 
204 
216 
248 
238 
208 
206 
246 
378 
208 
246 
208 
210 
210 
206 
248 
210 
242 
226 
248 
246 
204 
210 
44 
44 
46 
44 
46 
46 
204 
216 
208 
212 
210 
206 
206 
244 
230 
212 
206 
252 
328 
212 
208 
244 
204 
204 
208 
246 
210 
210 
206 
236 
208 
204 
208 
274 
208 
208 
248 
232 
208 
210 
208 
208 
246 
278 
208 
250 
248 
250 
222 
236 
208 
420 
44 
44 
46 
44 
44 
44 
208 
658 
248 
246 
204 
248 
210 
204 
246 
206 
208 
208 
210 
206 
206 
208 
204 
208 
210 
210 
214 
246 
210 
246 
208 
246 
308 
208 
208 
208 
246 
208 
204 
208 
462 
210 
246 
204 
246 
246 
204 
264 
210 
248 
220 
242 
44 
44 
48 
46 
44 
44 
44 
244 
208 
210 
250 
246 
208 
382 
248 
206 
208 
208 
232 
210 
208 
424 
244 
208 
206 
206 
250 
210 
248 
668 
206 
210 
204 
208 
210 
204 
258 
210 
208 
206 
206 
208 
234 
218 
206 
210 
240 
246 
206 
246 
208 
248 
44 
44 
48 
48 
46 
44 
48 
210 
208 
206 
206 
206 
208 
210 
206 
204 
204 
220 
234 
212 
248 
244 
250 
204 
248 
228 
232 
360 
248 
210 
230 
210 
204 
206 
206 
362 
206 
246 
246 
202 
208 
208 
208 
594 
222 
206 
250 
236 
206 
250 
206 
246 
244 
46 
44 
50 
48 
46 
246 
210 
210 
206 
208 
208 
208 
206 
206 
208 
666 
210 
206 
208 
246 
250 
208 
208 
532 
208 
208 
216 
206 
246 
252 
210 
222 
204 
270 
208 
206 
248 
206 
234 
210 
208 
246 
208 
212 
206 
248 
208 
212 
334 
232 
204 
48 
44 
46 
44 
48 
46 
44 
208 
220 
206 
250 
226 
210 
208 
228 
208 
238 
206 
206 
266 
212 
206 
248 
210 
206 
208 
206 
236 
208 
210 
512 
204 
248 
208 
226 
208 
214 
238 
564 
248 
202 
210 
206 
210 
210 
206 
208 
244 
210 
226 
244 
210 
244 
248 
46 
48 
44 
44 
46 
44 
46 
44 
44 
320 
208 
206 
248 
246 
206 
208 
248 
392 
228 
206 
204 
210 
264 
236 
246 
608 
248 
250 
246 
238 
206 
210 
208 
204 
206 
204 
208 
210 
206 
244 
222 
250 
428 
206 
206 
210 
246 
224 
208 
204 
360 
206 
208 
206 
206 
46 
44 
46 
46 
44 
206 
204 
236 
210 
248 
234 
206 
208 
206 
248 
210 
206 
212 
248 
248 
210 
208 
232 
248 
210 
206 
230 
212 
306 
208 
210 
244 
208 
210 
206 
210 
516 
206 
208 
216 
204 
228 
244 
248 
208 
208 
206 
210 
264 
248 
210 
212 
46 
46 
44 
44 
46 
46 
208 
250 
208 
240 
238 
248 
206 
248 
204 
228 
256 
462 
236 
210 
248 
206 
228 
228 
250 
208 
208 
248 
246 
208 
254 
238 
246 
246 
244 
226 
208 
226 
216 
210 
210 
206 
508 
208 
210 
208 
214 
206 
210 
206 
838 
46 
44 
46 
44 
44 
46 
210 
206 
206 
204 
240 
208 
212 
212 
208 
206 
208 
212 
208 
206 
250 
248 
206 
206 
206 
214 
230 
210 
208 
248 
208 
206 
516 
248 
210 
218 
246 
230 
212 
246 
208 
250 
208 
244 
208 
206 
250 
208 
270 
224 
210 
206 
44 
44 
44 
44 
46 
46 
216 
250 
204 
208 
206 
226 
208 
338 
240 
250 
210 
206 
206 
226 
242 
656 
248 
212 
234 
206 
210 
210 
206 
208 
246 
248 
206 
204 
208 
204 
248 
210 
206 
206 
210 
204 
206 
208 
226 
204 
592 
206 
206 
204 
208 
206 
42 
46 
42 
44 
46 
46 
244 
208 
208 
246 
212 
250 
208 
266 
256 
244 
208 
208 
248 
210 
206 
206 
248 
218 
246 
258 
208 
608 
250 
246 
244 
208 
238 
208 
240 
476 
246 
206 
208 
206 
208 
210 
214 
204 
208 
250 
206 
204 
208 
204 
208 
206 
46 
46 
44 
42 
46 
46 
206 
206 
462 
226 
216 
216 
208 
210 
208 
244 
448 
210 
270 
210 
248 
248 
208 
226 
660 
210 
248 
208 
214 
230 
210 
212 
208 
206 
210 
208 
250 
206 
206 
248 
250 
208 
224 
214 
206 
228 
208 
212 
206 
654 
208 
210 
44 
48 
44 
44 
46 
46 
46 
46 
208 
206 
208 
210 
206 
206 
208 
208 
206 
208 
258 
208 
242 
248 
244 
234 
208 
266 
208 
206 
230 
208 
546 
206 
242 
206 
240 
208 
226 
218 
560 
246 
210 
210 
212 
206 
210 
212 
212 
206 
244 
216 
206 
248 
208 
214 
46 
48 
44 
46 
44 
42 
206 
224 
268 
552 
246 
220 
206 
248 
208 
206 
210 
510 
208 
208 
248 
250 
246 
206 
248 
210 
246 
216 
250 
210 
204 
210 
206 
210 
208 
206 
246 
214 
206 
204 
210 
248 
228 
208 
208 
258 
248 
210 
206 
250 
466 
242 
44 
44 
46 
46 
44 
46 
44 
46 
46 
248 
208 
206 
248 
206 
210 
212 
206 
248 
208 
206 
208 
208 
210 
340 
210 
208 
208 
206 
248 
208 
226 
450 
210 
254 
210 
210 
240 
206 
208 
210 
206 
240 
206 
210 
218 
208 
266 
212 
210 
206 
210 
246 
208 
226 
272 
44 
48 
46 
46 
48 
44 
44 
226 
208 
368 
246 
236 
208 
206 
210 
208 
204 
206 
208 
208 
250 
252 
208 
202 
246 
208 
208 
244 
208 
206 
236 
246 
210 
202 
204 
206 
250 
244 
208 
214 
224 
204 
670 
230 
204 
208 
208 
204 
208 
212 
604 
204 
206 
46 
48 
46 
46 
46 
46 
44 
214 
208 
208 
206 
214 
208 
208 
210 
210 
246 
224 
246 
210 
208 
250 
504 
206 
208 
208 
206 
208 
210 
210 
724 
206 
208 
210 
244 
204 
218 
246 
210 
208 
244 
208 
208 
228 
246 
248 
252 
222 
206 
208 
206 
208 
204 
286 
246 
46 
46 
44 
50 
204 
212 
208 
208 
206 
210 
262 
210 
208 
208 
208 
208 
206 
208 
246 
204 
250 
208 
210 
208 
216 
250 
204 
210 
204 
242 
208 
210 
208 
590 
238 
226 
208 
208 
206 
206 
206 
450 
206 
210 
210 
246 
212 
204 
210 
48 
44 
48 
46 
46 
246 
208 
216 
210 
214 
206 
244 
250 
248 
208 
210 
208 
374 
246 
250 
248 
248 
208 
230 
208 
572 
204 
210 
216 
248 
266 
226 
248 
654 
250 
250 
206 
248 
242 
210 
208 
212 
248 
244 
268 
208 
250 
206 
208 
226 
218 
46 
46 
46 
46 
44 
48 
48 
46 
42 
44 
204 
206 
246 
228 
206 
616 
206 
214 
214 
248 
210 
236 
206 
208 
242 
246 
240 
210 
226 
212 
202 
206 
248 
206 
206 
232 
206 
206 
208 
246 
278 
250 
226 
208 
248 
248 
224 
208 
206 
248 
266 
208 
208 
210 
206 
46 
44 
46 
48 
46 
46 
44 
206 
242 
210 
206 
244 
246 
246 
264 
244 
264 
244 
342 
206 
208 
204 
206 
206 
208 
250 
208 
206 
244 
204 
210 
210 
210 
250 
210 
206 
248 
246 
208 
246 
234 
234 
214 
226 
222 
206 
208 
240 
210 
206 
210 
252 
248 
42 
44 
44 
46 
46 
44 
454 
246 
210 
216 
218 
204 
206 
206 
206 
246 
208 
206 
206 
264 
244 
208 
208 
208 
210 
204 
244 
224 
208 
244 
208 
422 
208 
206 
208 
246 
206 
230 
206 
690 
210 
246 
248 
210 
208 
210 
206 
204 
244 
208 
204 
208 
44 
44 
46 
46 
46 
208 
208 
216 
220 
210 
210 
248 
376 
208 
208 
208 
206 
206 
204 
248 
364 
210 
204 
246 
248 
246 
228 
250 
204 
204 
256 
206 
248 
210 
210 
246 
210 
228 
214 
248 
248 
218 
208 
234 
206 
280 
206 
230 
208 
208 
46 
44 
46 
44 
44 
44 
44 
248 
206 
208 
222 
208 
208 
246 
208 
232 
208 
230 
208 
246 
260 
206 
244 
208 
248 
210 
206 
206 
208 
208 
246 
248 
254 
210 
208 
208 
408 
208 
212 
210 
264 
234 
210 
206 
210 
246 
250 
212 
246 
204 
210 
218 
240 
46 
44 
42 
48 
44 
44 
44 
208 
204 
250 
206 
210 
268 
206 
210 
212 
314 
238 
248 
248 
234 
250 
208 
204 
414 
246 
210 
208 
204 
210 
206 
228 
204 
248 
206 
250 
248 
248 
210 
204 
206 
204 
250 
206 
236 
246 
246 
206 
250 
396 
208 
210 
222 
44 
46 
44 
44 
44 
44 
208 
208 
214 
206 
224 
206 
624 
248 
248 
244 
238 
228 
208 
206 
270 
220 
204 
246 
208 
248 
208 
246 
248 
208 
206 
246 
206 
206 
214 
212 
248 
612 
208 
206 
250 
220 
246 
208 
210 
598 
248 
246 
206 
226 
208 
206 
46 
48 
44 
44 
48 
248 
244 
244 
210 
204 
360 
246 
210 
204 
208 
208 
206 
206 
396 
246 
210 
268 
228 
248 
226 
212 
500 
264 
214 
210 
204 
204 
204 
208 
246 
248 
248 
206 
204 
206 
228 
204 
210 
208 
206 
208 
206 
248 
208 
214 
714 
780 
540 
640 
44 
46 
46 
46 
46 
42 
206 
240 
248 
210 
208 
226 
224 
210 
246 
208 
244 
246 
252 
220 
216 
250 
206 
206 
250 
212 
210 
206 
248 
226 
210 
214 
236 
206 
206 
212 
228 
208 
560 
244 
210 
238 
248 
248 
228 
234 
204 
246 
210 
246 
204 
210 
46 
44 
46 
44 
44 
250 
210 
208 
244 
246 
250 
210 
246 
210 
228 
210 
210 
224 
224 
378 
248 
246 
210 
208 
206 
208 
210 
652 
210 
212 
208 
234 
208 
244 
208 
210 
206 
246 
210 
202 
244 
204 
248 
252 
360 
202 
206 
206 
206 
208 
206 
46 
48 
46 
44 
46 
46 
46 
218 
244 
204 
218 
236 
248 
208 
206 
206 
210 
206 
206 
210 
208 
244 
248 
236 
216 
230 
434 
204 
210 
210 
210 
242 
208 
206 
324 
210 
206 
206 
206 
206 
208 
250 
528 
238 
208 
212 
210 
208 
206 
250 
260 
208 
208 
248 
46 
44 
44 
44 
44 
208 
244 
206 
204 
228 
206 
250 
214 
256 
208 
246 
244 
236 
210 
232 
210 
486 
210 
250 
208 
248 
272 
206 
248 
704 
208 
208 
208 
208 
246 
224 
248 
206 
208 
210 
206 
206 
234 
208 
246 
248 
216 
204 
246 
206 
210 
242 
46 
46 
46 
46 
44 
44 
46 
206 
208 
208 
206 
210 
206 
214 
248 
210 
208 
208 
248 
208 
248 
248 
248 
208 
202 
206 
246 
232 
242 
210 
244 
246 
208 
228 
246 
614 
208 
208 
206 
268 
266 
204 
206 
206 
206 
248 
208 
248 
204 
212 
238 
206 
248 
46 
44 
46 
44 
46 
44 
44 
782 
220 
210 
214 
210 
246 
228 
246 
408 
246 
208 
236 
254 
208 
208 
248 
582 
228 
252 
208 
210 
208 
204 
260 
246 
248 
208 
208 
246 
208 
210 
210 
210 
206 
244 
206 
218 
208 
206 
206 
206 
588 
206 
218 
210 
208 
46 
46 
48 
44 
48 
204 
206 
210 
210 
208 
258 
244 
250 
248 
208 
210 
242 
246 
208 
210 
206 
210 
208 
208 
214 
204 
210 
208 
478 
248 
206 
208 
208 
208 
216 
248 
562 
238 
268 
238 
208 
208 
216 
264 
206 
206 
246 
226 
246 
240 
248 
212 
46 
48 
46 
44 
46 
44 
206 
208 
234 
216 
256 
248 
238 
248 
240 
208 
204 
438 
208 
246 
208 
206 
208 
206 
252 
628 
220 
248 
246 
206 
226 
208 
208 
210 
276 
208 
250 
208 
246 
206 
246 
206 
484 
208 
230 
216 
232 
208 
226 
206 
612 
206 
44 
44 
46 
48 
46 
44 
46 
46 
206 
206 
210 
248 
232 
246 
248 
210 
210 
252 
210 
208 
206 
248 
206 
248 
248 
208 
226 
248 
208 
224 
208 
354 
208 
206 
208 
216 
206 
206 
206 
620 
206 
248 
248 
208 
218 
206 
204 
212 
210 
206 
222 
208 
236 
62 
42 
44 
428 
206 
210 
208 
214 
204 
206 
210 
276 
256 
248 
208 
248 
210 
206 
208 
676 
248 
246 
206 
206 
204 
208 
210 
206 
210 
208 
206 
208 
206 
210 
206 
206 
302 
246 
250 
208 
206 
248 
208 
208 
592 
246 
246 
246 
228 
208 
228 
252 
488 
210 
210 
204 
242 
246 
228 
250 
692 
228 
246 
248 
250 
250 
206 
222 
246 
248 
208 
206 
228 
230 
246 
248 
246 
338 
246 
228 
232 
248 
246 
228 
246 
406 
246 
228 
248 
246 
228 
228 
250 
600 
210 
252 
212 
228 
208 
374 
220 
208 
230 
228 
224 
214 
248 
216 
226 
246 
248 
246 
208 
210 
246 
224 
228 
248 
390 
246 
250 
226 
214 
248 
226 
250 
212 
226 
246 
230 
232 
248 
254 
224 
246 
246 
234 
228 
250 
248 
264 
228 
246 
226 
242 
248 
248 
246 
208 
228 
208 
344 
248 
248 
260 
250 
244 
228 
244 
580 
248 
246 
248 
248 
248 
246 
252 
242 
204 
250 
248 
248 
248 
248 
232 
248 
246 
246 
248 
246 
246 
206 
230 
246 
264 
246 
250 
246 
246 
248 
224 
252 
494 
252 
246 
248 
246 
252 
228 
248 
246 
248 
246 
242 
250 
244 
250 
210 
244 
246 
248 
244 
240 
248 
248 
248 
248 
258 
246 
246 
248 
230 
248 
230 
250 
484 
248 
248 
246 
246 
248 
228 
248 
700 
248 
248 
248 
246 
208 
226 
246 
230 
248 
248 
248 
246 
244 
248 
252 
246 
248 
244 
248 
246 
246 
250 
228 
246 
408 
244 
248 
252 
246 
246 
228 
228 
208 
248 
250 
246 
224 
246 
246 
244 
248 
250 
246 
248 
248 
246 
248 
210 
246 
250 
246 
248 
250 
246 
248 
224 
208 
206 
248 
248 
246 
248 
250 
228 
250 
630 
244 
248 
246 
248 
246 
244 
248 
248 
244 
246 
248 
250 
246 
250 
248 
248 
244 
248 
228 
246 
248 
248 
228 
248 
332 
250 
248 
252 
246 
248 
228 
226 
574 
244 
248 
228 
248 
248 
248 
246 
244 
244 
248 
248 
248 
242 
248 
246 
248 
250 
248 
252 
248 
244 
248 
228 
248 
280 
248 
246 
246 
246 
250 
226 
246 
510 
246 
248 
