# FR-trace starting at Wed Mar 10 14:47:13 2021
################# CONFIG #################
# slot=9000
# samples=5000
# threshold=100
# idle=500
# minlen=500
# runs=60000
# pdathreads=3
# nmonitored=1
#   monitor0=/usr/local/lib/libcrypto.so 770062 0xbc00e
# nevicted=0
# npdatargets=1
#   target0=/usr/local/lib/libcrypto.so 750148 0xb7244
# affinity=all
############## SYSTEM INFO ###############
# mastik_version=
# sysname=Linux
# nodename=05a3c7e5a789
# release=5.8.0-43-generic
# version=#49~20.04.1-Ubuntu SMP Fri Feb 5 09:57:56 UTC 2021
# machine=x86_64
################## DATA ##################
# run=1
# datapoints=5000
44 
208 
242 
248 
248 
524 
204 
210 
208 
248 
228 
208 
206 
392 
204 
248 
204 
210 
246 
226 
46 
46 
46 
44 
46 
46 
206 
228 
234 
210 
226 
210 
206 
210 
234 
206 
240 
204 
256 
230 
208 
46 
212 
224 
238 
210 
544 
250 
206 
218 
244 
206 
228 
260 
640 
246 
210 
210 
208 
254 
208 
208 
208 
244 
228 
208 
208 
204 
208 
208 
242 
208 
46 
44 
46 
46 
46 
48 
46 
46 
208 
208 
248 
248 
204 
204 
206 
488 
208 
250 
216 
206 
216 
228 
250 
216 
248 
222 
206 
208 
236 
248 
208 
208 
206 
210 
208 
206 
204 
210 
208 
248 
430 
204 
212 
204 
208 
210 
228 
248 
606 
244 
208 
268 
252 
208 
228 
46 
44 
44 
46 
44 
46 
46 
206 
210 
246 
210 
208 
210 
246 
248 
208 
210 
210 
208 
244 
206 
208 
250 
204 
204 
208 
494 
212 
208 
208 
208 
212 
210 
216 
578 
228 
206 
246 
210 
212 
206 
212 
208 
210 
216 
206 
206 
206 
208 
224 
208 
468 
250 
44 
44 
44 
44 
46 
44 
46 
48 
46 
246 
210 
208 
224 
210 
606 
208 
204 
206 
204 
206 
208 
208 
208 
244 
246 
250 
248 
206 
212 
246 
248 
270 
208 
208 
206 
250 
208 
206 
204 
640 
208 
206 
206 
206 
204 
204 
248 
206 
210 
250 
208 
246 
246 
208 
212 
248 
46 
48 
44 
44 
44 
236 
242 
250 
210 
226 
218 
238 
230 
248 
206 
206 
590 
244 
248 
208 
202 
246 
250 
208 
524 
214 
208 
246 
250 
240 
206 
248 
206 
212 
246 
210 
250 
212 
248 
206 
210 
212 
264 
210 
212 
210 
212 
208 
242 
356 
46 
46 
46 
44 
46 
46 
46 
502 
208 
206 
246 
206 
210 
210 
206 
208 
244 
216 
208 
212 
204 
246 
236 
208 
210 
204 
206 
208 
206 
208 
206 
206 
206 
246 
220 
208 
248 
240 
212 
222 
650 
206 
246 
210 
208 
206 
208 
248 
618 
206 
206 
246 
42 
44 
46 
44 
50 
44 
228 
208 
248 
208 
230 
208 
208 
208 
208 
210 
208 
210 
208 
208 
248 
376 
208 
214 
246 
248 
252 
228 
250 
630 
208 
228 
208 
208 
230 
206 
250 
208 
244 
234 
208 
224 
208 
248 
246 
228 
208 
246 
246 
208 
254 
228 
226 
44 
44 
46 
44 
42 
44 
208 
208 
206 
532 
212 
244 
208 
234 
204 
206 
206 
208 
206 
206 
208 
212 
244 
208 
218 
206 
208 
206 
206 
248 
208 
248 
208 
254 
418 
204 
212 
210 
206 
210 
204 
210 
590 
208 
206 
242 
212 
246 
228 
206 
248 
208 
226 
206 
48 
44 
46 
46 
44 
46 
44 
42 
48 
248 
250 
208 
208 
406 
242 
208 
226 
206 
210 
208 
210 
710 
206 
244 
264 
204 
228 
206 
204 
644 
208 
206 
246 
204 
208 
206 
244 
204 
214 
206 
208 
216 
210 
206 
208 
248 
212 
252 
252 
208 
210 
232 
210 
210 
44 
44 
42 
46 
44 
42 
44 
46 
44 
44 
210 
206 
206 
216 
208 
208 
206 
206 
246 
250 
214 
204 
256 
226 
248 
438 
240 
244 
204 
230 
204 
230 
204 
466 
204 
210 
210 
206 
206 
206 
208 
206 
208 
206 
204 
208 
248 
210 
206 
208 
204 
240 
204 
230 
218 
244 
44 
44 
44 
46 
46 
208 
208 
206 
224 
234 
374 
246 
208 
244 
250 
246 
208 
204 
650 
246 
246 
246 
248 
206 
254 
230 
208 
244 
250 
212 
210 
230 
208 
208 
248 
248 
268 
248 
232 
246 
210 
266 
208 
478 
208 
250 
208 
266 
206 
226 
210 
46 
46 
46 
48 
46 
44 
208 
248 
244 
208 
220 
224 
206 
210 
210 
250 
208 
240 
210 
206 
246 
206 
246 
206 
206 
606 
244 
218 
208 
208 
252 
206 
248 
590 
208 
208 
248 
206 
212 
210 
210 
208 
210 
208 
208 
248 
212 
248 
208 
208 
226 
204 
46 
44 
44 
46 
44 
246 
470 
250 
206 
210 
202 
204 
232 
208 
696 
270 
210 
264 
208 
244 
210 
244 
606 
208 
212 
214 
206 
204 
210 
210 
248 
208 
210 
212 
208 
206 
208 
206 
208 
538 
210 
208 
208 
210 
244 
208 
208 
526 
208 
208 
242 
46 
44 
44 
48 
46 
44 
44 
206 
218 
246 
208 
248 
208 
248 
208 
210 
210 
206 
256 
228 
248 
248 
212 
248 
228 
248 
270 
206 
210 
580 
204 
208 
210 
260 
208 
206 
212 
534 
216 
262 
252 
248 
208 
226 
208 
214 
228 
246 
206 
210 
206 
232 
250 
46 
80 
46 
46 
44 
44 
48 
216 
252 
584 
208 
208 
252 
204 
210 
208 
212 
668 
210 
212 
248 
246 
212 
210 
252 
208 
208 
244 
210 
210 
208 
210 
250 
206 
206 
244 
208 
244 
220 
204 
208 
204 
344 
204 
208 
244 
210 
210 
210 
210 
444 
204 
208 
44 
44 
44 
44 
212 
658 
246 
224 
246 
206 
222 
206 
244 
228 
206 
252 
206 
214 
208 
208 
206 
208 
382 
212 
234 
246 
244 
206 
208 
208 
414 
206 
222 
208 
246 
204 
208 
206 
208 
208 
226 
208 
248 
210 
208 
244 
206 
214 
208 
206 
46 
46 
46 
44 
44 
44 
216 
206 
208 
208 
210 
206 
204 
630 
208 
206 
248 
248 
206 
204 
250 
208 
206 
244 
250 
248 
208 
206 
210 
210 
206 
206 
208 
208 
250 
208 
248 
232 
210 
208 
206 
250 
208 
224 
204 
248 
626 
246 
246 
208 
202 
246 
226 
44 
46 
44 
48 
44 
208 
204 
254 
246 
246 
246 
208 
228 
246 
208 
208 
208 
248 
366 
206 
210 
204 
262 
208 
224 
208 
294 
208 
244 
246 
226 
206 
210 
248 
534 
206 
202 
206 
204 
206 
216 
208 
248 
204 
212 
206 
206 
246 
248 
246 
250 
204 
44 
46 
46 
44 
48 
44 
224 
212 
206 
208 
248 
206 
206 
226 
208 
680 
206 
208 
208 
238 
248 
226 
228 
656 
208 
206 
212 
240 
204 
210 
248 
204 
216 
242 
208 
212 
204 
226 
208 
210 
492 
206 
208 
206 
204 
244 
208 
250 
680 
230 
214 
228 
210 
44 
44 
44 
46 
44 
44 
202 
210 
216 
246 
208 
214 
292 
228 
244 
206 
208 
206 
210 
206 
492 
210 
206 
206 
202 
208 
206 
206 
510 
238 
222 
204 
308 
208 
210 
260 
208 
206 
206 
250 
208 
210 
208 
202 
206 
208 
212 
206 
246 
246 
208 
208 
44 
44 
44 
46 
48 
204 
208 
206 
250 
506 
206 
250 
208 
226 
244 
234 
250 
526 
248 
212 
270 
252 
228 
244 
210 
206 
208 
206 
204 
210 
206 
246 
262 
208 
276 
248 
206 
204 
248 
206 
206 
212 
288 
240 
210 
250 
210 
208 
230 
242 
542 
44 
46 
44 
44 
46 
46 
44 
230 
234 
208 
206 
208 
228 
246 
234 
206 
208 
210 
204 
206 
248 
208 
250 
210 
578 
206 
248 
226 
210 
244 
216 
210 
206 
204 
208 
258 
208 
216 
228 
208 
204 
244 
244 
246 
210 
246 
218 
226 
248 
208 
256 
244 
234 
204 
44 
44 
48 
46 
46 
208 
248 
202 
248 
208 
210 
504 
210 
206 
206 
206 
248 
204 
208 
206 
208 
250 
210 
206 
210 
208 
250 
250 
206 
214 
208 
252 
208 
208 
240 
264 
466 
212 
208 
204 
204 
206 
206 
218 
502 
228 
250 
206 
250 
212 
44 
44 
46 
46 
48 
44 
46 
206 
204 
216 
206 
208 
208 
262 
208 
228 
248 
204 
204 
404 
206 
248 
248 
206 
206 
230 
210 
554 
358 
218 
208 
216 
248 
208 
208 
664 
248 
246 
208 
248 
206 
208 
208 
250 
246 
208 
204 
206 
230 
214 
248 
236 
326 
46 
44 
46 
46 
48 
210 
206 
518 
208 
206 
244 
208 
210 
244 
210 
210 
208 
246 
250 
208 
208 
252 
208 
208 
246 
234 
208 
214 
246 
206 
206 
242 
314 
204 
248 
246 
204 
206 
236 
208 
210 
208 
210 
246 
208 
208 
220 
234 
728 
250 
248 
44 
44 
44 
44 
44 
206 
244 
244 
210 
208 
210 
210 
246 
208 
206 
244 
206 
204 
210 
210 
204 
236 
322 
250 
246 
250 
208 
210 
230 
212 
544 
208 
250 
206 
208 
248 
228 
234 
206 
210 
224 
220 
230 
206 
210 
236 
246 
292 
204 
238 
202 
46 
44 
46 
48 
46 
46 
224 
228 
206 
206 
212 
244 
690 
210 
206 
246 
206 
204 
224 
248 
202 
206 
248 
230 
248 
210 
206 
246 
216 
210 
210 
212 
208 
232 
230 
208 
210 
356 
206 
208 
244 
234 
248 
204 
210 
318 
208 
228 
228 
246 
206 
210 
244 
46 
44 
44 
44 
44 
44 
210 
208 
212 
244 
264 
208 
208 
240 
250 
214 
246 
218 
210 
212 
244 
204 
222 
228 
206 
596 
226 
242 
210 
208 
248 
228 
248 
662 
208 
208 
248 
212 
258 
208 
210 
208 
246 
206 
206 
208 
206 
220 
228 
246 
210 
238 
44 
46 
46 
48 
46 
44 
506 
244 
206 
208 
208 
246 
228 
248 
628 
208 
260 
228 
446 
206 
230 
208 
208 
206 
208 
206 
210 
212 
206 
208 
248 
208 
206 
212 
210 
246 
248 
246 
244 
412 
208 
204 
242 
690 
210 
228 
206 
420 
206 
246 
72 
48 
44 
48 
48 
44 
226 
228 
244 
206 
208 
208 
234 
208 
204 
208 
234 
228 
248 
228 
248 
246 
332 
230 
212 
250 
208 
206 
236 
208 
362 
206 
246 
244 
206 
246 
228 
214 
206 
248 
238 
210 
246 
230 
208 
204 
248 
204 
210 
216 
220 
204 
44 
44 
44 
46 
44 
44 
46 
244 
208 
208 
210 
630 
208 
218 
206 
210 
204 
210 
208 
206 
208 
248 
210 
214 
202 
204 
206 
248 
250 
206 
210 
208 
248 
232 
210 
206 
334 
248 
226 
214 
208 
206 
206 
206 
300 
204 
250 
214 
206 
260 
210 
210 
664 
44 
44 
48 
44 
208 
204 
204 
210 
248 
210 
208 
206 
266 
208 
222 
246 
260 
208 
246 
212 
244 
208 
206 
208 
414 
210 
226 
206 
246 
230 
218 
244 
456 
210 
208 
210 
242 
206 
208 
206 
650 
208 
250 
230 
212 
250 
208 
208 
208 
206 
48 
44 
42 
46 
46 
220 
224 
442 
210 
234 
210 
206 
244 
216 
238 
584 
208 
246 
210 
228 
250 
206 
208 
670 
214 
210 
208 
250 
232 
210 
210 
248 
208 
206 
206 
248 
208 
208 
208 
240 
244 
244 
208 
204 
248 
208 
216 
216 
508 
204 
208 
46 
48 
46 
48 
46 
694 
210 
206 
256 
202 
208 
208 
208 
250 
248 
210 
248 
210 
248 
246 
252 
208 
316 
212 
210 
246 
246 
210 
226 
208 
674 
208 
206 
246 
242 
246 
208 
250 
678 
210 
212 
242 
210 
214 
206 
210 
208 
210 
228 
232 
206 
44 
46 
44 
44 
44 
44 
202 
206 
224 
244 
208 
208 
456 
208 
228 
206 
210 
248 
206 
256 
496 
256 
246 
246 
210 
206 
218 
230 
204 
248 
208 
206 
210 
206 
206 
208 
250 
210 
248 
208 
206 
242 
206 
206 
236 
342 
208 
208 
248 
248 
248 
212 
44 
46 
44 
46 
46 
42 
232 
210 
208 
206 
204 
206 
204 
206 
220 
246 
262 
206 
206 
216 
246 
212 
204 
246 
218 
246 
350 
228 
218 
204 
244 
248 
228 
208 
618 
208 
206 
208 
44 
44 
46 
44 
48 
44 
222 
226 
242 
692 
224 
210 
214 
224 
210 
204 
206 
244 
248 
208 
210 
210 
208 
230 
206 
250 
208 
206 
208 
394 
206 
204 
216 
208 
208 
228 
244 
208 
206 
204 
208 
226 
248 
204 
208 
250 
208 
210 
208 
246 
208 
210 
46 
46 
46 
44 
44 
234 
226 
246 
216 
208 
570 
208 
208 
246 
212 
252 
210 
206 
554 
210 
256 
250 
250 
210 
210 
210 
208 
248 
236 
254 
208 
208 
208 
248 
206 
228 
206 
208 
246 
230 
208 
222 
206 
578 
244 
250 
210 
248 
248 
206 
210 
206 
44 
44 
46 
48 
46 
234 
214 
208 
210 
208 
208 
248 
210 
206 
248 
206 
316 
208 
212 
254 
250 
208 
208 
204 
306 
220 
206 
262 
206 
250 
208 
252 
466 
206 
210 
206 
218 
230 
232 
208 
206 
206 
208 
208 
210 
248 
208 
208 
264 
208 
206 
46 
44 
44 
46 
46 
44 
44 
224 
246 
206 
216 
208 
208 
208 
444 
208 
248 
210 
216 
208 
228 
248 
206 
244 
248 
230 
242 
234 
246 
238 
212 
208 
228 
208 
226 
208 
246 
206 
208 
462 
212 
210 
210 
206 
244 
206 
208 
622 
244 
208 
206 
208 
62 
66 
58 
54 
50 
66 
210 
212 
208 
228 
210 
252 
208 
210 
248 
210 
262 
206 
248 
228 
250 
208 
204 
210 
208 
248 
228 
260 
458 
208 
206 
208 
226 
208 
228 
210 
208 
248 
256 
212 
216 
206 
252 
248 
248 
206 
246 
228 
210 
232 
206 
210 
44 
44 
44 
46 
46 
46 
44 
216 
206 
634 
202 
204 
228 
206 
208 
208 
204 
568 
204 
206 
244 
252 
240 
204 
216 
242 
248 
268 
246 
206 
208 
232 
228 
208 
208 
210 
248 
250 
210 
206 
208 
210 
388 
246 
206 
206 
210 
212 
208 
246 
608 
212 
264 
46 
46 
44 
46 
210 
206 
206 
206 
206 
204 
240 
232 
206 
208 
280 
250 
206 
230 
248 
248 
230 
208 
336 
248 
208 
208 
208 
210 
208 
246 
474 
236 
228 
250 
246 
208 
204 
212 
204 
252 
210 
214 
210 
264 
260 
240 
248 
236 
206 
206 
182 
44 
46 
46 
48 
46 
204 
204 
208 
206 
206 
228 
240 
582 
250 
208 
242 
242 
206 
206 
246 
562 
250 
208 
206 
208 
206 
206 
204 
206 
208 
216 
208 
208 
206 
248 
204 
212 
538 
222 
220 
234 
236 
246 
228 
248 
354 
208 
230 
206 
210 
206 
44 
44 
44 
44 
46 
46 
46 
208 
276 
208 
208 
206 
210 
206 
206 
228 
204 
208 
208 
208 
244 
208 
248 
210 
230 
206 
248 
652 
208 
208 
206 
240 
244 
224 
210 
568 
214 
244 
244 
208 
250 
230 
206 
210 
208 
208 
204 
216 
246 
208 
208 
208 
246 
46 
44 
44 
46 
46 
44 
208 
280 
260 
210 
204 
228 
246 
230 
206 
206 
206 
206 
248 
248 
248 
206 
268 
680 
246 
244 
218 
208 
206 
250 
264 
206 
204 
206 
206 
268 
244 
208 
208 
250 
470 
218 
246 
206 
210 
250 
208 
206 
634 
208 
226 
204 
44 
46 
46 
46 
44 
44 
44 
44 
208 
208 
266 
234 
244 
220 
206 
240 
248 
206 
206 
242 
210 
208 
246 
208 
208 
250 
206 
210 
210 
572 
230 
208 
210 
206 
244 
206 
206 
578 
232 
234 
210 
210 
246 
208 
226 
250 
226 
208 
216 
246 
242 
240 
206 
210 
44 
44 
46 
44 
42 
210 
254 
208 
444 
210 
210 
204 
208 
254 
206 
210 
586 
210 
208 
206 
246 
248 
206 
258 
250 
224 
210 
254 
208 
208 
208 
206 
216 
300 
204 
248 
204 
246 
240 
210 
208 
276 
246 
206 
244 
206 
208 
230 
232 
204 
250 
44 
44 
44 
48 
44 
44 
242 
242 
208 
218 
208 
210 
228 
208 
202 
210 
208 
248 
248 
210 
242 
206 
250 
354 
206 
210 
234 
234 
206 
210 
248 
620 
208 
208 
208 
206 
210 
228 
248 
696 
246 
208 
250 
230 
206 
206 
238 
208 
206 
210 
250 
248 
44 
46 
44 
46 
46 
248 
248 
204 
206 
246 
210 
250 
712 
208 
246 
206 
248 
208 
210 
246 
648 
210 
210 
248 
208 
208 
208 
206 
250 
242 
216 
212 
208 
208 
244 
248 
210 
246 
232 
208 
208 
206 
210 
210 
206 
352 
252 
250 
224 
204 
204 
224 
44 
42 
44 
46 
44 
44 
48 
46 
246 
250 
236 
212 
230 
252 
246 
222 
208 
248 
390 
240 
208 
204 
210 
208 
208 
240 
356 
248 
208 
210 
208 
208 
206 
246 
586 
204 
212 
208 
244 
210 
212 
248 
230 
230 
206 
208 
208 
208 
268 
216 
206 
208 
244 
248 
46 
44 
48 
46 
46 
276 
208 
210 
208 
232 
210 
210 
208 
206 
248 
206 
248 
210 
236 
248 
208 
210 
246 
246 
232 
226 
214 
204 
212 
206 
232 
210 
206 
246 
210 
236 
206 
208 
372 
254 
246 
208 
210 
206 
210 
222 
534 
206 
246 
266 
206 
246 
46 
46 
44 
48 
44 
210 
250 
246 
210 
206 
206 
204 
208 
224 
208 
246 
210 
230 
210 
462 
206 
206 
246 
208 
210 
248 
210 
844 
210 
210 
206 
206 
204 
232 
206 
714 
204 
204 
208 
208 
208 
248 
204 
248 
206 
208 
234 
254 
208 
206 
204 
44 
46 
44 
46 
46 
44 
212 
238 
204 
400 
208 
210 
246 
204 
206 
206 
246 
586 
210 
250 
206 
246 
206 
208 
204 
206 
208 
208 
204 
206 
208 
208 
248 
210 
286 
248 
248 
206 
234 
208 
208 
212 
508 
208 
206 
206 
206 
248 
206 
232 
212 
212 
44 
62 
54 
56 
44 
46 
46 
208 
216 
206 
216 
216 
264 
294 
212 
256 
214 
278 
214 
214 
208 
234 
290 
418 
214 
216 
222 
216 
216 
212 
218 
222 
212 
216 
216 
216 
210 
216 
238 
854 
698 
258 
252 
220 
218 
204 
206 
212 
206 
206 
222 
204 
48 
48 
44 
46 
48 
246 
210 
206 
250 
204 
228 
206 
634 
210 
246 
204 
206 
208 
206 
204 
720 
208 
250 
246 
208 
210 
212 
232 
206 
208 
206 
230 
246 
208 
212 
248 
244 
472 
252 
208 
252 
206 
250 
210 
208 
480 
248 
246 
208 
204 
204 
46 
46 
46 
46 
46 
46 
242 
214 
270 
258 
208 
244 
210 
206 
236 
248 
210 
214 
242 
346 
224 
206 
252 
248 
208 
206 
216 
364 
212 
226 
206 
206 
208 
206 
204 
208 
246 
248 
210 
210 
228 
246 
206 
204 
208 
234 
250 
248 
206 
208 
248 
46 
44 
44 
48 
46 
46 
46 
44 
44 
696 
208 
206 
208 
246 
206 
210 
208 
656 
204 
250 
246 
216 
208 
246 
214 
248 
228 
212 
246 
244 
208 
262 
252 
208 
386 
208 
226 
222 
234 
264 
206 
248 
524 
240 
212 
206 
210 
208 
212 
246 
650 
208 
256 
210 
44 
46 
44 
44 
46 
246 
212 
208 
208 
206 
208 
206 
206 
284 
210 
212 
210 
208 
206 
246 
206 
232 
250 
206 
208 
210 
214 
206 
208 
840 
216 
206 
218 
208 
210 
206 
208 
208 
244 
250 
206 
208 
206 
250 
234 
206 
206 
206 
248 
248 
44 
46 
44 
46 
42 
44 
206 
206 
206 
238 
206 
206 
550 
206 
246 
248 
210 
248 
240 
206 
636 
204 
230 
208 
208 
234 
244 
248 
210 
210 
206 
208 
208 
212 
206 
208 
206 
208 
206 
210 
238 
206 
204 
228 
206 
612 
208 
264 
246 
208 
202 
42 
44 
48 
44 
46 
46 
230 
208 
248 
250 
250 
208 
208 
246 
210 
246 
206 
208 
204 
206 
246 
204 
218 
222 
210 
206 
218 
368 
210 
212 
208 
208 
276 
210 
202 
706 
244 
248 
212 
212 
206 
210 
208 
218 
208 
210 
208 
204 
232 
206 
208 
206 
46 
44 
46 
48 
44 
206 
230 
208 
592 
210 
216 
246 
208 
224 
208 
246 
728 
204 
232 
210 
206 
226 
228 
238 
692 
208 
206 
206 
212 
250 
204 
262 
208 
320 
244 
210 
208 
208 
204 
208 
206 
240 
236 
206 
244 
208 
208 
210 
208 
714 
208 
46 
48 
44 
46 
46 
44 
208 
246 
244 
208 
208 
210 
212 
206 
248 
212 
206 
230 
206 
206 
216 
248 
244 
324 
248 
210 
206 
210 
210 
228 
210 
430 
246 
248 
246 
210 
250 
230 
208 
210 
250 
228 
208 
248 
210 
252 
206 
208 
210 
204 
230 
206 
44 
44 
44 
44 
46 
218 
210 
206 
208 
208 
228 
212 
638 
210 
206 
250 
248 
206 
210 
212 
646 
246 
238 
206 
210 
250 
210 
210 
210 
210 
208 
246 
206 
246 
206 
246 
214 
204 
204 
216 
246 
228 
208 
208 
212 
354 
208 
204 
206 
208 
250 
44 
46 
48 
44 
44 
46 
44 
206 
218 
248 
208 
204 
226 
250 
206 
208 
204 
208 
210 
226 
210 
250 
256 
246 
204 
208 
202 
544 
246 
204 
216 
208 
244 
210 
246 
494 
214 
208 
204 
228 
210 
206 
216 
206 
246 
208 
206 
208 
206 
246 
208 
206 
248 
194 
246 
44 
48 
46 
44 
248 
478 
206 
206 
250 
208 
226 
206 
210 
498 
210 
240 
206 
212 
236 
228 
210 
212 
244 
208 
232 
208 
266 
244 
210 
206 
206 
250 
248 
206 
210 
206 
208 
246 
278 
222 
206 
214 
206 
210 
210 
206 
646 
206 
206 
246 
44 
46 
44 
44 
46 
44 
46 
46 
50 
226 
248 
210 
212 
208 
210 
210 
240 
212 
208 
206 
210 
208 
208 
248 
206 
204 
204 
228 
246 
464 
208 
248 
246 
214 
234 
210 
212 
610 
228 
210 
204 
242 
208 
246 
208 
208 
206 
212 
204 
206 
206 
248 
244 
208 
254 
44 
44 
46 
44 
48 
44 
232 
668 
246 
220 
240 
232 
250 
226 
220 
848 
250 
206 
246 
248 
230 
246 
206 
262 
206 
206 
208 
208 
206 
238 
204 
230 
256 
204 
248 
204 
242 
206 
208 
250 
610 
208 
206 
204 
206 
208 
204 
206 
210 
206 
262 
210 
46 
44 
44 
46 
44 
46 
48 
248 
214 
248 
206 
244 
212 
204 
210 
208 
248 
244 
252 
248 
250 
556 
268 
204 
206 
210 
206 
208 
244 
676 
208 
246 
250 
216 
206 
208 
210 
702 
228 
206 
208 
224 
226 
208 
246 
216 
204 
246 
208 
262 
206 
208 
210 
48 
44 
44 
46 
46 
206 
222 
206 
206 
206 
210 
208 
248 
208 
204 
226 
232 
208 
206 
206 
208 
246 
246 
230 
232 
244 
276 
248 
248 
208 
208 
210 
210 
206 
434 
208 
206 
248 
210 
206 
228 
208 
708 
214 
206 
258 
246 
208 
238 
254 
206 
246 
46 
42 
44 
46 
218 
264 
246 
240 
210 
206 
204 
206 
210 
246 
210 
422 
202 
246 
246 
208 
244 
206 
206 
348 
244 
208 
210 
206 
224 
228 
248 
596 
248 
206 
244 
210 
204 
246 
214 
206 
204 
206 
206 
234 
208 
244 
206 
246 
236 
248 
46 
46 
44 
48 
44 
44 
44 
44 
246 
228 
228 
206 
204 
208 
210 
248 
204 
206 
238 
248 
208 
246 
204 
208 
246 
246 
226 
206 
208 
202 
226 
214 
206 
208 
204 
204 
214 
264 
208 
250 
208 
202 
206 
250 
206 
208 
208 
206 
228 
240 
218 
208 
246 
226 
44 
44 
46 
46 
60 
250 
46 
250 
206 
208 
210 
204 
208 
208 
208 
208 
206 
210 
294 
208 
206 
248 
208 
214 
238 
212 
462 
246 
208 
206 
206 
250 
202 
246 
616 
256 
206 
248 
210 
232 
246 
250 
204 
252 
256 
208 
206 
206 
208 
234 
246 
254 
220 
46 
42 
44 
44 
46 
44 
48 
208 
206 
208 
248 
208 
242 
222 
624 
206 
206 
254 
206 
204 
208 
204 
208 
210 
206 
248 
216 
204 
216 
206 
256 
502 
208 
246 
216 
248 
250 
206 
208 
366 
210 
206 
210 
218 
210 
210 
248 
662 
212 
210 
208 
208 
46 
42 
44 
46 
46 
46 
206 
210 
248 
244 
210 
204 
394 
254 
2126 
854 
1684 
924 
1158 
1788 
2454 
730 
248 
204 
208 
264 
226 
204 
838 
228 
208 
248 
208 
206 
228 
206 
230 
244 
250 
206 
208 
246 
210 
244 
246 
212 
208 
230 
206 
234 
208 
210 
244 
262 
232 
204 
204 
44 
46 
44 
46 
46 
46 
246 
208 
210 
208 
230 
210 
206 
228 
208 
204 
206 
204 
206 
260 
208 
354 
248 
248 
246 
206 
258 
244 
206 
326 
246 
210 
248 
208 
206 
238 
246 
208 
206 
226 
208 
210 
262 
228 
246 
692 
248 
208 
208 
210 
208 
248 
46 
44 
46 
44 
46 
44 
44 
234 
206 
208 
204 
230 
224 
208 
230 
250 
218 
208 
848 
204 
208 
206 
210 
212 
236 
246 
206 
208 
248 
248 
248 
206 
210 
210 
256 
212 
206 
212 
208 
206 
208 
236 
204 
354 
204 
246 
250 
252 
210 
228 
202 
476 
248 
46 
46 
48 
44 
46 
46 
682 
244 
210 
206 
246 
256 
210 
226 
206 
208 
250 
214 
250 
262 
246 
210 
210 
256 
206 
204 
238 
268 
230 
232 
204 
410 
246 
250 
210 
248 
208 
206 
210 
642 
210 
250 
266 
210 
206 
208 
208 
248 
210 
208 
208 
208 
46 
48 
44 
44 
46 
208 
212 
208 
248 
206 
206 
232 
492 
212 
248 
268 
242 
212 
232 
208 
486 
204 
216 
250 
206 
208 
228 
246 
718 
206 
206 
208 
252 
250 
210 
246 
216 
272 
206 
206 
208 
250 
212 
210 
242 
412 
246 
208 
206 
222 
246 
206 
46 
44 
44 
46 
46 
228 
246 
226 
206 
208 
210 
252 
240 
210 
244 
208 
246 
208 
270 
206 
206 
248 
210 
248 
208 
208 
330 
210 
206 
206 
208 
206 
208 
212 
682 
248 
248 
250 
256 
204 
208 
246 
208 
248 
206 
206 
230 
210 
248 
226 
230 
46 
44 
46 
48 
46 
246 
246 
210 
208 
252 
248 
248 
248 
252 
208 
208 
482 
210 
210 
210 
248 
220 
208 
248 
206 
246 
210 
246 
208 
208 
238 
248 
246 
246 
212 
208 
246 
208 
204 
208 
206 
430 
206 
212 
204 
214 
204 
206 
224 
300 
208 
48 
44 
46 
44 
44 
44 
44 
204 
206 
210 
246 
246 
228 
246 
208 
204 
206 
204 
206 
206 
210 
250 
208 
404 
210 
226 
206 
210 
230 
208 
206 
504 
206 
206 
210 
240 
244 
208 
204 
516 
208 
250 
206 
210 
208 
210 
250 
702 
204 
210 
208 
248 
46 
46 
44 
44 
206 
264 
206 
230 
206 
248 
248 
248 
210 
208 
208 
246 
230 
208 
210 
248 
490 
210 
206 
230 
266 
230 
206 
210 
206 
208 
246 
206 
204 
228 
244 
242 
250 
232 
208 
212 
206 
248 
208 
248 
246 
298 
246 
242 
210 
226 
250 
48 
46 
46 
46 
44 
48 
46 
210 
212 
234 
648 
224 
244 
206 
208 
208 
250 
210 
208 
208 
208 
204 
246 
208 
230 
228 
260 
208 
206 
230 
206 
210 
230 
228 
248 
468 
208 
250 
212 
208 
248 
206 
208 
608 
208 
242 
206 
244 
250 
210 
246 
244 
208 
46 
44 
44 
44 
44 
44 
46 
246 
210 
208 
208 
248 
206 
230 
250 
274 
208 
208 
266 
206 
250 
204 
244 
738 
244 
216 
248 
232 
206 
206 
210 
232 
208 
244 
250 
208 
208 
248 
240 
210 
342 
206 
228 
206 
244 
218 
272 
254 
630 
208 
256 
228 
206 
46 
46 
44 
44 
48 
48 
208 
228 
212 
234 
250 
206 
250 
234 
256 
218 
218 
208 
244 
204 
208 
248 
206 
212 
206 
244 
210 
214 
208 
212 
204 
206 
224 
218 
208 
208 
398 
246 
210 
206 
248 
248 
230 
212 
206 
208 
244 
208 
206 
208 
266 
208 
44 
46 
48 
48 
44 
44 
44 
250 
206 
210 
248 
206 
212 
228 
250 
206 
206 
408 
208 
250 
206 
206 
204 
208 
250 
208 
206 
204 
262 
206 
228 
248 
242 
256 
272 
246 
248 
210 
208 
248 
268 
232 
336 
208 
246 
208 
210 
228 
208 
244 
516 
234 
44 
46 
48 
46 
44 
44 
46 
44 
204 
224 
210 
210 
248 
246 
208 
214 
208 
210 
208 
206 
224 
208 
246 
204 
206 
214 
206 
206 
248 
210 
206 
478 
246 
252 
206 
232 
250 
208 
238 
212 
206 
250 
206 
208 
264 
216 
248 
210 
246 
208 
208 
206 
206 
246 
44 
44 
48 
206 
212 
204 
208 
210 
210 
208 
282 
208 
210 
246 
208 
208 
210 
204 
542 
244 
232 
250 
208 
208 
230 
206 
230 
240 
250 
208 
208 
218 
208 
244 
206 
206 
208 
210 
226 
228 
244 
204 
204 
522 
208 
210 
208 
208 
204 
224 
210 
412 
214 
246 
246 
226 
244 
226 
206 
610 
246 
244 
258 
246 
248 
248 
248 
226 
208 
230 
226 
250 
246 
210 
246 
216 
228 
248 
246 
244 
246 
246 
228 
248 
412 
246 
224 
246 
250 
248 
228 
248 
640 
210 
248 
248 
250 
214 
206 
226 
230 
408 
340 
218 
230 
210 
246 
208 
248 
248 
246 
248 
246 
298 
242 
228 
248 
304 
246 
248 
246 
244 
246 
224 
222 
540 
210 
252 
244 
262 
228 
244 
246 
264 
246 
246 
274 
226 
244 
244 
380 
248 
250 
246 
248 
250 
246 
246 
228 
246 
302 
246 
246 
248 
246 
220 
228 
248 
522 
250 
246 
244 
244 
242 
228 
246 
246 
246 
248 
248 
246 
252 
248 
250 
246 
246 
250 
204 
250 
246 
248 
228 
228 
256 
248 
248 
250 
244 
250 
230 
250 
496 
248 
226 
250 
244 
248 
236 
246 
704 
246 
248 
250 
250 
244 
250 
240 
246 
246 
246 
246 
246 
246 
246 
248 
246 
250 
246 
246 
248 
246 
246 
206 
248 
404 
250 
246 
250 
246 
248 
228 
248 
644 
246 
246 
246 
248 
250 
250 
248 
246 
212 
248 
246 
246 
250 
248 
226 
250 
250 
250 
246 
248 
250 
246 
230 
234 
382 
250 
246 
246 
246 
246 
230 
248 
646 
246 
246 
246 
248 
246 
250 
206 
250 
248 
244 
250 
248 
242 
246 
248 
206 
204 
244 
248 
246 
248 
248 
228 
246 
326 
248 
246 
246 
246 
246 
230 
242 
562 
246 
250 
248 
252 
244 
248 
244 
248 
246 
250 
250 
250 
248 
250 
246 
246 
244 
246 
248 
248 
248 
250 
228 
248 
280 
248 
248 
248 
244 
250 
228 
248 
522 
246 
246 
244 
248 
250 
248 
242 
248 
244 
250 
248 
250 
248 
248 
248 
248 
250 
248 
248 
246 
246 
250 
224 
246 
250 
248 
248 
246 
250 
248 
224 
248 
470 
246 
248 
246 
248 
244 
222 
248 
698 
248 
244 
246 
250 
246 
246 
242 
248 
262 
246 
246 
248 
244 
248 
246 
248 
250 
248 
248 
252 
246 
246 
226 
246 
420 
246 
246 
