# FR-trace starting at Wed Mar 10 14:46:58 2021
################# CONFIG #################
# slot=9000
# samples=5000
# threshold=100
# idle=500
# minlen=500
# runs=60000
# pdathreads=3
# nmonitored=1
#   monitor0=/usr/local/lib/libcrypto.so 770062 0xbc00e
# nevicted=0
# npdatargets=1
#   target0=/usr/local/lib/libcrypto.so 750148 0xb7244
# affinity=all
############## SYSTEM INFO ###############
# mastik_version=
# sysname=Linux
# nodename=05a3c7e5a789
# release=5.8.0-43-generic
# version=#49~20.04.1-Ubuntu SMP Fri Feb 5 09:57:56 UTC 2021
# machine=x86_64
################## DATA ##################
# run=1
# datapoints=5000
42 
698 
210 
210 
236 
246 
210 
248 
208 
206 
206 
214 
244 
208 
206 
208 
226 
248 
42 
40 
46 
44 
50 
48 
474 
246 
210 
246 
208 
210 
206 
204 
208 
248 
250 
210 
212 
206 
248 
42 
208 
214 
208 
384 
206 
208 
206 
206 
250 
208 
210 
464 
208 
206 
210 
248 
206 
208 
216 
640 
208 
208 
206 
208 
206 
218 
210 
250 
206 
204 
246 
44 
40 
40 
44 
40 
42 
40 
240 
210 
208 
248 
208 
246 
498 
246 
246 
208 
208 
208 
226 
210 
542 
228 
208 
208 
250 
210 
204 
224 
208 
266 
210 
208 
270 
208 
242 
214 
246 
378 
208 
246 
204 
206 
206 
206 
206 
576 
208 
232 
202 
208 
210 
44 
42 
42 
40 
42 
42 
40 
40 
42 
206 
228 
246 
208 
210 
210 
210 
208 
230 
210 
248 
246 
254 
208 
248 
208 
208 
210 
626 
248 
204 
208 
210 
248 
208 
248 
622 
210 
204 
232 
248 
206 
234 
244 
204 
248 
206 
250 
210 
206 
208 
204 
244 
208 
210 
188 
40 
42 
40 
38 
42 
42 
40 
40 
248 
206 
208 
214 
230 
538 
208 
250 
208 
210 
206 
206 
208 
210 
246 
256 
210 
246 
246 
246 
206 
246 
210 
206 
248 
202 
208 
246 
250 
210 
206 
210 
212 
206 
248 
250 
210 
208 
420 
230 
208 
208 
208 
258 
206 
248 
42 
40 
42 
42 
42 
210 
250 
248 
228 
234 
246 
206 
206 
204 
248 
210 
212 
244 
248 
248 
208 
204 
208 
214 
208 
324 
248 
208 
206 
216 
258 
228 
216 
626 
204 
206 
210 
208 
206 
208 
204 
206 
210 
206 
206 
208 
240 
216 
208 
206 
208 
42 
40 
42 
40 
42 
44 
210 
642 
210 
226 
208 
208 
204 
208 
228 
210 
208 
208 
320 
208 
250 
230 
206 
248 
204 
208 
206 
208 
226 
206 
208 
246 
204 
208 
208 
248 
204 
206 
208 
246 
372 
206 
210 
206 
266 
246 
246 
204 
560 
208 
246 
206 
40 
44 
40 
40 
42 
42 
246 
248 
206 
248 
208 
208 
206 
204 
208 
206 
210 
208 
210 
232 
226 
398 
244 
248 
246 
248 
210 
216 
208 
732 
208 
210 
212 
238 
208 
208 
208 
620 
252 
228 
206 
242 
208 
202 
206 
210 
286 
208 
214 
202 
206 
208 
244 
42 
40 
42 
40 
42 
44 
248 
224 
248 
592 
208 
210 
248 
206 
248 
210 
206 
622 
204 
212 
208 
206 
248 
248 
210 
224 
232 
210 
208 
246 
250 
210 
208 
250 
208 
244 
248 
208 
212 
210 
208 
204 
328 
206 
206 
248 
264 
208 
208 
248 
706 
250 
42 
40 
42 
42 
40 
44 
42 
42 
44 
206 
208 
206 
206 
208 
248 
304 
246 
238 
206 
210 
208 
226 
250 
288 
248 
208 
208 
204 
208 
226 
210 
588 
208 
210 
244 
206 
244 
210 
208 
246 
246 
206 
208 
216 
270 
206 
250 
210 
382 
216 
248 
208 
228 
208 
44 
44 
44 
42 
42 
38 
44 
42 
40 
42 
492 
208 
206 
228 
208 
210 
226 
216 
206 
220 
210 
208 
208 
248 
248 
240 
208 
290 
208 
210 
210 
208 
210 
208 
236 
208 
242 
226 
246 
248 
208 
228 
208 
648 
258 
252 
248 
208 
210 
210 
208 
626 
234 
208 
220 
42 
40 
40 
38 
42 
208 
234 
250 
206 
248 
224 
216 
230 
210 
246 
250 
256 
246 
208 
224 
240 
618 
208 
204 
250 
250 
210 
210 
208 
208 
250 
258 
210 
212 
248 
210 
206 
208 
246 
244 
206 
256 
248 
206 
248 
206 
206 
208 
252 
248 
40 
42 
42 
44 
42 
42 
246 
208 
218 
210 
226 
206 
734 
270 
218 
236 
248 
216 
240 
250 
206 
208 
258 
206 
204 
208 
204 
206 
244 
300 
210 
208 
210 
206 
210 
226 
244 
448 
208 
206 
204 
236 
210 
228 
248 
206 
224 
246 
206 
246 
266 
228 
42 
40 
40 
44 
40 
250 
208 
246 
246 
242 
206 
212 
206 
218 
246 
244 
242 
208 
404 
204 
216 
208 
232 
208 
228 
208 
460 
208 
206 
246 
246 
248 
206 
246 
206 
210 
248 
262 
248 
208 
248 
212 
258 
218 
210 
208 
208 
230 
216 
268 
208 
42 
40 
42 
42 
42 
42 
40 
210 
838 
210 
206 
210 
228 
238 
206 
222 
210 
252 
250 
224 
246 
248 
250 
216 
208 
290 
218 
232 
242 
208 
246 
212 
206 
206 
268 
254 
248 
248 
208 
208 
208 
632 
208 
206 
206 
204 
268 
224 
242 
210 
248 
240 
244 
40 
42 
42 
42 
42 
40 
42 
208 
228 
246 
208 
226 
236 
208 
246 
226 
250 
206 
206 
208 
212 
426 
208 
206 
210 
206 
208 
206 
240 
580 
210 
206 
210 
206 
210 
206 
208 
248 
206 
246 
230 
208 
248 
206 
246 
238 
438 
224 
250 
246 
208 
212 
246 
40 
40 
40 
40 
246 
218 
260 
210 
208 
540 
212 
208 
244 
246 
248 
210 
208 
230 
246 
238 
206 
258 
206 
206 
208 
248 
204 
246 
206 
258 
210 
210 
238 
220 
238 
208 
208 
210 
260 
234 
226 
208 
470 
206 
248 
212 
208 
210 
206 
42 
40 
40 
40 
44 
232 
210 
250 
244 
246 
254 
206 
206 
204 
250 
212 
208 
208 
208 
246 
240 
206 
210 
210 
206 
206 
206 
268 
214 
248 
246 
208 
208 
244 
706 
204 
250 
210 
208 
226 
246 
260 
206 
206 
208 
206 
248 
248 
208 
208 
250 
546 
40 
42 
40 
42 
40 
42 
40 
674 
260 
208 
248 
246 
248 
210 
206 
612 
202 
212 
246 
250 
206 
246 
204 
208 
208 
232 
218 
248 
208 
204 
202 
206 
210 
208 
210 
248 
208 
206 
208 
246 
558 
206 
212 
228 
262 
250 
206 
208 
560 
248 
236 
206 
42 
42 
38 
42 
42 
234 
244 
204 
206 
208 
206 
248 
208 
392 
210 
206 
244 
248 
208 
206 
208 
428 
242 
208 
248 
208 
206 
208 
208 
556 
246 
246 
210 
248 
248 
220 
208 
222 
206 
212 
214 
210 
212 
210 
210 
208 
206 
206 
236 
206 
44 
42 
42 
42 
42 
40 
252 
210 
240 
208 
210 
204 
540 
244 
210 
208 
206 
206 
210 
204 
664 
208 
262 
210 
250 
208 
206 
210 
214 
208 
206 
208 
210 
248 
248 
206 
210 
282 
208 
204 
208 
206 
210 
208 
244 
716 
248 
208 
234 
246 
244 
42 
40 
42 
42 
42 
210 
248 
210 
206 
206 
210 
212 
246 
208 
210 
230 
208 
210 
208 
222 
208 
242 
206 
206 
218 
210 
206 
394 
204 
230 
246 
208 
220 
208 
210 
606 
208 
236 
216 
208 
230 
212 
208 
242 
204 
208 
208 
208 
208 
248 
260 
40 
40 
42 
42 
42 
44 
210 
210 
208 
384 
210 
204 
206 
210 
248 
226 
244 
722 
204 
208 
248 
212 
202 
224 
248 
246 
236 
210 
208 
204 
202 
246 
206 
212 
412 
250 
248 
210 
208 
210 
206 
246 
672 
214 
208 
206 
204 
206 
210 
272 
550 
212 
42 
44 
40 
40 
40 
230 
224 
244 
208 
208 
206 
210 
208 
212 
238 
320 
236 
208 
246 
248 
248 
210 
246 
386 
208 
212 
248 
206 
206 
226 
206 
536 
210 
222 
252 
208 
228 
208 
206 
208 
246 
250 
206 
206 
208 
246 
228 
206 
264 
206 
42 
42 
44 
40 
40 
42 
558 
250 
248 
208 
210 
208 
206 
204 
672 
260 
234 
246 
210 
254 
228 
208 
670 
208 
236 
226 
206 
228 
248 
224 
210 
210 
208 
208 
210 
210 
208 
208 
248 
208 
218 
246 
206 
208 
206 
208 
208 
400 
208 
208 
210 
206 
250 
42 
40 
40 
42 
40 
42 
208 
250 
204 
206 
206 
246 
210 
214 
230 
210 
224 
208 
266 
44 
40 
208 
206 
246 
206 
210 
238 
652 
208 
216 
210 
206 
208 
210 
250 
546 
248 
206 
246 
270 
232 
206 
250 
220 
208 
210 
208 
208 
208 
244 
232 
42 
40 
42 
44 
40 
40 
208 
206 
206 
428 
208 
258 
208 
204 
260 
230 
206 
844 
206 
206 
250 
208 
244 
208 
210 
208 
250 
218 
218 
210 
250 
208 
208 
206 
208 
244 
250 
246 
248 
252 
250 
204 
344 
210 
250 
206 
208 
248 
226 
208 
504 
42 
40 
42 
42 
40 
40 
214 
648 
236 
230 
254 
248 
208 
206 
208 
206 
204 
204 
210 
256 
212 
210 
208 
204 
216 
208 
246 
208 
208 
208 
210 
210 
502 
208 
208 
206 
206 
246 
238 
208 
678 
232 
208 
246 
204 
250 
216 
230 
246 
242 
206 
204 
42 
40 
42 
42 
38 
40 
240 
210 
730 
238 
264 
204 
246 
490 
208 
232 
206 
208 
206 
212 
244 
580 
210 
210 
210 
212 
242 
248 
208 
212 
212 
250 
208 
206 
204 
248 
248 
246 
216 
248 
208 
208 
252 
244 
204 
210 
424 
224 
206 
210 
208 
246 
40 
42 
42 
40 
44 
208 
208 
246 
250 
248 
206 
218 
206 
206 
212 
206 
208 
270 
212 
208 
208 
246 
226 
212 
250 
228 
252 
636 
246 
208 
246 
0 
248 
224 
208 
208 
206 
216 
228 
246 
204 
208 
208 
206 
206 
246 
206 
206 
208 
208 
40 
40 
40 
40 
40 
246 
208 
208 
206 
202 
236 
248 
206 
250 
206 
208 
238 
246 
558 
206 
204 
206 
208 
246 
230 
206 
210 
208 
248 
206 
248 
236 
206 
212 
208 
214 
206 
252 
244 
208 
258 
250 
210 
378 
250 
208 
210 
206 
208 
210 
40 
42 
42 
42 
42 
44 
210 
234 
210 
208 
206 
244 
206 
248 
206 
248 
206 
228 
282 
248 
246 
206 
210 
212 
208 
210 
210 
244 
202 
210 
204 
208 
206 
206 
838 
260 
246 
208 
222 
206 
230 
206 
206 
262 
246 
212 
206 
246 
218 
208 
204 
208 
42 
44 
40 
42 
230 
210 
208 
208 
208 
210 
208 
210 
206 
208 
244 
568 
208 
246 
248 
206 
206 
208 
236 
572 
210 
246 
208 
208 
244 
208 
246 
210 
206 
208 
248 
244 
208 
206 
206 
246 
320 
208 
218 
250 
206 
238 
226 
246 
564 
250 
42 
42 
42 
42 
42 
246 
208 
246 
686 
204 
210 
244 
204 
204 
204 
246 
232 
272 
208 
250 
210 
254 
240 
208 
208 
244 
208 
208 
204 
204 
248 
572 
246 
214 
210 
208 
230 
228 
226 
210 
206 
208 
206 
210 
210 
210 
244 
208 
226 
242 
44 
42 
40 
44 
38 
208 
208 
208 
208 
222 
206 
208 
206 
208 
290 
208 
206 
206 
206 
250 
214 
206 
424 
208 
208 
206 
206 
206 
210 
208 
206 
206 
244 
212 
248 
206 
206 
216 
206 
298 
208 
206 
230 
220 
220 
234 
206 
344 
214 
42 
40 
42 
40 
40 
40 
40 
208 
208 
206 
210 
248 
206 
210 
208 
250 
248 
206 
206 
206 
208 
242 
218 
210 
210 
208 
206 
208 
210 
258 
224 
204 
206 
208 
256 
208 
250 
226 
206 
340 
208 
242 
208 
206 
206 
228 
206 
674 
270 
244 
250 
212 
40 
42 
42 
38 
42 
212 
254 
208 
204 
230 
208 
206 
206 
254 
246 
248 
260 
246 
212 
244 
306 
208 
208 
218 
210 
208 
208 
208 
700 
210 
208 
204 
250 
214 
246 
246 
224 
248 
236 
206 
208 
250 
210 
248 
208 
208 
210 
206 
246 
208 
42 
42 
40 
40 
42 
40 
248 
246 
230 
226 
208 
434 
208 
246 
216 
206 
208 
222 
206 
676 
250 
208 
206 
248 
206 
244 
206 
206 
208 
250 
208 
242 
208 
234 
206 
224 
226 
204 
248 
246 
206 
246 
206 
210 
484 
206 
210 
208 
242 
230 
228 
42 
40 
42 
44 
42 
40 
208 
246 
246 
208 
304 
246 
208 
252 
236 
230 
212 
266 
204 
230 
210 
244 
218 
206 
208 
206 
548 
210 
208 
244 
206 
206 
226 
206 
208 
204 
208 
208 
206 
206 
208 
210 
208 
208 
262 
250 
208 
226 
208 
248 
206 
40 
42 
42 
40 
42 
42 
206 
204 
534 
208 
262 
232 
246 
210 
208 
206 
210 
268 
208 
210 
208 
254 
210 
208 
208 
206 
268 
210 
216 
218 
236 
252 
210 
390 
208 
220 
210 
226 
246 
230 
208 
312 
252 
230 
260 
244 
262 
208 
208 
544 
40 
42 
40 
42 
40 
40 
206 
206 
206 
206 
248 
206 
208 
250 
204 
248 
216 
226 
210 
208 
208 
210 
208 
206 
312 
266 
204 
206 
210 
210 
226 
204 
482 
256 
252 
248 
248 
204 
206 
206 
678 
210 
210 
208 
208 
264 
206 
262 
208 
236 
226 
248 
42 
42 
40 
40 
42 
40 
238 
228 
210 
224 
220 
206 
212 
572 
208 
206 
252 
202 
210 
208 
252 
658 
236 
208 
208 
206 
204 
208 
208 
246 
208 
208 
210 
206 
250 
248 
248 
248 
212 
214 
246 
224 
224 
206 
206 
244 
582 
206 
208 
242 
250 
244 
40 
42 
40 
42 
40 
206 
212 
208 
206 
246 
226 
210 
212 
212 
208 
208 
206 
210 
206 
208 
210 
244 
220 
208 
248 
230 
256 
666 
208 
208 
208 
212 
222 
206 
210 
566 
248 
210 
208 
246 
244 
206 
210 
228 
252 
264 
42 
42 
42 
42 
40 
262 
328 
206 
208 
208 
208 
208 
226 
206 
592 
210 
210 
206 
246 
42 
206 
212 
204 
246 
244 
208 
208 
208 
208 
250 
206 
208 
204 
210 
210 
210 
220 
208 
204 
210 
206 
208 
210 
208 
202 
226 
206 
496 
246 
216 
44 
42 
42 
40 
40 
42 
208 
252 
208 
208 
242 
208 
210 
210 
252 
246 
206 
228 
218 
242 
210 
208 
210 
204 
208 
206 
210 
250 
210 
208 
388 
268 
204 
208 
232 
212 
226 
208 
452 
206 
254 
244 
230 
214 
226 
216 
678 
208 
206 
256 
266 
42 
42 
42 
40 
42 
40 
246 
212 
240 
208 
206 
206 
306 
268 
246 
248 
206 
206 
204 
202 
716 
248 
210 
206 
248 
208 
206 
208 
702 
212 
208 
250 
208 
248 
208 
248 
250 
210 
210 
210 
208 
248 
208 
204 
204 
274 
248 
210 
232 
222 
246 
40 
44 
40 
42 
42 
44 
208 
250 
206 
206 
722 
208 
246 
244 
248 
238 
236 
208 
210 
246 
248 
206 
206 
252 
208 
248 
210 
274 
220 
206 
206 
206 
248 
226 
208 
420 
210 
244 
208 
246 
208 
206 
246 
626 
212 
210 
248 
228 
268 
248 
228 
44 
42 
40 
42 
40 
40 
42 
44 
222 
208 
208 
246 
206 
214 
260 
208 
212 
558 
206 
208 
238 
218 
206 
202 
208 
604 
246 
248 
206 
212 
248 
210 
206 
694 
208 
208 
238 
248 
210 
210 
234 
248 
210 
206 
246 
246 
270 
212 
246 
222 
280 
206 
42 
40 
42 
40 
42 
44 
640 
208 
202 
202 
248 
210 
208 
206 
208 
206 
208 
210 
208 
222 
248 
246 
248 
240 
208 
208 
250 
206 
208 
208 
208 
384 
246 
242 
208 
246 
204 
226 
210 
664 
206 
246 
230 
208 
250 
206 
210 
624 
208 
210 
252 
210 
38 
40 
44 
44 
42 
208 
208 
248 
204 
246 
208 
204 
440 
206 
212 
206 
210 
208 
204 
248 
554 
208 
248 
216 
204 
210 
206 
220 
622 
210 
270 
266 
248 
210 
206 
246 
208 
214 
206 
208 
234 
210 
204 
206 
236 
206 
204 
246 
246 
208 
250 
40 
40 
40 
42 
42 
40 
208 
228 
228 
210 
550 
244 
212 
210 
242 
208 
206 
210 
206 
256 
266 
246 
248 
208 
208 
206 
206 
332 
208 
248 
208 
246 
246 
216 
208 
338 
206 
220 
224 
246 
256 
210 
208 
206 
244 
250 
228 
206 
218 
254 
210 
40 
42 
42 
38 
42 
40 
40 
44 
210 
210 
240 
208 
246 
214 
212 
240 
248 
220 
210 
212 
208 
210 
206 
210 
238 
656 
250 
208 
204 
208 
206 
208 
208 
836 
206 
208 
246 
248 
204 
208 
208 
204 
284 
250 
210 
208 
210 
208 
212 
204 
208 
228 
234 
40 
42 
40 
42 
42 
42 
210 
246 
228 
206 
208 
208 
210 
208 
228 
226 
250 
270 
210 
248 
250 
208 
208 
210 
208 
206 
262 
208 
208 
232 
264 
222 
246 
248 
206 
206 
210 
208 
344 
206 
206 
206 
208 
252 
228 
244 
590 
210 
246 
250 
248 
38 
42 
44 
42 
40 
208 
206 
208 
206 
208 
210 
210 
334 
208 
248 
266 
208 
206 
226 
248 
372 
228 
208 
242 
206 
208 
216 
246 
612 
206 
248 
230 
212 
250 
250 
206 
204 
242 
246 
208 
208 
206 
248 
206 
208 
206 
208 
246 
236 
248 
40 
42 
42 
40 
42 
40 
206 
256 
246 
228 
228 
482 
226 
228 
208 
202 
232 
246 
250 
724 
246 
206 
250 
248 
206 
214 
212 
210 
352 
246 
208 
206 
210 
206 
230 
208 
508 
208 
208 
204 
210 
208 
230 
208 
454 
248 
206 
228 
210 
254 
226 
246 
40 
42 
44 
44 
40 
42 
204 
204 
206 
208 
224 
244 
204 
206 
206 
204 
208 
204 
210 
208 
248 
216 
206 
230 
220 
694 
214 
208 
204 
248 
206 
222 
204 
206 
206 
238 
208 
210 
248 
246 
208 
206 
204 
210 
214 
208 
210 
246 
252 
206 
280 
40 
42 
40 
42 
44 
40 
218 
374 
206 
210 
228 
224 
250 
210 
206 
612 
250 
268 
246 
248 
248 
206 
214 
208 
208 
208 
246 
246 
248 
210 
250 
208 
210 
206 
208 
208 
248 
208 
208 
250 
498 
210 
248 
212 
214 
206 
228 
204 
506 
248 
210 
208 
42 
40 
42 
42 
40 
42 
206 
210 
206 
204 
210 
202 
248 
360 
204 
210 
208 
210 
244 
250 
248 
482 
204 
204 
206 
250 
208 
208 
208 
492 
206 
214 
206 
230 
252 
228 
206 
208 
248 
246 
246 
208 
246 
210 
208 
238 
204 
204 
210 
248 
248 
42 
42 
42 
42 
116 
44 
40 
6416 
1282 
2070 
206 
466 
256 
246 
238 
246 
208 
210 
206 
212 
204 
210 
206 
246 
208 
206 
248 
206 
204 
208 
208 
248 
250 
208 
212 
256 
202 
240 
206 
210 
204 
204 
204 
208 
636 
208 
208 
246 
206 
206 
206 
216 
586 
218 
208 
40 
40 
42 
38 
42 
206 
226 
204 
208 
206 
254 
208 
206 
208 
416 
208 
206 
206 
206 
210 
230 
246 
430 
212 
246 
206 
244 
230 
218 
246 
208 
208 
232 
206 
222 
210 
250 
206 
248 
220 
206 
266 
226 
248 
246 
246 
246 
216 
210 
210 
208 
246 
42 
40 
40 
42 
42 
210 
208 
208 
218 
228 
216 
716 
212 
204 
210 
208 
210 
210 
210 
244 
204 
206 
210 
246 
208 
210 
208 
248 
352 
208 
204 
226 
246 
204 
206 
248 
412 
206 
248 
204 
206 
202 
212 
210 
538 
208 
208 
248 
206 
204 
232 
40 
42 
42 
44 
42 
226 
216 
246 
248 
206 
210 
244 
216 
224 
248 
246 
260 
204 
536 
206 
210 
208 
42 
206 
206 
204 
476 
208 
248 
238 
208 
208 
204 
224 
684 
228 
248 
254 
248 
208 
264 
248 
246 
208 
250 
248 
250 
250 
210 
206 
208 
208 
42 
40 
42 
42 
40 
214 
208 
380 
248 
204 
206 
246 
206 
204 
216 
722 
210 
216 
208 
244 
250 
254 
246 
216 
208 
206 
208 
248 
208 
224 
204 
250 
326 
206 
244 
230 
250 
208 
242 
208 
686 
210 
206 
206 
264 
206 
204 
246 
206 
248 
38 
40 
40 
40 
44 
238 
216 
208 
206 
206 
250 
208 
212 
208 
210 
208 
248 
226 
208 
248 
246 
208 
208 
308 
210 
208 
210 
208 
208 
208 
208 
734 
210 
208 
210 
210 
248 
244 
250 
210 
246 
250 
208 
206 
244 
250 
204 
210 
318 
250 
206 
240 
40 
42 
42 
42 
40 
42 
206 
208 
210 
244 
206 
248 
548 
206 
208 
244 
212 
206 
208 
248 
252 
210 
244 
204 
208 
206 
204 
208 
248 
254 
226 
242 
206 
232 
250 
210 
244 
606 
210 
206 
208 
206 
208 
238 
208 
208 
274 
204 
222 
224 
216 
44 
42 
40 
42 
42 
42 
42 
218 
210 
206 
204 
206 
208 
220 
208 
206 
206 
236 
204 
210 
214 
246 
208 
208 
210 
220 
208 
394 
210 
208 
208 
204 
224 
230 
206 
208 
234 
246 
252 
210 
210 
204 
206 
244 
210 
204 
224 
210 
210 
248 
258 
208 
42 
42 
42 
42 
40 
40 
224 
208 
514 
248 
250 
206 
208 
208 
208 
206 
650 
224 
208 
248 
248 
246 
206 
206 
210 
202 
210 
220 
248 
206 
246 
208 
248 
208 
246 
206 
252 
248 
216 
208 
208 
536 
208 
208 
210 
224 
210 
210 
214 
568 
246 
216 
40 
42 
40 
42 
42 
42 
42 
40 
206 
204 
208 
208 
248 
208 
208 
218 
236 
256 
248 
210 
206 
208 
236 
226 
244 
210 
204 
248 
212 
250 
490 
204 
218 
216 
236 
246 
244 
248 
206 
248 
266 
248 
208 
208 
214 
246 
244 
208 
206 
246 
216 
208 
208 
42 
42 
40 
40 
42 
40 
214 
210 
208 
210 
212 
246 
206 
250 
206 
250 
208 
204 
206 
248 
232 
208 
248 
210 
236 
248 
208 
208 
248 
210 
248 
246 
206 
208 
208 
308 
248 
210 
210 
244 
206 
210 
260 
728 
216 
250 
246 
248 
208 
218 
250 
210 
40 
40 
40 
40 
44 
44 
208 
210 
208 
244 
236 
250 
206 
246 
210 
242 
248 
214 
210 
268 
208 
208 
208 
224 
606 
228 
206 
208 
244 
246 
226 
214 
208 
246 
246 
208 
246 
208 
220 
250 
204 
224 
212 
208 
204 
248 
208 
210 
210 
236 
206 
40 
40 
40 
42 
42 
42 
614 
250 
248 
206 
208 
210 
242 
210 
698 
222 
210 
208 
210 
210 
240 
208 
236 
250 
208 
252 
208 
244 
248 
208 
208 
360 
208 
204 
250 
260 
226 
206 
208 
312 
250 
256 
260 
210 
206 
208 
208 
476 
206 
246 
216 
44 
44 
40 
40 
38 
262 
248 
204 
206 
210 
262 
248 
228 
210 
210 
206 
208 
218 
272 
250 
206 
236 
208 
206 
210 
212 
248 
208 
246 
562 
202 
206 
206 
204 
210 
220 
226 
682 
222 
208 
248 
244 
206 
210 
210 
244 
206 
208 
230 
206 
42 
42 
40 
40 
42 
46 
40 
40 
40 
246 
208 
208 
838 
262 
214 
210 
212 
210 
230 
246 
690 
208 
206 
248 
304 
248 
208 
210 
208 
218 
250 
256 
248 
246 
262 
246 
244 
212 
216 
206 
218 
208 
208 
232 
268 
364 
226 
202 
216 
206 
208 
230 
248 
206 
40 
40 
42 
42 
40 
42 
206 
248 
208 
248 
216 
206 
204 
230 
218 
248 
204 
204 
206 
206 
218 
248 
206 
248 
554 
206 
206 
232 
208 
204 
208 
208 
660 
206 
210 
300 
208 
208 
206 
206 
206 
252 
210 
246 
246 
226 
208 
246 
250 
206 
204 
42 
42 
40 
40 
40 
42 
42 
208 
208 
262 
244 
210 
210 
206 
208 
240 
206 
246 
208 
238 
216 
208 
210 
208 
242 
248 
208 
214 
246 
248 
248 
230 
208 
208 
212 
234 
210 
248 
214 
482 
208 
210 
250 
206 
210 
212 
208 
650 
210 
210 
260 
40 
40 
40 
42 
38 
232 
204 
210 
214 
208 
206 
206 
210 
208 
210 
246 
210 
208 
246 
248 
248 
364 
208 
210 
210 
250 
234 
210 
210 
390 
208 
208 
210 
240 
246 
206 
224 
208 
208 
230 
206 
256 
216 
236 
206 
234 
206 
222 
208 
206 
42 
42 
40 
40 
44 
216 
248 
234 
246 
206 
208 
210 
492 
242 
210 
228 
210 
210 
206 
236 
590 
684 
204 
268 
208 
246 
248 
246 
204 
208 
216 
226 
212 
252 
208 
244 
210 
380 
250 
252 
208 
206 
206 
226 
204 
464 
208 
208 
210 
206 
208 
42 
40 
40 
40 
44 
42 
206 
220 
254 
248 
218 
250 
210 
226 
210 
208 
248 
206 
226 
204 
224 
210 
206 
204 
222 
208 
206 
566 
212 
206 
208 
206 
208 
206 
248 
530 
262 
208 
206 
206 
204 
226 
248 
204 
210 
208 
204 
250 
208 
268 
250 
40 
40 
42 
44 
42 
42 
210 
206 
210 
270 
230 
206 
234 
212 
216 
206 
204 
836 
246 
244 
248 
208 
250 
206 
210 
686 
212 
210 
218 
246 
244 
220 
206 
252 
210 
248 
250 
246 
228 
234 
250 
210 
514 
206 
208 
226 
208 
208 
210 
246 
508 
38 
42 
42 
38 
40 
206 
208 
208 
208 
204 
208 
206 
246 
246 
212 
246 
208 
210 
246 
242 
210 
210 
208 
248 
240 
348 
232 
206 
252 
220 
222 
288 
206 
254 
206 
242 
218 
208 
236 
216 
254 
238 
208 
208 
220 
248 
210 
224 
236 
210 
206 
44 
40 
44 
42 
40 
44 
42 
210 
230 
248 
248 
216 
214 
204 
282 
216 
208 
246 
228 
208 
44 
260 
510 
248 
246 
208 
230 
230 
216 
206 
228 
248 
248 
206 
240 
240 
250 
206 
228 
208 
248 
228 
228 
246 
210 
208 
264 
622 
268 
246 
204 
40 
44 
42 
40 
40 
208 
244 
206 
226 
248 
210 
244 
244 
246 
246 
208 
206 
246 
204 
248 
248 
208 
216 
206 
248 
246 
250 
208 
246 
562 
230 
204 
248 
206 
230 
210 
208 
204 
216 
256 
210 
226 
208 
204 
252 
210 
210 
210 
250 
238 
40 
42 
42 
42 
42 
42 
210 
208 
224 
210 
212 
210 
482 
258 
210 
208 
206 
208 
210 
206 
382 
246 
208 
246 
248 
210 
234 
208 
664 
222 
210 
266 
218 
208 
208 
206 
210 
214 
208 
226 
206 
206 
686 
212 
204 
330 
220 
202 
206 
206 
210 
44 
42 
44 
42 
208 
250 
208 
206 
208 
210 
206 
222 
248 
248 
210 
208 
206 
226 
208 
208 
248 
220 
208 
208 
206 
248 
260 
352 
224 
246 
208 
206 
228 
226 
250 
476 
210 
228 
206 
244 
206 
202 
242 
600 
248 
228 
242 
204 
204 
224 
42 
38 
42 
42 
44 
42 
44 
404 
248 
208 
210 
210 
208 
286 
246 
206 
226 
248 
304 
248 
248 
252 
206 
206 
210 
206 
522 
210 
248 
254 
210 
206 
210 
244 
210 
224 
248 
206 
208 
210 
208 
210 
206 
254 
246 
206 
228 
210 
210 
250 
206 
40 
44 
42 
40 
42 
40 
226 
242 
630 
248 
206 
248 
248 
206 
224 
204 
204 
244 
210 
212 
246 
212 
206 
206 
208 
208 
206 
210 
246 
248 
208 
208 
228 
308 
246 
212 
232 
206 
206 
204 
208 
548 
206 
204 
208 
208 
206 
216 
210 
850 
206 
232 
40 
42 
42 
40 
42 
230 
208 
206 
246 
206 
210 
228 
208 
244 
204 
246 
210 
212 
208 
206 
226 
250 
212 
256 
202 
208 
210 
206 
206 
206 
204 
218 
206 
206 
208 
206 
208 
248 
240 
208 
210 
210 
208 
266 
244 
204 
210 
326 
206 
214 
250 
210 
42 
42 
38 
40 
40 
42 
248 
208 
210 
206 
206 
614 
208 
230 
208 
208 
248 
206 
208 
206 
248 
206 
208 
210 
210 
210 
208 
246 
398 
210 
250 
216 
246 
250 
248 
244 
272 
246 
204 
208 
210 
208 
206 
248 
574 
248 
204 
208 
206 
208 
226 
40 
42 
42 
42 
42 
42 
42 
42 
208 
204 
258 
216 
208 
246 
204 
248 
208 
206 
210 
248 
204 
248 
248 
242 
232 
224 
710 
222 
206 
208 
204 
204 
206 
224 
206 
208 
216 
208 
212 
208 
224 
250 
234 
208 
206 
208 
210 
204 
260 
208 
208 
236 
244 
208 
42 
40 
42 
208 
208 
430 
206 
208 
206 
250 
206 
208 
246 
640 
210 
216 
208 
248 
210 
246 
210 
244 
210 
208 
210 
228 
250 
210 
206 
210 
206 
258 
206 
222 
248 
268 
226 
248 
668 
204 
206 
206 
218 
248 
206 
206 
728 
206 
218 
248 
248 
206 
250 
246 
250 
250 
248 
262 
244 
256 
250 
252 
248 
250 
246 
228 
250 
226 
246 
228 
306 
302 
248 
246 
236 
248 
248 
228 
212 
496 
228 
224 
206 
208 
246 
248 
248 
246 
244 
230 
244 
248 
246 
248 
242 
228 
208 
242 
210 
216 
204 
256 
264 
240 
260 
218 
216 
306 
252 
210 
232 
242 
500 
258 
234 
214 
270 
252 
232 
252 
694 
228 
252 
250 
258 
268 
254 
252 
252 
256 
254 
268 
368 
278 
232 
208 
216 
230 
250 
228 
248 
250 
228 
226 
246 
526 
246 
250 
248 
246 
248 
226 
242 
666 
206 
246 
226 
244 
248 
246 
248 
246 
248 
248 
212 
244 
246 
246 
246 
248 
248 
230 
248 
246 
244 
248 
228 
250 
416 
248 
242 
250 
248 
250 
230 
250 
640 
208 
248 
252 
246 
248 
248 
222 
244 
242 
246 
246 
244 
248 
246 
228 
248 
248 
250 
250 
248 
248 
246 
228 
248 
340 
248 
244 
252 
248 
242 
228 
244 
570 
244 
246 
252 
250 
244 
244 
246 
246 
248 
250 
210 
246 
246 
246 
248 
244 
246 
206 
246 
250 
248 
248 
230 
248 
286 
230 
248 
246 
246 
246 
226 
248 
522 
250 
246 
248 
226 
248 
238 
228 
228 
228 
250 
226 
210 
248 
246 
246 
246 
242 
250 
246 
244 
244 
248 
228 
208 
278 
246 
246 
248 
250 
248 
228 
246 
500 
246 
250 
248 
248 
250 
248 
248 
250 
244 
246 
248 
246 
250 
244 
242 
250 
246 
250 
248 
248 
248 
248 
246 
248 
252 
246 
250 
248 
244 
248 
228 
246 
438 
244 
246 
246 
248 
250 
226 
246 
654 
246 
248 
248 
248 
248 
246 
248 
250 
248 
248 
246 
250 
248 
246 
246 
250 
248 
244 
250 
246 
248 
250 
228 
248 
424 
250 
246 
248 
244 
248 
226 
248 
646 
250 
250 
246 
250 
248 
248 
244 
248 
250 
246 
244 
248 
250 
248 
248 
246 
244 
248 
246 
246 
246 
246 
708 
248 
354 
246 
248 
248 
246 
250 
226 
244 
562 
244 
244 
248 
248 
248 
244 
250 
250 
248 
248 
248 
246 
248 
244 
250 
244 
248 
248 
246 
248 
244 
248 
230 
246 
290 
250 
246 
242 
248 
248 
228 
246 
538 
250 
246 
250 
246 
248 
242 
248 
246 
248 
248 
248 
246 
246 
248 
250 
246 
240 
248 
246 
246 
248 
250 
228 
248 
222 
0 
220 
208 
246 
242 
