# FR-trace starting at Wed Mar 10 14:46:40 2021
################# CONFIG #################
# slot=9000
# samples=5000
# threshold=100
# idle=500
# minlen=500
# runs=60000
# pdathreads=3
# nmonitored=1
#   monitor0=/usr/local/lib/libcrypto.so 770062 0xbc00e
# nevicted=0
# npdatargets=1
#   target0=/usr/local/lib/libcrypto.so 750148 0xb7244
# affinity=all
############## SYSTEM INFO ###############
# mastik_version=
# sysname=Linux
# nodename=05a3c7e5a789
# release=5.8.0-43-generic
# version=#49~20.04.1-Ubuntu SMP Fri Feb 5 09:57:56 UTC 2021
# machine=x86_64
################## DATA ##################
# run=1
# datapoints=5000
46 
206 
220 
204 
580 
210 
208 
248 
248 
244 
216 
208 
572 
248 
210 
208 
248 
242 
44 
44 
44 
46 
44 
44 
210 
232 
238 
248 
206 
478 
256 
208 
208 
244 
248 
210 
248 
46 
44 
210 
230 
208 
208 
208 
208 
548 
246 
246 
208 
210 
246 
250 
246 
204 
240 
218 
210 
206 
210 
248 
248 
220 
244 
238 
208 
250 
208 
206 
226 
48 
48 
44 
46 
44 
44 
44 
42 
210 
534 
248 
246 
242 
250 
208 
228 
244 
688 
248 
206 
206 
222 
250 
246 
210 
210 
208 
210 
208 
232 
244 
250 
206 
210 
258 
302 
246 
206 
206 
248 
206 
210 
660 
210 
246 
244 
248 
224 
224 
208 
208 
202 
208 
268 
46 
46 
46 
44 
48 
46 
46 
44 
46 
210 
204 
206 
212 
308 
248 
212 
204 
246 
244 
206 
206 
648 
204 
248 
206 
248 
208 
206 
248 
206 
208 
208 
206 
214 
210 
206 
230 
208 
210 
250 
248 
206 
220 
204 
244 
248 
224 
216 
244 
250 
240 
206 
232 
208 
410 
46 
44 
44 
46 
44 
44 
48 
44 
46 
266 
248 
248 
210 
204 
208 
210 
206 
206 
264 
246 
240 
210 
264 
250 
206 
246 
258 
206 
206 
246 
206 
266 
344 
208 
210 
210 
208 
208 
226 
244 
210 
212 
206 
238 
232 
206 
252 
228 
246 
210 
246 
218 
212 
248 
44 
44 
46 
46 
48 
246 
210 
208 
248 
246 
216 
250 
248 
210 
208 
250 
202 
230 
208 
530 
206 
244 
208 
206 
204 
232 
246 
208 
206 
210 
248 
210 
238 
204 
264 
248 
208 
210 
212 
206 
246 
208 
230 
270 
252 
208 
208 
208 
208 
216 
206 
50 
46 
46 
44 
46 
48 
248 
228 
208 
212 
244 
206 
208 
208 
206 
204 
206 
260 
210 
206 
246 
248 
232 
208 
268 
208 
396 
246 
208 
248 
204 
210 
210 
206 
396 
206 
240 
250 
206 
204 
224 
208 
604 
210 
208 
244 
248 
208 
208 
208 
204 
46 
46 
46 
44 
50 
46 
244 
206 
210 
248 
246 
208 
248 
246 
208 
214 
352 
208 
246 
206 
202 
242 
208 
230 
596 
210 
230 
206 
250 
246 
242 
206 
206 
234 
214 
206 
248 
206 
206 
206 
208 
448 
264 
210 
206 
206 
252 
204 
228 
570 
210 
208 
46 
46 
44 
44 
46 
42 
244 
208 
210 
248 
210 
206 
232 
246 
246 
220 
246 
252 
236 
242 
246 
206 
294 
210 
210 
210 
248 
206 
226 
210 
270 
250 
246 
224 
230 
210 
208 
268 
598 
234 
208 
220 
222 
206 
230 
246 
204 
246 
234 
248 
236 
46 
46 
46 
44 
46 
44 
46 
44 
44 
46 
210 
208 
564 
248 
212 
208 
246 
204 
226 
266 
526 
210 
248 
248 
244 
212 
208 
248 
232 
208 
240 
244 
244 
204 
206 
208 
208 
206 
228 
208 
206 
208 
230 
238 
208 
504 
246 
246 
208 
218 
206 
228 
206 
406 
260 
130 
46 
44 
46 
46 
48 
48 
44 
44 
48 
204 
208 
226 
206 
212 
206 
696 
248 
216 
246 
206 
208 
248 
314 
248 
242 
206 
206 
206 
210 
206 
572 
228 
246 
228 
210 
244 
238 
208 
206 
250 
258 
242 
210 
206 
248 
210 
248 
206 
248 
210 
204 
206 
232 
250 
206 
44 
46 
46 
46 
46 
208 
206 
250 
630 
208 
208 
208 
208 
206 
208 
248 
560 
250 
206 
252 
212 
210 
216 
206 
206 
208 
210 
206 
210 
208 
246 
204 
240 
206 
206 
206 
204 
260 
206 
206 
204 
476 
248 
228 
204 
202 
236 
206 
248 
500 
242 
210 
46 
44 
44 
44 
44 
44 
248 
204 
206 
248 
206 
210 
206 
206 
290 
208 
210 
206 
224 
212 
210 
210 
494 
206 
246 
244 
206 
218 
236 
210 
622 
206 
252 
218 
208 
206 
208 
204 
696 
222 
208 
206 
228 
246 
208 
206 
206 
326 
248 
256 
248 
208 
46 
46 
46 
46 
44 
208 
208 
206 
206 
208 
212 
842 
208 
230 
212 
212 
246 
206 
248 
702 
208 
246 
204 
208 
208 
204 
208 
206 
206 
208 
208 
206 
252 
248 
208 
208 
382 
246 
204 
222 
238 
246 
208 
244 
626 
250 
204 
210 
206 
236 
44 
46 
44 
46 
44 
44 
48 
44 
252 
264 
206 
224 
206 
204 
208 
208 
254 
226 
238 
326 
250 
246 
248 
210 
234 
208 
246 
396 
212 
208 
210 
208 
226 
206 
204 
634 
228 
208 
250 
210 
208 
222 
208 
208 
210 
208 
206 
206 
244 
248 
206 
208 
210 
258 
44 
46 
46 
46 
46 
2308 
46 
46 
48 
248 
208 
250 
228 
212 
712 
204 
208 
210 
208 
270 
226 
208 
208 
246 
248 
206 
208 
204 
238 
246 
210 
206 
208 
204 
248 
208 
208 
206 
206 
246 
206 
206 
236 
228 
208 
206 
206 
484 
216 
208 
208 
244 
250 
210 
48 
42 
46 
48 
44 
204 
206 
240 
208 
208 
208 
232 
246 
206 
246 
208 
228 
208 
204 
248 
244 
250 
206 
208 
228 
244 
470 
208 
248 
206 
210 
208 
210 
206 
630 
248 
206 
260 
206 
210 
204 
210 
246 
216 
206 
208 
248 
204 
210 
218 
46 
44 
46 
44 
46 
44 
206 
208 
206 
390 
208 
220 
204 
204 
248 
228 
206 
598 
268 
204 
218 
206 
246 
208 
210 
210 
202 
206 
232 
234 
208 
208 
250 
206 
210 
208 
244 
250 
206 
246 
206 
206 
478 
210 
210 
210 
210 
242 
214 
206 
588 
206 
46 
48 
46 
44 
46 
44 
208 
214 
210 
208 
208 
210 
246 
208 
212 
386 
216 
216 
248 
206 
246 
206 
204 
622 
206 
204 
206 
230 
208 
236 
250 
206 
246 
206 
208 
250 
248 
210 
244 
208 
208 
246 
208 
206 
212 
250 
210 
248 
328 
246 
208 
246 
44 
46 
48 
44 
44 
218 
248 
208 
248 
206 
206 
208 
206 
204 
208 
248 
210 
214 
206 
248 
204 
238 
206 
248 
244 
208 
206 
206 
220 
206 
208 
210 
210 
268 
204 
244 
208 
460 
250 
218 
228 
242 
240 
224 
260 
712 
208 
250 
228 
208 
210 
44 
44 
48 
46 
46 
46 
248 
210 
212 
218 
246 
206 
206 
208 
248 
210 
210 
208 
208 
394 
250 
238 
204 
258 
208 
226 
210 
334 
210 
232 
206 
248 
210 
210 
208 
630 
208 
250 
208 
206 
256 
208 
208 
206 
208 
208 
204 
232 
206 
208 
208 
246 
44 
46 
48 
44 
46 
248 
210 
206 
602 
210 
208 
208 
208 
250 
210 
208 
560 
204 
258 
44 
44 
246 
246 
244 
210 
208 
208 
206 
246 
244 
208 
206 
216 
206 
206 
244 
248 
248 
206 
206 
208 
578 
208 
212 
208 
208 
208 
206 
244 
608 
46 
46 
46 
48 
46 
44 
44 
220 
208 
206 
220 
208 
206 
214 
208 
252 
208 
222 
204 
206 
208 
250 
246 
208 
260 
204 
206 
218 
248 
206 
230 
210 
208 
206 
208 
246 
210 
208 
230 
204 
696 
206 
246 
204 
208 
208 
204 
256 
204 
208 
208 
248 
230 
44 
46 
46 
48 
44 
44 
206 
250 
210 
208 
212 
208 
208 
248 
206 
218 
208 
208 
210 
248 
620 
246 
246 
208 
208 
208 
210 
244 
208 
206 
210 
234 
248 
212 
258 
208 
246 
512 
246 
246 
244 
228 
242 
226 
210 
410 
230 
244 
260 
206 
210 
210 
44 
46 
44 
46 
44 
44 
210 
212 
250 
268 
250 
230 
250 
208 
248 
212 
208 
228 
210 
210 
206 
248 
248 
246 
226 
214 
500 
208 
208 
250 
206 
262 
226 
204 
206 
208 
250 
208 
208 
208 
210 
244 
240 
206 
208 
228 
246 
208 
204 
204 
246 
210 
48 
48 
46 
44 
46 
42 
206 
286 
228 
208 
208 
210 
250 
206 
252 
718 
214 
208 
246 
262 
246 
230 
208 
206 
214 
246 
226 
208 
206 
248 
248 
254 
348 
210 
210 
210 
216 
240 
210 
204 
582 
208 
204 
248 
208 
228 
208 
206 
498 
202 
248 
250 
44 
50 
44 
46 
46 
206 
214 
228 
210 
238 
210 
212 
208 
204 
220 
208 
266 
246 
210 
210 
208 
224 
208 
228 
248 
210 
206 
204 
206 
458 
250 
246 
236 
224 
252 
226 
210 
634 
244 
246 
260 
232 
204 
206 
270 
228 
320 
210 
208 
236 
248 
46 
44 
44 
46 
46 
46 
208 
206 
246 
228 
258 
592 
208 
208 
210 
208 
208 
206 
206 
618 
248 
206 
228 
206 
204 
206 
258 
276 
228 
256 
230 
232 
206 
246 
210 
246 
248 
250 
212 
244 
252 
246 
208 
212 
322 
210 
230 
244 
208 
206 
230 
48 
46 
48 
44 
46 
44 
46 
216 
248 
204 
206 
208 
250 
208 
208 
210 
208 
256 
206 
208 
246 
248 
248 
202 
208 
236 
616 
206 
204 
208 
214 
206 
208 
208 
676 
204 
208 
206 
250 
206 
228 
210 
228 
248 
234 
210 
246 
246 
216 
238 
218 
240 
48 
44 
46 
46 
46 
46 
206 
248 
204 
206 
214 
210 
208 
210 
212 
466 
204 
254 
250 
210 
248 
210 
248 
210 
206 
0 
208 
208 
208 
246 
208 
206 
210 
206 
212 
208 
208 
246 
248 
206 
350 
244 
228 
210 
210 
212 
208 
208 
638 
212 
208 
46 
46 
44 
46 
46 
206 
232 
206 
206 
206 
206 
246 
248 
202 
214 
246 
210 
210 
242 
204 
248 
230 
208 
248 
208 
204 
204 
206 
230 
250 
456 
216 
202 
254 
208 
250 
210 
206 
206 
204 
216 
254 
208 
258 
228 
206 
208 
240 
208 
208 
248 
46 
46 
46 
44 
46 
46 
210 
206 
240 
210 
206 
206 
676 
212 
242 
206 
206 
204 
206 
206 
562 
206 
208 
218 
210 
256 
250 
248 
208 
244 
230 
230 
208 
248 
248 
248 
248 
246 
246 
250 
208 
246 
206 
226 
206 
308 
204 
250 
204 
208 
220 
206 
246 
44 
46 
44 
46 
256 
246 
208 
208 
206 
244 
206 
210 
222 
206 
208 
210 
254 
368 
246 
214 
210 
246 
238 
248 
208 
270 
228 
206 
246 
208 
218 
208 
208 
688 
244 
208 
248 
250 
208 
226 
230 
206 
208 
248 
236 
208 
206 
248 
208 
48 
44 
44 
44 
46 
46 
204 
208 
206 
428 
246 
204 
248 
208 
248 
206 
210 
694 
248 
250 
240 
246 
210 
208 
246 
648 
210 
208 
256 
206 
248 
242 
208 
226 
208 
244 
246 
228 
210 
246 
258 
238 
204 
246 
206 
264 
248 
208 
210 
240 
578 
212 
44 
46 
44 
46 
44 
208 
650 
208 
248 
210 
248 
208 
208 
252 
246 
208 
210 
208 
208 
252 
248 
250 
246 
424 
228 
244 
208 
208 
208 
226 
206 
674 
206 
206 
208 
248 
210 
206 
206 
560 
250 
206 
210 
248 
250 
206 
208 
270 
246 
206 
246 
46 
46 
44 
46 
46 
72 
206 
206 
248 
246 
208 
204 
204 
526 
206 
210 
246 
248 
244 
208 
262 
530 
250 
204 
208 
244 
232 
206 
204 
206 
206 
248 
250 
248 
244 
208 
248 
210 
208 
242 
208 
212 
206 
244 
206 
232 
460 
208 
244 
208 
226 
206 
228 
46 
46 
48 
44 
48 
206 
210 
212 
204 
208 
208 
204 
208 
260 
212 
228 
248 
210 
208 
250 
244 
228 
210 
210 
206 
250 
204 
206 
208 
212 
210 
266 
206 
206 
604 
250 
244 
206 
248 
248 
208 
206 
840 
208 
248 
234 
206 
232 
236 
208 
44 
44 
44 
44 
46 
46 
44 
210 
244 
320 
206 
204 
206 
210 
206 
228 
248 
434 
208 
208 
208 
210 
210 
228 
204 
208 
244 
208 
242 
248 
246 
240 
244 
206 
248 
242 
206 
228 
246 
256 
246 
208 
382 
230 
208 
210 
228 
208 
236 
206 
448 
206 
206 
46 
44 
46 
46 
44 
46 
250 
260 
210 
226 
242 
206 
244 
224 
248 
204 
242 
244 
206 
248 
208 
204 
208 
244 
208 
248 
210 
248 
210 
254 
488 
218 
246 
204 
244 
206 
228 
222 
48 
42 
46 
44 
44 
44 
226 
204 
206 
248 
206 
208 
208 
230 
206 
248 
248 
300 
246 
204 
46 
208 
248 
230 
206 
322 
248 
214 
248 
212 
248 
226 
244 
840 
208 
228 
248 
270 
248 
226 
212 
680 
204 
246 
208 
220 
246 
208 
210 
210 
206 
210 
46 
44 
44 
44 
46 
44 
360 
246 
242 
216 
206 
206 
208 
210 
844 
204 
208 
246 
208 
250 
226 
246 
204 
206 
242 
206 
206 
210 
208 
206 
208 
208 
212 
208 
208 
206 
210 
244 
208 
522 
204 
206 
228 
210 
218 
226 
206 
672 
206 
210 
244 
206 
210 
46 
46 
46 
46 
48 
44 
208 
208 
216 
206 
210 
250 
206 
206 
248 
210 
208 
206 
242 
204 
244 
208 
208 
208 
248 
224 
208 
586 
208 
208 
210 
212 
208 
224 
248 
220 
218 
230 
218 
232 
246 
204 
208 
208 
206 
214 
206 
204 
210 
210 
222 
206 
42 
46 
44 
46 
46 
44 
208 
206 
320 
204 
218 
210 
214 
246 
206 
252 
538 
208 
208 
248 
208 
206 
206 
208 
262 
250 
254 
246 
210 
208 
208 
206 
248 
212 
208 
204 
250 
238 
210 
210 
210 
554 
210 
210 
208 
248 
248 
208 
244 
570 
248 
208 
42 
46 
46 
44 
248 
206 
210 
210 
208 
210 
204 
246 
246 
228 
300 
206 
208 
204 
210 
212 
210 
242 
308 
250 
208 
206 
246 
238 
210 
248 
420 
208 
246 
248 
248 
212 
208 
206 
210 
238 
208 
246 
250 
204 
250 
258 
248 
208 
212 
206 
46 
46 
46 
46 
44 
46 
226 
206 
232 
210 
206 
226 
206 
400 
208 
254 
242 
210 
210 
208 
240 
208 
204 
208 
208 
248 
208 
244 
250 
684 
226 
210 
204 
204 
210 
208 
246 
260 
314 
206 
226 
208 
208 
236 
210 
204 
406 
248 
248 
248 
248 
210 
44 
44 
44 
44 
44 
44 
44 
246 
202 
208 
212 
206 
236 
204 
210 
202 
246 
208 
246 
304 
204 
248 
206 
206 
206 
204 
228 
610 
206 
226 
208 
208 
204 
234 
250 
628 
248 
208 
206 
214 
252 
210 
208 
260 
206 
230 
250 
252 
250 
272 
208 
204 
44 
48 
250 
44 
48 
46 
234 
208 
332 
212 
248 
208 
250 
208 
208 
244 
658 
248 
250 
224 
204 
206 
240 
206 
208 
218 
246 
208 
212 
242 
248 
218 
228 
276 
208 
246 
208 
248 
228 
246 
208 
362 
246 
248 
208 
246 
206 
210 
248 
674 
206 
48 
46 
44 
46 
44 
44 
46 
44 
210 
208 
246 
210 
230 
254 
206 
206 
208 
216 
206 
208 
210 
204 
244 
476 
204 
208 
208 
246 
208 
236 
232 
666 
232 
212 
208 
248 
206 
206 
224 
208 
208 
208 
206 
210 
244 
264 
260 
210 
226 
206 
212 
208 
226 
210 
46 
44 
44 
48 
48 
226 
206 
204 
208 
250 
646 
208 
208 
210 
210 
250 
210 
244 
208 
252 
246 
248 
212 
202 
254 
246 
206 
250 
248 
244 
202 
228 
244 
238 
208 
210 
210 
208 
208 
208 
236 
246 
208 
334 
238 
210 
206 
214 
248 
204 
210 
44 
44 
46 
44 
44 
208 
234 
206 
210 
210 
206 
204 
208 
206 
206 
210 
248 
242 
206 
208 
248 
248 
210 
230 
206 
222 
236 
244 
206 
210 
206 
204 
210 
736 
256 
244 
210 
206 
210 
206 
210 
668 
206 
210 
206 
204 
204 
204 
210 
250 
310 
44 
44 
46 
44 
44 
204 
250 
214 
210 
238 
206 
210 
206 
206 
230 
728 
246 
206 
208 
246 
210 
206 
210 
208 
244 
208 
214 
206 
206 
208 
208 
248 
238 
208 
208 
246 
206 
248 
206 
254 
428 
244 
244 
260 
206 
206 
210 
208 
400 
248 
44 
44 
44 
44 
44 
44 
46 
46 
204 
206 
244 
206 
208 
248 
218 
204 
214 
232 
206 
206 
242 
208 
248 
206 
246 
208 
246 
224 
246 
212 
210 
436 
206 
250 
210 
210 
214 
206 
246 
210 
254 
208 
228 
206 
206 
208 
210 
206 
250 
248 
228 
244 
206 
206 
44 
46 
46 
44 
48 
44 
234 
206 
230 
246 
324 
206 
210 
208 
206 
204 
206 
208 
704 
244 
250 
214 
246 
206 
210 
206 
246 
208 
228 
206 
248 
208 
234 
210 
206 
248 
248 
208 
210 
222 
274 
204 
208 
488 
248 
210 
246 
208 
208 
206 
226 
44 
46 
44 
46 
50 
206 
228 
202 
712 
248 
208 
206 
208 
246 
206 
258 
228 
208 
248 
246 
208 
250 
210 
220 
248 
270 
242 
688 
208 
258 
204 
208 
206 
636 
206 
206 
216 
208 
248 
210 
206 
204 
240 
246 
264 
270 
250 
210 
208 
240 
208 
44 
44 
44 
46 
44 
46 
208 
424 
208 
204 
210 
248 
228 
228 
206 
692 
272 
206 
270 
208 
266 
224 
208 
600 
244 
266 
206 
240 
246 
206 
250 
238 
206 
230 
208 
204 
248 
238 
208 
206 
210 
230 
226 
208 
208 
246 
226 
206 
326 
208 
250 
204 
250 
44 
44 
44 
46 
44 
48 
204 
210 
210 
248 
248 
252 
248 
208 
206 
262 
210 
204 
208 
230 
206 
248 
248 
210 
204 
204 
232 
212 
600 
204 
208 
232 
210 
208 
230 
210 
562 
206 
250 
236 
206 
248 
208 
204 
206 
262 
208 
206 
248 
210 
248 
204 
210 
284 
48 
44 
46 
46 
46 
208 
228 
244 
218 
240 
244 
260 
206 
206 
248 
572 
250 
208 
206 
246 
206 
208 
204 
212 
206 
210 
206 
214 
232 
252 
206 
248 
302 
208 
206 
208 
208 
226 
210 
206 
514 
248 
250 
208 
262 
246 
224 
208 
468 
208 
46 
48 
46 
44 
44 
212 
46 
44 
246 
204 
250 
210 
216 
206 
204 
234 
208 
242 
250 
246 
206 
46 
44 
204 
210 
216 
210 
206 
212 
204 
270 
372 
228 
206 
208 
216 
250 
228 
248 
208 
246 
248 
214 
206 
208 
208 
206 
242 
208 
232 
208 
216 
244 
202 
46 
44 
46 
46 
44 
44 
46 
44 
228 
226 
402 
206 
248 
208 
244 
208 
226 
230 
204 
246 
208 
236 
246 
208 
210 
206 
270 
248 
208 
204 
204 
250 
258 
208 
204 
260 
206 
218 
250 
206 
206 
224 
206 
576 
248 
226 
210 
210 
246 
226 
246 
622 
260 
248 
44 
46 
44 
46 
46 
230 
210 
206 
230 
212 
208 
208 
208 
210 
206 
206 
248 
208 
208 
204 
246 
206 
474 
248 
238 
208 
210 
224 
204 
204 
204 
204 
248 
204 
246 
206 
204 
246 
208 
204 
208 
210 
202 
208 
206 
204 
246 
208 
250 
208 
250 
42 
44 
46 
44 
46 
206 
206 
204 
204 
204 
246 
236 
466 
210 
250 
244 
246 
246 
208 
208 
208 
204 
208 
246 
210 
212 
246 
206 
208 
290 
206 
210 
250 
208 
208 
248 
244 
256 
216 
204 
206 
248 
246 
212 
248 
400 
208 
242 
204 
208 
224 
44 
42 
44 
46 
46 
44 
210 
204 
228 
208 
210 
248 
206 
206 
210 
228 
210 
230 
228 
404 
206 
244 
206 
204 
218 
222 
212 
524 
208 
206 
248 
246 
208 
208 
250 
580 
246 
226 
208 
204 
208 
248 
208 
204 
206 
206 
202 
206 
208 
246 
246 
206 
44 
44 
46 
44 
44 
208 
208 
260 
314 
208 
228 
208 
216 
210 
210 
222 
206 
208 
210 
244 
216 
208 
212 
210 
260 
244 
246 
206 
206 
202 
206 
226 
244 
218 
210 
248 
206 
208 
208 
214 
204 
560 
250 
222 
206 
210 
210 
208 
206 
478 
248 
44 
46 
42 
48 
44 
248 
728 
246 
208 
236 
260 
208 
212 
206 
212 
204 
206 
210 
264 
246 
228 
206 
248 
358 
206 
252 
210 
248 
208 
228 
208 
736 
206 
248 
208 
246 
218 
226 
270 
706 
206 
266 
262 
250 
232 
240 
246 
208 
202 
210 
248 
44 
46 
48 
46 
44 
206 
206 
238 
208 
246 
218 
226 
210 
700 
236 
246 
246 
208 
238 
222 
208 
626 
216 
248 
232 
248 
206 
248 
246 
246 
206 
210 
208 
210 
204 
230 
244 
208 
316 
208 
208 
248 
248 
204 
210 
264 
608 
208 
246 
210 
206 
212 
50 
48 
44 
44 
44 
46 
46 
210 
208 
208 
208 
208 
208 
206 
208 
208 
208 
210 
246 
360 
208 
244 
248 
248 
210 
210 
236 
422 
248 
240 
270 
208 
228 
226 
208 
840 
202 
208 
208 
246 
212 
208 
248 
246 
248 
246 
206 
230 
246 
208 
248 
212 
206 
206 
242 
44 
46 
46 
46 
46 
46 
206 
212 
210 
248 
248 
208 
206 
464 
208 
244 
238 
206 
214 
228 
210 
692 
208 
230 
202 
228 
208 
206 
258 
250 
206 
208 
258 
246 
248 
208 
250 
214 
524 
248 
208 
246 
248 
210 
206 
246 
638 
208 
244 
246 
208 
248 
46 
46 
44 
46 
46 
46 
46 
48 
204 
206 
248 
208 
208 
246 
206 
236 
246 
210 
204 
478 
258 
206 
246 
228 
206 
204 
208 
582 
236 
208 
206 
208 
204 
210 
214 
208 
246 
248 
246 
206 
248 
250 
244 
208 
256 
256 
218 
248 
208 
208 
238 
206 
262 
50 
44 
46 
46 
48 
44 
44 
700 
230 
206 
204 
208 
208 
224 
228 
208 
222 
222 
224 
248 
260 
208 
246 
206 
226 
248 
246 
206 
206 
206 
208 
208 
408 
244 
248 
210 
208 
248 
242 
210 
320 
210 
208 
208 
208 
248 
224 
258 
208 
262 
246 
206 
46 
46 
44 
44 
46 
44 
50 
216 
210 
216 
252 
208 
202 
340 
210 
208 
210 
250 
206 
204 
248 
226 
210 
204 
206 
244 
208 
208 
210 
672 
206 
210 
248 
208 
246 
210 
250 
212 
244 
206 
208 
260 
210 
210 
246 
246 
332 
208 
212 
250 
206 
204 
44 
46 
46 
44 
46 
46 
210 
204 
218 
246 
640 
208 
206 
250 
248 
208 
208 
212 
216 
206 
248 
248 
248 
246 
246 
206 
204 
204 
208 
208 
244 
246 
252 
244 
230 
332 
206 
208 
206 
206 
250 
226 
244 
384 
248 
206 
210 
212 
206 
206 
204 
700 
246 
46 
46 
44 
46 
206 
226 
210 
210 
210 
208 
204 
244 
210 
208 
210 
232 
228 
244 
250 
240 
210 
208 
248 
446 
230 
210 
210 
206 
228 
204 
208 
730 
210 
208 
248 
208 
248 
250 
248 
208 
248 
208 
208 
206 
210 
248 
210 
208 
206 
208 
46 
48 
48 
48 
48 
46 
42 
46 
44 
218 
208 
208 
206 
208 
206 
208 
210 
206 
208 
248 
208 
248 
246 
248 
226 
238 
210 
206 
246 
208 
204 
208 
204 
244 
228 
206 
254 
208 
246 
230 
248 
206 
248 
206 
208 
206 
212 
840 
208 
208 
230 
242 
210 
232 
102 
46 
46 
42 
46 
44 
46 
228 
248 
210 
206 
210 
248 
246 
206 
210 
248 
246 
532 
208 
246 
250 
248 
244 
210 
208 
522 
206 
246 
238 
206 
246 
210 
210 
208 
244 
246 
206 
204 
208 
206 
242 
206 
204 
220 
244 
268 
206 
208 
208 
206 
322 
44 
44 
46 
46 
46 
42 
44 
388 
204 
234 
218 
210 
206 
208 
208 
696 
248 
218 
246 
214 
206 
244 
246 
208 
208 
240 
206 
244 
210 
210 
206 
224 
466 
206 
204 
244 
250 
236 
230 
240 
734 
206 
208 
204 
206 
248 
230 
208 
206 
216 
246 
240 
206 
250 
46 
220 
46 
46 
46 
44 
246 
226 
204 
210 
210 
234 
210 
224 
246 
262 
208 
226 
210 
490 
244 
206 
206 
226 
210 
226 
246 
638 
230 
210 
248 
220 
210 
254 
206 
246 
206 
208 
210 
248 
208 
242 
218 
230 
386 
244 
248 
206 
214 
206 
248 
46 
44 
44 
44 
44 
42 
246 
206 
206 
580 
206 
246 
260 
228 
204 
246 
210 
206 
208 
240 
244 
210 
208 
206 
210 
206 
208 
204 
226 
232 
232 
208 
208 
248 
300 
250 
246 
246 
206 
246 
228 
242 
590 
228 
206 
206 
248 
208 
208 
204 
208 
46 
44 
44 
46 
46 
44 
210 
208 
208 
210 
208 
220 
226 
208 
216 
208 
208 
208 
250 
248 
212 
232 
226 
206 
838 
206 
212 
208 
208 
246 
208 
206 
208 
206 
208 
208 
208 
256 
230 
210 
206 
272 
206 
208 
244 
238 
208 
250 
216 
280 
216 
248 
46 
48 
44 
46 
44 
648 
206 
206 
208 
256 
248 
226 
210 
614 
246 
222 
246 
246 
210 
250 
246 
208 
230 
256 
246 
208 
208 
208 
208 
206 
202 
206 
206 
208 
214 
224 
228 
208 
400 
208 
210 
206 
210 
228 
206 
206 
210 
210 
246 
208 
206 
246 
44 
46 
44 
46 
44 
206 
208 
246 
248 
206 
234 
208 
250 
208 
208 
206 
242 
242 
248 
592 
246 
206 
208 
206 
266 
210 
246 
514 
246 
236 
206 
206 
206 
208 
206 
210 
246 
206 
262 
266 
206 
208 
230 
246 
264 
208 
246 
228 
248 
212 
206 
44 
44 
48 
48 
44 
44 
208 
228 
210 
570 
208 
208 
206 
208 
208 
212 
220 
658 
244 
236 
250 
210 
206 
204 
246 
208 
236 
204 
206 
204 
204 
212 
250 
262 
334 
244 
206 
246 
248 
248 
206 
204 
486 
210 
238 
248 
208 
244 
212 
210 
208 
210 
214 
44 
46 
44 
48 
44 
208 
300 
228 
244 
246 
206 
228 
250 
248 
208 
244 
206 
242 
206 
250 
228 
208 
432 
208 
206 
216 
206 
210 
224 
206 
838 
210 
206 
268 
206 
212 
204 
234 
210 
246 
246 
206 
206 
208 
208 
218 
206 
210 
208 
206 
248 
46 
46 
42 
48 
46 
46 
248 
206 
210 
248 
208 
246 
520 
208 
206 
210 
250 
208 
228 
214 
244 
250 
248 
238 
210 
210 
246 
206 
246 
208 
208 
246 
202 
204 
208 
208 
210 
236 
206 
204 
216 
206 
206 
206 
246 
206 
248 
206 
210 
208 
246 
206 
210 
46 
46 
46 
46 
44 
246 
210 
208 
248 
202 
208 
206 
208 
244 
216 
208 
248 
284 
206 
210 
208 
208 
250 
208 
210 
504 
208 
250 
208 
206 
208 
210 
208 
836 
246 
246 
230 
250 
208 
248 
248 
208 
212 
212 
210 
234 
206 
250 
204 
202 
46 
46 
44 
44 
44 
46 
44 
44 
382 
246 
252 
206 
208 
208 
210 
206 
598 
210 
210 
228 
210 
208 
208 
208 
210 
208 
204 
206 
208 
206 
248 
248 
236 
284 
204 
236 
208 
208 
246 
224 
206 
666 
208 
206 
248 
208 
210 
228 
208 
206 
248 
208 
246 
208 
206 
44 
44 
46 
44 
46 
44 
46 
250 
206 
210 
208 
208 
204 
228 
248 
206 
244 
204 
228 
484 
208 
244 
210 
210 
250 
226 
250 
206 
210 
236 
206 
250 
208 
220 
230 
206 
208 
208 
210 
246 
234 
204 
206 
246 
256 
218 
248 
210 
210 
204 
208 
228 
338 
208 
44 
46 
46 
46 
44 
46 
206 
208 
206 
206 
248 
206 
208 
212 
244 
208 
210 
244 
228 
206 
248 
208 
210 
374 
248 
218 
206 
204 
208 
206 
202 
302 
206 
206 
210 
248 
250 
228 
206 
838 
246 
208 
210 
246 
208 
208 
246 
208 
208 
246 
210 
242 
46 
44 
44 
46 
46 
46 
250 
250 
244 
240 
246 
206 
204 
208 
204 
210 
248 
206 
210 
210 
378 
204 
206 
248 
206 
208 
204 
228 
210 
206 
210 
230 
242 
228 
252 
232 
208 
290 
210 
234 
208 
208 
246 
220 
232 
506 
260 
208 
206 
222 
208 
226 
46 
46 
44 
44 
50 
44 
44 
46 
218 
206 
242 
244 
208 
208 
210 
208 
206 
250 
250 
240 
206 
246 
248 
208 
244 
226 
206 
250 
210 
244 
206 
248 
224 
204 
414 
206 
208 
208 
210 
204 
206 
208 
210 
208 
208 
208 
246 
206 
206 
248 
210 
250 
208 
54 
46 
44 
206 
208 
208 
208 
250 
244 
210 
244 
206 
206 
206 
434 
202 
210 
204 
250 
208 
238 
208 
578 
246 
248 
248 
206 
206 
230 
248 
248 
242 
252 
244 
210 
206 
210 
252 
208 
360 
208 
226 
228 
244 
204 
206 
208 
284 
216 
246 
250 
248 
246 
228 
226 
418 
244 
248 
210 
246 
248 
230 
244 
664 
230 
248 
250 
246 
248 
248 
246 
228 
246 
250 
248 
214 
246 
230 
246 
276 
3160 
618 
890 
1892 
780 
1000 
832 
448 
206 
244 
250 
246 
248 
246 
224 
224 
210 
232 
250 
256 
260 
216 
224 
230 
220 
226 
254 
252 
232 
226 
246 
230 
222 
262 
264 
234 
234 
290 
216 
230 
238 
332 
260 
228 
234 
254 
332 
242 
234 
546 
214 
216 
232 
240 
274 
248 
252 
218 
244 
252 
248 
230 
246 
208 
204 
244 
478 
212 
244 
228 
244 
246 
226 
248 
278 
246 
248 
210 
248 
228 
226 
250 
530 
246 
248 
246 
246 
248 
250 
248 
248 
246 
246 
246 
250 
246 
242 
248 
206 
250 
248 
206 
250 
208 
244 
248 
246 
276 
248 
248 
248 
248 
248 
230 
246 
498 
246 
250 
252 
246 
246 
228 
252 
246 
246 
246 
250 
246 
246 
220 
0 
206 
592 
248 
250 
250 
248 
246 
248 
246 
236 
244 
250 
250 
244 
208 
226 
250 
418 
246 
248 
228 
248 
222 
226 
224 
630 
246 
250 
250 
250 
246 
224 
234 
226 
248 
250 
252 
246 
208 
242 
248 
248 
250 
250 
206 
244 
248 
246 
228 
242 
378 
246 
246 
246 
250 
246 
228 
242 
620 
246 
244 
248 
246 
244 
248 
246 
250 
248 
246 
250 
250 
248 
248 
244 
250 
246 
246 
246 
250 
250 
246 
228 
250 
366 
246 
248 
250 
250 
242 
226 
242 
590 
248 
250 
250 
248 
242 
246 
244 
248 
246 
246 
248 
250 
250 
248 
250 
248 
250 
246 
250 
246 
244 
246 
228 
246 
276 
248 
248 
246 
248 
246 
224 
246 
502 
248 
244 
246 
250 
246 
250 
248 
250 
252 
248 
242 
242 
244 
246 
246 
252 
246 
248 
246 
246 
248 
246 
230 
246 
254 
246 
246 
246 
250 
250 
230 
248 
490 
248 
246 
250 
244 
248 
226 
246 
246 
246 
248 
248 
248 
248 
246 
248 
248 
252 
246 
248 
250 
248 
248 
226 
248 
228 
244 
250 
246 
250 
248 
222 
246 
438 
244 
248 
246 
246 
250 
228 
248 
648 
248 
248 
244 
