# FR-trace starting at Wed Mar 10 14:46:43 2021
################# CONFIG #################
# slot=9000
# samples=5000
# threshold=100
# idle=500
# minlen=500
# runs=60000
# pdathreads=3
# nmonitored=1
#   monitor0=/usr/local/lib/libcrypto.so 770062 0xbc00e
# nevicted=0
# npdatargets=1
#   target0=/usr/local/lib/libcrypto.so 750148 0xb7244
# affinity=all
############## SYSTEM INFO ###############
# mastik_version=
# sysname=Linux
# nodename=05a3c7e5a789
# release=5.8.0-43-generic
# version=#49~20.04.1-Ubuntu SMP Fri Feb 5 09:57:56 UTC 2021
# machine=x86_64
################## DATA ##################
# run=1
# datapoints=5000
44 
230 
206 
248 
208 
206 
206 
216 
204 
204 
206 
248 
210 
208 
208 
246 
210 
218 
244 
46 
248 
46 
42 
44 
44 
208 
208 
210 
214 
208 
206 
234 
584 
244 
208 
210 
238 
244 
252 
204 
44 
248 
208 
208 
208 
206 
216 
250 
210 
208 
206 
208 
206 
206 
208 
202 
244 
540 
272 
206 
244 
208 
234 
208 
208 
552 
210 
242 
206 
210 
248 
44 
46 
46 
46 
46 
44 
46 
214 
224 
266 
248 
204 
204 
208 
214 
210 
210 
250 
208 
364 
206 
246 
248 
206 
216 
210 
248 
634 
244 
250 
250 
208 
208 
206 
246 
210 
228 
208 
248 
246 
248 
242 
226 
208 
206 
208 
210 
204 
250 
250 
248 
208 
44 
46 
46 
48 
44 
46 
46 
44 
46 
208 
206 
206 
210 
206 
208 
252 
732 
250 
248 
234 
248 
206 
208 
246 
260 
230 
208 
250 
244 
206 
242 
248 
206 
498 
244 
248 
214 
204 
208 
204 
226 
400 
214 
238 
210 
210 
208 
230 
208 
594 
220 
210 
216 
208 
208 
44 
44 
44 
44 
148 
46 
44 
44 
208 
208 
238 
262 
204 
248 
208 
210 
206 
212 
210 
678 
208 
252 
228 
246 
246 
208 
206 
206 
246 
228 
206 
242 
208 
220 
204 
234 
228 
206 
250 
242 
208 
258 
246 
208 
210 
208 
260 
242 
208 
270 
248 
206 
318 
208 
42 
42 
48 
46 
46 
44 
506 
248 
250 
202 
270 
228 
210 
212 
230 
246 
248 
248 
248 
208 
248 
210 
234 
354 
206 
206 
206 
248 
206 
250 
244 
382 
206 
206 
246 
210 
250 
210 
228 
204 
208 
248 
208 
246 
208 
208 
204 
678 
246 
246 
246 
208 
44 
44 
46 
46 
44 
46 
210 
248 
208 
246 
244 
248 
300 
210 
264 
206 
212 
212 
208 
208 
418 
206 
210 
260 
246 
204 
208 
204 
208 
230 
208 
206 
246 
244 
208 
206 
252 
206 
250 
208 
212 
250 
244 
206 
248 
510 
208 
248 
246 
204 
206 
210 
44 
44 
46 
44 
44 
210 
248 
206 
210 
734 
248 
208 
250 
210 
206 
208 
242 
228 
206 
244 
208 
206 
208 
246 
230 
208 
412 
208 
208 
212 
208 
206 
230 
246 
358 
208 
210 
226 
210 
256 
206 
212 
212 
212 
208 
212 
206 
204 
210 
256 
46 
46 
46 
46 
44 
46 
48 
214 
234 
206 
246 
246 
248 
248 
208 
250 
206 
288 
248 
228 
206 
246 
244 
208 
244 
206 
218 
202 
208 
204 
228 
230 
210 
206 
208 
204 
204 
244 
248 
248 
248 
204 
208 
212 
248 
242 
242 
246 
246 
208 
476 
206 
208 
46 
46 
46 
48 
46 
48 
44 
44 
48 
246 
252 
210 
250 
680 
216 
208 
218 
208 
238 
210 
240 
244 
208 
256 
218 
246 
228 
222 
248 
230 
210 
208 
208 
230 
244 
208 
208 
248 
602 
242 
248 
216 
206 
208 
206 
242 
638 
262 
210 
204 
208 
268 
208 
246 
210 
44 
46 
44 
44 
44 
44 
46 
46 
44 
46 
244 
210 
206 
208 
208 
214 
378 
256 
208 
204 
206 
204 
230 
246 
594 
248 
204 
222 
11528 
0 
214 
252 
216 
208 
214 
208 
244 
258 
244 
206 
206 
356 
210 
246 
44 
46 
42 
46 
46 
44 
1688 
750 
3068 
312 
358 
246 
1878 
208 
208 
206 
206 
246 
210 
250 
248 
208 
248 
206 
210 
206 
248 
204 
206 
250 
210 
236 
248 
228 
206 
206 
208 
208 
604 
274 
248 
206 
248 
210 
208 
212 
564 
212 
246 
210 
234 
210 
208 
212 
248 
206 
206 
44 
46 
44 
46 
46 
44 
212 
206 
246 
238 
204 
210 
210 
220 
246 
204 
244 
204 
210 
208 
228 
218 
680 
214 
208 
206 
246 
210 
206 
210 
208 
244 
208 
248 
208 
206 
246 
204 
244 
208 
204 
210 
206 
240 
246 
250 
208 
332 
208 
246 
204 
246 
44 
44 
44 
46 
44 
248 
264 
246 
210 
210 
248 
664 
208 
208 
248 
250 
210 
206 
208 
248 
208 
208 
208 
204 
208 
206 
206 
246 
206 
238 
208 
226 
236 
208 
228 
248 
702 
208 
250 
258 
208 
246 
232 
248 
206 
206 
222 
210 
208 
210 
246 
44 
46 
48 
44 
50 
44 
46 
250 
226 
206 
240 
206 
212 
246 
208 
206 
224 
244 
324 
210 
248 
210 
206 
210 
228 
212 
208 
208 
206 
212 
206 
206 
208 
258 
206 
210 
208 
250 
248 
208 
206 
204 
210 
372 
246 
206 
206 
212 
242 
204 
236 
476 
208 
46 
42 
46 
44 
44 
48 
46 
208 
206 
226 
208 
206 
228 
206 
226 
248 
234 
210 
206 
210 
210 
246 
208 
206 
204 
208 
248 
248 
210 
206 
202 
226 
206 
258 
208 
246 
210 
228 
268 
466 
210 
236 
238 
210 
214 
208 
244 
646 
250 
208 
206 
210 
244 
46 
48 
44 
46 
206 
250 
246 
206 
246 
212 
208 
498 
246 
210 
208 
212 
266 
208 
208 
584 
210 
210 
208 
214 
224 
206 
214 
666 
246 
208 
204 
240 
248 
210 
208 
210 
254 
220 
206 
206 
226 
206 
206 
210 
468 
206 
230 
248 
248 
240 
46 
46 
46 
48 
44 
42 
204 
218 
230 
250 
600 
210 
208 
246 
206 
250 
238 
206 
208 
222 
210 
208 
246 
246 
208 
208 
208 
442 
208 
272 
264 
208 
210 
230 
246 
410 
250 
240 
244 
210 
252 
234 
210 
716 
206 
206 
230 
222 
204 
212 
248 
208 
44 
46 
44 
48 
44 
46 
248 
206 
208 
208 
210 
210 
206 
206 
226 
246 
298 
236 
210 
208 
206 
210 
206 
224 
206 
212 
220 
248 
246 
250 
226 
226 
218 
240 
212 
212 
246 
222 
208 
210 
246 
204 
210 
208 
208 
206 
208 
226 
204 
238 
244 
246 
44 
46 
46 
46 
42 
46 
248 
208 
208 
208 
208 
206 
206 
208 
232 
206 
230 
244 
210 
248 
208 
726 
204 
234 
238 
244 
208 
246 
248 
238 
208 
206 
204 
206 
206 
210 
226 
210 
206 
250 
208 
208 
248 
210 
220 
272 
838 
210 
212 
254 
206 
244 
44 
46 
44 
44 
46 
48 
46 
206 
230 
208 
208 
208 
206 
208 
204 
210 
242 
236 
208 
532 
244 
248 
214 
208 
210 
226 
210 
208 
206 
246 
260 
242 
210 
228 
266 
218 
250 
208 
248 
208 
208 
206 
206 
210 
394 
206 
250 
206 
208 
206 
228 
222 
384 
46 
44 
44 
46 
46 
44 
246 
210 
236 
246 
210 
238 
206 
206 
248 
206 
210 
250 
208 
218 
250 
248 
210 
206 
316 
220 
244 
206 
268 
208 
208 
208 
312 
242 
248 
208 
206 
210 
206 
210 
534 
204 
218 
246 
226 
220 
206 
232 
248 
250 
208 
246 
44 
44 
48 
44 
46 
46 
206 
208 
208 
242 
220 
248 
216 
246 
218 
248 
206 
242 
210 
204 
206 
426 
208 
204 
248 
204 
204 
206 
254 
848 
206 
252 
208 
208 
242 
204 
248 
208 
206 
210 
250 
232 
228 
244 
248 
244 
538 
210 
248 
208 
208 
204 
44 
46 
44 
46 
46 
44 
210 
254 
210 
246 
208 
244 
212 
210 
254 
212 
248 
206 
206 
288 
244 
242 
224 
284 
210 
246 
234 
378 
204 
210 
204 
234 
228 
228 
206 
718 
206 
246 
208 
246 
246 
228 
206 
206 
268 
274 
206 
208 
206 
206 
210 
246 
44 
46 
44 
44 
44 
44 
246 
204 
206 
204 
248 
208 
248 
204 
206 
246 
622 
212 
208 
218 
248 
220 
208 
246 
536 
206 
208 
206 
230 
226 
250 
206 
248 
248 
208 
208 
246 
246 
236 
206 
208 
432 
246 
208 
248 
208 
216 
208 
210 
328 
208 
252 
44 
44 
46 
44 
44 
544 
204 
206 
210 
214 
242 
224 
212 
208 
246 
208 
250 
208 
252 
258 
236 
206 
206 
206 
240 
208 
244 
208 
206 
216 
230 
222 
208 
206 
230 
248 
210 
202 
548 
270 
234 
206 
248 
242 
228 
204 
210 
246 
258 
208 
246 
46 
48 
46 
46 
46 
206 
248 
202 
212 
210 
250 
208 
206 
208 
208 
246 
220 
228 
228 
248 
448 
226 
242 
226 
206 
206 
228 
248 
688 
206 
218 
268 
208 
248 
230 
210 
206 
276 
246 
206 
206 
206 
206 
270 
232 
382 
206 
202 
206 
212 
44 
46 
44 
44 
42 
44 
46 
206 
250 
242 
204 
210 
250 
208 
246 
208 
206 
246 
250 
208 
208 
246 
252 
228 
206 
204 
272 
248 
272 
236 
208 
206 
208 
234 
206 
206 
318 
208 
242 
204 
226 
216 
204 
226 
638 
216 
206 
240 
206 
246 
208 
210 
250 
242 
46 
46 
44 
46 
46 
46 
212 
402 
204 
208 
206 
224 
206 
208 
208 
318 
208 
212 
208 
218 
206 
208 
210 
206 
244 
208 
248 
208 
208 
206 
210 
204 
208 
248 
248 
218 
216 
246 
206 
206 
202 
260 
206 
208 
250 
208 
202 
246 
320 
206 
246 
206 
44 
44 
46 
44 
46 
44 
246 
248 
210 
212 
204 
226 
690 
208 
246 
246 
246 
204 
240 
206 
246 
286 
246 
244 
206 
208 
250 
212 
244 
428 
272 
208 
248 
264 
210 
206 
210 
660 
246 
250 
246 
212 
210 
210 
250 
838 
250 
250 
204 
244 
244 
244 
46 
46 
44 
44 
44 
268 
208 
212 
246 
248 
208 
214 
256 
208 
204 
220 
210 
228 
398 
206 
250 
206 
248 
204 
230 
252 
206 
260 
230 
206 
216 
250 
250 
208 
244 
248 
210 
228 
248 
212 
208 
206 
254 
208 
248 
244 
204 
204 
208 
222 
46 
48 
48 
44 
46 
46 
44 
230 
206 
536 
208 
246 
206 
206 
234 
208 
206 
210 
218 
204 
248 
212 
210 
246 
208 
210 
264 
258 
238 
244 
212 
228 
208 
248 
468 
478 
208 
224 
210 
210 
208 
206 
202 
246 
270 
248 
208 
208 
206 
204 
214 
206 
206 
236 
46 
46 
44 
44 
44 
220 
220 
254 
248 
232 
248 
246 
262 
228 
206 
210 
206 
248 
228 
204 
250 
452 
208 
206 
250 
206 
210 
224 
246 
652 
234 
246 
208 
210 
226 
246 
208 
204 
208 
210 
250 
208 
210 
248 
248 
208 
210 
250 
228 
206 
210 
206 
44 
46 
46 
46 
44 
44 
206 
206 
206 
250 
208 
244 
210 
212 
244 
206 
248 
214 
208 
210 
244 
210 
210 
248 
210 
208 
208 
466 
206 
244 
234 
208 
210 
206 
204 
368 
210 
244 
258 
210 
208 
232 
212 
202 
204 
234 
208 
208 
206 
204 
246 
42 
48 
44 
44 
44 
206 
230 
208 
248 
232 
248 
208 
206 
204 
210 
204 
206 
648 
248 
208 
246 
230 
206 
236 
208 
622 
210 
248 
206 
204 
246 
206 
204 
206 
204 
246 
204 
244 
252 
206 
216 
206 
212 
226 
240 
246 
204 
212 
208 
210 
332 
44 
46 
46 
46 
44 
46 
250 
630 
210 
206 
246 
248 
220 
212 
242 
206 
224 
212 
206 
240 
206 
212 
244 
246 
204 
206 
206 
210 
256 
206 
206 
236 
238 
208 
210 
212 
248 
204 
208 
254 
518 
246 
208 
208 
208 
206 
208 
206 
206 
246 
244 
248 
44 
46 
44 
42 
48 
208 
250 
204 
244 
218 
212 
248 
206 
386 
206 
204 
212 
206 
206 
206 
250 
658 
208 
208 
206 
206 
250 
208 
206 
210 
250 
206 
210 
204 
248 
206 
244 
242 
208 
204 
210 
204 
204 
206 
208 
204 
320 
208 
244 
206 
248 
204 
44 
46 
50 
44 
46 
46 
246 
210 
204 
212 
208 
244 
248 
242 
208 
210 
228 
210 
208 
206 
206 
210 
210 
204 
210 
246 
206 
206 
246 
226 
210 
208 
206 
212 
206 
686 
242 
208 
208 
208 
248 
228 
210 
566 
212 
244 
204 
212 
256 
228 
216 
44 
46 
44 
46 
44 
44 
250 
210 
206 
346 
248 
208 
204 
204 
248 
208 
256 
594 
254 
248 
246 
210 
246 
206 
268 
208 
248 
210 
206 
212 
206 
248 
246 
206 
204 
264 
248 
204 
206 
242 
232 
206 
204 
210 
250 
218 
204 
246 
250 
210 
340 
234 
48 
44 
46 
44 
42 
246 
624 
208 
266 
250 
246 
246 
208 
216 
218 
208 
250 
228 
208 
208 
204 
248 
210 
208 
206 
216 
210 
208 
206 
206 
220 
524 
210 
216 
246 
248 
208 
206 
208 
492 
208 
208 
206 
220 
250 
208 
246 
676 
206 
242 
208 
44 
46 
44 
46 
46 
44 
244 
244 
208 
206 
250 
208 
206 
214 
208 
248 
248 
206 
210 
206 
202 
344 
208 
206 
210 
214 
208 
230 
210 
206 
262 
206 
256 
206 
220 
272 
204 
206 
206 
236 
208 
204 
208 
206 
210 
208 
338 
206 
216 
248 
246 
208 
226 
44 
44 
46 
44 
44 
44 
226 
206 
208 
722 
208 
248 
208 
254 
246 
206 
208 
206 
208 
242 
244 
248 
234 
204 
204 
208 
208 
238 
204 
204 
210 
206 
230 
206 
304 
208 
248 
208 
250 
238 
226 
210 
608 
244 
248 
246 
208 
242 
252 
206 
206 
210 
46 
44 
44 
44 
46 
46 
258 
246 
206 
204 
208 
242 
246 
208 
242 
248 
228 
248 
206 
244 
248 
226 
210 
524 
210 
228 
206 
210 
242 
226 
208 
206 
204 
248 
208 
206 
248 
208 
206 
206 
206 
210 
234 
248 
248 
210 
206 
206 
526 
208 
210 
250 
42 
46 
44 
48 
726 
242 
206 
206 
204 
226 
236 
248 
692 
206 
208 
206 
250 
218 
206 
210 
206 
206 
244 
250 
210 
248 
206 
254 
246 
208 
240 
210 
206 
210 
244 
228 
242 
368 
246 
246 
208 
204 
208 
206 
218 
618 
208 
248 
210 
206 
44 
42 
46 
46 
44 
210 
208 
208 
208 
246 
208 
210 
324 
250 
204 
208 
206 
236 
228 
208 
338 
212 
208 
206 
214 
210 
228 
238 
212 
206 
216 
206 
244 
210 
210 
246 
246 
208 
210 
248 
242 
248 
210 
208 
210 
206 
202 
264 
210 
210 
248 
44 
44 
44 
46 
44 
46 
250 
206 
210 
208 
546 
206 
206 
208 
250 
248 
208 
206 
204 
204 
250 
246 
230 
248 
208 
206 
204 
236 
212 
248 
248 
230 
214 
204 
246 
226 
248 
248 
250 
206 
244 
216 
218 
674 
248 
210 
248 
238 
210 
210 
204 
212 
208 
44 
46 
42 
46 
44 
44 
42 
204 
244 
206 
244 
204 
206 
208 
206 
546 
246 
250 
228 
214 
210 
210 
206 
462 
248 
204 
242 
208 
250 
228 
208 
208 
246 
244 
208 
246 
252 
208 
208 
206 
202 
208 
206 
232 
210 
246 
246 
246 
208 
208 
250 
208 
206 
46 
44 
44 
46 
44 
44 
46 
50 
210 
234 
208 
700 
210 
248 
212 
246 
210 
212 
206 
208 
212 
212 
206 
248 
206 
228 
246 
250 
366 
210 
208 
228 
244 
210 
228 
208 
380 
206 
208 
210 
206 
214 
208 
208 
624 
248 
210 
206 
204 
210 
254 
246 
206 
226 
242 
44 
44 
48 
44 
48 
266 
342 
246 
208 
208 
210 
248 
204 
246 
430 
212 
250 
248 
208 
248 
208 
208 
498 
208 
208 
246 
206 
246 
250 
226 
210 
252 
216 
208 
236 
248 
208 
208 
244 
204 
254 
208 
214 
208 
206 
208 
210 
384 
210 
210 
246 
46 
46 
44 
44 
46 
208 
206 
206 
208 
246 
208 
206 
208 
208 
208 
208 
268 
226 
208 
246 
250 
244 
208 
208 
204 
246 
206 
244 
248 
322 
208 
226 
252 
208 
248 
228 
250 
210 
202 
208 
210 
208 
228 
210 
206 
714 
208 
204 
206 
210 
210 
48 
44 
44 
46 
46 
208 
208 
244 
244 
248 
246 
204 
206 
208 
204 
206 
208 
230 
206 
364 
206 
208 
208 
216 
238 
210 
206 
652 
208 
260 
210 
208 
208 
208 
222 
248 
210 
210 
208 
226 
208 
248 
206 
212 
304 
208 
250 
208 
244 
208 
46 
48 
44 
44 
46 
44 
48 
46 
228 
254 
210 
246 
206 
230 
206 
230 
246 
212 
206 
210 
208 
208 
268 
208 
204 
208 
210 
206 
210 
250 
248 
210 
210 
228 
210 
388 
242 
208 
212 
248 
208 
228 
242 
206 
206 
206 
208 
250 
208 
212 
248 
208 
244 
44 
44 
44 
44 
46 
46 
208 
208 
244 
210 
204 
246 
248 
248 
204 
226 
208 
212 
204 
208 
210 
208 
208 
566 
246 
212 
208 
208 
206 
208 
208 
208 
210 
246 
206 
208 
248 
246 
248 
206 
206 
208 
214 
248 
246 
248 
212 
206 
476 
208 
238 
230 
44 
44 
48 
46 
46 
46 
248 
208 
210 
208 
228 
206 
206 
208 
248 
206 
222 
210 
204 
208 
244 
206 
204 
208 
228 
246 
206 
206 
208 
208 
204 
206 
208 
204 
220 
228 
248 
620 
252 
206 
206 
230 
206 
214 
246 
656 
246 
214 
206 
210 
208 
246 
46 
46 
46 
46 
44 
46 
242 
244 
266 
244 
368 
210 
206 
272 
228 
248 
206 
248 
354 
206 
206 
208 
242 
250 
228 
246 
598 
212 
240 
238 
208 
210 
212 
212 
208 
248 
248 
206 
208 
210 
206 
246 
206 
364 
240 
206 
224 
208 
248 
208 
250 
332 
44 
46 
44 
46 
46 
46 
210 
210 
246 
264 
242 
248 
206 
206 
208 
206 
206 
206 
220 
212 
244 
206 
244 
262 
206 
206 
250 
208 
208 
240 
246 
210 
400 
206 
246 
208 
206 
248 
228 
208 
484 
250 
230 
210 
250 
208 
208 
246 
242 
226 
210 
244 
44 
46 
44 
44 
44 
44 
242 
206 
208 
208 
208 
258 
208 
492 
204 
206 
210 
208 
208 
232 
246 
206 
208 
248 
208 
240 
206 
226 
204 
208 
246 
242 
210 
210 
248 
208 
242 
202 
208 
216 
248 
204 
206 
246 
210 
244 
324 
212 
208 
206 
208 
246 
44 
46 
46 
44 
46 
46 
204 
210 
224 
210 
206 
240 
206 
208 
214 
206 
254 
246 
206 
208 
248 
208 
206 
212 
208 
212 
228 
344 
244 
210 
210 
210 
204 
206 
210 
356 
210 
220 
204 
206 
208 
240 
216 
650 
250 
238 
206 
246 
208 
228 
206 
44 
46 
44 
46 
44 
44 
44 
46 
46 
208 
206 
206 
214 
234 
206 
224 
210 
368 
206 
204 
206 
204 
224 
226 
242 
654 
208 
210 
246 
232 
206 
202 
254 
228 
208 
208 
246 
206 
208 
248 
206 
206 
362 
206 
210 
210 
250 
204 
208 
208 
552 
208 
258 
210 
254 
46 
46 
44 
44 
44 
246 
204 
208 
206 
240 
206 
208 
240 
208 
242 
258 
208 
246 
208 
246 
274 
206 
208 
256 
248 
246 
208 
208 
486 
206 
262 
250 
206 
210 
212 
250 
446 
210 
244 
250 
206 
268 
224 
232 
684 
240 
208 
246 
248 
250 
266 
46 
46 
48 
50 
48 
204 
210 
210 
208 
246 
380 
208 
240 
206 
208 
206 
230 
246 
524 
250 
208 
240 
248 
222 
238 
250 
704 
246 
250 
246 
230 
248 
206 
208 
208 
210 
244 
204 
208 
248 
246 
208 
208 
208 
208 
208 
246 
208 
250 
230 
250 
44 
46 
46 
44 
42 
206 
226 
216 
718 
248 
234 
206 
208 
206 
248 
208 
246 
204 
206 
222 
252 
212 
210 
210 
230 
448 
228 
210 
228 
266 
206 
206 
232 
530 
250 
206 
208 
208 
208 
206 
208 
626 
208 
212 
210 
206 
212 
252 
202 
248 
246 
46 
44 
44 
44 
44 
44 
246 
208 
208 
230 
248 
266 
258 
250 
208 
262 
230 
206 
250 
208 
244 
206 
208 
574 
208 
248 
244 
248 
270 
218 
208 
232 
210 
224 
204 
206 
250 
206 
208 
250 
210 
208 
208 
208 
210 
208 
248 
214 
492 
246 
246 
206 
206 
46 
48 
46 
48 
42 
208 
206 
206 
216 
208 
266 
672 
224 
208 
208 
246 
204 
206 
240 
248 
208 
212 
246 
244 
208 
268 
204 
210 
532 
212 
208 
206 
206 
216 
212 
206 
404 
214 
210 
208 
204 
260 
206 
208 
842 
206 
206 
246 
208 
204 
44 
44 
46 
46 
44 
44 
246 
226 
204 
208 
226 
226 
208 
226 
246 
206 
248 
206 
210 
416 
204 
210 
246 
250 
208 
208 
250 
204 
238 
208 
218 
206 
218 
246 
208 
208 
242 
204 
210 
248 
210 
212 
206 
206 
342 
244 
224 
210 
208 
248 
206 
208 
424 
46 
44 
44 
44 
44 
44 
46 
670 
208 
226 
208 
206 
212 
230 
248 
206 
244 
208 
240 
210 
264 
246 
248 
250 
362 
210 
210 
210 
206 
210 
226 
226 
590 
246 
208 
210 
206 
254 
208 
214 
726 
206 
208 
246 
208 
246 
234 
206 
206 
206 
244 
206 
44 
48 
44 
44 
44 
44 
44 
206 
210 
242 
228 
206 
204 
306 
246 
258 
212 
206 
258 
208 
210 
536 
204 
200 
208 
208 
246 
208 
208 
204 
212 
204 
208 
206 
206 
206 
210 
250 
208 
208 
218 
250 
208 
206 
208 
212 
208 
210 
210 
210 
246 
206 
204 
42 
44 
48 
46 
46 
46 
42 
44 
210 
678 
204 
244 
258 
246 
236 
246 
244 
208 
274 
208 
268 
210 
246 
248 
206 
208 
392 
248 
270 
208 
248 
240 
204 
250 
374 
208 
208 
246 
206 
246 
206 
210 
710 
206 
250 
206 
210 
206 
206 
206 
246 
206 
210 
208 
248 
44 
46 
46 
44 
44 
46 
44 
250 
230 
208 
226 
244 
628 
232 
206 
208 
210 
242 
208 
208 
516 
248 
244 
250 
248 
206 
236 
214 
706 
208 
204 
246 
248 
204 
206 
204 
208 
244 
208 
204 
226 
206 
208 
206 
250 
448 
210 
210 
240 
206 
208 
204 
46 
44 
48 
46 
48 
44 
46 
208 
208 
206 
206 
234 
230 
210 
210 
250 
228 
216 
210 
206 
224 
222 
248 
238 
208 
206 
562 
248 
210 
216 
202 
204 
208 
250 
590 
240 
206 
244 
206 
206 
224 
204 
210 
208 
204 
246 
206 
208 
204 
246 
208 
208 
210 
44 
46 
46 
44 
44 
208 
380 
210 
208 
210 
240 
206 
226 
250 
586 
208 
244 
204 
254 
244 
208 
216 
616 
250 
234 
208 
202 
208 
228 
206 
208 
206 
210 
220 
248 
246 
208 
208 
208 
214 
216 
202 
206 
208 
210 
206 
246 
716 
208 
212 
204 
44 
44 
44 
46 
662 
248 
216 
206 
246 
250 
216 
220 
232 
246 
206 
246 
210 
246 
204 
222 
246 
224 
248 
246 
210 
224 
208 
228 
246 
554 
212 
208 
208 
206 
206 
210 
246 
208 
238 
248 
208 
248 
248 
208 
208 
210 
212 
208 
206 
44 
46 
44 
44 
50 
44 
46 
44 
44 
46 
206 
210 
210 
630 
246 
206 
234 
206 
230 
228 
214 
210 
248 
206 
246 
248 
204 
208 
206 
208 
210 
208 
244 
208 
206 
220 
216 
260 
206 
208 
246 
246 
210 
210 
224 
208 
570 
248 
210 
208 
210 
208 
228 
244 
434 
208 
44 
46 
44 
46 
42 
44 
44 
206 
204 
250 
208 
208 
204 
246 
210 
226 
248 
206 
248 
210 
206 
246 
210 
216 
274 
206 
224 
206 
206 
210 
246 
584 
244 
206 
238 
212 
252 
206 
208 
206 
208 
206 
248 
246 
246 
248 
204 
244 
214 
248 
206 
242 
46 
44 
48 
48 
46 
46 
44 
210 
208 
204 
226 
206 
680 
206 
210 
204 
208 
208 
216 
208 
836 
244 
250 
248 
248 
228 
226 
208 
204 
208 
250 
208 
208 
210 
228 
208 
208 
212 
248 
244 
248 
206 
216 
206 
246 
284 
208 
206 
212 
208 
206 
226 
246 
208 
46 
46 
44 
46 
44 
42 
228 
206 
246 
216 
248 
244 
204 
206 
258 
210 
320 
206 
208 
250 
246 
208 
236 
250 
366 
236 
226 
206 
206 
204 
228 
210 
662 
206 
246 
208 
246 
248 
224 
206 
208 
244 
246 
202 
204 
210 
212 
206 
228 
208 
206 
46 
46 
46 
44 
44 
48 
46 
226 
206 
248 
210 
244 
210 
248 
440 
208 
228 
208 
228 
206 
206 
246 
652 
208 
206 
246 
206 
206 
264 
214 
210 
210 
210 
212 
208 
204 
246 
210 
210 
282 
248 
250 
206 
228 
248 
228 
206 
638 
204 
206 
208 
208 
44 
48 
44 
44 
44 
44 
250 
248 
220 
248 
208 
204 
214 
206 
206 
252 
210 
250 
240 
248 
210 
208 
248 
210 
214 
246 
208 
226 
484 
204 
206 
246 
206 
208 
208 
208 
590 
206 
224 
248 
206 
208 
206 
206 
206 
210 
210 
206 
250 
206 
208 
44 
46 
46 
48 
46 
46 
240 
236 
212 
248 
348 
216 
206 
248 
246 
262 
226 
204 
588 
244 
248 
208 
234 
204 
206 
208 
250 
244 
244 
206 
236 
248 
250 
206 
226 
292 
208 
208 
204 
208 
248 
206 
208 
406 
210 
206 
208 
206 
206 
242 
210 
44 
44 
44 
44 
44 
46 
208 
206 
266 
262 
202 
248 
252 
208 
202 
246 
248 
210 
228 
208 
248 
214 
206 
208 
254 
204 
210 
234 
208 
246 
206 
204 
208 
696 
208 
240 
208 
234 
228 
204 
206 
722 
218 
248 
208 
206 
238 
258 
210 
206 
208 
44 
46 
44 
44 
44 
44 
226 
256 
246 
206 
242 
246 
210 
234 
224 
412 
206 
206 
248 
264 
248 
228 
208 
208 
246 
204 
208 
250 
208 
210 
244 
206 
204 
206 
208 
230 
246 
250 
248 
204 
486 
248 
208 
248 
228 
206 
204 
268 
722 
224 
226 
208 
248 
44 
44 
44 
44 
46 
208 
206 
206 
248 
206 
206 
204 
208 
206 
210 
230 
250 
250 
206 
206 
314 
242 
208 
210 
206 
208 
204 
210 
530 
216 
210 
208 
246 
208 
228 
248 
550 
248 
206 
224 
246 
208 
208 
210 
208 
246 
222 
206 
206 
210 
46 
46 
44 
44 
44 
46 
44 
210 
210 
206 
206 
632 
246 
212 
206 
212 
208 
208 
208 
600 
208 
252 
248 
246 
228 
240 
228 
232 
228 
238 
236 
210 
230 
248 
228 
262 
206 
208 
206 
206 
248 
206 
206 
210 
322 
254 
52 
216 
50 
46 
44 
44 
1058 
246 
208 
252 
212 
202 
206 
206 
672 
208 
246 
204 
206 
208 
244 
204 
206 
206 
210 
248 
204 
204 
208 
268 
208 
552 
246 
248 
230 
246 
206 
208 
246 
392 
210 
208 
210 
208 
206 
208 
208 
208 
206 
248 
226 
206 
46 
46 
46 
48 
46 
44 
44 
46 
246 
212 
208 
248 
204 
202 
250 
210 
210 
210 
210 
248 
552 
244 
246 
208 
204 
208 
226 
208 
208 
208 
204 
206 
206 
208 
210 
248 
250 
246 
208 
206 
244 
208 
206 
214 
210 
312 
248 
210 
208 
210 
212 
224 
210 
352 
164 
44 
46 
44 
48 
48 
206 
570 
248 
208 
208 
246 
206 
228 
236 
206 
246 
206 
206 
246 
206 
208 
210 
246 
336 
208 
210 
208 
244 
246 
208 
210 
348 
246 
208 
208 
246 
208 
206 
210 
500 
204 
210 
246 
244 
210 
230 
206 
222 
242 
206 
208 
46 
46 
44 
46 
44 
228 
206 
206 
208 
206 
246 
244 
208 
312 
206 
266 
210 
206 
232 
1212 
3574 
998 
852 
212 
218 
7782 
1944 
204 
206 
838 
208 
212 
208 
248 
248 
248 
208 
208 
210 
208 
246 
248 
244 
208 
208 
208 
218 
214 
210 
206 
246 
206 
228 
206 
398 
208 
246 
46 
46 
44 
46 
48 
46 
208 
206 
208 
212 
206 
210 
244 
246 
220 
206 
208 
206 
242 
208 
244 
226 
378 
204 
206 
206 
210 
206 
226 
206 
350 
208 
210 
204 
256 
212 
234 
204 
202 
244 
248 
248 
246 
210 
206 
208 
246 
210 
228 
218 
246 
206 
44 
42 
44 
46 
46 
48 
44 
46 
206 
206 
206 
512 
206 
206 
206 
206 
248 
688 
214 
540 
208 
242 
206 
204 
208 
246 
208 
206 
214 
208 
248 
230 
212 
206 
234 
208 
326 
208 
206 
206 
208 
208 
206 
208 
264 
204 
208 
208 
226 
232 
208 
208 
580 
202 
248 
44 
46 
248 
216 
206 
254 
210 
212 
222 
208 
248 
210 
206 
210 
208 
246 
206 
248 
214 
204 
202 
210 
252 
210 
246 
244 
208 
206 
212 
212 
206 
218 
210 
206 
208 
206 
204 
208 
668 
218 
206 
232 
246 
204 
220 
210 
206 
208 
244 
248 
250 
246 
308 
230 
208 
248 
246 
244 
246 
250 
250 
214 
210 
416 
214 
210 
224 
274 
284 
230 
226 
634 
246 
208 
248 
248 
248 
250 
230 
246 
252 
246 
246 
250 
244 
248 
228 
246 
248 
240 
210 
250 
248 
248 
226 
208 
338 
212 
258 
362 
246 
246 
228 
244 
568 
208 
230 
228 
210 
246 
244 
248 
248 
226 
228 
210 
294 
250 
248 
246 
246 
448 
250 
244 
250 
228 
228 
224 
248 
376 
208 
232 
206 
246 
210 
212 
238 
540 
250 
250 
246 
246 
244 
244 
248 
212 
238 
248 
228 
244 
204 
248 
246 
258 
276 
208 
246 
222 
244 
248 
232 
248 
272 
224 
248 
210 
252 
244 
246 
246 
484 
248 
248 
248 
248 
250 
246 
250 
700 
246 
250 
280 
246 
244 
246 
246 
250 
212 
246 
248 
246 
248 
248 
248 
252 
422 
252 
228 
210 
250 
208 
226 
224 
430 
248 
250 
246 
244 
252 
232 
248 
644 
244 
248 
244 
250 
244 
248 
246 
246 
248 
248 
246 
242 
246 
248 
248 
244 
246 
248 
246 
252 
244 
244 
228 
244 
420 
248 
248 
248 
250 
248 
228 
246 
648 
224 
246 
244 
246 
250 
246 
248 
208 
224 
246 
244 
248 
248 
248 
246 
248 
248 
206 
246 
248 
246 
246 
224 
242 
336 
248 
250 
246 
248 
248 
228 
242 
566 
248 
250 
248 
212 
244 
250 
248 
248 
248 
252 
246 
242 
246 
248 
248 
248 
250 
246 
246 
248 
248 
246 
228 
248 
290 
250 
246 
246 
248 
248 
226 
250 
618 
250 
250 
250 
250 
244 
242 
244 
248 
248 
248 
244 
248 
246 
246 
248 
246 
246 
246 
244 
248 
248 
248 
230 
250 
260 
250 
246 
248 
246 
248 
230 
246 
498 
244 
244 
250 
244 
250 
226 
250 
704 
246 
248 
250 
248 
248 
248 
246 
248 
246 
250 
246 
248 
248 
246 
248 
246 
224 
248 
248 
250 
246 
244 
226 
248 
436 
246 
246 
242 
248 
244 
226 
244 
658 
248 
250 
246 
250 
246 
250 
250 
248 
244 
244 
248 
246 
248 
248 
246 
252 
