# FR-trace starting at Wed Mar 10 14:46:34 2021
################# CONFIG #################
# slot=9000
# samples=5000
# threshold=100
# idle=500
# minlen=500
# runs=60000
# pdathreads=3
# nmonitored=1
#   monitor0=/usr/local/lib/libcrypto.so 770062 0xbc00e
# nevicted=0
# npdatargets=1
#   target0=/usr/local/lib/libcrypto.so 750148 0xb7244
# affinity=all
############## SYSTEM INFO ###############
# mastik_version=
# sysname=Linux
# nodename=05a3c7e5a789
# release=5.8.0-43-generic
# version=#49~20.04.1-Ubuntu SMP Fri Feb 5 09:57:56 UTC 2021
# machine=x86_64
################## DATA ##################
# run=1
# datapoints=5000
44 
250 
208 
208 
250 
208 
246 
208 
218 
204 
248 
248 
246 
212 
206 
244 
244 
248 
46 
210 
48 
46 
46 
44 
44 
206 
246 
234 
248 
206 
208 
244 
604 
206 
208 
210 
250 
206 
210 
46 
206 
208 
210 
264 
248 
248 
208 
222 
244 
220 
206 
250 
226 
248 
226 
228 
210 
590 
226 
248 
244 
244 
228 
206 
248 
208 
248 
206 
202 
206 
228 
46 
46 
44 
48 
46 
46 
48 
204 
256 
214 
208 
210 
250 
204 
204 
210 
210 
210 
218 
346 
246 
244 
208 
220 
246 
230 
206 
540 
214 
244 
210 
246 
212 
204 
216 
248 
210 
204 
248 
256 
208 
208 
210 
206 
278 
206 
250 
246 
228 
248 
212 
210 
44 
46 
46 
46 
46 
44 
44 
44 
44 
244 
246 
246 
248 
240 
208 
210 
244 
210 
210 
248 
224 
204 
246 
244 
248 
210 
206 
204 
228 
210 
214 
204 
206 
264 
248 
212 
248 
208 
206 
226 
246 
490 
208 
246 
206 
206 
230 
210 
246 
714 
206 
210 
208 
204 
246 
44 
46 
46 
42 
46 
44 
50 
44 
246 
208 
218 
348 
244 
250 
216 
206 
268 
206 
246 
414 
208 
248 
204 
210 
206 
228 
206 
654 
204 
206 
208 
208 
208 
206 
208 
246 
240 
216 
244 
204 
240 
220 
208 
258 
210 
206 
248 
210 
208 
230 
226 
204 
494 
242 
44 
46 
46 
44 
46 
250 
720 
248 
248 
208 
250 
208 
208 
248 
248 
212 
248 
250 
248 
226 
212 
206 
228 
206 
248 
210 
206 
236 
210 
216 
206 
668 
206 
218 
248 
208 
248 
208 
208 
616 
248 
224 
208 
216 
206 
206 
246 
208 
206 
210 
258 
246 
44 
46 
46 
44 
44 
44 
210 
208 
234 
206 
208 
250 
366 
210 
210 
246 
216 
246 
208 
208 
492 
246 
248 
210 
206 
246 
208 
246 
222 
232 
208 
208 
250 
204 
206 
230 
250 
216 
230 
246 
210 
246 
208 
210 
208 
312 
246 
246 
206 
210 
206 
226 
44 
44 
44 
46 
44 
250 
208 
226 
210 
686 
214 
210 
268 
206 
204 
208 
208 
208 
220 
262 
244 
206 
244 
250 
204 
246 
208 
208 
204 
210 
206 
212 
202 
210 
618 
248 
214 
234 
208 
236 
206 
212 
658 
236 
206 
204 
212 
244 
214 
224 
246 
44 
44 
46 
44 
44 
44 
204 
208 
370 
248 
248 
246 
210 
208 
228 
210 
392 
208 
208 
226 
232 
208 
208 
212 
622 
206 
246 
250 
248 
210 
250 
206 
206 
236 
204 
206 
250 
222 
210 
248 
206 
210 
212 
246 
210 
206 
206 
224 
206 
568 
246 
44 
44 
46 
50 
46 
44 
46 
46 
46 
44 
206 
246 
208 
208 
250 
208 
208 
208 
206 
248 
206 
246 
206 
210 
242 
206 
210 
242 
248 
206 
246 
250 
252 
206 
206 
210 
208 
206 
210 
208 
208 
246 
208 
210 
246 
226 
248 
210 
248 
208 
248 
210 
244 
252 
204 
216 
364 
46 
46 
50 
46 
48 
46 
46 
46 
46 
44 
212 
204 
208 
206 
224 
594 
232 
206 
206 
206 
244 
226 
262 
208 
246 
206 
210 
208 
206 
222 
260 
206 
208 
208 
206 
208 
210 
244 
234 
204 
496 
208 
210 
208 
204 
246 
208 
210 
648 
234 
234 
206 
244 
234 
240 
258 
46 
46 
46 
44 
44 
208 
206 
210 
210 
208 
226 
210 
248 
206 
210 
206 
208 
456 
212 
248 
246 
210 
208 
226 
208 
562 
248 
210 
236 
214 
208 
210 
208 
620 
206 
246 
246 
208 
250 
212 
262 
210 
208 
212 
208 
208 
208 
210 
208 
208 
426 
44 
46 
46 
44 
46 
44 
44 
654 
246 
208 
218 
206 
206 
224 
204 
698 
244 
246 
246 
208 
264 
246 
246 
232 
246 
246 
206 
206 
248 
204 
246 
208 
334 
250 
206 
206 
202 
244 
248 
210 
336 
248 
208 
208 
226 
208 
230 
210 
726 
210 
246 
244 
48 
44 
50 
44 
46 
44 
246 
206 
206 
208 
210 
210 
218 
208 
208 
208 
248 
208 
244 
228 
244 
280 
226 
206 
250 
206 
204 
226 
208 
204 
242 
228 
250 
208 
208 
208 
210 
724 
246 
206 
228 
244 
208 
208 
204 
226 
306 
242 
216 
208 
204 
44 
46 
46 
44 
42 
44 
46 
250 
264 
210 
252 
838 
208 
236 
208 
248 
254 
206 
204 
204 
208 
248 
206 
216 
236 
204 
246 
216 
206 
206 
210 
208 
204 
208 
206 
210 
472 
206 
210 
214 
208 
250 
210 
226 
394 
206 
208 
222 
206 
210 
252 
208 
610 
46 
44 
46 
44 
44 
48 
44 
248 
206 
246 
226 
260 
216 
248 
248 
248 
206 
206 
212 
208 
208 
208 
236 
206 
326 
248 
236 
210 
208 
250 
208 
216 
550 
246 
208 
210 
264 
248 
208 
244 
206 
206 
248 
208 
206 
204 
238 
210 
272 
206 
208 
208 
246 
44 
48 
44 
48 
406 
208 
218 
248 
206 
206 
210 
246 
588 
210 
206 
206 
208 
204 
208 
254 
208 
248 
246 
246 
208 
204 
208 
210 
210 
398 
210 
206 
252 
208 
248 
246 
210 
618 
204 
212 
248 
250 
208 
206 
206 
482 
238 
214 
218 
250 
248 
44 
44 
46 
44 
208 
242 
210 
208 
264 
208 
242 
208 
244 
236 
240 
246 
242 
208 
250 
324 
208 
208 
250 
208 
210 
230 
208 
486 
206 
210 
210 
208 
250 
226 
246 
648 
216 
246 
206 
210 
210 
206 
210 
208 
210 
208 
246 
208 
208 
44 
44 
46 
44 
46 
46 
44 
206 
208 
230 
214 
588 
248 
256 
250 
246 
208 
206 
214 
838 
236 
250 
208 
206 
208 
250 
204 
210 
228 
210 
208 
248 
254 
212 
210 
244 
208 
206 
208 
206 
210 
208 
208 
206 
398 
208 
210 
248 
208 
208 
228 
246 
48 
46 
44 
46 
44 
44 
246 
206 
248 
210 
208 
204 
206 
258 
244 
248 
210 
352 
254 
208 
248 
212 
210 
226 
208 
456 
246 
208 
204 
250 
210 
208 
250 
518 
206 
208 
248 
244 
248 
210 
204 
210 
208 
208 
208 
206 
204 
228 
228 
206 
318 
46 
44 
44 
44 
46 
46 
46 
308 
246 
208 
226 
208 
206 
208 
206 
464 
246 
206 
212 
220 
246 
226 
258 
206 
210 
226 
208 
210 
246 
208 
210 
210 
208 
208 
224 
258 
210 
250 
238 
206 
248 
210 
218 
234 
228 
206 
210 
244 
414 
212 
208 
208 
248 
130 
44 
46 
46 
44 
246 
208 
204 
210 
204 
212 
210 
246 
210 
236 
208 
206 
210 
212 
210 
216 
206 
208 
206 
248 
250 
228 
208 
204 
208 
250 
208 
246 
248 
226 
206 
210 
206 
238 
246 
208 
238 
210 
206 
220 
214 
210 
208 
248 
208 
246 
44 
44 
46 
46 
44 
44 
44 
206 
226 
210 
624 
206 
210 
210 
258 
206 
222 
210 
536 
248 
206 
248 
246 
206 
266 
208 
216 
204 
210 
218 
216 
250 
210 
210 
208 
210 
208 
212 
248 
206 
206 
212 
208 
374 
210 
224 
208 
206 
250 
204 
206 
534 
46 
46 
44 
44 
48 
44 
246 
208 
248 
204 
204 
210 
244 
248 
246 
208 
210 
210 
204 
230 
220 
254 
224 
246 
472 
208 
246 
248 
208 
208 
210 
248 
206 
208 
208 
252 
246 
248 
232 
206 
212 
210 
206 
208 
248 
244 
210 
202 
210 
210 
208 
244 
208 
44 
42 
46 
44 
44 
46 
46 
300 
298 
514 
208 
222 
3762 
712 
208 
252 
246 
208 
206 
246 
208 
250 
208 
212 
208 
246 
206 
206 
212 
212 
204 
208 
248 
248 
222 
236 
210 
534 
206 
244 
268 
216 
206 
206 
208 
584 
204 
210 
208 
206 
250 
230 
206 
838 
242 
206 
230 
46 
44 
44 
44 
50 
208 
248 
246 
210 
208 
248 
210 
248 
204 
210 
256 
250 
208 
208 
208 
246 
320 
206 
204 
212 
246 
248 
226 
206 
618 
258 
242 
208 
248 
206 
248 
206 
210 
208 
212 
208 
206 
206 
208 
204 
216 
372 
242 
218 
210 
208 
44 
48 
48 
44 
46 
208 
206 
206 
208 
226 
208 
536 
232 
208 
206 
216 
244 
206 
246 
206 
230 
208 
244 
242 
248 
216 
204 
208 
208 
212 
210 
208 
208 
210 
208 
208 
566 
228 
208 
262 
238 
244 
228 
208 
690 
246 
246 
264 
250 
208 
228 
204 
44 
46 
46 
44 
44 
46 
206 
208 
208 
238 
210 
210 
206 
244 
250 
208 
256 
218 
204 
210 
246 
248 
252 
208 
208 
624 
208 
248 
206 
246 
230 
204 
208 
206 
224 
246 
268 
214 
206 
246 
250 
208 
208 
204 
244 
206 
206 
246 
206 
218 
210 
44 
44 
44 
44 
44 
44 
48 
732 
210 
206 
248 
208 
206 
206 
210 
620 
210 
206 
204 
246 
210 
246 
210 
244 
214 
208 
210 
208 
210 
210 
234 
222 
206 
204 
206 
208 
228 
248 
228 
206 
416 
206 
208 
206 
214 
204 
210 
210 
208 
250 
250 
206 
270 
44 
46 
48 
44 
46 
46 
246 
248 
236 
208 
252 
208 
432 
228 
238 
210 
206 
208 
0 
258 
304 
208 
208 
208 
206 
210 
210 
208 
526 
226 
214 
246 
206 
206 
246 
208 
246 
246 
210 
208 
206 
208 
268 
246 
250 
202 
210 
208 
216 
208 
204 
46 
44 
44 
44 
44 
44 
208 
212 
244 
244 
464 
212 
246 
210 
210 
220 
212 
248 
684 
206 
248 
210 
208 
210 
206 
208 
250 
206 
212 
270 
206 
268 
244 
246 
250 
208 
210 
248 
206 
208 
206 
208 
208 
616 
208 
206 
272 
220 
204 
224 
210 
46 
46 
46 
44 
46 
46 
44 
210 
208 
206 
204 
246 
246 
268 
208 
210 
252 
206 
210 
244 
206 
238 
210 
226 
220 
204 
206 
206 
208 
210 
208 
204 
248 
578 
248 
208 
206 
248 
208 
204 
246 
210 
248 
246 
250 
206 
246 
248 
218 
210 
292 
248 
208 
44 
44 
42 
44 
250 
552 
206 
206 
210 
212 
212 
208 
206 
644 
208 
204 
226 
210 
244 
252 
210 
248 
208 
222 
246 
208 
246 
246 
208 
208 
210 
210 
248 
222 
246 
248 
208 
226 
496 
226 
210 
208 
246 
210 
212 
206 
206 
206 
226 
248 
44 
44 
44 
46 
42 
206 
212 
218 
208 
208 
208 
246 
208 
206 
202 
230 
212 
210 
208 
226 
258 
388 
208 
210 
250 
208 
248 
204 
206 
712 
208 
238 
208 
260 
206 
208 
206 
210 
246 
210 
246 
248 
206 
208 
246 
210 
206 
206 
272 
208 
44 
46 
44 
46 
50 
224 
206 
208 
246 
204 
210 
210 
560 
248 
246 
202 
208 
206 
206 
246 
674 
250 
230 
246 
258 
270 
216 
208 
206 
210 
208 
246 
210 
210 
236 
248 
262 
208 
244 
232 
210 
204 
208 
230 
244 
576 
208 
220 
208 
210 
228 
44 
44 
46 
46 
44 
44 
44 
208 
248 
206 
208 
206 
206 
212 
212 
212 
228 
210 
208 
206 
210 
252 
246 
206 
234 
352 
246 
428 
210 
204 
208 
266 
246 
206 
222 
718 
248 
208 
258 
208 
204 
250 
262 
214 
208 
242 
208 
246 
208 
204 
206 
206 
230 
44 
46 
44 
44 
44 
208 
206 
392 
208 
236 
206 
206 
250 
228 
208 
670 
246 
244 
206 
250 
212 
260 
246 
250 
212 
212 
230 
210 
206 
246 
208 
204 
208 
208 
204 
206 
212 
246 
208 
204 
608 
210 
244 
206 
208 
208 
206 
204 
460 
208 
44 
46 
44 
42 
46 
44 
44 
256 
208 
208 
206 
212 
244 
248 
206 
210 
246 
206 
248 
216 
246 
256 
208 
210 
246 
206 
246 
206 
208 
212 
206 
680 
208 
206 
230 
208 
210 
208 
206 
208 
206 
206 
230 
240 
248 
228 
208 
246 
210 
238 
210 
206 
250 
208 
44 
46 
44 
44 
46 
210 
212 
246 
206 
214 
636 
206 
268 
248 
206 
212 
204 
248 
206 
210 
204 
236 
208 
206 
206 
234 
226 
212 
228 
210 
210 
246 
216 
206 
204 
210 
208 
248 
208 
246 
238 
226 
248 
488 
218 
246 
230 
210 
208 
208 
250 
692 
46 
46 
48 
46 
42 
46 
206 
242 
246 
204 
208 
206 
208 
208 
206 
248 
410 
244 
208 
208 
246 
248 
218 
210 
500 
248 
248 
204 
206 
204 
224 
246 
208 
244 
246 
240 
210 
246 
224 
206 
210 
248 
250 
248 
208 
210 
208 
208 
206 
206 
206 
206 
44 
44 
44 
44 
44 
44 
44 
248 
226 
206 
246 
208 
208 
632 
256 
204 
210 
206 
224 
206 
208 
692 
248 
234 
206 
250 
206 
206 
210 
208 
206 
246 
232 
248 
250 
248 
250 
218 
246 
208 
248 
246 
214 
214 
208 
208 
416 
210 
206 
206 
222 
204 
210 
248 
46 
44 
46 
44 
46 
46 
44 
210 
204 
242 
242 
210 
222 
208 
248 
208 
242 
208 
206 
242 
208 
362 
216 
206 
210 
598 
208 
208 
210 
254 
210 
204 
206 
206 
204 
252 
248 
246 
206 
208 
246 
246 
210 
234 
208 
226 
208 
246 
208 
218 
208 
246 
44 
48 
44 
46 
42 
48 
44 
206 
204 
210 
244 
212 
208 
206 
210 
208 
232 
206 
228 
206 
206 
248 
208 
248 
248 
248 
206 
204 
202 
206 
210 
346 
244 
204 
210 
208 
206 
228 
248 
328 
244 
240 
206 
206 
252 
210 
246 
204 
208 
204 
208 
206 
206 
46 
46 
48 
44 
46 
212 
238 
206 
206 
208 
224 
212 
232 
250 
248 
206 
212 
210 
224 
230 
210 
206 
248 
204 
250 
206 
248 
594 
244 
208 
206 
206 
206 
206 
206 
678 
214 
206 
222 
206 
240 
206 
256 
206 
204 
246 
208 
206 
240 
204 
44 
46 
46 
46 
44 
46 
264 
244 
228 
210 
582 
248 
208 
208 
208 
246 
212 
212 
208 
246 
246 
210 
264 
208 
208 
208 
230 
206 
246 
248 
248 
248 
208 
206 
206 
352 
228 
248 
210 
212 
208 
210 
204 
386 
246 
206 
210 
266 
208 
228 
246 
208 
44 
46 
44 
46 
44 
46 
46 
204 
248 
204 
210 
212 
206 
240 
208 
206 
208 
208 
210 
246 
242 
248 
228 
234 
322 
260 
206 
208 
206 
216 
206 
246 
206 
208 
210 
206 
256 
212 
250 
210 
208 
246 
208 
208 
206 
212 
230 
244 
208 
280 
208 
202 
208 
236 
44 
44 
44 
48 
44 
46 
206 
264 
240 
208 
208 
206 
208 
206 
208 
210 
214 
214 
210 
246 
208 
206 
208 
244 
206 
208 
210 
204 
212 
210 
206 
206 
208 
208 
226 
248 
228 
236 
210 
268 
216 
206 
206 
210 
536 
248 
210 
246 
246 
212 
228 
210 
46 
44 
44 
44 
48 
44 
44 
46 
212 
210 
214 
252 
204 
206 
204 
226 
248 
310 
208 
246 
208 
204 
228 
210 
208 
536 
246 
208 
214 
226 
206 
228 
218 
210 
206 
216 
256 
248 
208 
206 
208 
236 
218 
204 
684 
206 
248 
206 
248 
206 
512 
206 
206 
248 
48 
46 
46 
44 
48 
48 
206 
204 
214 
206 
206 
248 
614 
208 
204 
246 
692 
246 
210 
208 
248 
248 
208 
208 
210 
210 
248 
226 
248 
440 
246 
248 
208 
206 
246 
206 
242 
490 
210 
238 
246 
226 
244 
212 
208 
604 
210 
248 
204 
248 
246 
212 
42 
46 
46 
46 
44 
46 
206 
206 
208 
208 
208 
206 
228 
208 
208 
248 
226 
212 
298 
208 
246 
238 
204 
248 
204 
238 
552 
206 
206 
246 
206 
230 
208 
204 
228 
248 
206 
212 
228 
250 
208 
204 
248 
230 
248 
228 
246 
206 
204 
244 
208 
326 
208 
46 
44 
46 
44 
44 
44 
452 
206 
206 
206 
232 
208 
232 
206 
706 
248 
208 
218 
208 
210 
250 
208 
208 
214 
204 
248 
210 
204 
210 
208 
208 
256 
246 
250 
208 
250 
230 
212 
220 
726 
210 
246 
210 
264 
208 
206 
208 
642 
206 
208 
206 
248 
46 
46 
44 
46 
44 
46 
44 
208 
236 
204 
248 
210 
460 
244 
216 
246 
212 
206 
210 
246 
674 
226 
246 
206 
228 
206 
208 
250 
620 
212 
208 
248 
212 
202 
248 
252 
256 
206 
206 
244 
206 
246 
248 
246 
228 
206 
210 
232 
246 
208 
206 
228 
226 
468 
46 
46 
44 
46 
46 
226 
210 
586 
248 
208 
266 
204 
232 
206 
210 
208 
208 
228 
206 
204 
210 
210 
272 
206 
326 
210 
246 
206 
206 
228 
206 
208 
444 
252 
214 
248 
208 
206 
208 
208 
204 
228 
252 
246 
206 
244 
210 
242 
210 
232 
208 
46 
44 
48 
46 
44 
206 
356 
208 
246 
210 
206 
208 
208 
210 
302 
210 
246 
246 
204 
212 
208 
210 
584 
212 
210 
248 
204 
208 
218 
206 
840 
206 
206 
244 
250 
208 
252 
252 
250 
336 
248 
210 
206 
206 
246 
208 
228 
552 
248 
204 
206 
44 
48 
44 
46 
44 
46 
44 
210 
210 
204 
212 
248 
734 
266 
216 
222 
236 
208 
252 
216 
204 
244 
210 
208 
210 
202 
220 
208 
224 
276 
206 
206 
212 
206 
248 
212 
246 
382 
208 
248 
206 
208 
210 
202 
250 
642 
214 
206 
250 
248 
210 
208 
208 
246 
44 
46 
44 
46 
46 
44 
46 
210 
368 
212 
208 
234 
230 
246 
246 
210 
632 
208 
254 
204 
204 
248 
208 
210 
628 
210 
204 
214 
242 
208 
208 
208 
206 
208 
204 
216 
246 
206 
206 
218 
210 
314 
210 
206 
246 
208 
248 
224 
216 
388 
248 
206 
44 
46 
48 
44 
46 
210 
208 
206 
252 
244 
218 
252 
246 
208 
268 
206 
210 
208 
206 
238 
210 
236 
210 
212 
206 
208 
246 
242 
204 
208 
592 
244 
208 
208 
208 
244 
210 
208 
486 
204 
212 
206 
228 
230 
230 
210 
690 
210 
216 
246 
202 
46 
46 
44 
44 
46 
46 
248 
206 
206 
208 
208 
208 
436 
210 
208 
210 
240 
222 
206 
206 
446 
210 
208 
210 
230 
208 
226 
208 
682 
206 
250 
206 
204 
206 
248 
250 
208 
206 
246 
208 
208 
210 
248 
212 
242 
226 
224 
206 
210 
250 
210 
44 
44 
44 
44 
48 
46 
44 
46 
224 
248 
206 
246 
232 
246 
208 
208 
206 
206 
206 
206 
206 
206 
206 
210 
208 
204 
212 
456 
266 
246 
248 
246 
206 
228 
206 
354 
214 
208 
204 
44 
246 
232 
206 
206 
210 
210 
208 
252 
206 
218 
216 
206 
210 
208 
44 
44 
46 
44 
44 
46 
440 
214 
210 
252 
206 
234 
232 
208 
552 
226 
206 
250 
210 
208 
212 
250 
546 
214 
248 
238 
256 
248 
206 
210 
208 
248 
212 
208 
210 
208 
248 
250 
210 
350 
236 
216 
206 
206 
204 
208 
208 
568 
208 
44 
46 
46 
44 
46 
204 
640 
246 
206 
232 
242 
210 
226 
208 
220 
208 
218 
208 
204 
208 
208 
210 
208 
238 
208 
208 
204 
244 
210 
206 
208 
626 
246 
210 
250 
248 
206 
250 
248 
206 
202 
260 
208 
210 
204 
210 
240 
210 
228 
206 
250 
44 
44 
46 
44 
46 
206 
206 
208 
208 
206 
246 
210 
246 
508 
208 
238 
208 
206 
208 
226 
248 
444 
206 
210 
204 
206 
210 
230 
210 
716 
210 
250 
250 
248 
206 
260 
208 
210 
246 
206 
206 
240 
206 
226 
208 
228 
354 
228 
246 
206 
44 
48 
46 
46 
46 
46 
208 
248 
262 
206 
224 
206 
206 
206 
204 
208 
206 
208 
248 
210 
226 
206 
204 
206 
238 
218 
248 
250 
208 
210 
246 
206 
208 
206 
252 
228 
210 
626 
218 
206 
234 
214 
208 
222 
208 
532 
220 
246 
244 
244 
208 
48 
48 
44 
50 
48 
44 
208 
208 
206 
216 
206 
210 
204 
206 
248 
206 
246 
204 
250 
558 
248 
248 
206 
240 
236 
228 
208 
674 
216 
210 
218 
204 
250 
226 
208 
206 
248 
206 
218 
208 
208 
210 
260 
208 
210 
246 
236 
208 
210 
206 
252 
206 
44 
44 
46 
46 
46 
246 
206 
206 
716 
248 
208 
250 
210 
228 
230 
234 
680 
206 
252 
250 
216 
204 
214 
204 
242 
210 
236 
210 
208 
208 
206 
210 
248 
434 
272 
208 
248 
218 
248 
226 
204 
460 
206 
204 
208 
246 
210 
206 
238 
210 
44 
48 
46 
44 
46 
46 
46 
46 
226 
206 
208 
202 
210 
208 
246 
210 
378 
270 
268 
206 
246 
208 
226 
210 
382 
248 
208 
206 
206 
210 
206 
248 
212 
206 
206 
270 
266 
208 
230 
210 
210 
208 
204 
246 
250 
214 
248 
244 
246 
210 
208 
222 
210 
52 
46 
44 
46 
46 
46 
246 
264 
250 
210 
208 
206 
590 
208 
248 
208 
208 
208 
212 
248 
204 
244 
208 
208 
218 
210 
208 
208 
246 
210 
248 
210 
230 
234 
206 
246 
248 
520 
236 
204 
208 
244 
246 
206 
216 
206 
204 
246 
226 
204 
210 
208 
44 
46 
44 
46 
46 
44 
46 
44 
204 
206 
348 
208 
248 
210 
246 
208 
258 
208 
232 
246 
210 
206 
244 
228 
228 
216 
206 
208 
208 
204 
204 
228 
204 
228 
206 
208 
248 
208 
248 
248 
244 
210 
204 
304 
206 
206 
204 
210 
208 
206 
244 
228 
208 
210 
44 
44 
44 
46 
46 
44 
206 
250 
248 
210 
248 
226 
202 
206 
238 
244 
206 
206 
206 
228 
208 
208 
256 
208 
252 
204 
208 
248 
246 
208 
358 
206 
206 
268 
204 
266 
228 
210 
438 
208 
206 
212 
264 
210 
210 
208 
208 
246 
246 
210 
228 
250 
44 
44 
46 
44 
42 
44 
48 
228 
216 
228 
248 
390 
210 
248 
208 
222 
256 
226 
210 
372 
208 
248 
246 
208 
210 
210 
210 
524 
244 
208 
206 
210 
210 
242 
206 
212 
212 
250 
242 
206 
248 
210 
252 
208 
206 
208 
212 
246 
248 
268 
206 
206 
302 
44 
46 
44 
46 
46 
210 
206 
590 
266 
206 
248 
210 
244 
206 
208 
210 
246 
246 
208 
246 
264 
206 
204 
206 
296 
246 
244 
202 
252 
208 
206 
230 
454 
248 
248 
206 
210 
206 
206 
238 
502 
204 
246 
244 
246 
236 
210 
216 
206 
208 
46 
44 
44 
46 
46 
210 
206 
214 
246 
250 
244 
206 
252 
204 
206 
360 
250 
248 
214 
208 
204 
212 
208 
838 
220 
210 
206 
210 
204 
208 
206 
206 
246 
206 
208 
206 
212 
228 
246 
244 
210 
206 
208 
238 
248 
246 
204 
206 
502 
210 
206 
44 
42 
46 
48 
46 
44 
44 
46 
46 
208 
212 
208 
208 
208 
248 
206 
228 
206 
210 
212 
208 
246 
206 
246 
268 
246 
230 
210 
238 
206 
456 
212 
246 
208 
208 
250 
228 
250 
604 
246 
218 
208 
246 
212 
206 
248 
512 
248 
208 
210 
210 
202 
256 
206 
232 
44 
48 
46 
44 
44 
44 
208 
208 
386 
246 
220 
212 
244 
206 
208 
206 
416 
254 
248 
246 
206 
242 
210 
244 
554 
208 
244 
210 
208 
206 
226 
208 
254 
208 
208 
214 
246 
248 
230 
210 
210 
208 
210 
208 
208 
206 
206 
246 
208 
522 
210 
244 
44 
44 
46 
44 
44 
48 
46 
208 
210 
208 
206 
208 
208 
208 
258 
210 
206 
210 
246 
238 
204 
250 
206 
206 
248 
232 
210 
240 
206 
204 
208 
210 
212 
246 
208 
216 
208 
206 
628 
210 
208 
234 
208 
228 
206 
246 
606 
246 
206 
206 
244 
248 
250 
46 
46 
48 
46 
46 
46 
238 
206 
218 
208 
210 
210 
244 
208 
204 
206 
210 
210 
374 
252 
244 
210 
210 
268 
226 
208 
208 
228 
208 
228 
210 
212 
208 
216 
232 
244 
208 
246 
206 
204 
250 
232 
206 
270 
210 
212 
216 
218 
208 
226 
230 
44 
48 
46 
46 
46 
46 
204 
212 
650 
214 
246 
238 
208 
212 
204 
208 
248 
248 
208 
206 
250 
208 
208 
208 
208 
370 
210 
250 
232 
206 
208 
208 
238 
566 
270 
246 
232 
224 
206 
208 
204 
664 
208 
206 
206 
210 
234 
226 
208 
208 
268 
44 
44 
44 
48 
44 
46 
46 
208 
250 
210 
208 
208 
232 
246 
208 
278 
244 
248 
248 
246 
208 
226 
210 
634 
210 
228 
230 
254 
206 
206 
206 
204 
246 
250 
250 
208 
208 
248 
242 
210 
208 
248 
204 
208 
208 
208 
250 
248 
352 
248 
248 
208 
250 
46 
46 
46 
46 
44 
214 
208 
204 
248 
228 
246 
634 
210 
270 
208 
208 
252 
206 
244 
206 
48 
208 
208 
246 
226 
210 
256 
212 
212 
240 
216 
210 
250 
208 
232 
246 
382 
208 
246 
246 
210 
212 
206 
210 
664 
210 
206 
206 
246 
206 
246 
46 
46 
46 
48 
46 
46 
208 
246 
240 
204 
208 
210 
250 
206 
208 
206 
206 
208 
286 
210 
208 
248 
228 
248 
206 
206 
716 
208 
208 
250 
248 
208 
208 
248 
212 
210 
248 
206 
206 
206 
216 
242 
248 
266 
208 
206 
246 
212 
208 
226 
208 
304 
246 
46 
44 
48 
44 
226 
210 
494 
208 
208 
208 
248 
236 
232 
208 
238 
206 
210 
204 
206 
248 
208 
206 
230 
210 
210 
208 
250 
208 
206 
246 
246 
266 
204 
204 
248 
248 
206 
206 
206 
210 
210 
206 
250 
208 
248 
206 
206 
718 
240 
252 
44 
44 
44 
44 
42 
206 
210 
210 
250 
234 
208 
204 
250 
240 
296 
220 
228 
216 
236 
250 
228 
210 
498 
212 
254 
210 
210 
208 
206 
206 
650 
206 
232 
246 
222 
212 
208 
206 
208 
206 
210 
206 
248 
208 
204 
210 
204 
394 
248 
208 
44 
46 
46 
46 
44 
44 
46 
210 
210 
206 
208 
210 
246 
210 
228 
228 
212 
250 
208 
248 
210 
246 
248 
204 
246 
248 
208 
208 
204 
208 
320 
206 
210 
242 
210 
260 
204 
212 
654 
206 
210 
210 
208 
208 
226 
244 
620 
210 
240 
208 
250 
206 
46 
44 
44 
46 
46 
216 
206 
248 
250 
238 
208 
210 
208 
208 
206 
206 
206 
206 
208 
272 
248 
230 
226 
206 
248 
216 
242 
522 
204 
248 
204 
208 
258 
232 
208 
246 
208 
232 
206 
234 
250 
212 
208 
208 
220 
228 
208 
242 
210 
208 
44 
44 
44 
44 
46 
48 
44 
46 
230 
204 
448 
208 
206 
206 
206 
250 
206 
210 
690 
206 
218 
206 
248 
208 
228 
206 
208 
296 
208 
208 
204 
224 
232 
208 
210 
206 
210 
208 
206 
202 
206 
208 
208 
600 
206 
206 
204 
248 
208 
208 
208 
208 
214 
46 
46 
46 
44 
44 
44 
44 
206 
214 
250 
210 
208 
246 
208 
208 
502 
248 
204 
240 
206 
206 
226 
264 
722 
204 
206 
210 
212 
250 
214 
250 
620 
204 
238 
236 
262 
208 
248 
210 
208 
210 
208 
210 
210 
206 
208 
240 
250 
208 
234 
208 
218 
204 
44 
44 
46 
46 
42 
246 
210 
214 
208 
230 
208 
208 
244 
204 
208 
206 
250 
210 
206 
248 
246 
248 
208 
206 
204 
206 
204 
216 
300 
210 
208 
208 
208 
208 
206 
210 
542 
206 
206 
208 
230 
204 
206 
206 
530 
206 
206 
206 
206 
208 
208 
208 
44 
42 
44 
46 
44 
46 
44 
206 
210 
310 
208 
216 
210 
212 
208 
210 
206 
514 
206 
208 
208 
250 
246 
212 
206 
460 
242 
206 
250 
234 
252 
224 
208 
210 
210 
234 
206 
248 
210 
208 
210 
246 
278 
208 
248 
248 
248 
204 
208 
206 
240 
258 
246 
44 
44 
46 
48 
46 
44 
46 
46 
248 
208 
248 
230 
206 
210 
232 
208 
250 
206 
204 
250 
204 
248 
212 
208 
206 
208 
208 
204 
206 
206 
288 
248 
206 
234 
250 
206 
208 
208 
48 
202 
244 
208 
208 
230 
230 
208 
204 
210 
208 
206 
210 
246 
204 
248 
274 
252 
44 
44 
208 
208 
206 
248 
230 
424 
206 
214 
206 
248 
206 
206 
208 
302 
248 
208 
210 
246 
210 
208 
210 
208 
210 
248 
206 
208 
248 
214 
206 
250 
246 
208 
208 
210 
210 
208 
210 
246 
206 
210 
208 
202 
206 
206 
216 
244 
284 
244 
226 
242 
250 
238 
228 
248 
498 
248 
246 
250 
246 
276 
226 
228 
248 
206 
246 
206 
248 
208 
242 
242 
248 
252 
246 
250 
230 
252 
246 
250 
228 
246 
230 
250 
246 
228 
250 
228 
246 
424 
246 
248 
228 
248 
238 
226 
222 
342 
250 
216 
208 
250 
256 
266 
246 
248 
244 
250 
250 
210 
210 
226 
226 
242 
248 
248 
250 
248 
206 
250 
208 
276 
438 
248 
208 
204 
226 
248 
232 
236 
648 
254 
234 
228 
250 
250 
226 
212 
242 
250 
274 
248 
256 
254 
258 
260 
232 
392 
258 
214 
210 
214 
258 
234 
248 
368 
248 
256 
230 
250 
256 
228 
254 
570 
258 
250 
222 
250 
254 
242 
260 
254 
254 
256 
248 
254 
734 
256 
286 
252 
256 
246 
258 
248 
258 
248 
234 
248 
258 
254 
256 
252 
260 
254 
234 
258 
508 
258 
256 
262 
254 
258 
248 
236 
712 
214 
260 
252 
234 
254 
254 
254 
264 
260 
248 
250 
250 
230 
250 
232 
256 
270 
254 
256 
252 
254 
254 
244 
250 
496 
210 
266 
238 
238 
248 
230 
246 
250 
246 
248 
248 
248 
252 
246 
246 
246 
246 
248 
248 
246 
244 
246 
224 
248 
230 
246 
248 
244 
244 
248 
228 
246 
416 
248 
248 
246 
244 
248 
230 
248 
646 
248 
248 
252 
246 
248 
250 
244 
246 
246 
248 
250 
244 
240 
248 
248 
246 
250 
248 
250 
246 
246 
250 
228 
252 
404 
246 
252 
250 
250 
248 
228 
248 
646 
246 
246 
248 
246 
246 
248 
246 
248 
244 
248 
248 
248 
248 
246 
248 
250 
250 
244 
250 
248 
246 
252 
226 
246 
352 
250 
250 
246 
246 
246 
228 
252 
594 
250 
246 
272 
240 
252 
246 
248 
246 
252 
248 
248 
248 
246 
248 
246 
248 
248 
250 
248 
248 
252 
248 
224 
250 
282 
248 
252 
248 
250 
246 
226 
244 
532 
246 
248 
248 
244 
246 
246 
248 
250 
246 
248 
248 
246 
246 
250 
250 
246 
246 
246 
246 
248 
250 
248 
230 
248 
