# FR-trace starting at Wed Mar 10 14:46:31 2021
################# CONFIG #################
# slot=9000
# samples=5000
# threshold=100
# idle=500
# minlen=500
# runs=60000
# pdathreads=3
# nmonitored=1
#   monitor0=/usr/local/lib/libcrypto.so 770062 0xbc00e
# nevicted=0
# npdatargets=1
#   target0=/usr/local/lib/libcrypto.so 750148 0xb7244
# affinity=all
############## SYSTEM INFO ###############
# mastik_version=
# sysname=Linux
# nodename=05a3c7e5a789
# release=5.8.0-43-generic
# version=#49~20.04.1-Ubuntu SMP Fri Feb 5 09:57:56 UTC 2021
# machine=x86_64
################## DATA ##################
# run=1
# datapoints=5000
48 
210 
264 
206 
208 
214 
250 
248 
210 
242 
230 
208 
210 
248 
250 
218 
0 
246 
230 
248 
378 
248 
248 
252 
248 
46 
234 
48 
48 
48 
46 
46 
210 
252 
210 
208 
208 
212 
212 
212 
254 
250 
212 
246 
214 
210 
208 
46 
246 
210 
210 
210 
212 
622 
210 
248 
250 
210 
232 
210 
212 
594 
208 
248 
250 
250 
210 
214 
210 
210 
208 
210 
210 
248 
218 
260 
252 
210 
208 
48 
112 
48 
48 
46 
46 
46 
308 
212 
210 
250 
238 
210 
212 
248 
516 
208 
220 
252 
216 
212 
208 
246 
248 
252 
210 
210 
210 
240 
248 
208 
252 
210 
212 
208 
250 
210 
228 
246 
248 
642 
246 
208 
210 
206 
246 
210 
210 
522 
248 
250 
248 
244 
210 
46 
44 
46 
46 
46 
46 
48 
46 
252 
212 
210 
210 
212 
228 
208 
272 
212 
220 
250 
246 
210 
212 
210 
250 
206 
210 
208 
704 
208 
248 
228 
262 
212 
208 
208 
206 
210 
252 
214 
252 
254 
728 
206 
208 
212 
210 
208 
210 
210 
208 
208 
212 
402 
248 
234 
46 
46 
174 
48 
48 
50 
48 
46 
48 
232 
208 
208 
208 
652 
210 
208 
208 
240 
212 
208 
210 
248 
216 
212 
214 
250 
266 
208 
210 
254 
210 
208 
234 
212 
250 
210 
210 
214 
640 
208 
248 
208 
220 
252 
212 
208 
632 
250 
208 
218 
208 
210 
248 
230 
210 
212 
252 
46 
48 
48 
50 
48 
212 
238 
246 
206 
248 
210 
212 
212 
206 
626 
208 
248 
246 
210 
218 
226 
248 
210 
210 
206 
246 
208 
246 
232 
210 
206 
248 
250 
210 
248 
208 
246 
210 
212 
388 
210 
246 
210 
208 
208 
252 
248 
284 
210 
208 
212 
250 
210 
46 
46 
46 
46 
48 
46 
220 
206 
210 
208 
248 
208 
208 
248 
210 
210 
254 
262 
248 
210 
212 
248 
248 
210 
210 
246 
210 
606 
206 
246 
250 
208 
210 
210 
218 
210 
250 
326 
214 
264 
214 
248 
224 
668 
210 
208 
254 
248 
270 
250 
250 
250 
302 
48 
48 
50 
58 
46 
50 
212 
432 
268 
210 
234 
214 
206 
212 
206 
416 
214 
246 
212 
210 
208 
232 
212 
840 
210 
210 
208 
210 
208 
220 
246 
212 
284 
208 
208 
208 
252 
216 
252 
220 
212 
252 
210 
208 
232 
212 
214 
210 
494 
212 
208 
210 
246 
210 
46 
46 
48 
46 
46 
46 
46 
248 
246 
210 
204 
212 
210 
246 
252 
248 
212 
210 
248 
280 
208 
254 
248 
210 
206 
210 
210 
290 
212 
248 
228 
210 
228 
210 
210 
206 
212 
252 
212 
250 
250 
256 
218 
250 
210 
264 
212 
266 
208 
208 
212 
212 
304 
268 
212 
46 
46 
48 
50 
44 
46 
48 
76 
250 
46 
236 
212 
210 
210 
212 
228 
208 
208 
250 
212 
212 
212 
210 
214 
248 
248 
250 
252 
212 
212 
208 
208 
216 
248 
230 
210 
250 
208 
226 
246 
250 
252 
208 
240 
230 
210 
674 
212 
238 
276 
214 
208 
206 
252 
212 
248 
266 
48 
48 
48 
44 
46 
48 
44 
98 
250 
46 
208 
218 
250 
210 
448 
220 
214 
214 
212 
212 
206 
210 
512 
212 
236 
252 
212 
214 
212 
248 
214 
208 
250 
210 
230 
206 
208 
210 
206 
212 
210 
208 
264 
250 
248 
212 
208 
412 
210 
210 
208 
206 
252 
232 
208 
850 
48 
50 
46 
46 
134 
86 
208 
634 
210 
210 
208 
208 
224 
248 
250 
214 
212 
220 
252 
252 
250 
252 
250 
250 
256 
248 
268 
206 
206 
208 
208 
248 
586 
240 
206 
212 
210 
250 
230 
208 
536 
204 
240 
210 
226 
208 
244 
210 
210 
210 
250 
210 
252 
210 
48 
46 
46 
48 
48 
48 
250 
262 
210 
228 
254 
582 
248 
232 
230 
248 
250 
212 
234 
212 
212 
252 
236 
240 
210 
206 
208 
206 
272 
208 
216 
208 
254 
212 
248 
206 
208 
250 
248 
250 
210 
246 
250 
210 
242 
240 
240 
248 
248 
252 
212 
226 
616 
48 
44 
50 
50 
48 
46 
248 
208 
252 
252 
264 
210 
210 
216 
248 
212 
210 
250 
254 
212 
210 
246 
208 
210 
210 
210 
208 
246 
208 
206 
208 
222 
600 
218 
206 
210 
208 
248 
210 
206 
212 
208 
212 
228 
210 
250 
210 
210 
228 
208 
250 
210 
222 
48 
44 
48 
50 
192 
248 
46 
48 
208 
250 
206 
212 
658 
212 
208 
246 
210 
250 
210 
250 
206 
252 
210 
250 
246 
240 
210 
250 
248 
212 
206 
216 
250 
208 
210 
210 
252 
336 
208 
210 
216 
248 
260 
228 
238 
390 
250 
210 
246 
252 
208 
230 
212 
690 
208 
50 
46 
46 
46 
46 
46 
48 
212 
274 
250 
210 
208 
222 
248 
214 
206 
250 
208 
258 
246 
210 
254 
250 
318 
208 
248 
230 
212 
250 
212 
252 
536 
210 
212 
208 
234 
212 
234 
208 
248 
208 
210 
212 
248 
206 
212 
208 
208 
208 
210 
250 
250 
218 
208 
48 
48 
44 
46 
50 
250 
210 
208 
228 
246 
452 
210 
252 
208 
248 
208 
212 
208 
210 
246 
254 
208 
204 
210 
206 
208 
208 
212 
218 
236 
206 
248 
208 
216 
216 
210 
252 
208 
248 
212 
206 
214 
248 
590 
208 
210 
248 
252 
208 
226 
206 
638 
250 
48 
48 
46 
46 
210 
210 
214 
210 
220 
210 
206 
208 
210 
212 
210 
514 
274 
242 
210 
254 
250 
208 
244 
364 
248 
210 
210 
234 
210 
228 
248 
208 
210 
208 
248 
208 
210 
208 
212 
224 
208 
246 
206 
214 
208 
264 
252 
250 
212 
206 
230 
46 
44 
50 
48 
50 
46 
248 
208 
296 
226 
248 
212 
248 
208 
252 
230 
242 
210 
212 
208 
210 
214 
44 
48 
254 
206 
246 
250 
252 
248 
406 
212 
206 
226 
208 
212 
248 
254 
420 
250 
250 
208 
252 
210 
214 
210 
548 
234 
210 
252 
210 
206 
236 
210 
248 
46 
48 
46 
46 
44 
48 
208 
250 
212 
212 
248 
248 
248 
250 
210 
248 
290 
210 
206 
210 
254 
214 
208 
208 
444 
208 
214 
212 
254 
246 
230 
268 
210 
248 
212 
210 
252 
252 
208 
210 
214 
218 
212 
208 
252 
208 
250 
212 
208 
272 
206 
210 
248 
164 
278 
230 
46 
48 
48 
248 
208 
212 
208 
228 
212 
662 
248 
218 
232 
250 
210 
218 
212 
212 
212 
210 
236 
248 
246 
248 
210 
234 
372 
240 
210 
210 
214 
248 
238 
250 
622 
206 
212 
212 
222 
250 
212 
212 
554 
208 
210 
244 
210 
262 
208 
250 
246 
46 
46 
46 
48 
48 
250 
212 
252 
378 
208 
250 
212 
214 
210 
232 
220 
486 
232 
236 
212 
220 
210 
228 
218 
210 
206 
212 
232 
214 
210 
208 
210 
212 
248 
210 
258 
208 
252 
250 
208 
212 
212 
250 
250 
208 
210 
252 
208 
234 
550 
250 
46 
46 
46 
48 
56 
250 
46 
230 
210 
210 
250 
210 
234 
212 
210 
210 
212 
206 
210 
248 
272 
248 
248 
210 
208 
268 
250 
210 
248 
218 
250 
420 
210 
212 
210 
210 
208 
230 
210 
458 
272 
210 
258 
216 
246 
0 
0 
0 
208 
208 
208 
208 
220 
268 
208 
44 
44 
44 
44 
46 
44 
262 
212 
248 
584 
226 
266 
238 
210 
220 
216 
208 
656 
250 
246 
210 
226 
204 
224 
248 
684 
246 
202 
236 
214 
206 
246 
206 
204 
208 
204 
206 
244 
248 
210 
208 
212 
208 
204 
204 
228 
206 
208 
206 
208 
716 
204 
44 
44 
46 
50 
48 
44 
44 
254 
216 
250 
248 
224 
208 
246 
246 
208 
206 
208 
246 
244 
208 
246 
232 
372 
206 
248 
208 
246 
208 
210 
210 
316 
248 
208 
206 
218 
244 
228 
220 
554 
250 
250 
204 
202 
252 
272 
208 
208 
242 
204 
214 
210 
208 
44 
46 
44 
48 
44 
44 
206 
248 
210 
208 
228 
370 
206 
210 
242 
206 
208 
208 
246 
206 
248 
210 
246 
206 
206 
246 
210 
208 
244 
246 
244 
216 
220 
208 
212 
244 
206 
210 
234 
208 
226 
206 
212 
246 
242 
246 
250 
208 
208 
208 
224 
244 
46 
46 
44 
46 
46 
204 
204 
208 
206 
258 
224 
242 
244 
204 
208 
208 
246 
208 
206 
248 
208 
206 
246 
226 
206 
218 
208 
208 
240 
206 
212 
230 
242 
606 
206 
246 
208 
206 
208 
212 
248 
688 
246 
210 
246 
208 
248 
248 
258 
208 
206 
44 
46 
44 
46 
46 
48 
0 
0 
0 
208 
252 
272 
210 
208 
268 
388 
268 
256 
248 
256 
214 
208 
208 
628 
252 
206 
252 
248 
206 
210 
232 
212 
208 
206 
210 
238 
250 
260 
210 
236 
250 
220 
252 
208 
212 
250 
254 
208 
516 
252 
212 
214 
264 
214 
212 
230 
212 
48 
50 
46 
46 
46 
44 
46 
250 
212 
210 
230 
210 
210 
210 
210 
208 
208 
248 
248 
210 
248 
206 
228 
208 
376 
250 
0 
252 
214 
230 
232 
248 
534 
210 
212 
212 
206 
222 
226 
212 
210 
210 
252 
212 
214 
208 
212 
266 
208 
210 
248 
254 
248 
210 
50 
44 
46 
46 
46 
48 
248 
212 
248 
212 
208 
462 
252 
248 
250 
206 
246 
230 
208 
682 
250 
734 
252 
208 
252 
246 
210 
240 
210 
210 
212 
230 
212 
208 
246 
248 
210 
250 
214 
208 
210 
252 
206 
214 
596 
212 
208 
210 
248 
246 
212 
248 
210 
48 
48 
50 
48 
50 
48 
218 
232 
208 
208 
208 
228 
210 
210 
254 
208 
312 
262 
210 
266 
212 
248 
230 
210 
516 
208 
208 
246 
214 
228 
228 
206 
642 
210 
242 
254 
210 
216 
510 
888 
1684 
210 
2684 
1736 
1384 
620 
210 
212 
210 
258 
222 
210 
252 
208 
208 
228 
214 
678 
256 
46 
50 
46 
46 
46 
48 
554 
214 
248 
212 
210 
206 
208 
228 
248 
208 
210 
210 
248 
208 
252 
250 
206 
250 
208 
250 
252 
210 
208 
242 
248 
516 
248 
210 
250 
208 
248 
214 
254 
500 
210 
220 
208 
212 
232 
208 
272 
252 
206 
218 
250 
212 
250 
48 
46 
46 
46 
46 
252 
210 
210 
208 
208 
208 
280 
250 
244 
234 
250 
210 
228 
206 
462 
228 
210 
250 
210 
246 
208 
248 
654 
252 
210 
248 
250 
224 
220 
228 
250 
250 
212 
212 
210 
266 
208 
212 
244 
310 
210 
208 
208 
264 
212 
214 
254 
52 
48 
46 
46 
48 
252 
46 
254 
664 
250 
250 
248 
208 
250 
210 
212 
248 
242 
210 
210 
264 
208 
250 
208 
250 
288 
218 
248 
250 
252 
210 
210 
208 
486 
210 
212 
254 
208 
210 
214 
208 
208 
228 
212 
248 
212 
254 
248 
208 
210 
248 
212 
210 
212 
248 
46 
46 
46 
48 
210 
210 
218 
206 
206 
206 
210 
392 
208 
256 
248 
204 
254 
210 
208 
586 
238 
250 
210 
248 
248 
254 
212 
208 
222 
208 
226 
272 
252 
228 
210 
250 
246 
210 
212 
210 
210 
234 
234 
210 
306 
212 
252 
250 
210 
250 
210 
46 
48 
46 
50 
48 
46 
46 
216 
208 
208 
206 
250 
210 
250 
210 
250 
206 
208 
510 
210 
252 
248 
252 
250 
250 
260 
460 
206 
210 
210 
242 
250 
228 
210 
716 
208 
212 
50 
46 
48 
46 
46 
46 
216 
250 
208 
248 
210 
250 
226 
210 
208 
250 
210 
208 
208 
250 
250 
48 
226 
252 
210 
212 
208 
214 
214 
208 
560 
248 
206 
208 
248 
250 
212 
250 
840 
252 
224 
268 
210 
208 
250 
210 
206 
212 
262 
208 
210 
250 
212 
46 
46 
46 
48 
46 
48 
210 
206 
208 
248 
632 
210 
210 
206 
210 
210 
214 
250 
670 
248 
248 
250 
210 
210 
212 
248 
212 
252 
208 
266 
210 
208 
246 
250 
210 
250 
220 
254 
210 
210 
210 
212 
250 
462 
214 
248 
220 
210 
252 
208 
242 
630 
250 
46 
48 
48 
50 
48 
50 
210 
210 
248 
210 
248 
214 
250 
250 
208 
424 
208 
210 
208 
210 
250 
230 
214 
392 
206 
250 
252 
248 
232 
208 
248 
540 
208 
206 
212 
212 
208 
236 
210 
208 
254 
208 
210 
250 
248 
250 
254 
210 
208 
208 
248 
250 
210 
46 
52 
48 
48 
48 
48 
206 
208 
208 
208 
248 
208 
210 
208 
212 
210 
250 
208 
208 
682 
212 
210 
210 
210 
232 
248 
212 
210 
214 
248 
222 
248 
210 
210 
212 
226 
384 
248 
248 
210 
248 
208 
220 
216 
458 
206 
208 
248 
210 
210 
230 
210 
688 
46 
48 
44 
46 
46 
46 
50 
210 
208 
248 
250 
258 
210 
210 
212 
204 
228 
252 
206 
214 
208 
210 
230 
210 
482 
214 
212 
206 
212 
256 
226 
206 
566 
208 
212 
248 
210 
232 
246 
208 
212 
256 
212 
214 
216 
248 
208 
248 
690 
490 
210 
216 
208 
252 
46 
48 
48 
46 
50 
48 
48 
210 
250 
246 
252 
612 
212 
210 
250 
250 
210 
210 
252 
250 
248 
232 
212 
214 
208 
210 
212 
210 
208 
208 
258 
210 
210 
218 
230 
250 
474 
208 
248 
208 
208 
210 
210 
252 
642 
228 
244 
210 
212 
250 
208 
256 
208 
212 
46 
50 
48 
46 
46 
44 
46 
212 
272 
212 
210 
210 
210 
212 
212 
596 
212 
216 
250 
218 
208 
212 
254 
210 
238 
210 
250 
210 
212 
230 
208 
236 
212 
248 
210 
208 
210 
206 
254 
208 
212 
250 
208 
244 
206 
214 
250 
242 
214 
212 
206 
234 
210 
210 
214 
208 
50 
48 
46 
48 
208 
220 
212 
210 
848 
248 
248 
230 
248 
222 
224 
212 
210 
210 
208 
206 
250 
210 
250 
250 
210 
334 
246 
210 
208 
250 
248 
232 
220 
600 
210 
210 
250 
210 
212 
208 
234 
654 
208 
250 
208 
210 
210 
252 
250 
250 
214 
208 
46 
46 
48 
48 
48 
52 
268 
206 
212 
212 
248 
206 
230 
252 
538 
228 
212 
210 
232 
210 
232 
252 
578 
206 
210 
212 
208 
210 
210 
224 
250 
210 
208 
216 
248 
244 
218 
250 
246 
0 
0 
0 
216 
218 
206 
204 
208 
286 
244 
210 
206 
210 
208 
208 
210 
208 
214 
46 
44 
44 
48 
46 
46 
208 
204 
208 
208 
258 
238 
244 
248 
208 
210 
236 
208 
208 
210 
210 
250 
208 
218 
210 
220 
208 
208 
246 
208 
208 
528 
206 
226 
202 
244 
246 
226 
210 
706 
248 
240 
208 
206 
206 
210 
248 
248 
206 
250 
208 
244 
44 
44 
44 
48 
44 
44 
258 
244 
252 
208 
214 
244 
838 
206 
208 
206 
250 
206 
228 
206 
208 
210 
244 
208 
248 
252 
246 
206 
208 
210 
206 
248 
208 
208 
216 
244 
248 
214 
228 
208 
208 
210 
248 
216 
208 
378 
208 
204 
208 
208 
236 
204 
236 
46 
44 
46 
46 
46 
44 
44 
48 
206 
216 
210 
208 
206 
210 
210 
210 
270 
272 
216 
232 
212 
208 
244 
228 
248 
358 
208 
206 
248 
202 
270 
208 
210 
640 
246 
246 
246 
204 
204 
206 
242 
242 
248 
206 
206 
256 
216 
246 
206 
224 
398 
206 
246 
46 
46 
46 
48 
44 
46 
248 
208 
208 
204 
210 
222 
208 
518 
208 
210 
214 
248 
210 
230 
246 
206 
250 
244 
228 
246 
206 
244 
210 
208 
208 
246 
208 
206 
218 
210 
246 
248 
234 
208 
210 
212 
208 
260 
216 
208 
206 
248 
208 
246 
204 
210 
236 
210 
44 
46 
48 
46 
46 
228 
210 
252 
208 
236 
246 
206 
208 
264 
208 
208 
208 
542 
204 
250 
204 
248 
210 
208 
210 
842 
234 
204 
206 
204 
204 
206 
250 
704 
226 
208 
208 
206 
208 
208 
204 
248 
206 
248 
244 
246 
206 
246 
216 
206 
242 
46 
46 
44 
44 
44 
222 
224 
632 
250 
206 
208 
210 
208 
206 
248 
208 
210 
204 
242 
238 
204 
250 
248 
206 
204 
246 
248 
250 
210 
248 
248 
210 
204 
228 
240 
216 
250 
230 
228 
206 
702 
208 
248 
206 
204 
246 
248 
208 
210 
216 
258 
44 
44 
44 
46 
44 
44 
42 
44 
208 
208 
220 
250 
248 
208 
204 
246 
212 
248 
248 
248 
236 
202 
338 
208 
230 
208 
210 
204 
228 
206 
204 
206 
248 
208 
206 
206 
214 
206 
226 
208 
208 
218 
248 
208 
244 
206 
206 
208 
248 
216 
206 
208 
204 
248 
118 
46 
44 
46 
48 
260 
206 
228 
208 
504 
206 
208 
204 
234 
258 
228 
206 
250 
210 
246 
248 
218 
208 
244 
252 
214 
256 
204 
248 
268 
210 
210 
218 
202 
226 
246 
248 
208 
228 
210 
210 
210 
446 
206 
244 
250 
210 
252 
210 
210 
208 
48 
46 
46 
44 
46 
46 
224 
254 
210 
208 
204 
240 
236 
208 
208 
210 
348 
246 
216 
206 
246 
204 
206 
204 
598 
206 
208 
218 
212 
210 
206 
206 
648 
244 
264 
218 
246 
204 
250 
208 
248 
210 
242 
250 
206 
210 
208 
208 
258 
396 
244 
210 
208 
46 
46 
44 
46 
46 
44 
44 
208 
216 
248 
210 
208 
210 
208 
248 
248 
246 
246 
236 
230 
208 
210 
248 
210 
252 
210 
206 
208 
206 
208 
208 
206 
216 
244 
206 
210 
244 
270 
270 
244 
208 
206 
206 
206 
212 
208 
206 
256 
246 
242 
210 
244 
208 
44 
44 
46 
46 
48 
44 
208 
246 
234 
206 
270 
208 
204 
246 
206 
248 
250 
546 
208 
210 
250 
208 
204 
204 
230 
708 
208 
206 
248 
210 
236 
206 
208 
704 
208 
210 
246 
206 
222 
208 
248 
210 
298 
204 
206 
208 
210 
206 
206 
208 
452 
206 
46 
44 
46 
48 
44 
208 
440 
208 
210 
270 
204 
250 
224 
206 
208 
210 
238 
244 
264 
240 
206 
210 
210 
208 
232 
206 
246 
208 
206 
206 
208 
484 
208 
228 
246 
248 
248 
228 
244 
674 
208 
206 
226 
216 
262 
206 
206 
596 
242 
208 
246 
46 
46 
46 
46 
46 
44 
248 
210 
210 
224 
208 
204 
208 
334 
206 
208 
208 
208 
234 
208 
208 
326 
208 
204 
206 
204 
208 
230 
210 
206 
230 
248 
250 
248 
210 
248 
246 
208 
216 
210 
206 
208 
208 
208 
206 
208 
208 
248 
206 
208 
210 
208 
42 
42 
46 
46 
46 
44 
44 
46 
46 
208 
204 
210 
208 
206 
252 
210 
266 
206 
208 
250 
210 
228 
208 
246 
204 
210 
208 
260 
232 
212 
232 
250 
204 
202 
246 
208 
206 
206 
250 
246 
248 
210 
206 
628 
238 
206 
208 
208 
208 
208 
244 
248 
210 
204 
250 
44 
46 
46 
44 
50 
46 
206 
208 
208 
250 
250 
210 
268 
518 
210 
266 
268 
208 
248 
208 
204 
456 
208 
210 
244 
206 
246 
208 
216 
688 
246 
248 
210 
248 
248 
212 
246 
206 
206 
210 
252 
210 
204 
210 
256 
208 
206 
206 
208 
206 
204 
206 
44 
46 
46 
46 
46 
230 
264 
206 
206 
206 
208 
206 
248 
208 
208 
250 
268 
208 
210 
248 
244 
208 
206 
690 
238 
210 
216 
380 
218 
218 
216 
208 
248 
210 
208 
492 
208 
218 
208 
206 
206 
226 
248 
576 
210 
212 
206 
208 
208 
248 
214 
62 
46 
46 
44 
44 
44 
204 
224 
210 
406 
208 
234 
206 
234 
204 
232 
246 
642 
206 
224 
208 
218 
248 
226 
264 
530 
206 
224 
244 
214 
210 
234 
208 
210 
210 
218 
248 
208 
208 
270 
208 
208 
210 
254 
208 
236 
208 
206 
208 
206 
274 
208 
44 
46 
44 
46 
44 
214 
576 
206 
206 
202 
214 
208 
228 
208 
208 
246 
204 
208 
206 
206 
248 
210 
248 
208 
208 
204 
246 
228 
208 
206 
240 
544 
210 
208 
220 
206 
248 
228 
208 
210 
270 
210 
206 
246 
248 
210 
210 
204 
220 
206 
210 
210 
250 
44 
44 
48 
42 
44 
208 
206 
210 
206 
222 
204 
208 
268 
210 
228 
204 
240 
230 
210 
380 
210 
222 
248 
208 
230 
228 
208 
688 
228 
206 
210 
234 
210 
208 
208 
250 
262 
236 
230 
212 
202 
248 
250 
234 
482 
244 
208 
238 
208 
208 
44 
46 
44 
44 
46 
46 
244 
220 
228 
248 
710 
208 
210 
210 
228 
208 
208 
258 
216 
208 
204 
250 
204 
208 
236 
228 
230 
444 
210 
206 
248 
208 
246 
206 
204 
494 
246 
208 
242 
218 
244 
228 
206 
508 
212 
210 
208 
210 
214 
204 
206 
208 
48 
44 
46 
46 
42 
44 
44 
42 
212 
208 
208 
250 
212 
206 
210 
210 
594 
208 
208 
230 
208 
208 
228 
206 
722 
210 
226 
234 
246 
256 
226 
212 
206 
246 
208 
206 
206 
246 
206 
202 
206 
306 
206 
250 
248 
210 
210 
208 
210 
268 
246 
248 
250 
44 
44 
46 
44 
46 
46 
46 
206 
248 
206 
204 
212 
206 
248 
206 
206 
208 
208 
208 
204 
206 
248 
248 
208 
248 
248 
208 
226 
210 
382 
204 
204 
268 
246 
248 
220 
252 
526 
246 
246 
206 
246 
246 
204 
210 
650 
246 
206 
206 
206 
244 
250 
46 
46 
44 
46 
46 
46 
44 
48 
44 
250 
358 
208 
248 
250 
214 
206 
218 
248 
606 
210 
232 
204 
244 
276 
212 
248 
0 
0 
0 
210 
212 
252 
210 
210 
242 
206 
210 
216 
238 
212 
210 
252 
248 
210 
248 
252 
208 
212 
210 
208 
210 
296 
210 
214 
210 
212 
248 
48 
48 
46 
46 
46 
48 
46 
208 
238 
218 
206 
212 
250 
252 
256 
208 
214 
250 
212 
218 
208 
248 
250 
250 
208 
226 
208 
592 
212 
250 
208 
222 
230 
208 
248 
844 
250 
204 
210 
248 
230 
246 
250 
842 
206 
250 
210 
214 
216 
254 
210 
212 
208 
246 
46 
48 
46 
48 
48 
46 
548 
228 
250 
212 
248 
252 
226 
210 
426 
216 
208 
246 
248 
210 
210 
248 
210 
216 
250 
248 
210 
246 
236 
208 
216 
272 
224 
210 
206 
210 
250 
218 
248 
212 
210 
248 
210 
210 
208 
210 
248 
452 
240 
250 
208 
258 
210 
228 
48 
48 
48 
46 
48 
50 
208 
212 
206 
210 
208 
208 
208 
252 
214 
208 
210 
246 
210 
208 
210 
250 
212 
212 
226 
250 
362 
208 
246 
240 
252 
210 
228 
206 
206 
212 
248 
248 
230 
248 
210 
248 
216 
206 
212 
212 
268 
252 
250 
208 
206 
210 
246 
50 
48 
44 
48 
230 
48 
456 
208 
252 
246 
250 
252 
206 
250 
600 
250 
248 
206 
208 
210 
240 
210 
208 
210 
226 
252 
248 
204 
214 
224 
260 
0 
0 
0 
216 
208 
230 
206 
210 
468 
250 
246 
208 
206 
244 
226 
206 
204 
210 
248 
248 
208 
210 
206 
212 
210 
46 
46 
44 
46 
44 
44 
44 
44 
46 
226 
204 
206 
208 
252 
204 
202 
394 
246 
248 
248 
208 
206 
230 
208 
46 
206 
258 
232 
206 
236 
210 
250 
664 
230 
210 
210 
250 
240 
208 
242 
204 
208 
254 
250 
216 
208 
206 
204 
238 
362 
210 
248 
246 
206 
208 
44 
46 
50 
46 
48 
44 
46 
208 
206 
210 
208 
224 
248 
222 
248 
248 
210 
248 
206 
254 
210 
244 
206 
248 
264 
206 
210 
260 
250 
208 
208 
210 
208 
206 
202 
552 
204 
208 
208 
248 
208 
210 
204 
600 
246 
248 
208 
236 
210 
204 
210 
230 
248 
44 
44 
44 
46 
46 
46 
46 
230 
206 
208 
204 
206 
238 
206 
206 
278 
226 
206 
210 
210 
242 
226 
208 
698 
208 
210 
206 
206 
202 
248 
210 
248 
206 
208 
246 
248 
206 
206 
222 
208 
216 
208 
248 
208 
220 
206 
208 
206 
280 
254 
246 
204 
244 
44 
46 
44 
46 
44 
206 
214 
204 
210 
222 
210 
206 
244 
248 
216 
210 
208 
208 
208 
246 
210 
226 
242 
228 
210 
204 
212 
266 
208 
208 
208 
208 
208 
246 
214 
218 
408 
246 
208 
236 
248 
0 
0 
0 
210 
246 
210 
212 
244 
242 
216 
210 
250 
212 
212 
220 
210 
46 
48 
46 
52 
46 
48 
48 
250 
218 
208 
236 
232 
626 
208 
210 
210 
216 
210 
210 
208 
672 
212 
250 
262 
210 
210 
212 
246 
246 
210 
252 
234 
250 
252 
212 
250 
210 
230 
208 
210 
210 
210 
208 
206 
210 
348 
212 
208 
208 
242 
210 
208 
272 
208 
250 
250 
46 
52 
44 
50 
48 
48 
208 
212 
250 
208 
214 
208 
260 
212 
288 
210 
252 
208 
206 
246 
226 
252 
552 
254 
216 
228 
210 
248 
220 
214 
692 
250 
212 
210 
210 
208 
206 
208 
248 
206 
234 
208 
208 
224 
212 
262 
250 
396 
250 
234 
208 
210 
208 
246 
48 
48 
46 
44 
46 
48 
248 
230 
210 
540 
252 
262 
210 
212 
212 
228 
214 
208 
250 
210 
236 
272 
216 
210 
254 
250 
210 
244 
252 
210 
250 
218 
212 
210 
292 
246 
248 
210 
252 
248 
210 
208 
694 
248 
246 
250 
248 
210 
228 
208 
644 
228 
228 
248 
250 
48 
48 
172 
250 
48 
250 
228 
208 
228 
250 
210 
210 
524 
256 
210 
246 
208 
210 
212 
208 
398 
254 
250 
210 
210 
250 
210 
210 
672 
206 
214 
214 
210 
216 
210 
208 
252 
210 
212 
248 
252 
210 
212 
252 
248 
436 
206 
220 
212 
212 
238 
238 
250 
340 
46 
46 
46 
46 
46 
230 
206 
684 
250 
214 
210 
210 
210 
210 
212 
210 
252 
246 
210 
210 
248 
212 
250 
210 
336 
250 
214 
210 
260 
210 
234 
210 
310 
212 
210 
208 
210 
230 
230 
210 
536 
214 
206 
232 
210 
250 
210 
250 
206 
250 
210 
210 
250 
208 
48 
50 
46 
46 
50 
46 
250 
208 
248 
208 
248 
506 
228 
208 
208 
210 
208 
210 
208 
510 
208 
250 
252 
208 
230 
208 
210 
206 
228 
210 
210 
250 
230 
210 
208 
212 
250 
208 
208 
216 
210 
230 
246 
230 
454 
222 
256 
210 
266 
206 
208 
246 
460 
250 
46 
248 
48 
50 
50 
250 
210 
208 
210 
208 
206 
208 
208 
208 
206 
210 
250 
222 
246 
222 
208 
212 
208 
358 
250 
206 
212 
210 
248 
210 
210 
210 
248 
250 
210 
210 
270 
210 
250 
668 
266 
266 
212 
224 
208 
210 
210 
212 
210 
216 
210 
222 
48 
46 
46 
50 
240 
208 
246 
212 
228 
214 
212 
206 
432 
238 
250 
252 
212 
212 
210 
208 
712 
206 
210 
226 
208 
248 
212 
210 
240 
214 
228 
216 
208 
246 
208 
264 
250 
232 
212 
250 
210 
208 
248 
228 
236 
490 
210 
228 
264 
210 
208 
206 
46 
46 
48 
46 
48 
48 
46 
48 
212 
218 
248 
212 
208 
250 
210 
248 
250 
210 
368 
248 
238 
208 
250 
206 
230 
208 
604 
210 
246 
216 
252 
252 
206 
208 
212 
252 
210 
208 
206 
252 
232 
246 
210 
252 
206 
240 
212 
208 
250 
252 
252 
210 
250 
212 
210 
212 
48 
46 
46 
46 
50 
48 
48 
210 
208 
234 
210 
586 
268 
208 
248 
232 
264 
232 
248 
214 
228 
248 
246 
206 
208 
210 
248 
210 
220 
206 
252 
210 
232 
210 
208 
210 
538 
206 
210 
252 
252 
208 
230 
210 
724 
210 
246 
212 
208 
224 
210 
252 
728 
212 
50 
46 
50 
46 
48 
50 
208 
242 
220 
212 
220 
210 
212 
248 
210 
424 
210 
246 
222 
214 
208 
230 
250 
694 
256 
212 
212 
210 
250 
210 
224 
642 
208 
220 
210 
210 
208 
252 
212 
250 
216 
254 
212 
254 
248 
212 
248 
204 
212 
208 
248 
210 
208 
48 
46 
46 
48 
46 
48 
46 
240 
208 
228 
230 
208 
212 
250 
208 
250 
252 
232 
224 
250 
210 
210 
248 
210 
208 
244 
210 
248 
384 
236 
210 
240 
250 
216 
208 
250 
328 
246 
208 
248 
206 
250 
210 
226 
574 
224 
232 
208 
212 
226 
210 
212 
210 
264 
46 
46 
52 
46 
48 
48 
102 
84 
210 
208 
212 
206 
208 
210 
208 
218 
212 
210 
212 
248 
210 
236 
210 
420 
730 
210 
248 
210 
248 
210 
210 
634 
218 
210 
208 
248 
212 
246 
212 
250 
330 
234 
212 
252 
212 
212 
208 
208 
218 
210 
208 
246 
206 
208 
232 
208 
210 
46 
48 
48 
212 
248 
226 
250 
702 
210 
230 
208 
214 
212 
228 
210 
206 
230 
208 
250 
254 
212 
210 
210 
208 
304 
210 
210 
252 
212 
248 
230 
206 
670 
210 
210 
250 
228 
218 
218 
210 
570 
210 
206 
208 
238 
210 
250 
210 
206 
208 
250 
250 
250 
248 
208 
250 
250 
248 
256 
230 
250 
230 
250 
230 
250 
292 
246 
212 
246 
208 
252 
228 
248 
546 
232 
208 
218 
248 
208 
260 
224 
252 
250 
252 
250 
240 
246 
254 
254 
248 
230 
250 
248 
250 
210 
358 
238 
250 
266 
282 
210 
252 
230 
254 
222 
212 
228 
250 
248 
250 
216 
232 
232 
212 
694 
250 
254 
248 
250 
230 
252 
230 
246 
210 
248 
254 
248 
250 
216 
210 
250 
324 
248 
228 
230 
228 
272 
208 
248 
386 
236 
312 
254 
234 
236 
232 
248 
650 
266 
240 
258 
256 
250 
218 
254 
258 
218 
256 
224 
252 
250 
266 
252 
218 
270 
240 
252 
242 
256 
264 
238 
250 
394 
264 
250 
256 
212 
254 
244 
256 
612 
260 
242 
218 
262 
252 
260 
254 
240 
258 
254 
214 
250 
260 
264 
260 
214 
262 
260 
256 
270 
262 
260 
240 
264 
338 
266 
260 
262 
270 
266 
242 
258 
528 
266 
266 
254 
228 
264 
260 
252 
234 
256 
264 
256 
256 
260 
234 
266 
258 
264 
266 
256 
252 
256 
242 
242 
270 
282 
242 
256 
254 
234 
262 
234 
254 
492 
254 
266 
250 
252 
250 
258 
248 
254 
252 
248 
246 
256 
252 
250 
250 
252 
252 
248 
246 
246 
248 
250 
228 
250 
250 
252 
252 
250 
