# FR-trace starting at Wed Mar 10 14:46:52 2021
################# CONFIG #################
# slot=9000
# samples=5000
# threshold=100
# idle=500
# minlen=500
# runs=60000
# pdathreads=3
# nmonitored=1
#   monitor0=/usr/local/lib/libcrypto.so 770062 0xbc00e
# nevicted=0
# npdatargets=1
#   target0=/usr/local/lib/libcrypto.so 750148 0xb7244
# affinity=all
############## SYSTEM INFO ###############
# mastik_version=
# sysname=Linux
# nodename=05a3c7e5a789
# release=5.8.0-43-generic
# version=#49~20.04.1-Ubuntu SMP Fri Feb 5 09:57:56 UTC 2021
# machine=x86_64
################## DATA ##################
# run=1
# datapoints=5000
46 
244 
380 
208 
244 
212 
244 
206 
226 
224 
208 
206 
210 
244 
216 
210 
208 
242 
44 
254 
46 
48 
44 
46 
42 
228 
210 
210 
206 
208 
210 
206 
208 
208 
208 
526 
210 
208 
210 
250 
46 
46 
248 
206 
208 
246 
252 
206 
262 
240 
212 
206 
204 
202 
208 
210 
250 
216 
228 
208 
310 
206 
206 
250 
246 
208 
248 
210 
310 
232 
206 
208 
44 
44 
46 
46 
44 
46 
46 
44 
208 
204 
206 
248 
208 
244 
210 
206 
248 
208 
210 
208 
206 
216 
210 
208 
220 
210 
202 
248 
244 
386 
208 
208 
248 
248 
246 
228 
206 
442 
248 
218 
212 
208 
208 
230 
210 
206 
208 
248 
208 
206 
248 
208 
210 
208 
50 
46 
48 
46 
46 
44 
44 
46 
480 
208 
204 
214 
250 
246 
226 
240 
418 
230 
206 
210 
206 
206 
230 
246 
552 
206 
206 
206 
208 
212 
206 
248 
208 
206 
206 
206 
212 
246 
208 
224 
248 
208 
210 
246 
206 
246 
218 
248 
204 
398 
208 
242 
224 
206 
206 
44 
46 
44 
44 
44 
46 
44 
46 
226 
204 
246 
210 
218 
228 
208 
212 
208 
208 
244 
204 
246 
208 
244 
230 
244 
248 
204 
252 
208 
208 
210 
208 
246 
204 
272 
492 
210 
210 
206 
216 
248 
208 
206 
838 
248 
208 
212 
206 
246 
244 
218 
246 
206 
206 
44 
46 
46 
44 
44 
48 
204 
208 
210 
210 
206 
206 
208 
206 
418 
206 
272 
204 
208 
234 
230 
206 
206 
208 
210 
226 
248 
224 
204 
218 
204 
210 
208 
204 
262 
206 
248 
212 
208 
206 
208 
212 
208 
208 
208 
208 
208 
488 
210 
208 
208 
250 
42 
46 
46 
46 
46 
44 
210 
206 
206 
210 
208 
208 
208 
208 
246 
246 
208 
204 
208 
208 
302 
208 
208 
208 
246 
242 
208 
210 
550 
206 
206 
246 
218 
212 
206 
210 
558 
230 
246 
216 
206 
250 
210 
208 
206 
212 
236 
232 
208 
208 
208 
246 
46 
46 
46 
44 
44 
248 
212 
210 
246 
526 
262 
204 
250 
206 
208 
226 
238 
206 
210 
206 
222 
212 
206 
206 
230 
248 
236 
206 
248 
204 
214 
206 
204 
206 
208 
250 
210 
250 
208 
206 
208 
242 
306 
214 
206 
250 
250 
208 
230 
210 
478 
248 
46 
44 
46 
44 
44 
44 
208 
578 
240 
244 
206 
246 
206 
210 
270 
356 
208 
210 
208 
254 
206 
246 
226 
364 
206 
210 
208 
250 
232 
214 
240 
636 
210 
210 
206 
248 
244 
224 
206 
694 
208 
246 
208 
248 
228 
210 
210 
244 
206 
244 
238 
208 
44 
44 
48 
44 
46 
44 
44 
44 
48 
208 
206 
234 
500 
286 
244 
248 
208 
204 
204 
252 
622 
208 
206 
226 
206 
208 
208 
208 
248 
206 
246 
208 
248 
210 
208 
206 
208 
480 
206 
248 
206 
250 
216 
206 
208 
344 
204 
226 
206 
212 
208 
204 
204 
692 
212 
250 
44 
44 
46 
48 
46 
42 
44 
44 
44 
208 
208 
208 
208 
266 
210 
248 
210 
212 
212 
208 
210 
242 
356 
232 
224 
230 
210 
208 
226 
224 
504 
228 
246 
208 
208 
232 
208 
210 
212 
208 
208 
208 
208 
270 
230 
208 
204 
208 
248 
252 
244 
210 
244 
206 
50 
44 
44 
42 
44 
44 
244 
208 
206 
206 
224 
250 
248 
206 
208 
208 
246 
246 
208 
246 
250 
246 
208 
210 
208 
248 
206 
210 
210 
206 
210 
208 
208 
212 
476 
246 
208 
206 
208 
208 
242 
234 
480 
208 
226 
208 
208 
208 
210 
204 
208 
44 
46 
44 
46 
46 
42 
46 
246 
210 
206 
248 
246 
210 
248 
206 
208 
404 
250 
208 
208 
212 
246 
208 
218 
436 
204 
208 
208 
218 
206 
208 
210 
638 
208 
210 
230 
212 
250 
248 
208 
246 
206 
208 
206 
206 
208 
248 
234 
206 
268 
212 
210 
246 
44 
46 
46 
46 
44 
210 
204 
208 
210 
210 
230 
246 
616 
206 
250 
246 
208 
266 
250 
210 
208 
244 
248 
238 
212 
226 
210 
210 
248 
420 
206 
206 
246 
246 
248 
206 
208 
272 
246 
228 
208 
206 
208 
232 
206 
492 
206 
210 
252 
206 
244 
44 
46 
46 
44 
44 
44 
46 
206 
208 
208 
208 
372 
206 
238 
208 
206 
210 
218 
248 
402 
206 
246 
204 
238 
208 
216 
208 
674 
212 
206 
244 
208 
208 
208 
208 
232 
208 
242 
248 
210 
250 
206 
264 
208 
206 
208 
274 
228 
206 
212 
210 
202 
310 
210 
184 
44 
44 
44 
44 
46 
46 
44 
206 
210 
204 
250 
210 
206 
208 
246 
256 
228 
246 
210 
212 
206 
248 
226 
208 
208 
206 
208 
210 
208 
206 
246 
220 
208 
208 
206 
206 
246 
246 
388 
206 
246 
208 
244 
230 
210 
210 
622 
228 
206 
206 
246 
206 
208 
46 
46 
44 
46 
46 
224 
208 
210 
246 
210 
240 
212 
204 
248 
206 
248 
208 
204 
462 
248 
208 
206 
208 
208 
210 
246 
660 
208 
206 
226 
246 
208 
208 
204 
248 
244 
248 
208 
210 
210 
206 
208 
208 
304 
204 
208 
208 
248 
208 
204 
46 
44 
46 
48 
44 
44 
208 
228 
246 
540 
214 
206 
234 
246 
208 
208 
206 
222 
208 
210 
248 
248 
218 
208 
208 
210 
206 
230 
208 
214 
246 
246 
208 
204 
608 
250 
228 
208 
208 
212 
208 
206 
208 
226 
218 
210 
248 
260 
212 
250 
208 
220 
50 
232 
0 
0 
0 
46 
48 
46 
46 
46 
218 
228 
248 
208 
250 
276 
246 
250 
210 
208 
212 
210 
208 
578 
210 
212 
252 
210 
252 
226 
210 
652 
214 
248 
210 
248 
208 
206 
208 
246 
212 
208 
232 
212 
208 
250 
210 
230 
514 
210 
212 
208 
230 
206 
212 
208 
396 
46 
50 
46 
46 
46 
232 
246 
724 
208 
210 
210 
210 
214 
208 
374 
228 
250 
250 
210 
208 
248 
250 
208 
228 
290 
210 
250 
238 
212 
210 
210 
248 
354 
208 
232 
246 
208 
210 
212 
210 
210 
262 
208 
248 
206 
210 
222 
210 
208 
250 
212 
220 
46 
48 
46 
48 
46 
48 
48 
210 
208 
206 
248 
210 
208 
282 
210 
250 
210 
210 
236 
226 
250 
524 
210 
244 
250 
250 
250 
212 
214 
236 
212 
210 
210 
210 
218 
264 
214 
212 
216 
248 
206 
206 
208 
210 
212 
210 
278 
208 
210 
260 
210 
212 
208 
210 
210 
48 
48 
46 
48 
46 
46 
210 
696 
208 
208 
210 
242 
212 
210 
218 
212 
318 
212 
218 
264 
210 
250 
208 
210 
424 
246 
208 
208 
242 
250 
210 
238 
208 
206 
252 
250 
208 
248 
210 
214 
654 
216 
224 
212 
214 
208 
208 
226 
212 
214 
212 
210 
250 
48 
44 
48 
96 
250 
50 
46 
48 
208 
250 
220 
248 
0 
0 
0 
204 
206 
204 
228 
208 
612 
230 
238 
246 
206 
206 
244 
208 
210 
208 
244 
208 
204 
202 
226 
248 
206 
206 
228 
206 
206 
210 
248 
228 
206 
396 
206 
208 
210 
218 
260 
224 
208 
562 
212 
246 
248 
248 
206 
44 
46 
46 
44 
46 
44 
208 
232 
246 
250 
208 
210 
210 
206 
208 
210 
248 
206 
212 
302 
252 
208 
244 
208 
208 
204 
246 
208 
206 
204 
210 
248 
206 
210 
206 
204 
246 
212 
208 
208 
208 
246 
208 
242 
286 
246 
206 
210 
254 
208 
206 
272 
46 
46 
44 
46 
46 
46 
46 
208 
698 
240 
204 
208 
250 
208 
236 
210 
204 
214 
218 
244 
208 
208 
206 
232 
252 
208 
248 
208 
250 
266 
208 
218 
202 
204 
242 
206 
248 
208 
204 
208 
248 
640 
246 
206 
228 
224 
210 
212 
206 
206 
206 
210 
246 
48 
44 
44 
46 
46 
206 
204 
206 
224 
206 
210 
208 
208 
460 
214 
206 
210 
224 
210 
226 
230 
416 
208 
208 
240 
208 
248 
206 
246 
642 
240 
226 
206 
250 
208 
206 
248 
210 
208 
218 
206 
206 
250 
208 
210 
248 
206 
226 
206 
210 
210 
44 
44 
46 
46 
44 
44 
246 
206 
204 
210 
230 
614 
208 
228 
270 
208 
244 
216 
206 
216 
246 
210 
206 
212 
222 
208 
212 
220 
206 
210 
210 
206 
210 
206 
208 
208 
284 
246 
208 
210 
208 
246 
228 
210 
736 
208 
206 
208 
208 
204 
232 
250 
44 
46 
46 
46 
50 
44 
208 
208 
216 
206 
204 
206 
206 
246 
210 
250 
246 
444 
208 
206 
248 
246 
250 
206 
236 
640 
208 
242 
246 
210 
228 
222 
250 
230 
230 
248 
210 
246 
248 
244 
246 
268 
208 
210 
208 
206 
210 
214 
244 
250 
246 
44 
44 
44 
44 
46 
42 
44 
406 
210 
206 
210 
206 
242 
208 
210 
206 
218 
250 
248 
248 
248 
262 
208 
204 
208 
206 
208 
206 
202 
246 
206 
252 
214 
248 
228 
210 
206 
244 
228 
208 
840 
210 
246 
246 
210 
212 
228 
216 
206 
218 
236 
244 
208 
44 
44 
46 
44 
46 
218 
206 
206 
236 
218 
246 
224 
420 
210 
242 
214 
228 
220 
206 
250 
608 
218 
234 
206 
246 
248 
208 
216 
206 
206 
208 
206 
210 
244 
204 
250 
210 
244 
248 
250 
210 
206 
240 
204 
264 
208 
212 
240 
206 
218 
246 
228 
44 
44 
44 
46 
208 
202 
206 
210 
220 
206 
206 
246 
208 
226 
220 
212 
268 
208 
208 
224 
206 
206 
224 
248 
242 
206 
208 
216 
224 
204 
206 
204 
248 
208 
530 
208 
206 
244 
252 
208 
206 
212 
656 
208 
248 
204 
248 
208 
226 
210 
44 
44 
44 
46 
46 
44 
46 
206 
208 
308 
240 
206 
206 
234 
256 
208 
228 
454 
246 
248 
208 
246 
208 
228 
248 
208 
210 
206 
206 
204 
208 
210 
206 
206 
208 
246 
246 
248 
208 
208 
208 
208 
206 
262 
226 
250 
248 
208 
262 
248 
498 
208 
244 
48 
44 
44 
44 
208 
414 
208 
250 
206 
208 
206 
228 
206 
208 
240 
206 
250 
206 
250 
204 
248 
206 
206 
208 
206 
248 
208 
244 
250 
246 
208 
236 
208 
216 
248 
248 
206 
244 
592 
208 
210 
208 
210 
216 
204 
204 
206 
246 
246 
248 
44 
48 
46 
44 
44 
252 
206 
244 
206 
206 
208 
206 
248 
418 
248 
216 
210 
210 
206 
202 
210 
436 
220 
206 
204 
246 
248 
216 
210 
204 
208 
208 
228 
208 
248 
238 
262 
204 
250 
206 
206 
216 
210 
210 
210 
210 
210 
208 
204 
260 
208 
48 
46 
46 
44 
234 
208 
254 
250 
246 
204 
206 
464 
250 
208 
208 
248 
208 
206 
246 
204 
208 
210 
206 
210 
208 
248 
210 
210 
208 
214 
348 
224 
206 
208 
248 
246 
216 
206 
208 
248 
208 
206 
250 
204 
420 
246 
208 
208 
204 
44 
44 
44 
48 
46 
44 
44 
206 
214 
248 
208 
246 
210 
208 
260 
206 
208 
220 
206 
206 
212 
206 
44 
210 
204 
246 
208 
246 
596 
208 
202 
206 
250 
228 
208 
242 
650 
258 
250 
210 
234 
208 
246 
204 
250 
206 
204 
246 
264 
208 
228 
208 
224 
222 
248 
46 
46 
42 
44 
226 
206 
562 
234 
206 
234 
210 
206 
210 
222 
548 
206 
248 
204 
250 
206 
206 
226 
204 
206 
206 
208 
208 
218 
204 
248 
688 
208 
216 
246 
248 
246 
208 
208 
208 
316 
208 
228 
224 
208 
208 
210 
206 
524 
248 
208 
42 
44 
44 
46 
46 
44 
46 
258 
250 
210 
204 
210 
208 
250 
208 
210 
238 
206 
248 
212 
208 
206 
274 
248 
208 
248 
248 
252 
208 
248 
502 
212 
204 
248 
208 
208 
224 
248 
698 
210 
246 
246 
210 
210 
246 
238 
210 
206 
218 
208 
210 
268 
244 
46 
44 
44 
44 
44 
46 
244 
244 
208 
210 
432 
208 
208 
208 
242 
244 
206 
228 
210 
218 
246 
246 
236 
244 
210 
252 
208 
206 
210 
208 
226 
266 
244 
208 
208 
208 
206 
248 
204 
230 
250 
228 
250 
404 
206 
212 
248 
206 
246 
208 
206 
204 
206 
44 
44 
48 
46 
46 
44 
206 
260 
208 
246 
242 
246 
206 
210 
212 
378 
244 
204 
212 
206 
686 
224 
214 
454 
206 
208 
208 
206 
204 
208 
206 
210 
246 
212 
206 
210 
244 
208 
240 
210 
228 
206 
210 
214 
208 
204 
204 
248 
206 
210 
206 
242 
44 
46 
46 
44 
46 
46 
210 
212 
250 
208 
226 
208 
206 
234 
212 
230 
248 
206 
232 
208 
250 
242 
250 
208 
210 
208 
210 
206 
244 
408 
246 
210 
206 
210 
206 
226 
208 
528 
208 
258 
248 
246 
228 
208 
256 
652 
246 
250 
232 
224 
212 
44 
46 
46 
44 
44 
46 
244 
210 
248 
208 
246 
208 
234 
254 
236 
206 
244 
210 
246 
222 
248 
210 
204 
208 
212 
208 
206 
600 
250 
208 
236 
206 
204 
216 
250 
736 
248 
206 
206 
208 
246 
206 
206 
246 
212 
208 
206 
210 
210 
208 
210 
206 
46 
46 
46 
44 
44 
44 
226 
208 
504 
208 
244 
208 
246 
248 
206 
244 
640 
246 
210 
204 
210 
208 
206 
250 
208 
206 
204 
206 
250 
206 
246 
246 
210 
208 
210 
250 
206 
210 
206 
208 
248 
350 
206 
206 
210 
238 
206 
212 
206 
514 
244 
208 
48 
44 
46 
46 
44 
208 
244 
228 
246 
208 
206 
206 
210 
206 
282 
210 
212 
220 
250 
246 
224 
252 
366 
210 
204 
248 
214 
208 
208 
204 
668 
246 
208 
206 
210 
206 
248 
248 
208 
250 
210 
246 
208 
208 
206 
206 
206 
210 
250 
210 
46 
44 
44 
44 
44 
44 
246 
246 
206 
208 
212 
208 
208 
716 
204 
208 
250 
206 
250 
234 
246 
206 
246 
208 
206 
204 
260 
244 
230 
208 
252 
210 
246 
210 
206 
208 
246 
208 
210 
248 
208 
208 
206 
208 
210 
214 
714 
208 
248 
206 
208 
248 
48 
46 
44 
44 
46 
46 
42 
218 
248 
208 
210 
216 
208 
206 
210 
218 
208 
208 
208 
206 
210 
246 
232 
208 
208 
206 
204 
406 
212 
208 
256 
248 
256 
206 
206 
204 
246 
204 
248 
250 
250 
206 
246 
202 
208 
208 
206 
210 
246 
248 
218 
204 
46 
44 
46 
46 
46 
48 
48 
236 
604 
246 
212 
206 
242 
226 
228 
206 
600 
248 
248 
210 
204 
248 
248 
208 
228 
216 
252 
218 
206 
248 
208 
236 
208 
446 
246 
208 
248 
250 
208 
230 
210 
362 
208 
206 
216 
240 
228 
212 
206 
566 
206 
212 
242 
46 
44 
46 
46 
44 
46 
44 
46 
208 
246 
208 
206 
208 
248 
232 
248 
206 
270 
250 
214 
208 
498 
244 
204 
212 
208 
246 
208 
210 
536 
206 
210 
236 
262 
218 
204 
216 
208 
208 
208 
248 
206 
206 
268 
208 
204 
208 
244 
206 
204 
210 
246 
246 
204 
48 
46 
44 
44 
46 
46 
228 
246 
212 
208 
208 
208 
206 
210 
208 
210 
208 
204 
246 
250 
242 
206 
206 
244 
208 
204 
202 
250 
250 
246 
208 
248 
204 
410 
208 
206 
206 
206 
208 
206 
208 
554 
206 
256 
246 
210 
210 
208 
202 
644 
218 
218 
44 
42 
44 
46 
46 
248 
260 
250 
250 
246 
208 
248 
240 
206 
208 
206 
208 
248 
204 
246 
228 
232 
330 
210 
208 
210 
264 
224 
208 
234 
616 
244 
208 
220 
248 
248 
210 
236 
206 
228 
242 
216 
208 
206 
246 
210 
208 
274 
206 
250 
244 
48 
44 
44 
46 
46 
216 
212 
206 
208 
204 
210 
248 
644 
204 
206 
242 
246 
232 
210 
206 
244 
246 
248 
268 
250 
220 
246 
226 
216 
274 
206 
248 
206 
214 
208 
228 
208 
404 
248 
208 
204 
224 
246 
228 
246 
206 
250 
210 
210 
212 
44 
46 
46 
44 
46 
44 
44 
46 
206 
246 
206 
206 
332 
246 
214 
246 
208 
208 
244 
206 
586 
208 
246 
246 
250 
206 
228 
206 
210 
252 
208 
206 
206 
208 
228 
206 
672 
208 
206 
208 
214 
244 
246 
208 
248 
210 
210 
204 
208 
206 
210 
206 
204 
336 
244 
44 
44 
48 
46 
46 
248 
500 
248 
206 
272 
248 
208 
212 
208 
678 
206 
206 
204 
210 
208 
208 
206 
246 
236 
264 
208 
246 
210 
206 
214 
216 
210 
248 
252 
208 
214 
212 
204 
248 
608 
248 
218 
208 
246 
210 
232 
210 
612 
208 
264 
208 
248 
210 
44 
44 
46 
46 
44 
44 
48 
46 
206 
206 
212 
206 
206 
206 
248 
258 
220 
208 
206 
418 
46 
46 
234 
210 
206 
210 
210 
692 
206 
204 
208 
246 
208 
208 
236 
208 
246 
204 
236 
208 
208 
206 
204 
212 
206 
206 
218 
250 
246 
236 
206 
208 
524 
244 
44 
44 
44 
44 
44 
250 
470 
210 
208 
208 
248 
204 
226 
246 
674 
256 
208 
210 
248 
208 
246 
248 
248 
210 
244 
248 
210 
216 
236 
208 
208 
368 
246 
206 
210 
202 
208 
210 
212 
558 
210 
246 
206 
226 
210 
230 
208 
208 
246 
206 
248 
210 
44 
46 
44 
44 
46 
46 
46 
206 
210 
210 
226 
244 
296 
244 
210 
248 
246 
246 
206 
232 
434 
244 
208 
228 
244 
206 
208 
206 
640 
250 
208 
204 
208 
252 
210 
246 
264 
248 
208 
208 
216 
206 
208 
208 
202 
464 
206 
248 
230 
252 
208 
226 
208 
46 
46 
44 
44 
46 
46 
208 
214 
204 
246 
246 
248 
246 
206 
210 
208 
208 
248 
214 
232 
218 
206 
248 
244 
206 
204 
234 
244 
210 
242 
250 
208 
204 
312 
204 
230 
236 
246 
208 
208 
208 
564 
202 
206 
208 
248 
206 
236 
246 
210 
248 
208 
208 
44 
44 
46 
46 
46 
46 
44 
208 
206 
248 
206 
228 
248 
328 
208 
246 
210 
258 
244 
244 
208 
208 
208 
208 
208 
242 
208 
224 
216 
206 
206 
210 
250 
208 
246 
206 
212 
208 
208 
218 
208 
210 
204 
204 
216 
208 
388 
238 
248 
204 
208 
208 
208 
46 
46 
44 
46 
44 
44 
46 
46 
46 
206 
248 
206 
210 
248 
206 
208 
208 
206 
208 
206 
268 
248 
206 
246 
208 
204 
256 
212 
226 
228 
206 
208 
206 
206 
392 
206 
238 
208 
208 
246 
206 
206 
684 
210 
208 
246 
236 
242 
248 
214 
206 
210 
210 
220 
210 
46 
46 
46 
44 
44 
208 
208 
208 
210 
246 
216 
248 
462 
216 
206 
210 
208 
208 
206 
248 
576 
248 
248 
240 
226 
210 
228 
208 
210 
210 
210 
210 
210 
206 
208 
248 
208 
210 
210 
206 
206 
250 
210 
208 
248 
334 
248 
212 
210 
206 
46 
44 
44 
44 
42 
48 
212 
230 
208 
206 
208 
248 
208 
242 
210 
212 
208 
230 
202 
208 
206 
246 
246 
246 
262 
206 
206 
208 
474 
248 
206 
250 
242 
210 
210 
202 
462 
248 
230 
210 
208 
244 
208 
208 
206 
208 
250 
206 
206 
210 
204 
248 
46 
48 
46 
44 
42 
44 
268 
208 
210 
322 
210 
246 
208 
206 
248 
206 
244 
440 
244 
208 
250 
210 
248 
228 
212 
668 
232 
210 
208 
250 
210 
212 
208 
236 
206 
210 
250 
206 
250 
218 
212 
216 
206 
210 
214 
230 
248 
206 
210 
206 
468 
246 
118 
46 
50 
44 
48 
224 
208 
208 
216 
208 
248 
202 
272 
204 
204 
212 
266 
248 
246 
206 
246 
208 
228 
208 
258 
212 
208 
248 
210 
208 
212 
340 
208 
204 
256 
228 
228 
206 
248 
720 
216 
210 
242 
246 
238 
208 
248 
208 
208 
208 
208 
266 
48 
44 
46 
46 
46 
208 
204 
236 
248 
250 
208 
208 
652 
206 
206 
206 
208 
206 
210 
210 
602 
256 
246 
240 
206 
208 
204 
238 
204 
246 
210 
214 
210 
206 
236 
244 
240 
372 
248 
208 
248 
248 
208 
210 
208 
246 
248 
210 
210 
214 
208 
44 
44 
48 
48 
46 
44 
248 
226 
206 
210 
704 
232 
250 
208 
208 
206 
248 
246 
208 
208 
260 
208 
250 
216 
208 
248 
208 
554 
204 
208 
204 
206 
248 
208 
212 
838 
228 
244 
206 
248 
242 
226 
244 
678 
206 
204 
246 
208 
250 
208 
228 
206 
222 
46 
46 
44 
44 
44 
46 
44 
484 
206 
250 
226 
208 
248 
208 
206 
664 
208 
220 
208 
208 
208 
224 
204 
634 
206 
204 
246 
246 
248 
208 
214 
230 
210 
210 
208 
248 
248 
206 
250 
206 
210 
248 
210 
208 
208 
244 
230 
208 
436 
208 
204 
210 
248 
44 
44 
44 
44 
46 
46 
46 
208 
248 
248 
246 
230 
246 
212 
206 
210 
232 
228 
218 
210 
464 
248 
218 
246 
208 
212 
228 
228 
560 
206 
224 
208 
212 
248 
206 
250 
674 
208 
208 
230 
262 
204 
206 
206 
252 
206 
208 
208 
208 
208 
204 
210 
44 
46 
136 
44 
44 
46 
46 
46 
208 
420 
250 
252 
244 
210 
210 
208 
204 
466 
208 
246 
208 
242 
246 
244 
206 
206 
206 
248 
210 
208 
212 
204 
206 
210 
206 
210 
246 
204 
246 
210 
268 
246 
404 
208 
246 
204 
242 
242 
206 
208 
578 
234 
208 
242 
46 
46 
46 
46 
46 
48 
246 
206 
210 
208 
206 
208 
206 
206 
208 
212 
206 
208 
248 
248 
206 
210 
208 
210 
206 
208 
206 
212 
208 
414 
246 
206 
258 
208 
210 
208 
248 
206 
210 
226 
248 
246 
202 
206 
208 
210 
210 
212 
212 
210 
210 
244 
44 
48 
44 
44 
44 
44 
210 
208 
236 
206 
688 
210 
202 
206 
248 
250 
208 
238 
618 
248 
236 
246 
208 
230 
228 
226 
210 
208 
202 
206 
206 
210 
210 
210 
220 
204 
248 
208 
248 
206 
214 
210 
206 
574 
204 
204 
262 
248 
246 
208 
242 
202 
42 
44 
46 
42 
48 
216 
218 
210 
206 
208 
206 
206 
210 
208 
206 
206 
204 
202 
246 
206 
248 
210 
206 
206 
422 
230 
218 
208 
226 
208 
206 
208 
732 
208 
210 
208 
206 
246 
224 
232 
700 
246 
268 
206 
248 
210 
204 
210 
220 
210 
204 
228 
242 
44 
44 
46 
46 
44 
236 
216 
210 
208 
210 
228 
246 
450 
206 
210 
248 
248 
240 
44 
208 
204 
238 
210 
216 
206 
260 
234 
204 
208 
208 
204 
210 
218 
228 
246 
34540 
0 
0 
0 
212 
212 
214 
210 
212 
208 
394 
208 
212 
256 
208 
250 
210 
210 
678 
46 
46 
46 
50 
48 
50 
46 
48 
46 
46 
248 
210 
206 
208 
210 
250 
364 
246 
246 
208 
228 
260 
212 
250 
542 
246 
250 
210 
206 
212 
240 
206 
604 
246 
210 
248 
230 
212 
256 
210 
208 
212 
248 
208 
208 
238 
210 
210 
216 
208 
252 
244 
210 
248 
266 
228 
250 
416 
46 
48 
46 
44 
44 
46 
48 
508 
208 
248 
210 
210 
250 
234 
208 
244 
254 
250 
746 
830 
6896 
920 
6406 
2060 
300 
2638 
228 
252 
236 
208 
214 
254 
248 
208 
210 
210 
248 
212 
232 
212 
504 
222 
214 
250 
250 
210 
212 
210 
212 
212 
210 
208 
208 
210 
208 
248 
206 
212 
246 
50 
48 
48 
50 
50 
48 
44 
204 
248 
208 
248 
210 
232 
210 
448 
206 
208 
252 
274 
250 
230 
210 
208 
238 
210 
252 
208 
210 
208 
210 
210 
210 
250 
266 
210 
252 
210 
250 
248 
316 
210 
212 
236 
228 
230 
232 
250 
448 
250 
208 
274 
248 
250 
48 
46 
46 
48 
48 
48 
250 
242 
208 
210 
208 
206 
212 
208 
266 
208 
248 
234 
208 
360 
248 
250 
206 
208 
208 
230 
208 
730 
254 
248 
232 
250 
210 
208 
210 
210 
212 
250 
250 
252 
234 
214 
248 
208 
232 
206 
230 
234 
210 
242 
250 
250 
440 
48 
46 
46 
46 
48 
46 
206 
308 
246 
258 
212 
210 
250 
230 
252 
608 
210 
210 
248 
214 
210 
250 
246 
260 
250 
250 
210 
250 
218 
210 
250 
212 
210 
210 
230 
210 
248 
248 
206 
210 
466 
252 
212 
250 
248 
218 
210 
210 
210 
244 
248 
212 
210 
48 
46 
50 
48 
46 
48 
44 
206 
216 
252 
250 
208 
242 
208 
248 
240 
214 
270 
208 
212 
596 
252 
252 
210 
238 
210 
212 
210 
698 
210 
210 
210 
208 
248 
210 
218 
216 
212 
250 
256 
268 
218 
230 
212 
212 
208 
210 
250 
232 
252 
262 
236 
246 
216 
252 
48 
48 
48 
46 
46 
46 
662 
218 
248 
248 
208 
230 
208 
234 
684 
252 
248 
208 
208 
212 
252 
210 
268 
256 
210 
210 
206 
210 
226 
210 
210 
214 
248 
210 
244 
210 
236 
234 
250 
518 
210 
208 
212 
212 
228 
212 
252 
602 
208 
228 
208 
210 
248 
48 
46 
48 
48 
46 
48 
208 
246 
208 
210 
252 
208 
212 
210 
204 
210 
208 
228 
208 
580 
212 
210 
232 
230 
250 
226 
238 
536 
212 
246 
264 
210 
252 
210 
208 
252 
212 
248 
210 
212 
250 
212 
248 
210 
210 
210 
208 
206 
248 
210 
208 
248 
356 
50 
48 
46 
46 
48 
48 
252 
496 
212 
236 
208 
212 
208 
220 
252 
210 
248 
226 
232 
218 
212 
250 
212 
244 
0 
0 
0 
208 
216 
234 
246 
212 
378 
206 
224 
244 
216 
244 
210 
208 
454 
204 
246 
208 
206 
208 
210 
208 
678 
244 
246 
238 
206 
208 
206 
236 
44 
46 
44 
46 
46 
48 
208 
232 
208 
420 
208 
210 
206 
248 
208 
222 
246 
518 
204 
210 
246 
206 
212 
208 
246 
620 
250 
252 
248 
204 
210 
208 
208 
210 
208 
204 
206 
210 
204 
214 
224 
212 
208 
208 
240 
204 
210 
246 
208 
210 
576 
46 
48 
44 
46 
48 
44 
46 
204 
208 
236 
244 
270 
212 
206 
206 
212 
210 
210 
210 
208 
208 
246 
210 
210 
208 
208 
208 
248 
268 
208 
230 
252 
322 
208 
208 
208 
206 
244 
226 
248 
208 
208 
222 
210 
210 
210 
208 
208 
238 
210 
248 
204 
210 
206 
44 
44 
42 
44 
260 
212 
244 
248 
248 
204 
208 
468 
208 
208 
206 
248 
208 
228 
250 
504 
224 
208 
208 
208 
208 
226 
208 
206 
248 
248 
210 
232 
202 
204 
248 
264 
208 
206 
248 
206 
242 
210 
214 
224 
240 
204 
244 
208 
210 
100 
110 
46 
44 
48 
46 
46 
46 
220 
228 
256 
728 
210 
204 
212 
240 
210 
248 
212 
232 
206 
210 
244 
250 
208 
210 
208 
228 
340 
230 
208 
212 
266 
248 
230 
208 
546 
206 
248 
262 
208 
210 
230 
206 
710 
212 
210 
236 
208 
238 
248 
244 
208 
44 
228 
48 
44 
46 
46 
44 
206 
208 
266 
246 
206 
204 
204 
208 
206 
676 
248 
212 
208 
202 
208 
210 
208 
846 
210 
212 
246 
206 
208 
206 
204 
208 
204 
206 
206 
210 
248 
204 
250 
224 
416 
208 
208 
248 
246 
244 
206 
244 
592 
204 
248 
216 
44 
48 
48 
44 
46 
44 
208 
226 
208 
208 
206 
232 
246 
226 
206 
206 
208 
204 
248 
242 
248 
210 
208 
248 
242 
226 
210 
208 
210 
608 
204 
210 
208 
246 
244 
208 
208 
204 
204 
246 
208 
206 
234 
230 
210 
208 
208 
204 
242 
214 
214 
250 
42 
46 
46 
46 
46 
48 
206 
248 
238 
208 
240 
262 
210 
208 
212 
232 
210 
208 
592 
204 
242 
234 
248 
206 
210 
208 
202 
204 
208 
206 
208 
308 
208 
204 
202 
206 
246 
250 
252 
204 
234 
248 
246 
522 
210 
246 
272 
208 
204 
208 
210 
6370 
206 
44 
46 
46 
44 
46 
46 
48 
46 
208 
206 
208 
234 
204 
244 
206 
208 
208 
208 
206 
208 
218 
206 
44 
300 
206 
210 
246 
208 
208 
210 
246 
678 
204 
240 
246 
210 
208 
208 
248 
204 
242 
206 
206 
210 
210 
208 
244 
210 
208 
208 
248 
218 
214 
250 
44 
44 
206 
206 
208 
246 
246 
210 
228 
210 
340 
214 
210 
208 
202 
210 
228 
248 
206 
246 
208 
208 
210 
244 
204 
248 
206 
248 
248 
210 
206 
208 
246 
208 
204 
350 
246 
208 
248 
206 
248 
208 
248 
500 
206 
246 
248 
248 
250 
228 
250 
506 
206 
248 
206 
230 
226 
226 
206 
230 
246 
246 
244 
248 
250 
250 
224 
244 
246 
208 
242 
248 
246 
206 
246 
208 
262 
246 
250 
248 
210 
246 
226 
250 
430 
246 
230 
246 
246 
206 
228 
244 
652 
208 
300 
238 
250 
230 
230 
248 
206 
206 
248 
248 
212 
320 
206 
246 
246 
248 
246 
246 
206 
208 
210 
230 
250 
396 
248 
282 
246 
262 
208 
228 
246 
644 
252 
246 
246 
226 
208 
230 
250 
248 
218 
210 
248 
248 
246 
246 
248 
246 
248 
246 
242 
206 
216 
246 
228 
206 
364 
248 
248 
230 
246 
246 
228 
208 
616 
226 
244 
248 
208 
248 
230 
226 
246 
204 
260 
244 
248 
244 
246 
248 
210 
250 
246 
248 
246 
246 
248 
230 
248 
296 
246 
250 
250 
244 
228 
228 
246 
504 
246 
210 
226 
248 
244 
254 
206 
246 
248 
244 
248 
248 
246 
246 
246 
246 
248 
248 
248 
250 
246 
244 
250 
246 
260 
248 
246 
244 
246 
246 
228 
248 
502 
248 
250 
248 
248 
248 
226 
248 
250 
250 
0 
0 
0 
250 
248 
234 
228 
250 
230 
250 
250 
250 
250 
250 
248 
230 
246 
252 
250 
250 
250 
234 
246 
432 
250 
248 
248 
250 
250 
228 
248 
664 
248 
252 
248 
248 
230 
230 
252 
252 
250 
248 
248 
252 
246 
250 
248 
250 
248 
212 
256 
250 
244 
252 
228 
252 
376 
250 
250 
250 
254 
246 
232 
250 
626 
250 
250 
250 
250 
248 
250 
252 
252 
248 
248 
250 
248 
250 
250 
250 
248 
250 
248 
248 
250 
254 
250 
228 
246 
372 
246 
252 
248 
250 
252 
232 
248 
598 
246 
250 
248 
250 
248 
