# FR-trace starting at Wed Dec 16 19:26:07 2020
################# CONFIG #################
# slot=10000
# samples=5000
# threshold=100
# idle=500
# minlen=500
# runs=60000
# pdathreads=3
# nmonitored=1
#   monitor0=/usr/local/lib/libcrypto.so 799838 0xc345e
# nevicted=0
# npdatargets=1
#   target0=/usr/local/lib/libcrypto.so 750148 0xb7244
# affinity=all
############## SYSTEM INFO ###############
# mastik_version=
# sysname=Linux
# nodename=5997f38f2dda
# release=5.4.0-56-generic
# version=#62-Ubuntu SMP Mon Nov 23 19:20:19 UTC 2020
# machine=x86_64
################## DATA ##################
# run=0
# datapoints=3121
56 
220 
216 
208 
192 
196 
192 
536 
192 
220 
268 
194 
194 
192 
550 
194 
192 
192 
228 
194 
220 
708 
208 
204 
224 
220 
222 
194 
192 
222 
222 
220 
58 
220 
218 
572 
58 
220 
222 
54 
222 
56 
602 
222 
54 
212 
220 
56 
208 
192 
220 
220 
198 
192 
192 
224 
584 
196 
192 
192 
218 
284 
190 
190 
190 
198 
236 
232 
218 
192 
192 
222 
222 
254 
210 
220 
190 
842 
204 
222 
194 
224 
218 
220 
640 
192 
222 
196 
194 
220 
234 
580 
192 
220 
220 
232 
218 
192 
194 
204 
220 
192 
210 
194 
580 
194 
208 
260 
208 
208 
224 
220 
192 
220 
218 
192 
222 
192 
190 
192 
192 
220 
196 
190 
218 
220 
646 
220 
58 
218 
220 
52 
218 
52 
220 
220 
56 
222 
60 
220 
698 
62 
218 
58 
220 
222 
56 
692 
152 
208 
194 
194 
194 
212 
220 
192 
242 
192 
218 
192 
192 
220 
194 
356 
202 
220 
192 
194 
192 
192 
218 
216 
194 
218 
224 
192 
220 
222 
192 
194 
228 
196 
222 
192 
220 
220 
220 
192 
234 
212 
192 
222 
222 
192 
222 
210 
220 
194 
192 
240 
218 
194 
222 
222 
198 
220 
196 
208 
208 
194 
208 
218 
218 
234 
220 
190 
220 
192 
222 
222 
218 
218 
192 
192 
192 
214 
218 
194 
220 
218 
194 
56 
222 
222 
60 
656 
52 
220 
224 
56 
220 
58 
222 
220 
56 
220 
56 
278 
220 
56 
220 
216 
222 
192 
222 
194 
218 
194 
222 
192 
194 
206 
204 
194 
192 
192 
212 
192 
204 
192 
190 
218 
222 
222 
192 
208 
218 
218 
228 
220 
240 
194 
222 
222 
196 
192 
220 
222 
196 
208 
196 
192 
222 
226 
220 
220 
222 
218 
218 
192 
210 
208 
190 
192 
218 
218 
192 
194 
208 
192 
206 
192 
192 
192 
192 
194 
192 
186 
192 
220 
190 
192 
218 
192 
218 
188 
586 
192 
220 
262 
220 
220 
208 
56 
220 
222 
54 
224 
54 
220 
218 
54 
222 
220 
54 
220 
54 
224 
220 
54 
202 
220 
222 
210 
192 
218 
190 
194 
224 
222 
210 
192 
214 
218 
236 
208 
210 
220 
222 
224 
192 
220 
202 
194 
222 
194 
222 
222 
222 
244 
228 
190 
220 
220 
192 
222 
226 
200 
222 
220 
196 
220 
192 
192 
196 
194 
220 
224 
222 
220 
220 
192 
222 
192 
194 
210 
192 
220 
222 
216 
192 
210 
208 
192 
192 
210 
192 
194 
224 
242 
218 
216 
220 
222 
224 
190 
190 
220 
218 
260 
192 
54 
222 
260 
222 
220 
56 
220 
220 
56 
222 
60 
222 
220 
54 
220 
54 
222 
220 
56 
220 
56 
220 
222 
220 
206 
220 
192 
218 
210 
190 
192 
196 
242 
190 
208 
204 
220 
220 
216 
222 
220 
222 
194 
190 
222 
192 
196 
218 
192 
222 
210 
192 
208 
216 
218 
194 
220 
218 
192 
220 
222 
210 
192 
192 
222 
220 
218 
222 
224 
190 
222 
192 
212 
190 
200 
190 
228 
218 
192 
210 
192 
196 
196 
206 
196 
222 
290 
192 
198 
218 
220 
202 
210 
210 
220 
192 
216 
194 
224 
194 
204 
54 
222 
220 
56 
220 
54 
210 
224 
54 
222 
120 
56 
220 
210 
54 
206 
222 
218 
220 
192 
208 
220 
192 
220 
192 
208 
196 
194 
192 
192 
220 
192 
192 
212 
194 
190 
344 
262 
226 
222 
274 
210 
218 
194 
238 
220 
220 
192 
206 
222 
212 
220 
192 
216 
224 
190 
190 
192 
192 
222 
222 
218 
210 
216 
192 
216 
192 
216 
222 
212 
224 
438 
224 
192 
192 
220 
194 
192 
194 
220 
194 
222 
220 
194 
194 
206 
210 
198 
340 
196 
210 
194 
192 
220 
218 
192 
60 
210 
60 
224 
218 
54 
222 
52 
210 
220 
60 
220 
56 
216 
192 
208 
222 
252 
192 
196 
194 
192 
192 
222 
192 
220 
220 
212 
220 
212 
224 
260 
224 
192 
192 
236 
208 
210 
192 
216 
0 
0 
202 
206 
190 
280 
192 
192 
190 
218 
206 
194 
190 
220 
190 
218 
214 
196 
188 
192 
220 
190 
218 
192 
212 
186 
188 
218 
192 
190 
232 
206 
192 
190 
218 
188 
220 
190 
208 
192 
366 
220 
190 
194 
190 
192 
190 
288 
216 
220 
208 
208 
190 
190 
338 
216 
220 
54 
218 
208 
52 
218 
54 
220 
218 
54 
208 
52 
200 
194 
56 
188 
190 
208 
218 
430 
216 
190 
218 
188 
212 
200 
238 
324 
188 
244 
214 
190 
206 
226 
218 
216 
206 
204 
188 
192 
204 
190 
190 
190 
208 
192 
208 
232 
220 
212 
190 
188 
190 
216 
256 
218 
218 
220 
190 
206 
194 
234 
214 
218 
190 
196 
196 
220 
322 
190 
198 
214 
190 
214 
216 
234 
220 
216 
186 
218 
188 
194 
286 
220 
218 
218 
216 
204 
218 
428 
218 
238 
218 
54 
208 
218 
50 
192 
54 
220 
188 
54 
212 
50 
214 
220 
50 
222 
208 
216 
394 
218 
218 
184 
220 
214 
190 
290 
190 
218 
218 
210 
192 
190 
330 
188 
216 
188 
208 
190 
220 
362 
220 
190 
200 
188 
190 
222 
458 
220 
190 
190 
218 
236 
216 
354 
190 
220 
214 
194 
186 
268 
520 
206 
190 
220 
218 
206 
216 
406 
216 
216 
190 
190 
188 
220 
392 
222 
188 
230 
190 
208 
220 
386 
190 
214 
236 
218 
188 
216 
562 
188 
192 
190 
188 
204 
50 
384 
56 
218 
218 
54 
208 
52 
472 
218 
54 
214 
50 
188 
208 
412 
248 
194 
206 
218 
212 
218 
438 
218 
190 
218 
206 
188 
220 
390 
218 
218 
190 
206 
220 
186 
410 
188 
218 
190 
218 
188 
214 
448 
220 
196 
218 
220 
228 
212 
420 
214 
196 
194 
216 
190 
224 
660 
202 
208 
212 
220 
218 
218 
572 
208 
206 
190 
212 
192 
216 
626 
196 
188 
220 
218 
218 
190 
536 
188 
218 
218 
218 
208 
218 
684 
216 
192 
218 
216 
190 
54 
524 
52 
218 
218 
52 
218 
54 
530 
54 
220 
216 
54 
220 
54 
514 
240 
54 
190 
54 
218 
190 
60 
198 
56 
188 
190 
188 
192 
710 
192 
216 
188 
220 
190 
220 
588 
216 
220 
190 
214 
190 
218 
604 
216 
190 
222 
216 
216 
216 
544 
216 
218 
186 
188 
216 
190 
582 
220 
200 
216 
216 
208 
202 
190 
220 
218 
214 
190 
218 
192 
614 
216 
206 
218 
190 
186 
188 
196 
212 
198 
212 
190 
216 
216 
580 
220 
218 
188 
190 
224 
188 
608 
190 
220 
218 
218 
216 
214 
652 
190 
192 
218 
220 
54 
216 
56 
218 
214 
52 
218 
52 
220 
614 
52 
220 
52 
234 
216 
192 
602 
218 
208 
218 
236 
218 
216 
638 
188 
190 
208 
190 
218 
190 
190 
190 
220 
220 
188 
190 
218 
188 
214 
206 
236 
220 
214 
242 
188 
214 
218 
218 
218 
206 
220 
186 
190 
674 
206 
194 
216 
200 
708 
220 
190 
218 
216 
220 
218 
714 
186 
222 
214 
218 
220 
216 
192 
190 
220 
186 
216 
190 
226 
220 
188 
220 
192 
214 
220 
190 
190 
206 
218 
190 
188 
214 
472 
218 
54 
216 
54 
216 
220 
54 
220 
52 
220 
220 
58 
214 
56 
188 
222 
234 
190 
218 
190 
218 
196 
230 
218 
218 
308 
216 
234 
200 
194 
238 
220 
216 
218 
194 
208 
188 
222 
190 
220 
218 
218 
220 
222 
218 
220 
190 
216 
190 
218 
244 
208 
190 
186 
192 
212 
190 
192 
216 
190 
200 
222 
218 
218 
190 
204 
218 
188 
190 
190 
220 
192 
208 
190 
214 
190 
232 
214 
188 
188 
220 
192 
218 
190 
220 
192 
194 
234 
218 
190 
216 
218 
230 
54 
220 
52 
220 
220 
54 
218 
52 
220 
222 
56 
218 
52 
194 
218 
228 
220 
186 
188 
218 
218 
190 
212 
218 
216 
218 
190 
202 
218 
188 
220 
218 
192 
222 
194 
186 
188 
220 
218 
206 
192 
190 
198 
190 
240 
186 
190 
228 
222 
268 
220 
188 
218 
190 
212 
218 
192 
216 
214 
218 
220 
230 
212 
188 
216 
188 
214 
190 
194 
216 
190 
202 
218 
0 
0 
0 
220 
214 
220 
220 
220 
194 
222 
222 
218 
222 
244 
220 
210 
208 
220 
192 
222 
210 
210 
192 
208 
56 
192 
222 
54 
220 
56 
220 
220 
54 
222 
58 
222 
220 
54 
218 
204 
58 
218 
54 
220 
220 
220 
192 
222 
222 
196 
224 
218 
220 
228 
220 
216 
192 
208 
192 
218 
224 
220 
224 
250 
220 
220 
218 
198 
192 
196 
194 
192 
192 
210 
244 
210 
284 
192 
192 
216 
220 
222 
220 
218 
220 
192 
220 
222 
192 
192 
218 
210 
196 
202 
222 
192 
220 
220 
220 
220 
220 
194 
208 
216 
192 
220 
192 
224 
220 
194 
192 
220 
220 
192 
196 
210 
220 
208 
216 
220 
192 
192 
196 
190 
192 
210 
58 
200 
54 
218 
222 
60 
220 
56 
218 
220 
54 
222 
56 
220 
220 
0 
224 
216 
56 
220 
220 
222 
210 
222 
220 
192 
194 
222 
190 
192 
218 
204 
240 
218 
198 
222 
214 
222 
192 
212 
222 
194 
232 
192 
192 
220 
192 
192 
210 
208 
188 
252 
210 
304 
218 
222 
192 
210 
220 
228 
236 
210 
194 
226 
206 
220 
220 
196 
198 
194 
190 
210 
218 
220 
212 
192 
220 
220 
208 
192 
188 
220 
218 
206 
224 
192 
192 
210 
218 
218 
220 
192 
210 
244 
212 
194 
222 
222 
208 
192 
192 
58 
212 
58 
236 
222 
54 
220 
58 
222 
218 
56 
192 
208 
216 
202 
192 
220 
192 
222 
208 
192 
200 
220 
192 
194 
230 
210 
222 
192 
220 
210 
222 
220 
210 
220 
252 
226 
218 
220 
222 
210 
224 
242 
192 
202 
220 
210 
242 
200 
196 
208 
196 
192 
196 
212 
220 
190 
190 
222 
220 
220 
192 
218 
256 
192 
220 
220 
222 
194 
192 
192 
192 
232 
218 
192 
210 
230 
248 
218 
194 
208 
190 
210 
222 
192 
222 
222 
192 
222 
192 
222 
192 
222 
52 
214 
224 
56 
218 
192 
54 
208 
58 
212 
208 
56 
192 
52 
204 
220 
194 
210 
222 
196 
220 
220 
224 
222 
196 
196 
368 
208 
214 
220 
222 
212 
222 
192 
220 
194 
220 
192 
210 
222 
220 
222 
220 
222 
188 
208 
222 
316 
192 
220 
194 
204 
218 
212 
256 
220 
242 
236 
190 
210 
632 
190 
204 
190 
226 
226 
210 
220 
222 
192 
218 
202 
220 
212 
220 
196 
222 
232 
192 
208 
208 
230 
192 
198 
210 
190 
192 
212 
208 
432 
224 
192 
192 
222 
208 
56 
332 
222 
54 
218 
222 
56 
220 
56 
220 
220 
54 
218 
210 
58 
314 
208 
222 
324 
208 
190 
192 
468 
220 
210 
192 
192 
212 
220 
214 
222 
216 
224 
222 
188 
220 
356 
220 
208 
198 
220 
192 
220 
346 
192 
192 
224 
218 
192 
192 
294 
218 
218 
224 
192 
194 
222 
278 
202 
192 
194 
224 
224 
210 
492 
194 
210 
210 
192 
214 
208 
470 
192 
220 
192 
192 
192 
220 
348 
220 
222 
240 
222 
192 
206 
334 
260 
220 
194 
218 
214 
216 
538 
198 
194 
54 
222 
210 
60 
344 
54 
220 
220 
58 
212 
54 
580 
218 
222 
220 
210 
210 
190 
650 
222 
192 
192 
196 
212 
192 
510 
226 
210 
222 
220 
208 
206 
384 
220 
192 
194 
220 
210 
222 
370 
192 
220 
218 
192 
192 
192 
574 
216 
192 
192 
194 
208 
192 
360 
216 
192 
222 
192 
192 
202 
446 
194 
226 
304 
222 
254 
190 
196 
194 
208 
204 
192 
218 
196 
378 
212 
192 
196 
192 
242 
192 
600 
222 
222 
220 
216 
218 
218 
530 
192 
220 
220 
56 
194 
56 
412 
220 
56 
222 
224 
58 
216 
54 
228 
220 
54 
220 
52 
220 
444 
58 
220 
56 
222 
202 
220 
498 
192 
220 
194 
220 
220 
220 
468 
212 
190 
210 
210 
210 
218 
472 
218 
190 
220 
222 
220 
218 
638 
194 
220 
222 
192 
224 
214 
556 
192 
190 
192 
192 
192 
202 
568 
218 
196 
192 
218 
218 
194 
516 
192 
218 
220 
222 
210 
220 
542 
228 
208 
218 
210 
192 
204 
698 
222 
198 
192 
192 
194 
192 
538 
222 
196 
212 
198 
216 
222 
844 
224 
222 
220 
192 
192 
216 
556 
56 
226 
224 
54 
220 
222 
52 
224 
56 
220 
220 
56 
222 
538 
218 
222 
198 
204 
214 
222 
658 
222 
220 
220 
196 
192 
220 
658 
218 
214 
198 
192 
238 
262 
188 
220 
238 
194 
220 
192 
224 
588 
192 
218 
210 
194 
192 
220 
702 
218 
192 
196 
194 
222 
218 
600 
220 
190 
220 
218 
218 
192 
634 
192 
192 
194 
196 
196 
198 
58 
222 
220 
56 
220 
58 
226 
652 
56 
222 
56 
220 
192 
54 
192 
212 
220 
198 
208 
196 
190 
194 
220 
192 
216 
192 
188 
192 
192 
192 
222 
190 
196 
192 
244 
190 
192 
192 
192 
192 
220 
220 
746 
228 
220 
220 
222 
220 
192 
744 
198 
190 
198 
212 
192 
202 
670 
192 
192 
222 
300 
220 
218 
192 
194 
224 
192 
208 
190 
208 
682 
198 
222 
194 
224 
218 
208 
198 
192 
192 
198 
220 
192 
190 
252 
206 
308 
192 
220 
220 
222 
192 
208 
192 
192 
220 
220 
222 
58 
218 
218 
54 
220 
56 
220 
220 
56 
220 
58 
220 
196 
218 
260 
192 
224 
210 
218 
196 
192 
196 
192 
194 
200 
218 
218 
220 
220 
194 
222 
222 
222 
190 
192 
194 
194 
222 
192 
218 
194 
220 
222 
220 
192 
214 
232 
194 
194 
192 
224 
192 
234 
222 
220 
192 
220 
206 
222 
192 
220 
196 
202 
220 
194 
224 
192 
218 
220 
196 
208 
192 
192 
222 
204 
198 
194 
194 
222 
220 
218 
192 
220 
218 
194 
234 
240 
218 
212 
236 
192 
200 
192 
56 
222 
56 
222 
220 
56 
220 
54 
220 
222 
54 
222 
54 
224 
194 
220 
218 
192 
222 
194 
218 
208 
224 
192 
224 
192 
212 
190 
188 
208 
192 
222 
194 
192 
222 
222 
244 
194 
218 
216 
218 
220 
218 
216 
222 
220 
236 
242 
220 
222 
190 
220 
208 
192 
220 
220 
220 
192 
220 
240 
192 
214 
220 
220 
192 
204 
222 
222 
222 
238 
224 
220 
198 
238 
220 
220 
220 
222 
216 
194 
194 
190 
192 
196 
194 
192 
220 
192 
192 
192 
230 
220 
192 
204 
54 
222 
220 
56 
218 
56 
222 
218 
52 
220 
220 
58 
220 
54 
220 
220 
56 
224 
190 
222 
192 
224 
210 
224 
218 
220 
190 
194 
220 
216 
220 
246 
196 
192 
190 
192 
196 
194 
242 
190 
208 
224 
274 
220 
222 
244 
210 
218 
220 
220 
192 
196 
220 
222 
192 
226 
190 
192 
226 
220 
192 
224 
220 
218 
222 
222 
190 
200 
208 
220 
218 
220 
218 
220 
222 
196 
190 
222 
220 
192 
194 
192 
224 
208 
222 
202 
192 
218 
190 
196 
192 
196 
196 
242 
222 
222 
222 
208 
220 
56 
218 
54 
222 
220 
54 
222 
54 
192 
220 
56 
220 
220 
54 
208 
192 
220 
192 
194 
224 
220 
228 
192 
218 
190 
192 
220 
240 
210 
192 
192 
192 
210 
226 
192 
252 
192 
208 
220 
208 
212 
192 
210 
194 
192 
272 
192 
276 
208 
262 
196 
218 
220 
220 
192 
192 
208 
206 
192 
220 
222 
194 
192 
192 
218 
226 
222 
194 
192 
220 
214 
222 
192 
222 
222 
222 
216 
210 
222 
198 
192 
220 
192 
212 
192 
224 
192 
220 
190 
220 
222 
214 
192 
192 
56 
194 
54 
236 
212 
58 
220 
220 
218 
218 
220 
208 
224 
224 
228 
220 
220 
212 
208 
220 
216 
222 
218 
222 
220 
210 
218 
222 
218 
224 
226 
218 
210 
218 
220 
218 
220 
216 
220 
210 
222 
220 
192 
220 
212 
222 
208 
210 
222 
208 
210 
192 
192 
232 
220 
224 
218 
224 
224 
220 
210 
220 
248 
214 
212 
226 
218 
228 
220 
308 
220 
210 
222 
216 
210 
210 
220 
210 
208 
190 
218 
210 
220 
222 
220 
224 
218 
198 
210 
220 
220 
220 
262 
220 
200 
214 
194 
220 
208 
222 
208 
210 
210 
194 
210 
196 
220 
220 
222 
194 
220 
308 
220 
240 
220 
224 
194 
196 
242 
222 
202 
208 
218 
192 
194 
218 
222 
224 
220 
220 
208 
224 
220 
220 
208 
192 
218 
212 
218 
222 
222 
218 
222 
222 
210 
210 
210 
222 
220 
192 
218 
208 
192 
264 
218 
210 
234 
218 
210 
220 
222 
222 
222 
220 
222 
188 
192 
194 
192 
224 
278 
220 
210 
208 
222 
220 
218 
190 
234 
212 
220 
220 
222 
218 
212 
222 
238 
208 
526 
192 
222 
212 
278 
212 
330 
206 
240 
196 
222 
218 
208 
202 
210 
192 
190 
192 
218 
242 
196 
222 
210 
222 
222 
210 
208 
224 
244 
222 
224 
192 
218 
208 
228 
316 
194 
208 
214 
222 
212 
222 
242 
222 
194 
208 
192 
214 
216 
252 
212 
210 
210 
210 
212 
220 
272 
210 
196 
218 
208 
192 
208 
508 
284 
208 
210 
208 
208 
222 
278 
216 
194 
222 
220 
214 
224 
286 
222 
216 
208 
192 
240 
212 
320 
226 
256 
222 
192 
208 
220 
264 
246 
206 
208 
220 
212 
220 
702 
192 
194 
192 
194 
214 
220 
290 
220 
220 
210 
226 
194 
220 
238 
220 
246 
214 
222 
194 
272 
340 
214 
214 
202 
218 
210 
222 
310 
220 
226 
198 
218 
210 
198 
316 
220 
216 
214 
220 
212 
210 
340 
220 
206 
194 
218 
212 
218 
520 
222 
194 
222 
222 
196 
220 
356 
222 
238 
222 
218 
244 
210 
478 
216 
214 
192 
212 
208 
220 
424 
192 
214 
202 
260 
212 
226 
404 
264 
220 
192 
224 
222 
216 
434 
220 
222 
218 
354 
222 
208 
642 
192 
220 
218 
220 
224 
220 
440 
216 
216 
222 
220 
206 
192 
598 
204 
194 
220 
192 
222 
274 
458 
218 
196 
304 
192 
224 
210 
606 
196 
192 
192 
368 
220 
198 
718 
238 
196 
220 
220 
220 
222 
514 
220 
222 
220 
208 
222 
220 
474 
232 
210 
192 
220 
194 
210 
456 
192 
220 
220 
220 
224 
220 
478 
220 
222 
194 
242 
220 
218 
466 
220 
220 
208 
222 
192 
220 
490 
210 
220 
220 
208 
210 
208 
512 
226 
222 
216 
222 
222 
216 
542 
218 
220 
220 
222 
220 
222 
506 
222 
218 
220 
224 
222 
218 
536 
220 
222 
222 
220 
220 
220 
564 
222 
220 
220 
224 
222 
224 
586 
218 
218 
220 
224 
220 
192 
580 
192 
220 
