# FR-trace starting at Wed Dec 16 17:21:24 2020
################# CONFIG #################
# slot=10000
# samples=5000
# threshold=100
# idle=500
# minlen=500
# runs=60000
# pdathreads=3
# nmonitored=1
#   monitor0=/usr/local/lib/libcrypto.so 799838 0xc345e
# nevicted=0
# npdatargets=1
#   target0=/usr/local/lib/libcrypto.so 750148 0xb7244
# affinity=all
############## SYSTEM INFO ###############
# mastik_version=
# sysname=Linux
# nodename=5997f38f2dda
# release=5.4.0-56-generic
# version=#62-Ubuntu SMP Mon Nov 23 19:20:19 UTC 2020
# machine=x86_64
################## DATA ##################
# run=0
# datapoints=3114
54 
224 
220 
196 
200 
206 
220 
460 
218 
194 
220 
206 
218 
192 
534 
208 
222 
192 
190 
192 
224 
388 
190 
220 
216 
198 
224 
192 
370 
220 
218 
222 
50 
192 
220 
396 
54 
212 
130 
50 
226 
52 
398 
222 
54 
244 
228 
52 
208 
472 
206 
192 
204 
188 
242 
192 
596 
194 
192 
194 
224 
218 
192 
454 
220 
192 
212 
192 
222 
194 
478 
218 
218 
220 
220 
224 
222 
730 
218 
192 
220 
220 
220 
220 
574 
192 
208 
222 
192 
192 
228 
482 
192 
218 
218 
218 
220 
206 
622 
222 
192 
192 
222 
194 
210 
704 
188 
210 
190 
212 
224 
188 
498 
218 
196 
224 
192 
188 
210 
608 
224 
194 
190 
222 
218 
190 
512 
218 
212 
218 
52 
222 
218 
54 
218 
50 
224 
224 
50 
224 
52 
192 
220 
52 
218 
52 
218 
496 
52 
218 
214 
52 
194 
194 
520 
220 
300 
242 
220 
200 
232 
592 
218 
224 
190 
194 
194 
208 
560 
206 
0 
0 
0 
216 
218 
620 
218 
212 
190 
214 
222 
218 
620 
216 
206 
188 
188 
224 
218 
188 
188 
248 
220 
196 
218 
214 
192 
192 
228 
190 
210 
220 
190 
676 
192 
234 
214 
206 
216 
242 
190 
214 
188 
212 
242 
218 
190 
654 
216 
208 
186 
230 
218 
218 
650 
220 
190 
220 
218 
216 
222 
728 
190 
192 
218 
50 
220 
216 
50 
220 
52 
216 
218 
50 
218 
48 
218 
216 
50 
218 
50 
210 
720 
50 
192 
192 
190 
194 
216 
674 
190 
218 
218 
200 
214 
220 
674 
188 
218 
194 
218 
204 
190 
190 
190 
190 
218 
216 
214 
218 
690 
192 
216 
188 
216 
220 
220 
692 
188 
234 
192 
220 
192 
198 
734 
194 
204 
210 
214 
190 
218 
188 
192 
220 
208 
204 
190 
188 
216 
186 
200 
214 
218 
188 
212 
228 
240 
186 
192 
194 
204 
188 
192 
198 
220 
194 
216 
222 
218 
210 
188 
216 
190 
48 
220 
214 
48 
216 
50 
218 
124 
222 
218 
52 
220 
48 
218 
208 
52 
218 
214 
218 
218 
188 
188 
222 
190 
184 
188 
194 
194 
218 
190 
188 
216 
214 
188 
190 
220 
218 
194 
192 
218 
206 
214 
196 
238 
208 
220 
216 
216 
220 
218 
216 
222 
206 
218 
218 
194 
184 
218 
216 
190 
186 
216 
192 
186 
200 
216 
194 
218 
214 
204 
188 
194 
238 
202 
218 
194 
1666 
188 
214 
238 
216 
202 
218 
216 
188 
192 
190 
188 
190 
216 
228 
216 
194 
218 
188 
218 
48 
220 
48 
218 
216 
50 
216 
52 
216 
218 
50 
218 
50 
218 
220 
50 
218 
50 
244 
220 
48 
216 
220 
218 
194 
196 
218 
192 
188 
190 
208 
206 
188 
208 
220 
214 
194 
218 
208 
218 
216 
186 
214 
222 
232 
216 
206 
188 
188 
216 
192 
218 
216 
204 
218 
218 
192 
190 
220 
216 
190 
218 
220 
188 
218 
192 
192 
190 
188 
218 
206 
218 
212 
218 
216 
212 
218 
192 
214 
192 
192 
226 
194 
192 
218 
216 
188 
208 
220 
222 
216 
190 
192 
190 
190 
190 
232 
218 
188 
214 
52 
216 
50 
218 
220 
50 
222 
50 
222 
222 
50 
222 
52 
186 
190 
192 
190 
192 
216 
220 
208 
190 
204 
192 
192 
220 
190 
216 
190 
216 
190 
188 
190 
192 
208 
194 
224 
206 
282 
220 
200 
220 
188 
216 
214 
220 
218 
208 
188 
190 
218 
220 
210 
188 
188 
218 
216 
192 
216 
216 
188 
190 
192 
188 
220 
218 
190 
216 
200 
220 
216 
210 
190 
188 
190 
216 
218 
192 
190 
252 
190 
234 
218 
214 
192 
206 
192 
212 
218 
192 
192 
192 
190 
50 
218 
224 
0 
0 
222 
52 
228 
218 
54 
220 
50 
220 
222 
54 
222 
94 
52 
192 
202 
194 
218 
218 
188 
194 
190 
218 
196 
194 
190 
208 
200 
218 
220 
192 
244 
218 
198 
210 
194 
208 
190 
224 
192 
208 
260 
190 
226 
218 
208 
188 
220 
218 
218 
192 
190 
192 
234 
218 
192 
236 
220 
190 
194 
224 
220 
206 
218 
222 
218 
190 
220 
214 
232 
194 
192 
194 
218 
208 
190 
222 
194 
194 
222 
208 
188 
220 
218 
192 
222 
200 
206 
210 
210 
210 
192 
210 
204 
210 
50 
220 
218 
52 
218 
220 
52 
218 
50 
220 
210 
54 
220 
52 
222 
218 
220 
206 
210 
192 
210 
192 
190 
220 
218 
222 
222 
210 
192 
194 
220 
218 
234 
210 
400 
220 
220 
218 
234 
190 
220 
196 
192 
194 
196 
194 
212 
242 
236 
218 
192 
206 
220 
224 
208 
194 
208 
192 
190 
192 
208 
194 
192 
222 
192 
208 
192 
206 
194 
212 
196 
196 
220 
218 
224 
222 
192 
224 
192 
194 
220 
204 
194 
192 
278 
508 
192 
244 
194 
218 
210 
210 
194 
218 
220 
52 
194 
306 
50 
222 
50 
218 
220 
52 
210 
220 
50 
220 
50 
192 
220 
206 
192 
296 
194 
216 
190 
206 
308 
192 
194 
196 
192 
222 
222 
192 
220 
190 
220 
220 
222 
194 
192 
218 
0 
0 
0 
190 
188 
200 
186 
256 
200 
216 
218 
190 
202 
192 
422 
190 
190 
194 
192 
206 
196 
392 
212 
188 
222 
218 
204 
220 
212 
188 
192 
190 
188 
192 
190 
214 
216 
236 
190 
192 
202 
214 
244 
218 
222 
218 
218 
188 
216 
240 
204 
218 
186 
194 
188 
220 
400 
212 
192 
192 
50 
206 
130 
48 
218 
50 
206 
190 
50 
206 
50 
218 
216 
48 
190 
190 
216 
364 
188 
216 
210 
216 
190 
220 
336 
198 
220 
190 
220 
230 
192 
332 
188 
204 
188 
220 
212 
240 
468 
198 
222 
186 
188 
206 
260 
322 
188 
230 
216 
218 
208 
220 
294 
192 
190 
192 
192 
188 
216 
324 
190 
190 
240 
190 
206 
218 
298 
190 
220 
214 
192 
206 
196 
302 
190 
220 
192 
220 
190 
188 
308 
220 
216 
216 
188 
192 
190 
336 
220 
240 
192 
218 
186 
50 
308 
218 
50 
218 
46 
204 
216 
46 
218 
48 
224 
220 
50 
216 
50 
214 
220 
48 
220 
50 
214 
50 
216 
1338 
50 
192 
192 
206 
424 
216 
188 
188 
216 
198 
190 
550 
218 
218 
234 
238 
192 
190 
522 
214 
222 
190 
220 
220 
216 
554 
240 
216 
202 
192 
192 
190 
706 
190 
192 
218 
218 
194 
216 
446 
214 
188 
220 
218 
188 
218 
686 
216 
188 
216 
216 
218 
216 
470 
192 
222 
206 
188 
206 
218 
466 
220 
190 
218 
192 
190 
190 
458 
216 
222 
218 
232 
218 
220 
578 
216 
218 
190 
216 
214 
48 
458 
50 
50 
216 
48 
218 
216 
50 
220 
52 
216 
216 
48 
190 
668 
196 
190 
216 
222 
192 
212 
544 
216 
214 
220 
278 
216 
206 
686 
218 
192 
194 
192 
190 
214 
514 
218 
216 
216 
220 
220 
186 
694 
222 
190 
194 
230 
192 
188 
720 
216 
206 
190 
194 
214 
190 
564 
208 
186 
218 
224 
218 
190 
562 
190 
190 
216 
188 
190 
216 
658 
218 
238 
220 
220 
232 
238 
574 
216 
210 
222 
218 
220 
220 
624 
186 
190 
216 
216 
192 
192 
192 
212 
48 
218 
50 
216 
218 
50 
220 
50 
214 
220 
50 
218 
50 
220 
192 
218 
212 
192 
206 
836 
192 
192 
212 
188 
230 
188 
622 
192 
190 
220 
186 
218 
190 
644 
326 
216 
196 
204 
220 
186 
686 
214 
220 
218 
188 
218 
220 
598 
190 
222 
220 
192 
186 
218 
642 
188 
216 
190 
192 
216 
194 
190 
190 
218 
188 
216 
222 
216 
190 
206 
204 
210 
192 
206 
188 
622 
192 
358 
218 
220 
186 
210 
190 
186 
220 
216 
206 
190 
192 
676 
214 
198 
50 
216 
218 
50 
704 
52 
220 
218 
50 
216 
50 
696 
220 
50 
220 
204 
216 
216 
314 
198 
190 
188 
226 
188 
214 
192 
190 
218 
220 
200 
188 
190 
194 
190 
196 
190 
192 
218 
218 
216 
188 
206 
218 
216 
216 
190 
188 
188 
206 
192 
218 
228 
216 
218 
190 
214 
216 
192 
216 
216 
218 
218 
222 
192 
218 
218 
210 
234 
186 
230 
238 
216 
192 
188 
218 
190 
192 
192 
204 
210 
186 
188 
190 
192 
206 
242 
196 
210 
192 
222 
188 
218 
50 
220 
230 
218 
218 
50 
202 
48 
220 
218 
50 
218 
50 
218 
216 
54 
218 
48 
190 
192 
218 
216 
190 
238 
216 
192 
220 
190 
218 
222 
186 
188 
228 
216 
190 
214 
190 
204 
190 
186 
214 
190 
196 
192 
200 
192 
220 
220 
214 
192 
218 
218 
192 
190 
218 
218 
232 
222 
206 
188 
192 
218 
192 
216 
190 
190 
216 
230 
190 
188 
218 
218 
236 
190 
190 
222 
214 
220 
208 
210 
192 
220 
202 
190 
220 
194 
190 
216 
216 
192 
192 
190 
208 
190 
192 
218 
188 
50 
220 
50 
220 
218 
54 
218 
46 
216 
244 
52 
188 
50 
216 
218 
48 
218 
0 
218 
220 
192 
216 
192 
190 
192 
190 
218 
188 
192 
186 
188 
190 
190 
254 
190 
194 
222 
190 
222 
192 
222 
188 
220 
222 
190 
208 
192 
224 
192 
214 
216 
262 
206 
240 
220 
190 
220 
188 
186 
220 
188 
192 
220 
192 
190 
216 
218 
216 
190 
220 
190 
216 
192 
214 
216 
240 
190 
216 
190 
216 
214 
220 
244 
220 
218 
188 
190 
192 
190 
206 
196 
214 
216 
220 
208 
214 
204 
190 
50 
204 
218 
48 
212 
52 
218 
218 
48 
220 
50 
218 
220 
218 
218 
188 
208 
206 
220 
220 
192 
210 
220 
214 
220 
214 
216 
216 
218 
216 
202 
216 
194 
214 
188 
214 
192 
48 
206 
188 
220 
218 
192 
190 
190 
192 
216 
212 
238 
192 
236 
190 
222 
188 
224 
190 
188 
192 
220 
190 
196 
216 
192 
218 
216 
216 
192 
208 
220 
216 
196 
188 
188 
216 
226 
194 
220 
218 
214 
220 
192 
216 
192 
216 
192 
220 
218 
198 
196 
218 
186 
52 
218 
216 
48 
218 
48 
220 
188 
46 
206 
206 
52 
188 
52 
216 
218 
184 
190 
216 
216 
192 
216 
222 
202 
208 
188 
250 
216 
204 
218 
188 
188 
188 
188 
192 
218 
220 
218 
190 
216 
216 
188 
208 
192 
214 
208 
216 
188 
218 
220 
208 
192 
210 
218 
186 
222 
218 
216 
220 
190 
216 
192 
188 
190 
214 
216 
206 
276 
218 
218 
190 
222 
190 
206 
188 
188 
216 
192 
220 
216 
210 
216 
190 
208 
192 
188 
210 
50 
218 
218 
52 
222 
50 
218 
206 
50 
228 
50 
220 
218 
48 
208 
220 
200 
214 
220 
216 
194 
192 
210 
320 
206 
190 
196 
192 
188 
220 
216 
220 
214 
190 
232 
210 
242 
264 
186 
190 
188 
188 
206 
216 
194 
218 
190 
216 
216 
190 
190 
192 
190 
210 
218 
198 
210 
222 
192 
218 
208 
218 
216 
190 
186 
274 
190 
220 
190 
192 
214 
218 
224 
216 
190 
196 
190 
272 
188 
190 
222 
190 
218 
220 
204 
222 
192 
210 
220 
218 
216 
212 
188 
50 
216 
218 
50 
218 
48 
220 
216 
50 
216 
48 
198 
192 
192 
190 
190 
224 
220 
216 
204 
962 
430 
216 
218 
190 
218 
208 
220 
196 
218 
188 
218 
188 
188 
218 
196 
192 
202 
190 
212 
244 
210 
446 
190 
204 
216 
220 
194 
192 
212 
216 
206 
188 
220 
206 
216 
380 
212 
222 
190 
218 
206 
188 
468 
190 
218 
188 
192 
208 
220 
252 
190 
220 
208 
186 
190 
220 
460 
190 
218 
214 
200 
192 
214 
446 
192 
206 
222 
206 
392 
218 
52 
212 
218 
46 
218 
50 
220 
234 
50 
220 
50 
216 
206 
48 
224 
48 
218 
218 
48 
206 
50 
254 
192 
220 
198 
218 
206 
218 
384 
192 
218 
208 
216 
208 
214 
436 
212 
218 
240 
190 
224 
222 
294 
220 
222 
192 
206 
190 
192 
310 
190 
194 
192 
216 
190 
218 
308 
186 
218 
218 
216 
206 
188 
514 
190 
218 
218 
188 
190 
192 
354 
216 
216 
192 
216 
188 
188 
510 
206 
216 
188 
192 
186 
220 
360 
186 
216 
188 
218 
190 
236 
440 
190 
218 
214 
190 
192 
190 
522 
206 
210 
48 
218 
50 
196 
358 
50 
214 
50 
216 
206 
50 
426 
192 
188 
216 
216 
210 
216 
420 
212 
210 
224 
186 
206 
222 
414 
190 
218 
186 
214 
208 
218 
414 
194 
220 
238 
50 
208 
216 
542 
218 
202 
188 
214 
192 
200 
496 
188 
194 
208 
190 
206 
190 
436 
214 
218 
194 
192 
220 
192 
436 
218 
218 
216 
216 
212 
214 
426 
218 
208 
188 
216 
218 
190 
458 
190 
186 
220 
208 
194 
224 
448 
216 
190 
188 
218 
202 
190 
452 
52 
216 
50 
214 
218 
50 
632 
52 
216 
220 
50 
188 
50 
188 
208 
220 
194 
188 
218 
190 
616 
218 
192 
242 
216 
222 
192 
524 
220 
216 
186 
238 
200 
214 
672 
214 
204 
230 
192 
190 
220 
704 
186 
192 
202 
190 
190 
218 
554 
188 
218 
212 
188 
204 
220 
592 
220 
190 
208 
206 
192 
194 
186 
202 
202 
244 
220 
218 
228 
596 
216 
188 
184 
218 
208 
218 
612 
218 
218 
218 
190 
218 
190 
620 
218 
188 
192 
188 
192 
222 
690 
192 
192 
50 
214 
48 
216 
562 
50 
220 
50 
218 
214 
50 
590 
52 
190 
206 
200 
212 
208 
738 
208 
210 
190 
192 
214 
322 
598 
192 
190 
218 
192 
218 
188 
686 
188 
248 
216 
192 
218 
218 
582 
190 
216 
194 
216 
192 
218 
622 
192 
188 
188 
216 
216 
206 
804 
188 
218 
216 
220 
240 
192 
192 
218 
190 
222 
230 
218 
192 
186 
188 
190 
228 
188 
190 
206 
190 
190 
220 
356 
188 
218 
216 
694 
214 
192 
218 
220 
190 
218 
190 
188 
228 
218 
218 
50 
218 
218 
50 
216 
48 
214 
216 
50 
712 
50 
216 
50 
242 
192 
192 
220 
192 
220 
208 
216 
190 
218 
192 
220 
190 
220 
208 
222 
190 
188 
192 
190 
190 
208 
286 
190 
192 
188 
204 
190 
222 
192 
188 
198 
190 
194 
218 
192 
192 
216 
218 
216 
186 
218 
188 
192 
216 
220 
218 
232 
202 
218 
194 
202 
214 
190 
206 
220 
206 
218 
204 
214 
628 
216 
190 
218 
188 
210 
208 
192 
206 
190 
190 
224 
198 
192 
220 
218 
192 
216 
218 
46 
214 
222 
52 
218 
50 
218 
216 
50 
224 
50 
222 
218 
48 
218 
50 
188 
224 
194 
218 
188 
218 
192 
192 
206 
190 
220 
206 
216 
188 
220 
216 
218 
216 
220 
188 
192 
192 
204 
218 
208 
190 
204 
192 
190 
208 
188 
216 
218 
214 
220 
216 
206 
218 
218 
230 
194 
208 
214 
188 
190 
192 
208 
216 
220 
222 
216 
194 
216 
188 
224 
216 
218 
188 
192 
220 
218 
188 
218 
256 
190 
190 
218 
228 
190 
218 
208 
216 
208 
204 
200 
190 
192 
206 
216 
50 
266 
220 
52 
216 
50 
218 
216 
46 
216 
48 
218 
208 
52 
218 
184 
218 
190 
192 
228 
190 
200 
214 
218 
216 
216 
218 
216 
216 
188 
216 
190 
220 
218 
238 
222 
188 
216 
194 
222 
216 
220 
218 
192 
222 
206 
190 
206 
208 
188 
208 
194 
190 
198 
218 
216 
190 
190 
226 
190 
204 
218 
190 
216 
222 
218 
214 
198 
216 
188 
214 
216 
222 
212 
220 
216 
184 
190 
218 
220 
218 
220 
218 
218 
220 
218 
192 
190 
188 
222 
224 
216 
190 
50 
216 
220 
50 
190 
50 
208 
208 
222 
52 
230 
216 
214 
218 
218 
216 
220 
218 
218 
218 
218 
206 
216 
206 
216 
216 
218 
218 
218 
220 
218 
216 
218 
220 
218 
218 
214 
220 
222 
220 
214 
220 
218 
220 
220 
206 
220 
192 
218 
220 
218 
220 
218 
188 
220 
202 
218 
238 
204 
206 
226 
218 
210 
218 
216 
192 
218 
206 
216 
218 
222 
226 
192 
300 
224 
218 
206 
216 
318 
196 
192 
188 
204 
216 
214 
208 
214 
216 
218 
218 
220 
224 
210 
214 
220 
220 
218 
206 
216 
208 
214 
218 
220 
220 
190 
220 
206 
208 
204 
192 
190 
206 
222 
204 
218 
218 
276 
210 
218 
192 
206 
218 
206 
192 
220 
192 
220 
206 
220 
220 
220 
218 
220 
218 
206 
216 
216 
222 
216 
220 
216 
206 
218 
220 
216 
216 
216 
234 
206 
194 
220 
216 
216 
218 
218 
204 
222 
214 
208 
210 
270 
334 
210 
214 
220 
214 
220 
220 
216 
210 
216 
192 
214 
226 
218 
192 
188 
216 
190 
218 
220 
188 
220 
206 
264 
192 
212 
206 
190 
212 
206 
220 
240 
218 
188 
216 
252 
188 
216 
302 
218 
208 
290 
186 
188 
216 
238 
194 
208 
190 
188 
188 
212 
432 
210 
218 
218 
208 
204 
210 
220 
216 
218 
222 
220 
412 
206 
208 
218 
210 
194 
216 
208 
218 
278 
192 
220 
188 
206 
206 
216 
432 
206 
218 
220 
294 
190 
220 
190 
210 
204 
188 
220 
210 
208 
696 
214 
236 
218 
248 
190 
208 
188 
192 
216 
244 
266 
208 
214 
216 
220 
210 
218 
190 
206 
218 
308 
208 
214 
210 
216 
266 
216 
218 
218 
220 
238 
216 
206 
216 
190 
210 
208 
220 
220 
210 
220 
284 
210 
192 
220 
210 
216 
186 
192 
216 
220 
190 
218 
208 
188 
196 
206 
186 
266 
240 
198 
282 
202 
220 
220 
218 
216 
188 
256 
224 
212 
208 
218 
204 
204 
192 
198 
218 
186 
220 
218 
190 
236 
214 
220 
218 
220 
214 
190 
208 
344 
258 
200 
220 
220 
210 
192 
450 
220 
208 
218 
204 
212 
212 
640 
222 
208 
208 
206 
190 
190 
200 
196 
204 
216 
218 
190 
220 
200 
216 
220 
222 
218 
206 
220 
226 
218 
218 
210 
188 
192 
208 
258 
216 
220 
190 
214 
208 
216 
260 
204 
218 
190 
210 
200 
216 
326 
214 
206 
206 
218 
206 
210 
286 
200 
204 
208 
262 
192 
194 
294 
188 
220 
212 
218 
210 
216 
330 
222 
216 
218 
216 
206 
252 
324 
208 
214 
216 
220 
212 
224 
324 
218 
220 
218 
220 
206 
220 
358 
222 
216 
216 
220 
210 
218 
354 
222 
218 
214 
188 
208 
208 
376 
218 
214 
216 
218 
206 
206 
352 
190 
326 
192 
218 
208 
210 
390 
220 
218 
216 
214 
202 
218 
360 
218 
206 
220 
208 
212 
224 
364 
218 
214 
214 
218 
206 
214 
378 
218 
216 
218 
214 
206 
218 
364 
218 
220 
220 
220 
190 
218 
370 
216 
208 
