# FR-trace starting at Wed Dec 16 19:26:10 2020
################# CONFIG #################
# slot=10000
# samples=5000
# threshold=100
# idle=500
# minlen=500
# runs=60000
# pdathreads=3
# nmonitored=1
#   monitor0=/usr/local/lib/libcrypto.so 799838 0xc345e
# nevicted=0
# npdatargets=1
#   target0=/usr/local/lib/libcrypto.so 750148 0xb7244
# affinity=all
############## SYSTEM INFO ###############
# mastik_version=
# sysname=Linux
# nodename=5997f38f2dda
# release=5.4.0-56-generic
# version=#62-Ubuntu SMP Mon Nov 23 19:20:19 UTC 2020
# machine=x86_64
################## DATA ##################
# run=0
# datapoints=3157
52 
210 
218 
208 
188 
190 
190 
190 
198 
190 
202 
248 
188 
202 
218 
214 
214 
190 
188 
616 
216 
188 
218 
236 
206 
222 
188 
222 
220 
218 
218 
52 
300 
194 
218 
52 
214 
56 
208 
208 
54 
208 
54 
214 
220 
54 
216 
390 
206 
204 
218 
208 
210 
218 
548 
210 
232 
190 
190 
202 
250 
214 
218 
334 
236 
190 
186 
216 
220 
218 
258 
190 
220 
206 
190 
506 
212 
190 
210 
188 
206 
188 
292 
188 
216 
208 
218 
190 
190 
434 
190 
204 
218 
238 
210 
190 
424 
216 
192 
190 
220 
206 
190 
364 
218 
218 
214 
204 
212 
204 
294 
190 
192 
192 
242 
204 
208 
414 
208 
216 
188 
202 
192 
208 
58 
218 
54 
218 
218 
0 
0 
0 
220 
56 
222 
54 
212 
220 
54 
224 
52 
190 
222 
54 
220 
58 
220 
220 
52 
220 
206 
218 
456 
192 
196 
218 
218 
208 
210 
326 
222 
208 
192 
192 
192 
196 
466 
210 
220 
192 
194 
212 
218 
316 
194 
224 
192 
224 
212 
220 
328 
194 
214 
192 
204 
208 
196 
546 
192 
222 
224 
210 
212 
222 
384 
200 
220 
222 
216 
212 
192 
444 
216 
220 
192 
192 
220 
216 
532 
214 
210 
220 
226 
208 
208 
442 
208 
212 
192 
210 
192 
194 
416 
218 
190 
192 
200 
220 
224 
428 
54 
220 
56 
224 
228 
56 
406 
54 
220 
222 
54 
220 
98 
446 
218 
54 
218 
220 
52 
220 
616 
220 
194 
222 
222 
220 
194 
448 
222 
222 
192 
220 
198 
194 
486 
190 
250 
214 
218 
190 
220 
510 
192 
192 
194 
192 
192 
220 
498 
214 
218 
222 
220 
220 
234 
710 
222 
192 
220 
220 
192 
192 
508 
218 
192 
204 
222 
210 
214 
596 
192 
194 
196 
220 
210 
192 
496 
228 
220 
192 
192 
224 
194 
490 
210 
192 
192 
192 
192 
192 
622 
192 
294 
218 
222 
192 
230 
894 
218 
196 
236 
54 
226 
58 
516 
222 
58 
222 
54 
220 
220 
54 
220 
132 
222 
220 
54 
196 
652 
210 
220 
196 
222 
194 
190 
834 
218 
220 
220 
220 
216 
192 
624 
220 
192 
216 
212 
190 
192 
654 
216 
240 
210 
192 
204 
200 
672 
218 
196 
218 
192 
196 
222 
656 
218 
220 
220 
202 
194 
224 
618 
196 
224 
220 
192 
220 
214 
620 
218 
220 
220 
192 
192 
244 
612 
222 
220 
210 
220 
242 
190 
194 
222 
222 
194 
208 
208 
214 
670 
190 
238 
220 
216 
192 
220 
192 
222 
220 
58 
222 
222 
56 
636 
54 
224 
218 
54 
218 
220 
54 
220 
130 
222 
222 
54 
220 
648 
58 
218 
56 
192 
208 
220 
722 
192 
220 
192 
222 
222 
218 
194 
222 
224 
218 
220 
192 
212 
192 
224 
194 
188 
196 
208 
258 
274 
220 
220 
192 
218 
192 
218 
190 
222 
218 
228 
194 
218 
232 
714 
192 
656 
192 
212 
220 
216 
192 
194 
196 
222 
192 
196 
220 
220 
194 
220 
194 
194 
194 
222 
220 
196 
220 
224 
192 
198 
222 
210 
220 
210 
222 
212 
238 
190 
224 
194 
218 
192 
210 
282 
228 
226 
222 
218 
220 
220 
192 
222 
54 
224 
222 
58 
220 
56 
222 
220 
54 
222 
196 
54 
220 
54 
222 
196 
192 
192 
192 
192 
196 
194 
220 
220 
192 
192 
222 
220 
192 
192 
224 
212 
202 
212 
192 
192 
198 
226 
212 
192 
220 
224 
218 
222 
192 
210 
214 
222 
192 
198 
192 
192 
220 
198 
222 
220 
192 
194 
224 
222 
220 
192 
222 
192 
222 
234 
222 
194 
222 
192 
192 
220 
220 
194 
194 
192 
192 
222 
224 
630 
774 
210 
212 
192 
192 
192 
192 
192 
226 
212 
218 
220 
216 
206 
192 
222 
54 
220 
238 
56 
218 
56 
222 
220 
56 
220 
220 
54 
222 
54 
194 
218 
220 
192 
224 
218 
192 
228 
228 
192 
242 
208 
196 
222 
220 
208 
222 
224 
220 
220 
192 
222 
192 
192 
198 
222 
192 
210 
210 
210 
192 
220 
192 
220 
222 
192 
214 
218 
224 
218 
192 
220 
192 
220 
222 
230 
192 
220 
192 
194 
194 
192 
224 
188 
220 
222 
220 
240 
192 
220 
192 
224 
192 
190 
222 
224 
192 
190 
192 
192 
210 
220 
218 
222 
218 
244 
192 
192 
242 
214 
240 
56 
216 
222 
56 
222 
54 
220 
218 
56 
222 
220 
56 
220 
56 
200 
222 
220 
192 
220 
216 
222 
200 
194 
216 
192 
218 
192 
192 
216 
222 
192 
188 
222 
222 
220 
232 
208 
220 
242 
216 
222 
222 
236 
220 
210 
222 
192 
220 
210 
192 
214 
234 
194 
192 
192 
220 
190 
220 
192 
194 
194 
220 
222 
224 
214 
192 
226 
220 
194 
222 
192 
222 
220 
242 
222 
222 
204 
222 
190 
214 
192 
210 
192 
222 
216 
218 
220 
222 
192 
220 
192 
208 
192 
222 
212 
54 
224 
56 
208 
190 
58 
208 
56 
198 
216 
56 
218 
218 
58 
192 
194 
224 
220 
220 
220 
194 
216 
218 
194 
192 
222 
222 
220 
210 
198 
216 
236 
192 
218 
218 
210 
220 
192 
86 
54 
222 
224 
208 
192 
196 
224 
224 
220 
218 
194 
194 
218 
220 
198 
210 
194 
190 
192 
190 
222 
194 
218 
242 
208 
220 
192 
218 
220 
222 
194 
208 
218 
194 
226 
194 
220 
210 
190 
190 
192 
224 
222 
218 
218 
210 
220 
208 
192 
190 
196 
192 
212 
198 
208 
196 
56 
224 
56 
208 
220 
56 
222 
222 
58 
208 
56 
192 
208 
56 
192 
220 
210 
256 
220 
268 
192 
194 
220 
218 
192 
216 
192 
202 
192 
212 
222 
212 
226 
190 
220 
220 
192 
210 
188 
56 
220 
210 
192 
218 
192 
212 
222 
196 
218 
188 
218 
222 
212 
192 
192 
220 
220 
190 
220 
210 
210 
192 
192 
210 
192 
212 
374 
206 
196 
240 
192 
220 
218 
192 
192 
194 
218 
194 
192 
220 
208 
218 
288 
220 
234 
192 
236 
186 
222 
334 
220 
220 
218 
218 
208 
56 
224 
56 
220 
220 
56 
210 
52 
220 
222 
56 
220 
222 
58 
220 
54 
220 
216 
54 
192 
54 
210 
216 
60 
214 
56 
196 
212 
192 
328 
194 
222 
196 
202 
210 
222 
190 
218 
222 
188 
210 
210 
220 
192 
220 
220 
192 
220 
192 
222 
398 
192 
258 
224 
212 
208 
192 
200 
192 
220 
222 
220 
210 
220 
364 
220 
220 
222 
192 
190 
192 
328 
240 
218 
192 
252 
190 
194 
678 
220 
224 
246 
192 
194 
220 
456 
220 
200 
192 
192 
194 
192 
244 
208 
220 
192 
222 
192 
220 
336 
208 
222 
190 
210 
192 
212 
236 
56 
222 
220 
56 
210 
56 
234 
220 
54 
220 
58 
196 
220 
56 
214 
214 
212 
194 
200 
288 
426 
222 
224 
192 
220 
208 
220 
314 
192 
220 
222 
194 
208 
222 
274 
192 
220 
196 
192 
190 
224 
508 
194 
222 
198 
240 
216 
190 
278 
202 
190 
196 
190 
192 
192 
502 
188 
196 
208 
236 
192 
216 
640 
210 
220 
192 
192 
192 
192 
468 
200 
248 
220 
198 
192 
220 
344 
224 
222 
192 
192 
192 
218 
566 
192 
222 
198 
192 
218 
224 
370 
220 
210 
222 
220 
208 
52 
390 
54 
192 
220 
56 
208 
184 
390 
218 
54 
220 
218 
56 
222 
392 
218 
210 
194 
194 
206 
194 
510 
192 
194 
192 
192 
192 
224 
688 
222 
192 
202 
224 
208 
192 
414 
224 
222 
226 
218 
216 
194 
444 
222 
212 
222 
194 
212 
192 
432 
192 
222 
214 
224 
214 
222 
570 
192 
220 
194 
218 
204 
232 
654 
236 
192 
220 
192 
218 
192 
0 
0 
0 
192 
218 
190 
190 
598 
190 
220 
236 
216 
242 
220 
672 
218 
220 
218 
216 
240 
216 
482 
202 
218 
218 
214 
56 
214 
454 
54 
216 
52 
248 
222 
56 
478 
52 
220 
222 
52 
188 
220 
488 
218 
190 
216 
190 
218 
218 
518 
190 
192 
190 
206 
190 
202 
626 
216 
188 
190 
202 
220 
190 
714 
218 
216 
218 
190 
218 
220 
682 
214 
190 
216 
188 
190 
216 
634 
220 
220 
226 
214 
238 
188 
196 
216 
190 
216 
190 
218 
214 
564 
216 
216 
186 
192 
220 
222 
586 
216 
216 
190 
356 
222 
208 
190 
218 
220 
190 
188 
190 
188 
608 
216 
190 
200 
192 
216 
216 
588 
218 
52 
220 
52 
216 
218 
52 
218 
50 
216 
248 
52 
218 
54 
218 
220 
52 
190 
194 
216 
612 
218 
192 
220 
194 
188 
232 
720 
190 
186 
218 
218 
190 
188 
600 
192 
190 
190 
220 
206 
204 
600 
190 
216 
204 
188 
206 
194 
190 
218 
218 
208 
190 
220 
192 
640 
218 
190 
218 
218 
220 
216 
668 
218 
218 
192 
238 
196 
206 
738 
200 
192 
218 
214 
222 
190 
746 
190 
190 
190 
214 
222 
230 
0 
0 
222 
208 
208 
192 
204 
192 
212 
246 
224 
220 
222 
220 
222 
0 
58 
218 
56 
222 
218 
56 
220 
218 
58 
218 
56 
222 
712 
58 
222 
56 
218 
220 
58 
196 
240 
218 
192 
218 
224 
220 
222 
192 
222 
220 
222 
192 
220 
220 
210 
220 
210 
220 
210 
238 
194 
230 
294 
196 
216 
218 
192 
192 
198 
224 
220 
192 
220 
222 
192 
194 
222 
224 
192 
192 
192 
222 
192 
192 
198 
188 
238 
240 
188 
194 
224 
192 
192 
192 
220 
220 
220 
210 
222 
204 
192 
220 
220 
192 
222 
194 
204 
208 
222 
190 
196 
198 
220 
196 
190 
222 
220 
194 
188 
220 
56 
224 
222 
56 
218 
54 
222 
220 
54 
222 
54 
192 
222 
220 
192 
220 
202 
202 
192 
220 
194 
208 
226 
190 
224 
192 
192 
190 
220 
220 
192 
226 
190 
222 
216 
218 
208 
196 
218 
192 
188 
192 
194 
194 
216 
220 
232 
208 
222 
192 
222 
200 
224 
192 
190 
220 
194 
192 
212 
218 
210 
190 
224 
222 
220 
192 
192 
220 
198 
220 
192 
194 
192 
194 
222 
214 
192 
220 
220 
208 
222 
226 
194 
190 
192 
218 
192 
220 
220 
192 
222 
198 
212 
56 
222 
54 
210 
192 
56 
214 
218 
54 
220 
56 
218 
222 
54 
214 
220 
220 
192 
192 
192 
218 
220 
192 
224 
240 
190 
218 
222 
190 
220 
220 
192 
192 
224 
236 
192 
222 
222 
58 
218 
192 
220 
218 
192 
222 
194 
208 
192 
198 
192 
210 
208 
196 
218 
196 
202 
192 
190 
212 
218 
198 
222 
218 
220 
222 
220 
192 
222 
218 
220 
192 
224 
192 
192 
192 
192 
224 
192 
224 
220 
212 
226 
196 
222 
210 
222 
224 
222 
192 
192 
220 
224 
220 
220 
192 
54 
222 
56 
222 
192 
56 
190 
54 
196 
220 
56 
196 
54 
198 
192 
228 
192 
188 
190 
224 
222 
220 
190 
194 
224 
192 
220 
222 
208 
220 
220 
192 
192 
224 
224 
192 
192 
210 
216 
194 
220 
192 
216 
220 
192 
220 
220 
220 
192 
212 
224 
192 
220 
216 
230 
228 
196 
240 
190 
214 
220 
212 
192 
226 
210 
220 
212 
220 
194 
222 
224 
220 
222 
192 
200 
220 
222 
192 
192 
220 
208 
198 
220 
192 
194 
224 
194 
208 
190 
192 
220 
214 
220 
190 
52 
220 
220 
58 
222 
56 
220 
208 
58 
212 
54 
188 
210 
194 
208 
196 
192 
220 
218 
222 
200 
210 
222 
218 
198 
192 
192 
220 
208 
218 
192 
194 
222 
216 
206 
212 
194 
218 
186 
192 
218 
216 
194 
220 
192 
220 
196 
194 
228 
192 
198 
192 
222 
194 
226 
220 
208 
220 
192 
194 
214 
220 
224 
194 
196 
266 
192 
240 
192 
230 
200 
196 
192 
202 
220 
192 
220 
192 
222 
192 
218 
192 
190 
220 
210 
192 
266 
226 
220 
236 
194 
58 
222 
222 
58 
224 
56 
654 
208 
54 
222 
54 
220 
220 
54 
208 
54 
192 
224 
52 
218 
54 
208 
212 
194 
210 
220 
194 
192 
194 
198 
212 
194 
198 
192 
222 
208 
218 
190 
218 
218 
222 
220 
194 
192 
326 
220 
220 
222 
220 
208 
224 
192 
222 
192 
220 
222 
226 
218 
230 
192 
222 
190 
194 
198 
220 
302 
190 
222 
222 
220 
192 
224 
298 
192 
190 
192 
220 
212 
208 
294 
218 
192 
192 
222 
206 
220 
188 
222 
220 
220 
192 
208 
230 
252 
192 
192 
220 
218 
194 
220 
324 
192 
220 
54 
224 
56 
222 
222 
56 
220 
198 
54 
240 
54 
200 
194 
220 
222 
220 
210 
222 
362 
192 
240 
192 
212 
222 
226 
198 
192 
210 
192 
214 
214 
196 
230 
194 
194 
208 
220 
212 
222 
406 
222 
218 
190 
220 
222 
224 
210 
218 
224 
192 
218 
192 
222 
260 
192 
192 
218 
196 
210 
192 
408 
212 
220 
220 
208 
210 
192 
466 
192 
218 
218 
222 
192 
196 
240 
222 
244 
190 
246 
212 
198 
264 
190 
210 
224 
194 
210 
226 
256 
222 
220 
222 
192 
216 
216 
280 
56 
222 
220 
56 
208 
52 
222 
0 
0 
0 
214 
54 
218 
292 
52 
238 
220 
188 
228 
216 
314 
190 
218 
192 
222 
208 
190 
506 
216 
208 
188 
192 
194 
190 
400 
188 
212 
188 
208 
190 
218 
480 
220 
218 
216 
216 
190 
218 
344 
186 
206 
190 
192 
206 
220 
394 
218 
216 
190 
190 
222 
190 
500 
236 
216 
212 
216 
208 
190 
398 
222 
192 
216 
208 
188 
218 
436 
220 
190 
208 
212 
208 
218 
486 
206 
234 
300 
278 
192 
190 
390 
216 
198 
54 
216 
56 
220 
354 
52 
216 
56 
216 
216 
52 
372 
52 
192 
190 
218 
224 
218 
422 
220 
190 
218 
188 
220 
214 
636 
190 
200 
228 
190 
216 
216 
572 
190 
218 
220 
220 
208 
222 
456 
192 
214 
208 
206 
210 
192 
438 
192 
192 
192 
218 
190 
190 
468 
216 
188 
190 
220 
196 
188 
626 
218 
218 
192 
190 
212 
216 
520 
220 
190 
206 
188 
264 
200 
558 
220 
190 
190 
222 
214 
214 
542 
206 
190 
216 
192 
192 
192 
524 
206 
192 
190 
52 
190 
206 
52 
220 
52 
214 
218 
52 
206 
494 
56 
222 
54 
190 
226 
220 
666 
222 
190 
192 
206 
246 
216 
562 
192 
210 
188 
206 
216 
220 
566 
196 
198 
192 
188 
190 
186 
686 
218 
190 
190 
190 
218 
192 
544 
218 
216 
190 
220 
192 
208 
558 
194 
220 
258 
188 
228 
192 
734 
190 
190 
216 
188 
220 
238 
626 
194 
204 
0 
0 
222 
218 
552 
220 
220 
210 
220 
220 
206 
594 
222 
222 
190 
194 
198 
192 
190 
218 
192 
194 
220 
222 
656 
726 
56 
224 
222 
56 
218 
52 
628 
210 
56 
210 
58 
222 
234 
56 
222 
54 
190 
192 
238 
192 
192 
192 
228 
192 
192 
224 
192 
836 
192 
222 
220 
222 
216 
218 
678 
192 
224 
190 
220 
212 
238 
194 
218 
194 
206 
204 
192 
220 
694 
222 
220 
192 
218 
222 
218 
684 
196 
220 
192 
208 
190 
202 
698 
190 
222 
192 
220 
192 
222 
696 
222 
218 
218 
192 
192 
220 
192 
190 
218 
192 
192 
192 
220 
698 
192 
224 
234 
192 
220 
220 
194 
218 
220 
208 
218 
220 
220 
228 
196 
56 
222 
54 
222 
218 
56 
218 
56 
220 
208 
56 
212 
54 
192 
218 
196 
198 
192 
224 
236 
222 
192 
220 
220 
218 
222 
246 
226 
218 
190 
222 
224 
220 
218 
210 
206 
220 
202 
192 
222 
220 
192 
200 
194 
198 
202 
210 
192 
192 
220 
190 
214 
222 
202 
220 
204 
212 
194 
220 
216 
240 
218 
210 
208 
222 
222 
210 
220 
208 
220 
222 
192 
196 
224 
218 
220 
192 
220 
220 
224 
218 
222 
218 
194 
220 
192 
222 
218 
222 
224 
192 
240 
190 
202 
58 
220 
208 
54 
196 
56 
222 
222 
222 
194 
212 
226 
228 
216 
220 
222 
210 
208 
210 
210 
210 
210 
218 
214 
222 
220 
208 
220 
208 
220 
218 
220 
218 
220 
192 
220 
222 
220 
222 
222 
224 
220 
214 
220 
222 
224 
220 
220 
224 
218 
220 
220 
196 
222 
212 
220 
220 
218 
222 
222 
222 
218 
192 
192 
192 
210 
222 
194 
210 
208 
192 
192 
226 
220 
292 
212 
276 
222 
194 
222 
238 
212 
224 
224 
220 
212 
220 
218 
222 
220 
192 
220 
220 
220 
226 
222 
222 
224 
220 
220 
220 
216 
220 
220 
208 
220 
208 
224 
218 
194 
218 
198 
192 
210 
220 
192 
220 
220 
210 
190 
210 
218 
226 
194 
208 
224 
222 
224 
208 
220 
224 
220 
224 
220 
220 
220 
208 
220 
224 
222 
220 
222 
222 
218 
220 
218 
220 
218 
196 
222 
220 
218 
220 
226 
218 
220 
224 
212 
218 
220 
222 
218 
218 
220 
240 
218 
224 
222 
222 
326 
210 
242 
204 
210 
194 
200 
592 
222 
274 
218 
210 
236 
222 
208 
212 
196 
200 
198 
208 
198 
218 
248 
300 
208 
220 
192 
222 
208 
220 
220 
222 
210 
214 
192 
248 
218 
190 
208 
226 
218 
220 
208 
220 
194 
192 
212 
220 
218 
192 
192 
192 
214 
192 
202 
192 
506 
192 
224 
230 
242 
192 
212 
192 
220 
194 
194 
218 
296 
196 
310 
222 
396 
218 
222 
220 
200 
210 
220 
242 
192 
208 
222 
216 
194 
220 
194 
242 
208 
194 
218 
192 
248 
220 
228 
224 
302 
220 
294 
224 
248 
220 
218 
192 
202 
296 
206 
198 
314 
208 
224 
220 
212 
200 
500 
208 
192 
220 
218 
210 
214 
220 
238 
316 
222 
228 
350 
200 
218 
218 
192 
192 
210 
208 
220 
222 
222 
202 
192 
194 
208 
190 
218 
220 
218 
218 
244 
210 
222 
202 
222 
222 
208 
220 
208 
210 
192 
238 
208 
196 
220 
190 
252 
196 
222 
212 
212 
192 
208 
222 
196 
212 
220 
192 
218 
210 
220 
222 
226 
222 
196 
226 
212 
192 
220 
222 
220 
192 
200 
210 
222 
192 
224 
192 
220 
192 
192 
210 
192 
214 
220 
222 
220 
210 
220 
212 
208 
194 
222 
198 
194 
208 
198 
192 
220 
228 
224 
212 
194 
194 
200 
192 
224 
222 
210 
220 
218 
222 
222 
190 
194 
208 
218 
218 
192 
192 
196 
220 
210 
222 
220 
214 
218 
220 
194 
226 
222 
380 
232 
210 
218 
212 
216 
224 
260 
210 
208 
208 
194 
210 
200 
194 
264 
218 
222 
218 
210 
196 
220 
220 
222 
222 
222 
214 
220 
220 
220 
222 
216 
220 
208 
222 
224 
222 
220 
220 
220 
210 
222 
220 
222 
348 
220 
192 
208 
192 
228 
220 
220 
220 
222 
210 
222 
220 
224 
220 
222 
220 
192 
208 
210 
194 
208 
236 
218 
210 
218 
192 
220 
194 
220 
222 
208 
220 
216 
220 
222 
224 
222 
210 
216 
224 
222 
220 
222 
222 
210 
