# FR-trace starting at Wed Dec 16 17:21:35 2020
################# CONFIG #################
# slot=10000
# samples=5000
# threshold=100
# idle=500
# minlen=500
# runs=60000
# pdathreads=3
# nmonitored=1
#   monitor0=/usr/local/lib/libcrypto.so 799838 0xc345e
# nevicted=0
# npdatargets=1
#   target0=/usr/local/lib/libcrypto.so 750148 0xb7244
# affinity=all
############## SYSTEM INFO ###############
# mastik_version=
# sysname=Linux
# nodename=5997f38f2dda
# release=5.4.0-56-generic
# version=#62-Ubuntu SMP Mon Nov 23 19:20:19 UTC 2020
# machine=x86_64
################## DATA ##################
# run=0
# datapoints=3063
56 
224 
218 
216 
202 
220 
224 
234 
446 
212 
190 
220 
194 
206 
196 
508 
190 
242 
192 
194 
192 
218 
460 
220 
192 
192 
218 
194 
222 
428 
224 
218 
52 
200 
220 
58 
500 
224 
52 
220 
224 
54 
220 
440 
56 
220 
54 
60 
218 
192 
456 
222 
194 
220 
220 
186 
0 
0 
0 
194 
206 
188 
210 
190 
492 
216 
188 
206 
190 
216 
186 
492 
220 
190 
54 
50 
218 
188 
466 
218 
192 
218 
220 
188 
190 
520 
218 
190 
190 
194 
192 
188 
552 
216 
220 
216 
208 
192 
190 
522 
194 
218 
216 
190 
216 
216 
514 
218 
192 
220 
190 
208 
194 
188 
190 
192 
210 
188 
218 
218 
596 
190 
188 
220 
216 
218 
214 
590 
54 
220 
216 
52 
218 
54 
604 
216 
54 
220 
54 
222 
220 
52 
220 
54 
220 
218 
54 
218 
54 
190 
188 
208 
216 
190 
220 
706 
216 
220 
220 
216 
218 
192 
612 
192 
190 
188 
240 
194 
224 
602 
238 
188 
220 
238 
220 
218 
604 
188 
192 
190 
190 
216 
216 
656 
218 
192 
188 
222 
188 
192 
192 
216 
218 
216 
216 
190 
218 
188 
218 
190 
190 
218 
190 
218 
720 
218 
190 
188 
192 
210 
208 
188 
192 
194 
188 
192 
188 
190 
190 
190 
236 
196 
188 
184 
190 
228 
218 
218 
52 
220 
220 
54 
730 
54 
218 
220 
54 
216 
54 
708 
218 
54 
220 
56 
216 
216 
54 
192 
218 
194 
190 
190 
186 
708 
218 
212 
218 
216 
218 
218 
210 
188 
210 
218 
190 
208 
190 
192 
220 
190 
196 
218 
210 
208 
218 
198 
212 
188 
190 
190 
192 
190 
192 
216 
196 
220 
190 
226 
218 
192 
216 
218 
188 
188 
218 
228 
190 
216 
212 
192 
192 
192 
190 
218 
218 
190 
230 
190 
190 
188 
190 
190 
208 
190 
192 
220 
192 
194 
206 
190 
190 
208 
216 
194 
188 
54 
218 
218 
54 
218 
56 
222 
218 
56 
218 
52 
214 
218 
54 
216 
52 
220 
192 
216 
216 
218 
220 
216 
220 
190 
220 
206 
190 
190 
220 
190 
214 
188 
192 
190 
220 
188 
206 
220 
218 
218 
186 
220 
190 
190 
188 
194 
192 
190 
220 
188 
212 
190 
190 
214 
186 
188 
220 
220 
188 
216 
188 
190 
192 
190 
218 
190 
214 
218 
216 
218 
210 
192 
218 
218 
188 
186 
208 
192 
218 
220 
216 
190 
216 
218 
218 
216 
220 
218 
188 
188 
220 
194 
218 
206 
52 
226 
52 
186 
218 
54 
278 
50 
220 
206 
52 
220 
52 
220 
218 
54 
218 
54 
220 
214 
54 
220 
222 
216 
216 
218 
222 
216 
192 
218 
188 
220 
216 
192 
194 
224 
216 
280 
188 
186 
220 
188 
218 
220 
220 
218 
214 
196 
220 
190 
190 
196 
200 
196 
196 
190 
230 
280 
216 
192 
210 
198 
220 
218 
220 
216 
208 
190 
190 
216 
192 
218 
218 
192 
218 
194 
192 
190 
212 
220 
218 
192 
202 
222 
218 
244 
218 
218 
218 
222 
218 
192 
218 
218 
190 
218 
222 
190 
216 
214 
52 
194 
56 
224 
190 
50 
258 
56 
218 
240 
56 
210 
52 
216 
214 
222 
218 
226 
218 
206 
188 
188 
188 
218 
190 
222 
196 
192 
192 
192 
218 
212 
220 
190 
216 
196 
220 
208 
218 
220 
220 
218 
218 
190 
190 
216 
230 
236 
188 
196 
220 
190 
192 
188 
190 
192 
190 
314 
220 
226 
190 
196 
224 
220 
228 
218 
222 
190 
194 
218 
192 
192 
206 
190 
190 
190 
230 
218 
192 
220 
190 
192 
190 
206 
220 
216 
218 
218 
220 
226 
216 
214 
56 
218 
54 
218 
204 
56 
210 
54 
220 
216 
52 
206 
202 
54 
198 
190 
190 
190 
252 
216 
250 
192 
218 
218 
222 
204 
190 
218 
214 
216 
186 
190 
208 
214 
216 
218 
190 
214 
220 
206 
190 
192 
244 
218 
206 
220 
196 
218 
190 
192 
224 
220 
218 
190 
190 
236 
220 
192 
218 
188 
208 
192 
190 
208 
208 
238 
186 
188 
220 
242 
250 
196 
218 
194 
206 
192 
190 
194 
190 
224 
220 
190 
220 
188 
218 
200 
218 
190 
208 
216 
286 
218 
56 
218 
216 
52 
218 
50 
220 
216 
52 
220 
54 
214 
190 
54 
216 
218 
190 
222 
218 
190 
210 
190 
206 
188 
208 
196 
190 
190 
240 
218 
216 
196 
188 
206 
218 
190 
218 
190 
206 
218 
188 
220 
190 
186 
190 
210 
216 
192 
220 
216 
190 
190 
202 
236 
298 
220 
198 
206 
216 
206 
220 
388 
218 
192 
220 
188 
188 
216 
444 
220 
228 
216 
240 
278 
192 
192 
198 
206 
204 
188 
210 
188 
260 
192 
190 
216 
216 
216 
206 
262 
220 
188 
218 
56 
208 
216 
52 
218 
56 
218 
220 
52 
220 
52 
220 
216 
52 
208 
192 
190 
216 
218 
194 
192 
194 
192 
186 
538 
220 
218 
216 
192 
206 
192 
338 
190 
204 
190 
190 
190 
208 
202 
218 
196 
214 
190 
206 
192 
222 
218 
216 
216 
222 
190 
218 
284 
190 
218 
228 
216 
200 
216 
496 
192 
218 
218 
218 
190 
218 
244 
220 
224 
190 
222 
214 
238 
454 
190 
226 
220 
236 
188 
190 
316 
218 
188 
214 
190 
194 
222 
262 
190 
220 
214 
220 
192 
190 
52 
220 
54 
218 
218 
52 
218 
54 
216 
160 
218 
214 
54 
212 
328 
190 
198 
190 
214 
186 
188 
428 
190 
188 
218 
188 
206 
210 
274 
194 
218 
218 
214 
188 
232 
296 
202 
220 
218 
190 
190 
212 
292 
190 
188 
192 
218 
208 
208 
304 
218 
190 
218 
192 
190 
216 
520 
188 
234 
188 
188 
204 
218 
328 
188 
218 
258 
202 
208 
186 
450 
190 
54 
218 
52 
208 
218 
52 
216 
52 
218 
220 
54 
218 
52 
218 
218 
52 
220 
54 
208 
388 
54 
218 
54 
218 
210 
54 
396 
202 
190 
214 
210 
190 
192 
416 
190 
220 
208 
238 
218 
188 
432 
190 
214 
190 
238 
208 
222 
630 
234 
220 
190 
218 
206 
206 
424 
218 
222 
216 
214 
204 
216 
408 
218 
218 
236 
218 
192 
216 
650 
192 
190 
224 
192 
186 
222 
436 
272 
190 
234 
190 
192 
204 
188 
220 
206 
190 
218 
216 
192 
450 
218 
192 
192 
216 
216 
192 
404 
216 
218 
218 
216 
232 
188 
634 
52 
220 
54 
216 
218 
56 
436 
56 
220 
218 
48 
218 
52 
562 
220 
220 
218 
190 
222 
194 
514 
208 
202 
218 
218 
190 
222 
538 
190 
188 
188 
216 
220 
190 
702 
210 
216 
218 
216 
190 
190 
536 
218 
218 
188 
190 
190 
220 
618 
220 
206 
220 
192 
240 
192 
536 
218 
208 
214 
214 
218 
192 
702 
220 
222 
216 
220 
222 
188 
188 
190 
190 
190 
190 
188 
218 
578 
216 
206 
220 
214 
216 
190 
742 
220 
196 
218 
190 
208 
240 
568 
56 
216 
54 
216 
218 
52 
640 
52 
218 
218 
54 
210 
54 
568 
192 
216 
216 
216 
218 
192 
590 
190 
216 
218 
218 
186 
206 
628 
216 
210 
192 
228 
206 
194 
576 
192 
206 
190 
218 
222 
190 
672 
220 
230 
188 
218 
218 
218 
184 
188 
190 
188 
190 
216 
190 
190 
206 
220 
190 
218 
190 
218 
192 
190 
218 
220 
190 
190 
220 
666 
190 
188 
218 
216 
210 
224 
652 
188 
192 
206 
190 
196 
216 
194 
188 
238 
200 
188 
220 
190 
734 
192 
220 
54 
220 
52 
218 
694 
52 
216 
54 
216 
218 
54 
704 
54 
218 
218 
216 
222 
222 
188 
190 
190 
194 
210 
190 
188 
708 
204 
188 
190 
220 
206 
190 
698 
208 
218 
216 
218 
190 
210 
704 
206 
226 
192 
280 
218 
654 
218 
216 
190 
190 
222 
194 
192 
216 
190 
222 
218 
192 
218 
218 
190 
220 
216 
188 
188 
214 
220 
190 
186 
218 
218 
214 
206 
214 
204 
212 
218 
224 
220 
190 
192 
220 
198 
192 
214 
192 
196 
190 
218 
188 
188 
210 
52 
206 
52 
220 
216 
50 
208 
56 
216 
218 
54 
220 
52 
218 
218 
56 
214 
50 
188 
218 
242 
220 
218 
204 
218 
222 
238 
218 
214 
192 
220 
186 
194 
186 
200 
216 
218 
220 
190 
190 
218 
190 
190 
216 
218 
218 
202 
236 
218 
192 
194 
196 
214 
188 
216 
216 
202 
190 
190 
218 
188 
216 
216 
216 
210 
206 
216 
220 
196 
214 
216 
190 
216 
216 
192 
190 
216 
188 
218 
192 
220 
202 
210 
216 
216 
204 
222 
212 
190 
192 
190 
190 
190 
240 
218 
56 
216 
216 
52 
194 
54 
188 
52 
190 
190 
54 
214 
52 
192 
222 
54 
218 
52 
216 
220 
190 
226 
220 
190 
218 
190 
218 
220 
218 
192 
230 
218 
214 
188 
220 
218 
218 
208 
220 
206 
216 
194 
216 
218 
222 
186 
188 
210 
214 
218 
218 
218 
220 
220 
190 
192 
204 
192 
216 
192 
194 
190 
214 
216 
210 
190 
218 
0 
222 
190 
218 
216 
218 
202 
190 
186 
186 
238 
190 
218 
218 
218 
218 
216 
220 
236 
218 
222 
190 
218 
220 
190 
186 
212 
194 
220 
188 
52 
212 
52 
218 
216 
50 
206 
56 
214 
202 
50 
190 
214 
208 
192 
208 
188 
216 
190 
218 
190 
188 
204 
218 
190 
200 
220 
218 
218 
222 
220 
212 
186 
222 
190 
190 
216 
194 
190 
190 
218 
190 
190 
218 
204 
190 
218 
220 
216 
204 
190 
190 
218 
186 
208 
222 
222 
216 
190 
218 
188 
188 
188 
208 
190 
190 
188 
244 
208 
190 
210 
216 
192 
190 
216 
212 
190 
218 
220 
220 
190 
216 
192 
190 
204 
218 
186 
216 
206 
54 
206 
218 
56 
216 
54 
220 
204 
52 
216 
54 
218 
54 
192 
214 
206 
216 
190 
192 
194 
196 
220 
208 
194 
184 
190 
192 
208 
190 
190 
286 
216 
252 
206 
218 
192 
208 
220 
216 
190 
218 
196 
192 
206 
220 
208 
190 
220 
198 
208 
190 
200 
208 
218 
216 
206 
216 
188 
214 
186 
216 
190 
200 
216 
192 
218 
422 
216 
218 
220 
190 
192 
214 
190 
192 
188 
218 
240 
192 
194 
276 
208 
202 
194 
206 
300 
216 
190 
218 
204 
218 
220 
206 
54 
218 
52 
222 
218 
54 
206 
54 
220 
216 
54 
214 
52 
190 
192 
194 
192 
218 
214 
190 
190 
218 
190 
192 
220 
216 
218 
208 
220 
192 
218 
214 
192 
198 
188 
190 
192 
190 
188 
224 
188 
216 
190 
188 
204 
190 
190 
218 
206 
218 
190 
218 
220 
218 
190 
208 
186 
256 
218 
190 
188 
188 
190 
220 
190 
208 
190 
188 
192 
206 
192 
224 
218 
188 
192 
190 
206 
190 
192 
208 
208 
216 
194 
208 
194 
380 
218 
198 
188 
192 
206 
188 
54 
218 
54 
216 
658 
52 
216 
54 
218 
218 
56 
220 
204 
222 
218 
186 
192 
218 
190 
208 
218 
224 
218 
218 
220 
190 
208 
216 
192 
190 
190 
220 
188 
206 
190 
190 
220 
196 
220 
218 
188 
218 
446 
194 
208 
190 
192 
194 
188 
252 
190 
286 
214 
214 
192 
190 
218 
220 
236 
220 
216 
208 
190 
216 
202 
216 
202 
188 
210 
186 
198 
220 
220 
216 
216 
210 
188 
274 
220 
190 
190 
234 
210 
220 
214 
194 
218 
220 
218 
206 
52 
206 
54 
214 
218 
52 
208 
54 
216 
206 
52 
224 
56 
206 
192 
52 
218 
52 
218 
218 
52 
186 
250 
190 
218 
212 
190 
190 
188 
326 
208 
218 
216 
218 
190 
188 
412 
226 
188 
196 
252 
208 
190 
532 
224 
218 
218 
218 
204 
214 
474 
218 
218 
218 
190 
196 
188 
408 
190 
206 
208 
220 
192 
242 
350 
186 
206 
188 
192 
192 
190 
346 
216 
190 
220 
188 
190 
222 
394 
218 
190 
216 
208 
206 
214 
502 
186 
214 
192 
220 
190 
218 
500 
216 
218 
190 
202 
210 
216 
56 
222 
220 
52 
220 
54 
658 
350 
54 
208 
52 
206 
188 
186 
580 
190 
198 
204 
216 
208 
220 
672 
196 
218 
188 
208 
208 
190 
550 
216 
216 
190 
190 
208 
192 
402 
190 
190 
218 
188 
190 
190 
498 
210 
190 
216 
190 
190 
192 
382 
190 
218 
218 
216 
218 
216 
704 
188 
208 
218 
208 
218 
188 
420 
188 
202 
192 
192 
188 
188 
644 
214 
218 
206 
226 
190 
218 
570 
190 
190 
220 
208 
224 
214 
568 
188 
210 
190 
192 
216 
52 
472 
216 
52 
220 
54 
216 
218 
56 
216 
54 
218 
216 
56 
192 
494 
218 
216 
194 
212 
204 
186 
496 
206 
208 
190 
210 
226 
222 
522 
220 
190 
220 
218 
190 
216 
542 
220 
214 
216 
220 
218 
218 
570 
216 
220 
220 
190 
190 
220 
616 
220 
218 
218 
186 
188 
188 
546 
220 
188 
216 
198 
188 
218 
522 
190 
222 
220 
190 
220 
220 
538 
190 
190 
208 
192 
190 
188 
540 
218 
220 
188 
216 
220 
218 
552 
218 
216 
192 
188 
216 
218 
550 
54 
222 
52 
218 
218 
50 
538 
54 
218 
218 
54 
222 
52 
562 
192 
194 
190 
190 
190 
216 
592 
218 
220 
196 
190 
190 
186 
696 
188 
188 
206 
230 
266 
188 
602 
190 
208 
234 
210 
214 
190 
646 
222 
190 
194 
218 
218 
218 
186 
214 
220 
192 
218 
230 
192 
734 
220 
214 
218 
190 
188 
220 
192 
216 
204 
218 
190 
188 
190 
692 
218 
200 
218 
218 
206 
222 
696 
192 
222 
220 
206 
190 
238 
686 
208 
192 
206 
214 
216 
222 
188 
208 
56 
220 
218 
54 
218 
52 
220 
216 
52 
222 
56 
52 
704 
54 
200 
192 
216 
216 
188 
190 
216 
190 
218 
216 
206 
218 
736 
220 
208 
216 
218 
200 
190 
692 
218 
192 
210 
216 
190 
218 
700 
214 
222 
204 
208 
188 
190 
210 
192 
192 
198 
218 
188 
216 
190 
190 
196 
190 
220 
190 
216 
208 
190 
190 
214 
218 
218 
214 
218 
216 
228 
188 
190 
218 
188 
216 
224 
218 
192 
188 
218 
220 
188 
190 
220 
220 
188 
218 
218 
194 
186 
210 
202 
50 
190 
192 
54 
218 
54 
218 
126 
216 
218 
54 
220 
54 
218 
216 
54 
220 
198 
220 
220 
192 
220 
188 
190 
224 
204 
190 
188 
188 
190 
222 
218 
190 
206 
218 
186 
206 
196 
220 
190 
192 
220 
202 
190 
190 
188 
218 
220 
214 
192 
218 
192 
196 
226 
190 
220 
262 
204 
248 
206 
190 
222 
218 
196 
190 
218 
216 
190 
218 
190 
210 
208 
190 
218 
218 
218 
190 
218 
224 
192 
224 
214 
216 
196 
192 
188 
194 
190 
218 
218 
220 
218 
188 
220 
218 
216 
52 
218 
218 
50 
206 
56 
206 
190 
54 
206 
50 
218 
194 
52 
192 
192 
218 
226 
216 
192 
220 
224 
204 
218 
218 
212 
190 
228 
188 
186 
236 
190 
216 
194 
216 
188 
188 
190 
188 
236 
218 
210 
194 
224 
216 
188 
218 
216 
220 
214 
220 
232 
192 
216 
216 
204 
216 
190 
324 
220 
282 
190 
642 
190 
274 
214 
396 
144 
192 
246 
220 
190 
218 
192 
206 
190 
234 
190 
220 
2292 
226 
194 
192 
220 
190 
242 
190 
192 
194 
218 
216 
206 
216 
192 
222 
54 
218 
56 
218 
218 
54 
216 
220 
220 
216 
220 
220 
216 
218 
218 
222 
216 
218 
216 
216 
208 
216 
208 
220 
216 
218 
216 
218 
218 
216 
218 
218 
216 
212 
214 
218 
218 
220 
216 
218 
224 
214 
218 
220 
206 
220 
208 
220 
208 
220 
218 
216 
220 
218 
218 
220 
218 
218 
218 
234 
190 
224 
218 
218 
216 
192 
190 
196 
192 
190 
208 
208 
198 
192 
192 
210 
206 
208 
220 
212 
190 
220 
216 
216 
206 
240 
240 
218 
216 
218 
218 
206 
218 
218 
190 
218 
222 
220 
192 
218 
220 
220 
218 
220 
218 
202 
198 
192 
190 
236 
218 
216 
212 
222 
196 
218 
218 
190 
218 
206 
218 
218 
218 
218 
190 
220 
206 
218 
190 
216 
220 
216 
226 
208 
220 
216 
222 
218 
218 
218 
206 
218 
220 
222 
216 
218 
222 
206 
208 
218 
190 
218 
214 
218 
210 
218 
202 
218 
220 
238 
220 
208 
216 
192 
216 
220 
190 
222 
236 
194 
192 
188 
194 
216 
206 
206 
192 
216 
220 
220 
210 
216 
196 
192 
236 
206 
686 
218 
194 
208 
216 
190 
192 
220 
216 
204 
208 
220 
218 
218 
188 
216 
190 
208 
190 
208 
188 
218 
218 
218 
206 
220 
370 
220 
192 
188 
208 
212 
190 
238 
192 
192 
206 
234 
208 
190 
208 
214 
212 
206 
190 
192 
218 
218 
202 
220 
206 
218 
206 
218 
480 
218 
198 
368 
190 
206 
210 
566 
190 
254 
264 
218 
208 
218 
192 
216 
192 
194 
206 
210 
218 
252 
204 
238 
206 
218 
208 
220 
192 
208 
216 
192 
274 
190 
206 
200 
240 
186 
192 
204 
190 
218 
190 
216 
216 
214 
216 
190 
208 
206 
218 
220 
222 
220 
206 
208 
218 
208 
190 
218 
220 
188 
222 
344 
210 
220 
206 
208 
210 
220 
378 
210 
218 
192 
192 
206 
220 
206 
222 
206 
190 
204 
188 
208 
500 
192 
210 
216 
216 
210 
218 
304 
220 
216 
188 
218 
206 
222 
218 
220 
188 
190 
242 
188 
218 
216 
218 
208 
190 
214 
208 
216 
224 
192 
196 
200 
188 
208 
216 
202 
218 
220 
218 
214 
210 
216 
668 
220 
216 
208 
220 
208 
188 
216 
214 
196 
206 
192 
192 
202 
374 
216 
218 
206 
204 
210 
218 
720 
216 
222 
190 
208 
198 
208 
260 
676 
218 
220 
190 
206 
218 
278 
218 
206 
206 
220 
188 
220 
190 
218 
190 
210 
252 
206 
220 
270 
214 
218 
216 
216 
210 
206 
308 
206 
206 
208 
206 
208 
216 
320 
208 
218 
190 
220 
208 
216 
316 
218 
214 
218 
220 
208 
218 
298 
216 
220 
218 
218 
206 
220 
312 
216 
218 
218 
220 
208 
206 
310 
192 
218 
214 
220 
208 
218 
428 
220 
218 
218 
220 
208 
216 
312 
188 
218 
218 
218 
194 
204 
510 
204 
282 
206 
190 
204 
208 
348 
218 
218 
218 
218 
208 
216 
342 
220 
216 
222 
216 
220 
218 
384 
216 
216 
218 
218 
220 
194 
