# FR-trace starting at Wed Dec 16 17:22:08 2020
################# CONFIG #################
# slot=10000
# samples=5000
# threshold=100
# idle=500
# minlen=500
# runs=60000
# pdathreads=3
# nmonitored=1
#   monitor0=/usr/local/lib/libcrypto.so 799838 0xc345e
# nevicted=0
# npdatargets=1
#   target0=/usr/local/lib/libcrypto.so 750148 0xb7244
# affinity=all
############## SYSTEM INFO ###############
# mastik_version=
# sysname=Linux
# nodename=5997f38f2dda
# release=5.4.0-56-generic
# version=#62-Ubuntu SMP Mon Nov 23 19:20:19 UTC 2020
# machine=x86_64
################## DATA ##################
# run=0
# datapoints=3188
52 
190 
188 
224 
188 
222 
220 
196 
222 
418 
242 
192 
224 
226 
192 
224 
440 
186 
222 
190 
246 
374 
190 
282 
194 
192 
218 
222 
196 
226 
220 
220 
220 
52 
196 
194 
222 
50 
220 
218 
52 
218 
54 
224 
222 
52 
222 
52 
222 
214 
192 
202 
192 
220 
194 
218 
206 
218 
420 
206 
218 
194 
218 
212 
216 
198 
206 
216 
218 
216 
208 
188 
212 
210 
262 
212 
218 
192 
224 
308 
194 
190 
194 
220 
192 
210 
394 
194 
226 
238 
222 
210 
190 
426 
210 
218 
216 
190 
192 
202 
222 
212 
196 
220 
218 
210 
218 
260 
194 
224 
222 
224 
220 
192 
228 
194 
216 
198 
224 
208 
192 
472 
240 
214 
190 
192 
192 
208 
452 
218 
222 
222 
58 
196 
54 
236 
68 
0 
220 
58 
222 
230 
64 
58 
0 
202 
228 
54 
212 
428 
50 
224 
50 
192 
192 
192 
300 
194 
220 
192 
218 
208 
212 
328 
210 
192 
186 
218 
194 
190 
326 
220 
192 
190 
238 
210 
214 
502 
192 
240 
214 
194 
192 
198 
442 
224 
220 
218 
190 
226 
190 
364 
218 
218 
218 
216 
210 
220 
360 
192 
192 
216 
192 
250 
222 
524 
192 
194 
220 
208 
192 
222 
368 
218 
192 
224 
218 
198 
224 
532 
218 
206 
192 
212 
212 
190 
568 
188 
192 
238 
216 
198 
224 
496 
210 
54 
218 
52 
218 
222 
52 
218 
220 
52 
220 
52 
222 
376 
50 
222 
224 
54 
220 
56 
404 
206 
208 
222 
226 
194 
190 
396 
224 
192 
200 
190 
218 
234 
462 
192 
220 
220 
210 
222 
220 
458 
190 
190 
196 
218 
222 
232 
456 
200 
222 
208 
198 
192 
210 
584 
222 
192 
194 
220 
220 
190 
698 
222 
204 
218 
192 
192 
218 
662 
218 
230 
192 
222 
226 
190 
596 
218 
220 
220 
224 
218 
196 
490 
224 
208 
218 
192 
194 
220 
724 
222 
194 
190 
192 
196 
190 
608 
220 
218 
242 
192 
54 
222 
50 
222 
218 
52 
220 
142 
224 
508 
54 
222 
218 
54 
222 
52 
190 
192 
192 
224 
220 
192 
220 
592 
220 
220 
218 
218 
192 
216 
550 
190 
192 
192 
220 
220 
190 
606 
222 
194 
192 
196 
190 
194 
560 
194 
194 
194 
196 
194 
218 
544 
216 
220 
220 
224 
222 
194 
192 
218 
194 
192 
222 
190 
198 
194 
194 
192 
200 
222 
222 
218 
572 
192 
198 
220 
190 
192 
198 
584 
220 
220 
222 
216 
220 
220 
646 
222 
220 
192 
192 
216 
240 
604 
190 
218 
218 
208 
50 
206 
634 
52 
218 
52 
222 
222 
48 
640 
222 
52 
218 
54 
224 
218 
52 
220 
62 
216 
218 
50 
236 
676 
196 
210 
210 
220 
218 
194 
194 
192 
216 
190 
192 
198 
192 
654 
218 
222 
220 
220 
218 
220 
202 
192 
190 
192 
220 
260 
190 
662 
226 
238 
194 
218 
194 
192 
694 
220 
218 
222 
220 
196 
220 
682 
192 
220 
222 
192 
204 
190 
724 
226 
220 
192 
190 
208 
206 
678 
192 
222 
194 
192 
196 
194 
708 
192 
194 
194 
220 
192 
220 
704 
228 
198 
188 
190 
7152 
192 
192 
192 
190 
196 
52 
220 
222 
54 
216 
136 
226 
220 
52 
222 
220 
56 
222 
52 
190 
196 
228 
192 
190 
220 
196 
218 
220 
218 
220 
194 
192 
192 
192 
192 
194 
188 
196 
194 
220 
194 
222 
220 
194 
192 
210 
218 
192 
220 
218 
194 
210 
214 
222 
210 
192 
196 
196 
222 
192 
194 
218 
190 
218 
220 
190 
220 
222 
232 
222 
192 
194 
218 
220 
204 
220 
218 
196 
222 
196 
222 
224 
192 
192 
216 
190 
222 
218 
216 
192 
218 
218 
226 
222 
190 
230 
190 
190 
220 
192 
192 
50 
208 
242 
50 
218 
52 
220 
222 
50 
218 
222 
50 
218 
52 
194 
218 
240 
216 
190 
196 
192 
212 
192 
194 
220 
188 
190 
222 
244 
218 
192 
192 
218 
192 
218 
190 
192 
192 
218 
192 
192 
224 
222 
198 
194 
220 
192 
198 
220 
220 
212 
190 
190 
204 
196 
218 
192 
212 
220 
222 
220 
204 
218 
194 
224 
194 
192 
188 
222 
220 
192 
220 
220 
204 
196 
238 
218 
190 
218 
222 
212 
208 
192 
244 
194 
220 
224 
220 
190 
244 
220 
214 
224 
222 
220 
192 
212 
56 
222 
218 
54 
194 
206 
52 
222 
52 
192 
208 
50 
206 
52 
222 
190 
190 
194 
220 
220 
220 
218 
196 
192 
194 
208 
222 
218 
218 
194 
218 
220 
192 
220 
190 
198 
194 
656 
194 
222 
210 
222 
212 
218 
218 
216 
216 
206 
192 
202 
220 
218 
188 
190 
208 
212 
192 
218 
192 
192 
206 
192 
220 
218 
212 
192 
220 
190 
220 
190 
222 
192 
220 
216 
192 
220 
220 
198 
220 
190 
218 
220 
214 
222 
218 
190 
218 
226 
194 
190 
196 
192 
194 
218 
188 
196 
224 
220 
220 
54 
224 
218 
50 
240 
50 
222 
222 
50 
210 
194 
54 
194 
208 
192 
220 
194 
218 
208 
218 
190 
208 
192 
222 
190 
194 
220 
190 
224 
218 
218 
224 
206 
230 
218 
224 
220 
218 
216 
206 
222 
190 
220 
192 
192 
220 
214 
220 
196 
222 
194 
190 
230 
196 
222 
190 
222 
210 
186 
232 
192 
206 
206 
210 
204 
192 
212 
208 
192 
220 
218 
192 
214 
220 
212 
220 
210 
190 
208 
222 
192 
208 
218 
208 
236 
222 
190 
210 
202 
192 
194 
244 
50 
218 
216 
54 
222 
52 
220 
220 
54 
216 
210 
52 
222 
54 
222 
220 
218 
208 
220 
214 
218 
228 
194 
190 
210 
192 
222 
224 
192 
218 
220 
208 
218 
210 
218 
192 
218 
190 
208 
190 
214 
218 
194 
194 
194 
204 
192 
192 
220 
210 
194 
220 
190 
210 
274 
220 
222 
210 
222 
208 
220 
190 
220 
218 
218 
220 
212 
192 
220 
218 
194 
194 
1118 
372 
204 
190 
212 
224 
190 
194 
208 
224 
286 
220 
198 
192 
222 
198 
222 
192 
220 
190 
194 
220 
190 
218 
54 
220 
222 
50 
220 
52 
224 
194 
52 
218 
220 
52 
210 
52 
218 
222 
52 
224 
50 
206 
222 
52 
222 
220 
52 
220 
52 
220 
224 
222 
188 
210 
190 
194 
218 
194 
220 
220 
196 
218 
192 
220 
192 
196 
220 
192 
220 
230 
218 
360 
192 
192 
220 
192 
208 
192 
272 
194 
222 
222 
192 
208 
214 
372 
222 
212 
230 
194 
226 
198 
346 
218 
220 
194 
212 
224 
254 
222 
210 
226 
222 
212 
208 
220 
370 
190 
220 
218 
194 
210 
218 
210 
220 
194 
194 
222 
208 
218 
382 
222 
210 
224 
220 
206 
220 
444 
220 
192 
222 
52 
208 
218 
52 
220 
52 
220 
218 
50 
222 
242 
50 
218 
52 
222 
192 
190 
314 
192 
192 
190 
228 
196 
200 
294 
194 
270 
222 
220 
210 
190 
468 
224 
194 
194 
216 
192 
220 
316 
192 
222 
192 
220 
208 
192 
540 
196 
222 
218 
210 
206 
216 
422 
192 
218 
192 
220 
210 
218 
288 
226 
210 
234 
192 
204 
196 
358 
218 
208 
192 
220 
208 
242 
520 
248 
194 
210 
214 
194 
218 
448 
194 
192 
224 
218 
216 
218 
482 
194 
218 
218 
228 
208 
212 
330 
218 
52 
220 
50 
206 
190 
54 
220 
220 
52 
218 
212 
52 
322 
220 
52 
190 
222 
190 
218 
642 
192 
194 
236 
190 
194 
190 
364 
218 
190 
202 
200 
192 
208 
372 
194 
220 
222 
194 
236 
220 
394 
224 
194 
218 
192 
204 
194 
510 
220 
202 
194 
194 
204 
192 
652 
242 
204 
192 
224 
220 
218 
444 
194 
192 
218 
222 
222 
222 
468 
198 
218 
220 
188 
210 
194 
448 
208 
250 
210 
208 
192 
208 
476 
216 
190 
214 
222 
218 
194 
636 
220 
194 
218 
192 
220 
194 
54 
222 
52 
220 
220 
52 
222 
488 
50 
220 
182 
224 
220 
52 
460 
220 
190 
218 
208 
192 
218 
466 
220 
220 
220 
224 
218 
212 
484 
222 
194 
192 
216 
208 
192 
506 
192 
194 
224 
218 
220 
222 
538 
220 
190 
192 
220 
190 
220 
552 
220 
224 
224 
196 
218 
220 
696 
222 
196 
196 
200 
218 
220 
488 
222 
196 
208 
220 
220 
194 
612 
218 
220 
218 
194 
194 
192 
506 
224 
220 
192 
220 
208 
194 
682 
244 
192 
208 
210 
250 
228 
598 
218 
194 
192 
218 
98 
224 
626 
52 
222 
220 
52 
226 
54 
190 
222 
54 
218 
222 
54 
218 
50 
220 
222 
52 
194 
220 
220 
192 
222 
218 
218 
218 
232 
218 
730 
224 
212 
216 
192 
228 
218 
602 
210 
208 
218 
202 
210 
192 
628 
216 
226 
194 
218 
228 
220 
654 
208 
220 
192 
220 
220 
218 
636 
188 
224 
222 
220 
198 
194 
196 
210 
216 
240 
192 
216 
194 
678 
194 
222 
222 
194 
192 
222 
626 
212 
222 
218 
220 
220 
222 
196 
190 
210 
202 
0 
190 
224 
636 
240 
214 
232 
212 
220 
218 
716 
192 
220 
54 
224 
52 
220 
694 
52 
226 
52 
220 
218 
52 
696 
218 
54 
222 
52 
220 
210 
52 
236 
222 
192 
198 
234 
206 
196 
270 
218 
220 
218 
210 
196 
216 
212 
220 
192 
204 
194 
192 
210 
214 
206 
190 
192 
282 
190 
216 
194 
220 
190 
220 
192 
192 
214 
224 
214 
224 
216 
218 
192 
220 
220 
220 
188 
192 
224 
192 
222 
222 
218 
190 
210 
220 
192 
222 
190 
218 
192 
220 
222 
220 
220 
190 
194 
212 
190 
218 
220 
210 
208 
202 
196 
220 
340 
190 
220 
224 
282 
220 
218 
194 
50 
226 
222 
52 
220 
50 
218 
218 
52 
220 
222 
52 
218 
194 
238 
220 
194 
222 
192 
220 
190 
192 
192 
192 
220 
200 
192 
216 
220 
190 
192 
218 
218 
216 
234 
222 
220 
224 
192 
236 
286 
246 
206 
226 
212 
196 
200 
224 
190 
194 
192 
192 
194 
220 
190 
218 
192 
220 
192 
222 
218 
220 
210 
220 
204 
218 
218 
218 
220 
212 
218 
220 
206 
196 
196 
192 
210 
198 
220 
218 
188 
224 
196 
218 
220 
190 
190 
220 
222 
190 
220 
210 
198 
206 
50 
208 
278 
50 
240 
50 
218 
222 
52 
220 
218 
52 
220 
52 
196 
218 
194 
200 
228 
188 
222 
220 
218 
218 
222 
202 
220 
224 
220 
218 
194 
230 
218 
220 
194 
212 
220 
228 
220 
222 
222 
218 
192 
192 
192 
210 
190 
230 
214 
194 
190 
254 
192 
192 
192 
248 
194 
194 
222 
220 
192 
194 
220 
188 
222 
190 
224 
224 
190 
224 
220 
192 
190 
222 
190 
220 
224 
196 
220 
220 
192 
220 
218 
218 
242 
236 
222 
200 
194 
216 
220 
216 
220 
218 
224 
212 
226 
218 
52 
220 
52 
190 
210 
52 
218 
222 
50 
220 
52 
222 
220 
50 
240 
220 
220 
224 
220 
192 
216 
194 
220 
220 
192 
188 
194 
220 
478 
286 
218 
220 
194 
220 
196 
220 
192 
220 
220 
208 
220 
224 
198 
194 
190 
218 
222 
194 
190 
192 
194 
192 
194 
214 
192 
192 
210 
222 
192 
218 
222 
204 
190 
190 
222 
188 
220 
196 
220 
220 
222 
192 
220 
218 
220 
222 
220 
220 
190 
192 
218 
222 
190 
222 
210 
192 
220 
192 
194 
220 
206 
222 
196 
224 
192 
208 
192 
52 
222 
220 
50 
220 
208 
52 
214 
50 
200 
312 
52 
208 
236 
192 
230 
194 
218 
192 
192 
218 
218 
222 
200 
220 
218 
210 
188 
218 
222 
192 
192 
222 
192 
224 
192 
220 
198 
222 
190 
208 
192 
192 
220 
220 
226 
194 
210 
192 
214 
218 
212 
194 
218 
192 
192 
194 
210 
190 
222 
192 
208 
194 
224 
196 
194 
220 
222 
206 
192 
198 
220 
194 
220 
188 
208 
220 
192 
192 
194 
218 
192 
198 
218 
192 
220 
226 
220 
218 
194 
242 
196 
192 
52 
220 
220 
50 
218 
188 
52 
220 
52 
218 
208 
50 
190 
210 
52 
214 
52 
208 
210 
50 
228 
218 
52 
220 
212 
226 
192 
192 
192 
216 
220 
210 
216 
196 
192 
192 
194 
230 
192 
194 
232 
190 
218 
206 
222 
188 
226 
258 
210 
216 
216 
220 
192 
200 
196 
192 
230 
192 
188 
210 
190 
194 
220 
220 
202 
216 
192 
190 
192 
210 
216 
210 
222 
188 
218 
194 
220 
194 
192 
218 
208 
210 
264 
190 
214 
220 
218 
214 
210 
206 
220 
214 
194 
218 
208 
216 
326 
222 
218 
218 
220 
214 
192 
322 
220 
52 
220 
52 
212 
218 
52 
218 
220 
50 
216 
52 
220 
210 
210 
214 
208 
198 
194 
218 
362 
222 
220 
220 
196 
190 
220 
458 
218 
218 
216 
190 
212 
194 
250 
190 
216 
222 
222 
196 
222 
276 
188 
192 
208 
218 
216 
196 
242 
220 
220 
194 
230 
210 
218 
214 
192 
218 
192 
218 
212 
194 
356 
190 
190 
210 
242 
210 
216 
262 
218 
218 
222 
192 
208 
218 
490 
194 
194 
192 
208 
212 
218 
426 
192 
220 
218 
220 
192 
218 
272 
194 
192 
222 
50 
208 
222 
50 
216 
218 
54 
218 
52 
216 
240 
52 
222 
52 
218 
210 
224 
278 
192 
218 
200 
194 
210 
192 
304 
232 
218 
198 
246 
210 
218 
298 
190 
220 
190 
198 
208 
218 
326 
224 
224 
218 
224 
208 
222 
322 
218 
218 
222 
188 
194 
190 
488 
194 
192 
220 
192 
208 
210 
346 
192 
222 
218 
218 
226 
218 
548 
214 
220 
222 
222 
210 
212 
386 
200 
218 
212 
196 
520 
220 
416 
220 
194 
192 
194 
210 
224 
420 
218 
218 
196 
194 
214 
206 
610 
192 
50 
220 
220 
52 
220 
436 
220 
218 
50 
220 
206 
50 
406 
52 
194 
218 
188 
206 
194 
418 
218 
192 
220 
192 
212 
190 
194 
204 
190 
280 
210 
212 
204 
462 
202 
268 
222 
220 
218 
224 
476 
220 
192 
220 
192 
218 
218 
446 
224 
198 
196 
194 
220 
192 
524 
222 
220 
192 
196 
218 
220 
446 
218 
194 
192 
190 
190 
222 
458 
238 
222 
216 
206 
222 
190 
568 
220 
224 
220 
192 
208 
192 
490 
196 
198 
200 
220 
196 
220 
514 
220 
192 
220 
222 
194 
208 
56 
222 
218 
52 
220 
56 
222 
566 
50 
220 
224 
54 
218 
52 
712 
218 
218 
220 
212 
214 
216 
572 
218 
190 
222 
218 
192 
194 
192 
224 
224 
206 
190 
214 
192 
194 
194 
224 
192 
234 
194 
244 
574 
222 
216 
222 
200 
218 
194 
594 
194 
220 
218 
232 
202 
192 
600 
188 
220 
190 
192 
218 
220 
728 
192 
218 
218 
218 
220 
194 
192 
222 
218 
216 
204 
190 
220 
844 
220 
232 
220 
216 
220 
218 
192 
194 
232 
214 
220 
192 
192 
594 
188 
194 
224 
218 
50 
218 
52 
226 
220 
54 
220 
50 
220 
600 
50 
220 
222 
52 
220 
52 
632 
218 
218 
192 
212 
192 
206 
738 
220 
190 
222 
216 
218 
222 
660 
196 
218 
210 
222 
218 
190 
650 
224 
196 
222 
218 
192 
190 
680 
194 
210 
194 
190 
208 
196 
192 
192 
202 
192 
192 
220 
218 
746 
194 
220 
192 
192 
220 
220 
702 
226 
220 
190 
194 
224 
216 
214 
218 
216 
192 
226 
228 
218 
216 
194 
192 
190 
192 
218 
220 
196 
192 
222 
220 
218 
212 
194 
192 
192 
190 
194 
212 
52 
218 
222 
56 
218 
52 
218 
222 
50 
224 
50 
220 
220 
50 
194 
220 
196 
192 
218 
218 
194 
220 
234 
218 
194 
208 
222 
220 
218 
214 
224 
220 
212 
194 
304 
198 
254 
218 
224 
192 
194 
194 
228 
196 
230 
206 
204 
206 
196 
230 
194 
220 
190 
202 
190 
218 
192 
222 
222 
194 
220 
190 
218 
194 
194 
220 
224 
192 
218 
220 
218 
210 
216 
222 
218 
224 
222 
192 
206 
190 
194 
220 
222 
222 
222 
192 
194 
190 
192 
194 
190 
218 
192 
202 
240 
192 
210 
52 
210 
52 
206 
230 
48 
222 
222 
218 
210 
224 
220 
218 
218 
224 
220 
220 
218 
222 
218 
216 
218 
218 
218 
220 
216 
224 
220 
224 
220 
220 
220 
220 
224 
220 
208 
218 
212 
218 
222 
218 
218 
218 
222 
224 
224 
220 
206 
220 
220 
210 
218 
212 
220 
214 
498 
210 
256 
222 
252 
222 
218 
210 
222 
228 
210 
218 
218 
192 
220 
220 
208 
218 
214 
222 
222 
220 
210 
220 
222 
220 
216 
200 
194 
220 
220 
220 
222 
222 
222 
192 
194 
224 
222 
218 
222 
222 
222 
224 
218 
218 
208 
208 
208 
218 
210 
192 
198 
224 
190 
286 
194 
218 
198 
206 
278 
454 
212 
212 
218 
218 
212 
220 
312 
224 
218 
218 
218 
218 
222 
220 
220 
222 
206 
218 
222 
218 
218 
218 
220 
220 
220 
212 
218 
220 
218 
224 
222 
222 
208 
210 
220 
222 
210 
216 
194 
214 
236 
218 
210 
220 
222 
222 
218 
220 
224 
206 
212 
218 
224 
222 
220 
222 
218 
218 
312 
194 
210 
192 
210 
194 
218 
222 
222 
222 
222 
220 
214 
210 
220 
192 
194 
278 
222 
208 
216 
244 
222 
220 
218 
196 
222 
220 
216 
208 
202 
226 
216 
192 
194 
194 
218 
208 
192 
240 
222 
222 
218 
216 
222 
190 
224 
206 
220 
226 
216 
218 
240 
224 
200 
210 
240 
212 
278 
224 
200 
192 
206 
222 
198 
208 
222 
220 
216 
206 
212 
206 
208 
192 
196 
208 
206 
222 
194 
210 
202 
194 
212 
228 
244 
192 
300 
210 
260 
196 
188 
222 
226 
196 
218 
532 
220 
224 
222 
222 
210 
220 
230 
218 
214 
274 
220 
208 
222 
198 
346 
192 
212 
252 
212 
222 
192 
240 
302 
220 
222 
208 
220 
192 
220 
326 
196 
220 
208 
220 
192 
192 
296 
198 
226 
360 
198 
280 
212 
222 
220 
190 
212 
222 
216 
212 
220 
222 
212 
208 
224 
218 
220 
190 
220 
210 
208 
226 
192 
220 
220 
218 
210 
192 
222 
220 
190 
222 
220 
190 
210 
222 
222 
192 
220 
208 
214 
208 
220 
194 
224 
240 
222 
190 
192 
220 
230 
208 
244 
220 
210 
222 
216 
248 
212 
216 
218 
218 
210 
220 
224 
220 
218 
220 
220 
198 
190 
240 
192 
220 
210 
220 
210 
216 
194 
212 
194 
280 
212 
210 
220 
264 
218 
196 
218 
192 
218 
192 
474 
194 
208 
218 
190 
220 
194 
192 
212 
194 
202 
192 
208 
222 
198 
190 
206 
194 
196 
212 
214 
220 
208 
192 
218 
220 
210 
220 
216 
220 
220 
224 
222 
208 
222 
222 
224 
218 
218 
218 
210 
220 
222 
218 
218 
218 
222 
196 
222 
372 
220 
218 
222 
190 
210 
210 
222 
212 
220 
192 
196 
208 
196 
204 
220 
206 
222 
224 
210 
220 
214 
220 
218 
218 
222 
210 
220 
202 
218 
222 
220 
222 
208 
220 
206 
222 
220 
218 
198 
206 
222 
210 
222 
222 
220 
218 
208 
220 
308 
220 
218 
218 
222 
