# FR-trace starting at Wed Dec 16 18:52:04 2020
################# CONFIG #################
# slot=10000
# samples=5000
# threshold=100
# idle=500
# minlen=500
# runs=60000
# pdathreads=3
# nmonitored=1
#   monitor0=/usr/local/lib/libcrypto.so 799838 0xc345e
# nevicted=0
# npdatargets=1
#   target0=/usr/local/lib/libcrypto.so 750148 0xb7244
# affinity=all
############## SYSTEM INFO ###############
# mastik_version=
# sysname=Linux
# nodename=5997f38f2dda
# release=5.4.0-56-generic
# version=#62-Ubuntu SMP Mon Nov 23 19:20:19 UTC 2020
# machine=x86_64
################## DATA ##################
# run=0
# datapoints=3160
56 
192 
194 
220 
190 
192 
190 
216 
210 
222 
238 
192 
194 
192 
222 
192 
192 
220 
190 
192 
192 
216 
208 
190 
212 
220 
216 
192 
222 
222 
222 
218 
220 
56 
222 
220 
56 
222 
56 
220 
220 
54 
220 
54 
222 
218 
54 
224 
218 
218 
218 
192 
192 
192 
198 
222 
220 
222 
220 
240 
218 
194 
228 
192 
224 
220 
210 
222 
194 
194 
192 
192 
210 
188 
264 
212 
220 
192 
222 
192 
192 
192 
210 
192 
222 
222 
218 
220 
220 
196 
226 
194 
192 
220 
220 
218 
190 
220 
220 
204 
194 
220 
222 
222 
224 
192 
202 
222 
192 
192 
190 
222 
192 
220 
248 
192 
220 
210 
208 
220 
220 
218 
204 
202 
192 
192 
192 
210 
58 
262 
224 
56 
222 
220 
60 
220 
58 
220 
218 
52 
220 
54 
222 
218 
54 
222 
218 
56 
220 
58 
194 
190 
216 
224 
218 
236 
192 
224 
232 
220 
220 
192 
220 
216 
192 
192 
194 
218 
220 
216 
222 
194 
192 
210 
210 
220 
212 
220 
192 
230 
296 
218 
220 
220 
190 
192 
194 
222 
222 
192 
198 
220 
220 
222 
192 
224 
222 
222 
194 
222 
228 
202 
218 
206 
192 
192 
218 
210 
208 
192 
194 
220 
220 
220 
190 
218 
194 
220 
206 
238 
222 
222 
210 
222 
228 
188 
194 
222 
218 
198 
192 
56 
220 
222 
56 
190 
56 
190 
220 
58 
220 
54 
212 
242 
58 
222 
54 
222 
218 
56 
222 
192 
192 
194 
218 
220 
192 
240 
218 
188 
192 
240 
220 
190 
220 
222 
192 
220 
194 
192 
212 
220 
202 
192 
56 
56 
192 
206 
194 
192 
332 
220 
256 
194 
214 
218 
220 
212 
190 
192 
206 
208 
210 
220 
222 
192 
222 
196 
212 
192 
220 
222 
214 
192 
192 
212 
194 
202 
210 
242 
192 
232 
204 
194 
366 
222 
194 
194 
192 
192 
218 
192 
192 
222 
222 
224 
212 
192 
208 
196 
50 
208 
222 
54 
220 
54 
218 
224 
56 
192 
208 
56 
222 
56 
218 
222 
58 
208 
236 
194 
192 
192 
192 
222 
212 
222 
220 
218 
190 
218 
224 
214 
192 
194 
218 
192 
192 
220 
212 
220 
194 
222 
192 
220 
192 
208 
224 
192 
194 
208 
192 
192 
192 
210 
196 
206 
220 
230 
222 
192 
196 
230 
222 
220 
222 
222 
192 
218 
192 
192 
192 
222 
214 
192 
214 
246 
204 
226 
210 
192 
214 
220 
192 
202 
218 
230 
208 
210 
192 
192 
222 
190 
222 
228 
192 
224 
306 
54 
208 
58 
192 
208 
54 
194 
54 
220 
220 
54 
210 
54 
218 
206 
56 
222 
220 
56 
218 
56 
218 
188 
218 
218 
194 
222 
192 
220 
222 
216 
220 
208 
194 
298 
192 
192 
192 
192 
224 
218 
304 
222 
218 
190 
232 
212 
220 
284 
192 
220 
210 
192 
212 
208 
202 
232 
222 
212 
230 
192 
220 
228 
210 
208 
222 
206 
190 
192 
194 
194 
200 
222 
240 
210 
198 
218 
220 
192 
194 
194 
190 
194 
394 
192 
218 
192 
222 
238 
196 
328 
222 
222 
222 
194 
192 
222 
204 
192 
208 
192 
210 
56 
218 
202 
208 
208 
54 
210 
210 
54 
222 
54 
220 
192 
58 
242 
220 
196 
194 
224 
192 
196 
208 
220 
436 
192 
220 
192 
192 
196 
220 
246 
220 
192 
192 
190 
190 
194 
224 
212 
218 
192 
192 
194 
220 
270 
220 
222 
194 
224 
192 
216 
342 
210 
212 
192 
210 
192 
206 
276 
192 
222 
218 
262 
210 
220 
286 
210 
194 
222 
220 
208 
222 
466 
222 
200 
192 
224 
202 
220 
510 
192 
220 
194 
218 
224 
194 
282 
192 
218 
192 
192 
210 
192 
314 
196 
222 
54 
220 
54 
220 
298 
56 
222 
220 
58 
192 
54 
304 
196 
56 
218 
192 
192 
194 
466 
224 
200 
224 
192 
208 
218 
310 
192 
192 
190 
192 
222 
192 
312 
220 
224 
222 
222 
210 
192 
346 
220 
220 
222 
220 
208 
192 
400 
194 
220 
192 
192 
212 
220 
432 
212 
222 
226 
192 
212 
208 
496 
192 
214 
208 
208 
188 
218 
406 
194 
190 
196 
222 
194 
192 
706 
214 
192 
220 
216 
200 
222 
430 
192 
192 
232 
194 
222 
218 
572 
196 
190 
220 
194 
224 
214 
58 
190 
58 
218 
218 
58 
218 
438 
54 
220 
54 
222 
212 
56 
716 
218 
226 
192 
192 
194 
264 
660 
270 
218 
252 
218 
218 
192 
500 
216 
192 
220 
192 
198 
220 
620 
208 
192 
192 
194 
222 
192 
460 
220 
196 
220 
242 
200 
192 
640 
222 
210 
222 
192 
218 
206 
470 
222 
222 
220 
222 
222 
190 
632 
200 
222 
206 
194 
194 
192 
596 
210 
192 
192 
218 
212 
220 
534 
224 
206 
222 
192 
220 
224 
676 
196 
192 
192 
244 
220 
196 
534 
222 
218 
192 
56 
222 
220 
54 
220 
56 
210 
220 
56 
222 
678 
56 
220 
54 
194 
218 
192 
190 
218 
202 
220 
224 
210 
208 
604 
210 
208 
228 
190 
218 
222 
578 
192 
192 
220 
222 
190 
202 
610 
218 
192 
222 
222 
192 
196 
694 
220 
210 
218 
194 
224 
200 
714 
192 
232 
222 
218 
198 
194 
604 
224 
218 
192 
222 
222 
222 
710 
220 
220 
222 
194 
218 
208 
628 
218 
208 
210 
220 
194 
196 
846 
192 
264 
222 
342 
210 
192 
612 
192 
224 
192 
220 
218 
236 
630 
192 
58 
218 
220 
58 
220 
54 
222 
222 
54 
220 
54 
218 
638 
60 
194 
240 
222 
192 
192 
192 
220 
220 
196 
192 
220 
192 
192 
220 
242 
192 
210 
192 
188 
208 
216 
198 
220 
220 
192 
208 
672 
232 
194 
192 
220 
192 
220 
834 
192 
224 
218 
220 
220 
226 
198 
220 
198 
224 
222 
220 
220 
710 
218 
202 
196 
220 
196 
220 
200 
192 
194 
192 
220 
212 
220 
222 
208 
192 
220 
208 
220 
200 
192 
192 
198 
240 
208 
220 
222 
222 
200 
220 
208 
194 
54 
220 
216 
54 
220 
222 
58 
222 
56 
220 
222 
54 
218 
56 
218 
220 
54 
222 
54 
220 
218 
52 
210 
54 
212 
218 
58 
192 
220 
218 
220 
222 
208 
220 
222 
192 
206 
244 
242 
192 
292 
220 
196 
192 
220 
192 
198 
222 
192 
240 
210 
222 
220 
220 
224 
192 
222 
222 
218 
220 
196 
220 
190 
192 
220 
220 
222 
224 
220 
192 
192 
218 
218 
192 
192 
220 
192 
220 
196 
220 
220 
224 
192 
192 
220 
188 
192 
190 
192 
194 
192 
194 
196 
214 
192 
192 
224 
220 
218 
192 
216 
192 
192 
220 
196 
222 
194 
220 
56 
220 
222 
56 
220 
54 
224 
222 
56 
220 
220 
52 
222 
54 
246 
218 
214 
192 
194 
188 
220 
222 
192 
220 
210 
194 
196 
222 
214 
188 
208 
222 
208 
212 
238 
222 
192 
192 
216 
224 
218 
196 
258 
218 
222 
194 
192 
194 
192 
224 
222 
190 
218 
218 
194 
222 
224 
198 
220 
190 
220 
242 
216 
222 
192 
194 
220 
190 
258 
218 
222 
194 
220 
222 
218 
208 
222 
216 
220 
218 
192 
190 
204 
192 
210 
192 
220 
204 
212 
220 
204 
220 
194 
202 
194 
202 
192 
58 
222 
54 
224 
218 
58 
218 
54 
222 
220 
56 
220 
56 
190 
218 
220 
210 
224 
190 
192 
192 
198 
224 
194 
202 
194 
192 
190 
232 
204 
192 
220 
192 
192 
204 
220 
192 
218 
192 
212 
204 
218 
208 
208 
202 
218 
218 
218 
192 
192 
222 
208 
218 
220 
218 
190 
220 
218 
190 
220 
220 
194 
192 
222 
192 
192 
192 
224 
222 
224 
196 
224 
218 
192 
224 
192 
198 
208 
220 
194 
218 
224 
214 
196 
220 
222 
192 
208 
208 
192 
192 
210 
218 
194 
64 
218 
222 
54 
224 
218 
54 
196 
58 
224 
222 
56 
220 
56 
198 
218 
192 
212 
208 
220 
218 
192 
220 
224 
210 
192 
224 
224 
196 
196 
220 
228 
194 
224 
224 
210 
220 
192 
212 
190 
208 
222 
192 
192 
218 
230 
192 
192 
192 
198 
196 
278 
228 
224 
222 
292 
220 
238 
192 
238 
212 
220 
212 
192 
194 
222 
212 
192 
220 
210 
220 
220 
210 
210 
192 
202 
192 
192 
222 
198 
218 
188 
240 
218 
224 
236 
222 
226 
202 
214 
220 
192 
192 
220 
360 
208 
56 
208 
58 
210 
224 
54 
208 
152 
54 
222 
52 
210 
212 
56 
222 
56 
220 
218 
54 
192 
192 
192 
222 
222 
192 
192 
218 
216 
222 
190 
192 
244 
220 
208 
196 
232 
222 
192 
220 
220 
192 
220 
192 
222 
192 
222 
218 
194 
192 
330 
212 
194 
212 
232 
232 
192 
236 
262 
194 
212 
204 
208 
218 
192 
226 
240 
194 
220 
192 
222 
270 
192 
192 
222 
224 
192 
220 
192 
220 
222 
192 
220 
192 
222 
332 
192 
222 
196 
222 
212 
192 
536 
222 
192 
218 
192 
208 
220 
192 
194 
58 
218 
208 
56 
208 
0 
208 
244 
58 
216 
212 
58 
222 
56 
224 
210 
54 
214 
54 
190 
220 
218 
192 
224 
210 
220 
370 
222 
222 
198 
190 
212 
192 
764 
254 
192 
196 
192 
210 
218 
636 
192 
224 
192 
212 
192 
192 
490 
196 
220 
220 
222 
208 
196 
218 
192 
192 
198 
190 
200 
220 
226 
212 
222 
220 
196 
208 
192 
390 
192 
218 
220 
216 
214 
190 
246 
222 
192 
194 
222 
192 
222 
472 
210 
222 
192 
224 
212 
194 
268 
192 
194 
222 
220 
212 
192 
270 
262 
220 
220 
192 
196 
222 
264 
56 
196 
192 
60 
192 
54 
228 
220 
58 
220 
58 
216 
222 
312 
192 
212 
192 
218 
192 
218 
366 
196 
202 
192 
220 
192 
220 
304 
192 
218 
190 
222 
208 
194 
268 
194 
224 
252 
220 
194 
200 
308 
192 
222 
192 
192 
208 
192 
268 
198 
218 
222 
192 
192 
192 
334 
194 
192 
196 
192 
208 
190 
358 
210 
220 
192 
222 
192 
222 
486 
202 
192 
192 
220 
194 
218 
532 
194 
218 
222 
192 
212 
220 
192 
0 
0 
0 
218 
206 
208 
372 
232 
218 
190 
190 
188 
54 
366 
54 
218 
220 
52 
206 
54 
394 
206 
52 
216 
54 
206 
188 
596 
186 
218 
192 
190 
208 
208 
440 
220 
216 
216 
190 
208 
216 
424 
220 
190 
194 
190 
206 
234 
450 
192 
220 
218 
218 
190 
220 
470 
190 
190 
190 
206 
212 
208 
440 
218 
190 
220 
188 
186 
240 
546 
194 
190 
190 
190 
206 
332 
526 
210 
220 
190 
186 
222 
220 
458 
188 
192 
220 
220 
190 
190 
446 
216 
186 
218 
218 
190 
208 
464 
190 
218 
218 
222 
218 
220 
54 
220 
216 
54 
220 
52 
214 
54 
216 
218 
52 
220 
56 
220 
554 
206 
186 
188 
218 
188 
238 
190 
216 
198 
214 
188 
216 
218 
518 
220 
190 
190 
188 
214 
190 
542 
186 
190 
190 
216 
230 
206 
580 
202 
190 
216 
192 
190 
190 
556 
220 
214 
218 
190 
214 
206 
558 
216 
200 
190 
218 
218 
216 
628 
216 
218 
216 
190 
220 
208 
672 
190 
200 
204 
252 
206 
204 
566 
222 
190 
216 
198 
222 
190 
612 
216 
236 
216 
190 
216 
190 
584 
200 
50 
220 
188 
218 
218 
54 
218 
54 
214 
216 
54 
216 
594 
206 
226 
216 
188 
220 
190 
600 
190 
190 
188 
212 
0 
0 
0 
192 
190 
194 
192 
202 
192 
606 
250 
220 
210 
220 
236 
212 
630 
192 
192 
190 
218 
234 
222 
654 
220 
220 
194 
222 
192 
192 
618 
220 
190 
192 
222 
192 
222 
648 
190 
220 
196 
196 
196 
218 
656 
220 
244 
192 
194 
206 
220 
638 
204 
210 
220 
196 
192 
210 
838 
198 
250 
218 
224 
224 
218 
706 
192 
220 
208 
224 
220 
222 
702 
220 
226 
56 
222 
222 
56 
218 
58 
218 
222 
56 
218 
56 
224 
222 
54 
220 
54 
222 
210 
52 
192 
202 
192 
218 
192 
190 
222 
228 
208 
190 
220 
192 
194 
192 
192 
210 
258 
212 
224 
222 
220 
192 
222 
192 
212 
192 
212 
194 
194 
220 
192 
192 
220 
218 
192 
194 
192 
226 
192 
192 
220 
194 
224 
194 
190 
222 
220 
224 
194 
194 
192 
198 
192 
230 
190 
222 
222 
220 
192 
222 
192 
194 
190 
192 
192 
194 
190 
286 
216 
232 
220 
222 
224 
192 
220 
214 
190 
240 
218 
222 
54 
222 
56 
220 
220 
52 
228 
216 
56 
220 
56 
230 
220 
218 
192 
220 
194 
192 
192 
218 
190 
190 
218 
220 
192 
192 
192 
220 
218 
222 
220 
220 
212 
222 
224 
194 
272 
192 
196 
218 
200 
226 
210 
210 
228 
222 
194 
188 
192 
222 
190 
222 
190 
220 
218 
222 
218 
208 
220 
210 
220 
192 
192 
222 
220 
222 
220 
192 
222 
216 
222 
206 
190 
218 
220 
212 
234 
222 
220 
194 
220 
220 
192 
222 
192 
196 
194 
242 
230 
220 
194 
192 
54 
220 
58 
224 
206 
52 
200 
214 
200 
220 
58 
222 
218 
56 
190 
218 
194 
220 
196 
194 
192 
224 
192 
214 
220 
222 
194 
220 
198 
192 
192 
224 
188 
194 
206 
220 
188 
222 
206 
192 
196 
202 
198 
190 
220 
192 
192 
210 
210 
214 
222 
190 
240 
194 
238 
218 
192 
222 
208 
220 
222 
190 
218 
218 
192 
192 
232 
220 
220 
192 
192 
222 
218 
220 
192 
222 
224 
222 
220 
192 
246 
192 
196 
194 
218 
192 
190 
222 
222 
220 
220 
190 
210 
192 
220 
54 
220 
194 
58 
208 
60 
222 
202 
54 
222 
54 
220 
222 
54 
190 
192 
192 
190 
218 
206 
222 
220 
222 
220 
222 
218 
190 
222 
220 
224 
220 
220 
218 
192 
194 
224 
220 
192 
218 
210 
222 
224 
222 
222 
220 
192 
218 
218 
278 
212 
210 
192 
220 
260 
210 
212 
218 
214 
208 
220 
220 
222 
220 
192 
192 
192 
224 
208 
220 
192 
194 
222 
230 
218 
192 
190 
222 
220 
218 
220 
222 
214 
218 
218 
192 
196 
206 
240 
210 
192 
222 
220 
216 
220 
220 
208 
54 
222 
56 
220 
220 
56 
210 
56 
194 
190 
56 
196 
54 
214 
192 
192 
222 
192 
222 
220 
194 
196 
220 
192 
192 
220 
232 
232 
222 
220 
220 
224 
224 
190 
212 
222 
208 
214 
190 
218 
194 
210 
220 
196 
222 
194 
210 
220 
210 
220 
192 
220 
192 
222 
204 
216 
220 
192 
210 
192 
240 
192 
194 
192 
198 
210 
220 
192 
192 
216 
218 
192 
190 
210 
202 
224 
194 
234 
312 
220 
192 
220 
220 
208 
222 
282 
220 
220 
222 
192 
208 
220 
192 
56 
218 
192 
58 
212 
186 
192 
224 
54 
218 
222 
56 
222 
54 
210 
212 
58 
190 
208 
254 
194 
208 
268 
222 
218 
194 
192 
192 
192 
192 
194 
192 
192 
222 
192 
220 
222 
192 
220 
208 
224 
284 
224 
222 
220 
228 
210 
222 
192 
222 
202 
236 
198 
190 
208 
444 
222 
194 
220 
240 
228 
194 
194 
220 
222 
196 
220 
192 
236 
356 
194 
192 
192 
192 
190 
222 
282 
192 
218 
188 
192 
206 
222 
194 
222 
212 
220 
210 
210 
220 
192 
226 
220 
216 
224 
210 
222 
304 
292 
54 
220 
222 
54 
220 
54 
220 
210 
54 
224 
58 
218 
204 
58 
222 
220 
222 
210 
196 
332 
192 
208 
220 
196 
198 
222 
228 
192 
208 
224 
222 
194 
192 
260 
192 
222 
190 
232 
214 
210 
224 
192 
222 
192 
222 
208 
226 
228 
196 
196 
222 
190 
192 
220 
222 
194 
222 
208 
222 
192 
198 
236 
218 
196 
232 
192 
190 
222 
216 
192 
236 
210 
210 
206 
192 
240 
246 
192 
194 
224 
210 
222 
254 
212 
220 
192 
222 
210 
194 
350 
192 
222 
220 
192 
212 
220 
58 
220 
56 
222 
224 
58 
220 
258 
220 
222 
220 
220 
210 
220 
360 
224 
222 
224 
222 
210 
220 
294 
220 
218 
218 
200 
194 
198 
300 
192 
218 
220 
196 
242 
222 
310 
220 
238 
222 
196 
210 
214 
322 
220 
222 
218 
194 
208 
220 
350 
218 
218 
220 
220 
208 
218 
344 
220 
218 
222 
218 
208 
208 
378 
224 
222 
222 
218 
208 
220 
452 
220 
194 
208 
208 
220 
240 
338 
192 
190 
196 
196 
212 
216 
348 
202 
220 
220 
218 
210 
220 
364 
222 
222 
220 
218 
208 
218 
368 
220 
220 
220 
222 
210 
220 
384 
222 
222 
220 
202 
218 
196 
496 
208 
220 
208 
216 
220 
222 
390 
196 
212 
222 
222 
216 
218 
394 
218 
224 
224 
220 
222 
220 
416 
220 
658 
224 
220 
224 
218 
420 
240 
222 
212 
220 
220 
222 
438 
216 
222 
222 
222 
222 
222 
440 
220 
218 
218 
198 
220 
220 
482 
190 
222 
220 
194 
232 
208 
490 
220 
906 
222 
218 
218 
220 
594 
218 
220 
210 
224 
210 
220 
510 
222 
194 
290 
210 
220 
308 
494 
312 
194 
224 
194 
212 
222 
524 
222 
220 
222 
224 
212 
218 
678 
192 
220 
218 
220 
220 
220 
252 
226 
220 
222 
222 
190 
208 
192 
200 
228 
218 
218 
220 
222 
192 
224 
216 
214 
190 
220 
222 
544 
210 
192 
208 
218 
210 
220 
548 
192 
222 
192 
226 
198 
210 
220 
216 
218 
220 
192 
194 
194 
610 
220 
218 
220 
220 
214 
192 
548 
222 
222 
220 
210 
218 
192 
586 
202 
222 
224 
218 
194 
222 
584 
220 
198 
192 
220 
222 
210 
578 
220 
220 
220 
222 
196 
220 
236 
234 
218 
208 
218 
218 
220 
618 
192 
192 
192 
226 
190 
220 
632 
222 
222 
218 
222 
218 
218 
242 
216 
220 
220 
220 
218 
222 
670 
218 
220 
222 
196 
212 
198 
690 
220 
206 
208 
202 
224 
226 
744 
218 
194 
194 
218 
200 
212 
684 
220 
226 
192 
282 
224 
224 
822 
192 
198 
190 
194 
220 
218 
692 
194 
214 
192 
196 
208 
216 
716 
222 
220 
220 
208 
228 
220 
710 
222 
204 
220 
196 
292 
198 
200 
212 
220 
224 
220 
220 
220 
710 
218 
244 
288 
212 
222 
208 
222 
208 
294 
208 
246 
208 
224 
204 
208 
192 
210 
210 
194 
282 
704 
222 
220 
212 
238 
220 
210 
216 
200 
260 
218 
220 
210 
218 
212 
222 
220 
198 
220 
208 
198 
210 
214 
204 
190 
220 
208 
318 
218 
192 
222 
224 
222 
222 
222 
192 
208 
222 
190 
210 
198 
296 
212 
254 
220 
222 
222 
222 
222 
220 
226 
222 
218 
220 
222 
218 
224 
218 
218 
220 
220 
218 
222 
218 
220 
218 
222 
218 
222 
222 
222 
220 
210 
218 
238 
224 
220 
220 
222 
228 
222 
220 
220 
210 
218 
220 
208 
222 
218 
212 
208 
220 
212 
242 
500 
220 
222 
220 
286 
222 
222 
218 
192 
220 
222 
222 
220 
