# FR-trace starting at Wed Dec 16 19:26:21 2020
################# CONFIG #################
# slot=10000
# samples=5000
# threshold=100
# idle=500
# minlen=500
# runs=60000
# pdathreads=3
# nmonitored=1
#   monitor0=/usr/local/lib/libcrypto.so 799838 0xc345e
# nevicted=0
# npdatargets=1
#   target0=/usr/local/lib/libcrypto.so 750148 0xb7244
# affinity=all
############## SYSTEM INFO ###############
# mastik_version=
# sysname=Linux
# nodename=5997f38f2dda
# release=5.4.0-56-generic
# version=#62-Ubuntu SMP Mon Nov 23 19:20:19 UTC 2020
# machine=x86_64
################## DATA ##################
# run=0
# datapoints=3212
54 
342 
214 
190 
222 
212 
218 
194 
782 
188 
218 
216 
190 
218 
218 
190 
188 
192 
218 
188 
216 
192 
726 
188 
216 
214 
218 
216 
218 
580 
216 
218 
58 
218 
218 
190 
56 
220 
54 
220 
218 
56 
220 
0 
0 
0 
208 
58 
206 
56 
600 
190 
194 
220 
224 
218 
220 
622 
222 
188 
192 
218 
210 
190 
594 
194 
198 
218 
190 
222 
194 
600 
194 
194 
238 
194 
242 
194 
58 
194 
220 
192 
218 
220 
220 
844 
194 
222 
198 
222 
206 
222 
630 
190 
210 
222 
192 
192 
222 
740 
214 
212 
226 
196 
218 
220 
676 
218 
192 
190 
234 
204 
202 
650 
192 
220 
196 
218 
188 
222 
190 
220 
192 
220 
226 
222 
210 
686 
208 
220 
218 
194 
224 
192 
56 
218 
218 
60 
220 
58 
220 
700 
62 
216 
56 
218 
224 
62 
700 
208 
58 
206 
58 
224 
208 
56 
194 
192 
220 
218 
220 
220 
192 
220 
194 
218 
224 
234 
222 
222 
222 
216 
196 
218 
220 
218 
218 
188 
222 
216 
226 
218 
222 
222 
190 
220 
214 
198 
192 
260 
232 
218 
194 
238 
210 
192 
220 
220 
192 
194 
194 
246 
312 
210 
190 
200 
228 
242 
220 
192 
218 
210 
194 
212 
200 
240 
220 
222 
210 
224 
220 
190 
220 
220 
190 
192 
218 
222 
218 
220 
190 
220 
222 
210 
192 
194 
222 
220 
192 
58 
222 
218 
218 
220 
58 
218 
222 
60 
222 
58 
210 
208 
60 
206 
58 
218 
222 
62 
194 
232 
220 
222 
192 
212 
220 
284 
224 
220 
190 
192 
220 
240 
220 
220 
218 
194 
222 
202 
220 
200 
190 
222 
192 
220 
220 
60 
214 
224 
192 
222 
192 
208 
192 
222 
212 
190 
194 
208 
218 
222 
198 
220 
234 
222 
216 
212 
192 
232 
204 
204 
192 
224 
222 
218 
226 
190 
220 
194 
192 
220 
190 
220 
196 
218 
222 
220 
218 
220 
224 
220 
218 
220 
206 
192 
192 
222 
218 
220 
218 
190 
192 
60 
220 
212 
58 
222 
58 
220 
216 
60 
220 
58 
194 
194 
62 
194 
58 
202 
192 
222 
222 
220 
194 
220 
220 
194 
192 
196 
218 
222 
220 
210 
218 
220 
252 
238 
234 
192 
192 
224 
222 
220 
220 
192 
220 
220 
198 
220 
190 
194 
224 
222 
190 
196 
222 
220 
216 
192 
222 
212 
222 
220 
224 
212 
222 
192 
214 
250 
248 
192 
250 
196 
226 
220 
192 
192 
220 
234 
218 
194 
214 
210 
220 
192 
194 
224 
202 
210 
220 
192 
194 
190 
192 
192 
194 
220 
218 
194 
194 
220 
220 
58 
222 
288 
58 
210 
58 
220 
220 
60 
218 
58 
222 
220 
60 
220 
56 
222 
220 
58 
222 
222 
56 
194 
220 
194 
198 
210 
212 
194 
222 
210 
190 
222 
222 
218 
222 
222 
220 
222 
210 
578 
192 
222 
218 
190 
222 
240 
192 
220 
218 
230 
226 
230 
200 
192 
222 
194 
208 
192 
190 
210 
220 
192 
202 
222 
222 
220 
222 
218 
220 
210 
220 
194 
192 
194 
220 
194 
210 
190 
208 
196 
222 
222 
192 
210 
220 
220 
222 
192 
194 
192 
208 
192 
220 
222 
196 
220 
222 
210 
222 
220 
222 
218 
208 
220 
58 
210 
220 
58 
220 
58 
224 
210 
60 
222 
222 
56 
218 
56 
208 
220 
190 
194 
234 
194 
220 
212 
222 
190 
190 
192 
218 
192 
208 
220 
194 
208 
194 
192 
196 
210 
218 
192 
220 
222 
220 
222 
210 
220 
270 
218 
228 
220 
226 
212 
198 
208 
192 
190 
188 
220 
194 
222 
206 
222 
218 
220 
220 
208 
202 
194 
218 
220 
220 
218 
212 
198 
192 
216 
192 
220 
222 
192 
196 
194 
196 
220 
192 
222 
192 
210 
298 
208 
192 
208 
202 
210 
222 
214 
196 
218 
192 
220 
58 
220 
58 
262 
220 
58 
220 
58 
218 
240 
58 
220 
222 
58 
212 
208 
196 
218 
188 
210 
194 
206 
192 
320 
216 
194 
192 
222 
206 
230 
194 
220 
192 
226 
220 
200 
194 
232 
222 
220 
220 
224 
232 
222 
190 
196 
220 
220 
192 
212 
222 
190 
222 
192 
196 
234 
212 
192 
376 
218 
220 
194 
214 
206 
236 
300 
222 
200 
192 
194 
208 
194 
204 
194 
212 
192 
194 
192 
214 
304 
222 
210 
208 
210 
212 
224 
190 
0 
0 
0 
222 
190 
194 
266 
190 
218 
190 
190 
204 
56 
210 
78 
216 
222 
56 
208 
56 
318 
218 
56 
216 
54 
206 
190 
220 
218 
220 
188 
240 
210 
208 
354 
218 
220 
218 
228 
216 
196 
338 
192 
222 
188 
216 
236 
218 
580 
190 
192 
216 
218 
208 
218 
482 
192 
220 
218 
220 
206 
216 
244 
222 
216 
218 
218 
192 
218 
418 
216 
218 
192 
222 
208 
228 
548 
188 
218 
224 
220 
192 
218 
292 
192 
208 
216 
190 
192 
186 
312 
190 
216 
220 
194 
206 
188 
318 
214 
218 
190 
196 
206 
190 
342 
54 
220 
222 
56 
208 
56 
326 
216 
60 
218 
54 
210 
218 
54 
192 
220 
190 
190 
208 
294 
368 
192 
218 
192 
190 
206 
202 
348 
218 
206 
218 
206 
190 
204 
414 
192 
190 
216 
194 
208 
190 
362 
218 
210 
218 
192 
242 
192 
518 
192 
216 
218 
218 
206 
218 
410 
192 
218 
240 
220 
208 
190 
520 
216 
218 
192 
218 
212 
192 
388 
218 
218 
186 
190 
208 
218 
412 
188 
216 
206 
188 
228 
190 
650 
220 
208 
200 
190 
192 
216 
570 
220 
192 
212 
56 
218 
216 
56 
222 
54 
220 
216 
54 
216 
54 
220 
218 
54 
216 
188 
184 
654 
188 
188 
222 
216 
190 
212 
514 
206 
190 
242 
194 
216 
220 
714 
222 
204 
198 
190 
224 
0 
0 
192 
56 
198 
196 
190 
220 
530 
220 
226 
216 
204 
220 
210 
700 
206 
218 
194 
194 
220 
218 
536 
218 
192 
224 
220 
190 
212 
726 
194 
212 
218 
220 
218 
226 
560 
222 
222 
192 
206 
196 
212 
552 
224 
188 
194 
224 
222 
192 
600 
212 
220 
206 
192 
190 
190 
574 
244 
214 
58 
220 
236 
60 
538 
60 
206 
222 
58 
222 
222 
58 
220 
58 
218 
224 
58 
222 
58 
222 
218 
60 
220 
90 
58 
530 
58 
190 
222 
220 
218 
214 
654 
218 
192 
224 
220 
222 
196 
570 
220 
228 
208 
210 
220 
272 
240 
210 
212 
192 
190 
218 
220 
704 
220 
212 
196 
210 
194 
194 
590 
224 
194 
192 
216 
220 
218 
632 
222 
218 
196 
222 
190 
218 
614 
192 
234 
192 
210 
222 
224 
664 
252 
222 
212 
226 
226 
192 
672 
188 
222 
208 
196 
210 
194 
192 
334 
206 
208 
210 
196 
248 
682 
192 
224 
220 
218 
192 
204 
682 
60 
220 
222 
60 
222 
60 
684 
220 
58 
208 
58 
220 
224 
56 
194 
216 
220 
192 
190 
224 
682 
194 
216 
194 
194 
220 
220 
702 
222 
222 
206 
192 
218 
222 
190 
192 
210 
216 
210 
240 
220 
236 
222 
220 
220 
220 
224 
192 
202 
194 
196 
220 
242 
190 
222 
712 
214 
0 
0 
0 
220 
218 
206 
202 
220 
216 
218 
218 
218 
710 
188 
218 
190 
216 
204 
220 
188 
194 
206 
230 
190 
228 
188 
218 
192 
216 
190 
196 
188 
248 
208 
218 
216 
216 
220 
208 
190 
218 
212 
192 
192 
54 
190 
218 
56 
218 
58 
218 
218 
54 
214 
54 
218 
218 
56 
190 
192 
188 
188 
188 
216 
216 
218 
188 
218 
188 
186 
218 
190 
190 
190 
224 
190 
192 
216 
224 
190 
228 
192 
222 
190 
58 
190 
220 
270 
222 
190 
188 
232 
188 
188 
220 
188 
216 
222 
218 
216 
190 
190 
218 
220 
224 
218 
222 
220 
192 
218 
188 
186 
222 
188 
216 
218 
216 
194 
188 
204 
190 
192 
220 
200 
190 
218 
210 
206 
220 
218 
206 
192 
188 
220 
200 
224 
190 
240 
190 
58 
218 
214 
54 
220 
58 
190 
218 
56 
220 
56 
216 
218 
56 
220 
192 
218 
234 
220 
190 
220 
220 
220 
216 
218 
216 
220 
186 
188 
190 
194 
190 
192 
194 
196 
218 
216 
222 
220 
190 
186 
218 
192 
188 
206 
216 
206 
192 
194 
218 
224 
192 
216 
190 
192 
204 
216 
192 
194 
192 
216 
220 
216 
216 
222 
192 
218 
190 
216 
220 
216 
190 
218 
220 
220 
220 
206 
220 
220 
218 
218 
222 
262 
190 
196 
214 
216 
192 
218 
216 
220 
0 
0 
0 
238 
192 
210 
240 
58 
212 
62 
222 
222 
56 
218 
60 
220 
220 
58 
220 
58 
222 
220 
58 
218 
222 
58 
208 
194 
220 
192 
200 
192 
190 
226 
220 
192 
234 
218 
220 
230 
220 
216 
214 
194 
222 
190 
218 
208 
192 
222 
220 
192 
218 
190 
208 
192 
210 
206 
192 
192 
220 
288 
192 
206 
220 
218 
222 
248 
222 
192 
222 
192 
222 
220 
194 
222 
224 
220 
218 
218 
196 
0 
210 
192 
220 
222 
188 
192 
190 
208 
192 
220 
210 
202 
194 
194 
192 
192 
220 
196 
190 
218 
190 
192 
234 
220 
210 
220 
56 
194 
62 
224 
206 
58 
222 
222 
58 
210 
58 
210 
216 
58 
220 
58 
212 
222 
60 
190 
230 
218 
218 
210 
200 
220 
218 
190 
192 
222 
212 
224 
222 
194 
190 
224 
222 
190 
190 
192 
190 
218 
218 
190 
210 
218 
210 
220 
208 
216 
190 
196 
192 
218 
208 
252 
208 
192 
208 
222 
206 
220 
192 
206 
222 
308 
194 
194 
220 
190 
192 
222 
208 
224 
192 
220 
192 
234 
190 
212 
190 
192 
220 
220 
222 
186 
208 
204 
260 
220 
222 
210 
220 
208 
222 
192 
198 
220 
210 
192 
196 
192 
58 
202 
60 
196 
276 
60 
252 
60 
222 
224 
58 
220 
208 
212 
190 
222 
226 
206 
216 
208 
218 
192 
224 
218 
212 
222 
194 
216 
218 
222 
200 
196 
214 
206 
220 
196 
222 
194 
224 
190 
206 
194 
194 
222 
232 
222 
196 
210 
224 
192 
210 
214 
238 
206 
194 
220 
276 
190 
218 
200 
220 
196 
192 
234 
194 
200 
238 
218 
188 
226 
228 
190 
222 
224 
216 
188 
202 
248 
222 
190 
220 
218 
208 
190 
194 
222 
188 
220 
218 
192 
194 
196 
190 
222 
190 
58 
208 
218 
58 
222 
58 
204 
192 
60 
232 
184 
218 
218 
58 
222 
210 
190 
192 
214 
222 
192 
220 
228 
194 
222 
212 
222 
220 
196 
192 
218 
190 
190 
220 
218 
220 
192 
194 
192 
222 
220 
220 
214 
190 
218 
370 
210 
248 
190 
192 
206 
192 
396 
226 
206 
202 
192 
240 
190 
222 
208 
192 
222 
224 
194 
220 
374 
190 
196 
220 
210 
194 
192 
360 
192 
224 
222 
222 
210 
220 
216 
218 
220 
220 
218 
210 
190 
474 
222 
192 
224 
218 
212 
218 
276 
204 
220 
58 
192 
208 
56 
474 
220 
56 
208 
58 
210 
208 
56 
210 
56 
194 
220 
196 
272 
326 
210 
218 
222 
222 
214 
224 
438 
186 
192 
220 
234 
194 
192 
418 
224 
208 
194 
218 
194 
192 
324 
194 
222 
224 
190 
192 
194 
328 
192 
220 
208 
214 
190 
222 
398 
220 
222 
220 
214 
196 
194 
500 
200 
198 
210 
222 
208 
192 
554 
192 
212 
220 
218 
190 
194 
534 
200 
192 
220 
194 
190 
220 
362 
216 
222 
192 
220 
194 
190 
354 
220 
200 
220 
210 
206 
192 
536 
220 
58 
220 
58 
212 
218 
56 
192 
60 
220 
220 
60 
194 
372 
192 
190 
222 
190 
190 
190 
406 
192 
214 
220 
210 
222 
192 
630 
212 
194 
218 
194 
196 
196 
602 
220 
220 
222 
222 
224 
190 
436 
234 
194 
190 
190 
194 
220 
566 
222 
220 
192 
196 
200 
190 
500 
240 
208 
218 
208 
224 
222 
482 
220 
194 
220 
222 
220 
196 
744 
224 
190 
190 
196 
220 
220 
624 
194 
220 
222 
224 
196 
194 
554 
224 
192 
222 
194 
218 
218 
516 
222 
194 
238 
220 
222 
56 
506 
56 
224 
222 
60 
208 
222 
58 
220 
58 
218 
218 
58 
222 
58 
222 
218 
58 
220 
58 
218 
616 
204 
198 
192 
210 
190 
194 
492 
208 
218 
190 
218 
196 
204 
520 
194 
192 
194 
192 
216 
208 
556 
244 
222 
192 
218 
224 
190 
564 
224 
218 
196 
224 
220 
220 
554 
220 
222 
222 
222 
210 
222 
674 
220 
224 
196 
192 
224 
190 
194 
220 
342 
212 
208 
206 
210 
574 
194 
206 
202 
298 
194 
220 
606 
202 
220 
224 
212 
224 
222 
714 
218 
196 
222 
190 
194 
196 
638 
222 
192 
194 
190 
194 
220 
58 
220 
216 
58 
224 
220 
58 
684 
60 
222 
220 
58 
60 
192 
634 
226 
198 
192 
218 
208 
224 
208 
220 
266 
210 
198 
192 
200 
670 
190 
236 
192 
222 
222 
222 
222 
206 
232 
190 
58 
226 
224 
678 
192 
216 
192 
192 
220 
220 
678 
220 
222 
192 
194 
222 
216 
192 
194 
222 
190 
220 
194 
192 
676 
210 
220 
192 
190 
222 
224 
676 
194 
208 
206 
212 
218 
212 
684 
224 
222 
192 
222 
220 
220 
692 
194 
218 
220 
222 
236 
220 
710 
214 
222 
220 
228 
218 
222 
56 
220 
58 
218 
220 
62 
224 
220 
62 
220 
62 
218 
226 
56 
220 
192 
194 
222 
196 
192 
222 
220 
196 
222 
198 
214 
192 
210 
216 
194 
190 
190 
276 
244 
192 
220 
192 
198 
202 
194 
224 
192 
218 
190 
222 
192 
192 
206 
222 
190 
220 
192 
192 
218 
194 
194 
220 
192 
202 
192 
220 
222 
218 
220 
218 
194 
218 
190 
220 
220 
192 
190 
200 
220 
216 
222 
194 
210 
210 
190 
206 
192 
220 
208 
224 
194 
222 
230 
222 
210 
222 
218 
196 
192 
222 
196 
220 
58 
218 
220 
60 
220 
58 
222 
222 
60 
220 
220 
56 
222 
58 
194 
224 
212 
222 
222 
220 
262 
222 
220 
220 
192 
216 
0 
0 
218 
186 
218 
194 
190 
192 
212 
190 
206 
188 
196 
190 
216 
216 
216 
188 
190 
220 
206 
210 
194 
220 
188 
208 
188 
218 
194 
190 
202 
192 
216 
220 
218 
222 
220 
214 
218 
218 
190 
216 
216 
220 
212 
192 
214 
188 
218 
218 
192 
188 
188 
198 
218 
188 
190 
240 
190 
206 
204 
202 
222 
220 
218 
218 
218 
202 
214 
216 
214 
220 
54 
220 
58 
218 
220 
54 
218 
56 
218 
216 
56 
214 
54 
210 
218 
220 
218 
222 
190 
218 
190 
188 
286 
218 
210 
218 
220 
218 
206 
216 
218 
216 
218 
190 
192 
206 
208 
206 
190 
214 
188 
210 
216 
242 
218 
210 
190 
216 
190 
192 
220 
218 
220 
222 
192 
222 
218 
216 
218 
192 
190 
220 
214 
216 
196 
190 
210 
218 
216 
216 
218 
190 
190 
222 
204 
190 
188 
194 
218 
218 
188 
218 
192 
194 
220 
186 
212 
210 
190 
188 
190 
208 
192 
216 
192 
60 
218 
218 
54 
216 
58 
218 
188 
56 
218 
58 
218 
216 
58 
220 
54 
192 
202 
192 
218 
214 
216 
192 
192 
206 
216 
218 
226 
224 
190 
192 
192 
190 
230 
188 
220 
188 
220 
192 
190 
270 
212 
188 
218 
322 
188 
188 
196 
278 
228 
214 
188 
222 
208 
188 
190 
214 
190 
190 
206 
188 
218 
188 
218 
192 
220 
0 
0 
0 
220 
220 
194 
222 
212 
220 
202 
220 
192 
192 
220 
192 
222 
324 
218 
222 
190 
220 
192 
188 
224 
220 
192 
224 
192 
202 
224 
196 
208 
56 
222 
58 
210 
220 
58 
220 
60 
222 
194 
60 
208 
58 
194 
190 
196 
224 
208 
192 
194 
220 
194 
218 
192 
210 
194 
190 
198 
194 
220 
220 
190 
218 
264 
220 
218 
224 
208 
212 
234 
194 
222 
192 
222 
192 
190 
216 
238 
220 
218 
192 
200 
208 
206 
474 
220 
190 
206 
194 
210 
220 
192 
220 
222 
192 
192 
420 
192 
220 
224 
216 
220 
198 
190 
220 
190 
206 
226 
194 
220 
208 
222 
192 
192 
226 
220 
200 
266 
194 
192 
222 
224 
220 
222 
210 
224 
56 
192 
190 
58 
190 
58 
196 
218 
220 
278 
208 
292 
210 
278 
222 
204 
222 
220 
222 
206 
222 
220 
222 
220 
220 
218 
210 
222 
222 
222 
222 
218 
220 
206 
220 
222 
194 
220 
210 
218 
212 
190 
222 
240 
220 
220 
220 
210 
222 
224 
220 
220 
222 
210 
240 
210 
230 
190 
220 
220 
232 
210 
190 
206 
194 
210 
220 
212 
216 
196 
242 
218 
222 
190 
226 
208 
218 
222 
202 
220 
222 
222 
314 
220 
220 
220 
222 
222 
210 
210 
218 
222 
220 
210 
220 
212 
212 
218 
220 
222 
212 
222 
220 
212 
210 
224 
208 
210 
216 
236 
252 
268 
210 
190 
220 
234 
220 
382 
212 
266 
210 
222 
212 
218 
210 
220 
400 
218 
220 
224 
222 
210 
220 
256 
218 
218 
220 
220 
212 
220 
272 
220 
220 
222 
220 
210 
220 
530 
222 
222 
218 
222 
210 
220 
300 
220 
226 
216 
198 
210 
268 
292 
280 
322 
220 
218 
214 
220 
262 
240 
222 
212 
208 
212 
192 
264 
222 
188 
210 
190 
208 
222 
298 
210 
240 
206 
210 
210 
238 
282 
212 
314 
194 
208 
210 
190 
546 
198 
222 
218 
224 
208 
220 
306 
192 
210 
210 
210 
192 
220 
310 
198 
194 
220 
218 
210 
220 
674 
220 
220 
222 
210 
210 
218 
318 
240 
192 
222 
220 
214 
220 
188 
220 
212 
200 
194 
208 
222 
704 
242 
210 
220 
194 
220 
218 
370 
222 
212 
202 
200 
214 
218 
570 
220 
222 
226 
284 
210 
210 
390 
210 
212 
252 
220 
258 
272 
398 
208 
218 
220 
224 
204 
222 
488 
194 
222 
192 
192 
216 
224 
424 
220 
222 
206 
224 
220 
220 
208 
220 
210 
222 
220 
224 
210 
440 
190 
192 
202 
206 
210 
220 
430 
210 
220 
210 
220 
226 
218 
460 
210 
210 
212 
222 
206 
222 
584 
220 
220 
226 
218 
224 
222 
450 
192 
298 
198 
228 
204 
210 
496 
220 
192 
204 
222 
220 
222 
190 
216 
218 
222 
192 
220 
192 
684 
220 
218 
220 
222 
208 
240 
474 
192 
196 
224 
220 
220 
224 
738 
220 
192 
192 
246 
232 
194 
558 
218 
216 
218 
222 
222 
222 
564 
220 
210 
222 
196 
218 
196 
608 
220 
192 
280 
212 
220 
220 
524 
220 
224 
222 
226 
246 
216 
714 
220 
208 
190 
222 
218 
220 
590 
220 
266 
192 
222 
212 
196 
586 
206 
220 
220 
210 
240 
190 
604 
206 
218 
230 
204 
224 
212 
622 
194 
220 
194 
222 
190 
222 
580 
220 
222 
220 
218 
222 
220 
630 
222 
220 
216 
222 
218 
220 
600 
224 
218 
222 
218 
220 
222 
626 
220 
220 
222 
220 
212 
218 
606 
220 
220 
220 
222 
204 
212 
588 
208 
222 
220 
206 
214 
218 
672 
202 
222 
224 
216 
224 
284 
636 
210 
224 
220 
220 
218 
222 
634 
222 
220 
220 
222 
218 
220 
648 
222 
222 
220 
226 
220 
224 
658 
218 
222 
220 
220 
220 
216 
688 
220 
