# FR-trace starting at Wed Dec 16 17:21:49 2020
################# CONFIG #################
# slot=10000
# samples=5000
# threshold=100
# idle=500
# minlen=500
# runs=60000
# pdathreads=3
# nmonitored=1
#   monitor0=/usr/local/lib/libcrypto.so 799838 0xc345e
# nevicted=0
# npdatargets=1
#   target0=/usr/local/lib/libcrypto.so 750148 0xb7244
# affinity=all
############## SYSTEM INFO ###############
# mastik_version=
# sysname=Linux
# nodename=5997f38f2dda
# release=5.4.0-56-generic
# version=#62-Ubuntu SMP Mon Nov 23 19:20:19 UTC 2020
# machine=x86_64
################## DATA ##################
# run=0
# datapoints=3075
56 
192 
192 
204 
192 
192 
192 
238 
218 
218 
222 
194 
222 
190 
222 
192 
192 
200 
236 
192 
196 
210 
192 
224 
218 
192 
202 
214 
224 
220 
220 
222 
218 
218 
58 
190 
192 
208 
54 
208 
54 
224 
244 
56 
212 
220 
54 
214 
54 
56 
220 
208 
194 
218 
192 
232 
222 
224 
224 
192 
220 
208 
196 
194 
218 
190 
194 
216 
218 
222 
192 
220 
218 
214 
218 
58 
220 
196 
220 
194 
190 
222 
208 
226 
220 
188 
220 
220 
226 
192 
210 
192 
210 
194 
196 
210 
218 
194 
204 
218 
192 
222 
222 
222 
222 
192 
222 
220 
208 
222 
194 
200 
222 
220 
192 
192 
224 
222 
192 
192 
216 
192 
192 
222 
218 
222 
220 
192 
192 
194 
56 
224 
222 
54 
218 
220 
58 
222 
220 
56 
220 
56 
220 
192 
52 
218 
210 
56 
220 
54 
252 
218 
54 
208 
222 
194 
220 
200 
220 
192 
226 
226 
192 
222 
218 
190 
192 
192 
194 
192 
218 
220 
190 
220 
222 
194 
222 
216 
222 
218 
192 
192 
194 
194 
202 
194 
220 
192 
192 
192 
192 
194 
192 
194 
194 
244 
192 
212 
230 
208 
192 
190 
210 
212 
194 
194 
220 
222 
190 
210 
220 
220 
212 
190 
222 
220 
222 
230 
236 
210 
192 
222 
188 
238 
192 
218 
188 
212 
220 
222 
192 
220 
194 
56 
222 
224 
216 
0 
0 
216 
54 
218 
52 
212 
216 
54 
216 
52 
262 
210 
54 
218 
54 
188 
208 
54 
190 
206 
194 
214 
186 
188 
216 
194 
188 
192 
190 
188 
190 
192 
216 
236 
220 
222 
190 
206 
218 
216 
208 
208 
188 
216 
192 
188 
188 
216 
218 
190 
238 
204 
218 
198 
210 
206 
206 
208 
188 
188 
194 
206 
208 
192 
218 
190 
190 
236 
216 
210 
212 
200 
188 
202 
198 
204 
202 
206 
220 
208 
188 
186 
216 
190 
190 
190 
206 
196 
186 
184 
186 
210 
188 
226 
196 
188 
52 
214 
216 
54 
208 
50 
190 
216 
52 
208 
52 
208 
206 
54 
190 
52 
196 
216 
190 
210 
202 
246 
222 
204 
190 
190 
192 
192 
216 
188 
190 
200 
210 
190 
188 
218 
224 
218 
218 
220 
212 
222 
222 
190 
218 
188 
206 
190 
270 
190 
190 
218 
220 
220 
192 
354 
216 
190 
220 
188 
190 
222 
190 
236 
190 
194 
214 
194 
208 
270 
190 
220 
218 
208 
208 
220 
190 
216 
190 
218 
216 
188 
190 
186 
218 
190 
222 
228 
190 
216 
188 
220 
240 
218 
52 
208 
222 
52 
218 
52 
222 
218 
56 
220 
52 
220 
218 
54 
218 
52 
220 
200 
52 
218 
50 
186 
204 
238 
236 
190 
228 
214 
190 
208 
190 
218 
218 
206 
188 
190 
206 
190 
250 
190 
218 
202 
216 
202 
224 
256 
216 
214 
190 
218 
206 
188 
268 
208 
212 
190 
216 
206 
216 
244 
190 
214 
218 
216 
206 
190 
490 
222 
216 
216 
216 
206 
238 
244 
190 
294 
192 
208 
208 
224 
270 
186 
242 
192 
190 
206 
190 
276 
190 
208 
212 
220 
188 
220 
476 
218 
208 
192 
218 
190 
52 
262 
50 
218 
220 
52 
206 
52 
256 
218 
56 
220 
52 
190 
190 
286 
190 
232 
220 
216 
206 
192 
516 
200 
190 
216 
228 
234 
192 
330 
196 
216 
192 
192 
206 
208 
428 
190 
218 
218 
190 
206 
188 
502 
188 
208 
220 
220 
192 
212 
366 
190 
218 
188 
216 
190 
190 
402 
188 
216 
206 
206 
208 
220 
388 
216 
224 
192 
220 
204 
218 
554 
192 
216 
192 
186 
206 
190 
426 
200 
214 
216 
220 
206 
190 
428 
218 
188 
216 
204 
208 
52 
398 
220 
56 
218 
54 
210 
220 
52 
216 
52 
216 
220 
52 
192 
448 
218 
218 
220 
214 
190 
190 
532 
214 
220 
218 
218 
190 
216 
452 
196 
214 
218 
218 
214 
190 
460 
192 
192 
208 
218 
220 
212 
460 
192 
190 
196 
222 
210 
218 
568 
218 
218 
228 
198 
192 
218 
528 
188 
220 
220 
216 
216 
188 
462 
188 
192 
216 
196 
220 
216 
678 
214 
218 
190 
218 
216 
220 
648 
222 
218 
190 
190 
190 
216 
728 
192 
190 
234 
192 
192 
190 
536 
278 
52 
218 
54 
218 
208 
54 
218 
56 
218 
216 
54 
218 
52 
216 
190 
218 
224 
188 
220 
564 
218 
218 
224 
220 
192 
192 
534 
220 
220 
220 
194 
218 
190 
600 
230 
190 
208 
190 
218 
208 
620 
220 
226 
208 
196 
220 
208 
578 
190 
190 
218 
196 
220 
190 
746 
188 
190 
218 
190 
190 
206 
584 
220 
192 
218 
220 
218 
190 
190 
218 
224 
216 
216 
186 
230 
592 
220 
192 
190 
190 
220 
186 
624 
216 
222 
208 
220 
218 
220 
192 
218 
218 
54 
218 
218 
52 
602 
52 
218 
218 
50 
218 
54 
598 
208 
54 
196 
218 
218 
216 
720 
216 
192 
220 
218 
216 
190 
640 
192 
220 
218 
190 
216 
236 
682 
220 
192 
216 
206 
218 
192 
652 
190 
190 
220 
218 
216 
218 
676 
188 
218 
218 
234 
190 
218 
694 
190 
192 
186 
218 
218 
1238 
188 
208 
236 
218 
190 
192 
210 
712 
216 
212 
218 
190 
214 
216 
222 
218 
190 
208 
206 
212 
220 
218 
218 
192 
190 
190 
218 
214 
190 
214 
216 
186 
218 
218 
54 
216 
56 
212 
220 
54 
220 
56 
220 
216 
54 
218 
48 
216 
192 
192 
220 
218 
220 
220 
206 
190 
218 
220 
190 
190 
190 
220 
190 
216 
192 
216 
190 
220 
220 
220 
190 
218 
220 
212 
186 
190 
218 
218 
190 
222 
192 
220 
188 
214 
190 
192 
192 
216 
190 
220 
208 
214 
220 
216 
192 
190 
218 
184 
190 
212 
218 
188 
216 
218 
198 
190 
192 
218 
194 
218 
234 
216 
218 
218 
208 
216 
216 
192 
216 
216 
190 
190 
192 
192 
188 
218 
52 
216 
52 
218 
190 
50 
204 
54 
218 
218 
52 
218 
50 
220 
216 
52 
216 
56 
220 
216 
52 
218 
54 
220 
196 
50 
250 
220 
190 
206 
190 
192 
210 
222 
192 
190 
220 
220 
214 
222 
190 
238 
218 
220 
190 
190 
218 
218 
218 
198 
218 
220 
190 
190 
216 
190 
208 
216 
220 
190 
188 
204 
216 
212 
238 
218 
208 
218 
218 
192 
188 
194 
210 
192 
216 
218 
190 
198 
190 
204 
222 
218 
190 
218 
218 
216 
190 
220 
220 
198 
218 
234 
216 
220 
218 
216 
218 
218 
232 
218 
190 
218 
194 
214 
54 
218 
54 
220 
218 
58 
220 
52 
216 
218 
54 
218 
54 
218 
202 
210 
192 
190 
190 
186 
190 
218 
258 
214 
190 
220 
212 
218 
244 
206 
218 
222 
218 
188 
220 
188 
190 
238 
214 
236 
218 
220 
220 
214 
210 
192 
214 
212 
240 
216 
190 
190 
188 
216 
204 
190 
190 
220 
216 
218 
218 
194 
220 
190 
218 
188 
192 
204 
216 
222 
216 
206 
188 
196 
218 
190 
188 
218 
230 
218 
194 
124 
212 
220 
54 
220 
52 
218 
220 
52 
220 
52 
220 
220 
52 
220 
192 
192 
206 
220 
218 
190 
190 
188 
206 
190 
198 
218 
214 
208 
218 
190 
220 
220 
216 
218 
216 
216 
192 
220 
220 
206 
210 
210 
246 
190 
200 
218 
190 
190 
192 
218 
188 
192 
192 
216 
218 
190 
222 
188 
208 
190 
218 
188 
218 
206 
218 
208 
190 
218 
204 
222 
216 
218 
210 
214 
210 
220 
218 
190 
218 
206 
210 
206 
218 
216 
220 
190 
206 
220 
220 
192 
208 
250 
208 
208 
54 
214 
50 
216 
222 
54 
210 
54 
238 
218 
54 
216 
190 
206 
212 
204 
220 
222 
218 
200 
190 
188 
198 
188 
220 
188 
192 
206 
190 
200 
242 
216 
192 
218 
188 
216 
192 
218 
218 
216 
190 
208 
218 
192 
236 
208 
190 
208 
188 
190 
220 
190 
208 
224 
216 
190 
290 
192 
190 
220 
220 
218 
206 
222 
190 
216 
216 
218 
190 
208 
220 
190 
216 
222 
218 
190 
202 
188 
190 
190 
216 
190 
208 
208 
218 
284 
218 
206 
188 
52 
208 
222 
56 
206 
52 
216 
208 
52 
218 
54 
216 
206 
54 
280 
52 
218 
220 
52 
242 
222 
190 
206 
190 
248 
216 
196 
220 
184 
210 
218 
188 
204 
234 
218 
220 
206 
206 
190 
216 
190 
220 
190 
214 
218 
188 
216 
188 
190 
220 
206 
190 
432 
190 
218 
214 
222 
206 
190 
190 
220 
192 
208 
192 
192 
206 
190 
194 
218 
222 
216 
516 
216 
226 
216 
222 
220 
188 
208 
228 
194 
218 
216 
190 
190 
192 
218 
190 
220 
234 
216 
194 
206 
216 
242 
192 
220 
218 
52 
208 
54 
216 
152 
216 
218 
50 
206 
54 
210 
218 
52 
214 
50 
208 
220 
54 
190 
192 
186 
220 
242 
214 
430 
190 
218 
192 
214 
194 
188 
218 
190 
220 
218 
190 
208 
188 
206 
186 
214 
218 
188 
210 
218 
210 
220 
0 
242 
190 
210 
216 
278 
188 
216 
190 
190 
206 
216 
222 
218 
220 
218 
220 
212 
186 
358 
190 
192 
196 
206 
408 
220 
316 
190 
210 
220 
190 
190 
216 
356 
216 
218 
220 
188 
222 
190 
282 
190 
214 
192 
220 
206 
230 
288 
190 
188 
52 
218 
54 
218 
278 
50 
214 
56 
216 
212 
56 
544 
188 
216 
190 
218 
190 
216 
340 
206 
204 
192 
216 
222 
190 
378 
218 
194 
204 
218 
210 
216 
520 
214 
218 
204 
218 
206 
190 
524 
190 
212 
188 
190 
220 
218 
490 
220 
220 
188 
220 
206 
212 
378 
192 
220 
210 
218 
210 
218 
446 
188 
192 
214 
218 
190 
192 
402 
216 
202 
208 
188 
208 
190 
398 
210 
190 
216 
254 
190 
224 
370 
216 
190 
224 
220 
206 
218 
612 
216 
52 
216 
218 
54 
212 
56 
218 
218 
52 
218 
56 
218 
380 
54 
220 
192 
210 
214 
190 
616 
218 
192 
194 
216 
190 
218 
500 
214 
208 
192 
218 
236 
206 
714 
208 
272 
208 
208 
218 
216 
646 
220 
190 
190 
218 
190 
220 
554 
218 
218 
222 
230 
216 
190 
582 
216 
220 
190 
220 
192 
186 
538 
208 
190 
190 
218 
194 
218 
648 
190 
214 
188 
222 
218 
220 
548 
220 
220 
206 
220 
216 
220 
504 
218 
190 
192 
224 
190 
190 
524 
238 
188 
54 
214 
52 
218 
192 
54 
220 
52 
222 
218 
54 
524 
52 
218 
212 
188 
218 
218 
574 
218 
214 
216 
216 
220 
190 
580 
190 
190 
216 
190 
220 
190 
554 
222 
216 
198 
220 
216 
218 
554 
192 
218 
188 
190 
190 
190 
194 
216 
188 
214 
190 
248 
188 
566 
200 
190 
230 
190 
218 
218 
602 
220 
192 
216 
220 
220 
190 
702 
218 
188 
232 
218 
218 
218 
574 
218 
188 
190 
190 
218 
224 
588 
220 
214 
190 
190 
218 
188 
722 
214 
218 
224 
56 
192 
192 
52 
218 
54 
208 
194 
54 
218 
56 
218 
186 
230 
194 
190 
216 
658 
188 
226 
190 
218 
216 
190 
644 
220 
188 
190 
210 
218 
190 
186 
220 
188 
218 
220 
240 
216 
670 
218 
186 
220 
216 
210 
218 
190 
206 
214 
220 
186 
196 
218 
682 
234 
220 
192 
204 
190 
194 
202 
194 
186 
348 
218 
220 
216 
750 
190 
190 
192 
192 
220 
220 
188 
208 
212 
194 
214 
216 
196 
704 
206 
220 
192 
216 
232 
194 
188 
218 
50 
218 
218 
52 
218 
54 
216 
218 
54 
214 
52 
220 
710 
52 
220 
52 
208 
208 
50 
190 
50 
234 
208 
236 
260 
188 
188 
190 
216 
218 
188 
220 
190 
216 
190 
218 
190 
216 
190 
210 
218 
220 
222 
208 
188 
218 
190 
208 
190 
190 
188 
216 
192 
216 
188 
188 
216 
200 
236 
190 
196 
220 
188 
216 
216 
220 
214 
190 
190 
244 
190 
222 
190 
210 
214 
198 
186 
210 
190 
194 
190 
192 
190 
190 
190 
184 
218 
218 
218 
220 
190 
216 
186 
188 
194 
192 
188 
190 
216 
52 
220 
192 
54 
216 
54 
216 
126 
222 
220 
56 
220 
190 
192 
204 
220 
190 
190 
208 
192 
186 
216 
200 
190 
192 
270 
222 
220 
188 
190 
192 
216 
218 
218 
194 
190 
220 
216 
210 
192 
204 
218 
190 
188 
220 
202 
218 
220 
190 
196 
190 
198 
190 
218 
208 
218 
196 
220 
220 
238 
188 
216 
222 
192 
216 
218 
210 
218 
190 
192 
210 
192 
216 
328 
206 
194 
220 
316 
470 
190 
190 
186 
208 
216 
190 
220 
206 
190 
212 
52 
220 
54 
216 
220 
52 
216 
54 
222 
214 
54 
218 
54 
190 
218 
232 
218 
222 
218 
192 
218 
216 
220 
220 
220 
220 
218 
214 
216 
192 
218 
236 
190 
190 
236 
236 
190 
236 
194 
188 
190 
190 
220 
192 
214 
216 
218 
210 
218 
218 
220 
192 
218 
220 
218 
220 
218 
216 
190 
190 
222 
218 
216 
190 
190 
220 
220 
208 
220 
222 
220 
222 
190 
190 
218 
208 
208 
218 
220 
190 
190 
190 
220 
190 
202 
206 
190 
218 
188 
218 
218 
190 
52 
208 
52 
218 
220 
50 
218 
54 
218 
218 
54 
216 
54 
218 
188 
220 
192 
218 
218 
220 
190 
190 
188 
218 
202 
212 
232 
196 
194 
220 
216 
202 
218 
192 
220 
188 
220 
194 
222 
188 
198 
186 
206 
208 
190 
188 
232 
192 
218 
218 
218 
210 
190 
188 
216 
204 
194 
216 
220 
216 
210 
192 
188 
238 
188 
220 
218 
190 
218 
214 
188 
218 
190 
220 
190 
222 
188 
208 
212 
192 
188 
190 
190 
186 
188 
232 
216 
212 
206 
188 
208 
224 
218 
52 
218 
52 
220 
206 
52 
206 
52 
220 
192 
52 
218 
48 
188 
218 
218 
206 
216 
210 
230 
218 
216 
218 
192 
194 
216 
218 
190 
188 
220 
188 
218 
186 
196 
220 
190 
208 
208 
222 
218 
218 
218 
194 
570 
216 
218 
190 
220 
220 
206 
208 
186 
220 
190 
220 
188 
206 
334 
206 
220 
192 
218 
190 
188 
218 
210 
220 
190 
216 
230 
220 
190 
198 
190 
190 
194 
208 
220 
234 
208 
190 
192 
190 
222 
220 
216 
386 
190 
190 
204 
236 
198 
52 
208 
214 
54 
218 
50 
220 
222 
56 
214 
52 
206 
218 
52 
208 
52 
190 
190 
264 
216 
190 
220 
188 
216 
190 
220 
188 
188 
218 
206 
220 
188 
220 
216 
218 
220 
208 
218 
188 
210 
220 
216 
192 
190 
200 
190 
188 
186 
218 
202 
206 
218 
192 
228 
190 
192 
236 
214 
220 
188 
218 
218 
192 
190 
190 
196 
226 
190 
218 
220 
216 
208 
190 
190 
218 
212 
218 
220 
188 
188 
414 
216 
236 
222 
192 
206 
188 
194 
190 
218 
220 
188 
208 
190 
218 
52 
218 
54 
238 
206 
52 
220 
52 
218 
220 
52 
206 
52 
244 
218 
218 
218 
188 
206 
204 
190 
206 
252 
206 
190 
298 
222 
332 
192 
236 
192 
192 
206 
190 
284 
190 
234 
206 
216 
208 
218 
452 
210 
244 
220 
216 
188 
216 
376 
222 
188 
218 
218 
188 
220 
330 
192 
190 
190 
220 
188 
184 
240 
188 
192 
190 
220 
190 
188 
302 
186 
190 
218 
194 
190 
188 
472 
188 
190 
192 
220 
208 
190 
418 
220 
206 
192 
190 
190 
218 
296 
54 
218 
216 
56 
206 
52 
300 
218 
216 
220 
214 
210 
190 
294 
190 
220 
206 
186 
208 
220 
302 
218 
220 
192 
216 
208 
218 
316 
230 
216 
190 
206 
208 
232 
564 
356 
218 
220 
212 
206 
208 
334 
218 
218 
218 
222 
208 
220 
310 
220 
222 
218 
216 
204 
220 
328 
218 
216 
208 
184 
218 
192 
340 
218 
208 
192 
196 
188 
216 
332 
216 
210 
212 
188 
288 
190 
336 
208 
220 
192 
190 
202 
192 
348 
206 
206 
190 
190 
220 
222 
338 
190 
218 
218 
214 
220 
216 
382 
222 
218 
220 
218 
186 
214 
392 
214 
192 
206 
196 
220 
220 
200 
192 
220 
224 
220 
200 
194 
196 
220 
218 
220 
216 
218 
218 
436 
216 
244 
206 
186 
210 
220 
668 
206 
206 
282 
208 
192 
218 
452 
246 
258 
194 
218 
220 
218 
540 
220 
214 
220 
218 
218 
216 
484 
224 
218 
284 
190 
222 
216 
484 
190 
214 
216 
208 
218 
202 
480 
214 
188 
218 
206 
188 
208 
506 
220 
210 
214 
218 
192 
206 
606 
208 
208 
214 
190 
194 
198 
474 
220 
194 
204 
208 
212 
192 
740 
208 
242 
218 
214 
220 
218 
488 
188 
220 
218 
218 
220 
192 
516 
220 
216 
202 
192 
210 
214 
504 
220 
208 
222 
192 
216 
190 
608 
218 
206 
216 
188 
218 
216 
238 
210 
190 
210 
190 
190 
212 
542 
208 
218 
192 
214 
220 
186 
562 
218 
192 
220 
238 
210 
192 
560 
222 
216 
222 
190 
216 
220 
562 
206 
192 
220 
216 
218 
218 
612 
220 
210 
218 
218 
188 
188 
732 
222 
214 
194 
222 
192 
190 
640 
216 
218 
216 
218 
208 
224 
608 
300 
190 
206 
210 
204 
210 
646 
188 
218 
240 
220 
222 
192 
662 
190 
206 
216 
220 
216 
218 
656 
210 
190 
186 
214 
196 
212 
690 
206 
218 
216 
222 
218 
192 
680 
204 
218 
190 
220 
220 
218 
644 
218 
216 
218 
216 
208 
236 
650 
218 
206 
222 
202 
208 
302 
706 
190 
220 
218 
206 
190 
204 
662 
218 
220 
220 
232 
216 
210 
190 
218 
208 
218 
218 
216 
214 
672 
216 
218 
224 
216 
188 
222 
692 
190 
204 
218 
208 
218 
218 
690 
218 
220 
208 
190 
220 
212 
202 
218 
208 
206 
210 
204 
206 
190 
194 
190 
218 
210 
218 
220 
192 
216 
216 
218 
200 
218 
276 
208 
220 
188 
236 
216 
220 
208 
206 
218 
218 
216 
222 
216 
214 
202 
218 
216 
222 
220 
206 
216 
218 
216 
218 
220 
220 
218 
216 
216 
222 
214 
216 
206 
218 
190 
190 
216 
210 
208 
190 
216 
208 
212 
206 
218 
204 
220 
190 
218 
220 
220 
216 
216 
218 
218 
220 
216 
216 
220 
218 
218 
216 
218 
218 
218 
218 
214 
220 
218 
206 
220 
212 
218 
198 
218 
214 
218 
220 
216 
222 
218 
218 
220 
216 
220 
206 
192 
206 
216 
208 
190 
204 
280 
220 
218 
206 
218 
206 
220 
218 
218 
