# FR-trace starting at Wed Dec 16 17:21:46 2020
################# CONFIG #################
# slot=10000
# samples=5000
# threshold=100
# idle=500
# minlen=500
# runs=60000
# pdathreads=3
# nmonitored=1
#   monitor0=/usr/local/lib/libcrypto.so 799838 0xc345e
# nevicted=0
# npdatargets=1
#   target0=/usr/local/lib/libcrypto.so 750148 0xb7244
# affinity=all
############## SYSTEM INFO ###############
# mastik_version=
# sysname=Linux
# nodename=5997f38f2dda
# release=5.4.0-56-generic
# version=#62-Ubuntu SMP Mon Nov 23 19:20:19 UTC 2020
# machine=x86_64
################## DATA ##################
# run=0
# datapoints=3109
54 
414 
210 
220 
208 
226 
208 
208 
500 
194 
244 
206 
194 
192 
192 
520 
220 
218 
190 
202 
194 
192 
510 
194 
220 
218 
218 
220 
218 
52 
220 
222 
220 
52 
220 
218 
512 
54 
218 
220 
52 
222 
52 
506 
218 
50 
222 
52 
216 
220 
522 
220 
232 
198 
190 
240 
188 
524 
188 
192 
194 
210 
220 
194 
582 
218 
220 
198 
218 
220 
228 
698 
220 
218 
194 
218 
226 
220 
714 
218 
192 
218 
218 
196 
220 
686 
222 
190 
218 
190 
222 
222 
190 
188 
192 
194 
224 
190 
194 
646 
196 
220 
222 
202 
194 
192 
190 
216 
192 
206 
210 
196 
198 
704 
196 
254 
224 
190 
192 
218 
660 
220 
220 
196 
206 
218 
194 
688 
194 
222 
126 
224 
222 
54 
654 
202 
52 
220 
54 
218 
220 
56 
222 
52 
222 
224 
52 
220 
52 
220 
222 
50 
218 
222 
224 
668 
224 
220 
194 
194 
208 
220 
636 
206 
192 
192 
192 
190 
220 
668 
218 
234 
220 
190 
220 
224 
654 
218 
234 
192 
278 
218 
208 
682 
210 
192 
196 
220 
190 
218 
710 
222 
220 
222 
222 
222 
190 
190 
194 
190 
220 
192 
220 
220 
192 
192 
220 
218 
218 
218 
190 
194 
190 
242 
190 
224 
196 
218 
190 
194 
208 
246 
222 
212 
192 
218 
216 
220 
192 
768 
0 
0 
0 
218 
218 
218 
218 
48 
216 
218 
50 
218 
50 
232 
196 
50 
218 
48 
218 
216 
52 
220 
50 
216 
216 
50 
196 
196 
188 
208 
190 
190 
190 
208 
206 
210 
206 
212 
192 
190 
200 
216 
192 
220 
208 
220 
220 
218 
220 
188 
188 
216 
192 
218 
190 
214 
204 
218 
218 
186 
222 
220 
218 
220 
218 
218 
218 
208 
214 
220 
190 
214 
226 
224 
188 
202 
218 
216 
188 
216 
218 
196 
190 
190 
184 
202 
188 
192 
190 
188 
212 
184 
216 
222 
218 
218 
232 
216 
218 
220 
192 
190 
192 
190 
190 
50 
214 
216 
50 
192 
50 
206 
220 
48 
218 
50 
216 
216 
48 
220 
50 
192 
216 
216 
220 
194 
218 
210 
214 
188 
190 
206 
192 
192 
188 
214 
188 
188 
210 
216 
190 
208 
190 
218 
188 
218 
218 
214 
190 
186 
218 
188 
218 
206 
188 
216 
216 
216 
188 
218 
216 
202 
188 
192 
218 
192 
186 
216 
190 
192 
218 
218 
222 
220 
190 
188 
220 
220 
220 
192 
218 
190 
218 
190 
222 
206 
200 
204 
206 
216 
232 
252 
216 
188 
218 
216 
190 
188 
220 
220 
50 
220 
50 
222 
220 
50 
218 
52 
212 
216 
50 
208 
52 
220 
218 
48 
220 
50 
220 
50 
218 
192 
214 
216 
220 
206 
216 
218 
194 
216 
220 
218 
218 
224 
218 
236 
192 
192 
192 
236 
190 
220 
190 
218 
218 
50 
184 
214 
192 
190 
216 
218 
214 
196 
192 
218 
218 
192 
218 
216 
214 
216 
218 
188 
222 
208 
218 
210 
192 
214 
196 
214 
216 
216 
210 
188 
188 
188 
192 
216 
238 
236 
218 
190 
188 
218 
214 
190 
208 
302 
192 
224 
216 
196 
212 
206 
188 
218 
190 
218 
50 
216 
210 
48 
218 
50 
216 
216 
48 
206 
50 
220 
222 
214 
192 
190 
208 
218 
186 
218 
218 
216 
218 
208 
216 
218 
190 
188 
220 
190 
190 
188 
210 
188 
218 
220 
190 
192 
210 
190 
208 
194 
210 
214 
208 
210 
186 
218 
218 
214 
188 
188 
190 
218 
216 
188 
218 
206 
196 
192 
206 
192 
216 
216 
220 
190 
190 
198 
218 
190 
218 
216 
190 
192 
194 
222 
212 
220 
190 
206 
194 
220 
188 
192 
192 
218 
192 
192 
190 
210 
190 
206 
226 
48 
216 
50 
214 
218 
50 
220 
50 
220 
216 
48 
218 
48 
224 
204 
220 
188 
190 
216 
266 
216 
192 
214 
190 
204 
216 
220 
224 
206 
216 
186 
220 
190 
218 
186 
204 
190 
190 
218 
218 
190 
218 
206 
188 
204 
208 
188 
206 
190 
192 
216 
192 
210 
188 
190 
192 
210 
190 
184 
192 
192 
222 
220 
186 
200 
248 
190 
188 
216 
190 
194 
194 
190 
218 
194 
190 
192 
208 
190 
190 
190 
188 
220 
220 
192 
216 
278 
190 
212 
188 
220 
208 
222 
50 
220 
48 
214 
218 
50 
210 
50 
208 
244 
50 
214 
52 
204 
256 
188 
192 
218 
188 
204 
218 
272 
208 
216 
218 
214 
206 
218 
190 
188 
218 
220 
220 
192 
220 
190 
192 
190 
218 
218 
188 
216 
390 
192 
220 
218 
192 
210 
190 
314 
190 
216 
190 
214 
228 
222 
192 
192 
208 
192 
208 
194 
212 
194 
226 
190 
190 
218 
192 
218 
376 
208 
216 
208 
218 
214 
190 
374 
216 
216 
194 
218 
192 
236 
386 
192 
190 
194 
220 
190 
192 
262 
198 
50 
216 
216 
50 
218 
50 
218 
48 
214 
218 
50 
208 
50 
206 
188 
200 
192 
204 
214 
520 
192 
266 
216 
244 
188 
218 
304 
218 
216 
204 
218 
196 
216 
296 
212 
204 
206 
220 
204 
186 
458 
220 
210 
192 
190 
222 
194 
310 
190 
188 
214 
216 
230 
192 
400 
192 
194 
218 
214 
208 
218 
554 
214 
216 
200 
202 
216 
204 
330 
240 
192 
194 
220 
186 
190 
314 
194 
190 
190 
218 
208 
216 
496 
188 
208 
190 
216 
192 
192 
512 
220 
194 
188 
50 
220 
220 
50 
220 
48 
218 
50 
216 
188 
334 
50 
218 
52 
216 
206 
218 
364 
212 
232 
190 
200 
206 
220 
396 
218 
194 
206 
194 
208 
196 
384 
216 
190 
190 
216 
220 
220 
544 
196 
192 
222 
240 
216 
218 
592 
190 
192 
206 
192 
218 
198 
456 
202 
218 
216 
204 
188 
188 
448 
218 
194 
194 
192 
214 
210 
502 
222 
188 
192 
216 
218 
216 
664 
234 
206 
190 
236 
192 
188 
480 
188 
194 
218 
218 
226 
204 
484 
194 
188 
214 
208 
202 
220 
50 
216 
50 
214 
214 
50 
218 
48 
218 
210 
52 
216 
50 
220 
454 
48 
220 
50 
216 
220 
50 
452 
52 
218 
220 
52 
190 
214 
488 
218 
190 
214 
190 
190 
206 
586 
196 
226 
192 
220 
218 
216 
494 
192 
192 
216 
190 
218 
220 
686 
218 
214 
192 
220 
222 
226 
518 
218 
228 
192 
220 
208 
192 
610 
218 
194 
218 
192 
214 
188 
570 
218 
190 
190 
196 
218 
216 
542 
216 
220 
200 
218 
190 
192 
580 
206 
218 
200 
196 
190 
204 
590 
192 
216 
216 
196 
190 
214 
598 
218 
242 
216 
192 
192 
214 
50 
220 
218 
50 
218 
50 
208 
602 
52 
216 
52 
222 
216 
52 
192 
218 
216 
216 
234 
216 
190 
622 
192 
216 
216 
216 
220 
216 
750 
190 
198 
192 
198 
214 
192 
288 
192 
188 
218 
216 
216 
210 
644 
218 
216 
192 
218 
216 
190 
644 
190 
216 
192 
220 
216 
188 
190 
218 
206 
212 
188 
214 
190 
840 
220 
220 
220 
190 
220 
190 
666 
192 
220 
220 
186 
220 
218 
656 
192 
216 
192 
206 
206 
188 
638 
204 
188 
216 
190 
188 
188 
192 
190 
188 
52 
218 
212 
48 
694 
52 
216 
220 
52 
282 
48 
222 
220 
48 
196 
236 
220 
218 
708 
224 
212 
216 
186 
214 
218 
214 
218 
218 
194 
196 
190 
208 
218 
190 
206 
192 
188 
218 
204 
208 
188 
200 
190 
196 
220 
220 
240 
218 
216 
218 
218 
216 
204 
212 
220 
212 
222 
220 
218 
188 
218 
192 
218 
218 
234 
188 
190 
216 
192 
190 
188 
216 
224 
216 
188 
186 
204 
204 
218 
208 
190 
204 
192 
212 
208 
192 
218 
190 
218 
206 
236 
186 
188 
48 
192 
220 
52 
220 
50 
218 
220 
50 
216 
48 
220 
218 
50 
224 
188 
220 
188 
218 
216 
188 
192 
218 
218 
192 
194 
216 
218 
190 
188 
216 
190 
222 
216 
188 
188 
216 
216 
192 
50 
192 
216 
220 
192 
190 
216 
218 
192 
188 
190 
216 
212 
192 
210 
186 
214 
228 
220 
190 
218 
216 
240 
190 
188 
192 
190 
216 
192 
194 
190 
194 
188 
188 
214 
192 
204 
190 
190 
218 
188 
204 
192 
188 
188 
224 
218 
204 
232 
212 
218 
216 
220 
206 
52 
220 
218 
50 
214 
50 
190 
194 
48 
208 
50 
198 
218 
48 
216 
48 
218 
216 
50 
186 
190 
220 
232 
188 
218 
188 
218 
218 
190 
264 
188 
220 
220 
218 
190 
206 
188 
202 
220 
192 
218 
224 
216 
218 
190 
220 
210 
218 
204 
204 
220 
190 
192 
220 
204 
190 
222 
200 
220 
202 
186 
192 
208 
204 
272 
190 
218 
222 
212 
186 
218 
214 
216 
218 
192 
216 
194 
190 
232 
216 
218 
292 
218 
222 
198 
220 
196 
206 
190 
216 
216 
216 
222 
190 
220 
220 
190 
214 
218 
50 
218 
50 
224 
222 
48 
212 
50 
218 
190 
50 
210 
50 
206 
188 
50 
218 
50 
218 
188 
218 
212 
190 
220 
234 
0 
192 
188 
188 
188 
190 
204 
222 
188 
212 
220 
192 
190 
192 
220 
190 
200 
190 
206 
220 
218 
216 
202 
186 
214 
192 
208 
218 
204 
188 
192 
218 
216 
190 
220 
188 
224 
218 
232 
188 
218 
204 
192 
220 
192 
192 
224 
216 
216 
194 
190 
190 
190 
218 
212 
214 
192 
218 
216 
194 
218 
186 
192 
190 
234 
190 
194 
220 
218 
218 
216 
200 
194 
50 
220 
218 
50 
218 
50 
222 
220 
52 
222 
48 
218 
308 
228 
190 
208 
218 
192 
204 
202 
190 
224 
238 
188 
188 
218 
210 
214 
216 
214 
218 
218 
218 
192 
190 
216 
192 
196 
190 
190 
190 
194 
218 
216 
220 
220 
214 
208 
212 
218 
216 
188 
220 
190 
208 
220 
190 
216 
204 
192 
220 
208 
190 
192 
220 
202 
200 
208 
206 
186 
198 
188 
192 
218 
196 
208 
220 
192 
220 
206 
238 
218 
220 
216 
188 
218 
190 
216 
188 
208 
52 
216 
218 
52 
216 
50 
208 
218 
50 
216 
52 
218 
220 
50 
214 
192 
218 
192 
220 
216 
206 
220 
192 
218 
216 
220 
190 
192 
190 
280 
206 
208 
218 
192 
210 
214 
274 
220 
218 
192 
220 
194 
188 
192 
218 
218 
220 
190 
192 
218 
204 
216 
220 
200 
190 
424 
206 
192 
218 
196 
218 
188 
214 
192 
190 
218 
190 
214 
228 
188 
190 
188 
216 
212 
218 
204 
208 
210 
240 
252 
194 
194 
288 
192 
206 
250 
190 
192 
192 
190 
190 
216 
190 
50 
218 
220 
50 
204 
50 
216 
218 
50 
222 
50 
206 
190 
50 
218 
216 
220 
204 
190 
194 
210 
188 
214 
192 
222 
222 
218 
410 
220 
232 
216 
238 
208 
188 
608 
190 
192 
210 
208 
204 
196 
220 
186 
222 
192 
192 
208 
220 
282 
188 
216 
220 
222 
190 
220 
236 
222 
216 
214 
216 
198 
216 
410 
218 
206 
218 
228 
192 
214 
268 
196 
188 
220 
206 
190 
232 
414 
216 
222 
192 
222 
194 
190 
274 
190 
218 
192 
220 
206 
220 
532 
188 
192 
220 
190 
220 
50 
232 
216 
52 
216 
48 
206 
220 
50 
216 
50 
224 
194 
210 
222 
506 
196 
216 
208 
218 
222 
216 
274 
192 
220 
204 
216 
204 
190 
300 
220 
216 
216 
192 
206 
192 
302 
190 
216 
192 
196 
190 
200 
294 
192 
212 
194 
188 
222 
216 
460 
204 
216 
214 
218 
192 
202 
534 
188 
216 
190 
218 
206 
190 
356 
196 
214 
220 
188 
210 
190 
506 
188 
192 
192 
220 
192 
222 
578 
214 
188 
242 
190 
204 
220 
406 
192 
222 
218 
190 
50 
216 
50 
206 
218 
50 
192 
50 
222 
424 
48 
218 
52 
222 
208 
48 
394 
50 
220 
216 
48 
202 
218 
504 
218 
262 
218 
230 
208 
190 
432 
238 
190 
192 
216 
216 
206 
494 
206 
190 
210 
206 
190 
220 
450 
190 
216 
190 
218 
214 
216 
618 
220 
190 
188 
218 
190 
190 
598 
194 
218 
216 
190 
218 
222 
562 
196 
192 
192 
188 
216 
220 
458 
218 
218 
234 
216 
212 
214 
470 
188 
218 
236 
218 
218 
196 
448 
222 
192 
220 
190 
192 
190 
468 
220 
190 
218 
190 
218 
194 
52 
218 
50 
190 
220 
50 
190 
50 
204 
188 
50 
216 
210 
250 
540 
214 
208 
220 
216 
216 
186 
522 
218 
216 
216 
214 
218 
188 
566 
222 
206 
192 
222 
218 
188 
552 
218 
190 
212 
216 
222 
216 
578 
216 
240 
188 
190 
220 
216 
608 
216 
220 
214 
188 
188 
222 
190 
208 
206 
216 
222 
206 
206 
582 
220 
188 
190 
208 
222 
216 
190 
192 
188 
212 
216 
190 
220 
650 
216 
188 
218 
218 
222 
220 
560 
216 
192 
214 
188 
50 
216 
582 
50 
216 
50 
216 
214 
50 
588 
50 
218 
218 
50 
192 
192 
696 
190 
240 
212 
190 
190 
202 
584 
194 
188 
202 
220 
190 
218 
628 
218 
194 
220 
188 
188 
214 
606 
222 
190 
218 
188 
216 
218 
650 
216 
220 
192 
216 
216 
230 
624 
218 
222 
190 
224 
188 
194 
650 
192 
192 
192 
222 
198 
220 
190 
192 
218 
202 
218 
208 
190 
192 
188 
198 
204 
196 
218 
224 
192 
216 
222 
224 
216 
190 
188 
190 
222 
192 
214 
218 
206 
218 
706 
50 
218 
50 
230 
216 
48 
216 
48 
222 
218 
50 
218 
48 
218 
188 
216 
216 
192 
192 
214 
216 
190 
190 
204 
218 
192 
218 
218 
188 
192 
188 
216 
208 
214 
216 
192 
224 
210 
218 
222 
192 
214 
216 
206 
218 
186 
188 
190 
220 
198 
202 
188 
190 
188 
196 
190 
194 
216 
212 
214 
218 
222 
216 
194 
216 
188 
216 
216 
218 
192 
216 
218 
192 
216 
190 
218 
220 
188 
190 
190 
246 
196 
190 
188 
188 
196 
216 
220 
218 
216 
190 
188 
216 
50 
222 
52 
218 
216 
50 
216 
50 
220 
222 
52 
220 
50 
220 
200 
192 
216 
206 
216 
188 
222 
216 
190 
216 
190 
218 
184 
192 
190 
188 
216 
196 
202 
204 
190 
218 
208 
192 
188 
190 
194 
218 
188 
214 
208 
188 
218 
220 
216 
194 
218 
218 
220 
192 
194 
216 
222 
218 
190 
218 
194 
218 
218 
190 
208 
188 
220 
218 
184 
216 
194 
216 
188 
210 
190 
218 
208 
216 
220 
202 
220 
206 
220 
190 
228 
216 
190 
188 
220 
188 
212 
190 
192 
50 
206 
50 
218 
222 
50 
218 
50 
218 
218 
50 
222 
50 
218 
218 
52 
218 
210 
188 
200 
218 
192 
190 
188 
216 
214 
216 
192 
216 
220 
218 
216 
218 
222 
186 
218 
190 
218 
198 
192 
218 
216 
216 
188 
216 
218 
192 
212 
194 
190 
198 
184 
216 
194 
218 
188 
216 
188 
188 
218 
216 
218 
218 
188 
216 
190 
218 
200 
218 
216 
198 
216 
200 
194 
194 
218 
218 
224 
216 
218 
190 
216 
190 
188 
190 
222 
220 
218 
186 
214 
216 
216 
192 
222 
214 
46 
222 
172 
208 
212 
48 
238 
50 
214 
220 
48 
220 
50 
192 
192 
192 
188 
190 
192 
218 
218 
216 
216 
194 
190 
194 
220 
218 
214 
216 
190 
218 
196 
190 
220 
190 
190 
218 
212 
208 
190 
190 
216 
218 
190 
212 
192 
220 
218 
192 
222 
188 
232 
204 
192 
192 
222 
218 
212 
190 
208 
220 
208 
194 
214 
216 
218 
216 
218 
218 
194 
220 
216 
220 
204 
218 
216 
190 
206 
218 
218 
190 
206 
188 
192 
192 
188 
188 
208 
216 
188 
216 
50 
216 
50 
204 
218 
52 
220 
218 
220 
218 
206 
220 
206 
188 
208 
218 
188 
186 
192 
274 
220 
214 
190 
220 
206 
220 
218 
220 
220 
216 
218 
694 
218 
216 
216 
220 
218 
218 
208 
218 
206 
214 
208 
220 
218 
208 
220 
216 
214 
214 
218 
218 
210 
220 
240 
216 
216 
218 
220 
210 
242 
188 
192 
210 
210 
208 
364 
230 
294 
212 
206 
198 
280 
206 
200 
210 
208 
216 
200 
190 
206 
218 
190 
216 
218 
216 
188 
322 
194 
218 
220 
216 
208 
216 
208 
222 
192 
214 
218 
218 
218 
208 
216 
190 
218 
224 
228 
200 
212 
206 
0 
226 
218 
208 
226 
256 
392 
0 
224 
208 
204 
218 
210 
220 
214 
220 
218 
190 
216 
210 
218 
220 
216 
216 
218 
218 
208 
220 
216 
186 
222 
220 
200 
208 
194 
216 
218 
218 
218 
218 
210 
192 
190 
216 
216 
222 
0 
0 
218 
224 
220 
218 
210 
220 
216 
222 
222 
222 
226 
212 
260 
210 
226 
220 
206 
226 
220 
196 
210 
210 
218 
220 
218 
218 
224 
194 
192 
192 
244 
190 
204 
228 
194 
244 
200 
242 
256 
210 
220 
208 
220 
220 
210 
208 
224 
218 
208 
210 
320 
210 
218 
220 
222 
210 
214 
214 
192 
190 
240 
194 
202 
214 
474 
190 
208 
196 
222 
212 
208 
220 
210 
190 
220 
208 
210 
224 
346 
242 
220 
208 
210 
192 
210 
656 
222 
220 
204 
222 
208 
198 
210 
220 
220 
222 
220 
190 
192 
264 
196 
220 
220 
218 
240 
210 
202 
208 
190 
210 
188 
210 
244 
204 
190 
216 
192 
220 
208 
266 
388 
220 
220 
220 
222 
210 
206 
248 
224 
194 
274 
240 
212 
218 
240 
192 
224 
222 
192 
212 
192 
232 
224 
224 
194 
218 
208 
224 
252 
218 
220 
194 
192 
194 
216 
348 
208 
220 
210 
220 
206 
208 
190 
190 
212 
192 
192 
214 
224 
308 
218 
218 
206 
224 
212 
224 
336 
220 
220 
188 
228 
206 
212 
354 
220 
222 
220 
222 
214 
214 
524 
222 
190 
222 
218 
190 
196 
346 
220 
220 
218 
222 
210 
220 
584 
190 
218 
222 
236 
212 
208 
710 
224 
208 
210 
226 
210 
200 
368 
196 
210 
220 
222 
188 
188 
376 
194 
218 
224 
218 
192 
204 
610 
200 
194 
256 
220 
212 
222 
364 
196 
224 
224 
198 
218 
0 
0 
0 
192 
190 
200 
218 
218 
402 
186 
218 
218 
206 
194 
218 
838 
214 
220 
206 
208 
232 
202 
714 
222 
220 
214 
216 
218 
220 
410 
216 
220 
220 
216 
218 
216 
436 
222 
220 
218 
220 
218 
218 
444 
216 
220 
220 
208 
216 
214 
472 
218 
216 
218 
218 
218 
220 
488 
218 
220 
220 
218 
214 
220 
492 
216 
216 
218 
220 
218 
218 
502 
216 
218 
220 
218 
218 
218 
512 
216 
218 
216 
218 
218 
220 
522 
216 
1366 
222 
218 
216 
220 
528 
216 
214 
216 
220 
216 
220 
192 
214 
218 
216 
