# FR-trace starting at Wed Dec 16 19:26:18 2020
################# CONFIG #################
# slot=10000
# samples=5000
# threshold=100
# idle=500
# minlen=500
# runs=60000
# pdathreads=3
# nmonitored=1
#   monitor0=/usr/local/lib/libcrypto.so 799838 0xc345e
# nevicted=0
# npdatargets=1
#   target0=/usr/local/lib/libcrypto.so 750148 0xb7244
# affinity=all
############## SYSTEM INFO ###############
# mastik_version=
# sysname=Linux
# nodename=5997f38f2dda
# release=5.4.0-56-generic
# version=#62-Ubuntu SMP Mon Nov 23 19:20:19 UTC 2020
# machine=x86_64
################## DATA ##################
# run=0
# datapoints=3070
58 
208 
54 
208 
220 
210 
212 
208 
192 
210 
210 
222 
190 
224 
220 
222 
272 
220 
216 
192 
216 
220 
220 
222 
222 
192 
274 
218 
220 
50 
224 
210 
218 
220 
54 
294 
226 
220 
54 
222 
50 
222 
218 
48 
218 
208 
52 
224 
52 
52 
192 
194 
224 
220 
220 
588 
208 
224 
224 
238 
188 
212 
188 
202 
220 
218 
208 
222 
220 
192 
194 
194 
192 
212 
218 
52 
52 
220 
210 
208 
208 
194 
220 
222 
218 
218 
194 
192 
196 
220 
218 
220 
220 
192 
210 
218 
194 
234 
196 
194 
190 
224 
252 
216 
648 
192 
188 
192 
258 
192 
212 
190 
196 
218 
200 
192 
258 
224 
214 
192 
218 
218 
210 
224 
192 
222 
238 
220 
224 
212 
272 
194 
50 
220 
52 
220 
210 
52 
218 
222 
52 
220 
50 
208 
222 
52 
218 
54 
218 
222 
52 
218 
222 
52 
228 
220 
244 
192 
206 
196 
194 
188 
196 
192 
202 
212 
246 
250 
192 
232 
218 
210 
208 
194 
216 
194 
218 
192 
208 
194 
188 
218 
52 
222 
52 
210 
224 
50 
220 
52 
218 
222 
54 
218 
216 
54 
220 
54 
222 
208 
52 
192 
218 
188 
192 
192 
188 
220 
216 
190 
220 
220 
192 
238 
192 
408 
198 
200 
192 
358 
194 
194 
190 
200 
194 
192 
222 
206 
228 
196 
222 
190 
220 
220 
200 
192 
314 
222 
194 
192 
238 
190 
192 
190 
222 
190 
218 
190 
206 
222 
348 
202 
218 
194 
222 
210 
192 
194 
194 
210 
192 
190 
198 
192 
194 
190 
194 
192 
192 
210 
190 
320 
230 
194 
190 
190 
190 
224 
262 
222 
220 
190 
220 
50 
192 
220 
52 
222 
48 
220 
210 
54 
218 
50 
226 
226 
52 
208 
218 
52 
192 
194 
218 
218 
192 
220 
326 
192 
220 
190 
194 
208 
212 
222 
190 
194 
190 
200 
194 
196 
240 
188 
206 
218 
196 
218 
220 
242 
188 
220 
194 
196 
214 
192 
244 
196 
218 
194 
228 
212 
212 
288 
192 
220 
212 
222 
206 
194 
270 
192 
188 
194 
218 
208 
220 
476 
196 
220 
196 
222 
212 
222 
686 
196 
218 
210 
192 
190 
220 
430 
224 
202 
210 
194 
194 
210 
320 
190 
190 
220 
216 
192 
48 
260 
52 
220 
210 
50 
210 
220 
54 
222 
52 
222 
218 
52 
224 
282 
52 
222 
52 
222 
208 
50 
306 
226 
194 
194 
192 
196 
190 
568 
188 
190 
222 
226 
194 
206 
320 
190 
246 
190 
218 
222 
194 
368 
218 
220 
218 
196 
208 
222 
332 
218 
198 
220 
194 
212 
238 
332 
192 
218 
192 
220 
232 
190 
472 
222 
190 
220 
218 
216 
242 
608 
194 
192 
220 
222 
214 
216 
412 
198 
192 
192 
224 
194 
192 
496 
192 
210 
194 
192 
196 
250 
442 
192 
218 
220 
192 
208 
218 
656 
194 
220 
220 
52 
208 
50 
404 
218 
50 
220 
222 
50 
222 
52 
220 
218 
54 
194 
210 
210 
612 
218 
220 
194 
220 
220 
220 
460 
210 
218 
224 
206 
214 
192 
442 
220 
194 
198 
228 
206 
190 
216 
192 
220 
222 
220 
192 
224 
442 
220 
198 
224 
220 
220 
206 
676 
224 
194 
214 
194 
192 
196 
346 
224 
220 
188 
220 
192 
190 
578 
218 
222 
218 
244 
220 
192 
494 
226 
222 
210 
218 
194 
212 
480 
220 
194 
228 
222 
206 
194 
518 
220 
198 
194 
246 
220 
244 
512 
218 
52 
220 
222 
52 
218 
50 
218 
224 
50 
220 
218 
50 
522 
52 
222 
218 
226 
190 
212 
572 
224 
216 
220 
218 
190 
222 
576 
192 
194 
194 
192 
192 
220 
570 
216 
190 
222 
222 
192 
228 
194 
190 
190 
222 
198 
194 
210 
584 
194 
192 
218 
220 
222 
192 
604 
218 
220 
192 
190 
192 
196 
924 
192 
210 
220 
218 
192 
224 
598 
210 
222 
202 
220 
192 
202 
726 
194 
220 
192 
210 
222 
192 
710 
190 
190 
194 
194 
190 
196 
710 
192 
222 
214 
194 
190 
250 
616 
52 
224 
218 
50 
222 
50 
612 
220 
50 
218 
54 
218 
220 
50 
218 
214 
192 
192 
192 
190 
626 
220 
220 
220 
194 
192 
220 
662 
194 
198 
198 
222 
220 
218 
722 
212 
222 
222 
220 
220 
194 
188 
220 
210 
218 
218 
206 
210 
194 
210 
208 
248 
192 
214 
194 
696 
208 
240 
194 
192 
220 
194 
222 
192 
218 
196 
224 
190 
224 
220 
216 
190 
192 
194 
220 
218 
218 
192 
220 
206 
196 
196 
222 
222 
212 
226 
218 
222 
218 
218 
256 
192 
234 
206 
206 
228 
52 
210 
50 
206 
210 
52 
210 
52 
216 
656 
52 
220 
50 
218 
220 
220 
194 
218 
192 
220 
224 
198 
210 
196 
190 
224 
220 
190 
194 
202 
202 
192 
218 
218 
218 
190 
218 
218 
220 
188 
222 
190 
192 
212 
194 
190 
190 
220 
224 
194 
192 
194 
206 
192 
192 
222 
214 
194 
254 
196 
220 
220 
220 
222 
190 
220 
220 
220 
220 
220 
244 
192 
192 
192 
220 
224 
194 
218 
212 
192 
220 
224 
218 
190 
218 
218 
194 
192 
192 
192 
224 
190 
218 
202 
218 
186 
218 
218 
50 
222 
222 
52 
224 
52 
208 
212 
54 
194 
52 
192 
194 
200 
192 
222 
218 
190 
218 
194 
220 
194 
222 
222 
192 
222 
220 
222 
196 
238 
188 
190 
222 
190 
210 
192 
224 
192 
222 
200 
222 
190 
224 
222 
218 
218 
226 
218 
216 
226 
208 
210 
222 
224 
194 
192 
220 
196 
200 
192 
190 
194 
200 
220 
222 
218 
192 
218 
192 
190 
220 
194 
220 
194 
226 
218 
192 
192 
218 
218 
190 
220 
192 
194 
218 
198 
216 
190 
218 
218 
196 
218 
218 
50 
224 
52 
220 
222 
52 
220 
52 
220 
196 
52 
224 
220 
52 
212 
52 
192 
190 
52 
188 
206 
52 
220 
54 
220 
224 
52 
220 
220 
192 
222 
190 
190 
216 
192 
220 
220 
200 
220 
194 
192 
190 
222 
192 
194 
220 
192 
204 
212 
216 
192 
186 
218 
218 
194 
222 
218 
212 
194 
190 
192 
214 
194 
216 
194 
212 
206 
192 
192 
214 
248 
194 
190 
222 
238 
222 
190 
192 
192 
188 
222 
220 
192 
218 
218 
194 
220 
220 
192 
220 
190 
222 
194 
192 
190 
192 
224 
204 
222 
220 
212 
202 
220 
210 
220 
220 
220 
192 
218 
52 
212 
204 
52 
222 
48 
208 
218 
52 
206 
52 
220 
220 
52 
190 
222 
252 
194 
220 
236 
220 
220 
218 
222 
222 
192 
220 
192 
192 
192 
238 
222 
218 
218 
226 
218 
210 
222 
222 
220 
222 
218 
52 
206 
54 
224 
218 
52 
218 
52 
210 
220 
54 
216 
190 
52 
196 
206 
220 
192 
194 
194 
218 
194 
220 
192 
218 
240 
198 
198 
188 
194 
220 
224 
224 
194 
220 
192 
216 
218 
190 
194 
190 
220 
218 
208 
220 
194 
218 
194 
218 
222 
192 
192 
328 
218 
194 
192 
222 
194 
220 
190 
220 
188 
206 
186 
220 
210 
194 
204 
220 
208 
240 
456 
238 
502 
210 
218 
220 
196 
212 
212 
192 
218 
190 
220 
198 
208 
224 
196 
218 
196 
192 
244 
194 
222 
190 
222 
58 
222 
222 
52 
220 
220 
52 
218 
52 
224 
210 
50 
192 
50 
218 
218 
222 
206 
216 
194 
196 
190 
220 
210 
388 
208 
210 
222 
200 
196 
194 
210 
190 
262 
188 
198 
222 
222 
188 
212 
194 
198 
220 
192 
218 
208 
194 
192 
194 
242 
220 
220 
192 
192 
214 
218 
220 
194 
192 
206 
228 
360 
220 
190 
192 
192 
212 
224 
190 
194 
204 
218 
188 
194 
194 
192 
224 
194 
208 
240 
190 
196 
190 
208 
194 
220 
220 
210 
190 
192 
224 
220 
192 
220 
192 
216 
212 
224 
220 
52 
218 
208 
52 
276 
52 
222 
218 
52 
208 
52 
222 
222 
52 
220 
52 
194 
218 
398 
218 
222 
202 
234 
194 
196 
470 
218 
224 
190 
190 
198 
194 
224 
246 
218 
220 
224 
194 
190 
248 
192 
192 
240 
222 
192 
220 
248 
222 
192 
194 
192 
210 
206 
294 
220 
222 
214 
222 
190 
218 
258 
192 
192 
226 
220 
194 
218 
230 
190 
218 
192 
236 
194 
188 
260 
200 
210 
202 
192 
212 
192 
456 
212 
220 
194 
194 
210 
190 
252 
218 
218 
196 
220 
194 
198 
376 
220 
224 
220 
52 
206 
220 
56 
222 
50 
222 
218 
52 
218 
284 
54 
222 
52 
220 
210 
50 
250 
52 
220 
192 
194 
222 
212 
464 
242 
212 
212 
192 
208 
194 
536 
192 
206 
264 
192 
210 
194 
402 
192 
190 
218 
194 
0 
0 
0 
214 
218 
216 
216 
190 
192 
390 
236 
216 
222 
214 
210 
186 
618 
214 
190 
218 
188 
192 
216 
408 
188 
220 
220 
216 
188 
218 
464 
188 
192 
188 
216 
208 
186 
462 
208 
190 
194 
232 
190 
192 
402 
214 
216 
218 
218 
206 
220 
404 
0 
218 
204 
218 
190 
216 
394 
48 
218 
216 
50 
218 
50 
394 
214 
218 
220 
50 
230 
192 
430 
188 
216 
216 
220 
190 
188 
538 
216 
236 
218 
212 
192 
198 
434 
188 
188 
192 
192 
184 
192 
434 
190 
190 
188 
216 
188 
190 
476 
218 
218 
228 
190 
192 
190 
466 
218 
210 
218 
190 
218 
192 
462 
216 
190 
224 
194 
218 
188 
494 
190 
216 
220 
196 
190 
186 
474 
216 
192 
218 
218 
188 
220 
776 
216 
206 
218 
192 
236 
288 
576 
244 
192 
190 
208 
196 
200 
740 
48 
218 
48 
216 
222 
50 
538 
50 
220 
220 
50 
218 
52 
554 
216 
194 
220 
220 
188 
188 
548 
188 
196 
218 
210 
216 
192 
558 
218 
192 
222 
186 
188 
188 
636 
220 
190 
194 
200 
218 
190 
696 
190 
190 
194 
216 
190 
192 
188 
220 
228 
218 
214 
216 
218 
584 
190 
206 
222 
236 
218 
218 
594 
216 
220 
190 
214 
218 
200 
612 
192 
0 
0 
0 
220 
218 
680 
224 
220 
192 
222 
188 
220 
570 
220 
224 
218 
190 
192 
210 
582 
220 
194 
196 
210 
190 
52 
652 
256 
258 
226 
52 
218 
220 
50 
222 
52 
220 
220 
50 
194 
194 
192 
220 
220 
188 
216 
220 
194 
220 
224 
198 
222 
218 
218 
192 
220 
194 
220 
208 
218 
194 
190 
222 
194 
222 
190 
218 
194 
194 
210 
220 
192 
192 
220 
192 
194 
190 
278 
308 
248 
224 
192 
712 
656 
188 
208 
218 
194 
220 
718 
194 
218 
192 
220 
218 
218 
194 
192 
220 
192 
218 
192 
190 
190 
192 
222 
194 
218 
222 
220 
216 
220 
220 
210 
188 
190 
222 
222 
192 
220 
52 
216 
192 
52 
210 
52 
194 
208 
52 
222 
52 
196 
194 
220 
296 
218 
218 
218 
202 
194 
218 
216 
222 
218 
220 
220 
192 
192 
220 
220 
222 
220 
218 
224 
220 
218 
218 
220 
192 
218 
192 
196 
218 
194 
220 
192 
194 
192 
198 
218 
188 
204 
218 
210 
194 
220 
192 
192 
190 
222 
206 
198 
220 
190 
222 
222 
218 
188 
194 
704 
794 
194 
220 
226 
192 
230 
218 
220 
194 
220 
218 
194 
224 
194 
218 
192 
222 
220 
218 
196 
190 
214 
222 
220 
52 
218 
52 
222 
220 
54 
222 
52 
206 
222 
52 
192 
52 
190 
210 
54 
216 
54 
256 
220 
52 
192 
192 
222 
190 
222 
218 
220 
216 
222 
218 
220 
222 
220 
192 
192 
220 
232 
192 
220 
194 
222 
218 
218 
214 
192 
218 
220 
234 
218 
204 
224 
224 
220 
212 
196 
206 
220 
192 
214 
190 
194 
218 
206 
194 
198 
204 
212 
232 
222 
190 
194 
228 
212 
226 
224 
218 
192 
212 
210 
190 
190 
220 
194 
226 
224 
218 
202 
208 
192 
192 
206 
204 
220 
222 
222 
220 
192 
192 
218 
222 
222 
194 
54 
220 
218 
52 
222 
222 
48 
218 
54 
218 
200 
54 
222 
192 
194 
190 
194 
194 
222 
190 
222 
222 
220 
192 
220 
220 
218 
224 
218 
192 
190 
224 
222 
208 
218 
206 
194 
226 
202 
190 
192 
222 
222 
218 
218 
218 
190 
194 
220 
220 
220 
192 
224 
222 
218 
190 
218 
218 
234 
196 
218 
188 
192 
194 
194 
208 
192 
200 
232 
192 
242 
222 
218 
218 
218 
192 
192 
220 
194 
222 
208 
222 
190 
228 
224 
218 
240 
192 
216 
54 
222 
52 
222 
218 
52 
192 
50 
222 
218 
50 
206 
220 
52 
196 
194 
222 
192 
212 
220 
222 
236 
192 
208 
192 
214 
216 
192 
188 
190 
192 
216 
222 
212 
192 
232 
194 
192 
192 
210 
218 
190 
194 
198 
220 
220 
212 
204 
222 
192 
194 
224 
224 
194 
514 
222 
218 
220 
220 
192 
210 
220 
210 
218 
218 
194 
188 
194 
194 
192 
222 
222 
222 
188 
192 
208 
208 
210 
194 
270 
224 
206 
220 
194 
190 
194 
192 
218 
196 
222 
210 
220 
188 
196 
190 
52 
220 
218 
52 
218 
52 
218 
208 
54 
218 
52 
220 
218 
50 
208 
220 
218 
206 
218 
218 
222 
196 
194 
192 
218 
190 
188 
218 
210 
220 
194 
218 
192 
220 
206 
192 
192 
194 
216 
224 
212 
190 
194 
192 
194 
212 
188 
194 
218 
232 
222 
256 
192 
218 
222 
190 
190 
222 
222 
222 
188 
202 
194 
208 
220 
194 
220 
216 
228 
226 
206 
192 
292 
218 
216 
192 
218 
208 
218 
192 
194 
222 
192 
210 
196 
192 
192 
214 
190 
220 
220 
210 
208 
192 
192 
194 
220 
54 
210 
50 
220 
220 
54 
222 
50 
276 
220 
52 
222 
52 
218 
218 
208 
206 
310 
222 
192 
224 
220 
192 
220 
228 
214 
222 
222 
220 
194 
192 
192 
218 
188 
342 
190 
210 
196 
194 
194 
192 
192 
196 
226 
220 
192 
192 
218 
204 
218 
192 
200 
436 
194 
190 
190 
220 
206 
220 
348 
300 
218 
220 
222 
208 
196 
190 
194 
218 
218 
220 
210 
218 
192 
206 
218 
190 
198 
220 
224 
212 
188 
218 
208 
192 
208 
242 
212 
196 
198 
194 
192 
188 
208 
430 
192 
54 
220 
218 
50 
218 
220 
54 
220 
52 
218 
210 
52 
222 
52 
218 
220 
54 
210 
220 
196 
210 
198 
192 
218 
210 
218 
300 
208 
192 
224 
220 
208 
222 
458 
230 
220 
208 
192 
194 
194 
558 
194 
226 
210 
216 
196 
236 
386 
212 
198 
194 
212 
208 
220 
274 
204 
244 
208 
230 
200 
226 
588 
210 
192 
218 
220 
194 
208 
304 
206 
198 
224 
210 
232 
192 
328 
194 
220 
218 
220 
192 
196 
312 
194 
196 
190 
198 
210 
224 
352 
192 
220 
242 
194 
210 
196 
342 
208 
194 
54 
244 
52 
214 
338 
54 
218 
224 
54 
208 
52 
328 
220 
52 
222 
218 
194 
218 
520 
190 
194 
192 
218 
206 
194 
480 
210 
220 
220 
192 
208 
216 
358 
192 
218 
192 
194 
210 
220 
462 
220 
192 
230 
192 
192 
224 
492 
192 
192 
208 
194 
190 
198 
584 
232 
222 
220 
194 
208 
220 
386 
222 
192 
220 
204 
208 
192 
376 
220 
194 
190 
222 
216 
194 
516 
192 
192 
192 
222 
218 
220 
548 
230 
216 
222 
198 
220 
216 
414 
218 
226 
220 
222 
192 
220 
614 
218 
50 
222 
54 
192 
196 
52 
212 
222 
228 
220 
218 
222 
438 
218 
220 
218 
220 
218 
220 
460 
220 
220 
222 
220 
192 
220 
476 
224 
220 
218 
220 
220 
222 
474 
220 
224 
188 
208 
218 
222 
488 
220 
222 
220 
224 
218 
222 
484 
218 
218 
220 
218 
208 
208 
500 
190 
212 
218 
222 
226 
218 
502 
210 
208 
212 
220 
222 
220 
580 
190 
190 
220 
218 
192 
220 
488 
220 
208 
192 
190 
208 
218 
192 
220 
218 
224 
220 
218 
222 
568 
324 
224 
222 
220 
220 
218 
524 
224 
236 
218 
204 
218 
198 
240 
220 
192 
242 
208 
218 
288 
190 
222 
222 
216 
208 
190 
220 
542 
192 
210 
210 
226 
194 
218 
558 
216 
218 
222 
220 
218 
222 
588 
188 
222 
222 
220 
222 
220 
582 
220 
222 
222 
220 
220 
218 
616 
220 
218 
222 
224 
210 
222 
662 
240 
222 
206 
226 
206 
192 
190 
222 
218 
250 
220 
204 
220 
650 
208 
214 
218 
218 
224 
312 
666 
218 
208 
224 
194 
220 
364 
674 
222 
218 
220 
218 
208 
222 
674 
304 
220 
194 
212 
218 
212 
670 
194 
238 
218 
220 
190 
220 
200 
200 
244 
194 
194 
190 
212 
682 
212 
190 
208 
208 
220 
218 
192 
240 
218 
222 
220 
208 
208 
662 
208 
192 
316 
202 
220 
192 
672 
188 
218 
210 
218 
196 
220 
706 
228 
224 
224 
230 
190 
218 
708 
222 
190 
216 
230 
222 
220 
196 
220 
220 
218 
226 
222 
194 
206 
190 
210 
298 
192 
206 
222 
196 
190 
222 
228 
194 
220 
222 
220 
220 
192 
222 
222 
220 
214 
192 
224 
234 
222 
218 
212 
218 
220 
218 
222 
222 
238 
210 
218 
298 
222 
220 
216 
218 
222 
224 
190 
194 
194 
196 
220 
200 
222 
244 
240 
190 
218 
196 
192 
222 
220 
218 
222 
226 
192 
220 
220 
212 
210 
192 
210 
218 
218 
220 
190 
224 
218 
210 
218 
232 
226 
210 
238 
230 
222 
212 
192 
222 
202 
222 
224 
218 
216 
222 
222 
218 
210 
220 
220 
324 
218 
232 
222 
208 
222 
200 
220 
220 
218 
192 
222 
214 
222 
194 
312 
212 
224 
218 
224 
222 
220 
220 
208 
224 
268 
222 
220 
212 
188 
200 
222 
220 
220 
220 
212 
208 
222 
222 
220 
222 
192 
210 
228 
210 
228 
206 
194 
222 
224 
248 
222 
220 
224 
226 
220 
240 
268 
206 
208 
216 
222 
198 
222 
220 
192 
190 
222 
210 
188 
192 
198 
222 
220 
192 
220 
218 
216 
226 
220 
226 
220 
218 
222 
222 
222 
220 
222 
220 
220 
220 
222 
224 
222 
218 
218 
218 
220 
218 
220 
218 
220 
220 
222 
216 
220 
210 
220 
222 
220 
220 
208 
220 
220 
218 
216 
218 
218 
220 
222 
220 
224 
228 
224 
220 
222 
220 
218 
218 
220 
218 
222 
220 
220 
218 
224 
220 
218 
218 
222 
216 
220 
220 
222 
220 
216 
220 
220 
218 
218 
224 
218 
220 
224 
