# FR-trace starting at Wed Dec 16 18:19:12 2020
################# CONFIG #################
# slot=10000
# samples=5000
# threshold=100
# idle=500
# minlen=500
# runs=60000
# pdathreads=3
# nmonitored=1
#   monitor0=/usr/local/lib/libcrypto.so 799838 0xc345e
# nevicted=0
# npdatargets=1
#   target0=/usr/local/lib/libcrypto.so 750148 0xb7244
# affinity=all
############## SYSTEM INFO ###############
# mastik_version=
# sysname=Linux
# nodename=5997f38f2dda
# release=5.4.0-56-generic
# version=#62-Ubuntu SMP Mon Nov 23 19:20:19 UTC 2020
# machine=x86_64
################## DATA ##################
# run=0
# datapoints=3180
50 
226 
198 
192 
192 
196 
220 
220 
222 
196 
192 
218 
218 
218 
194 
212 
190 
218 
218 
198 
192 
192 
216 
190 
222 
214 
194 
196 
196 
218 
224 
222 
218 
52 
188 
220 
52 
218 
220 
50 
208 
52 
220 
208 
52 
196 
220 
220 
192 
194 
224 
218 
208 
240 
212 
218 
238 
192 
222 
194 
220 
222 
190 
194 
218 
192 
228 
214 
192 
222 
52 
50 
190 
192 
192 
192 
222 
212 
190 
200 
210 
210 
192 
218 
220 
222 
192 
224 
216 
196 
192 
208 
190 
218 
192 
192 
194 
220 
210 
220 
198 
192 
194 
202 
208 
210 
194 
220 
648 
192 
220 
210 
220 
222 
220 
220 
220 
216 
222 
214 
192 
220 
210 
194 
192 
226 
192 
52 
226 
218 
54 
220 
220 
52 
218 
50 
218 
248 
50 
224 
50 
220 
206 
48 
190 
52 
210 
218 
218 
212 
218 
210 
218 
224 
220 
220 
214 
220 
188 
222 
222 
220 
210 
216 
220 
192 
218 
220 
222 
192 
194 
196 
190 
220 
194 
218 
194 
220 
224 
212 
254 
242 
220 
224 
194 
240 
194 
194 
264 
218 
194 
222 
194 
196 
208 
190 
194 
214 
192 
226 
208 
194 
194 
218 
216 
218 
228 
210 
190 
192 
190 
188 
228 
220 
210 
220 
192 
218 
192 
218 
222 
208 
222 
194 
220 
214 
218 
224 
52 
224 
218 
52 
210 
222 
52 
208 
50 
224 
222 
52 
218 
52 
194 
222 
190 
208 
218 
220 
190 
198 
190 
198 
218 
192 
194 
202 
190 
220 
304 
194 
192 
220 
222 
208 
218 
194 
194 
194 
218 
188 
212 
196 
192 
196 
210 
192 
220 
198 
220 
304 
222 
220 
196 
222 
192 
194 
194 
194 
220 
194 
218 
208 
220 
208 
220 
194 
192 
192 
190 
192 
378 
190 
220 
190 
222 
224 
218 
284 
202 
220 
192 
190 
192 
224 
196 
194 
192 
220 
210 
192 
218 
192 
190 
220 
52 
226 
54 
218 
220 
54 
218 
220 
52 
210 
52 
218 
218 
56 
216 
50 
212 
222 
52 
194 
222 
208 
220 
210 
190 
236 
264 
194 
218 
192 
552 
220 
230 
220 
220 
218 
220 
214 
196 
224 
198 
216 
226 
220 
206 
220 
262 
194 
190 
232 
196 
214 
222 
500 
218 
188 
224 
220 
190 
218 
250 
194 
208 
192 
194 
210 
192 
258 
222 
222 
222 
222 
222 
220 
316 
190 
210 
208 
194 
210 
214 
324 
220 
214 
190 
218 
194 
194 
324 
224 
254 
218 
190 
210 
192 
274 
188 
220 
218 
226 
208 
50 
264 
50 
222 
220 
52 
214 
52 
270 
222 
50 
240 
54 
228 
220 
326 
192 
220 
198 
212 
206 
222 
308 
230 
222 
212 
194 
194 
202 
418 
192 
288 
198 
252 
212 
218 
354 
220 
188 
190 
222 
194 
192 
456 
194 
218 
220 
220 
210 
194 
352 
192 
218 
196 
218 
210 
194 
370 
220 
220 
240 
212 
194 
274 
412 
224 
192 
222 
192 
210 
220 
402 
222 
220 
194 
210 
210 
192 
426 
212 
260 
222 
192 
212 
190 
500 
192 
192 
220 
194 
210 
192 
454 
196 
208 
218 
50 
210 
218 
52 
224 
50 
220 
222 
56 
220 
52 
220 
222 
50 
192 
206 
188 
440 
224 
192 
190 
192 
224 
192 
440 
220 
220 
202 
192 
218 
206 
672 
196 
192 
208 
224 
228 
246 
448 
196 
224 
224 
218 
222 
218 
470 
218 
204 
218 
218 
188 
218 
464 
220 
198 
216 
218 
226 
190 
474 
222 
196 
194 
222 
222 
194 
478 
220 
220 
196 
210 
208 
192 
638 
224 
196 
222 
218 
218 
220 
730 
192 
192 
198 
192 
226 
196 
514 
222 
192 
188 
190 
196 
204 
548 
216 
52 
192 
56 
226 
218 
52 
220 
52 
220 
222 
54 
220 
534 
52 
224 
52 
224 
222 
52 
552 
222 
50 
222 
50 
218 
192 
560 
220 
196 
218 
198 
204 
190 
660 
216 
220 
194 
210 
222 
214 
644 
192 
194 
216 
220 
194 
196 
198 
192 
218 
216 
200 
224 
240 
634 
220 
222 
220 
200 
218 
218 
576 
192 
190 
190 
216 
194 
216 
608 
190 
192 
218 
220 
214 
218 
190 
216 
226 
192 
220 
220 
228 
586 
218 
218 
226 
226 
204 
214 
604 
192 
206 
190 
194 
224 
194 
648 
192 
220 
222 
220 
214 
192 
192 
218 
52 
220 
218 
52 
220 
648 
52 
220 
54 
218 
216 
52 
634 
52 
222 
220 
190 
218 
218 
694 
224 
220 
198 
218 
212 
220 
696 
222 
212 
220 
238 
220 
192 
194 
192 
210 
212 
222 
194 
194 
690 
194 
188 
192 
208 
216 
190 
228 
192 
220 
190 
210 
226 
230 
192 
188 
200 
222 
222 
222 
216 
220 
220 
220 
218 
222 
198 
240 
196 
232 
220 
218 
194 
218 
192 
222 
194 
208 
236 
194 
220 
198 
194 
192 
194 
192 
194 
224 
218 
194 
188 
190 
220 
192 
232 
218 
218 
52 
220 
220 
52 
220 
52 
224 
216 
222 
220 
220 
52 
226 
218 
52 
226 
54 
192 
220 
208 
224 
192 
228 
192 
232 
194 
216 
212 
202 
208 
192 
222 
192 
218 
194 
218 
220 
220 
206 
194 
192 
240 
196 
212 
192 
210 
222 
204 
242 
190 
224 
220 
192 
220 
222 
192 
194 
202 
192 
192 
194 
218 
218 
220 
220 
224 
222 
220 
208 
220 
192 
220 
220 
218 
192 
192 
188 
218 
220 
208 
192 
192 
190 
214 
194 
222 
220 
190 
220 
210 
190 
206 
208 
194 
190 
208 
208 
220 
190 
52 
220 
50 
220 
282 
52 
232 
220 
52 
222 
52 
220 
194 
212 
192 
216 
222 
218 
238 
196 
192 
192 
220 
218 
214 
222 
194 
192 
192 
218 
320 
236 
192 
222 
218 
194 
220 
220 
194 
210 
192 
188 
222 
224 
198 
212 
200 
222 
192 
218 
220 
198 
220 
222 
222 
220 
320 
196 
194 
218 
194 
210 
220 
194 
218 
218 
204 
192 
222 
220 
192 
220 
192 
226 
192 
192 
194 
206 
210 
226 
220 
218 
192 
220 
228 
194 
226 
218 
204 
222 
212 
198 
54 
220 
206 
54 
212 
50 
196 
196 
52 
222 
54 
218 
220 
50 
218 
56 
208 
220 
56 
222 
54 
222 
222 
52 
218 
210 
218 
190 
218 
194 
236 
220 
218 
218 
192 
218 
222 
220 
198 
190 
194 
218 
208 
230 
208 
212 
194 
194 
216 
194 
192 
194 
192 
210 
220 
198 
218 
208 
218 
194 
222 
220 
212 
200 
192 
220 
190 
222 
192 
188 
198 
244 
222 
192 
220 
222 
222 
220 
218 
220 
220 
230 
224 
196 
222 
216 
220 
220 
212 
216 
202 
220 
190 
220 
208 
220 
196 
206 
194 
220 
228 
196 
194 
190 
208 
208 
222 
50 
230 
52 
194 
220 
50 
218 
224 
52 
222 
56 
218 
226 
50 
220 
210 
220 
220 
194 
222 
218 
216 
212 
238 
218 
226 
208 
222 
192 
212 
242 
226 
220 
192 
222 
218 
216 
190 
222 
192 
220 
190 
190 
206 
194 
220 
210 
190 
222 
190 
200 
190 
206 
208 
268 
192 
248 
212 
218 
218 
218 
194 
218 
194 
210 
192 
210 
222 
216 
220 
194 
206 
198 
192 
220 
220 
194 
220 
194 
216 
192 
220 
222 
194 
220 
210 
192 
316 
192 
192 
218 
192 
190 
192 
268 
218 
218 
52 
222 
52 
194 
210 
52 
198 
52 
208 
212 
52 
218 
220 
50 
220 
192 
198 
224 
232 
220 
208 
226 
192 
212 
222 
360 
218 
206 
188 
190 
206 
220 
194 
222 
220 
220 
200 
208 
224 
196 
222 
196 
194 
220 
192 
218 
388 
218 
222 
218 
208 
306 
208 
330 
208 
208 
194 
226 
208 
208 
302 
210 
192 
220 
218 
190 
220 
222 
208 
194 
206 
218 
208 
222 
276 
220 
226 
214 
220 
192 
190 
194 
220 
242 
192 
220 
190 
238 
194 
208 
222 
192 
198 
190 
194 
52 
212 
220 
52 
218 
52 
220 
198 
52 
220 
50 
212 
190 
50 
208 
188 
50 
218 
52 
208 
222 
52 
218 
222 
218 
194 
210 
222 
236 
220 
194 
218 
196 
190 
192 
208 
218 
222 
192 
194 
190 
222 
218 
218 
192 
190 
188 
192 
192 
236 
192 
192 
192 
220 
200 
192 
580 
192 
218 
220 
224 
210 
192 
342 
220 
212 
192 
220 
212 
216 
442 
220 
218 
226 
232 
194 
196 
256 
188 
218 
190 
222 
188 
220 
226 
194 
214 
220 
222 
192 
218 
388 
196 
188 
220 
222 
210 
218 
224 
192 
224 
190 
192 
212 
52 
210 
54 
220 
220 
52 
208 
50 
228 
196 
50 
224 
52 
190 
208 
424 
196 
190 
222 
194 
206 
220 
278 
234 
220 
214 
222 
212 
218 
268 
194 
218 
214 
242 
194 
220 
436 
202 
222 
192 
220 
210 
218 
526 
218 
222 
192 
200 
210 
208 
434 
190 
220 
194 
220 
206 
196 
714 
240 
204 
192 
192 
192 
216 
370 
220 
190 
238 
222 
682 
196 
492 
224 
214 
192 
194 
210 
192 
570 
190 
216 
188 
222 
208 
192 
436 
192 
188 
220 
208 
208 
194 
0 
194 
218 
222 
52 
208 
224 
52 
222 
52 
220 
222 
54 
224 
524 
52 
222 
52 
222 
208 
52 
394 
200 
206 
196 
222 
208 
190 
460 
190 
218 
222 
190 
204 
192 
382 
204 
192 
194 
212 
210 
224 
456 
212 
196 
214 
222 
216 
224 
400 
214 
210 
222 
202 
220 
194 
502 
208 
190 
210 
192 
210 
218 
644 
218 
200 
220 
216 
194 
192 
436 
192 
194 
192 
190 
212 
194 
674 
220 
220 
208 
190 
196 
218 
452 
192 
194 
208 
190 
216 
212 
634 
220 
214 
222 
224 
218 
194 
516 
216 
194 
222 
222 
198 
50 
488 
220 
52 
218 
52 
218 
190 
50 
220 
50 
218 
218 
50 
220 
664 
222 
192 
218 
194 
194 
214 
542 
198 
224 
192 
258 
192 
226 
522 
220 
192 
192 
192 
194 
222 
710 
222 
196 
220 
224 
188 
220 
192 
220 
218 
220 
220 
222 
196 
702 
214 
222 
220 
224 
220 
220 
752 
218 
190 
238 
192 
210 
190 
840 
224 
206 
222 
192 
210 
194 
720 
208 
276 
214 
212 
192 
194 
548 
218 
192 
192 
220 
246 
222 
578 
218 
196 
192 
210 
218 
194 
584 
216 
236 
52 
224 
52 
222 
572 
50 
222 
222 
50 
222 
52 
596 
310 
52 
222 
222 
220 
186 
624 
220 
218 
210 
224 
220 
220 
192 
208 
194 
190 
206 
192 
222 
616 
190 
240 
222 
192 
222 
206 
650 
208 
192 
214 
190 
192 
194 
194 
190 
218 
218 
218 
194 
208 
194 
220 
218 
196 
190 
192 
192 
684 
190 
218 
222 
212 
196 
194 
696 
196 
220 
234 
218 
218 
220 
696 
220 
196 
208 
218 
250 
196 
674 
216 
198 
192 
218 
222 
194 
714 
218 
210 
192 
194 
220 
190 
768 
206 
222 
52 
222 
218 
52 
660 
80 
240 
240 
66 
224 
52 
730 
220 
52 
218 
218 
210 
222 
704 
190 
192 
222 
218 
194 
192 
192 
220 
220 
220 
196 
192 
208 
192 
226 
208 
196 
240 
222 
218 
840 
224 
222 
190 
218 
212 
222 
192 
208 
226 
194 
220 
218 
196 
220 
196 
210 
222 
194 
224 
220 
192 
238 
222 
222 
220 
192 
220 
210 
210 
218 
210 
194 
222 
218 
190 
194 
218 
222 
236 
208 
210 
194 
220 
220 
238 
208 
210 
218 
196 
220 
224 
224 
226 
220 
206 
210 
212 
52 
218 
54 
222 
218 
52 
222 
54 
218 
218 
52 
222 
222 
52 
214 
222 
218 
192 
222 
222 
194 
192 
192 
192 
222 
202 
190 
0 
0 
220 
188 
188 
190 
188 
216 
206 
188 
208 
206 
208 
210 
192 
220 
218 
186 
216 
216 
222 
192 
216 
188 
202 
216 
214 
218 
196 
220 
188 
198 
192 
192 
196 
188 
218 
218 
216 
186 
218 
218 
216 
218 
192 
192 
258 
212 
210 
202 
192 
318 
192 
192 
192 
188 
218 
192 
222 
220 
188 
206 
192 
244 
224 
218 
192 
190 
210 
50 
218 
50 
234 
220 
50 
216 
52 
216 
220 
50 
216 
50 
236 
190 
218 
190 
214 
220 
188 
188 
214 
218 
220 
218 
192 
190 
218 
192 
190 
224 
218 
190 
206 
190 
216 
190 
194 
218 
228 
190 
228 
208 
190 
310 
188 
190 
216 
190 
216 
190 
192 
218 
190 
194 
196 
220 
188 
198 
216 
218 
190 
210 
204 
218 
216 
216 
192 
188 
194 
206 
190 
190 
216 
218 
216 
216 
214 
218 
190 
190 
188 
194 
188 
190 
218 
190 
214 
216 
214 
190 
192 
190 
50 
206 
216 
48 
216 
50 
216 
50 
230 
218 
50 
216 
48 
216 
204 
48 
200 
214 
218 
216 
218 
190 
220 
220 
216 
206 
216 
216 
214 
218 
192 
188 
216 
216 
190 
188 
218 
192 
188 
208 
202 
218 
220 
220 
190 
218 
206 
234 
216 
190 
194 
206 
192 
204 
188 
208 
216 
206 
188 
190 
192 
220 
216 
216 
258 
198 
190 
220 
0 
0 
0 
192 
220 
196 
208 
232 
220 
192 
212 
194 
218 
204 
224 
192 
220 
194 
222 
194 
190 
224 
192 
192 
224 
220 
190 
202 
218 
194 
220 
192 
52 
220 
212 
52 
192 
52 
208 
234 
54 
296 
220 
52 
222 
54 
222 
218 
54 
220 
52 
218 
224 
218 
192 
210 
208 
194 
220 
194 
190 
192 
216 
220 
192 
220 
218 
192 
220 
208 
222 
356 
232 
218 
220 
210 
210 
218 
196 
218 
190 
190 
190 
192 
222 
222 
222 
190 
198 
240 
344 
216 
194 
220 
292 
220 
218 
190 
220 
250 
210 
210 
210 
218 
206 
216 
196 
220 
196 
212 
238 
194 
224 
192 
192 
194 
220 
218 
208 
218 
204 
218 
224 
218 
192 
212 
230 
236 
194 
236 
224 
194 
198 
52 
208 
218 
52 
208 
50 
204 
212 
54 
224 
52 
216 
222 
52 
222 
190 
190 
266 
190 
208 
192 
192 
192 
218 
218 
220 
224 
210 
220 
238 
208 
194 
218 
218 
210 
192 
194 
218 
208 
224 
220 
260 
218 
376 
222 
234 
220 
220 
192 
194 
310 
218 
222 
218 
208 
194 
196 
330 
210 
186 
194 
194 
210 
198 
192 
194 
220 
216 
220 
236 
218 
196 
192 
192 
216 
218 
206 
214 
194 
218 
218 
222 
194 
206 
220 
194 
220 
218 
188 
190 
208 
222 
220 
196 
190 
194 
52 
208 
222 
52 
218 
50 
220 
220 
50 
210 
52 
212 
220 
52 
194 
214 
218 
388 
214 
224 
216 
192 
230 
192 
360 
206 
210 
190 
214 
190 
190 
206 
208 
220 
194 
192 
196 
224 
202 
208 
222 
222 
222 
208 
218 
470 
192 
220 
220 
194 
206 
196 
236 
220 
220 
220 
198 
212 
194 
252 
192 
190 
194 
194 
192 
190 
262 
194 
210 
222 
220 
208 
238 
288 
188 
212 
190 
208 
194 
190 
480 
194 
192 
220 
196 
194 
214 
334 
194 
218 
194 
192 
192 
220 
376 
188 
50 
220 
220 
54 
224 
306 
52 
222 
52 
52 
206 
220 
50 
218 
52 
192 
194 
230 
208 
344 
212 
196 
222 
192 
224 
222 
354 
214 
192 
228 
222 
208 
190 
362 
190 
224 
220 
220 
194 
222 
352 
216 
220 
222 
218 
208 
192 
342 
192 
192 
218 
190 
206 
222 
546 
226 
220 
190 
188 
210 
190 
430 
220 
218 
220 
210 
206 
192 
450 
196 
206 
190 
216 
208 
218 
532 
194 
194 
220 
220 
218 
208 
660 
194 
218 
222 
218 
202 
192 
392 
238 
192 
222 
218 
222 
220 
474 
52 
218 
224 
52 
224 
52 
424 
224 
48 
218 
74 
218 
210 
54 
216 
216 
218 
192 
224 
238 
490 
206 
194 
222 
222 
210 
224 
478 
220 
222 
222 
190 
220 
218 
610 
208 
192 
218 
206 
222 
222 
586 
220 
208 
190 
218 
222 
192 
516 
220 
192 
186 
220 
196 
218 
518 
240 
220 
194 
192 
192 
194 
838 
216 
188 
192 
222 
220 
218 
702 
196 
218 
190 
194 
198 
220 
524 
194 
198 
208 
222 
266 
202 
554 
220 
224 
190 
218 
194 
202 
246 
192 
192 
218 
194 
224 
52 
512 
224 
50 
218 
52 
200 
194 
580 
216 
194 
196 
222 
190 
220 
600 
190 
232 
194 
218 
192 
220 
540 
198 
190 
208 
192 
220 
208 
662 
194 
212 
210 
222 
194 
238 
192 
222 
226 
194 
190 
192 
222 
632 
192 
194 
190 
196 
222 
192 
594 
220 
206 
220 
218 
218 
194 
192 
222 
220 
196 
220 
190 
190 
612 
218 
230 
222 
190 
194 
220 
632 
218 
188 
194 
206 
238 
222 
840 
210 
208 
208 
210 
206 
210 
190 
224 
218 
192 
220 
226 
224 
644 
218 
210 
220 
210 
222 
218 
666 
222 
218 
220 
218 
220 
220 
666 
218 
220 
218 
220 
218 
218 
648 
216 
218 
218 
222 
208 
218 
194 
222 
218 
222 
220 
222 
220 
664 
208 
218 
206 
210 
218 
234 
672 
194 
224 
212 
256 
222 
222 
680 
220 
224 
208 
222 
190 
208 
712 
216 
204 
202 
220 
194 
198 
678 
212 
220 
216 
214 
232 
208 
688 
218 
208 
220 
218 
218 
194 
694 
190 
222 
208 
290 
224 
218 
220 
218 
222 
222 
220 
206 
192 
208 
218 
194 
194 
206 
212 
218 
218 
222 
232 
218 
226 
220 
190 
222 
206 
210 
220 
220 
218 
218 
222 
218 
200 
218 
196 
222 
222 
218 
224 
220 
218 
222 
224 
222 
222 
222 
214 
218 
194 
222 
218 
218 
222 
220 
216 
218 
222 
222 
238 
218 
234 
222 
308 
210 
274 
220 
298 
218 
222 
220 
224 
226 
224 
322 
216 
222 
190 
210 
222 
224 
220 
222 
218 
220 
222 
208 
192 
220 
268 
218 
224 
224 
218 
192 
220 
188 
208 
220 
192 
206 
192 
192 
206 
222 
222 
194 
212 
218 
212 
222 
208 
210 
212 
206 
212 
208 
218 
250 
208 
190 
210 
192 
196 
212 
200 
222 
190 
220 
220 
224 
218 
220 
222 
220 
212 
218 
222 
194 
218 
284 
194 
212 
210 
218 
222 
206 
198 
210 
230 
192 
208 
200 
192 
194 
216 
206 
222 
216 
218 
220 
220 
304 
192 
204 
194 
220 
210 
224 
210 
208 
218 
220 
210 
338 
216 
220 
192 
192 
190 
220 
212 
224 
220 
218 
222 
222 
206 
222 
208 
220 
210 
222 
296 
220 
222 
220 
222 
190 
192 
208 
198 
220 
210 
200 
208 
222 
220 
222 
220 
238 
220 
220 
224 
224 
208 
188 
216 
220 
220 
192 
212 
220 
226 
208 
216 
220 
186 
220 
286 
194 
190 
220 
190 
218 
220 
0 
0 
0 
222 
214 
352 
220 
260 
198 
216 
208 
208 
224 
218 
216 
212 
186 
194 
204 
234 
216 
304 
702 
220 
212 
216 
214 
220 
190 
222 
208 
216 
216 
214 
220 
218 
190 
220 
216 
186 
216 
218 
218 
192 
208 
212 
190 
214 
208 
220 
220 
218 
214 
208 
192 
222 
218 
240 
212 
248 
206 
216 
228 
208 
216 
198 
218 
208 
190 
186 
206 
194 
222 
216 
192 
218 
220 
218 
220 
188 
204 
214 
186 
230 
192 
192 
218 
218 
190 
218 
192 
216 
210 
220 
216 
218 
216 
