# FR-trace starting at Wed Dec 16 18:19:08 2020
################# CONFIG #################
# slot=10000
# samples=5000
# threshold=100
# idle=500
# minlen=500
# runs=60000
# pdathreads=3
# nmonitored=1
#   monitor0=/usr/local/lib/libcrypto.so 799838 0xc345e
# nevicted=0
# npdatargets=1
#   target0=/usr/local/lib/libcrypto.so 750148 0xb7244
# affinity=all
############## SYSTEM INFO ###############
# mastik_version=
# sysname=Linux
# nodename=5997f38f2dda
# release=5.4.0-56-generic
# version=#62-Ubuntu SMP Mon Nov 23 19:20:19 UTC 2020
# machine=x86_64
################## DATA ##################
# run=0
# datapoints=3127
54 
190 
188 
220 
218 
192 
220 
188 
214 
218 
214 
226 
210 
218 
210 
190 
216 
190 
220 
190 
214 
210 
208 
218 
190 
190 
188 
218 
54 
216 
216 
220 
52 
220 
220 
52 
214 
216 
56 
206 
52 
214 
206 
56 
214 
220 
188 
190 
216 
190 
200 
218 
192 
190 
190 
190 
236 
218 
218 
190 
200 
190 
192 
218 
188 
220 
190 
218 
218 
52 
222 
192 
216 
218 
202 
188 
218 
202 
190 
220 
192 
200 
200 
218 
214 
218 
218 
222 
216 
218 
190 
188 
202 
190 
208 
190 
192 
196 
218 
222 
190 
220 
188 
218 
216 
218 
218 
216 
216 
190 
218 
190 
192 
190 
188 
190 
222 
208 
190 
186 
218 
194 
190 
218 
54 
216 
54 
218 
218 
50 
220 
50 
218 
52 
216 
218 
52 
220 
50 
218 
190 
50 
208 
202 
208 
190 
186 
194 
218 
216 
220 
190 
216 
188 
228 
206 
198 
202 
216 
216 
190 
222 
218 
214 
194 
198 
216 
220 
218 
206 
190 
236 
222 
214 
186 
190 
218 
196 
208 
186 
218 
190 
220 
210 
188 
190 
220 
220 
194 
216 
216 
210 
202 
208 
218 
220 
218 
190 
216 
220 
248 
216 
220 
218 
218 
232 
220 
192 
220 
218 
222 
218 
188 
222 
188 
218 
200 
210 
188 
190 
190 
218 
54 
218 
56 
220 
218 
52 
222 
52 
218 
54 
218 
218 
52 
190 
222 
218 
190 
220 
190 
208 
190 
240 
190 
220 
236 
208 
236 
190 
188 
218 
224 
200 
216 
222 
190 
218 
188 
194 
54 
190 
208 
222 
188 
186 
190 
242 
210 
208 
190 
212 
190 
190 
220 
192 
190 
218 
218 
214 
188 
190 
188 
192 
188 
218 
212 
220 
190 
190 
202 
208 
216 
216 
192 
188 
184 
196 
220 
190 
200 
192 
220 
190 
204 
192 
222 
208 
192 
0 
0 
0 
222 
222 
190 
220 
56 
220 
56 
226 
226 
56 
220 
56 
216 
208 
52 
224 
54 
218 
220 
54 
212 
220 
58 
224 
192 
222 
220 
206 
220 
212 
218 
192 
192 
210 
210 
192 
208 
208 
208 
192 
192 
210 
230 
208 
218 
196 
220 
196 
192 
222 
192 
222 
192 
220 
214 
210 
190 
224 
194 
220 
190 
192 
208 
220 
222 
242 
222 
222 
244 
192 
208 
192 
218 
220 
220 
192 
192 
206 
194 
222 
194 
218 
210 
210 
192 
194 
220 
220 
192 
214 
210 
190 
192 
244 
192 
220 
216 
214 
192 
238 
224 
192 
192 
220 
54 
222 
218 
56 
220 
58 
220 
210 
54 
212 
220 
56 
220 
56 
188 
194 
190 
210 
224 
220 
218 
192 
192 
370 
222 
220 
220 
192 
210 
218 
196 
192 
210 
192 
192 
452 
208 
376 
194 
190 
222 
192 
194 
222 
190 
220 
222 
220 
202 
210 
228 
196 
192 
192 
220 
222 
208 
192 
192 
214 
196 
212 
220 
196 
190 
194 
222 
218 
224 
218 
190 
230 
360 
222 
196 
212 
220 
192 
192 
374 
222 
192 
192 
192 
442 
192 
248 
252 
222 
190 
322 
208 
194 
192 
54 
220 
222 
54 
210 
56 
222 
222 
56 
220 
56 
208 
222 
56 
222 
192 
196 
216 
210 
220 
240 
204 
196 
218 
196 
208 
192 
402 
192 
218 
190 
234 
194 
208 
238 
222 
218 
194 
192 
194 
212 
340 
212 
194 
216 
190 
194 
194 
458 
220 
190 
202 
218 
196 
206 
284 
220 
220 
212 
192 
208 
224 
452 
192 
204 
236 
204 
200 
230 
292 
190 
224 
218 
190 
220 
192 
310 
224 
232 
220 
192 
210 
232 
514 
194 
220 
222 
192 
192 
204 
292 
190 
192 
192 
196 
192 
208 
54 
218 
54 
226 
220 
54 
222 
56 
222 
222 
62 
222 
54 
220 
296 
56 
218 
218 
52 
210 
56 
298 
192 
56 
50 
220 
210 
192 
340 
194 
192 
190 
220 
194 
212 
298 
192 
192 
222 
222 
194 
218 
340 
242 
226 
192 
210 
192 
192 
56 
54 
208 
198 
192 
222 
218 
522 
218 
206 
226 
222 
192 
192 
546 
220 
220 
222 
196 
210 
214 
546 
220 
194 
202 
190 
216 
210 
422 
216 
192 
222 
200 
192 
220 
438 
242 
220 
226 
192 
192 
220 
564 
220 
192 
192 
194 
192 
220 
442 
220 
208 
220 
192 
222 
218 
54 
220 
218 
56 
222 
56 
224 
442 
58 
220 
58 
218 
222 
56 
472 
220 
192 
218 
190 
192 
242 
448 
238 
228 
222 
218 
222 
220 
464 
196 
196 
190 
236 
192 
194 
472 
224 
192 
222 
222 
218 
222 
602 
220 
204 
208 
190 
210 
232 
616 
226 
192 
208 
210 
228 
226 
546 
220 
200 
226 
220 
220 
190 
530 
238 
192 
266 
222 
218 
190 
640 
208 
194 
218 
220 
220 
210 
192 
226 
192 
220 
240 
218 
212 
550 
222 
192 
204 
208 
220 
192 
236 
220 
218 
240 
58 
208 
54 
538 
218 
56 
504 
220 
54 
222 
56 
222 
222 
56 
190 
188 
220 
572 
222 
192 
220 
198 
218 
218 
190 
220 
220 
224 
220 
220 
222 
726 
218 
218 
192 
218 
220 
220 
192 
224 
218 
222 
204 
192 
198 
620 
222 
198 
208 
204 
208 
192 
644 
210 
192 
210 
222 
226 
222 
194 
192 
220 
224 
220 
220 
220 
616 
220 
192 
192 
222 
192 
192 
656 
192 
220 
218 
220 
196 
216 
632 
218 
192 
220 
218 
216 
220 
192 
194 
190 
192 
220 
192 
222 
192 
222 
58 
226 
58 
210 
226 
58 
210 
58 
348 
210 
58 
220 
680 
202 
218 
196 
220 
222 
192 
650 
190 
222 
220 
222 
220 
212 
720 
220 
222 
194 
210 
220 
220 
716 
192 
224 
220 
192 
194 
192 
702 
222 
240 
218 
222 
218 
240 
192 
192 
226 
194 
224 
194 
192 
244 
210 
188 
192 
236 
222 
194 
192 
194 
274 
220 
192 
194 
224 
220 
194 
220 
222 
190 
220 
224 
216 
202 
220 
192 
194 
222 
222 
190 
194 
192 
222 
222 
242 
224 
220 
202 
220 
54 
220 
220 
58 
224 
58 
220 
220 
54 
218 
54 
220 
222 
54 
192 
222 
60 
208 
54 
202 
198 
56 
220 
56 
248 
190 
190 
220 
220 
194 
224 
220 
220 
194 
222 
192 
192 
220 
222 
224 
238 
218 
192 
212 
192 
192 
220 
222 
220 
218 
242 
222 
192 
192 
220 
194 
204 
224 
212 
222 
220 
206 
224 
222 
196 
222 
192 
196 
198 
192 
192 
212 
192 
220 
190 
192 
222 
226 
192 
218 
220 
220 
190 
220 
222 
204 
222 
220 
222 
220 
210 
198 
210 
196 
192 
196 
192 
192 
220 
222 
220 
196 
218 
218 
220 
244 
58 
220 
218 
56 
224 
56 
218 
218 
54 
220 
200 
222 
224 
56 
210 
208 
240 
210 
234 
192 
200 
196 
196 
196 
192 
234 
192 
220 
220 
224 
196 
220 
218 
206 
192 
190 
222 
220 
192 
222 
210 
220 
220 
218 
212 
224 
222 
192 
220 
216 
192 
220 
220 
220 
208 
220 
212 
190 
194 
188 
214 
224 
220 
192 
208 
198 
192 
198 
200 
224 
222 
226 
192 
208 
218 
224 
220 
216 
190 
192 
220 
222 
222 
222 
222 
220 
208 
220 
224 
232 
220 
194 
192 
216 
222 
60 
222 
224 
56 
220 
54 
216 
220 
56 
222 
54 
220 
218 
56 
218 
192 
192 
192 
212 
192 
210 
196 
192 
210 
220 
192 
220 
240 
212 
220 
220 
192 
222 
194 
192 
222 
220 
226 
220 
222 
54 
192 
216 
192 
220 
238 
192 
194 
190 
192 
190 
218 
192 
192 
194 
206 
194 
232 
190 
194 
218 
218 
228 
222 
220 
212 
220 
224 
216 
224 
192 
192 
196 
220 
192 
216 
196 
206 
196 
220 
218 
192 
192 
222 
218 
194 
210 
222 
192 
222 
220 
218 
224 
218 
218 
218 
56 
222 
56 
222 
220 
62 
220 
54 
220 
224 
54 
224 
56 
216 
228 
58 
216 
216 
54 
220 
54 
242 
218 
192 
222 
192 
208 
206 
244 
192 
210 
192 
196 
210 
224 
210 
194 
226 
222 
192 
224 
220 
210 
218 
208 
226 
192 
194 
500 
190 
210 
220 
196 
232 
218 
220 
210 
192 
218 
192 
192 
194 
220 
210 
192 
210 
218 
222 
222 
216 
210 
220 
192 
240 
210 
212 
190 
196 
192 
194 
214 
192 
192 
224 
192 
208 
222 
222 
220 
218 
194 
210 
222 
192 
192 
214 
222 
216 
196 
220 
190 
220 
222 
58 
222 
190 
52 
224 
54 
222 
220 
54 
212 
58 
220 
220 
56 
192 
192 
194 
192 
192 
222 
220 
222 
192 
212 
224 
318 
192 
218 
220 
194 
212 
188 
210 
194 
192 
218 
196 
210 
196 
250 
194 
220 
218 
220 
210 
192 
188 
196 
214 
220 
192 
214 
192 
192 
192 
194 
192 
206 
204 
194 
192 
194 
192 
192 
220 
190 
220 
192 
190 
226 
192 
220 
210 
192 
190 
220 
220 
218 
192 
212 
222 
192 
194 
220 
192 
210 
208 
192 
192 
220 
222 
220 
192 
686 
208 
220 
56 
220 
54 
220 
210 
52 
218 
56 
192 
222 
52 
210 
222 
54 
0 
56 
192 
222 
210 
220 
196 
260 
222 
220 
208 
216 
192 
200 
222 
194 
220 
222 
210 
220 
192 
194 
194 
214 
224 
212 
194 
212 
218 
56 
326 
220 
196 
222 
226 
200 
222 
192 
190 
208 
204 
332 
210 
218 
220 
220 
208 
192 
416 
192 
220 
192 
192 
194 
210 
256 
192 
192 
206 
222 
208 
224 
266 
192 
220 
218 
222 
212 
222 
434 
220 
220 
190 
226 
196 
222 
338 
192 
224 
220 
192 
210 
192 
242 
54 
222 
218 
56 
208 
56 
244 
224 
54 
214 
54 
210 
240 
56 
214 
218 
192 
224 
210 
196 
282 
224 
222 
220 
220 
190 
204 
280 
192 
190 
192 
192 
214 
192 
308 
208 
224 
192 
192 
210 
220 
306 
204 
220 
218 
220 
208 
220 
318 
236 
222 
194 
220 
210 
224 
530 
226 
220 
202 
218 
208 
222 
358 
192 
192 
196 
216 
210 
206 
372 
192 
222 
192 
238 
202 
220 
374 
196 
220 
192 
222 
212 
192 
386 
218 
194 
224 
210 
192 
208 
596 
194 
208 
196 
222 
194 
58 
384 
58 
220 
220 
54 
208 
54 
392 
220 
54 
218 
54 
194 
222 
406 
190 
194 
238 
192 
208 
220 
576 
206 
218 
220 
220 
214 
222 
412 
190 
220 
220 
192 
192 
222 
456 
236 
238 
210 
196 
208 
194 
684 
204 
218 
210 
238 
194 
194 
428 
230 
222 
222 
228 
194 
214 
562 
220 
222 
222 
192 
220 
208 
580 
200 
192 
220 
222 
218 
194 
600 
242 
222 
230 
222 
212 
192 
470 
198 
196 
222 
218 
218 
192 
478 
220 
220 
228 
194 
220 
222 
436 
242 
58 
212 
56 
222 
192 
54 
208 
220 
56 
220 
52 
220 
502 
56 
190 
212 
200 
244 
194 
640 
220 
194 
226 
196 
188 
222 
554 
220 
194 
220 
220 
222 
226 
192 
220 
218 
210 
220 
224 
196 
538 
220 
192 
206 
220 
220 
222 
700 
210 
218 
196 
192 
216 
188 
192 
214 
212 
312 
190 
220 
222 
582 
218 
214 
214 
202 
230 
194 
602 
220 
192 
222 
218 
210 
194 
636 
192 
222 
294 
220 
218 
194 
556 
214 
198 
222 
224 
220 
220 
562 
220 
234 
194 
220 
222 
54 
582 
58 
218 
218 
54 
220 
248 
56 
192 
56 
210 
190 
56 
210 
596 
222 
192 
192 
222 
200 
218 
630 
218 
218 
192 
224 
190 
216 
714 
222 
222 
192 
210 
222 
190 
196 
222 
220 
194 
222 
224 
218 
190 
218 
210 
194 
190 
192 
232 
644 
192 
192 
218 
218 
190 
190 
666 
210 
192 
192 
200 
266 
236 
684 
210 
198 
206 
222 
210 
220 
192 
224 
190 
220 
220 
222 
222 
704 
192 
216 
218 
220 
192 
218 
192 
206 
192 
192 
220 
224 
220 
222 
222 
208 
144 
222 
218 
54 
220 
222 
58 
220 
58 
222 
220 
54 
220 
56 
192 
192 
196 
192 
192 
194 
190 
218 
220 
218 
242 
222 
192 
218 
222 
220 
224 
218 
194 
192 
218 
216 
240 
212 
196 
224 
192 
220 
192 
222 
208 
200 
222 
196 
222 
222 
218 
220 
192 
194 
190 
190 
220 
216 
216 
192 
222 
192 
222 
220 
196 
208 
194 
192 
192 
224 
194 
206 
194 
196 
274 
192 
218 
224 
222 
192 
222 
194 
192 
190 
210 
192 
210 
192 
192 
220 
222 
222 
224 
220 
192 
58 
220 
218 
56 
216 
52 
220 
222 
52 
222 
222 
54 
222 
54 
222 
224 
58 
192 
220 
222 
192 
192 
192 
192 
192 
216 
206 
214 
220 
222 
202 
192 
220 
220 
218 
218 
244 
194 
192 
226 
220 
224 
194 
220 
218 
218 
292 
222 
190 
196 
192 
192 
194 
222 
204 
220 
220 
218 
192 
224 
192 
220 
192 
220 
218 
210 
222 
198 
222 
218 
218 
196 
192 
216 
208 
198 
194 
270 
192 
220 
220 
248 
192 
218 
222 
218 
194 
222 
220 
192 
218 
192 
220 
192 
210 
218 
194 
222 
54 
222 
56 
208 
222 
52 
222 
56 
222 
222 
56 
220 
54 
210 
216 
58 
220 
56 
222 
224 
192 
192 
220 
220 
222 
190 
206 
190 
192 
188 
192 
202 
220 
204 
222 
192 
192 
222 
194 
224 
192 
234 
192 
190 
220 
220 
220 
222 
220 
192 
222 
192 
192 
222 
220 
194 
192 
208 
192 
220 
224 
220 
222 
220 
218 
192 
224 
192 
224 
188 
194 
224 
242 
220 
194 
220 
210 
196 
192 
200 
222 
240 
220 
196 
216 
234 
224 
258 
226 
212 
222 
218 
208 
192 
202 
222 
218 
222 
220 
52 
222 
56 
218 
220 
56 
190 
54 
210 
220 
54 
220 
218 
52 
210 
194 
212 
192 
218 
202 
220 
194 
228 
222 
220 
210 
222 
222 
220 
210 
190 
216 
208 
194 
208 
236 
218 
192 
222 
220 
220 
220 
224 
194 
196 
220 
218 
192 
222 
222 
196 
194 
222 
196 
200 
192 
222 
220 
208 
192 
194 
192 
220 
210 
192 
220 
218 
192 
210 
216 
220 
192 
192 
194 
192 
208 
192 
192 
196 
222 
222 
210 
644 
192 
192 
192 
190 
196 
258 
212 
220 
210 
218 
192 
220 
222 
56 
222 
110 
218 
222 
56 
220 
212 
56 
208 
56 
222 
210 
54 
192 
224 
194 
222 
232 
198 
190 
208 
224 
220 
194 
190 
220 
208 
210 
220 
226 
192 
188 
192 
220 
192 
194 
192 
208 
194 
190 
192 
212 
218 
192 
218 
200 
194 
222 
190 
224 
192 
220 
216 
222 
190 
226 
196 
190 
192 
192 
190 
220 
208 
188 
192 
214 
220 
202 
222 
210 
194 
196 
218 
66 
208 
236 
54 
216 
224 
54 
220 
56 
220 
210 
60 
220 
192 
56 
192 
206 
200 
192 
192 
196 
218 
212 
210 
192 
222 
192 
222 
222 
192 
200 
208 
236 
190 
220 
218 
192 
230 
210 
192 
56 
56 
194 
220 
220 
192 
194 
302 
226 
224 
210 
192 
194 
190 
190 
222 
220 
222 
218 
190 
222 
190 
220 
192 
240 
198 
192 
192 
544 
192 
194 
218 
218 
210 
202 
244 
194 
226 
222 
210 
194 
194 
256 
218 
222 
220 
222 
190 
222 
214 
192 
228 
204 
198 
210 
66 
336 
62 
224 
246 
54 
208 
54 
222 
220 
54 
218 
222 
52 
220 
370 
222 
222 
192 
194 
208 
192 
296 
192 
204 
210 
192 
210 
210 
436 
196 
190 
192 
192 
192 
228 
192 
192 
222 
192 
192 
192 
220 
426 
192 
192 
212 
196 
210 
192 
210 
192 
230 
216 
224 
192 
192 
340 
192 
222 
224 
194 
214 
194 
206 
192 
210 
222 
220 
212 
192 
222 
190 
210 
204 
192 
202 
218 
248 
220 
224 
196 
206 
210 
190 
248 
194 
220 
192 
220 
214 
192 
478 
192 
192 
58 
210 
210 
56 
256 
56 
192 
196 
194 
212 
220 
404 
194 
220 
226 
194 
644 
192 
530 
192 
222 
200 
224 
192 
208 
672 
194 
218 
222 
212 
192 
210 
310 
252 
214 
222 
216 
214 
198 
472 
208 
220 
192 
218 
190 
192 
352 
220 
220 
194 
194 
190 
222 
368 
190 
220 
194 
230 
212 
196 
498 
218 
222 
192 
212 
200 
190 
350 
192 
218 
220 
220 
650 
192 
354 
220 
220 
220 
220 
192 
192 
380 
192 
210 
198 
238 
192 
192 
372 
222 
220 
218 
220 
216 
224 
360 
220 
222 
222 
222 
214 
218 
366 
222 
220 
222 
226 
208 
210 
368 
220 
220 
220 
222 
222 
222 
358 
220 
220 
222 
220 
216 
220 
452 
220 
220 
220 
214 
220 
208 
392 
220 
190 
222 
220 
220 
210 
398 
220 
252 
220 
218 
226 
212 
568 
192 
206 
206 
224 
222 
196 
606 
198 
220 
212 
244 
194 
322 
192 
208 
224 
312 
222 
222 
190 
454 
302 
224 
218 
222 
222 
236 
598 
206 
220 
220 
222 
222 
220 
682 
220 
210 
208 
212 
210 
212 
512 
206 
220 
220 
256 
214 
220 
620 
222 
200 
218 
226 
194 
220 
570 
240 
218 
216 
196 
208 
192 
528 
222 
220 
190 
222 
222 
222 
500 
222 
218 
218 
220 
220 
222 
540 
222 
220 
222 
220 
222 
218 
518 
222 
210 
222 
222 
208 
208 
602 
210 
212 
222 
196 
220 
220 
540 
218 
220 
328 
208 
222 
220 
516 
208 
222 
222 
220 
220 
222 
522 
324 
220 
220 
310 
220 
210 
544 
200 
224 
210 
190 
220 
210 
564 
238 
222 
218 
208 
226 
196 
194 
264 
222 
222 
284 
208 
196 
194 
192 
192 
192 
270 
194 
214 
612 
192 
212 
202 
214 
220 
220 
630 
196 
194 
222 
220 
222 
222 
662 
218 
220 
220 
226 
194 
220 
614 
194 
210 
192 
220 
220 
210 
674 
220 
222 
192 
194 
222 
192 
668 
208 
192 
222 
192 
190 
210 
652 
222 
194 
210 
192 
232 
212 
212 
220 
192 
202 
214 
196 
192 
706 
220 
222 
196 
220 
312 
210 
670 
194 
226 
192 
210 
226 
220 
684 
220 
210 
210 
218 
218 
196 
672 
210 
220 
220 
212 
210 
222 
704 
220 
220 
220 
220 
220 
220 
682 
222 
212 
208 
210 
194 
192 
688 
192 
216 
210 
224 
194 
222 
700 
224 
222 
214 
220 
218 
220 
222 
244 
210 
222 
220 
210 
220 
222 
220 
222 
220 
238 
222 
210 
222 
222 
210 
194 
220 
224 
220 
222 
196 
212 
222 
210 
222 
220 
220 
198 
192 
218 
222 
336 
210 
230 
194 
210 
220 
192 
206 
222 
234 
250 
210 
190 
222 
222 
212 
224 
220 
220 
220 
210 
192 
194 
210 
224 
230 
234 
234 
220 
222 
208 
208 
220 
218 
222 
222 
220 
208 
218 
220 
224 
222 
218 
208 
210 
238 
208 
212 
192 
220 
224 
212 
224 
194 
194 
192 
194 
200 
234 
330 
196 
222 
218 
210 
224 
220 
216 
220 
192 
202 
