# FR-trace starting at Wed Dec 16 18:19:19 2020
################# CONFIG #################
# slot=10000
# samples=5000
# threshold=100
# idle=500
# minlen=500
# runs=60000
# pdathreads=3
# nmonitored=1
#   monitor0=/usr/local/lib/libcrypto.so 799838 0xc345e
# nevicted=0
# npdatargets=1
#   target0=/usr/local/lib/libcrypto.so 750148 0xb7244
# affinity=all
############## SYSTEM INFO ###############
# mastik_version=
# sysname=Linux
# nodename=5997f38f2dda
# release=5.4.0-56-generic
# version=#62-Ubuntu SMP Mon Nov 23 19:20:19 UTC 2020
# machine=x86_64
################## DATA ##################
# run=0
# datapoints=3166
56 
190 
220 
610 
192 
206 
186 
230 
218 
220 
726 
198 
220 
220 
192 
222 
216 
188 
196 
218 
222 
218 
192 
220 
622 
188 
218 
218 
146 
58 
220 
626 
220 
56 
216 
216 
56 
208 
54 
204 
188 
58 
190 
56 
234 
622 
216 
208 
222 
218 
230 
220 
636 
216 
220 
192 
218 
214 
220 
632 
220 
220 
216 
188 
234 
218 
190 
218 
190 
220 
220 
218 
194 
668 
186 
220 
194 
220 
190 
190 
688 
186 
220 
226 
190 
222 
194 
188 
194 
220 
208 
208 
228 
206 
216 
188 
192 
208 
186 
190 
218 
220 
220 
216 
216 
216 
188 
220 
188 
214 
188 
206 
188 
218 
192 
212 
238 
216 
218 
188 
220 
192 
214 
188 
188 
56 
208 
218 
54 
218 
54 
216 
218 
56 
220 
58 
216 
220 
54 
218 
58 
190 
192 
58 
240 
220 
220 
196 
236 
218 
190 
220 
218 
218 
192 
192 
190 
218 
190 
218 
188 
190 
220 
216 
218 
218 
236 
192 
218 
220 
216 
218 
192 
218 
206 
216 
202 
194 
218 
190 
220 
216 
190 
218 
240 
228 
0 
0 
0 
224 
194 
192 
194 
192 
210 
188 
208 
210 
222 
192 
190 
222 
218 
192 
218 
220 
220 
204 
218 
218 
194 
222 
196 
222 
192 
192 
224 
192 
220 
222 
192 
192 
220 
222 
222 
222 
212 
222 
58 
220 
218 
58 
220 
58 
222 
218 
60 
222 
58 
222 
210 
56 
190 
232 
192 
194 
192 
192 
190 
190 
258 
220 
206 
194 
218 
190 
194 
192 
220 
190 
222 
194 
220 
220 
194 
192 
220 
232 
222 
222 
194 
222 
220 
190 
218 
220 
360 
210 
210 
218 
220 
194 
192 
194 
220 
218 
196 
192 
220 
220 
218 
222 
194 
202 
220 
212 
190 
192 
206 
226 
206 
220 
220 
206 
224 
226 
222 
190 
192 
220 
208 
192 
220 
218 
218 
222 
192 
222 
220 
214 
194 
222 
226 
196 
240 
58 
220 
220 
62 
222 
60 
210 
220 
58 
224 
220 
58 
222 
58 
222 
220 
58 
222 
56 
240 
192 
212 
206 
194 
210 
198 
222 
192 
194 
194 
220 
190 
196 
218 
220 
220 
220 
224 
194 
192 
220 
196 
190 
222 
190 
214 
224 
218 
230 
192 
220 
192 
220 
212 
194 
190 
192 
210 
218 
220 
224 
218 
190 
218 
192 
194 
196 
198 
190 
202 
222 
206 
194 
192 
210 
194 
204 
218 
244 
192 
220 
194 
222 
214 
220 
222 
242 
218 
190 
224 
196 
190 
222 
218 
190 
222 
224 
192 
192 
224 
226 
222 
192 
58 
218 
212 
62 
192 
58 
220 
220 
58 
226 
60 
222 
222 
56 
214 
230 
220 
190 
224 
190 
208 
220 
230 
192 
210 
214 
258 
190 
210 
210 
222 
196 
222 
220 
224 
234 
208 
192 
222 
230 
232 
220 
190 
210 
222 
194 
220 
238 
218 
196 
208 
218 
226 
192 
190 
222 
194 
208 
208 
196 
206 
238 
222 
190 
214 
192 
220 
212 
220 
210 
194 
192 
218 
214 
210 
212 
222 
208 
192 
216 
190 
222 
220 
196 
226 
212 
218 
192 
234 
192 
196 
192 
206 
194 
198 
212 
58 
220 
62 
210 
218 
56 
216 
218 
58 
218 
198 
56 
194 
58 
220 
190 
218 
210 
224 
218 
218 
220 
190 
202 
200 
212 
192 
194 
192 
192 
192 
194 
214 
192 
196 
222 
190 
194 
208 
220 
202 
220 
218 
196 
218 
208 
220 
246 
218 
216 
222 
224 
210 
192 
198 
220 
194 
220 
226 
206 
192 
194 
190 
194 
224 
216 
204 
224 
368 
196 
218 
192 
192 
206 
218 
194 
222 
192 
190 
212 
192 
192 
220 
192 
194 
240 
192 
192 
224 
314 
194 
222 
224 
192 
212 
218 
340 
220 
60 
222 
58 
208 
222 
58 
222 
58 
222 
220 
56 
216 
146 
218 
210 
58 
208 
208 
60 
222 
58 
222 
224 
58 
194 
194 
192 
224 
194 
192 
192 
208 
210 
294 
192 
222 
294 
218 
200 
216 
312 
222 
194 
218 
194 
206 
220 
396 
192 
192 
198 
222 
212 
222 
196 
194 
218 
194 
218 
190 
190 
218 
222 
218 
192 
222 
200 
220 
232 
188 
192 
196 
224 
208 
234 
526 
208 
194 
220 
220 
194 
196 
244 
220 
250 
234 
212 
204 
216 
244 
198 
192 
192 
218 
190 
218 
308 
194 
220 
194 
190 
210 
214 
252 
220 
190 
192 
192 
56 
222 
222 
58 
218 
58 
220 
210 
58 
254 
58 
216 
220 
58 
208 
192 
646 
220 
196 
224 
192 
194 
204 
464 
220 
212 
198 
206 
190 
190 
282 
222 
224 
220 
224 
208 
192 
276 
220 
222 
190 
226 
208 
218 
444 
214 
220 
222 
192 
192 
230 
488 
222 
212 
236 
218 
194 
218 
490 
198 
192 
188 
222 
196 
238 
328 
190 
220 
222 
200 
232 
192 
514 
222 
220 
198 
212 
224 
192 
352 
200 
222 
208 
194 
190 
210 
648 
220 
218 
208 
194 
216 
190 
378 
234 
224 
204 
60 
212 
220 
56 
218 
102 
218 
220 
58 
224 
376 
58 
222 
56 
214 
212 
222 
540 
212 
192 
220 
190 
210 
224 
564 
194 
220 
192 
210 
192 
192 
438 
190 
208 
192 
194 
214 
192 
444 
212 
194 
198 
210 
210 
190 
514 
218 
212 
220 
218 
226 
192 
410 
222 
220 
196 
192 
222 
192 
436 
222 
218 
192 
266 
220 
190 
404 
192 
238 
220 
214 
196 
192 
498 
244 
222 
220 
196 
188 
216 
682 
192 
222 
198 
212 
192 
216 
652 
218 
242 
190 
192 
218 
192 
472 
222 
222 
194 
56 
220 
220 
62 
222 
58 
216 
222 
56 
222 
512 
220 
218 
200 
210 
222 
222 
582 
194 
194 
222 
208 
222 
222 
572 
220 
188 
224 
220 
194 
206 
672 
216 
192 
192 
218 
194 
190 
800 
212 
202 
220 
220 
210 
226 
194 
220 
222 
218 
222 
192 
196 
636 
220 
218 
222 
198 
222 
208 
546 
192 
194 
194 
234 
236 
218 
566 
224 
224 
192 
222 
240 
202 
636 
224 
218 
220 
190 
222 
222 
572 
218 
220 
222 
186 
218 
222 
580 
212 
190 
192 
288 
192 
268 
58 
220 
218 
60 
220 
58 
222 
584 
60 
220 
220 
58 
218 
58 
574 
222 
60 
220 
58 
220 
220 
58 
222 
56 
218 
328 
220 
240 
190 
218 
224 
194 
204 
220 
222 
676 
192 
190 
206 
220 
216 
220 
696 
210 
194 
196 
192 
192 
220 
744 
276 
304 
224 
220 
220 
222 
706 
192 
222 
224 
194 
238 
204 
190 
192 
190 
222 
192 
222 
192 
656 
220 
220 
196 
220 
216 
222 
690 
210 
192 
192 
198 
220 
220 
0 
0 
214 
216 
198 
192 
190 
710 
190 
192 
194 
190 
202 
210 
188 
216 
190 
206 
212 
206 
218 
216 
222 
216 
190 
220 
56 
220 
216 
56 
214 
54 
216 
220 
56 
222 
58 
218 
218 
56 
218 
218 
188 
234 
216 
192 
218 
192 
220 
192 
192 
194 
190 
196 
218 
188 
220 
230 
188 
224 
226 
236 
190 
194 
192 
190 
218 
216 
312 
200 
202 
192 
224 
206 
194 
216 
192 
210 
190 
190 
216 
218 
188 
220 
216 
192 
194 
190 
218 
222 
188 
220 
222 
222 
206 
190 
188 
192 
218 
192 
208 
188 
194 
224 
218 
220 
196 
220 
220 
190 
216 
198 
190 
218 
200 
188 
234 
190 
194 
280 
200 
56 
218 
56 
218 
54 
218 
222 
58 
220 
56 
218 
218 
58 
196 
188 
220 
192 
200 
188 
232 
188 
218 
218 
218 
190 
206 
218 
222 
188 
210 
218 
234 
206 
218 
218 
220 
190 
188 
218 
192 
220 
206 
198 
206 
192 
192 
208 
190 
192 
220 
262 
216 
218 
216 
192 
200 
190 
218 
220 
194 
216 
218 
190 
192 
188 
192 
218 
218 
218 
220 
188 
188 
190 
206 
240 
220 
258 
190 
194 
190 
214 
218 
218 
188 
192 
220 
190 
218 
208 
220 
240 
220 
220 
206 
54 
218 
56 
208 
212 
58 
298 
56 
206 
220 
56 
218 
56 
220 
218 
54 
220 
56 
220 
216 
54 
220 
190 
214 
216 
220 
216 
188 
192 
190 
190 
220 
192 
218 
204 
218 
238 
216 
192 
192 
190 
196 
218 
188 
220 
206 
192 
218 
188 
216 
192 
204 
206 
214 
212 
206 
216 
214 
218 
220 
188 
190 
216 
196 
208 
190 
220 
220 
192 
190 
210 
60 
220 
58 
220 
222 
58 
224 
58 
214 
228 
58 
64 
0 
194 
192 
218 
218 
192 
220 
190 
190 
210 
220 
196 
216 
188 
212 
220 
214 
190 
218 
206 
188 
210 
206 
188 
218 
204 
250 
208 
190 
186 
206 
188 
222 
220 
216 
204 
218 
216 
190 
220 
188 
216 
186 
216 
218 
216 
218 
194 
218 
220 
192 
190 
192 
222 
218 
190 
194 
210 
202 
192 
190 
198 
216 
228 
190 
188 
192 
192 
236 
214 
186 
188 
210 
206 
194 
188 
200 
190 
194 
192 
220 
218 
54 
220 
56 
222 
208 
56 
216 
54 
216 
220 
58 
206 
58 
220 
218 
56 
220 
216 
208 
218 
188 
216 
0 
280 
190 
312 
194 
258 
188 
220 
222 
220 
208 
216 
200 
218 
208 
216 
222 
190 
188 
188 
304 
210 
194 
218 
218 
202 
194 
208 
192 
190 
216 
210 
218 
196 
216 
208 
216 
220 
214 
188 
188 
216 
214 
188 
188 
204 
216 
192 
220 
224 
190 
188 
190 
196 
0 
0 
0 
222 
218 
224 
192 
196 
220 
192 
210 
222 
192 
192 
190 
194 
208 
190 
194 
210 
196 
334 
218 
60 
220 
220 
60 
220 
60 
220 
220 
58 
222 
208 
58 
220 
220 
60 
212 
220 
192 
192 
190 
190 
196 
196 
216 
212 
224 
214 
226 
196 
220 
194 
210 
220 
240 
232 
192 
220 
218 
192 
194 
194 
220 
218 
210 
192 
194 
210 
188 
192 
262 
192 
234 
210 
222 
192 
220 
222 
220 
192 
210 
190 
194 
218 
222 
222 
220 
194 
220 
190 
190 
236 
192 
218 
190 
222 
192 
194 
194 
192 
220 
190 
192 
194 
216 
192 
220 
242 
192 
190 
260 
220 
222 
220 
212 
214 
192 
282 
210 
56 
220 
56 
210 
268 
62 
270 
60 
222 
220 
58 
220 
216 
60 
220 
222 
192 
212 
194 
216 
220 
194 
192 
220 
194 
220 
202 
194 
192 
218 
222 
192 
210 
200 
224 
222 
190 
220 
210 
224 
270 
220 
224 
220 
220 
208 
226 
330 
220 
220 
212 
214 
210 
196 
212 
200 
194 
216 
202 
200 
222 
286 
196 
218 
224 
196 
190 
192 
216 
222 
192 
220 
222 
192 
220 
358 
194 
188 
218 
220 
194 
222 
344 
206 
222 
194 
220 
212 
206 
472 
190 
222 
212 
192 
208 
220 
56 
192 
222 
54 
222 
60 
208 
282 
58 
220 
60 
218 
208 
60 
384 
194 
210 
196 
210 
208 
222 
326 
218 
224 
222 
218 
190 
220 
354 
220 
220 
192 
222 
194 
194 
342 
200 
220 
212 
190 
240 
220 
340 
194 
218 
220 
192 
212 
198 
416 
220 
220 
220 
212 
194 
208 
600 
190 
198 
210 
210 
206 
204 
350 
230 
216 
220 
192 
210 
212 
384 
190 
222 
218 
222 
190 
194 
372 
220 
220 
220 
220 
212 
198 
378 
192 
222 
220 
194 
194 
190 
398 
194 
218 
214 
220 
60 
222 
350 
62 
220 
56 
220 
222 
56 
360 
58 
210 
206 
60 
194 
194 
392 
240 
240 
190 
224 
188 
218 
430 
192 
196 
190 
218 
218 
194 
476 
218 
232 
216 
190 
232 
204 
510 
222 
190 
222 
222 
222 
222 
460 
232 
194 
224 
220 
192 
194 
462 
220 
192 
218 
224 
222 
218 
590 
194 
214 
224 
194 
190 
212 
488 
194 
194 
194 
208 
194 
218 
722 
220 
192 
218 
214 
222 
196 
742 
224 
220 
190 
194 
218 
220 
540 
220 
200 
200 
192 
192 
220 
540 
222 
206 
190 
58 
220 
60 
530 
224 
60 
220 
218 
58 
224 
58 
218 
220 
58 
214 
210 
230 
546 
194 
192 
196 
220 
192 
194 
594 
208 
192 
188 
196 
222 
200 
574 
224 
194 
190 
218 
192 
224 
686 
220 
222 
224 
190 
194 
218 
580 
220 
192 
218 
192 
192 
220 
196 
220 
190 
190 
234 
192 
222 
696 
220 
224 
220 
220 
222 
190 
610 
220 
198 
194 
194 
220 
194 
600 
212 
200 
192 
220 
222 
218 
192 
220 
216 
190 
224 
216 
220 
686 
222 
220 
192 
220 
222 
222 
192 
220 
218 
62 
218 
56 
218 
624 
58 
242 
58 
222 
218 
58 
638 
58 
222 
220 
58 
192 
220 
652 
210 
192 
220 
198 
190 
198 
672 
218 
218 
216 
222 
218 
192 
192 
220 
220 
192 
198 
192 
192 
742 
220 
216 
222 
218 
192 
222 
740 
220 
220 
194 
190 
226 
226 
194 
210 
202 
196 
222 
220 
220 
704 
236 
222 
220 
218 
204 
222 
198 
196 
222 
210 
218 
192 
196 
696 
192 
192 
222 
212 
216 
194 
194 
192 
214 
236 
194 
192 
220 
690 
192 
220 
196 
190 
220 
220 
744 
226 
220 
194 
58 
222 
218 
60 
218 
56 
222 
194 
58 
208 
58 
220 
220 
60 
220 
58 
218 
222 
58 
194 
236 
230 
194 
190 
194 
194 
210 
210 
198 
218 
224 
190 
192 
218 
212 
222 
210 
192 
220 
192 
224 
222 
192 
194 
218 
224 
220 
216 
192 
220 
196 
222 
218 
194 
222 
222 
192 
220 
220 
192 
192 
222 
206 
224 
242 
204 
192 
192 
220 
224 
194 
218 
222 
208 
192 
222 
210 
208 
208 
190 
234 
266 
188 
206 
192 
222 
194 
196 
194 
220 
222 
222 
218 
190 
222 
218 
220 
194 
192 
238 
220 
224 
58 
220 
58 
220 
222 
58 
222 
210 
62 
210 
220 
58 
220 
58 
200 
194 
220 
192 
222 
220 
218 
222 
194 
220 
192 
238 
210 
194 
198 
222 
220 
222 
220 
210 
218 
220 
192 
222 
222 
190 
192 
220 
232 
0 
228 
240 
212 
190 
192 
262 
214 
192 
216 
200 
222 
190 
604 
202 
192 
212 
216 
202 
204 
566 
192 
196 
222 
220 
192 
218 
192 
198 
196 
222 
216 
204 
190 
192 
198 
234 
210 
220 
222 
282 
194 
194 
222 
194 
222 
192 
218 
216 
202 
216 
222 
194 
210 
238 
638 
194 
58 
256 
60 
196 
210 
58 
222 
58 
208 
276 
58 
214 
282 
70 
210 
236 
262 
204 
330 
220 
206 
190 
218 
222 
218 
238 
218 
242 
240 
240 
238 
192 
360 
222 
324 
192 
218 
218 
216 
194 
220 
192 
220 
226 
192 
220 
192 
220 
190 
208 
192 
214 
220 
220 
222 
222 
222 
190 
220 
224 
196 
208 
200 
212 
190 
222 
212 
192 
234 
222 
192 
210 
192 
320 
192 
222 
210 
192 
222 
198 
196 
206 
222 
210 
246 
194 
190 
616 
196 
190 
634 
210 
234 
220 
222 
220 
196 
218 
56 
220 
58 
224 
216 
60 
220 
222 
58 
220 
54 
220 
218 
58 
192 
194 
220 
194 
194 
220 
220 
220 
216 
224 
224 
224 
324 
192 
200 
254 
190 
194 
354 
192 
190 
192 
206 
226 
192 
196 
220 
222 
190 
192 
220 
210 
216 
222 
220 
192 
238 
220 
210 
216 
188 
220 
220 
190 
230 
208 
222 
220 
222 
216 
198 
338 
198 
194 
194 
220 
216 
194 
222 
212 
220 
190 
222 
190 
208 
194 
192 
222 
194 
220 
194 
222 
218 
214 
194 
218 
224 
190 
214 
226 
208 
194 
202 
70 
218 
222 
60 
210 
220 
58 
222 
56 
218 
222 
58 
224 
60 
196 
222 
224 
216 
206 
218 
190 
222 
194 
224 
348 
256 
218 
286 
194 
220 
220 
192 
206 
218 
188 
222 
220 
194 
192 
190 
196 
196 
220 
236 
190 
216 
192 
208 
192 
220 
190 
192 
222 
208 
190 
206 
220 
224 
218 
210 
210 
214 
192 
220 
190 
222 
190 
210 
220 
294 
198 
220 
194 
218 
444 
222 
188 
220 
192 
218 
234 
192 
192 
274 
220 
210 
194 
192 
210 
224 
196 
222 
222 
188 
222 
212 
194 
218 
218 
222 
54 
222 
210 
58 
194 
220 
222 
192 
242 
210 
220 
198 
192 
232 
220 
202 
194 
194 
192 
220 
220 
194 
190 
212 
190 
192 
214 
220 
192 
194 
208 
216 
312 
196 
220 
210 
194 
208 
212 
192 
194 
192 
192 
194 
192 
220 
360 
188 
208 
220 
212 
192 
234 
262 
202 
224 
192 
222 
192 
220 
222 
192 
194 
220 
214 
212 
222 
190 
226 
194 
232 
222 
210 
234 
200 
208 
218 
220 
190 
210 
190 
356 
206 
196 
192 
218 
210 
220 
214 
220 
216 
220 
192 
196 
208 
212 
220 
214 
196 
222 
190 
222 
220 
218 
222 
222 
218 
208 
220 
232 
220 
220 
218 
222 
212 
210 
244 
220 
222 
218 
220 
210 
224 
258 
218 
222 
220 
220 
210 
222 
260 
220 
222 
218 
222 
208 
218 
266 
218 
194 
222 
194 
210 
250 
446 
188 
254 
222 
258 
192 
210 
316 
210 
222 
214 
208 
194 
190 
308 
220 
228 
218 
210 
208 
218 
300 
198 
220 
222 
220 
208 
220 
370 
224 
220 
220 
208 
210 
190 
330 
212 
224 
220 
218 
212 
220 
492 
220 
216 
218 
220 
194 
194 
556 
246 
192 
210 
192 
210 
276 
464 
220 
190 
196 
222 
210 
220 
332 
218 
226 
220 
220 
324 
220 
308 
224 
224 
224 
218 
210 
218 
332 
218 
220 
220 
222 
206 
218 
342 
220 
194 
220 
220 
210 
220 
334 
222 
222 
220 
218 
218 
222 
404 
224 
208 
240 
192 
192 
220 
390 
222 
244 
206 
194 
220 
192 
486 
192 
192 
192 
306 
220 
218 
436 
218 
244 
210 
206 
222 
208 
710 
212 
222 
220 
202 
190 
194 
456 
220 
190 
212 
194 
206 
220 
456 
208 
226 
212 
196 
204 
220 
192 
218 
216 
208 
220 
212 
212 
470 
210 
206 
224 
246 
224 
214 
504 
192 
212 
206 
212 
212 
216 
472 
190 
206 
192 
216 
190 
220 
500 
212 
210 
212 
196 
192 
196 
464 
218 
222 
222 
212 
208 
210 
488 
222 
220 
222 
222 
218 
198 
840 
216 
218 
220 
224 
210 
218 
510 
192 
190 
192 
192 
246 
222 
502 
222 
222 
220 
220 
224 
272 
494 
220 
218 
224 
214 
208 
224 
212 
222 
218 
194 
210 
220 
220 
580 
222 
224 
220 
194 
218 
196 
712 
220 
218 
216 
206 
224 
222 
556 
220 
220 
224 
218 
220 
222 
706 
228 
198 
276 
214 
192 
218 
630 
210 
206 
216 
224 
218 
220 
600 
192 
210 
216 
218 
210 
206 
608 
220 
196 
206 
194 
194 
194 
190 
220 
218 
220 
220 
222 
362 
194 
210 
316 
212 
220 
222 
220 
658 
220 
222 
210 
222 
210 
220 
638 
222 
194 
192 
210 
192 
212 
648 
222 
220 
218 
276 
220 
212 
636 
212 
222 
192 
218 
190 
198 
652 
244 
218 
220 
208 
210 
230 
200 
216 
190 
210 
218 
224 
206 
654 
214 
210 
220 
208 
222 
274 
192 
220 
210 
218 
222 
220 
220 
238 
212 
218 
222 
210 
220 
206 
668 
194 
194 
