# FR-trace starting at Wed Dec 16 19:13:52 2020
################# CONFIG #################
# slot=10000
# samples=5000
# threshold=100
# idle=500
# minlen=500
# runs=60000
# pdathreads=3
# nmonitored=1
#   monitor0=/usr/local/lib/libcrypto.so 799838 0xc345e
# nevicted=0
# npdatargets=1
#   target0=/usr/local/lib/libcrypto.so 750148 0xb7244
# affinity=all
############## SYSTEM INFO ###############
# mastik_version=
# sysname=Linux
# nodename=5997f38f2dda
# release=5.4.0-56-generic
# version=#62-Ubuntu SMP Mon Nov 23 19:20:19 UTC 2020
# machine=x86_64
################## DATA ##################
# run=0
# datapoints=3175
58 
218 
190 
212 
218 
192 
192 
192 
218 
216 
216 
218 
216 
222 
190 
244 
210 
188 
188 
192 
216 
218 
218 
218 
202 
190 
218 
210 
218 
220 
208 
216 
56 
190 
222 
54 
194 
194 
54 
190 
58 
208 
220 
58 
0 
0 
0 
218 
206 
192 
192 
192 
220 
192 
194 
190 
222 
192 
220 
528 
242 
218 
222 
196 
224 
212 
214 
194 
192 
192 
208 
216 
222 
192 
220 
220 
192 
194 
222 
216 
194 
198 
196 
204 
198 
192 
220 
208 
210 
192 
194 
190 
222 
210 
220 
192 
220 
220 
220 
220 
220 
190 
220 
222 
208 
194 
190 
218 
218 
218 
220 
220 
194 
222 
222 
222 
194 
196 
222 
220 
190 
194 
218 
194 
218 
236 
222 
218 
192 
192 
232 
60 
220 
208 
58 
214 
212 
56 
332 
60 
328 
218 
58 
208 
220 
56 
220 
58 
218 
218 
56 
186 
192 
192 
206 
220 
224 
224 
194 
194 
220 
222 
192 
200 
220 
198 
220 
190 
220 
192 
204 
288 
220 
222 
222 
220 
192 
220 
192 
194 
192 
218 
192 
194 
192 
218 
210 
212 
210 
212 
194 
210 
220 
192 
204 
208 
210 
190 
192 
222 
192 
190 
190 
222 
190 
192 
192 
220 
234 
208 
220 
192 
192 
220 
222 
218 
220 
220 
196 
220 
218 
192 
222 
196 
220 
208 
222 
220 
220 
192 
192 
194 
194 
192 
220 
60 
220 
220 
56 
194 
58 
204 
192 
60 
220 
236 
58 
240 
58 
222 
220 
210 
222 
218 
196 
206 
206 
210 
220 
224 
220 
192 
190 
212 
214 
210 
220 
192 
222 
218 
220 
202 
222 
628 
192 
212 
228 
194 
220 
220 
530 
190 
220 
198 
196 
226 
208 
222 
210 
192 
210 
206 
206 
192 
218 
204 
210 
190 
196 
190 
214 
224 
224 
218 
216 
192 
192 
220 
284 
224 
220 
218 
208 
212 
222 
192 
216 
192 
190 
202 
208 
220 
220 
190 
194 
190 
218 
210 
216 
220 
222 
222 
58 
218 
58 
220 
194 
56 
220 
56 
218 
200 
56 
192 
202 
60 
222 
56 
206 
194 
58 
216 
222 
192 
222 
210 
218 
238 
220 
222 
208 
220 
210 
190 
212 
222 
216 
220 
190 
190 
220 
190 
222 
220 
218 
194 
190 
192 
242 
284 
222 
196 
202 
194 
222 
256 
222 
192 
220 
192 
212 
210 
192 
218 
208 
192 
212 
212 
218 
262 
196 
210 
192 
208 
210 
220 
222 
218 
236 
220 
220 
212 
220 
294 
222 
190 
224 
218 
208 
192 
192 
222 
190 
220 
192 
208 
226 
194 
212 
194 
222 
220 
192 
190 
296 
58 
224 
58 
218 
210 
56 
220 
60 
224 
210 
58 
208 
60 
336 
196 
220 
196 
220 
196 
224 
194 
220 
220 
222 
216 
208 
194 
190 
194 
188 
222 
220 
212 
220 
194 
220 
192 
216 
198 
194 
222 
0 
242 
220 
204 
216 
208 
246 
324 
222 
244 
242 
202 
200 
238 
394 
194 
206 
190 
192 
190 
220 
392 
192 
222 
234 
192 
212 
208 
220 
218 
192 
222 
220 
192 
222 
316 
222 
222 
220 
230 
204 
220 
228 
220 
218 
220 
188 
192 
218 
224 
218 
232 
194 
208 
210 
208 
274 
58 
220 
58 
218 
208 
58 
480 
58 
218 
212 
58 
212 
58 
260 
214 
222 
194 
220 
548 
248 
488 
192 
212 
220 
224 
210 
194 
422 
210 
220 
194 
222 
214 
194 
376 
196 
218 
196 
192 
210 
222 
282 
190 
222 
220 
194 
190 
220 
460 
210 
190 
220 
212 
192 
194 
574 
222 
220 
220 
222 
208 
190 
366 
568 
192 
218 
214 
194 
194 
280 
218 
218 
190 
220 
212 
218 
424 
202 
220 
194 
190 
210 
226 
300 
192 
222 
192 
192 
214 
224 
454 
194 
196 
190 
222 
206 
220 
60 
220 
220 
60 
222 
58 
220 
276 
58 
222 
156 
222 
208 
56 
320 
210 
60 
208 
60 
210 
218 
58 
226 
58 
232 
266 
210 
206 
364 
218 
224 
224 
224 
210 
220 
388 
220 
220 
202 
222 
214 
220 
408 
192 
192 
220 
192 
192 
192 
592 
70 
222 
190 
202 
214 
224 
578 
230 
224 
218 
198 
214 
220 
558 
220 
194 
192 
190 
198 
194 
194 
222 
198 
210 
190 
224 
196 
564 
202 
220 
242 
208 
208 
192 
434 
196 
190 
226 
220 
196 
230 
596 
222 
220 
192 
220 
224 
192 
586 
222 
194 
290 
238 
206 
190 
456 
224 
58 
220 
210 
58 
218 
58 
218 
220 
56 
218 
58 
222 
680 
58 
206 
190 
248 
190 
220 
532 
222 
220 
190 
192 
220 
218 
522 
220 
220 
220 
220 
220 
228 
488 
238 
230 
220 
220 
220 
192 
464 
222 
224 
194 
220 
222 
212 
626 
194 
190 
216 
226 
222 
224 
708 
224 
222 
224 
214 
224 
232 
580 
220 
192 
210 
194 
214 
210 
538 
224 
222 
192 
208 
232 
192 
558 
218 
194 
220 
194 
196 
192 
750 
196 
218 
222 
190 
222 
192 
192 
220 
216 
220 
224 
192 
198 
690 
222 
210 
56 
194 
58 
208 
576 
58 
218 
58 
222 
220 
58 
584 
214 
56 
222 
190 
210 
192 
654 
198 
214 
196 
244 
222 
206 
632 
196 
192 
224 
190 
220 
222 
592 
202 
224 
220 
222 
218 
190 
598 
222 
222 
190 
222 
220 
222 
626 
220 
220 
192 
218 
194 
192 
574 
220 
192 
196 
234 
222 
210 
194 
192 
222 
194 
224 
192 
194 
738 
192 
222 
236 
190 
192 
218 
192 
208 
190 
192 
238 
220 
218 
694 
220 
222 
194 
220 
220 
220 
194 
244 
218 
218 
198 
190 
226 
192 
220 
58 
224 
224 
58 
296 
60 
214 
220 
58 
220 
60 
196 
700 
214 
220 
222 
190 
222 
210 
190 
220 
212 
210 
188 
212 
190 
222 
190 
192 
222 
228 
222 
220 
218 
192 
220 
658 
234 
190 
206 
220 
224 
190 
192 
218 
194 
194 
192 
190 
222 
192 
222 
220 
218 
220 
228 
196 
222 
194 
192 
192 
194 
192 
192 
192 
190 
226 
194 
218 
192 
194 
218 
194 
196 
192 
288 
196 
206 
222 
192 
208 
192 
208 
244 
190 
220 
232 
222 
192 
192 
192 
220 
220 
208 
190 
56 
224 
60 
222 
218 
58 
218 
222 
58 
222 
60 
244 
220 
60 
218 
58 
222 
218 
60 
210 
60 
224 
222 
58 
220 
222 
212 
220 
212 
190 
194 
240 
218 
216 
220 
200 
204 
194 
192 
198 
224 
216 
222 
238 
190 
220 
222 
194 
224 
192 
192 
222 
190 
196 
222 
238 
220 
192 
222 
220 
198 
220 
220 
192 
192 
190 
190 
210 
218 
226 
224 
190 
222 
218 
194 
194 
194 
212 
218 
210 
192 
208 
220 
204 
210 
194 
220 
222 
220 
192 
220 
212 
220 
224 
192 
222 
220 
224 
220 
216 
220 
190 
220 
212 
222 
220 
220 
58 
218 
56 
218 
222 
58 
226 
60 
222 
218 
60 
222 
208 
60 
240 
190 
220 
242 
218 
222 
194 
222 
192 
190 
210 
196 
194 
220 
196 
204 
210 
214 
194 
222 
202 
212 
200 
220 
200 
192 
218 
218 
220 
208 
220 
220 
206 
190 
218 
218 
194 
222 
220 
236 
214 
218 
208 
218 
224 
218 
222 
190 
222 
224 
222 
848 
0 
0 
0 
216 
218 
192 
188 
234 
188 
190 
190 
218 
192 
206 
188 
192 
260 
192 
224 
220 
220 
222 
218 
220 
214 
216 
206 
194 
210 
218 
190 
212 
216 
192 
56 
224 
220 
56 
218 
56 
218 
218 
56 
218 
58 
216 
210 
54 
192 
190 
208 
206 
206 
218 
206 
218 
192 
190 
216 
190 
192 
208 
190 
194 
214 
194 
220 
188 
190 
274 
188 
218 
216 
190 
188 
202 
216 
218 
212 
206 
220 
216 
190 
192 
190 
192 
188 
218 
188 
220 
220 
220 
208 
218 
244 
192 
190 
190 
224 
216 
190 
216 
190 
190 
218 
188 
188 
188 
218 
220 
216 
206 
190 
192 
240 
206 
212 
216 
204 
216 
196 
208 
194 
218 
218 
190 
220 
188 
188 
56 
216 
56 
220 
216 
54 
208 
54 
216 
56 
222 
216 
56 
208 
52 
220 
216 
54 
222 
60 
208 
190 
220 
216 
216 
220 
188 
190 
188 
192 
208 
220 
216 
188 
312 
236 
188 
194 
256 
288 
250 
208 
200 
210 
190 
190 
216 
208 
208 
216 
198 
216 
224 
220 
208 
206 
190 
188 
216 
192 
218 
218 
212 
190 
190 
218 
214 
228 
192 
206 
214 
206 
218 
222 
190 
190 
196 
212 
188 
220 
188 
206 
190 
206 
190 
190 
206 
192 
206 
190 
216 
222 
192 
190 
216 
248 
0 
0 
222 
192 
220 
222 
222 
220 
60 
220 
224 
58 
220 
56 
216 
210 
56 
222 
202 
218 
220 
56 
190 
220 
322 
196 
224 
210 
224 
226 
210 
194 
224 
196 
216 
220 
192 
190 
192 
192 
192 
192 
212 
188 
192 
228 
208 
210 
220 
204 
208 
220 
254 
220 
204 
190 
192 
210 
218 
298 
218 
222 
196 
222 
194 
222 
192 
224 
220 
220 
220 
192 
220 
192 
190 
216 
222 
210 
192 
0 
250 
222 
192 
194 
222 
210 
192 
340 
192 
218 
224 
212 
208 
198 
196 
190 
210 
190 
218 
214 
194 
316 
196 
218 
190 
56 
208 
220 
60 
220 
58 
222 
222 
58 
222 
222 
60 
222 
56 
222 
210 
58 
202 
208 
222 
222 
192 
192 
220 
196 
194 
218 
224 
226 
194 
192 
436 
210 
216 
194 
214 
224 
192 
218 
216 
222 
206 
198 
212 
208 
280 
292 
220 
198 
228 
208 
192 
468 
192 
220 
190 
234 
192 
220 
240 
194 
218 
232 
220 
206 
196 
320 
226 
192 
192 
234 
70 
216 
228 
58 
224 
56 
220 
206 
60 
284 
62 
224 
224 
58 
190 
218 
308 
212 
198 
192 
224 
208 
192 
516 
190 
194 
228 
208 
210 
208 
268 
192 
194 
222 
224 
192 
222 
306 
196 
216 
220 
220 
194 
192 
322 
194 
220 
220 
224 
210 
222 
300 
220 
220 
192 
196 
210 
194 
448 
194 
190 
238 
222 
190 
222 
352 
218 
210 
206 
190 
190 
222 
482 
196 
206 
194 
210 
190 
196 
402 
192 
206 
192 
192 
210 
198 
428 
218 
220 
222 
196 
194 
218 
556 
224 
224 
80 
222 
210 
60 
362 
220 
56 
224 
58 
194 
218 
58 
222 
60 
214 
222 
210 
224 
382 
224 
224 
192 
192 
192 
240 
384 
192 
240 
194 
190 
194 
218 
636 
236 
196 
198 
196 
220 
192 
418 
196 
216 
192 
220 
220 
210 
612 
220 
220 
222 
192 
190 
220 
614 
192 
190 
220 
194 
220 
192 
426 
196 
224 
194 
220 
190 
218 
434 
222 
220 
216 
204 
194 
220 
542 
214 
206 
192 
198 
212 
192 
526 
212 
238 
218 
206 
220 
228 
484 
220 
192 
192 
224 
222 
222 
490 
192 
222 
60 
218 
56 
218 
488 
56 
222 
58 
220 
220 
56 
516 
220 
56 
192 
206 
218 
220 
562 
220 
222 
192 
204 
194 
208 
542 
220 
192 
206 
212 
192 
192 
570 
194 
220 
222 
192 
224 
196 
530 
222 
220 
218 
192 
190 
190 
840 
220 
218 
218 
248 
192 
222 
530 
192 
224 
192 
192 
222 
192 
568 
220 
220 
194 
218 
192 
210 
736 
224 
220 
192 
216 
218 
192 
646 
192 
190 
208 
222 
196 
192 
192 
218 
240 
208 
190 
212 
282 
194 
0 
0 
0 
220 
206 
218 
604 
216 
218 
58 
218 
54 
222 
54 
222 
218 
54 
216 
56 
222 
592 
58 
222 
222 
194 
192 
196 
618 
224 
220 
232 
190 
188 
206 
622 
218 
190 
216 
218 
218 
190 
236 
208 
188 
192 
188 
206 
226 
656 
216 
188 
192 
192 
190 
190 
188 
218 
190 
218 
194 
188 
220 
188 
188 
186 
188 
220 
236 
192 
196 
214 
190 
208 
190 
216 
208 
744 
192 
196 
220 
192 
236 
192 
704 
216 
190 
194 
218 
192 
218 
696 
188 
216 
190 
190 
198 
190 
228 
252 
212 
212 
218 
210 
56 
704 
218 
52 
216 
58 
218 
218 
56 
218 
56 
218 
220 
56 
218 
190 
222 
190 
196 
218 
192 
218 
712 
208 
222 
318 
186 
208 
218 
190 
226 
222 
186 
216 
216 
190 
192 
190 
192 
216 
216 
224 
196 
192 
194 
188 
210 
218 
200 
202 
218 
240 
230 
220 
218 
220 
204 
190 
218 
192 
204 
216 
188 
214 
186 
190 
188 
220 
192 
216 
218 
188 
190 
218 
220 
218 
218 
276 
220 
212 
218 
192 
216 
218 
190 
188 
188 
218 
216 
216 
188 
218 
218 
188 
220 
56 
192 
56 
220 
196 
56 
210 
54 
236 
220 
54 
220 
56 
214 
54 
218 
216 
188 
188 
190 
216 
214 
214 
216 
222 
220 
220 
220 
192 
194 
190 
216 
232 
0 
0 
0 
192 
222 
190 
220 
192 
214 
222 
218 
222 
222 
222 
220 
194 
192 
190 
192 
208 
194 
210 
272 
220 
230 
190 
220 
192 
194 
210 
222 
220 
222 
196 
196 
222 
224 
220 
220 
220 
218 
194 
194 
192 
202 
204 
220 
202 
212 
226 
224 
192 
220 
192 
216 
224 
234 
194 
222 
234 
220 
194 
192 
200 
216 
224 
208 
64 
192 
220 
56 
210 
214 
60 
202 
56 
220 
208 
58 
220 
222 
64 
220 
220 
58 
218 
58 
188 
220 
190 
192 
218 
220 
192 
220 
194 
192 
194 
222 
198 
208 
222 
238 
212 
214 
208 
190 
224 
190 
218 
198 
222 
220 
218 
220 
222 
220 
196 
190 
208 
198 
192 
214 
192 
194 
224 
224 
246 
212 
194 
194 
232 
222 
222 
220 
194 
190 
194 
210 
220 
190 
222 
220 
196 
222 
192 
222 
222 
222 
222 
216 
218 
194 
240 
220 
192 
220 
192 
222 
192 
198 
218 
190 
224 
190 
222 
212 
192 
224 
244 
210 
60 
210 
58 
210 
220 
58 
212 
268 
56 
218 
58 
222 
222 
56 
192 
208 
222 
206 
220 
192 
194 
218 
192 
192 
218 
220 
224 
202 
220 
218 
192 
196 
190 
194 
190 
192 
194 
190 
192 
190 
226 
224 
220 
192 
212 
192 
218 
220 
194 
188 
200 
194 
200 
194 
202 
194 
194 
192 
304 
218 
194 
218 
220 
212 
220 
212 
35694 
0 
0 
0 
190 
218 
208 
218 
188 
216 
220 
218 
190 
204 
222 
190 
218 
218 
216 
216 
192 
224 
192 
220 
218 
202 
218 
206 
218 
288 
216 
190 
220 
56 
208 
56 
188 
192 
188 
240 
56 
226 
56 
218 
206 
56 
190 
216 
208 
216 
190 
218 
188 
218 
216 
206 
216 
194 
224 
188 
190 
218 
208 
236 
200 
220 
204 
192 
218 
208 
188 
192 
236 
190 
216 
216 
202 
218 
190 
220 
202 
218 
216 
202 
188 
202 
204 
210 
216 
234 
370 
232 
194 
206 
276 
220 
192 
186 
192 
216 
212 
218 
214 
192 
208 
220 
190 
220 
192 
216 
218 
206 
188 
200 
220 
216 
190 
190 
190 
216 
188 
220 
190 
222 
216 
204 
208 
54 
216 
56 
222 
220 
54 
218 
56 
218 
222 
56 
238 
56 
194 
194 
198 
190 
220 
192 
190 
192 
188 
216 
220 
218 
194 
210 
192 
188 
220 
188 
218 
192 
188 
188 
188 
188 
188 
218 
220 
190 
220 
188 
248 
230 
212 
190 
190 
190 
326 
190 
218 
218 
302 
208 
208 
198 
190 
220 
218 
188 
188 
188 
372 
208 
254 
206 
220 
208 
220 
190 
216 
188 
218 
206 
216 
212 
190 
194 
222 
216 
188 
208 
218 
230 
216 
222 
220 
186 
230 
216 
192 
210 
218 
192 
56 
210 
54 
278 
218 
54 
218 
54 
208 
218 
58 
220 
56 
54 
218 
204 
216 
310 
190 
190 
210 
214 
206 
188 
224 
188 
218 
220 
194 
208 
218 
202 
218 
192 
216 
216 
204 
214 
464 
56 
192 
218 
218 
186 
204 
342 
218 
222 
194 
220 
210 
188 
226 
184 
218 
192 
210 
1304 
336 
508 
214 
218 
190 
208 
206 
220 
312 
216 
192 
192 
192 
204 
190 
288 
190 
188 
220 
220 
206 
200 
318 
218 
190 
188 
190 
188 
224 
326 
202 
214 
188 
216 
208 
218 
56 
216 
222 
54 
654 
56 
194 
334 
220 
190 
190 
220 
208 
218 
434 
190 
190 
190 
218 
208 
188 
480 
220 
188 
186 
188 
192 
192 
368 
190 
190 
210 
218 
190 
222 
430 
218 
190 
218 
214 
208 
218 
350 
218 
218 
188 
216 
208 
218 
530 
192 
220 
216 
218 
188 
216 
464 
220 
216 
216 
220 
188 
216 
470 
190 
218 
218 
220 
214 
220 
646 
188 
218 
220 
206 
188 
220 
482 
192 
190 
190 
190 
192 
218 
386 
230 
230 
236 
216 
218 
216 
404 
216 
204 
218 
218 
218 
220 
406 
220 
218 
218 
218 
220 
218 
428 
218 
218 
218 
218 
220 
220 
426 
216 
218 
216 
220 
220 
218 
454 
220 
218 
218 
218 
218 
220 
458 
218 
208 
210 
188 
208 
214 
492 
218 
216 
238 
218 
220 
218 
536 
196 
190 
208 
210 
190 
218 
228 
0 
0 
0 
222 
206 
222 
478 
192 
200 
222 
238 
192 
192 
534 
220 
220 
222 
212 
220 
220 
494 
218 
224 
220 
220 
218 
220 
518 
220 
220 
218 
200 
192 
194 
492 
212 
194 
222 
222 
222 
218 
510 
200 
192 
220 
232 
194 
206 
494 
208 
220 
220 
220 
226 
206 
524 
222 
222 
218 
216 
220 
222 
514 
222 
220 
222 
220 
220 
218 
540 
220 
222 
220 
222 
218 
220 
554 
220 
218 
210 
218 
220 
210 
554 
208 
222 
210 
208 
198 
218 
558 
320 
220 
224 
220 
216 
220 
576 
220 
218 
220 
220 
220 
192 
614 
220 
220 
218 
222 
218 
218 
240 
218 
210 
220 
192 
192 
192 
616 
220 
218 
220 
220 
192 
192 
630 
224 
222 
210 
296 
224 
216 
256 
208 
204 
194 
196 
206 
210 
654 
220 
212 
216 
210 
220 
220 
660 
216 
200 
210 
222 
218 
222 
816 
200 
196 
196 
210 
220 
222 
670 
220 
202 
196 
198 
210 
216 
682 
222 
210 
192 
214 
228 
208 
192 
214 
220 
194 
212 
222 
246 
192 
204 
206 
224 
210 
196 
206 
666 
194 
260 
224 
262 
220 
244 
194 
190 
196 
218 
218 
222 
192 
684 
222 
222 
218 
210 
196 
192 
700 
210 
224 
218 
220 
284 
218 
704 
198 
220 
220 
216 
220 
208 
714 
218 
210 
222 
192 
220 
190 
220 
220 
222 
222 
202 
220 
276 
190 
206 
196 
198 
202 
218 
224 
220 
292 
208 
254 
220 
218 
222 
218 
190 
222 
220 
222 
222 
220 
318 
220 
210 
224 
220 
220 
196 
220 
220 
222 
194 
218 
222 
220 
196 
210 
192 
222 
220 
226 
222 
220 
222 
212 
190 
222 
222 
218 
220 
192 
192 
194 
210 
190 
210 
220 
222 
190 
202 
226 
194 
210 
238 
208 
222 
194 
226 
300 
222 
210 
222 
206 
222 
222 
220 
220 
220 
220 
218 
192 
220 
222 
206 
224 
194 
218 
210 
220 
194 
218 
222 
202 
224 
220 
192 
220 
218 
208 
220 
254 
210 
200 
210 
194 
216 
262 
210 
256 
308 
222 
212 
218 
198 
220 
220 
220 
190 
220 
220 
210 
