# FR-trace starting at Wed Dec 16 18:19:34 2020
################# CONFIG #################
# slot=10000
# samples=5000
# threshold=100
# idle=500
# minlen=500
# runs=60000
# pdathreads=3
# nmonitored=1
#   monitor0=/usr/local/lib/libcrypto.so 799838 0xc345e
# nevicted=0
# npdatargets=1
#   target0=/usr/local/lib/libcrypto.so 750148 0xb7244
# affinity=all
############## SYSTEM INFO ###############
# mastik_version=
# sysname=Linux
# nodename=5997f38f2dda
# release=5.4.0-56-generic
# version=#62-Ubuntu SMP Mon Nov 23 19:20:19 UTC 2020
# machine=x86_64
################## DATA ##################
# run=0
# datapoints=3160
52 
190 
188 
194 
216 
486 
220 
186 
186 
222 
200 
216 
320 
208 
216 
230 
216 
204 
218 
360 
216 
194 
214 
216 
204 
190 
332 
192 
218 
206 
208 
192 
210 
50 
190 
220 
52 
218 
208 
50 
322 
52 
214 
216 
48 
208 
200 
330 
220 
216 
236 
218 
224 
222 
450 
190 
186 
214 
240 
210 
188 
344 
192 
222 
192 
218 
220 
216 
484 
216 
112 
188 
186 
204 
216 
454 
188 
208 
188 
188 
208 
188 
628 
260 
240 
208 
218 
198 
190 
532 
192 
216 
216 
230 
212 
190 
548 
212 
218 
192 
218 
218 
652 
418 
222 
188 
218 
218 
190 
218 
442 
222 
216 
190 
190 
188 
214 
450 
236 
216 
194 
216 
192 
220 
436 
46 
216 
174 
48 
218 
50 
440 
190 
50 
216 
48 
190 
188 
48 
218 
50 
214 
222 
50 
218 
466 
218 
216 
188 
190 
216 
198 
714 
220 
300 
190 
186 
218 
192 
480 
220 
188 
214 
188 
190 
190 
556 
226 
190 
216 
188 
220 
218 
624 
220 
220 
216 
216 
218 
192 
582 
220 
192 
190 
188 
216 
222 
0 
0 
256 
190 
228 
192 
244 
498 
224 
222 
220 
224 
222 
220 
698 
218 
220 
194 
192 
192 
220 
590 
218 
218 
192 
220 
216 
192 
502 
222 
192 
222 
222 
218 
218 
640 
220 
220 
212 
218 
196 
52 
514 
230 
54 
190 
52 
226 
188 
52 
206 
196 
52 
224 
52 
256 
556 
280 
194 
196 
192 
244 
226 
192 
218 
194 
220 
220 
240 
258 
584 
192 
218 
218 
220 
194 
194 
600 
196 
212 
196 
218 
224 
190 
614 
222 
210 
218 
224 
216 
222 
652 
218 
228 
190 
210 
222 
224 
628 
226 
194 
196 
194 
208 
220 
840 
212 
202 
220 
220 
216 
218 
194 
194 
218 
218 
222 
196 
222 
980 
192 
220 
220 
212 
230 
222 
628 
198 
192 
210 
216 
218 
220 
646 
224 
218 
192 
220 
50 
218 
50 
222 
220 
54 
220 
52 
222 
636 
52 
224 
190 
50 
188 
52 
190 
226 
50 
202 
226 
218 
188 
194 
226 
196 
220 
192 
192 
192 
664 
230 
220 
218 
220 
224 
218 
700 
218 
194 
220 
192 
194 
222 
192 
192 
194 
222 
196 
220 
218 
684 
218 
194 
222 
190 
204 
194 
216 
212 
202 
196 
196 
218 
192 
218 
196 
196 
194 
198 
246 
192 
220 
224 
194 
194 
190 
192 
190 
194 
198 
220 
192 
238 
194 
228 
210 
216 
218 
190 
220 
222 
222 
230 
222 
214 
222 
194 
194 
196 
222 
218 
52 
218 
52 
220 
220 
52 
218 
56 
218 
204 
54 
208 
52 
208 
218 
184 
210 
210 
214 
222 
238 
204 
196 
192 
242 
192 
192 
220 
220 
220 
196 
242 
190 
194 
190 
192 
190 
192 
218 
222 
222 
228 
222 
222 
220 
222 
222 
224 
188 
222 
192 
192 
220 
192 
208 
196 
216 
220 
218 
212 
192 
206 
192 
196 
222 
196 
194 
188 
194 
196 
228 
224 
220 
220 
240 
218 
220 
218 
192 
192 
218 
210 
224 
194 
192 
234 
242 
216 
220 
218 
218 
194 
222 
222 
208 
194 
192 
52 
224 
220 
54 
220 
52 
222 
220 
50 
222 
218 
52 
238 
54 
190 
192 
218 
190 
220 
212 
190 
208 
194 
192 
218 
218 
200 
192 
218 
192 
192 
238 
218 
218 
220 
244 
214 
220 
190 
192 
220 
214 
220 
208 
218 
220 
192 
212 
218 
222 
216 
220 
222 
218 
224 
214 
220 
218 
190 
220 
220 
206 
198 
218 
210 
192 
194 
192 
224 
204 
220 
196 
192 
194 
218 
190 
234 
220 
194 
238 
194 
192 
188 
194 
220 
192 
194 
190 
220 
190 
194 
224 
192 
218 
218 
192 
52 
220 
224 
52 
216 
222 
52 
220 
52 
224 
222 
52 
224 
50 
218 
222 
50 
216 
54 
224 
210 
52 
214 
220 
52 
192 
220 
190 
190 
210 
246 
238 
220 
202 
192 
188 
194 
220 
222 
218 
196 
222 
222 
222 
218 
204 
200 
218 
222 
210 
202 
222 
220 
224 
242 
194 
218 
190 
192 
218 
192 
220 
190 
218 
218 
218 
192 
218 
222 
218 
192 
194 
212 
194 
206 
220 
190 
232 
200 
210 
194 
190 
192 
216 
206 
196 
216 
244 
218 
192 
194 
218 
216 
218 
188 
222 
282 
238 
236 
194 
222 
220 
226 
194 
222 
210 
222 
216 
222 
52 
222 
220 
52 
218 
50 
222 
220 
52 
222 
52 
194 
218 
214 
194 
240 
188 
194 
194 
192 
190 
192 
192 
230 
256 
194 
220 
218 
192 
192 
194 
210 
194 
220 
232 
190 
220 
190 
212 
226 
222 
244 
220 
218 
218 
192 
190 
220 
224 
186 
234 
192 
210 
218 
200 
206 
230 
244 
222 
192 
190 
192 
192 
192 
190 
212 
214 
194 
192 
216 
192 
208 
208 
244 
220 
196 
206 
208 
222 
218 
196 
220 
194 
192 
220 
194 
220 
194 
220 
194 
196 
192 
226 
50 
212 
218 
50 
216 
52 
218 
224 
52 
218 
54 
222 
218 
50 
194 
192 
190 
324 
190 
204 
222 
220 
244 
222 
500 
192 
218 
192 
210 
192 
192 
192 
220 
290 
198 
264 
208 
276 
270 
218 
222 
222 
220 
206 
190 
196 
222 
226 
220 
220 
220 
192 
278 
192 
192 
192 
194 
194 
212 
192 
222 
218 
194 
218 
192 
220 
190 
192 
192 
218 
222 
194 
218 
190 
192 
220 
194 
188 
212 
206 
196 
212 
206 
212 
212 
218 
196 
290 
220 
222 
218 
194 
210 
220 
192 
196 
54 
220 
222 
56 
222 
52 
218 
220 
52 
222 
50 
220 
192 
220 
220 
222 
192 
192 
222 
294 
210 
190 
190 
228 
190 
192 
190 
222 
220 
192 
202 
222 
206 
300 
210 
194 
212 
196 
210 
260 
200 
234 
234 
214 
196 
214 
198 
202 
192 
222 
190 
190 
208 
190 
208 
202 
192 
220 
218 
192 
200 
222 
192 
218 
190 
222 
198 
194 
458 
192 
192 
192 
192 
210 
194 
370 
192 
224 
218 
192 
468 
218 
398 
194 
204 
192 
192 
210 
192 
448 
194 
214 
214 
218 
52 
222 
54 
218 
222 
54 
222 
52 
220 
272 
52 
224 
218 
50 
212 
52 
250 
220 
52 
222 
52 
212 
222 
50 
222 
224 
224 
218 
208 
230 
296 
190 
194 
218 
208 
208 
192 
612 
196 
218 
218 
208 
210 
192 
284 
230 
194 
210 
252 
212 
202 
428 
194 
220 
194 
194 
208 
190 
408 
220 
222 
224 
218 
196 
218 
390 
220 
192 
220 
194 
210 
192 
340 
218 
194 
188 
194 
210 
216 
420 
194 
218 
222 
218 
210 
194 
370 
218 
198 
192 
208 
194 
192 
456 
222 
194 
210 
216 
0 
0 
0 
216 
208 
218 
192 
212 
218 
488 
216 
50 
216 
218 
52 
220 
52 
218 
218 
50 
216 
48 
218 
480 
48 
216 
220 
218 
220 
212 
542 
220 
230 
214 
214 
224 
218 
516 
216 
218 
218 
218 
212 
188 
442 
190 
188 
192 
192 
190 
206 
468 
214 
216 
194 
214 
208 
188 
638 
218 
188 
218 
206 
218 
218 
506 
190 
192 
216 
194 
186 
218 
464 
218 
186 
188 
190 
222 
218 
460 
218 
218 
234 
218 
220 
188 
590 
188 
190 
220 
216 
226 
216 
572 
224 
188 
216 
192 
190 
236 
482 
192 
196 
198 
208 
50 
218 
50 
216 
216 
48 
218 
48 
216 
482 
50 
218 
50 
188 
236 
210 
636 
190 
192 
216 
188 
224 
214 
506 
222 
216 
190 
220 
216 
210 
562 
218 
188 
218 
212 
218 
190 
724 
216 
230 
218 
196 
192 
210 
192 
216 
206 
188 
190 
186 
240 
704 
188 
188 
222 
220 
190 
192 
186 
216 
208 
212 
214 
206 
192 
590 
216 
196 
214 
220 
192 
188 
610 
220 
218 
216 
218 
218 
190 
660 
216 
218 
190 
196 
214 
220 
674 
216 
188 
216 
192 
198 
216 
604 
50 
218 
50 
192 
208 
52 
588 
48 
210 
204 
50 
218 
50 
600 
220 
52 
222 
50 
216 
220 
50 
212 
190 
218 
218 
216 
214 
192 
218 
208 
218 
216 
216 
218 
188 
190 
198 
190 
192 
214 
204 
190 
218 
218 
216 
218 
218 
218 
678 
188 
220 
190 
192 
210 
188 
188 
190 
218 
188 
228 
234 
216 
666 
200 
190 
208 
236 
190 
218 
186 
202 
194 
188 
198 
216 
266 
218 
220 
192 
230 
220 
206 
218 
218 
216 
220 
212 
216 
222 
218 
216 
228 
214 
190 
218 
192 
228 
218 
218 
190 
218 
190 
50 
218 
48 
214 
208 
48 
194 
50 
272 
190 
50 
218 
48 
220 
208 
188 
218 
216 
216 
192 
190 
194 
222 
214 
188 
206 
196 
190 
214 
192 
190 
218 
194 
192 
218 
214 
222 
196 
218 
220 
188 
216 
188 
216 
216 
226 
190 
288 
218 
230 
218 
190 
194 
190 
188 
184 
190 
192 
218 
192 
210 
222 
188 
254 
220 
214 
220 
188 
192 
220 
214 
192 
188 
190 
218 
188 
190 
218 
184 
216 
216 
218 
206 
214 
190 
192 
192 
220 
212 
216 
188 
216 
190 
216 
0 
216 
218 
52 
216 
54 
220 
46 
216 
198 
52 
208 
52 
186 
206 
50 
206 
274 
190 
220 
216 
214 
204 
192 
222 
192 
216 
190 
218 
216 
192 
210 
218 
208 
190 
186 
196 
192 
218 
272 
192 
222 
216 
220 
216 
218 
190 
198 
218 
224 
218 
192 
190 
218 
192 
194 
218 
196 
218 
220 
190 
216 
218 
238 
192 
188 
192 
246 
216 
330 
190 
216 
216 
192 
218 
216 
218 
234 
190 
214 
192 
196 
192 
192 
216 
218 
238 
220 
212 
190 
218 
216 
218 
192 
360 
52 
216 
224 
52 
218 
52 
218 
218 
50 
220 
50 
218 
220 
50 
206 
206 
190 
204 
222 
212 
192 
188 
216 
208 
190 
192 
218 
220 
186 
218 
214 
216 
218 
190 
190 
190 
232 
186 
216 
220 
210 
190 
220 
190 
208 
240 
220 
192 
214 
220 
220 
216 
218 
218 
186 
222 
190 
208 
220 
218 
204 
216 
188 
216 
204 
240 
192 
208 
206 
188 
214 
190 
206 
206 
188 
208 
216 
192 
192 
220 
218 
186 
218 
192 
218 
218 
192 
220 
220 
220 
220 
222 
186 
50 
216 
224 
52 
216 
50 
214 
218 
50 
220 
52 
216 
218 
52 
188 
210 
190 
220 
218 
214 
188 
192 
190 
194 
192 
218 
218 
188 
216 
188 
188 
206 
244 
188 
192 
190 
214 
228 
220 
222 
194 
218 
216 
220 
218 
190 
188 
296 
220 
222 
214 
190 
220 
216 
190 
218 
220 
218 
192 
192 
220 
216 
190 
220 
220 
188 
220 
216 
218 
208 
192 
192 
220 
190 
220 
190 
192 
194 
188 
220 
190 
186 
190 
206 
192 
212 
220 
188 
188 
216 
188 
196 
190 
192 
48 
218 
216 
50 
216 
50 
218 
190 
52 
0 
0 
0 
220 
218 
52 
220 
52 
194 
198 
218 
224 
192 
220 
218 
190 
196 
226 
218 
194 
226 
220 
194 
218 
192 
200 
222 
208 
192 
210 
208 
194 
218 
194 
218 
218 
208 
218 
190 
218 
192 
218 
220 
194 
224 
192 
218 
218 
222 
220 
190 
218 
192 
208 
242 
220 
222 
192 
198 
192 
218 
194 
194 
220 
196 
200 
434 
224 
224 
218 
218 
204 
222 
210 
210 
218 
194 
192 
210 
208 
250 
242 
194 
198 
230 
254 
222 
312 
188 
224 
192 
54 
208 
220 
54 
222 
220 
52 
222 
52 
218 
222 
54 
220 
224 
50 
210 
220 
194 
220 
220 
220 
220 
212 
220 
204 
212 
188 
220 
192 
206 
190 
530 
196 
226 
222 
194 
208 
190 
198 
222 
210 
214 
192 
192 
204 
312 
218 
218 
220 
222 
194 
218 
374 
218 
222 
196 
222 
212 
192 
190 
220 
192 
194 
220 
206 
192 
498 
216 
220 
196 
220 
210 
192 
374 
192 
194 
220 
222 
204 
194 
192 
224 
194 
192 
224 
208 
220 
202 
194 
210 
218 
214 
192 
192 
416 
218 
52 
220 
222 
54 
224 
52 
222 
220 
50 
222 
50 
220 
202 
52 
192 
192 
192 
194 
220 
226 
218 
220 
190 
222 
192 
224 
278 
222 
232 
222 
212 
210 
190 
338 
194 
192 
192 
190 
216 
268 
206 
190 
190 
192 
192 
206 
210 
482 
192 
210 
194 
192 
208 
190 
256 
220 
218 
222 
218 
192 
218 
436 
238 
222 
220 
226 
190 
240 
252 
188 
224 
190 
218 
194 
224 
322 
190 
222 
224 
192 
202 
192 
392 
206 
236 
256 
224 
220 
194 
440 
228 
210 
224 
218 
190 
210 
54 
188 
52 
206 
218 
52 
282 
50 
220 
218 
50 
220 
210 
56 
312 
52 
220 
222 
194 
190 
220 
364 
192 
192 
212 
194 
194 
192 
346 
188 
222 
218 
192 
212 
210 
542 
218 
218 
198 
198 
190 
196 
450 
220 
216 
190 
218 
192 
218 
404 
214 
196 
192 
192 
190 
222 
406 
196 
220 
202 
218 
206 
194 
420 
220 
218 
194 
192 
196 
222 
592 
220 
192 
258 
218 
188 
220 
386 
204 
190 
222 
194 
210 
214 
406 
192 
192 
218 
192 
218 
222 
466 
220 
192 
218 
190 
218 
222 
50 
240 
52 
208 
208 
52 
210 
52 
206 
200 
54 
222 
222 
54 
390 
50 
222 
220 
50 
220 
216 
476 
208 
190 
224 
190 
220 
222 
446 
190 
222 
222 
222 
190 
194 
464 
194 
222 
222 
218 
206 
220 
482 
216 
220 
218 
220 
220 
202 
486 
220 
258 
222 
220 
218 
208 
486 
276 
192 
192 
194 
192 
208 
516 
216 
220 
190 
190 
192 
218 
528 
220 
208 
220 
220 
190 
214 
560 
218 
218 
218 
218 
35418 
0 
0 
0 
192 
220 
192 
188 
190 
598 
214 
216 
216 
188 
218 
222 
658 
190 
216 
192 
216 
186 
52 
730 
208 
52 
192 
50 
212 
218 
52 
250 
218 
50 
216 
50 
218 
600 
216 
190 
214 
188 
202 
210 
692 
216 
188 
218 
218 
190 
218 
190 
220 
188 
192 
210 
214 
220 
602 
216 
216 
216 
220 
186 
190 
560 
224 
216 
192 
218 
220 
188 
582 
216 
190 
190 
188 
206 
198 
570 
216 
188 
192 
216 
216 
190 
704 
218 
186 
218 
194 
220 
230 
188 
218 
216 
220 
216 
188 
218 
688 
212 
190 
220 
214 
202 
216 
192 
192 
188 
218 
218 
232 
218 
192 
190 
50 
218 
216 
52 
216 
50 
216 
216 
50 
218 
50 
206 
190 
50 
212 
220 
218 
210 
220 
190 
192 
190 
204 
218 
192 
474 
428 
190 
216 
192 
192 
188 
214 
218 
218 
214 
218 
188 
218 
218 
218 
216 
216 
222 
214 
188 
216 
216 
186 
186 
220 
218 
214 
188 
218 
194 
192 
238 
216 
218 
194 
224 
210 
216 
188 
216 
190 
192 
190 
196 
236 
190 
214 
216 
196 
190 
218 
216 
192 
190 
212 
220 
200 
192 
216 
190 
218 
196 
192 
194 
206 
244 
224 
190 
50 
218 
218 
50 
218 
50 
218 
216 
52 
216 
48 
214 
220 
50 
224 
188 
218 
188 
218 
204 
190 
218 
234 
208 
218 
216 
236 
204 
218 
192 
214 
186 
218 
218 
214 
204 
190 
218 
192 
192 
218 
190 
190 
202 
218 
216 
218 
190 
216 
190 
218 
220 
218 
216 
218 
192 
224 
220 
192 
216 
218 
216 
218 
192 
218 
190 
216 
216 
194 
208 
188 
188 
194 
188 
228 
206 
208 
208 
208 
216 
208 
216 
212 
214 
190 
192 
216 
186 
216 
238 
216 
190 
238 
52 
216 
52 
218 
218 
52 
218 
48 
218 
220 
50 
214 
48 
224 
202 
216 
216 
192 
214 
192 
190 
190 
220 
186 
186 
212 
220 
192 
194 
190 
192 
234 
190 
190 
264 
208 
220 
198 
220 
220 
218 
192 
188 
190 
214 
216 
190 
218 
192 
188 
220 
218 
218 
216 
190 
188 
216 
218 
204 
218 
190 
216 
186 
196 
218 
220 
190 
202 
186 
186 
218 
216 
220 
230 
218 
216 
188 
220 
216 
206 
218 
236 
206 
238 
216 
202 
190 
252 
188 
218 
188 
190 
48 
214 
50 
216 
214 
52 
190 
218 
218 
190 
192 
220 
192 
214 
216 
202 
220 
188 
216 
220 
192 
192 
216 
192 
218 
218 
190 
188 
194 
216 
186 
216 
204 
194 
218 
218 
190 
206 
212 
188 
216 
192 
222 
188 
192 
238 
220 
218 
214 
192 
188 
190 
190 
218 
190 
190 
218 
218 
192 
214 
216 
220 
214 
216 
190 
216 
216 
214 
208 
190 
218 
214 
202 
190 
216 
188 
232 
218 
220 
206 
190 
216 
212 
218 
218 
218 
218 
216 
196 
208 
204 
218 
194 
208 
206 
254 
210 
232 
218 
222 
216 
214 
218 
206 
216 
218 
216 
220 
216 
216 
208 
218 
216 
220 
222 
218 
220 
208 
218 
218 
214 
218 
220 
220 
208 
216 
208 
218 
218 
218 
220 
208 
224 
218 
216 
216 
220 
220 
442 
216 
332 
206 
204 
208 
240 
206 
214 
340 
218 
218 
218 
220 
192 
210 
220 
214 
188 
218 
222 
208 
216 
222 
214 
220 
206 
220 
204 
214 
220 
220 
216 
218 
216 
210 
216 
218 
204 
284 
192 
216 
204 
216 
188 
216 
216 
190 
188 
206 
200 
194 
192 
208 
216 
208 
206 
190 
204 
268 
186 
204 
228 
208 
222 
224 
218 
218 
214 
216 
190 
218 
216 
220 
222 
218 
218 
210 
218 
220 
218 
214 
220 
218 
204 
218 
222 
216 
216 
218 
214 
208 
216 
218 
218 
222 
216 
214 
206 
202 
218 
220 
218 
216 
220 
208 
192 
274 
232 
206 
218 
192 
204 
208 
190 
264 
216 
216 
188 
206 
220 
188 
210 
188 
220 
216 
190 
190 
220 
214 
208 
190 
222 
208 
190 
218 
220 
218 
216 
220 
208 
220 
224 
208 
208 
218 
192 
204 
208 
206 
216 
218 
220 
220 
196 
208 
190 
188 
214 
190 
192 
206 
204 
432 
196 
216 
222 
216 
192 
198 
472 
220 
188 
216 
208 
206 
214 
192 
200 
190 
210 
218 
210 
218 
208 
220 
190 
192 
218 
206 
220 
196 
224 
190 
230 
218 
208 
214 
294 
192 
208 
216 
218 
200 
254 
322 
206 
208 
206 
222 
196 
192 
192 
212 
220 
212 
220 
210 
216 
190 
196 
196 
220 
220 
210 
196 
222 
220 
222 
218 
190 
206 
216 
212 
214 
220 
220 
216 
212 
190 
202 
212 
218 
218 
184 
206 
228 
402 
216 
216 
218 
206 
190 
206 
218 
218 
188 
218 
188 
204 
208 
218 
206 
308 
218 
210 
210 
220 
242 
216 
218 
216 
218 
206 
220 
438 
224 
190 
206 
218 
498 
216 
270 
222 
220 
186 
208 
206 
220 
262 
220 
216 
214 
204 
194 
192 
292 
186 
218 
220 
220 
208 
192 
444 
220 
216 
214 
220 
208 
226 
320 
226 
190 
212 
352 
194 
252 
346 
212 
214 
206 
190 
204 
216 
316 
218 
216 
190 
222 
190 
220 
328 
188 
216 
220 
316 
206 
218 
536 
188 
220 
224 
214 
194 
190 
352 
274 
224 
186 
192 
206 
204 
374 
216 
188 
220 
218 
208 
222 
610 
222 
208 
216 
190 
192 
192 
350 
216 
