# FR-trace starting at Wed Dec 16 18:19:38 2020
################# CONFIG #################
# slot=10000
# samples=5000
# threshold=100
# idle=500
# minlen=500
# runs=60000
# pdathreads=3
# nmonitored=1
#   monitor0=/usr/local/lib/libcrypto.so 799838 0xc345e
# nevicted=0
# npdatargets=1
#   target0=/usr/local/lib/libcrypto.so 750148 0xb7244
# affinity=all
############## SYSTEM INFO ###############
# mastik_version=
# sysname=Linux
# nodename=5997f38f2dda
# release=5.4.0-56-generic
# version=#62-Ubuntu SMP Mon Nov 23 19:20:19 UTC 2020
# machine=x86_64
################## DATA ##################
# run=0
# datapoints=3155
52 
192 
222 
222 
192 
198 
222 
214 
194 
216 
230 
192 
214 
304 
192 
214 
218 
192 
220 
218 
192 
220 
188 
218 
194 
220 
196 
194 
218 
222 
220 
218 
52 
218 
50 
220 
218 
50 
218 
220 
52 
208 
54 
50 
222 
212 
190 
220 
216 
216 
262 
208 
204 
210 
208 
214 
192 
222 
220 
222 
216 
224 
218 
220 
192 
192 
218 
190 
218 
54 
224 
220 
192 
216 
220 
222 
190 
194 
220 
220 
220 
196 
220 
218 
222 
218 
216 
222 
218 
212 
220 
206 
194 
246 
220 
194 
218 
218 
220 
190 
218 
238 
218 
224 
194 
218 
192 
192 
192 
250 
210 
252 
192 
218 
220 
210 
192 
196 
222 
190 
192 
194 
220 
224 
222 
220 
50 
224 
224 
54 
224 
52 
218 
218 
56 
222 
52 
220 
224 
54 
218 
208 
50 
210 
52 
220 
240 
220 
194 
220 
222 
194 
220 
190 
210 
190 
188 
212 
198 
190 
208 
216 
190 
194 
220 
192 
224 
192 
220 
192 
192 
208 
218 
220 
220 
218 
216 
192 
220 
220 
208 
218 
222 
236 
242 
222 
218 
218 
222 
190 
218 
218 
216 
194 
218 
198 
222 
192 
194 
194 
246 
218 
190 
216 
218 
210 
218 
208 
188 
192 
208 
220 
192 
194 
220 
218 
222 
222 
190 
196 
216 
208 
210 
218 
196 
214 
202 
224 
52 
226 
52 
222 
206 
52 
218 
52 
220 
218 
54 
226 
222 
54 
218 
204 
218 
190 
190 
194 
220 
214 
194 
220 
190 
214 
192 
196 
218 
192 
192 
210 
192 
192 
222 
210 
210 
192 
206 
204 
218 
224 
238 
290 
190 
192 
210 
218 
218 
218 
222 
222 
192 
210 
220 
222 
190 
222 
192 
198 
212 
218 
194 
192 
226 
222 
220 
210 
192 
190 
200 
224 
194 
222 
198 
190 
192 
192 
194 
192 
200 
194 
208 
192 
208 
194 
250 
222 
208 
190 
204 
218 
194 
334 
222 
264 
50 
220 
52 
222 
224 
52 
206 
52 
222 
220 
52 
220 
222 
52 
224 
50 
222 
218 
50 
218 
196 
214 
192 
208 
190 
192 
192 
208 
192 
374 
220 
192 
224 
196 
194 
222 
198 
216 
238 
208 
322 
224 
290 
216 
222 
220 
220 
222 
194 
212 
248 
188 
224 
192 
220 
206 
192 
190 
194 
220 
222 
192 
210 
212 
206 
194 
190 
222 
218 
212 
220 
194 
208 
208 
216 
208 
192 
206 
198 
190 
224 
218 
196 
210 
190 
338 
206 
218 
224 
212 
194 
192 
194 
220 
218 
218 
196 
230 
192 
192 
54 
236 
218 
52 
208 
54 
218 
218 
50 
218 
224 
52 
220 
138 
220 
202 
192 
222 
190 
214 
400 
218 
220 
192 
222 
238 
190 
422 
220 
236 
196 
216 
210 
214 
584 
220 
214 
218 
204 
212 
188 
200 
206 
228 
194 
212 
214 
218 
208 
190 
224 
220 
190 
196 
194 
220 
192 
220 
232 
222 
192 
216 
242 
218 
192 
200 
222 
210 
224 
242 
194 
218 
222 
218 
234 
222 
484 
192 
216 
192 
192 
212 
210 
272 
192 
218 
196 
194 
196 
222 
260 
210 
208 
212 
216 
204 
216 
54 
222 
54 
216 
218 
50 
216 
238 
52 
222 
54 
218 
214 
52 
384 
192 
220 
218 
218 
192 
198 
476 
220 
218 
218 
196 
190 
218 
274 
210 
222 
218 
194 
192 
222 
190 
218 
222 
190 
220 
214 
216 
298 
220 
194 
222 
230 
208 
220 
300 
192 
212 
218 
218 
210 
192 
416 
190 
196 
188 
194 
210 
192 
368 
218 
218 
192 
216 
194 
220 
328 
220 
222 
242 
190 
192 
218 
330 
194 
220 
218 
236 
196 
194 
358 
192 
218 
194 
190 
186 
218 
372 
192 
190 
224 
194 
54 
222 
54 
222 
222 
54 
222 
52 
218 
396 
50 
222 
54 
222 
208 
52 
396 
220 
52 
218 
50 
210 
222 
52 
220 
192 
190 
220 
228 
214 
0 
0 
218 
188 
214 
214 
212 
518 
192 
190 
190 
206 
208 
218 
552 
218 
224 
218 
188 
218 
210 
622 
230 
216 
216 
218 
192 
218 
628 
192 
206 
216 
216 
190 
190 
444 
194 
190 
218 
192 
240 
220 
452 
218 
212 
216 
218 
216 
192 
514 
222 
220 
218 
192 
220 
220 
474 
220 
212 
226 
188 
218 
216 
478 
220 
218 
216 
218 
190 
218 
192 
190 
190 
194 
190 
186 
316 
52 
224 
50 
218 
216 
48 
216 
50 
214 
186 
50 
218 
50 
218 
704 
222 
188 
188 
220 
188 
216 
562 
234 
204 
216 
220 
218 
202 
738 
220 
214 
216 
190 
210 
190 
736 
216 
188 
218 
220 
216 
190 
574 
202 
214 
190 
188 
188 
240 
616 
214 
210 
210 
218 
216 
192 
576 
216 
214 
206 
218 
192 
190 
630 
220 
220 
208 
218 
216 
220 
686 
220 
188 
216 
216 
230 
222 
582 
190 
192 
216 
186 
206 
196 
698 
216 
216 
216 
190 
220 
200 
840 
216 
218 
50 
208 
48 
208 
658 
50 
190 
50 
216 
220 
50 
592 
52 
214 
192 
208 
218 
190 
192 
218 
190 
216 
188 
190 
218 
710 
228 
220 
218 
240 
188 
216 
624 
190 
218 
190 
192 
218 
190 
638 
218 
194 
192 
188 
192 
220 
656 
216 
192 
192 
224 
216 
190 
188 
190 
218 
190 
192 
192 
188 
666 
218 
222 
190 
194 
218 
230 
198 
186 
188 
192 
216 
218 
190 
190 
214 
218 
218 
218 
216 
192 
190 
188 
192 
190 
188 
190 
188 
200 
200 
194 
208 
218 
192 
50 
208 
220 
48 
216 
48 
218 
216 
48 
210 
50 
218 
220 
188 
194 
204 
200 
216 
190 
216 
216 
192 
218 
186 
192 
188 
190 
192 
196 
218 
216 
216 
216 
200 
218 
190 
190 
216 
194 
192 
190 
188 
216 
190 
224 
190 
190 
216 
186 
190 
216 
192 
216 
198 
218 
218 
194 
220 
188 
192 
216 
216 
190 
192 
194 
208 
210 
206 
206 
190 
190 
220 
186 
190 
190 
216 
208 
234 
192 
192 
192 
216 
216 
216 
220 
206 
220 
218 
188 
216 
190 
48 
218 
216 
50 
216 
50 
220 
220 
50 
216 
50 
218 
162 
50 
204 
50 
220 
220 
50 
218 
48 
208 
192 
48 
208 
198 
194 
190 
206 
190 
212 
220 
216 
218 
218 
218 
344 
192 
192 
218 
188 
216 
192 
190 
188 
220 
216 
192 
188 
218 
192 
218 
186 
228 
218 
192 
216 
190 
216 
188 
190 
194 
216 
188 
220 
218 
188 
216 
224 
190 
188 
208 
190 
214 
204 
218 
194 
208 
194 
254 
186 
228 
192 
194 
192 
218 
252 
216 
190 
188 
218 
220 
202 
220 
220 
220 
192 
218 
216 
222 
206 
214 
222 
50 
218 
52 
216 
218 
50 
218 
50 
220 
192 
52 
190 
50 
190 
206 
216 
190 
220 
192 
188 
220 
204 
204 
204 
238 
194 
192 
208 
202 
274 
216 
218 
204 
224 
194 
192 
190 
238 
216 
218 
190 
218 
188 
186 
220 
216 
216 
214 
206 
216 
190 
208 
214 
218 
192 
190 
192 
242 
188 
188 
220 
194 
218 
222 
188 
208 
212 
216 
188 
216 
214 
204 
192 
190 
222 
190 
206 
190 
218 
216 
218 
222 
214 
216 
220 
224 
190 
192 
218 
190 
210 
218 
216 
50 
218 
220 
50 
218 
52 
216 
220 
52 
218 
48 
218 
220 
50 
206 
188 
192 
192 
208 
220 
204 
188 
220 
216 
190 
190 
356 
190 
216 
190 
218 
208 
236 
190 
320 
250 
252 
192 
212 
216 
218 
214 
220 
218 
218 
218 
224 
186 
214 
204 
190 
216 
218 
188 
190 
216 
206 
218 
218 
192 
190 
188 
210 
226 
214 
296 
218 
218 
220 
200 
206 
218 
236 
200 
196 
218 
216 
184 
190 
192 
192 
202 
190 
218 
188 
202 
208 
192 
188 
266 
188 
206 
214 
52 
222 
220 
48 
218 
50 
216 
218 
50 
216 
50 
216 
206 
50 
218 
50 
220 
218 
48 
206 
50 
210 
216 
218 
216 
222 
206 
248 
186 
188 
216 
216 
220 
0 
0 
0 
188 
194 
192 
192 
206 
218 
202 
212 
192 
196 
212 
212 
194 
194 
222 
218 
220 
194 
214 
208 
190 
226 
220 
218 
220 
210 
220 
194 
190 
194 
192 
192 
212 
220 
192 
190 
192 
190 
220 
224 
224 
198 
220 
210 
218 
194 
192 
218 
196 
220 
240 
222 
210 
206 
194 
194 
208 
218 
194 
212 
208 
216 
318 
218 
194 
218 
212 
208 
240 
194 
218 
50 
222 
52 
206 
218 
52 
218 
230 
52 
226 
50 
224 
218 
50 
218 
192 
212 
196 
226 
192 
216 
196 
212 
220 
192 
224 
314 
220 
192 
224 
222 
208 
222 
400 
190 
192 
220 
218 
194 
216 
196 
222 
222 
210 
194 
206 
194 
190 
190 
216 
190 
194 
208 
226 
190 
192 
220 
194 
218 
224 
220 
316 
194 
238 
194 
192 
188 
222 
218 
188 
220 
202 
222 
194 
208 
306 
228 
220 
218 
192 
208 
192 
218 
220 
222 
194 
194 
210 
210 
456 
218 
206 
220 
216 
210 
206 
50 
218 
224 
50 
220 
56 
216 
208 
48 
220 
0 
220 
208 
52 
226 
222 
52 
218 
188 
210 
190 
226 
192 
220 
192 
220 
214 
218 
226 
208 
218 
210 
218 
194 
220 
198 
218 
218 
222 
218 
208 
200 
214 
210 
214 
208 
196 
192 
192 
232 
220 
210 
194 
192 
190 
218 
318 
212 
240 
202 
194 
196 
192 
366 
216 
222 
222 
198 
212 
218 
248 
194 
222 
212 
190 
204 
220 
326 
194 
208 
194 
218 
212 
192 
588 
226 
194 
192 
216 
208 
220 
478 
190 
188 
208 
190 
192 
206 
458 
50 
220 
50 
220 
210 
52 
308 
54 
218 
196 
50 
214 
220 
52 
190 
192 
190 
218 
212 
222 
458 
190 
194 
222 
228 
206 
212 
334 
220 
222 
220 
218 
208 
194 
374 
210 
192 
218 
194 
210 
218 
432 
192 
234 
192 
210 
210 
190 
400 
192 
202 
218 
222 
202 
208 
406 
304 
218 
212 
190 
210 
216 
534 
220 
222 
224 
196 
214 
220 
386 
220 
220 
222 
216 
210 
192 
392 
190 
220 
226 
196 
194 
222 
404 
220 
206 
226 
206 
210 
190 
482 
214 
192 
224 
192 
54 
194 
398 
52 
206 
54 
208 
220 
52 
388 
54 
222 
220 
54 
216 
192 
438 
220 
210 
202 
224 
192 
208 
490 
194 
190 
222 
220 
220 
220 
450 
220 
200 
216 
196 
220 
220 
462 
218 
192 
190 
190 
210 
238 
478 
224 
208 
218 
202 
220 
188 
504 
222 
194 
192 
196 
198 
210 
508 
220 
230 
198 
222 
222 
192 
496 
216 
220 
210 
190 
222 
192 
532 
204 
216 
214 
220 
218 
220 
542 
220 
194 
212 
206 
224 
226 
676 
194 
218 
218 
220 
198 
228 
562 
220 
222 
54 
222 
52 
220 
524 
50 
0 
0 
0 
208 
252 
52 
204 
48 
222 
218 
50 
220 
640 
218 
218 
216 
218 
216 
194 
678 
208 
220 
192 
214 
188 
190 
568 
220 
190 
218 
218 
208 
214 
542 
194 
190 
222 
208 
208 
226 
532 
216 
216 
218 
216 
218 
220 
612 
222 
216 
216 
214 
204 
216 
730 
208 
188 
248 
216 
254 
186 
630 
220 
200 
190 
222 
198 
220 
188 
194 
192 
216 
226 
220 
192 
674 
188 
190 
218 
190 
216 
190 
192 
216 
218 
192 
190 
218 
196 
620 
218 
218 
50 
218 
50 
220 
684 
48 
212 
48 
216 
214 
50 
184 
48 
190 
214 
228 
188 
220 
192 
200 
282 
218 
220 
190 
216 
698 
284 
186 
192 
186 
218 
220 
732 
188 
214 
222 
220 
208 
202 
714 
210 
188 
190 
220 
220 
218 
216 
190 
216 
218 
204 
188 
188 
186 
192 
220 
192 
220 
188 
220 
190 
218 
230 
212 
190 
188 
192 
210 
214 
218 
194 
218 
190 
218 
220 
224 
222 
192 
188 
220 
240 
214 
220 
218 
190 
208 
224 
206 
218 
216 
214 
222 
52 
218 
218 
50 
220 
50 
216 
216 
50 
218 
46 
216 
190 
50 
192 
188 
218 
220 
204 
222 
204 
220 
204 
202 
192 
192 
190 
192 
214 
188 
188 
218 
190 
220 
192 
214 
196 
188 
188 
194 
0 
0 
0 
220 
218 
218 
192 
194 
218 
192 
220 
224 
218 
190 
220 
220 
214 
212 
220 
220 
194 
218 
200 
232 
216 
218 
192 
194 
222 
192 
194 
210 
194 
192 
194 
194 
216 
206 
208 
190 
192 
190 
192 
220 
192 
192 
192 
220 
206 
220 
210 
192 
190 
190 
190 
190 
220 
192 
218 
52 
218 
220 
54 
220 
52 
220 
218 
48 
218 
52 
220 
222 
56 
220 
52 
196 
220 
236 
192 
216 
222 
192 
224 
222 
192 
192 
240 
194 
192 
204 
192 
196 
220 
218 
194 
232 
194 
220 
192 
194 
198 
202 
218 
194 
220 
212 
218 
224 
224 
218 
218 
192 
226 
222 
210 
222 
218 
202 
242 
218 
218 
218 
214 
220 
190 
220 
194 
222 
224 
224 
216 
234 
228 
218 
220 
226 
194 
190 
188 
220 
192 
224 
200 
222 
194 
190 
230 
216 
222 
190 
190 
224 
190 
216 
218 
236 
222 
98 
220 
222 
52 
222 
226 
54 
222 
52 
220 
224 
52 
220 
52 
220 
222 
52 
210 
52 
208 
192 
196 
192 
194 
192 
190 
222 
192 
218 
192 
206 
188 
220 
188 
208 
210 
220 
220 
220 
220 
192 
220 
192 
224 
222 
208 
218 
204 
192 
194 
208 
240 
190 
218 
194 
190 
224 
218 
192 
222 
192 
190 
222 
190 
224 
220 
196 
196 
192 
190 
204 
208 
220 
216 
190 
190 
224 
188 
228 
192 
192 
210 
206 
194 
192 
0 
0 
250 
218 
222 
218 
184 
206 
216 
216 
192 
216 
244 
218 
204 
196 
220 
220 
48 
222 
50 
206 
48 
218 
216 
48 
216 
48 
208 
218 
52 
216 
220 
218 
218 
190 
196 
190 
192 
190 
220 
216 
190 
214 
188 
192 
218 
188 
236 
192 
228 
190 
206 
190 
218 
284 
206 
190 
204 
218 
222 
216 
212 
210 
198 
220 
218 
208 
220 
192 
206 
192 
222 
192 
208 
188 
202 
230 
216 
224 
206 
192 
214 
216 
190 
188 
188 
192 
220 
220 
188 
204 
216 
192 
192 
206 
206 
188 
282 
190 
246 
190 
196 
208 
218 
206 
208 
188 
214 
188 
220 
52 
262 
216 
50 
218 
50 
214 
218 
48 
216 
50 
222 
220 
50 
216 
202 
216 
196 
224 
190 
188 
196 
210 
216 
188 
226 
218 
188 
218 
190 
218 
296 
216 
218 
228 
214 
206 
192 
190 
206 
188 
220 
206 
190 
210 
210 
218 
192 
222 
188 
216 
192 
192 
216 
188 
210 
214 
208 
220 
188 
206 
188 
192 
218 
192 
216 
214 
218 
218 
218 
218 
210 
218 
190 
188 
190 
220 
192 
188 
192 
400 
206 
192 
220 
214 
202 
216 
192 
194 
208 
206 
194 
208 
204 
50 
262 
214 
52 
216 
50 
218 
166 
50 
218 
50 
206 
208 
50 
192 
220 
222 
216 
220 
204 
204 
192 
192 
216 
214 
216 
220 
216 
192 
208 
216 
188 
220 
192 
194 
298 
218 
188 
192 
218 
208 
222 
340 
192 
218 
216 
222 
240 
208 
236 
282 
208 
188 
216 
204 
190 
190 
216 
218 
190 
214 
226 
218 
230 
220 
186 
218 
192 
204 
216 
190 
210 
238 
218 
190 
208 
218 
418 
188 
224 
220 
192 
208 
208 
310 
190 
216 
188 
218 
196 
192 
218 
230 
190 
48 
216 
208 
50 
212 
50 
206 
236 
50 
240 
50 
228 
220 
50 
188 
192 
208 
198 
454 
206 
210 
190 
218 
204 
218 
246 
194 
190 
216 
192 
190 
220 
284 
190 
220 
218 
188 
208 
216 
268 
190 
220 
218 
200 
206 
188 
310 
192 
188 
218 
220 
208 
190 
516 
188 
190 
206 
200 
190 
204 
400 
190 
234 
218 
192 
192 
218 
418 
218 
212 
220 
206 
206 
218 
334 
188 
214 
190 
206 
210 
220 
342 
188 
216 
220 
200 
206 
222 
418 
190 
216 
218 
216 
52 
216 
338 
50 
208 
50 
216 
208 
218 
318 
204 
220 
204 
210 
190 
190 
562 
218 
188 
192 
214 
208 
190 
418 
220 
186 
216 
186 
192 
226 
546 
220 
192 
216 
220 
212 
214 
364 
192 
218 
216 
214 
222 
220 
376 
194 
194 
218 
190 
190 
202 
400 
294 
228 
190 
188 
206 
0 
582 
236 
218 
198 
190 
224 
0 
0 
0 
0 
194 
222 
0 
204 
632 
202 
194 
220 
222 
222 
218 
478 
190 
222 
208 
194 
190 
224 
458 
220 
220 
190 
192 
224 
220 
482 
220 
222 
220 
186 
220 
220 
462 
222 
222 
216 
148 
220 
190 
464 
220 
216 
190 
222 
192 
220 
482 
218 
194 
214 
194 
198 
220 
486 
218 
222 
222 
220 
218 
220 
520 
218 
218 
220 
228 
222 
220 
492 
224 
222 
208 
218 
220 
222 
514 
222 
222 
218 
218 
210 
244 
494 
214 
218 
222 
192 
220 
208 
242 
220 
206 
210 
210 
216 
194 
578 
226 
192 
214 
208 
192 
190 
742 
194 
214 
220 
220 
220 
218 
514 
220 
228 
224 
220 
242 
216 
542 
220 
220 
220 
206 
220 
222 
562 
198 
222 
220 
218 
242 
194 
564 
224 
218 
192 
218 
224 
194 
576 
220 
224 
206 
200 
222 
220 
578 
222 
224 
210 
218 
220 
210 
592 
214 
194 
206 
266 
220 
248 
636 
218 
226 
220 
220 
218 
220 
194 
196 
218 
222 
224 
218 
224 
632 
220 
220 
218 
220 
218 
220 
662 
212 
220 
212 
216 
222 
222 
672 
220 
220 
222 
228 
220 
196 
712 
200 
212 
224 
204 
220 
222 
848 
190 
210 
194 
194 
220 
216 
206 
236 
324 
192 
208 
192 
232 
656 
192 
200 
194 
198 
220 
204 
666 
218 
220 
224 
224 
192 
192 
282 
222 
210 
190 
0 
0 
0 
672 
218 
220 
214 
220 
202 
216 
190 
216 
192 
218 
204 
206 
216 
702 
224 
218 
190 
296 
188 
216 
736 
330 
236 
190 
190 
200 
220 
186 
204 
194 
218 
216 
188 
218 
206 
186 
220 
218 
216 
220 
218 
216 
218 
204 
220 
218 
220 
208 
208 
190 
206 
196 
192 
220 
204 
342 
188 
212 
194 
224 
204 
206 
236 
206 
190 
208 
208 
218 
192 
188 
194 
194 
288 
196 
252 
218 
218 
190 
190 
218 
216 
220 
210 
218 
208 
188 
214 
218 
218 
210 
218 
190 
214 
216 
192 
188 
206 
218 
218 
218 
204 
192 
216 
214 
188 
218 
218 
218 
236 
218 
208 
216 
206 
212 
216 
210 
216 
188 
220 
192 
190 
212 
190 
208 
222 
218 
222 
282 
220 
218 
206 
220 
220 
216 
196 
218 
204 
214 
220 
206 
208 
208 
190 
214 
220 
220 
218 
208 
220 
208 
220 
220 
224 
220 
220 
216 
216 
214 
254 
208 
204 
218 
204 
216 
218 
206 
216 
218 
192 
218 
234 
204 
208 
190 
208 
248 
186 
218 
220 
216 
190 
220 
652 
212 
206 
208 
200 
214 
192 
220 
190 
190 
250 
216 
192 
216 
218 
218 
220 
310 
206 
216 
