# FR-trace starting at Wed Dec 16 18:19:27 2020
################# CONFIG #################
# slot=10000
# samples=5000
# threshold=100
# idle=500
# minlen=500
# runs=60000
# pdathreads=3
# nmonitored=1
#   monitor0=/usr/local/lib/libcrypto.so 799838 0xc345e
# nevicted=0
# npdatargets=1
#   target0=/usr/local/lib/libcrypto.so 750148 0xb7244
# affinity=all
############## SYSTEM INFO ###############
# mastik_version=
# sysname=Linux
# nodename=5997f38f2dda
# release=5.4.0-56-generic
# version=#62-Ubuntu SMP Mon Nov 23 19:20:19 UTC 2020
# machine=x86_64
################## DATA ##################
# run=0
# datapoints=3090
56 
218 
192 
222 
192 
192 
220 
222 
192 
220 
212 
214 
212 
210 
192 
192 
194 
230 
192 
218 
194 
190 
218 
192 
218 
220 
224 
246 
224 
56 
220 
222 
220 
56 
222 
218 
218 
54 
220 
52 
220 
208 
56 
220 
222 
54 
204 
222 
224 
190 
232 
220 
192 
208 
222 
218 
196 
192 
208 
220 
208 
204 
218 
194 
208 
192 
210 
228 
218 
188 
202 
224 
56 
58 
218 
214 
196 
192 
226 
220 
190 
208 
190 
192 
192 
192 
190 
218 
214 
210 
202 
272 
192 
222 
192 
210 
222 
192 
236 
220 
192 
224 
192 
218 
190 
236 
192 
222 
192 
210 
222 
222 
192 
222 
224 
216 
208 
192 
216 
220 
208 
194 
190 
210 
218 
222 
220 
54 
220 
220 
60 
220 
220 
54 
220 
56 
220 
208 
56 
222 
58 
220 
222 
56 
210 
54 
206 
220 
216 
216 
220 
208 
220 
252 
198 
220 
224 
214 
192 
218 
210 
220 
230 
218 
218 
262 
568 
196 
190 
192 
196 
194 
190 
218 
218 
218 
192 
222 
196 
210 
222 
194 
196 
196 
216 
222 
210 
226 
190 
220 
218 
224 
206 
210 
208 
198 
220 
222 
192 
222 
210 
216 
218 
220 
220 
222 
222 
212 
218 
192 
220 
212 
220 
192 
208 
218 
192 
220 
222 
192 
238 
190 
220 
192 
210 
192 
218 
216 
210 
54 
224 
52 
220 
222 
56 
208 
54 
222 
220 
54 
218 
174 
210 
216 
322 
192 
226 
210 
222 
210 
222 
194 
216 
198 
222 
196 
210 
220 
292 
194 
222 
222 
192 
192 
198 
192 
220 
190 
218 
224 
220 
192 
192 
192 
192 
208 
228 
212 
220 
192 
192 
220 
192 
192 
190 
222 
188 
222 
192 
220 
220 
188 
218 
192 
192 
224 
192 
212 
192 
224 
192 
192 
222 
220 
220 
224 
232 
198 
224 
192 
192 
222 
210 
222 
326 
194 
192 
196 
222 
208 
192 
360 
194 
58 
244 
222 
56 
220 
54 
218 
222 
54 
222 
52 
220 
220 
56 
220 
224 
56 
210 
54 
200 
202 
244 
190 
192 
216 
192 
192 
192 
220 
194 
220 
210 
222 
192 
196 
192 
192 
192 
214 
220 
196 
222 
224 
196 
192 
210 
208 
216 
238 
192 
192 
220 
194 
202 
250 
194 
226 
218 
192 
220 
210 
424 
218 
218 
224 
192 
212 
220 
268 
192 
220 
220 
222 
196 
192 
502 
240 
192 
218 
192 
192 
220 
526 
194 
218 
190 
194 
192 
218 
356 
220 
220 
220 
220 
210 
230 
342 
192 
218 
192 
56 
616 
214 
54 
214 
218 
54 
218 
54 
220 
298 
56 
218 
58 
192 
202 
192 
328 
192 
208 
218 
218 
210 
194 
460 
192 
190 
190 
192 
208 
192 
580 
214 
202 
308 
224 
208 
224 
346 
194 
222 
192 
222 
318 
204 
528 
222 
226 
208 
192 
206 
200 
554 
192 
256 
222 
220 
190 
192 
408 
224 
218 
226 
222 
210 
224 
366 
194 
226 
222 
192 
204 
192 
358 
222 
220 
194 
222 
218 
218 
446 
208 
194 
224 
190 
222 
222 
560 
192 
192 
192 
222 
234 
222 
398 
218 
56 
224 
56 
208 
210 
54 
210 
56 
238 
262 
56 
252 
54 
218 
192 
192 
196 
236 
192 
648 
206 
212 
222 
222 
214 
198 
478 
192 
220 
208 
196 
218 
222 
482 
220 
222 
220 
192 
192 
218 
702 
192 
216 
218 
192 
224 
218 
670 
220 
190 
222 
222 
222 
220 
460 
220 
190 
206 
198 
442 
196 
506 
192 
192 
218 
202 
220 
220 
526 
220 
236 
220 
220 
222 
222 
526 
198 
192 
192 
220 
222 
214 
844 
224 
200 
206 
216 
196 
224 
520 
224 
190 
218 
52 
220 
222 
54 
220 
56 
220 
218 
54 
220 
52 
240 
220 
58 
220 
208 
56 
192 
54 
220 
210 
54 
220 
54 
510 
220 
222 
222 
192 
226 
220 
658 
192 
192 
216 
220 
218 
206 
538 
220 
218 
220 
222 
210 
192 
196 
204 
222 
224 
212 
192 
220 
194 
212 
230 
224 
224 
212 
220 
694 
220 
220 
208 
198 
192 
222 
192 
194 
196 
194 
194 
224 
222 
724 
224 
196 
208 
192 
224 
198 
670 
222 
218 
228 
222 
194 
222 
646 
192 
220 
222 
218 
224 
226 
680 
196 
190 
218 
224 
224 
222 
664 
196 
192 
222 
56 
218 
220 
58 
224 
56 
222 
222 
58 
210 
56 
210 
208 
58 
190 
220 
228 
194 
212 
220 
218 
222 
218 
222 
196 
222 
226 
192 
222 
222 
196 
670 
190 
220 
192 
218 
192 
192 
656 
204 
210 
190 
214 
220 
220 
692 
220 
218 
220 
220 
218 
220 
670 
220 
218 
222 
220 
192 
218 
226 
204 
192 
196 
192 
188 
194 
190 
218 
192 
192 
224 
220 
224 
218 
192 
222 
212 
192 
194 
192 
220 
194 
220 
194 
220 
218 
194 
286 
214 
220 
220 
192 
212 
224 
220 
60 
218 
58 
222 
222 
54 
220 
54 
222 
218 
58 
220 
222 
56 
192 
224 
202 
242 
220 
192 
218 
194 
240 
190 
218 
212 
226 
220 
190 
222 
220 
220 
222 
222 
214 
196 
222 
222 
222 
222 
224 
208 
192 
190 
222 
220 
192 
236 
192 
194 
192 
190 
222 
192 
196 
190 
218 
194 
192 
222 
194 
194 
220 
226 
196 
190 
220 
192 
218 
192 
220 
192 
210 
192 
218 
218 
222 
224 
190 
192 
190 
192 
212 
192 
224 
192 
196 
192 
220 
220 
226 
214 
210 
194 
56 
222 
218 
52 
220 
60 
226 
222 
56 
218 
222 
54 
232 
222 
222 
192 
190 
234 
190 
196 
218 
218 
192 
220 
220 
192 
194 
226 
192 
192 
194 
214 
214 
268 
220 
192 
208 
228 
218 
196 
196 
218 
194 
220 
192 
192 
218 
192 
204 
218 
192 
192 
192 
222 
210 
208 
192 
190 
222 
194 
222 
236 
190 
192 
206 
194 
656 
220 
190 
240 
194 
220 
192 
224 
234 
220 
192 
194 
196 
200 
196 
190 
192 
214 
222 
240 
224 
220 
220 
192 
220 
194 
56 
224 
218 
58 
220 
54 
218 
222 
56 
220 
216 
54 
220 
58 
222 
196 
58 
208 
54 
218 
218 
56 
220 
52 
222 
240 
218 
192 
218 
194 
220 
220 
218 
192 
192 
222 
194 
208 
198 
212 
192 
208 
192 
252 
190 
222 
218 
218 
192 
218 
240 
222 
222 
192 
238 
208 
190 
222 
222 
220 
218 
218 
220 
192 
238 
220 
192 
212 
224 
192 
220 
214 
220 
224 
194 
194 
218 
222 
224 
218 
192 
192 
224 
222 
202 
240 
462 
210 
212 
220 
194 
208 
210 
200 
286 
192 
204 
194 
192 
208 
192 
222 
192 
216 
218 
54 
210 
220 
56 
220 
54 
220 
220 
54 
220 
218 
54 
246 
58 
218 
190 
226 
192 
192 
218 
220 
194 
220 
190 
282 
190 
192 
220 
232 
208 
224 
214 
210 
192 
200 
192 
202 
210 
192 
244 
220 
192 
220 
212 
222 
194 
192 
192 
222 
226 
206 
192 
222 
218 
220 
220 
220 
194 
192 
192 
242 
222 
218 
190 
192 
190 
192 
222 
210 
222 
220 
212 
192 
240 
222 
192 
192 
218 
192 
222 
192 
222 
228 
192 
192 
292 
220 
202 
192 
206 
220 
208 
196 
238 
212 
52 
220 
54 
220 
214 
56 
216 
58 
220 
222 
52 
210 
222 
52 
224 
218 
194 
218 
212 
192 
210 
214 
192 
220 
220 
210 
212 
192 
222 
224 
222 
192 
210 
222 
194 
220 
206 
206 
196 
208 
192 
200 
208 
210 
208 
192 
224 
250 
194 
230 
220 
222 
202 
192 
220 
192 
220 
192 
190 
220 
194 
194 
262 
224 
220 
220 
196 
210 
210 
190 
222 
208 
220 
210 
194 
194 
230 
192 
206 
220 
192 
194 
222 
192 
222 
190 
218 
214 
208 
218 
194 
220 
198 
192 
200 
220 
52 
208 
54 
190 
222 
58 
212 
56 
226 
220 
56 
218 
54 
210 
222 
54 
220 
218 
54 
220 
56 
222 
206 
222 
220 
212 
218 
480 
222 
208 
198 
218 
190 
218 
208 
220 
436 
196 
226 
220 
222 
210 
222 
200 
218 
214 
204 
212 
238 
220 
192 
188 
194 
222 
222 
208 
192 
204 
222 
218 
190 
222 
192 
218 
192 
192 
220 
220 
220 
208 
220 
416 
222 
194 
220 
218 
192 
216 
210 
220 
220 
226 
222 
194 
192 
302 
216 
232 
194 
190 
192 
218 
286 
218 
192 
220 
222 
190 
192 
326 
190 
194 
192 
56 
212 
224 
56 
218 
54 
220 
218 
56 
218 
54 
220 
220 
54 
196 
192 
224 
282 
228 
192 
218 
194 
192 
218 
272 
234 
208 
208 
196 
208 
218 
292 
192 
222 
224 
192 
212 
190 
456 
228 
222 
190 
224 
210 
192 
298 
208 
208 
210 
190 
192 
198 
444 
192 
192 
218 
218 
206 
196 
424 
222 
220 
188 
228 
192 
192 
500 
220 
192 
190 
192 
226 
192 
314 
194 
224 
222 
220 
190 
220 
546 
192 
222 
242 
222 
210 
218 
372 
192 
222 
192 
224 
208 
220 
322 
52 
218 
58 
210 
216 
56 
334 
52 
220 
192 
58 
212 
56 
0 
192 
56 
222 
192 
194 
192 
384 
190 
220 
198 
224 
218 
220 
416 
218 
192 
190 
190 
192 
192 
470 
196 
192 
218 
190 
214 
234 
436 
218 
220 
196 
214 
194 
220 
686 
220 
190 
220 
208 
210 
192 
410 
210 
248 
192 
194 
202 
192 
492 
222 
220 
194 
192 
222 
220 
458 
218 
196 
220 
218 
196 
220 
512 
222 
220 
220 
192 
192 
190 
480 
220 
208 
220 
192 
226 
222 
562 
220 
192 
220 
192 
220 
210 
56 
222 
222 
54 
200 
54 
222 
730 
56 
220 
220 
58 
206 
54 
516 
218 
192 
220 
216 
192 
192 
460 
222 
226 
192 
222 
218 
0 
0 
0 
208 
224 
218 
218 
218 
492 
224 
220 
230 
190 
188 
186 
518 
218 
190 
208 
190 
190 
216 
540 
222 
190 
190 
186 
218 
210 
732 
218 
204 
194 
190 
222 
188 
190 
188 
256 
192 
198 
218 
216 
566 
216 
188 
216 
190 
218 
220 
592 
216 
220 
218 
208 
218 
218 
588 
216 
194 
228 
216 
190 
194 
190 
192 
212 
216 
188 
236 
54 
618 
54 
220 
214 
52 
216 
56 
592 
68 
54 
208 
54 
190 
210 
618 
236 
188 
328 
190 
190 
254 
656 
188 
190 
206 
220 
216 
190 
638 
222 
188 
218 
212 
216 
214 
628 
218 
220 
218 
220 
218 
202 
658 
218 
204 
218 
188 
212 
218 
658 
208 
188 
190 
192 
206 
188 
626 
216 
218 
218 
204 
186 
220 
620 
190 
190 
190 
194 
236 
190 
624 
188 
220 
218 
218 
208 
216 
630 
210 
190 
218 
192 
190 
216 
186 
190 
212 
216 
220 
198 
52 
678 
54 
216 
240 
54 
206 
54 
670 
216 
54 
214 
54 
220 
218 
188 
214 
186 
218 
222 
190 
216 
190 
206 
208 
190 
208 
194 
228 
206 
238 
190 
208 
214 
186 
218 
218 
190 
216 
218 
214 
218 
218 
216 
218 
216 
220 
218 
220 
218 
190 
200 
220 
220 
188 
218 
240 
220 
208 
204 
216 
190 
218 
220 
190 
218 
194 
190 
214 
192 
220 
218 
190 
216 
188 
0 
0 
0 
216 
196 
188 
190 
222 
192 
224 
224 
192 
196 
192 
222 
220 
220 
220 
198 
226 
58 
220 
228 
52 
220 
56 
222 
220 
56 
220 
56 
236 
220 
58 
220 
238 
218 
216 
192 
190 
224 
208 
228 
220 
222 
194 
192 
230 
192 
220 
218 
208 
192 
192 
192 
196 
192 
196 
224 
192 
204 
54 
220 
220 
54 
222 
54 
218 
220 
56 
218 
52 
222 
218 
54 
208 
196 
222 
230 
220 
198 
192 
210 
192 
222 
222 
218 
192 
218 
224 
192 
220 
220 
192 
218 
222 
218 
192 
198 
52 
56 
240 
218 
192 
198 
192 
228 
214 
198 
190 
192 
194 
194 
220 
192 
192 
198 
190 
222 
220 
192 
236 
192 
226 
192 
196 
208 
222 
222 
224 
220 
192 
214 
220 
222 
192 
192 
192 
192 
220 
218 
216 
194 
222 
192 
210 
224 
220 
198 
190 
192 
210 
192 
222 
210 
56 
196 
54 
208 
192 
54 
188 
220 
56 
220 
56 
224 
220 
50 
220 
222 
60 
226 
192 
224 
216 
192 
222 
220 
214 
224 
222 
220 
220 
218 
192 
192 
192 
222 
234 
240 
194 
190 
218 
192 
192 
192 
218 
192 
192 
220 
226 
222 
192 
210 
192 
196 
210 
192 
232 
192 
196 
222 
206 
218 
246 
206 
192 
222 
218 
196 
222 
192 
220 
224 
208 
220 
218 
220 
220 
192 
222 
196 
204 
220 
220 
208 
202 
192 
218 
192 
220 
218 
192 
218 
204 
230 
194 
222 
218 
220 
224 
56 
222 
56 
218 
230 
54 
212 
54 
266 
208 
54 
212 
502 
56 
222 
56 
220 
222 
56 
192 
218 
218 
224 
194 
220 
220 
224 
218 
192 
218 
196 
194 
220 
222 
220 
196 
208 
192 
230 
204 
220 
218 
222 
192 
192 
224 
206 
192 
202 
220 
220 
208 
210 
220 
220 
194 
194 
220 
194 
192 
192 
194 
220 
192 
222 
222 
192 
192 
242 
192 
220 
222 
210 
218 
192 
220 
192 
210 
220 
210 
222 
224 
222 
220 
220 
194 
210 
210 
190 
218 
232 
220 
222 
208 
218 
192 
222 
222 
218 
192 
56 
220 
222 
58 
222 
202 
58 
196 
54 
212 
256 
56 
200 
190 
54 
220 
204 
224 
196 
196 
192 
210 
192 
192 
222 
194 
218 
202 
194 
220 
192 
220 
196 
224 
210 
192 
222 
192 
222 
192 
194 
222 
208 
192 
192 
190 
192 
222 
244 
194 
222 
196 
192 
222 
194 
224 
212 
190 
214 
192 
212 
214 
192 
406 
222 
256 
222 
194 
218 
192 
216 
228 
294 
194 
192 
192 
220 
208 
222 
294 
222 
188 
192 
220 
212 
218 
208 
220 
222 
210 
222 
194 
194 
214 
194 
56 
220 
220 
56 
220 
192 
54 
222 
54 
222 
208 
54 
0 
0 
0 
200 
188 
54 
224 
300 
190 
188 
216 
188 
206 
190 
258 
188 
218 
218 
192 
196 
192 
188 
220 
214 
188 
216 
206 
212 
192 
190 
218 
218 
192 
196 
190 
190 
220 
188 
190 
218 
188 
218 
190 
192 
190 
216 
202 
190 
218 
190 
218 
188 
216 
192 
522 
190 
292 
188 
200 
192 
222 
190 
190 
200 
190 
216 
218 
218 
190 
188 
250 
192 
188 
218 
192 
206 
222 
226 
218 
200 
190 
192 
204 
220 
232 
56 
220 
54 
218 
206 
54 
276 
54 
220 
216 
54 
206 
52 
658 
188 
216 
190 
218 
204 
190 
448 
206 
216 
210 
234 
212 
192 
270 
196 
218 
218 
220 
188 
216 
308 
214 
190 
188 
216 
206 
216 
250 
212 
224 
190 
188 
206 
190 
488 
234 
216 
226 
188 
206 
220 
264 
222 
206 
206 
194 
190 
216 
406 
190 
194 
218 
188 
202 
190 
472 
222 
206 
208 
192 
208 
190 
508 
190 
222 
210 
218 
206 
188 
506 
220 
222 
190 
226 
200 
218 
292 
220 
56 
220 
54 
208 
216 
56 
220 
52 
218 
216 
54 
206 
52 
214 
190 
220 
188 
206 
190 
346 
194 
186 
190 
216 
188 
192 
366 
192 
218 
218 
236 
196 
190 
360 
220 
190 
188 
194 
206 
200 
514 
228 
218 
220 
216 
196 
210 
402 
188 
218 
212 
220 
0 
0 
0 
218 
220 
218 
222 
192 
196 
524 
220 
192 
194 
222 
208 
220 
428 
224 
204 
220 
192 
192 
218 
526 
220 
220 
244 
192 
192 
214 
444 
188 
192 
220 
194 
242 
192 
442 
206 
220 
226 
222 
214 
222 
56 
222 
220 
54 
218 
56 
220 
606 
220 
210 
222 
192 
194 
220 
464 
222 
222 
224 
220 
192 
220 
588 
220 
220 
220 
192 
218 
222 
474 
190 
240 
230 
190 
220 
210 
610 
192 
194 
212 
192 
192 
204 
638 
194 
192 
220 
222 
218 
192 
726 
188 
220 
204 
218 
220 
192 
526 
222 
226 
220 
216 
222 
220 
530 
218 
192 
192 
206 
192 
222 
724 
228 
198 
220 
222 
222 
220 
680 
216 
240 
220 
222 
218 
192 
746 
220 
220 
196 
210 
192 
222 
550 
206 
192 
220 
226 
192 
218 
558 
210 
220 
222 
220 
228 
220 
578 
220 
226 
218 
222 
220 
222 
582 
222 
220 
190 
222 
220 
220 
572 
220 
220 
218 
220 
220 
220 
544 
218 
220 
218 
222 
222 
222 
548 
222 
218 
220 
208 
220 
210 
578 
208 
212 
214 
210 
208 
220 
756 
228 
218 
210 
194 
222 
216 
584 
208 
220 
214 
212 
210 
220 
608 
224 
220 
190 
220 
220 
218 
594 
220 
222 
210 
220 
222 
218 
614 
224 
222 
224 
222 
192 
222 
676 
220 
222 
222 
222 
202 
220 
652 
208 
208 
196 
208 
194 
192 
612 
192 
222 
238 
222 
220 
220 
690 
218 
220 
218 
222 
222 
218 
690 
218 
222 
222 
218 
222 
220 
710 
220 
218 
218 
192 
220 
216 
706 
218 
218 
220 
220 
220 
194 
708 
218 
216 
222 
222 
222 
220 
222 
220 
210 
208 
208 
214 
210 
260 
210 
188 
214 
234 
192 
220 
220 
222 
222 
220 
216 
210 
192 
220 
224 
212 
220 
218 
226 
196 
212 
220 
210 
216 
192 
224 
296 
192 
206 
220 
198 
208 
194 
226 
214 
192 
222 
220 
192 
226 
208 
220 
218 
218 
210 
222 
200 
210 
210 
208 
212 
218 
284 
210 
222 
218 
220 
220 
222 
222 
220 
218 
218 
242 
208 
192 
218 
240 
224 
210 
224 
198 
210 
218 
220 
220 
212 
220 
230 
208 
220 
240 
218 
220 
220 
210 
214 
210 
212 
220 
218 
218 
218 
218 
224 
208 
210 
192 
192 
192 
222 
280 
210 
210 
206 
194 
210 
222 
220 
222 
220 
208 
304 
194 
190 
210 
200 
262 
222 
220 
650 
208 
192 
224 
214 
478 
220 
220 
196 
240 
220 
210 
220 
222 
218 
222 
216 
256 
198 
194 
210 
218 
220 
224 
218 
232 
210 
194 
224 
194 
210 
192 
262 
212 
230 
192 
220 
208 
210 
222 
222 
220 
220 
220 
218 
208 
222 
222 
214 
208 
218 
222 
220 
218 
208 
210 
212 
222 
238 
206 
220 
212 
222 
218 
192 
212 
220 
220 
200 
218 
224 
220 
208 
218 
220 
196 
220 
206 
224 
218 
194 
234 
208 
210 
314 
200 
222 
210 
222 
218 
220 
220 
218 
240 
220 
212 
218 
188 
220 
212 
220 
214 
222 
218 
218 
222 
226 
192 
220 
208 
198 
208 
220 
192 
240 
222 
222 
200 
238 
194 
220 
210 
314 
210 
220 
238 
218 
222 
208 
220 
208 
210 
322 
244 
210 
220 
256 
222 
236 
192 
