# FR-trace starting at Tue Apr 20 17:43:53 2021
################# CONFIG #################
# slot=9000
# samples=5000
# threshold=100
# idle=500
# minlen=500
# runs=60000
# pdathreads=3
# nmonitored=1
#   monitor0=/usr/local/lib/libcrypto.so 770062 0xbc00e
# nevicted=0
# npdatargets=1
#   target0=/usr/local/lib/libcrypto.so 750148 0xb7244
# affinity=all
############## SYSTEM INFO ###############
# mastik_version=
# sysname=Linux
# nodename=0b12265572f4
# release=5.8.0-50-generic
# version=#56~20.04.1-Ubuntu SMP Mon Apr 12 21:46:35 UTC 2021
# machine=x86_64
################## DATA ##################
# run=1
# datapoints=5000
42 
222 
532 
240 
224 
202 
242 
240 
244 
390 
242 
240 
244 
244 
242 
244 
244 
242 
244 
42 
40 
38 
40 
40 
40 
246 
244 
228 
246 
222 
242 
244 
242 
242 
244 
450 
244 
226 
246 
248 
42 
244 
242 
680 
244 
246 
242 
244 
240 
240 
244 
244 
238 
226 
244 
238 
242 
244 
244 
248 
228 
246 
218 
240 
242 
242 
242 
240 
450 
240 
220 
42 
42 
40 
40 
42 
42 
40 
42 
246 
242 
244 
244 
242 
244 
242 
238 
244 
244 
238 
242 
246 
240 
240 
240 
226 
240 
244 
240 
240 
242 
368 
242 
222 
240 
240 
240 
242 
240 
594 
244 
252 
242 
240 
240 
242 
238 
244 
242 
244 
242 
272 
244 
246 
244 
42 
40 
38 
42 
44 
40 
40 
38 
244 
334 
292 
222 
244 
244 
244 
242 
244 
574 
244 
222 
246 
242 
242 
244 
242 
244 
244 
244 
244 
244 
244 
246 
242 
244 
246 
242 
242 
240 
244 
240 
246 
242 
304 
242 
228 
242 
244 
244 
244 
246 
536 
244 
224 
244 
44 
42 
38 
44 
40 
42 
42 
42 
244 
242 
242 
244 
240 
238 
244 
242 
240 
238 
244 
242 
238 
224 
240 
202 
246 
238 
242 
244 
240 
462 
206 
226 
244 
242 
242 
242 
246 
688 
242 
244 
246 
242 
240 
246 
244 
238 
242 
242 
240 
242 
242 
244 
244 
244 
40 
42 
44 
40 
42 
44 
242 
244 
434 
342 
224 
244 
242 
242 
224 
242 
670 
244 
246 
246 
246 
246 
242 
242 
238 
244 
242 
246 
242 
250 
242 
246 
240 
240 
236 
244 
242 
248 
244 
242 
244 
364 
244 
226 
242 
244 
242 
242 
242 
598 
242 
224 
244 
38 
40 
40 
44 
40 
40 
240 
242 
244 
242 
246 
238 
246 
242 
242 
220 
242 
240 
244 
244 
244 
338 
244 
218 
224 
240 
244 
238 
246 
584 
242 
226 
242 
240 
236 
246 
246 
242 
244 
246 
240 
244 
240 
240 
242 
244 
242 
240 
244 
244 
244 
246 
42 
44 
42 
40 
40 
246 
242 
244 
242 
202 
530 
242 
220 
242 
242 
206 
240 
242 
244 
244 
246 
246 
244 
242 
246 
242 
242 
248 
242 
224 
240 
244 
224 
246 
246 
232 
240 
226 
244 
244 
244 
240 
242 
448 
240 
224 
246 
242 
240 
244 
240 
40 
42 
44 
42 
42 
42 
42 
242 
244 
240 
242 
242 
246 
244 
246 
244 
246 
222 
246 
216 
238 
244 
242 
248 
244 
430 
240 
222 
246 
206 
242 
244 
238 
668 
240 
232 
242 
246 
242 
238 
244 
244 
244 
242 
228 
242 
244 
242 
244 
246 
244 
244 
242 
246 
244 
42 
40 
44 
44 
60 
42 
44 
42 
40 
242 
244 
594 
246 
222 
248 
246 
240 
240 
240 
244 
242 
242 
244 
246 
244 
242 
240 
244 
244 
240 
244 
246 
242 
242 
244 
246 
350 
240 
222 
202 
244 
244 
244 
242 
576 
246 
222 
246 
242 
242 
244 
244 
242 
240 
240 
40 
40 
44 
42 
40 
42 
40 
42 
42 
242 
240 
246 
240 
242 
270 
244 
224 
242 
242 
246 
242 
244 
504 
240 
224 
240 
244 
242 
242 
242 
242 
240 
242 
240 
244 
242 
240 
244 
244 
244 
244 
242 
244 
244 
246 
238 
244 
224 
246 
222 
246 
242 
242 
246 
246 
44 
40 
44 
38 
40 
40 
222 
244 
694 
242 
242 
246 
240 
242 
246 
224 
220 
244 
244 
242 
242 
244 
246 
242 
242 
224 
244 
220 
200 
246 
242 
246 
244 
432 
238 
220 
246 
246 
300 
240 
246 
686 
246 
208 
242 
240 
244 
240 
242 
246 
246 
240 
242 
44 
44 
40 
40 
44 
44 
242 
222 
244 
248 
242 
242 
244 
386 
242 
224 
256 
242 
238 
242 
246 
592 
244 
226 
244 
240 
242 
240 
238 
240 
202 
332 
242 
246 
240 
240 
246 
244 
242 
244 
244 
246 
242 
244 
242 
246 
340 
244 
224 
246 
244 
244 
248 
40 
42 
40 
42 
42 
246 
246 
246 
240 
246 
220 
246 
242 
242 
244 
242 
244 
246 
240 
240 
242 
242 
244 
244 
244 
242 
286 
242 
222 
242 
244 
202 
244 
240 
512 
244 
222 
206 
242 
242 
244 
240 
244 
244 
242 
244 
242 
240 
204 
242 
246 
40 
42 
44 
40 
42 
42 
40 
242 
242 
246 
222 
240 
240 
242 
242 
242 
480 
242 
220 
244 
240 
320 
242 
242 
696 
244 
244 
244 
242 
238 
244 
244 
240 
238 
236 
240 
242 
242 
240 
212 
240 
220 
242 
222 
244 
204 
246 
0 
0 
0 
242 
226 
244 
244 
246 
244 
244 
42 
44 
42 
44 
44 
42 
42 
42 
248 
248 
246 
244 
240 
248 
244 
242 
228 
242 
242 
224 
242 
244 
246 
222 
246 
346 
246 
224 
246 
242 
224 
242 
244 
582 
248 
228 
242 
246 
204 
244 
242 
244 
250 
246 
242 
244 
238 
246 
244 
248 
246 
246 
244 
244 
242 
244 
42 
42 
42 
42 
40 
244 
246 
244 
248 
248 
580 
244 
224 
244 
244 
244 
246 
242 
244 
242 
242 
244 
242 
244 
246 
244 
246 
244 
244 
244 
242 
242 
248 
246 
244 
262 
246 
220 
244 
332 
242 
248 
246 
202 
246 
222 
244 
244 
242 
204 
44 
42 
42 
44 
42 
42 
242 
244 
226 
242 
248 
242 
226 
248 
244 
242 
242 
244 
230 
246 
226 
220 
244 
244 
244 
246 
474 
244 
224 
246 
242 
248 
246 
248 
244 
242 
246 
240 
222 
244 
242 
244 
242 
244 
244 
242 
244 
246 
244 
242 
246 
224 
244 
46 
44 
44 
44 
44 
42 
438 
242 
228 
244 
244 
246 
250 
246 
650 
240 
244 
244 
226 
244 
244 
246 
246 
242 
246 
248 
250 
246 
248 
244 
242 
242 
242 
226 
246 
246 
246 
246 
330 
362 
246 
226 
246 
248 
236 
244 
248 
578 
344 
228 
246 
248 
248 
244 
46 
42 
42 
44 
42 
246 
244 
248 
246 
248 
244 
244 
246 
244 
246 
248 
242 
248 
358 
246 
220 
242 
242 
246 
250 
244 
642 
242 
238 
244 
246 
244 
244 
242 
246 
248 
246 
244 
248 
246 
244 
246 
246 
202 
242 
246 
250 
246 
242 
246 
244 
242 
42 
44 
42 
46 
46 
42 
44 
486 
246 
226 
246 
248 
246 
242 
246 
244 
248 
226 
244 
246 
246 
242 
244 
248 
244 
244 
246 
244 
212 
244 
244 
244 
222 
244 
226 
246 
246 
242 
240 
244 
480 
244 
228 
244 
240 
242 
244 
246 
696 
246 
244 
240 
226 
44 
42 
42 
46 
44 
246 
44 
244 
246 
244 
246 
244 
220 
244 
224 
248 
246 
244 
248 
242 
442 
248 
224 
248 
244 
246 
242 
242 
662 
242 
246 
244 
242 
242 
244 
206 
244 
246 
248 
244 
244 
244 
246 
244 
246 
248 
248 
224 
244 
244 
246 
244 
244 
362 
46 
46 
40 
44 
44 
44 
44 
578 
228 
230 
244 
242 
244 
246 
242 
244 
248 
246 
242 
242 
242 
244 
244 
242 
244 
244 
246 
246 
244 
244 
248 
248 
364 
248 
222 
248 
244 
242 
246 
246 
586 
242 
226 
244 
244 
248 
246 
248 
246 
240 
246 
242 
220 
246 
44 
42 
46 
42 
42 
244 
242 
244 
246 
246 
240 
278 
244 
224 
248 
226 
246 
244 
244 
500 
246 
228 
248 
246 
286 
248 
246 
244 
244 
242 
246 
242 
244 
246 
244 
244 
248 
248 
246 
246 
242 
204 
0 
0 
0 
244 
222 
238 
242 
246 
242 
248 
498 
244 
224 
246 
44 
40 
40 
40 
44 
40 
244 
238 
240 
220 
246 
242 
242 
246 
246 
242 
244 
242 
242 
240 
222 
224 
244 
224 
244 
246 
244 
238 
242 
440 
244 
218 
242 
244 
242 
202 
198 
658 
244 
246 
242 
244 
242 
204 
242 
242 
244 
244 
246 
204 
244 
244 
240 
242 
44 
44 
42 
40 
40 
40 
240 
246 
382 
244 
226 
242 
244 
248 
242 
240 
606 
246 
228 
242 
240 
240 
244 
244 
242 
238 
242 
242 
242 
242 
242 
244 
244 
242 
244 
244 
242 
242 
242 
242 
240 
364 
242 
218 
240 
244 
244 
248 
242 
602 
240 
226 
238 
40 
42 
38 
40 
42 
40 
242 
240 
242 
244 
246 
246 
242 
238 
240 
246 
242 
244 
244 
244 
238 
280 
242 
220 
244 
242 
242 
244 
242 
498 
242 
222 
244 
242 
244 
240 
244 
244 
242 
242 
246 
244 
240 
242 
240 
242 
244 
242 
244 
246 
236 
242 
42 
42 
42 
40 
42 
40 
240 
240 
242 
240 
494 
246 
222 
244 
240 
244 
244 
242 
244 
240 
244 
242 
242 
244 
242 
242 
242 
244 
242 
240 
240 
242 
246 
238 
244 
224 
246 
224 
248 
246 
244 
242 
238 
418 
242 
224 
240 
246 
244 
246 
240 
660 
40 
246 
0 
0 
0 
46 
42 
42 
42 
42 
44 
248 
246 
248 
244 
244 
244 
242 
224 
244 
244 
246 
246 
248 
364 
250 
224 
248 
244 
242 
246 
246 
600 
242 
224 
242 
242 
242 
242 
242 
246 
248 
244 
246 
0 
246 
244 
246 
244 
248 
242 
246 
248 
248 
246 
242 
248 
354 
242 
42 
42 
44 
48 
46 
244 
574 
246 
224 
244 
248 
250 
238 
246 
246 
242 
242 
244 
246 
246 
246 
242 
244 
242 
244 
244 
240 
246 
244 
246 
244 
260 
246 
224 
250 
246 
244 
246 
242 
500 
248 
222 
246 
248 
246 
242 
242 
244 
246 
246 
244 
244 
242 
44 
42 
42 
46 
42 
246 
244 
244 
242 
244 
242 
262 
244 
222 
246 
242 
246 
246 
244 
502 
244 
224 
242 
242 
242 
248 
246 
244 
242 
246 
246 
246 
248 
242 
244 
246 
244 
242 
244 
248 
246 
248 
246 
242 
220 
242 
228 
248 
246 
244 
244 
246 
424 
44 
44 
44 
44 
44 
44 
244 
654 
246 
242 
248 
248 
244 
248 
248 
244 
248 
242 
244 
244 
244 
246 
246 
244 
248 
246 
222 
244 
248 
242 
244 
244 
382 
244 
226 
246 
248 
246 
242 
242 
614 
246 
238 
246 
240 
244 
250 
240 
246 
242 
244 
246 
242 
40 
42 
240 
0 
0 
0 
44 
42 
242 
244 
244 
242 
376 
246 
220 
240 
238 
244 
246 
244 
580 
238 
222 
246 
248 
240 
244 
240 
244 
240 
240 
244 
242 
242 
238 
244 
240 
244 
242 
244 
242 
242 
240 
238 
240 
266 
240 
224 
242 
246 
244 
240 
242 
516 
244 
40 
40 
42 
40 
42 
244 
240 
242 
244 
242 
244 
244 
244 
244 
246 
244 
246 
242 
244 
242 
246 
242 
242 
254 
242 
222 
244 
242 
246 
244 
244 
478 
246 
226 
244 
242 
242 
244 
242 
240 
242 
242 
244 
244 
242 
246 
246 
242 
240 
240 
244 
44 
44 
40 
40 
42 
234 
240 
224 
240 
244 
246 
240 
248 
418 
240 
224 
242 
244 
244 
242 
204 
638 
242 
248 
244 
242 
240 
244 
242 
246 
244 
244 
242 
244 
244 
242 
244 
246 
246 
246 
220 
244 
240 
240 
242 
242 
392 
242 
224 
242 
242 
42 
40 
40 
42 
40 
42 
40 
244 
242 
246 
242 
242 
242 
242 
242 
238 
242 
242 
242 
244 
244 
242 
246 
244 
242 
244 
244 
240 
362 
242 
224 
242 
244 
242 
242 
244 
586 
240 
222 
246 
246 
242 
240 
242 
242 
244 
244 
242 
244 
248 
242 
244 
240 
38 
42 
40 
42 
40 
44 
240 
244 
256 
242 
220 
242 
240 
246 
242 
244 
510 
242 
226 
242 
242 
242 
242 
242 
244 
244 
246 
242 
244 
240 
242 
242 
244 
240 
240 
240 
244 
0 
0 
0 
242 
264 
242 
222 
246 
246 
244 
242 
248 
512 
244 
224 
246 
244 
246 
244 
42 
44 
44 
44 
42 
44 
250 
246 
244 
246 
242 
242 
246 
248 
248 
248 
246 
246 
226 
248 
228 
242 
246 
244 
244 
244 
420 
250 
226 
244 
242 
244 
242 
246 
654 
248 
244 
246 
246 
244 
244 
242 
244 
242 
246 
246 
242 
244 
244 
244 
244 
248 
246 
224 
42 
44 
44 
44 
44 
44 
246 
222 
244 
242 
246 
242 
246 
632 
246 
246 
246 
248 
244 
244 
246 
244 
244 
246 
244 
242 
244 
244 
244 
248 
244 
246 
240 
244 
246 
244 
248 
248 
364 
244 
228 
244 
244 
244 
250 
244 
588 
244 
226 
244 
244 
242 
244 
248 
44 
44 
44 
44 
44 
250 
244 
246 
248 
244 
264 
786 
328 
1076 
1990 
474 
3382 
2940 
244 
228 
246 
244 
244 
246 
244 
522 
246 
222 
246 
244 
244 
244 
244 
246 
246 
244 
244 
248 
246 
246 
246 
242 
244 
246 
242 
246 
246 
248 
242 
246 
262 
244 
220 
244 
246 
244 
244 
242 
42 
44 
44 
42 
44 
46 
244 
248 
706 
246 
250 
246 
248 
246 
244 
244 
240 
244 
244 
248 
246 
252 
242 
242 
242 
226 
244 
224 
246 
246 
244 
242 
244 
410 
246 
226 
244 
248 
242 
246 
246 
658 
244 
252 
244 
246 
244 
244 
246 
246 
242 
246 
246 
40 
42 
44 
42 
42 
190 
244 
224 
242 
244 
242 
246 
242 
390 
246 
224 
242 
244 
244 
248 
242 
648 
246 
224 
246 
244 
244 
246 
246 
244 
242 
246 
246 
246 
244 
246 
246 
246 
246 
244 
246 
244 
242 
244 
242 
246 
332 
248 
226 
244 
248 
244 
244 
242 
576 
44 
42 
44 
44 
46 
42 
40 
240 
244 
242 
244 
246 
244 
246 
248 
242 
246 
244 
248 
242 
248 
246 
242 
244 
274 
246 
222 
244 
244 
242 
246 
248 
518 
246 
230 
244 
248 
244 
244 
244 
242 
242 
242 
246 
248 
244 
246 
250 
248 
246 
244 
246 
248 
244 
248 
42 
44 
40 
48 
226 
244 
244 
244 
246 
246 
656 
242 
228 
242 
242 
246 
246 
244 
246 
244 
244 
248 
242 
242 
244 
244 
244 
246 
242 
248 
224 
244 
248 
246 
242 
222 
248 
228 
248 
242 
244 
248 
248 
406 
244 
226 
248 
244 
246 
246 
246 
44 
42 
44 
44 
42 
42 
244 
246 
244 
246 
252 
248 
246 
246 
244 
244 
244 
246 
248 
228 
244 
248 
244 
246 
244 
394 
246 
224 
244 
246 
242 
246 
248 
638 
242 
224 
242 
242 
242 
244 
226 
242 
242 
246 
246 
244 
244 
246 
246 
244 
224 
242 
244 
244 
44 
44 
44 
44 
42 
42 
44 
222 
248 
246 
244 
244 
568 
244 
224 
246 
242 
244 
246 
244 
244 
242 
246 
244 
244 
244 
242 
244 
244 
248 
246 
248 
244 
248 
248 
242 
246 
570 
242 
222 
244 
248 
244 
244 
244 
522 
242 
224 
248 
248 
242 
246 
244 
248 
248 
42 
44 
42 
42 
44 
42 
40 
248 
244 
240 
244 
248 
242 
242 
246 
268 
248 
228 
244 
244 
240 
246 
246 
506 
242 
226 
244 
244 
246 
244 
246 
700 
220 
242 
246 
246 
244 
242 
244 
224 
244 
248 
242 
244 
244 
250 
244 
242 
244 
242 
224 
242 
242 
242 
44 
44 
42 
48 
42 
42 
44 
42 
44 
242 
662 
244 
250 
244 
242 
246 
248 
242 
248 
244 
246 
242 
246 
244 
246 
246 
244 
250 
244 
230 
248 
246 
246 
244 
246 
396 
242 
226 
244 
246 
244 
242 
246 
218 
246 
222 
246 
272 
246 
250 
244 
246 
240 
246 
244 
244 
244 
42 
44 
42 
42 
42 
246 
244 
248 
248 
246 
242 
328 
244 
222 
244 
246 
246 
244 
242 
554 
246 
226 
242 
244 
244 
242 
244 
244 
242 
244 
246 
246 
244 
240 
244 
244 
248 
246 
244 
242 
242 
244 
248 
246 
288 
242 
226 
246 
242 
244 
246 
244 
44 
42 
44 
44 
44 
42 
246 
248 
246 
244 
246 
248 
246 
244 
244 
246 
224 
248 
246 
244 
242 
244 
244 
242 
246 
258 
242 
218 
248 
244 
242 
244 
726 
476 
248 
222 
246 
246 
248 
246 
246 
246 
244 
242 
244 
246 
246 
242 
250 
246 
246 
208 
206 
110 
160 
42 
44 
42 
222 
246 
224 
222 
242 
242 
242 
248 
434 
246 
224 
246 
248 
228 
210 
242 
652 
240 
248 
244 
242 
242 
242 
242 
246 
250 
248 
244 
246 
224 
246 
248 
244 
244 
244 
224 
222 
246 
244 
246 
248 
422 
244 
222 
244 
246 
242 
248 
42 
44 
44 
44 
44 
40 
44 
250 
242 
244 
246 
244 
242 
246 
246 
244 
246 
244 
246 
246 
242 
250 
244 
242 
242 
242 
346 
244 
222 
242 
242 
246 
248 
244 
552 
244 
224 
248 
242 
246 
244 
206 
244 
246 
228 
248 
248 
244 
240 
246 
242 
242 
244 
248 
246 
248 
42 
44 
44 
42 
44 
224 
244 
248 
244 
244 
244 
522 
244 
222 
246 
246 
246 
250 
246 
46 
44 
244 
250 
244 
244 
246 
228 
244 
244 
232 
242 
246 
296 
244 
244 
244 
248 
226 
220 
244 
246 
246 
246 
246 
494 
246 
226 
242 
246 
244 
244 
248 
40 
44 
42 
44 
44 
242 
244 
246 
246 
246 
248 
244 
244 
246 
244 
242 
242 
222 
248 
224 
244 
242 
242 
242 
246 
412 
246 
226 
246 
244 
246 
238 
248 
672 
252 
212 
246 
242 
242 
242 
242 
242 
248 
248 
246 
244 
244 
248 
242 
242 
244 
246 
224 
44 
44 
44 
44 
44 
42 
244 
226 
244 
248 
246 
246 
246 
636 
242 
226 
246 
246 
246 
246 
244 
246 
246 
246 
242 
248 
246 
246 
244 
244 
246 
246 
244 
244 
244 
244 
244 
246 
308 
244 
228 
248 
246 
248 
246 
244 
558 
246 
224 
242 
244 
244 
244 
196 
244 
42 
42 
40 
42 
42 
244 
244 
246 
246 
248 
242 
242 
242 
242 
244 
246 
298 
248 
226 
246 
244 
246 
246 
254 
524 
244 
224 
242 
246 
244 
252 
246 
246 
246 
242 
242 
246 
242 
244 
244 
244 
242 
244 
244 
248 
244 
246 
246 
244 
280 
242 
226 
248 
44 
46 
44 
44 
42 
244 
226 
226 
246 
248 
224 
246 
696 
244 
248 
248 
250 
242 
246 
248 
246 
204 
248 
248 
244 
244 
246 
242 
248 
242 
224 
224 
244 
246 
246 
248 
244 
432 
244 
228 
244 
244 
244 
240 
244 
660 
240 
244 
248 
242 
242 
244 
248 
246 
44 
44 
44 
44 
42 
42 
44 
246 
242 
244 
226 
246 
244 
242 
246 
242 
414 
242 
224 
244 
248 
244 
242 
244 
644 
244 
226 
246 
242 
244 
244 
242 
242 
242 
244 
248 
246 
248 
246 
242 
246 
244 
246 
242 
242 
244 
244 
252 
242 
326 
208 
228 
246 
244 
210 
244 
244 
44 
148 
42 
42 
46 
42 
42 
244 
242 
244 
246 
246 
246 
244 
246 
246 
246 
244 
244 
248 
244 
244 
246 
246 
246 
314 
242 
224 
246 
244 
244 
242 
242 
540 
246 
224 
244 
246 
248 
244 
244 
226 
244 
242 
244 
244 
246 
244 
240 
244 
244 
242 
242 
244 
44 
44 
40 
40 
44 
44 
224 
242 
230 
246 
242 
248 
486 
242 
212 
244 
246 
248 
246 
246 
694 
242 
244 
246 
246 
244 
244 
246 
242 
242 
242 
244 
246 
244 
248 
246 
244 
226 
246 
224 
244 
246 
246 
244 
246 
428 
248 
222 
246 
242 
244 
246 
246 
668 
44 
46 
46 
42 
44 
210 
244 
246 
244 
244 
246 
246 
244 
246 
246 
246 
224 
244 
226 
246 
242 
244 
246 
248 
416 
244 
226 
246 
244 
244 
246 
248 
658 
246 
222 
242 
244 
246 
248 
244 
244 
248 
244 
244 
246 
246 
246 
224 
244 
242 
248 
246 
246 
44 
40 
44 
44 
42 
244 
222 
242 
246 
242 
242 
244 
574 
254 
226 
250 
248 
244 
244 
246 
246 
248 
246 
242 
242 
244 
242 
246 
244 
240 
244 
248 
246 
242 
244 
248 
244 
322 
244 
226 
244 
248 
242 
240 
246 
544 
248 
224 
244 
242 
246 
246 
44 
44 
44 
44 
42 
44 
250 
244 
244 
252 
244 
242 
242 
246 
242 
244 
246 
244 
264 
244 
222 
248 
244 
244 
244 
240 
484 
242 
222 
246 
246 
244 
244 
246 
696 
244 
242 
246 
248 
242 
242 
246 
244 
336 
246 
248 
248 
244 
246 
248 
248 
226 
244 
44 
44 
46 
40 
42 
46 
434 
246 
230 
244 
244 
246 
244 
246 
678 
246 
250 
246 
242 
248 
248 
242 
244 
244 
246 
240 
242 
244 
248 
246 
244 
244 
240 
224 
244 
244 
244 
244 
242 
424 
242 
230 
246 
248 
246 
244 
246 
654 
244 
224 
242 
248 
242 
42 
44 
44 
44 
44 
42 
244 
248 
248 
246 
246 
244 
246 
244 
246 
244 
244 
244 
242 
334 
244 
226 
242 
210 
204 
242 
244 
576 
248 
226 
242 
240 
246 
246 
244 
246 
242 
244 
244 
248 
246 
242 
244 
248 
246 
242 
246 
246 
244 
244 
244 
248 
306 
42 
46 
44 
42 
42 
46 
44 
556 
244 
226 
244 
242 
242 
246 
248 
244 
244 
244 
244 
246 
250 
222 
244 
244 
244 
244 
242 
244 
246 
250 
244 
246 
262 
244 
222 
226 
228 
244 
246 
246 
472 
244 
226 
246 
244 
244 
244 
244 
698 
246 
244 
250 
246 
242 
246 
42 
42 
42 
42 
46 
44 
244 
246 
242 
246 
226 
242 
228 
250 
242 
246 
242 
248 
424 
248 
224 
244 
244 
246 
244 
244 
690 
244 
248 
242 
246 
242 
246 
252 
244 
242 
244 
226 
244 
248 
244 
246 
246 
242 
204 
226 
242 
246 
248 
246 
244 
418 
240 
42 
48 
44 
44 
44 
42 
44 
46 
40 
244 
248 
244 
244 
242 
246 
242 
242 
242 
246 
246 
260 
242 
242 
244 
248 
246 
254 
246 
246 
244 
244 
302 
246 
226 
244 
244 
242 
242 
202 
558 
250 
224 
244 
244 
246 
246 
244 
248 
242 
242 
244 
244 
242 
242 
244 
300 
46 
44 
42 
42 
42 
42 
42 
244 
280 
246 
226 
246 
244 
246 
248 
244 
560 
248 
228 
238 
244 
244 
248 
242 
242 
244 
246 
244 
246 
244 
246 
244 
244 
242 
244 
244 
244 
244 
244 
244 
246 
264 
242 
224 
244 
244 
244 
242 
244 
474 
214 
224 
242 
244 
244 
42 
44 
44 
44 
44 
42 
244 
244 
244 
226 
206 
246 
248 
244 
242 
242 
246 
242 
242 
224 
244 
226 
242 
246 
244 
242 
308 
440 
244 
226 
246 
244 
244 
244 
244 
696 
242 
224 
246 
248 
248 
246 
226 
224 
244 
248 
246 
246 
248 
244 
246 
244 
246 
244 
44 
42 
42 
46 
44 
44 
416 
246 
224 
244 
228 
246 
242 
244 
632 
242 
226 
242 
244 
246 
242 
242 
244 
246 
244 
248 
250 
244 
246 
244 
246 
246 
242 
248 
244 
242 
254 
244 
246 
326 
244 
226 
246 
246 
244 
246 
246 
548 
242 
222 
246 
246 
242 
42 
44 
42 
42 
44 
242 
242 
244 
246 
246 
246 
246 
246 
204 
212 
240 
280 
242 
0 
0 
0 
278 
166 
246 
212 
228 
228 
212 
206 
218 
246 
244 
244 
244 
244 
242 
240 
242 
246 
242 
244 
244 
244 
242 
242 
242 
246 
246 
242 
242 
240 
246 
260 
244 
224 
48 
42 
40 
42 
38 
40 
42 
42 
42 
242 
244 
244 
224 
696 
244 
242 
224 
244 
240 
222 
240 
242 
224 
246 
242 
242 
240 
242 
244 
246 
234 
242 
228 
238 
240 
242 
238 
238 
446 
242 
224 
240 
240 
242 
244 
246 
700 
240 
242 
238 
246 
224 
248 
248 
246 
246 
42 
40 
40 
40 
40 
40 
42 
228 
244 
222 
246 
248 
242 
242 
222 
430 
242 
222 
244 
244 
246 
244 
246 
646 
238 
228 
244 
240 
248 
240 
242 
240 
248 
242 
246 
244 
244 
248 
244 
240 
246 
244 
240 
242 
242 
242 
238 
240 
354 
244 
222 
244 
44 
40 
42 
42 
42 
40 
42 
244 
242 
240 
240 
242 
242 
246 
242 
244 
242 
234 
246 
242 
240 
238 
244 
222 
244 
244 
246 
246 
244 
338 
244 
222 
246 
246 
246 
238 
244 
560 
244 
224 
242 
244 
244 
242 
244 
242 
202 
242 
242 
244 
246 
244 
244 
40 
40 
46 
42 
40 
246 
244 
244 
242 
242 
242 
224 
250 
244 
238 
240 
242 
468 
242 
220 
244 
240 
244 
244 
222 
244 
242 
242 
246 
244 
244 
242 
244 
242 
240 
242 
222 
240 
244 
242 
244 
240 
220 
242 
224 
242 
244 
246 
240 
244 
460 
38 
42 
42 
38 
42 
42 
40 
696 
242 
240 
246 
244 
244 
242 
244 
244 
240 
238 
242 
240 
244 
240 
242 
242 
244 
248 
224 
244 
250 
240 
252 
252 
252 
240 
220 
244 
244 
244 
222 
330 
612 
244 
226 
242 
248 
238 
238 
244 
242 
242 
244 
240 
242 
242 
242 
42 
40 
38 
40 
40 
42 
38 
242 
204 
240 
328 
246 
222 
244 
236 
238 
244 
242 
582 
242 
222 
246 
242 
242 
244 
240 
242 
240 
244 
244 
246 
242 
244 
244 
246 
240 
238 
244 
242 
242 
242 
244 
242 
328 
242 
222 
224 
240 
244 
242 
242 
554 
222 
224 
42 
42 
40 
40 
42 
40 
242 
242 
244 
394 
242 
244 
240 
248 
246 
240 
242 
242 
240 
240 
242 
246 
246 
244 
228 
248 
244 
242 
204 
246 
470 
246 
222 
244 
242 
246 
242 
244 
244 
242 
246 
244 
242 
244 
242 
242 
242 
244 
240 
244 
244 
220 
44 
42 
40 
42 
40 
222 
242 
244 
248 
240 
246 
446 
240 
220 
238 
242 
242 
244 
244 
238 
242 
240 
240 
244 
246 
244 
244 
244 
244 
246 
240 
248 
242 
244 
244 
240 
250 
244 
226 
242 
242 
244 
244 
244 
410 
244 
224 
246 
202 
240 
240 
240 
228 
0 
0 
242 
42 
42 
44 
42 
44 
248 
250 
244 
226 
246 
246 
242 
246 
246 
228 
286 
244 
248 
222 
246 
248 
342 
250 
228 
244 
244 
244 
244 
226 
590 
248 
224 
246 
246 
246 
244 
246 
248 
244 
244 
240 
244 
244 
246 
248 
242 
244 
244 
246 
242 
246 
244 
42 
138 
42 
44 
40 
42 
242 
244 
248 
246 
552 
248 
224 
244 
246 
242 
246 
242 
244 
246 
246 
244 
242 
244 
242 
246 
246 
246 
246 
248 
246 
246 
244 
244 
246 
224 
340 
222 
244 
246 
244 
216 
248 
470 
242 
226 
246 
244 
244 
246 
246 
694 
244 
246 
46 
42 
44 
44 
42 
44 
246 
246 
244 
244 
246 
248 
246 
204 
226 
240 
224 
248 
246 
244 
242 
244 
486 
248 
224 
248 
248 
246 
242 
242 
694 
248 
244 
244 
246 
244 
242 
248 
246 
242 
240 
246 
244 
246 
248 
246 
244 
472 
246 
228 
248 
246 
246 
246 
44 
42 
42 
44 
246 
246 
244 
242 
244 
616 
246 
226 
244 
242 
244 
248 
246 
242 
246 
242 
242 
244 
246 
242 
238 
246 
244 
248 
224 
246 
248 
246 
226 
248 
356 
246 
228 
244 
242 
244 
248 
246 
600 
244 
224 
244 
240 
242 
242 
246 
246 
52 
46 
42 
44 
44 
42 
46 
44 
246 
246 
246 
246 
242 
242 
244 
246 
344 
246 
200 
244 
246 
246 
242 
246 
558 
246 
226 
248 
242 
244 
242 
246 
244 
226 
244 
242 
242 
0 
0 
0 
238 
242 
246 
244 
246 
244 
244 
240 
246 
244 
244 
222 
242 
246 
244 
242 
238 
468 
242 
44 
42 
46 
42 
42 
40 
246 
242 
246 
240 
240 
240 
244 
242 
240 
206 
244 
244 
242 
244 
246 
242 
244 
226 
244 
224 
240 
240 
242 
242 
242 
454 
248 
220 
242 
236 
242 
244 
242 
682 
240 
240 
244 
224 
244 
240 
240 
244 
238 
238 
224 
242 
244 
240 
42 
40 
42 
42 
42 
40 
242 
248 
242 
238 
400 
244 
222 
248 
242 
204 
242 
242 
612 
246 
234 
244 
242 
240 
204 
246 
240 
240 
242 
246 
244 
242 
224 
240 
246 
246 
248 
220 
248 
234 
244 
244 
244 
338 
242 
222 
242 
244 
242 
240 
242 
612 
244 
40 
44 
42 
38 
40 
42 
724 
242 
246 
244 
244 
244 
248 
244 
242 
208 
244 
244 
242 
248 
240 
244 
242 
310 
240 
222 
244 
242 
248 
244 
244 
572 
200 
222 
242 
244 
202 
240 
244 
242 
240 
244 
240 
244 
244 
242 
292 
240 
248 
246 
224 
42 
42 
42 
42 
40 
42 
40 
40 
40 
242 
242 
242 
240 
498 
250 
220 
242 
242 
244 
244 
246 
700 
244 
244 
240 
242 
238 
244 
242 
246 
240 
242 
242 
244 
240 
230 
244 
248 
252 
212 
224 
242 
244 
242 
242 
242 
472 
246 
222 
242 
244 
242 
244 
240 
694 
38 
38 
244 
240 
248 
242 
242 
244 
238 
228 
244 
244 
240 
240 
244 
242 
218 
220 
222 
244 
244 
246 
214 
246 
402 
242 
222 
244 
242 
244 
242 
242 
640 
246 
224 
246 
242 
242 
242 
244 
202 
204 
242 
244 
242 
246 
240 
246 
242 
244 
244 
222 
206 
222 
220 
222 
204 
376 
204 
222 
204 
244 
204 
242 
206 
620 
240 
220 
220 
244 
240 
242 
204 
222 
202 
226 
202 
242 
242 
206 
206 
244 
238 
246 
242 
244 
244 
212 
242 
240 
318 
242 
220 
244 
212 
244 
224 
224 
528 
214 
220 
224 
222 
232 
242 
242 
226 
224 
242 
246 
214 
240 
272 
246 
244 
522 
206 
200 
204 
244 
202 
210 
202 
388 
220 
226 
254 
246 
220 
224 
228 
470 
382 
206 
228 
222 
324 
220 
248 
248 
242 
254 
220 
210 
206 
210 
382 
246 
248 
246 
246 
238 
208 
262 
216 
248 
238 
258 
232 
214 
248 
216 
204 
254 
456 
226 
210 
246 
248 
250 
212 
304 
654 
284 
226 
246 
250 
246 
246 
254 
210 
228 
242 
228 
252 
262 
250 
256 
206 
230 
256 
256 
254 
346 
250 
244 
250 
338 
250 
230 
256 
226 
246 
252 
204 
574 
234 
226 
244 
248 
250 
226 
242 
246 
252 
254 
242 
246 
250 
230 
246 
270 
202 
234 
248 
254 
248 
246 
244 
256 
358 
262 
228 
256 
228 
252 
208 
212 
720 
242 
222 
202 
242 
240 
240 
244 
244 
244 
240 
244 
244 
244 
