# FR-trace starting at Tue Apr 20 17:43:47 2021
################# CONFIG #################
# slot=9000
# samples=5000
# threshold=100
# idle=500
# minlen=500
# runs=60000
# pdathreads=3
# nmonitored=1
#   monitor0=/usr/local/lib/libcrypto.so 770062 0xbc00e
# nevicted=0
# npdatargets=1
#   target0=/usr/local/lib/libcrypto.so 750148 0xb7244
# affinity=all
############## SYSTEM INFO ###############
# mastik_version=
# sysname=Linux
# nodename=0b12265572f4
# release=5.8.0-50-generic
# version=#56~20.04.1-Ubuntu SMP Mon Apr 12 21:46:35 UTC 2021
# machine=x86_64
################## DATA ##################
# run=1
# datapoints=5000
46 
246 
246 
252 
250 
248 
242 
246 
244 
248 
250 
250 
246 
250 
248 
248 
246 
228 
246 
248 
44 
246 
44 
46 
44 
224 
44 
224 
244 
248 
246 
618 
244 
228 
248 
244 
246 
246 
248 
244 
246 
248 
44 
246 
246 
244 
246 
248 
246 
246 
246 
246 
242 
244 
244 
248 
338 
246 
226 
244 
248 
248 
250 
248 
570 
248 
226 
248 
244 
248 
248 
242 
252 
246 
250 
48 
44 
44 
44 
48 
44 
244 
46 
46 
244 
278 
248 
246 
248 
254 
244 
228 
248 
248 
248 
248 
248 
502 
246 
226 
244 
248 
244 
250 
246 
248 
248 
248 
246 
244 
246 
246 
246 
246 
248 
250 
250 
244 
248 
246 
246 
246 
266 
246 
226 
244 
250 
242 
248 
246 
474 
224 
224 
46 
246 
44 
44 
44 
46 
44 
248 
46 
246 
250 
248 
204 
244 
246 
246 
244 
246 
248 
242 
250 
246 
226 
244 
228 
246 
248 
246 
244 
250 
412 
224 
228 
248 
248 
246 
244 
244 
644 
250 
246 
244 
248 
244 
246 
280 
248 
244 
248 
252 
248 
246 
246 
248 
248 
242 
248 
226 
46 
44 
46 
44 
46 
376 
46 
44 
46 
244 
246 
250 
212 
618 
248 
224 
242 
246 
246 
248 
248 
242 
246 
248 
244 
252 
244 
248 
246 
246 
244 
248 
244 
250 
242 
246 
250 
248 
364 
246 
230 
246 
244 
246 
244 
246 
568 
244 
224 
248 
244 
250 
246 
246 
248 
244 
242 
48 
44 
48 
46 
44 
244 
46 
246 
248 
250 
246 
246 
246 
246 
256 
244 
228 
246 
244 
248 
242 
248 
516 
246 
208 
244 
244 
242 
248 
246 
244 
230 
250 
244 
246 
226 
246 
226 
246 
244 
248 
246 
248 
246 
250 
248 
726 
248 
246 
226 
244 
242 
248 
244 
246 
46 
244 
46 
48 
46 
44 
44 
46 
248 
0 
0 
0 
246 
252 
248 
252 
246 
248 
244 
248 
548 
250 
246 
250 
250 
248 
248 
226 
250 
252 
250 
252 
244 
398 
248 
234 
254 
250 
248 
248 
248 
628 
246 
248 
248 
246 
250 
246 
248 
250 
248 
252 
250 
250 
248 
250 
250 
246 
248 
248 
234 
46 
44 
46 
48 
46 
48 
254 
230 
246 
226 
288 
244 
250 
606 
250 
244 
246 
248 
248 
246 
246 
252 
248 
244 
250 
252 
228 
248 
254 
246 
248 
244 
246 
248 
250 
248 
244 
250 
338 
248 
228 
246 
248 
250 
246 
244 
582 
250 
226 
248 
250 
250 
246 
244 
248 
248 
250 
242 
46 
248 
48 
46 
46 
48 
252 
246 
248 
248 
248 
248 
250 
254 
248 
226 
248 
248 
248 
248 
244 
492 
250 
228 
224 
244 
726 
244 
248 
254 
254 
248 
252 
250 
246 
252 
250 
250 
246 
250 
246 
250 
248 
246 
252 
248 
256 
248 
228 
244 
228 
246 
246 
252 
476 
248 
228 
248 
46 
48 
44 
48 
44 
246 
46 
46 
48 
46 
250 
248 
246 
250 
246 
252 
248 
252 
252 
248 
246 
228 
248 
232 
250 
248 
248 
252 
248 
412 
250 
230 
248 
248 
248 
250 
252 
642 
208 
210 
248 
246 
206 
248 
248 
248 
248 
250 
246 
248 
246 
244 
246 
246 
248 
254 
228 
248 
248 
252 
248 
48 
382 
48 
48 
248 
50 
48 
46 
46 
46 
48 
46 
250 
250 
250 
246 
252 
246 
246 
248 
248 
246 
252 
252 
250 
248 
252 
248 
246 
228 
246 
248 
246 
250 
352 
254 
228 
246 
244 
246 
252 
250 
572 
246 
228 
250 
248 
250 
248 
246 
246 
250 
246 
246 
250 
248 
246 
246 
248 
250 
244 
248 
248 
248 
46 
48 
46 
310 
256 
46 
244 
248 
290 
248 
246 
514 
250 
228 
246 
250 
246 
244 
246 
206 
246 
252 
250 
246 
250 
248 
250 
250 
250 
250 
246 
242 
246 
248 
252 
252 
254 
248 
228 
246 
230 
246 
250 
250 
478 
252 
228 
244 
254 
248 
250 
248 
208 
248 
250 
244 
46 
48 
126 
252 
48 
48 
50 
246 
250 
250 
250 
250 
250 
246 
250 
230 
248 
248 
252 
250 
246 
406 
250 
230 
250 
246 
250 
250 
248 
632 
250 
254 
250 
250 
246 
248 
248 
250 
244 
246 
246 
248 
228 
228 
248 
250 
252 
250 
228 
246 
250 
250 
248 
210 
388 
252 
224 
48 
46 
46 
46 
48 
674 
248 
228 
248 
250 
248 
252 
252 
248 
246 
244 
246 
250 
248 
244 
246 
250 
250 
248 
250 
246 
252 
246 
248 
248 
342 
250 
224 
226 
250 
220 
226 
248 
560 
250 
230 
246 
248 
250 
228 
246 
244 
226 
248 
246 
250 
248 
248 
250 
250 
252 
248 
44 
46 
48 
48 
314 
48 
48 
248 
232 
248 
246 
250 
248 
248 
500 
252 
230 
246 
246 
252 
250 
250 
252 
246 
246 
248 
250 
252 
250 
246 
250 
250 
248 
250 
250 
248 
250 
252 
246 
264 
246 
228 
246 
248 
250 
248 
246 
494 
226 
228 
246 
248 
224 
246 
244 
706 
248 
246 
44 
48 
46 
50 
46 
50 
48 
248 
46 
248 
242 
250 
250 
246 
248 
252 
228 
248 
246 
248 
248 
250 
420 
248 
234 
248 
248 
248 
250 
248 
640 
252 
254 
248 
246 
248 
246 
246 
246 
246 
252 
248 
248 
248 
250 
254 
248 
248 
228 
228 
246 
248 
252 
250 
246 
382 
250 
232 
228 
48 
46 
48 
52 
48 
46 
228 
248 
248 
244 
250 
248 
246 
250 
248 
250 
246 
246 
248 
250 
248 
246 
246 
244 
250 
250 
252 
248 
248 
334 
246 
226 
250 
246 
246 
250 
248 
560 
246 
238 
246 
214 
246 
246 
248 
252 
228 
248 
250 
248 
248 
248 
248 
252 
250 
246 
46 
46 
48 
210 
248 
48 
278 
250 
226 
244 
252 
246 
248 
250 
530 
246 
230 
246 
246 
248 
248 
246 
248 
250 
248 
250 
246 
246 
252 
244 
246 
212 
246 
250 
246 
252 
252 
248 
252 
270 
248 
228 
248 
244 
246 
252 
246 
490 
248 
228 
250 
248 
246 
250 
246 
46 
48 
50 
48 
52 
46 
198 
252 
250 
250 
250 
250 
250 
250 
244 
244 
248 
246 
250 
228 
244 
252 
246 
248 
250 
486 
250 
228 
246 
246 
246 
244 
248 
640 
250 
250 
250 
244 
244 
248 
248 
250 
246 
244 
246 
250 
248 
250 
250 
246 
248 
252 
228 
248 
246 
246 
250 
250 
48 
46 
48 
248 
48 
46 
248 
250 
648 
250 
228 
248 
248 
248 
250 
248 
252 
248 
246 
226 
254 
252 
250 
248 
248 
248 
250 
250 
250 
248 
248 
246 
252 
326 
250 
228 
246 
246 
246 
244 
246 
550 
248 
228 
248 
250 
246 
246 
250 
248 
248 
248 
248 
248 
240 
240 
48 
46 
46 
46 
250 
48 
46 
252 
252 
250 
266 
228 
230 
250 
246 
246 
248 
248 
606 
248 
230 
248 
226 
248 
250 
248 
246 
248 
248 
244 
248 
246 
252 
248 
248 
252 
248 
244 
248 
250 
250 
252 
246 
264 
250 
226 
246 
220 
252 
246 
248 
484 
252 
228 
248 
252 
248 
46 
46 
48 
46 
250 
44 
50 
254 
246 
246 
250 
248 
250 
250 
250 
246 
246 
246 
250 
250 
248 
228 
250 
246 
244 
244 
248 
412 
248 
228 
250 
246 
252 
246 
246 
638 
248 
214 
248 
252 
248 
252 
210 
246 
246 
250 
254 
248 
250 
248 
248 
250 
250 
244 
252 
246 
248 
250 
246 
44 
410 
46 
46 
46 
48 
46 
246 
246 
644 
252 
226 
246 
248 
252 
226 
250 
250 
244 
252 
246 
246 
246 
218 
252 
248 
250 
250 
252 
252 
246 
252 
248 
250 
324 
250 
228 
248 
244 
250 
250 
246 
546 
248 
232 
206 
250 
246 
208 
248 
244 
250 
248 
228 
246 
248 
248 
46 
46 
46 
50 
186 
248 
48 
248 
248 
246 
254 
230 
232 
248 
246 
250 
248 
248 
530 
248 
226 
226 
252 
250 
250 
252 
248 
248 
248 
250 
248 
248 
250 
250 
252 
206 
248 
246 
246 
248 
246 
252 
246 
256 
244 
234 
250 
248 
250 
246 
250 
484 
248 
228 
248 
250 
246 
48 
46 
50 
246 
48 
46 
48 
248 
226 
250 
246 
248 
246 
248 
230 
248 
246 
246 
244 
244 
248 
230 
246 
252 
246 
246 
248 
552 
250 
230 
250 
250 
246 
250 
244 
642 
314 
250 
214 
248 
248 
250 
250 
252 
252 
252 
246 
250 
246 
246 
248 
246 
252 
250 
226 
246 
248 
250 
244 
46 
46 
50 
228 
48 
48 
248 
250 
250 
638 
248 
226 
250 
246 
230 
252 
250 
246 
250 
250 
244 
248 
246 
248 
250 
256 
246 
252 
246 
246 
248 
254 
212 
208 
324 
248 
226 
246 
248 
252 
248 
242 
554 
246 
224 
246 
248 
248 
246 
248 
248 
252 
250 
248 
250 
246 
80 
246 
44 
50 
48 
244 
48 
248 
242 
246 
252 
312 
248 
228 
248 
248 
246 
246 
248 
516 
248 
230 
252 
246 
250 
244 
248 
254 
252 
248 
252 
244 
252 
248 
226 
244 
246 
248 
248 
246 
248 
250 
252 
0 
244 
248 
228 
246 
250 
248 
248 
246 
470 
248 
208 
250 
250 
48 
46 
46 
48 
46 
48 
46 
250 
246 
246 
248 
208 
248 
246 
246 
246 
250 
246 
248 
250 
246 
254 
228 
246 
248 
222 
248 
246 
422 
248 
224 
248 
248 
246 
250 
248 
654 
246 
248 
246 
248 
248 
248 
244 
250 
248 
246 
248 
248 
248 
248 
246 
248 
252 
246 
224 
246 
246 
48 
48 
252 
44 
46 
46 
200 
250 
248 
252 
250 
210 
250 
224 
250 
210 
246 
248 
246 
210 
220 
250 
248 
256 
252 
248 
250 
250 
248 
246 
246 
254 
250 
248 
254 
248 
294 
260 
226 
246 
246 
244 
248 
248 
538 
250 
228 
244 
252 
248 
248 
246 
254 
246 
246 
248 
248 
248 
46 
46 
52 
46 
284 
246 
208 
248 
250 
246 
246 
290 
248 
222 
244 
246 
250 
252 
250 
558 
252 
228 
264 
248 
250 
252 
252 
246 
246 
248 
248 
246 
250 
252 
250 
250 
252 
246 
248 
246 
252 
248 
246 
250 
364 
248 
228 
248 
244 
212 
244 
248 
472 
248 
206 
252 
246 
46 
46 
46 
48 
46 
48 
248 
246 
248 
248 
248 
248 
250 
246 
250 
252 
244 
248 
252 
246 
230 
240 
228 
246 
246 
248 
294 
250 
426 
250 
228 
252 
0 
0 
0 
246 
680 
248 
246 
248 
250 
246 
244 
250 
246 
248 
244 
228 
250 
244 
228 
246 
242 
228 
246 
226 
242 
44 
244 
46 
44 
44 
44 
224 
246 
250 
246 
244 
246 
644 
244 
226 
248 
248 
246 
248 
244 
248 
242 
248 
248 
246 
244 
246 
248 
242 
250 
246 
248 
246 
244 
248 
244 
246 
316 
248 
228 
248 
248 
246 
250 
244 
556 
250 
228 
244 
250 
248 
248 
240 
246 
250 
46 
44 
44 
44 
50 
244 
246 
244 
244 
244 
242 
244 
250 
250 
242 
320 
244 
226 
246 
246 
248 
248 
250 
552 
244 
228 
246 
250 
244 
246 
248 
248 
246 
248 
246 
248 
244 
244 
248 
244 
248 
246 
246 
244 
248 
244 
244 
244 
260 
242 
226 
246 
248 
248 
44 
46 
46 
48 
44 
46 
246 
244 
242 
244 
702 
246 
254 
248 
246 
244 
250 
242 
246 
248 
246 
246 
246 
248 
244 
250 
244 
232 
248 
224 
250 
250 
246 
250 
244 
444 
246 
228 
244 
248 
242 
248 
244 
686 
248 
246 
242 
248 
242 
248 
246 
244 
244 
248 
248 
248 
46 
46 
44 
48 
44 
246 
224 
248 
246 
246 
246 
248 
408 
248 
224 
246 
244 
252 
250 
244 
630 
46 
228 
246 
246 
244 
246 
248 
242 
246 
248 
244 
248 
248 
242 
244 
242 
244 
246 
246 
246 
244 
244 
244 
250 
342 
244 
228 
250 
244 
244 
248 
242 
244 
0 
0 
0 
246 
248 
248 
48 
48 
46 
46 
50 
246 
48 
248 
244 
248 
244 
244 
250 
246 
252 
250 
252 
250 
316 
250 
226 
250 
246 
246 
244 
248 
548 
250 
230 
248 
248 
246 
252 
246 
248 
250 
244 
244 
250 
246 
244 
248 
248 
246 
248 
248 
248 
246 
250 
248 
246 
240 
248 
228 
250 
248 
46 
48 
86 
518 
250 
46 
250 
248 
246 
250 
248 
702 
248 
250 
248 
250 
248 
252 
244 
250 
246 
250 
250 
248 
246 
254 
246 
246 
244 
244 
228 
252 
246 
252 
246 
250 
424 
250 
228 
252 
246 
726 
246 
246 
686 
252 
248 
252 
246 
248 
250 
248 
248 
246 
244 
252 
246 
48 
46 
46 
50 
202 
248 
48 
250 
248 
252 
250 
248 
398 
244 
228 
248 
248 
252 
250 
248 
640 
248 
230 
248 
248 
252 
248 
242 
248 
246 
248 
248 
248 
250 
246 
248 
248 
246 
250 
248 
248 
248 
248 
248 
248 
314 
246 
230 
252 
248 
248 
252 
248 
570 
248 
224 
246 
48 
48 
46 
48 
50 
48 
250 
250 
250 
248 
250 
250 
248 
248 
254 
250 
248 
252 
246 
250 
252 
308 
250 
230 
248 
248 
248 
248 
252 
548 
248 
228 
246 
246 
252 
248 
244 
252 
250 
252 
248 
250 
250 
248 
246 
246 
246 
250 
248 
248 
250 
250 
248 
248 
238 
248 
46 
48 
46 
46 
46 
248 
472 
250 
228 
248 
246 
246 
248 
246 
704 
248 
252 
246 
248 
252 
248 
252 
252 
246 
246 
250 
248 
250 
250 
248 
246 
250 
252 
226 
244 
248 
248 
248 
250 
442 
246 
232 
250 
250 
248 
246 
252 
670 
244 
250 
248 
248 
252 
250 
246 
246 
46 
46 
46 
52 
48 
282 
248 
46 
252 
246 
230 
250 
246 
252 
250 
250 
394 
250 
226 
250 
248 
248 
250 
248 
638 
250 
230 
246 
246 
250 
248 
244 
248 
246 
248 
254 
246 
248 
246 
246 
254 
244 
250 
250 
244 
248 
248 
244 
244 
342 
254 
230 
254 
250 
250 
248 
250 
570 
46 
46 
252 
50 
48 
50 
46 
248 
248 
246 
248 
250 
246 
250 
248 
248 
246 
252 
250 
250 
248 
248 
246 
246 
322 
248 
228 
248 
246 
248 
252 
250 
544 
248 
226 
252 
248 
244 
244 
246 
248 
250 
244 
248 
252 
250 
250 
246 
246 
246 
246 
244 
248 
246 
246 
248 
252 
50 
46 
232 
46 
46 
46 
246 
248 
468 
250 
232 
248 
252 
246 
248 
248 
696 
252 
252 
252 
250 
252 
248 
248 
252 
248 
250 
250 
250 
248 
244 
246 
252 
236 
250 
228 
246 
244 
248 
248 
252 
462 
250 
228 
248 
250 
248 
248 
250 
702 
250 
250 
252 
248 
250 
250 
46 
44 
48 
50 
46 
248 
246 
254 
250 
250 
250 
248 
228 
248 
250 
244 
254 
250 
408 
246 
230 
246 
250 
246 
248 
250 
618 
246 
228 
250 
246 
252 
250 
250 
246 
246 
250 
248 
248 
248 
248 
246 
250 
244 
248 
246 
248 
248 
248 
248 
248 
340 
248 
230 
248 
246 
250 
52 
46 
46 
50 
46 
248 
248 
250 
248 
248 
252 
250 
252 
248 
244 
250 
248 
252 
248 
250 
246 
246 
250 
246 
248 
248 
252 
312 
250 
228 
252 
248 
246 
248 
246 
550 
246 
228 
246 
250 
246 
246 
246 
246 
246 
252 
250 
248 
246 
252 
246 
252 
246 
248 
250 
252 
246 
48 
46 
48 
298 
254 
44 
48 
254 
246 
252 
250 
476 
250 
228 
246 
252 
246 
248 
248 
702 
252 
250 
248 
250 
248 
244 
248 
248 
248 
250 
248 
250 
248 
250 
246 
248 
230 
244 
228 
260 
432 
3804 
1002 
1936 
266 
1906 
378 
252 
248 
248 
246 
252 
688 
246 
252 
248 
246 
246 
250 
246 
248 
246 
48 
248 
48 
46 
48 
46 
248 
46 
246 
228 
246 
250 
248 
250 
248 
384 
248 
234 
248 
250 
246 
250 
246 
620 
246 
226 
248 
246 
250 
248 
248 
246 
250 
248 
252 
248 
246 
250 
252 
248 
252 
252 
252 
248 
250 
248 
250 
250 
326 
250 
228 
250 
248 
250 
250 
248 
576 
48 
48 
248 
50 
46 
50 
46 
46 
250 
50 
248 
246 
246 
250 
248 
252 
250 
248 
246 
250 
250 
248 
246 
250 
326 
244 
228 
246 
248 
244 
246 
250 
560 
250 
226 
244 
246 
250 
248 
248 
244 
252 
248 
246 
252 
252 
248 
244 
250 
248 
250 
250 
246 
248 
244 
250 
246 
228 
246 
226 
46 
250 
48 
46 
46 
46 
48 
230 
248 
252 
250 
252 
246 
698 
250 
246 
246 
248 
246 
252 
248 
244 
250 
252 
248 
248 
246 
250 
250 
244 
228 
250 
228 
248 
248 
250 
248 
248 
446 
246 
234 
250 
248 
250 
248 
248 
694 
248 
250 
248 
250 
248 
248 
248 
248 
248 
246 
46 
48 
46 
104 
246 
46 
248 
244 
248 
248 
250 
246 
246 
246 
392 
250 
230 
248 
248 
250 
252 
244 
604 
246 
230 
250 
246 
248 
252 
248 
252 
252 
248 
246 
248 
254 
250 
248 
250 
246 
246 
244 
250 
250 
244 
250 
250 
350 
254 
226 
246 
248 
248 
248 
246 
586 
44 
228 
48 
44 
50 
248 
252 
250 
252 
246 
246 
248 
248 
248 
248 
244 
248 
254 
246 
250 
250 
246 
248 
248 
334 
248 
230 
244 
244 
244 
250 
246 
552 
248 
234 
248 
252 
248 
248 
248 
248 
248 
248 
252 
252 
250 
248 
246 
248 
248 
246 
250 
252 
246 
248 
250 
48 
230 
46 
48 
46 
50 
248 
46 
250 
482 
250 
226 
248 
248 
248 
250 
248 
704 
250 
250 
246 
246 
246 
244 
248 
248 
252 
248 
252 
248 
248 
246 
246 
248 
298 
248 
228 
246 
250 
250 
206 
246 
472 
250 
226 
250 
248 
246 
250 
250 
702 
250 
250 
248 
246 
244 
246 
254 
250 
50 
248 
46 
44 
48 
46 
248 
248 
248 
248 
222 
248 
246 
248 
250 
246 
388 
210 
234 
248 
248 
250 
250 
252 
604 
248 
230 
254 
246 
246 
250 
248 
250 
248 
244 
252 
248 
252 
248 
246 
250 
250 
252 
226 
248 
266 
248 
250 
252 
354 
248 
230 
248 
242 
250 
246 
246 
580 
244 
46 
48 
46 
50 
46 
46 
252 
248 
252 
246 
206 
248 
250 
250 
244 
248 
250 
250 
250 
248 
250 
250 
46 
318 
252 
230 
246 
230 
250 
248 
250 
534 
246 
230 
246 
248 
250 
246 
246 
248 
246 
248 
248 
250 
248 
250 
248 
248 
250 
250 
248 
250 
250 
246 
250 
252 
46 
44 
226 
46 
48 
46 
48 
250 
466 
248 
230 
250 
248 
210 
250 
250 
698 
248 
246 
250 
250 
250 
248 
250 
252 
250 
246 
246 
246 
250 
250 
248 
252 
242 
246 
228 
248 
210 
250 
250 
250 
464 
248 
228 
250 
248 
246 
246 
250 
680 
248 
254 
250 
250 
248 
252 
252 
250 
246 
46 
44 
46 
246 
46 
46 
248 
250 
250 
228 
250 
246 
246 
246 
250 
398 
250 
228 
248 
248 
250 
252 
250 
596 
252 
226 
250 
248 
254 
208 
246 
248 
248 
250 
252 
244 
246 
246 
246 
248 
254 
246 
252 
246 
248 
246 
250 
250 
342 
250 
230 
248 
246 
244 
250 
252 
46 
248 
48 
48 
48 
250 
246 
250 
246 
248 
248 
248 
250 
252 
246 
250 
250 
250 
246 
250 
248 
254 
248 
228 
246 
328 
224 
230 
252 
246 
250 
248 
246 
530 
246 
224 
252 
246 
248 
248 
246 
250 
248 
250 
250 
244 
248 
236 
252 
248 
248 
250 
244 
246 
154 
250 
46 
48 
48 
46 
46 
52 
248 
250 
250 
250 
474 
250 
232 
250 
244 
250 
250 
248 
250 
248 
250 
246 
246 
248 
248 
248 
246 
210 
248 
246 
250 
246 
248 
246 
248 
240 
248 
228 
248 
246 
250 
244 
246 
464 
248 
230 
248 
250 
248 
250 
248 
702 
252 
250 
252 
254 
46 
52 
46 
48 
48 
56 
46 
48 
46 
44 
252 
246 
248 
246 
246 
252 
254 
246 
248 
246 
388 
246 
230 
248 
248 
252 
248 
246 
588 
250 
232 
254 
248 
244 
248 
232 
248 
252 
246 
252 
250 
246 
250 
246 
248 
252 
248 
226 
248 
248 
250 
254 
248 
356 
246 
230 
248 
252 
246 
252 
48 
612 
50 
46 
46 
50 
48 
248 
248 
250 
250 
250 
248 
250 
248 
250 
248 
248 
250 
252 
246 
248 
256 
250 
226 
246 
306 
248 
228 
252 
248 
254 
250 
248 
550 
250 
226 
248 
232 
250 
248 
248 
246 
252 
252 
232 
250 
250 
246 
250 
250 
230 
246 
248 
248 
250 
252 
48 
44 
48 
46 
48 
46 
252 
248 
250 
248 
478 
246 
228 
250 
250 
246 
246 
252 
246 
248 
248 
246 
246 
248 
246 
250 
244 
248 
248 
248 
248 
246 
250 
250 
252 
230 
250 
228 
246 
250 
246 
252 
254 
480 
248 
228 
248 
250 
248 
248 
248 
704 
250 
252 
250 
252 
228 
44 
46 
48 
46 
48 
48 
250 
248 
250 
250 
250 
248 
248 
226 
246 
246 
246 
246 
250 
380 
250 
226 
248 
248 
246 
250 
246 
614 
250 
244 
248 
248 
244 
246 
250 
250 
248 
246 
248 
250 
252 
250 
254 
252 
248 
248 
224 
250 
244 
250 
248 
250 
370 
246 
224 
248 
246 
46 
252 
48 
48 
48 
232 
248 
252 
248 
246 
250 
252 
248 
252 
248 
246 
252 
258 
248 
252 
248 
246 
250 
244 
252 
248 
248 
246 
306 
250 
232 
252 
250 
254 
250 
248 
544 
250 
230 
246 
248 
248 
244 
250 
250 
252 
246 
226 
248 
246 
244 
248 
248 
246 
252 
46 
48 
48 
46 
50 
50 
256 
246 
228 
250 
248 
252 
246 
248 
478 
248 
232 
248 
246 
248 
246 
254 
252 
250 
246 
252 
246 
252 
250 
250 
252 
250 
248 
244 
246 
248 
250 
250 
250 
232 
250 
226 
224 
248 
246 
250 
246 
476 
250 
226 
246 
252 
250 
252 
248 
704 
250 
48 
48 
50 
46 
50 
84 
250 
250 
250 
228 
252 
248 
252 
248 
248 
250 
248 
226 
246 
250 
248 
248 
246 
394 
252 
232 
250 
248 
246 
246 
246 
610 
246 
240 
246 
246 
250 
246 
252 
244 
248 
248 
250 
248 
244 
250 
246 
244 
248 
246 
248 
250 
250 
244 
250 
252 
52 
46 
50 
48 
48 
190 
252 
48 
604 
254 
228 
248 
250 
248 
252 
254 
246 
248 
244 
248 
246 
250 
248 
250 
250 
250 
246 
228 
248 
250 
250 
210 
244 
296 
250 
230 
246 
248 
248 
246 
248 
522 
246 
230 
246 
248 
246 
244 
248 
246 
250 
246 
250 
250 
248 
246 
248 
250 
246 
48 
50 
48 
48 
46 
246 
50 
240 
254 
228 
248 
244 
246 
248 
246 
510 
244 
236 
248 
250 
248 
248 
250 
252 
250 
250 
246 
246 
246 
250 
248 
250 
246 
246 
248 
250 
250 
248 
246 
250 
242 
250 
228 
246 
248 
254 
246 
252 
460 
248 
228 
246 
246 
256 
250 
248 
692 
48 
46 
46 
50 
250 
50 
48 
48 
46 
44 
250 
248 
250 
246 
248 
246 
250 
248 
226 
248 
248 
248 
248 
248 
372 
250 
228 
246 
248 
250 
246 
248 
614 
252 
238 
246 
246 
252 
250 
250 
250 
210 
250 
250 
248 
248 
252 
246 
252 
250 
248 
250 
212 
248 
246 
728 
252 
378 
246 
226 
250 
46 
48 
48 
102 
48 
248 
48 
246 
252 
248 
248 
250 
232 
248 
250 
246 
250 
250 
246 
250 
248 
246 
248 
248 
248 
250 
248 
250 
246 
312 
252 
230 
246 
248 
246 
246 
244 
518 
248 
226 
254 
246 
246 
248 
248 
248 
248 
248 
252 
252 
246 
250 
246 
252 
254 
248 
244 
44 
48 
46 
46 
50 
288 
248 
48 
248 
220 
208 
214 
250 
490 
246 
236 
248 
252 
250 
252 
252 
248 
244 
246 
248 
254 
248 
248 
254 
248 
246 
254 
248 
246 
252 
246 
236 
246 
234 
244 
230 
246 
250 
244 
248 
250 
460 
246 
228 
248 
250 
254 
248 
248 
690 
248 
248 
250 
250 
244 
250 
248 
44 
44 
46 
48 
48 
52 
248 
254 
250 
248 
250 
228 
246 
248 
248 
248 
248 
378 
250 
228 
246 
246 
248 
248 
252 
618 
250 
242 
246 
248 
246 
252 
248 
250 
246 
250 
246 
252 
246 
248 
248 
248 
248 
246 
228 
252 
244 
250 
248 
228 
374 
248 
230 
246 
248 
252 
250 
46 
46 
48 
48 
52 
246 
248 
248 
250 
250 
248 
248 
246 
248 
256 
250 
248 
250 
248 
246 
250 
248 
248 
240 
238 
246 
304 
246 
226 
246 
226 
248 
250 
250 
544 
250 
226 
246 
250 
248 
246 
248 
248 
250 
258 
250 
250 
248 
248 
246 
252 
248 
250 
248 
250 
248 
252 
50 
50 
46 
48 
48 
46 
246 
44 
46 
48 
512 
248 
228 
244 
248 
246 
246 
248 
252 
250 
248 
246 
250 
246 
250 
244 
248 
246 
230 
246 
250 
248 
252 
248 
228 
232 
228 
228 
228 
248 
246 
248 
248 
462 
250 
226 
248 
250 
228 
226 
248 
678 
250 
256 
248 
248 
248 
246 
246 
246 
48 
48 
52 
48 
48 
50 
48 
250 
210 
250 
228 
250 
246 
250 
246 
250 
376 
250 
228 
248 
246 
250 
246 
246 
620 
246 
248 
248 
250 
246 
250 
248 
246 
248 
246 
246 
246 
250 
246 
248 
246 
248 
248 
248 
246 
248 
250 
252 
246 
384 
248 
230 
246 
250 
248 
246 
246 
618 
46 
46 
48 
48 
46 
46 
46 
252 
248 
250 
246 
250 
246 
246 
250 
246 
250 
250 
248 
246 
244 
250 
252 
248 
366 
254 
234 
246 
246 
246 
248 
248 
512 
250 
232 
252 
250 
250 
252 
248 
252 
250 
250 
250 
248 
246 
250 
248 
250 
254 
252 
248 
254 
248 
252 
250 
246 
258 
46 
48 
190 
106 
50 
48 
254 
502 
250 
230 
248 
246 
250 
246 
250 
250 
246 
244 
248 
252 
252 
248 
246 
246 
246 
246 
248 
250 
252 
250 
250 
246 
250 
246 
336 
248 
252 
250 
284 
252 
468 
250 
228 
248 
248 
244 
250 
248 
674 
254 
250 
248 
250 
250 
254 
248 
48 
48 
246 
46 
44 
48 
250 
248 
210 
212 
248 
228 
248 
248 
252 
246 
248 
394 
252 
232 
208 
246 
248 
252 
248 
612 
248 
248 
248 
246 
248 
248 
248 
246 
246 
246 
250 
224 
244 
248 
250 
252 
248 
246 
224 
252 
246 
246 
246 
228 
372 
250 
230 
250 
248 
248 
46 
48 
46 
46 
132 
250 
48 
50 
248 
250 
340 
254 
248 
248 
248 
250 
252 
246 
246 
246 
250 
252 
252 
246 
246 
250 
246 
298 
250 
228 
248 
252 
248 
244 
246 
544 
212 
224 
248 
250 
246 
246 
254 
246 
246 
254 
250 
248 
246 
252 
248 
248 
248 
254 
246 
250 
256 
248 
228 
46 
44 
50 
46 
46 
288 
228 
250 
250 
522 
244 
232 
248 
248 
246 
252 
248 
250 
248 
248 
252 
248 
248 
246 
228 
246 
248 
248 
246 
250 
250 
248 
246 
246 
226 
248 
230 
250 
250 
230 
246 
250 
440 
250 
540 
248 
252 
246 
248 
248 
664 
246 
218 
248 
248 
48 
50 
44 
52 
132 
280 
248 
246 
244 
250 
246 
246 
250 
248 
230 
246 
244 
246 
248 
252 
392 
250 
230 
250 
250 
248 
250 
250 
640 
248 
252 
248 
248 
250 
248 
246 
246 
248 
246 
246 
248 
246 
246 
246 
248 
278 
250 
250 
248 
246 
248 
250 
226 
376 
250 
226 
250 
48 
46 
48 
46 
46 
48 
230 
208 
228 
248 
248 
248 
246 
248 
248 
248 
246 
252 
252 
248 
246 
248 
248 
248 
252 
248 
248 
250 
244 
310 
250 
234 
254 
248 
248 
250 
246 
514 
248 
230 
248 
246 
246 
246 
250 
246 
254 
246 
246 
248 
230 
248 
246 
248 
252 
248 
248 
44 
48 
48 
44 
46 
46 
248 
230 
250 
248 
250 
252 
248 
510 
248 
232 
250 
244 
244 
248 
246 
246 
250 
248 
248 
208 
252 
250 
246 
252 
248 
248 
248 
244 
244 
248 
246 
250 
234 
250 
228 
248 
250 
248 
250 
252 
442 
250 
228 
250 
252 
232 
246 
248 
670 
246 
256 
46 
46 
52 
48 
46 
252 
48 
248 
248 
246 
248 
250 
246 
246 
310 
246 
228 
246 
246 
250 
250 
252 
408 
212 
206 
248 
244 
250 
248 
246 
646 
246 
256 
246 
252 
250 
250 
244 
252 
246 
250 
250 
248 
252 
252 
248 
250 
216 
210 
246 
246 
252 
248 
250 
250 
378 
250 
228 
46 
46 
48 
248 
48 
598 
246 
230 
248 
248 
250 
244 
246 
248 
246 
248 
248 
250 
248 
248 
248 
206 
248 
248 
250 
250 
246 
248 
252 
248 
296 
248 
226 
250 
252 
250 
248 
226 
540 
248 
230 
252 
248 
248 
250 
254 
248 
246 
250 
252 
244 
250 
246 
246 
252 
46 
46 
46 
48 
50 
248 
48 
212 
48 
48 
232 
248 
248 
250 
250 
248 
528 
250 
228 
246 
248 
232 
248 
248 
248 
232 
248 
252 
252 
246 
250 
252 
254 
246 
248 
250 
248 
248 
256 
248 
250 
226 
246 
232 
250 
250 
248 
250 
246 
450 
246 
226 
246 
252 
250 
248 
248 
676 
246 
256 
50 
48 
162 
154 
246 
46 
46 
252 
206 
250 
248 
246 
230 
250 
248 
250 
232 
250 
248 
246 
248 
250 
410 
250 
226 
244 
238 
248 
248 
248 
652 
248 
252 
248 
248 
208 
220 
248 
248 
246 
250 
248 
250 
250 
244 
246 
250 
252 
246 
248 
248 
252 
252 
252 
252 
374 
252 
228 
48 
50 
126 
250 
46 
608 
250 
228 
248 
248 
248 
246 
248 
244 
248 
248 
246 
248 
250 
246 
252 
248 
252 
250 
248 
248 
248 
248 
210 
250 
314 
248 
230 
248 
250 
248 
250 
248 
546 
250 
226 
248 
250 
248 
248 
250 
248 
252 
248 
248 
244 
250 
248 
246 
252 
46 
50 
46 
46 
206 
48 
48 
252 
294 
248 
228 
214 
248 
248 
248 
248 
530 
252 
228 
248 
250 
246 
244 
250 
252 
246 
250 
244 
248 
250 
248 
250 
250 
250 
246 
230 
226 
248 
248 
248 
248 
240 
