# FR-trace starting at Tue Apr 20 17:43:35 2021
################# CONFIG #################
# slot=9000
# samples=5000
# threshold=100
# idle=500
# minlen=500
# runs=60000
# pdathreads=3
# nmonitored=1
#   monitor0=/usr/local/lib/libcrypto.so 770062 0xbc00e
# nevicted=0
# npdatargets=1
#   target0=/usr/local/lib/libcrypto.so 750148 0xb7244
# affinity=all
############## SYSTEM INFO ###############
# mastik_version=
# sysname=Linux
# nodename=0b12265572f4
# release=5.8.0-50-generic
# version=#56~20.04.1-Ubuntu SMP Mon Apr 12 21:46:35 UTC 2021
# machine=x86_64
################## DATA ##################
# run=1
# datapoints=5000
42 
242 
40 
40 
40 
42 
40 
44 
44 
40 
610 
240 
224 
238 
242 
242 
240 
242 
246 
242 
246 
246 
242 
246 
246 
244 
246 
242 
246 
238 
240 
242 
240 
242 
246 
350 
244 
226 
246 
242 
242 
244 
240 
588 
242 
216 
242 
244 
244 
242 
242 
242 
240 
218 
242 
242 
46 
42 
44 
40 
44 
46 
40 
40 
248 
244 
240 
242 
270 
242 
222 
242 
242 
242 
244 
242 
500 
242 
220 
246 
240 
242 
244 
240 
242 
244 
244 
240 
242 
244 
240 
240 
246 
244 
246 
242 
242 
246 
242 
244 
248 
252 
240 
222 
244 
244 
242 
242 
242 
482 
242 
40 
38 
40 
40 
40 
244 
242 
242 
246 
238 
246 
242 
242 
246 
246 
240 
242 
242 
242 
244 
252 
204 
222 
250 
202 
222 
238 
244 
248 
242 
240 
418 
240 
222 
244 
244 
244 
244 
248 
634 
240 
244 
240 
240 
242 
246 
244 
242 
242 
244 
240 
244 
44 
42 
40 
40 
38 
44 
42 
244 
244 
244 
244 
242 
382 
244 
224 
240 
240 
246 
240 
242 
616 
244 
236 
240 
244 
240 
242 
244 
242 
246 
240 
244 
240 
242 
242 
240 
244 
242 
242 
242 
240 
242 
244 
244 
240 
342 
244 
224 
244 
244 
242 
242 
244 
152 
42 
42 
40 
40 
42 
244 
246 
244 
244 
244 
244 
248 
244 
244 
242 
242 
240 
242 
244 
246 
242 
240 
244 
240 
268 
242 
222 
244 
242 
242 
240 
244 
510 
242 
224 
242 
244 
244 
242 
242 
244 
242 
242 
244 
242 
240 
240 
240 
246 
238 
244 
246 
42 
44 
40 
44 
40 
40 
242 
222 
238 
238 
244 
240 
244 
494 
242 
226 
242 
246 
242 
242 
242 
246 
242 
242 
242 
240 
242 
246 
244 
240 
242 
242 
244 
244 
242 
246 
244 
242 
218 
240 
224 
240 
242 
244 
242 
246 
422 
244 
224 
246 
244 
242 
42 
42 
38 
42 
40 
44 
38 
44 
38 
40 
242 
242 
244 
244 
242 
244 
242 
242 
244 
242 
246 
222 
244 
244 
242 
246 
242 
364 
240 
222 
244 
242 
246 
244 
240 
626 
242 
234 
244 
240 
240 
238 
246 
242 
238 
246 
242 
240 
242 
244 
240 
242 
242 
246 
242 
244 
242 
172 
192 
42 
42 
38 
42 
40 
40 
42 
244 
240 
590 
242 
220 
238 
242 
244 
242 
242 
240 
244 
244 
242 
242 
250 
244 
242 
244 
244 
244 
244 
244 
242 
240 
240 
3954 
794 
308 
3514 
2946 
254 
2662 
210 
242 
498 
246 
222 
242 
244 
240 
242 
242 
246 
246 
242 
242 
242 
244 
244 
242 
242 
42 
42 
40 
44 
40 
244 
246 
240 
264 
242 
220 
242 
246 
244 
244 
244 
504 
240 
222 
246 
240 
246 
244 
242 
244 
242 
244 
242 
244 
242 
242 
244 
246 
238 
246 
242 
242 
242 
242 
246 
242 
222 
240 
220 
242 
246 
244 
242 
242 
408 
244 
40 
40 
42 
44 
40 
42 
644 
246 
244 
244 
244 
244 
244 
240 
244 
244 
246 
244 
240 
246 
244 
242 
246 
246 
246 
222 
244 
242 
242 
244 
244 
370 
246 
224 
244 
240 
246 
244 
244 
612 
244 
234 
242 
242 
244 
244 
244 
244 
244 
238 
244 
244 
42 
40 
40 
44 
42 
44 
242 
246 
244 
242 
244 
244 
346 
246 
226 
244 
242 
244 
244 
238 
568 
242 
226 
244 
242 
242 
240 
244 
244 
246 
244 
244 
246 
242 
244 
240 
246 
244 
244 
244 
260 
244 
246 
228 
246 
272 
240 
220 
244 
244 
244 
238 
242 
42 
38 
42 
44 
42 
40 
42 
44 
244 
244 
240 
242 
240 
242 
242 
244 
244 
242 
240 
242 
246 
242 
240 
248 
244 
250 
238 
222 
240 
240 
244 
246 
242 
486 
244 
222 
240 
244 
240 
246 
242 
246 
242 
240 
246 
242 
244 
246 
240 
242 
242 
240 
244 
242 
42 
40 
40 
40 
44 
44 
40 
240 
244 
242 
240 
242 
398 
240 
224 
246 
246 
242 
240 
244 
632 
242 
248 
244 
242 
244 
246 
238 
244 
240 
242 
242 
240 
242 
240 
242 
244 
240 
246 
222 
242 
242 
242 
244 
244 
380 
246 
220 
244 
244 
240 
244 
244 
40 
42 
40 
42 
40 
242 
242 
244 
240 
244 
244 
244 
244 
240 
242 
240 
246 
244 
244 
240 
244 
246 
242 
244 
242 
338 
244 
224 
246 
242 
242 
236 
246 
564 
244 
222 
244 
248 
238 
242 
240 
238 
240 
242 
242 
242 
240 
244 
242 
240 
244 
40 
38 
42 
44 
42 
244 
242 
264 
242 
220 
222 
246 
238 
242 
238 
496 
242 
224 
282 
238 
254 
244 
242 
238 
240 
240 
240 
244 
244 
242 
246 
242 
242 
242 
242 
240 
244 
242 
244 
246 
266 
244 
222 
244 
244 
244 
240 
240 
504 
246 
222 
240 
40 
38 
42 
40 
42 
38 
240 
240 
242 
244 
240 
246 
238 
242 
242 
244 
244 
246 
246 
244 
240 
246 
242 
222 
244 
244 
242 
242 
246 
406 
244 
226 
246 
242 
240 
242 
240 
658 
240 
246 
240 
240 
240 
240 
240 
238 
242 
240 
242 
242 
242 
242 
42 
42 
40 
42 
42 
40 
238 
244 
244 
246 
390 
276 
220 
242 
244 
244 
242 
242 
632 
244 
230 
242 
238 
244 
244 
244 
242 
244 
242 
242 
244 
240 
242 
240 
242 
244 
244 
242 
242 
244 
244 
246 
216 
342 
238 
222 
242 
244 
240 
246 
240 
566 
248 
42 
42 
44 
42 
42 
38 
246 
244 
242 
244 
246 
246 
242 
242 
242 
244 
248 
240 
244 
242 
242 
246 
244 
268 
244 
220 
240 
246 
240 
220 
224 
518 
240 
224 
246 
246 
220 
222 
238 
246 
238 
242 
244 
246 
242 
238 
224 
244 
242 
244 
242 
244 
42 
40 
42 
40 
42 
42 
222 
242 
246 
244 
244 
244 
500 
242 
222 
244 
242 
246 
244 
238 
700 
238 
244 
242 
244 
246 
244 
240 
242 
244 
246 
242 
242 
240 
250 
204 
240 
220 
242 
224 
240 
244 
206 
242 
242 
400 
246 
226 
244 
242 
242 
244 
44 
44 
42 
42 
44 
40 
240 
242 
244 
240 
244 
242 
244 
240 
242 
240 
244 
244 
242 
240 
220 
242 
240 
246 
244 
242 
392 
246 
224 
242 
240 
242 
238 
244 
624 
244 
222 
240 
240 
244 
244 
242 
240 
242 
240 
246 
242 
244 
242 
246 
244 
154 
246 
40 
38 
42 
38 
250 
242 
338 
240 
222 
242 
242 
242 
244 
238 
570 
244 
222 
246 
244 
244 
240 
242 
244 
228 
240 
244 
242 
242 
242 
238 
244 
244 
242 
222 
222 
242 
240 
244 
240 
286 
242 
220 
244 
242 
244 
242 
244 
508 
242 
40 
40 
40 
42 
40 
40 
42 
240 
246 
216 
244 
244 
244 
242 
242 
242 
242 
244 
240 
236 
244 
244 
240 
266 
248 
212 
244 
244 
246 
202 
244 
496 
242 
226 
242 
248 
242 
242 
240 
698 
240 
246 
234 
244 
246 
242 
244 
244 
240 
242 
244 
242 
242 
40 
42 
44 
42 
40 
224 
220 
244 
242 
240 
242 
424 
242 
224 
244 
244 
244 
242 
246 
650 
246 
240 
240 
240 
242 
242 
242 
242 
240 
242 
242 
242 
240 
242 
242 
244 
244 
240 
224 
242 
246 
246 
240 
242 
414 
250 
220 
242 
246 
242 
244 
40 
42 
42 
42 
42 
42 
246 
242 
242 
244 
242 
242 
244 
240 
246 
244 
240 
242 
242 
240 
244 
246 
242 
246 
244 
244 
342 
244 
220 
246 
242 
240 
240 
242 
548 
246 
224 
242 
246 
242 
242 
236 
240 
240 
242 
244 
242 
244 
242 
242 
244 
244 
42 
42 
42 
40 
42 
40 
242 
274 
246 
220 
242 
242 
240 
244 
224 
520 
244 
222 
242 
244 
244 
242 
244 
244 
244 
240 
242 
240 
242 
242 
240 
242 
242 
242 
242 
244 
244 
206 
242 
242 
256 
246 
220 
246 
246 
242 
242 
242 
498 
238 
224 
246 
246 
122 
226 
178 
42 
42 
40 
240 
246 
244 
242 
244 
242 
240 
244 
244 
244 
244 
244 
244 
238 
228 
244 
222 
242 
242 
242 
244 
244 
414 
244 
226 
240 
244 
244 
242 
242 
654 
242 
244 
240 
246 
244 
240 
240 
242 
244 
242 
240 
242 
220 
240 
240 
42 
42 
44 
42 
38 
240 
240 
244 
244 
396 
242 
222 
246 
246 
240 
246 
246 
648 
240 
228 
242 
252 
244 
244 
242 
242 
244 
240 
242 
244 
244 
242 
240 
242 
246 
240 
240 
240 
244 
242 
244 
244 
344 
242 
220 
242 
240 
240 
244 
242 
570 
242 
42 
42 
42 
40 
42 
240 
244 
202 
248 
240 
244 
244 
242 
240 
240 
244 
242 
246 
244 
244 
240 
242 
240 
300 
244 
224 
240 
238 
240 
246 
246 
536 
242 
220 
242 
250 
240 
244 
244 
244 
240 
240 
242 
244 
222 
242 
244 
244 
248 
240 
240 
242 
238 
38 
40 
42 
42 
42 
40 
244 
242 
246 
242 
242 
500 
242 
220 
244 
244 
240 
240 
246 
696 
222 
242 
240 
246 
242 
244 
244 
238 
244 
244 
222 
246 
242 
242 
222 
242 
242 
244 
220 
242 
546 
244 
242 
248 
416 
242 
222 
242 
244 
244 
202 
244 
658 
42 
42 
40 
40 
42 
244 
244 
246 
206 
244 
242 
242 
244 
244 
240 
244 
246 
212 
224 
242 
242 
246 
242 
246 
406 
244 
220 
244 
240 
244 
246 
242 
650 
244 
226 
246 
242 
244 
242 
224 
246 
240 
244 
244 
242 
242 
244 
244 
244 
242 
242 
40 
42 
40 
42 
40 
244 
340 
244 
224 
242 
246 
244 
246 
240 
564 
244 
224 
242 
246 
240 
246 
244 
244 
244 
244 
246 
242 
244 
240 
244 
244 
240 
244 
242 
240 
244 
244 
244 
244 
276 
244 
228 
242 
244 
242 
242 
242 
526 
240 
226 
244 
42 
40 
42 
42 
44 
244 
244 
244 
242 
242 
244 
242 
234 
242 
246 
240 
242 
242 
240 
238 
242 
274 
242 
222 
242 
246 
246 
242 
242 
498 
244 
218 
244 
246 
242 
244 
244 
698 
240 
242 
244 
242 
244 
246 
240 
242 
242 
240 
246 
244 
246 
40 
42 
40 
42 
38 
40 
242 
244 
242 
242 
242 
426 
240 
222 
240 
242 
240 
240 
242 
662 
246 
242 
240 
240 
242 
246 
242 
244 
242 
246 
246 
242 
240 
238 
242 
240 
242 
244 
224 
242 
238 
244 
240 
242 
406 
248 
222 
244 
244 
242 
240 
240 
40 
44 
42 
44 
42 
242 
240 
240 
242 
244 
244 
244 
242 
238 
238 
240 
242 
242 
244 
252 
242 
244 
238 
242 
242 
622 
238 
224 
242 
244 
244 
240 
240 
554 
242 
222 
244 
246 
244 
240 
242 
244 
242 
244 
242 
244 
242 
242 
242 
244 
246 
44 
38 
44 
42 
40 
42 
42 
316 
244 
224 
244 
242 
242 
240 
244 
546 
244 
224 
240 
242 
240 
242 
242 
244 
240 
242 
246 
244 
246 
246 
244 
242 
240 
244 
244 
204 
240 
242 
238 
242 
264 
242 
222 
244 
244 
242 
238 
240 
478 
238 
222 
242 
246 
46 
40 
40 
44 
42 
44 
246 
246 
238 
244 
240 
242 
244 
240 
242 
244 
244 
244 
244 
246 
220 
244 
220 
246 
240 
240 
242 
244 
664 
240 
222 
244 
240 
242 
244 
238 
672 
244 
240 
244 
244 
240 
242 
242 
242 
244 
242 
242 
244 
242 
244 
44 
42 
228 
42 
40 
42 
246 
242 
246 
240 
400 
242 
222 
240 
240 
240 
242 
246 
630 
240 
222 
242 
242 
242 
242 
246 
240 
242 
240 
244 
242 
242 
242 
244 
246 
242 
242 
244 
242 
242 
242 
242 
244 
326 
244 
226 
244 
242 
240 
240 
246 
570 
242 
40 
44 
42 
42 
42 
40 
42 
246 
240 
242 
242 
244 
242 
244 
242 
246 
246 
244 
244 
240 
244 
246 
252 
316 
242 
226 
240 
242 
242 
244 
244 
558 
242 
220 
242 
242 
240 
240 
246 
244 
242 
238 
244 
242 
242 
244 
204 
202 
248 
244 
238 
246 
244 
244 
42 
44 
40 
42 
40 
40 
42 
242 
242 
244 
460 
240 
220 
240 
244 
244 
242 
242 
694 
222 
248 
242 
242 
246 
242 
240 
244 
240 
244 
244 
242 
246 
240 
242 
242 
226 
242 
224 
238 
242 
242 
242 
242 
418 
246 
228 
244 
240 
246 
242 
244 
678 
242 
244 
220 
40 
44 
44 
42 
40 
40 
220 
244 
242 
250 
244 
240 
240 
218 
240 
220 
242 
244 
242 
242 
246 
412 
240 
222 
244 
244 
238 
242 
246 
650 
244 
222 
244 
242 
246 
244 
242 
238 
242 
242 
240 
242 
244 
204 
242 
244 
246 
238 
240 
240 
240 
244 
40 
40 
42 
42 
44 
244 
244 
244 
246 
244 
548 
242 
222 
244 
246 
246 
206 
244 
246 
244 
244 
240 
240 
220 
244 
238 
242 
240 
242 
242 
238 
242 
240 
244 
242 
320 
242 
220 
242 
242 
242 
244 
242 
538 
246 
226 
240 
244 
242 
250 
246 
42 
40 
44 
40 
42 
244 
242 
240 
246 
244 
242 
242 
242 
240 
242 
244 
246 
264 
242 
224 
246 
244 
244 
240 
240 
472 
242 
222 
244 
244 
238 
236 
240 
700 
242 
244 
242 
240 
242 
242 
240 
240 
244 
242 
242 
242 
242 
240 
242 
242 
224 
42 
42 
40 
42 
40 
42 
40 
438 
242 
220 
240 
242 
242 
244 
242 
678 
246 
244 
240 
244 
246 
242 
240 
244 
244 
240 
244 
244 
240 
246 
244 
240 
222 
240 
222 
242 
252 
244 
244 
242 
402 
242 
224 
242 
242 
244 
244 
240 
656 
242 
224 
244 
244 
242 
40 
42 
42 
42 
40 
44 
242 
244 
246 
244 
280 
222 
240 
240 
244 
244 
242 
244 
238 
324 
242 
224 
244 
244 
202 
240 
242 
554 
244 
224 
248 
244 
244 
246 
244 
244 
240 
200 
242 
244 
242 
242 
242 
246 
246 
244 
242 
242 
244 
242 
242 
240 
396 
40 
42 
46 
42 
40 
44 
42 
40 
242 
222 
240 
242 
246 
244 
240 
244 
242 
242 
244 
240 
242 
242 
244 
244 
244 
242 
240 
246 
244 
242 
242 
244 
254 
240 
224 
248 
240 
242 
242 
244 
474 
240 
224 
242 
244 
244 
240 
242 
700 
244 
246 
244 
244 
244 
238 
42 
40 
42 
40 
242 
238 
238 
244 
240 
244 
222 
246 
226 
240 
244 
244 
242 
246 
458 
244 
226 
240 
240 
244 
244 
246 
678 
246 
244 
244 
244 
240 
246 
240 
246 
240 
242 
240 
240 
246 
242 
246 
244 
228 
242 
222 
244 
242 
246 
244 
244 
40 
38 
42 
42 
44 
246 
238 
244 
636 
242 
222 
240 
240 
244 
242 
222 
298 
242 
246 
244 
246 
242 
242 
246 
222 
240 
244 
282 
240 
242 
222 
244 
240 
318 
202 
226 
244 
52 
0 
40 
44 
60 
42 
40 
242 
240 
236 
244 
242 
242 
240 
240 
242 
238 
242 
240 
244 
242 
244 
244 
240 
240 
242 
242 
242 
244 
300 
242 
220 
242 
242 
242 
242 
244 
542 
240 
222 
246 
244 
224 
242 
242 
258 
242 
220 
246 
244 
246 
226 
244 
42 
42 
40 
42 
40 
40 
42 
244 
244 
656 
240 
224 
244 
244 
242 
242 
238 
468 
242 
222 
242 
246 
240 
240 
242 
700 
246 
246 
248 
240 
242 
244 
244 
248 
208 
256 
242 
246 
252 
232 
208 
242 
224 
244 
224 
242 
246 
238 
240 
240 
440 
242 
226 
44 
40 
38 
42 
42 
40 
242 
240 
240 
238 
242 
244 
246 
242 
242 
238 
242 
244 
242 
246 
202 
242 
242 
242 
222 
242 
240 
244 
242 
244 
402 
242 
222 
246 
242 
240 
244 
240 
622 
242 
220 
242 
242 
244 
244 
242 
242 
202 
244 
242 
246 
242 
242 
42 
42 
40 
46 
44 
240 
224 
244 
224 
242 
312 
244 
224 
242 
238 
242 
244 
242 
576 
244 
220 
242 
242 
242 
242 
242 
246 
242 
300 
392 
244 
240 
240 
248 
244 
246 
242 
246 
240 
246 
242 
244 
246 
320 
244 
218 
244 
242 
242 
242 
246 
40 
40 
42 
42 
44 
40 
40 
240 
242 
220 
228 
244 
246 
240 
244 
244 
242 
242 
244 
242 
220 
246 
224 
242 
244 
236 
246 
222 
248 
244 
244 
244 
240 
466 
242 
224 
240 
240 
242 
238 
240 
690 
242 
244 
244 
242 
242 
244 
244 
242 
240 
246 
244 
40 
42 
40 
42 
40 
44 
40 
222 
244 
244 
242 
244 
242 
448 
244 
220 
244 
232 
244 
244 
242 
682 
238 
242 
242 
242 
242 
244 
240 
244 
240 
240 
242 
244 
244 
240 
242 
244 
244 
240 
220 
244 
242 
240 
242 
242 
380 
238 
222 
242 
244 
242 
240 
42 
44 
42 
42 
42 
244 
244 
242 
240 
242 
240 
242 
240 
244 
242 
240 
242 
246 
246 
242 
220 
242 
246 
246 
246 
244 
326 
246 
226 
246 
244 
244 
242 
242 
566 
242 
224 
242 
224 
240 
244 
246 
240 
244 
242 
240 
242 
240 
244 
246 
40 
42 
40 
42 
42 
42 
42 
246 
246 
324 
218 
228 
244 
244 
244 
242 
244 
546 
244 
228 
230 
242 
246 
244 
240 
240 
230 
240 
242 
242 
242 
242 
240 
244 
242 
244 
240 
240 
240 
242 
240 
240 
626 
242 
222 
240 
220 
244 
240 
242 
486 
240 
228 
246 
42 
42 
42 
38 
40 
42 
42 
244 
242 
242 
240 
244 
244 
242 
244 
242 
244 
244 
206 
248 
246 
224 
240 
220 
242 
240 
238 
242 
244 
468 
242 
224 
242 
244 
244 
242 
244 
682 
244 
244 
238 
244 
240 
246 
244 
242 
240 
240 
240 
244 
242 
238 
244 
38 
44 
42 
42 
44 
40 
244 
246 
244 
386 
248 
222 
244 
240 
200 
244 
242 
630 
244 
230 
246 
244 
240 
242 
238 
242 
240 
246 
246 
240 
240 
244 
240 
244 
242 
246 
224 
246 
240 
242 
240 
240 
356 
242 
226 
240 
240 
248 
244 
242 
590 
246 
40 
40 
40 
40 
42 
244 
246 
222 
242 
242 
240 
224 
246 
242 
244 
242 
238 
242 
244 
242 
246 
244 
246 
320 
246 
220 
238 
244 
240 
242 
240 
562 
242 
226 
242 
246 
244 
240 
242 
246 
244 
240 
244 
240 
240 
244 
242 
242 
224 
244 
246 
242 
40 
40 
44 
42 
40 
240 
220 
240 
244 
242 
242 
240 
476 
244 
222 
246 
242 
242 
244 
244 
702 
240 
240 
246 
240 
242 
242 
240 
242 
384 
242 
244 
240 
242 
242 
242 
242 
232 
204 
218 
242 
240 
244 
246 
244 
460 
240 
204 
244 
242 
244 
244 
42 
40 
44 
42 
44 
242 
224 
244 
242 
242 
226 
244 
240 
242 
244 
242 
240 
244 
244 
246 
222 
242 
248 
242 
238 
242 
402 
244 
224 
244 
244 
244 
242 
238 
208 
246 
232 
246 
242 
240 
202 
244 
244 
246 
246 
244 
242 
242 
238 
244 
246 
42 
42 
40 
40 
40 
240 
238 
246 
340 
244 
222 
240 
242 
244 
240 
240 
602 
244 
220 
242 
238 
242 
242 
240 
242 
244 
244 
244 
242 
242 
240 
242 
240 
244 
242 
244 
242 
246 
242 
242 
242 
332 
238 
220 
242 
244 
242 
244 
242 
562 
248 
44 
42 
40 
44 
40 
220 
242 
244 
320 
246 
244 
244 
240 
246 
240 
244 
244 
240 
240 
244 
238 
244 
242 
224 
242 
226 
242 
242 
222 
242 
240 
474 
242 
222 
220 
240 
240 
242 
246 
696 
244 
244 
244 
242 
224 
242 
244 
246 
240 
240 
242 
40 
42 
40 
42 
40 
38 
40 
220 
240 
240 
242 
246 
242 
464 
246 
226 
244 
244 
240 
244 
208 
698 
242 
250 
242 
204 
248 
238 
242 
242 
244 
248 
244 
242 
216 
242 
242 
200 
244 
242 
222 
244 
244 
244 
244 
244 
382 
242 
222 
242 
242 
244 
246 
40 
42 
40 
42 
42 
40 
242 
240 
242 
242 
242 
242 
244 
220 
240 
244 
244 
246 
242 
242 
242 
246 
244 
242 
238 
240 
590 
244 
224 
244 
242 
242 
240 
248 
590 
244 
224 
242 
206 
246 
240 
244 
242 
238 
244 
240 
244 
242 
244 
246 
242 
240 
240 
42 
42 
40 
42 
42 
42 
40 
40 
224 
244 
246 
246 
244 
244 
528 
238 
224 
244 
240 
238 
240 
242 
240 
236 
242 
240 
244 
240 
242 
244 
246 
244 
240 
242 
240 
242 
244 
242 
244 
224 
240 
228 
206 
244 
242 
244 
244 
466 
242 
224 
246 
7292 
42 
42 
42 
26 
42 
42 
40 
244 
240 
316 
242 
246 
240 
240 
254 
238 
220 
244 
240 
246 
232 
246 
224 
248 
244 
244 
244 
244 
458 
246 
228 
244 
242 
246 
248 
242 
694 
240 
206 
242 
242 
244 
244 
244 
238 
240 
242 
240 
226 
242 
242 
238 
240 
42 
42 
44 
42 
42 
42 
44 
238 
394 
244 
224 
294 
244 
242 
244 
242 
618 
242 
236 
242 
240 
242 
240 
274 
244 
242 
242 
244 
236 
244 
244 
246 
240 
244 
246 
222 
242 
242 
240 
200 
238 
374 
240 
202 
240 
242 
242 
244 
244 
618 
242 
226 
244 
44 
42 
42 
40 
42 
42 
242 
240 
240 
242 
244 
222 
242 
240 
242 
244 
244 
244 
240 
240 
246 
320 
248 
228 
242 
246 
244 
244 
244 
550 
240 
226 
244 
246 
242 
244 
244 
244 
240 
244 
242 
246 
238 
244 
228 
240 
240 
242 
246 
242 
244 
240 
42 
40 
38 
42 
42 
242 
248 
244 
244 
240 
478 
240 
222 
242 
240 
242 
244 
244 
242 
246 
244 
244 
240 
238 
246 
242 
246 
244 
240 
240 
240 
242 
242 
242 
244 
246 
240 
222 
242 
246 
244 
242 
242 
476 
242 
224 
246 
246 
244 
240 
240 
700 
42 
42 
40 
42 
42 
44 
36 
44 
40 
40 
248 
246 
242 
244 
240 
248 
240 
240 
224 
240 
246 
246 
240 
244 
382 
240 
222 
250 
244 
246 
238 
246 
614 
242 
226 
242 
242 
240 
240 
242 
242 
244 
242 
246 
242 
246 
244 
242 
240 
242 
244 
220 
244 
242 
244 
240 
42 
42 
42 
42 
42 
42 
242 
242 
244 
620 
248 
224 
242 
244 
244 
244 
244 
244 
246 
242 
240 
240 
244 
250 
242 
242 
244 
242 
242 
242 
244 
244 
242 
244 
312 
244 
222 
242 
244 
242 
244 
242 
530 
246 
220 
242 
244 
244 
244 
240 
240 
246 
42 
42 
40 
42 
42 
42 
42 
242 
244 
242 
242 
242 
244 
244 
246 
238 
244 
222 
246 
242 
242 
240 
242 
500 
240 
224 
240 
240 
246 
244 
244 
700 
240 
244 
238 
244 
240 
242 
240 
242 
246 
244 
246 
242 
242 
246 
246 
242 
228 
240 
222 
242 
244 
244 
48 
54 
42 
40 
40 
242 
248 
242 
242 
242 
696 
240 
244 
246 
244 
240 
240 
244 
238 
240 
246 
242 
246 
246 
242 
242 
244 
244 
242 
224 
246 
242 
244 
246 
238 
386 
246 
222 
242 
242 
240 
244 
238 
628 
244 
244 
244 
244 
244 
242 
244 
42 
42 
42 
40 
42 
38 
240 
242 
244 
242 
244 
220 
246 
242 
242 
244 
240 
360 
242 
222 
244 
246 
244 
244 
242 
596 
238 
220 
242 
246 
244 
242 
242 
244 
244 
242 
240 
240 
238 
244 
244 
244 
242 
240 
238 
242 
240 
246 
242 
244 
302 
242 
220 
44 
42 
42 
42 
40 
42 
238 
220 
244 
242 
242 
242 
244 
244 
244 
242 
240 
242 
242 
242 
244 
244 
242 
242 
244 
242 
244 
240 
240 
242 
256 
244 
224 
244 
248 
242 
244 
244 
482 
242 
224 
244 
242 
242 
240 
240 
244 
244 
244 
246 
242 
244 
40 
38 
42 
40 
40 
238 
240 
246 
244 
246 
240 
242 
244 
224 
240 
242 
244 
246 
240 
458 
240 
222 
240 
246 
242 
240 
244 
688 
240 
246 
240 
244 
242 
244 
244 
244 
246 
244 
244 
242 
242 
244 
240 
240 
244 
244 
224 
242 
242 
240 
238 
238 
44 
40 
44 
42 
40 
242 
244 
242 
612 
246 
248 
246 
240 
242 
240 
244 
242 
244 
242 
242 
244 
240 
242 
246 
242 
244 
244 
224 
244 
242 
240 
244 
244 
388 
236 
224 
242 
242 
246 
242 
244 
588 
240 
222 
240 
244 
242 
242 
246 
240 
238 
38 
40 
44 
44 
40 
242 
242 
244 
244 
246 
242 
242 
242 
244 
244 
300 
242 
222 
238 
246 
242 
242 
242 
534 
244 
222 
240 
246 
242 
246 
244 
244 
242 
244 
244 
240 
246 
242 
242 
244 
244 
244 
244 
244 
242 
240 
244 
244 
246 
246 
222 
238 
44 
40 
42 
40 
42 
242 
220 
242 
240 
240 
240 
240 
242 
246 
242 
238 
244 
242 
244 
244 
242 
242 
246 
246 
246 
244 
242 
242 
244 
250 
242 
220 
240 
244 
244 
244 
242 
474 
246 
222 
246 
244 
242 
244 
246 
690 
244 
244 
244 
242 
244 
40 
42 
42 
40 
42 
42 
244 
246 
242 
242 
248 
242 
242 
226 
244 
244 
244 
242 
246 
386 
240 
222 
244 
246 
242 
242 
242 
626 
242 
246 
244 
240 
244 
246 
244 
240 
246 
244 
242 
238 
242 
242 
244 
242 
240 
244 
228 
240 
240 
238 
246 
44 
40 
40 
44 
40 
238 
244 
244 
242 
616 
244 
224 
242 
242 
242 
244 
248 
242 
242 
242 
242 
242 
242 
244 
244 
242 
244 
242 
242 
246 
240 
244 
244 
244 
312 
244 
222 
246 
242 
240 
240 
244 
528 
244 
220 
244 
242 
238 
244 
246 
246 
244 
42 
44 
42 
40 
42 
42 
38 
244 
242 
242 
244 
244 
244 
242 
242 
266 
246 
224 
246 
240 
240 
242 
244 
506 
238 
224 
246 
236 
246 
248 
242 
244 
244 
242 
240 
242 
242 
242 
242 
242 
240 
242 
244 
236 
244 
244 
242 
244 
242 
244 
220 
244 
242 
38 
40 
42 
42 
38 
40 
42 
248 
240 
242 
244 
698 
242 
246 
244 
242 
242 
244 
240 
244 
244 
242 
242 
242 
242 
240 
242 
242 
242 
244 
230 
244 
244 
298 
288 
250 
980 
246 
238 
2200 
2338 
244 
242 
240 
642 
242 
248 
242 
250 
242 
246 
244 
242 
242 
244 
242 
238 
242 
244 
246 
40 
40 
40 
40 
40 
40 
244 
242 
240 
380 
242 
224 
240 
244 
240 
244 
242 
624 
242 
222 
242 
242 
244 
248 
242 
240 
244 
244 
244 
242 
246 
246 
244 
244 
240 
244 
244 
242 
244 
242 
244 
244 
302 
238 
224 
244 
242 
240 
238 
246 
536 
242 
222 
42 
42 
40 
42 
42 
44 
244 
244 
244 
240 
242 
240 
242 
244 
240 
244 
240 
242 
244 
244 
240 
244 
272 
244 
222 
244 
242 
242 
242 
240 
500 
246 
220 
244 
244 
244 
244 
244 
244 
244 
248 
244 
240 
240 
242 
244 
242 
244 
246 
244 
244 
242 
42 
40 
42 
40 
42 
42 
42 
40 
246 
248 
244 
466 
238 
224 
238 
244 
244 
242 
242 
686 
244 
248 
248 
244 
244 
240 
240 
240 
244 
244 
246 
244 
242 
244 
242 
726 
246 
244 
226 
242 
244 
238 
242 
244 
402 
244 
224 
242 
246 
240 
240 
240 
632 
242 
42 
40 
42 
242 
242 
244 
242 
244 
240 
240 
240 
244 
246 
240 
244 
240 
240 
220 
240 
242 
246 
242 
244 
398 
246 
224 
242 
244 
242 
240 
240 
624 
242 
226 
242 
244 
244 
238 
248 
242 
242 
242 
246 
244 
244 
244 
244 
240 
242 
242 
244 
244 
362 
246 
212 
200 
294 
224 
222 
250 
244 
204 
200 
240 
204 
222 
218 
246 
242 
252 
212 
244 
242 
222 
204 
222 
252 
248 
246 
204 
210 
662 
242 
222 
246 
230 
222 
220 
242 
276 
200 
204 
238 
244 
242 
240 
202 
498 
240 
208 
244 
254 
220 
256 
246 
254 
220 
226 
248 
222 
266 
320 
236 
238 
232 
230 
280 
270 
274 
256 
210 
254 
448 
250 
236 
384 
212 
252 
254 
254 
248 
244 
234 
246 
250 
228 
212 
218 
258 
242 
246 
222 
226 
244 
244 
240 
206 
248 
244 
240 
206 
242 
220 
198 
240 
246 
246 
202 
242 
244 
240 
204 
202 
388 
244 
224 
210 
246 
222 
244 
242 
632 
242 
248 
204 
220 
202 
242 
240 
238 
242 
240 
244 
200 
246 
244 
252 
332 
244 
240 
236 
222 
242 
242 
206 
242 
384 
240 
222 
240 
242 
240 
242 
244 
604 
226 
272 
242 
224 
242 
242 
242 
240 
242 
228 
238 
222 
244 
238 
240 
218 
242 
204 
228 
242 
242 
244 
246 
242 
274 
244 
236 
244 
244 
242 
242 
240 
548 
242 
222 
244 
246 
242 
242 
242 
244 
244 
242 
242 
240 
244 
240 
240 
248 
246 
246 
244 
242 
242 
240 
244 
246 
298 
240 
226 
242 
242 
242 
246 
242 
534 
244 
224 
238 
244 
0 
0 
0 
242 
246 
250 
242 
244 
248 
242 
244 
244 
246 
242 
242 
242 
246 
242 
248 
242 
230 
240 
226 
244 
246 
252 
244 
244 
448 
244 
226 
242 
248 
244 
246 
242 
666 
246 
244 
242 
242 
242 
246 
246 
244 
244 
248 
246 
242 
224 
242 
246 
246 
246 
242 
224 
248 
248 
244 
246 
244 
402 
244 
226 
246 
242 
246 
246 
248 
640 
244 
244 
246 
242 
246 
244 
246 
246 
244 
248 
246 
244 
244 
248 
242 
244 
224 
246 
246 
252 
250 
228 
252 
254 
390 
246 
222 
206 
244 
242 
242 
242 
602 
246 
226 
242 
244 
244 
244 
244 
244 
244 
242 
242 
246 
244 
248 
244 
244 
244 
242 
246 
246 
244 
244 
244 
244 
284 
222 
230 
248 
246 
240 
244 
242 
532 
242 
224 
226 
244 
244 
242 
244 
244 
242 
246 
246 
244 
244 
242 
244 
246 
244 
244 
242 
248 
246 
248 
244 
240 
262 
248 
226 
240 
246 
246 
226 
244 
524 
228 
222 
244 
244 
250 
246 
244 
244 
244 
244 
242 
244 
248 
240 
242 
244 
402 
244 
242 
242 
242 
244 
242 
246 
236 
244 
252 
244 
246 
244 
244 
244 
460 
244 
224 
242 
244 
244 
242 
244 
672 
246 
242 
244 
246 
244 
