# FR-trace starting at Tue Apr 20 17:43:32 2021
################# CONFIG #################
# slot=9000
# samples=5000
# threshold=100
# idle=500
# minlen=500
# runs=60000
# pdathreads=3
# nmonitored=1
#   monitor0=/usr/local/lib/libcrypto.so 770062 0xbc00e
# nevicted=0
# npdatargets=1
#   target0=/usr/local/lib/libcrypto.so 750148 0xb7244
# affinity=all
############## SYSTEM INFO ###############
# mastik_version=
# sysname=Linux
# nodename=0b12265572f4
# release=5.8.0-50-generic
# version=#56~20.04.1-Ubuntu SMP Mon Apr 12 21:46:35 UTC 2021
# machine=x86_64
################## DATA ##################
# run=1
# datapoints=5000
38 
238 
224 
246 
240 
696 
242 
242 
242 
244 
244 
244 
246 
244 
240 
240 
242 
244 
42 
214 
40 
44 
42 
42 
40 
240 
242 
242 
240 
250 
394 
244 
220 
240 
240 
244 
242 
242 
602 
240 
42 
244 
240 
242 
244 
244 
238 
242 
244 
244 
242 
240 
242 
240 
242 
244 
240 
222 
238 
242 
244 
244 
244 
402 
246 
226 
242 
240 
200 
240 
244 
40 
44 
44 
42 
40 
42 
42 
44 
242 
242 
242 
242 
246 
246 
246 
246 
242 
242 
244 
242 
240 
246 
244 
242 
246 
312 
238 
224 
242 
240 
244 
242 
244 
528 
244 
226 
242 
222 
242 
244 
240 
246 
242 
244 
240 
242 
244 
242 
244 
242 
240 
244 
246 
246 
42 
42 
42 
42 
42 
40 
42 
44 
42 
242 
216 
240 
468 
242 
224 
246 
246 
240 
328 
242 
688 
244 
228 
220 
240 
242 
242 
244 
244 
240 
240 
224 
244 
242 
244 
228 
242 
234 
240 
222 
244 
242 
246 
240 
244 
452 
240 
226 
246 
244 
246 
240 
244 
678 
242 
42 
44 
42 
42 
44 
40 
42 
44 
238 
242 
244 
244 
242 
242 
240 
242 
238 
242 
242 
242 
244 
246 
238 
374 
242 
222 
224 
240 
246 
242 
240 
596 
244 
226 
246 
244 
242 
226 
242 
244 
242 
240 
244 
244 
240 
242 
242 
242 
246 
242 
224 
224 
204 
230 
370 
52 
0 
48 
44 
40 
228 
210 
248 
222 
254 
256 
214 
210 
236 
204 
210 
224 
226 
234 
244 
298 
242 
246 
238 
254 
242 
244 
242 
240 
246 
244 
246 
240 
242 
314 
240 
218 
242 
244 
246 
240 
242 
518 
244 
222 
244 
242 
240 
240 
238 
246 
44 
40 
40 
42 
44 
104 
242 
246 
240 
204 
244 
246 
208 
242 
242 
244 
236 
244 
224 
244 
244 
238 
244 
240 
200 
238 
224 
242 
238 
244 
244 
242 
202 
244 
240 
242 
244 
242 
238 
244 
242 
236 
242 
242 
244 
244 
240 
240 
244 
228 
244 
226 
244 
40 
40 
42 
46 
42 
242 
222 
238 
240 
248 
242 
240 
680 
240 
246 
244 
240 
246 
242 
242 
244 
232 
246 
244 
244 
242 
242 
244 
242 
242 
242 
222 
242 
244 
244 
240 
244 
360 
248 
222 
246 
240 
244 
244 
242 
594 
242 
222 
242 
242 
244 
42 
40 
44 
44 
42 
40 
40 
240 
244 
244 
240 
244 
244 
222 
242 
244 
244 
244 
242 
338 
244 
224 
244 
238 
242 
240 
238 
596 
244 
226 
238 
240 
242 
242 
248 
244 
240 
242 
242 
242 
246 
240 
246 
244 
242 
240 
244 
242 
242 
242 
240 
242 
304 
240 
42 
42 
40 
42 
42 
40 
42 
42 
40 
240 
242 
246 
244 
238 
240 
240 
244 
244 
242 
244 
244 
238 
244 
244 
242 
242 
242 
240 
244 
244 
242 
234 
242 
222 
242 
240 
244 
244 
228 
460 
206 
224 
242 
212 
242 
242 
244 
700 
244 
240 
240 
244 
242 
244 
242 
242 
40 
42 
42 
40 
42 
40 
40 
40 
42 
242 
228 
242 
244 
244 
242 
244 
472 
244 
218 
246 
242 
242 
242 
240 
674 
244 
248 
246 
242 
244 
246 
240 
244 
242 
244 
244 
242 
244 
244 
246 
240 
242 
248 
222 
244 
248 
242 
242 
240 
378 
242 
226 
242 
246 
242 
40 
40 
42 
44 
40 
212 
244 
204 
248 
250 
226 
252 
208 
222 
212 
204 
234 
204 
206 
246 
244 
240 
242 
246 
244 
244 
242 
358 
240 
224 
242 
244 
240 
244 
242 
590 
240 
226 
242 
242 
246 
242 
244 
242 
216 
240 
244 
246 
244 
242 
244 
42 
38 
42 
46 
48 
46 
72 
244 
242 
300 
242 
222 
244 
240 
244 
246 
244 
536 
240 
220 
246 
242 
246 
244 
244 
240 
244 
246 
246 
240 
242 
244 
240 
240 
242 
246 
244 
244 
246 
240 
244 
242 
256 
242 
226 
242 
240 
244 
244 
238 
478 
242 
222 
44 
42 
42 
40 
40 
244 
246 
246 
238 
242 
242 
244 
240 
244 
238 
242 
244 
240 
242 
244 
240 
244 
224 
242 
220 
240 
244 
242 
244 
240 
452 
244 
226 
240 
246 
244 
244 
246 
678 
240 
244 
244 
240 
240 
246 
246 
242 
242 
242 
242 
244 
244 
46 
42 
36 
40 
40 
40 
246 
244 
244 
240 
244 
384 
238 
226 
246 
242 
242 
244 
244 
596 
240 
232 
246 
244 
242 
246 
242 
246 
242 
242 
242 
246 
240 
240 
244 
244 
244 
244 
222 
244 
242 
242 
242 
246 
376 
248 
220 
238 
244 
246 
244 
246 
44 
38 
40 
42 
42 
42 
38 
240 
244 
238 
242 
240 
244 
246 
244 
242 
244 
240 
242 
240 
242 
244 
242 
240 
244 
304 
240 
224 
244 
244 
240 
236 
244 
512 
244 
228 
248 
246 
244 
244 
244 
242 
244 
240 
242 
240 
242 
240 
246 
244 
242 
244 
244 
240 
40 
42 
42 
42 
42 
242 
224 
244 
242 
242 
240 
246 
494 
244 
222 
242 
240 
244 
248 
242 
244 
242 
242 
240 
244 
244 
244 
244 
246 
240 
242 
246 
240 
242 
244 
242 
248 
232 
240 
222 
242 
242 
242 
238 
240 
456 
240 
224 
240 
242 
244 
246 
242 
38 
42 
42 
44 
40 
242 
240 
244 
244 
242 
242 
240 
244 
244 
242 
242 
246 
246 
242 
224 
242 
246 
242 
238 
242 
392 
246 
224 
242 
238 
244 
242 
240 
620 
246 
226 
240 
242 
242 
240 
244 
240 
242 
242 
242 
242 
240 
242 
244 
246 
242 
38 
44 
42 
44 
42 
42 
242 
352 
242 
224 
240 
242 
242 
244 
244 
596 
238 
224 
242 
240 
240 
242 
242 
242 
246 
244 
242 
244 
244 
244 
246 
244 
242 
244 
242 
244 
240 
242 
244 
240 
302 
244 
226 
244 
244 
242 
242 
242 
534 
244 
222 
244 
42 
42 
42 
44 
42 
42 
242 
244 
244 
244 
242 
244 
244 
242 
248 
242 
244 
244 
242 
238 
244 
256 
242 
224 
244 
240 
244 
240 
244 
500 
244 
224 
240 
244 
242 
242 
242 
244 
242 
238 
240 
242 
244 
246 
240 
244 
242 
246 
244 
242 
246 
240 
40 
40 
40 
42 
42 
44 
40 
244 
242 
242 
466 
238 
224 
242 
242 
244 
240 
242 
692 
246 
244 
242 
242 
242 
242 
242 
242 
244 
240 
244 
242 
242 
250 
240 
244 
244 
244 
222 
244 
244 
244 
242 
242 
396 
246 
222 
242 
244 
242 
240 
244 
624 
240 
232 
42 
40 
42 
40 
42 
242 
238 
244 
242 
242 
242 
246 
244 
240 
242 
242 
220 
242 
242 
238 
240 
244 
374 
242 
222 
242 
242 
244 
242 
244 
606 
242 
220 
236 
246 
244 
244 
244 
242 
244 
242 
240 
244 
240 
240 
238 
242 
244 
206 
1138 
232 
228 
794 
434 
3284 
3692 
228 
40 
44 
42 
40 
44 
44 
42 
242 
224 
244 
240 
242 
238 
242 
242 
244 
242 
242 
244 
244 
238 
242 
240 
246 
242 
240 
246 
242 
244 
242 
246 
266 
242 
224 
3338 
238 
0 
244 
244 
494 
244 
220 
244 
238 
242 
242 
242 
242 
242 
240 
246 
240 
242 
240 
40 
42 
42 
40 
42 
242 
242 
240 
246 
242 
228 
248 
224 
244 
248 
244 
244 
240 
452 
242 
222 
244 
242 
244 
244 
240 
680 
242 
244 
240 
240 
244 
244 
242 
242 
242 
244 
246 
240 
242 
244 
242 
240 
244 
240 
220 
244 
242 
240 
244 
244 
384 
44 
44 
42 
42 
42 
42 
36 
618 
244 
240 
240 
244 
240 
244 
242 
242 
238 
242 
238 
242 
242 
240 
240 
242 
246 
240 
224 
238 
248 
244 
244 
246 
364 
248 
222 
242 
244 
244 
242 
238 
600 
242 
224 
242 
246 
246 
244 
244 
244 
244 
242 
246 
244 
40 
42 
42 
42 
40 
40 
244 
246 
246 
238 
244 
246 
278 
240 
226 
246 
242 
244 
242 
242 
510 
244 
222 
246 
244 
242 
246 
242 
242 
240 
244 
246 
242 
244 
236 
238 
246 
246 
246 
244 
238 
242 
242 
242 
244 
256 
240 
222 
242 
244 
242 
244 
40 
42 
42 
38 
42 
42 
244 
246 
248 
240 
246 
244 
240 
248 
242 
244 
240 
240 
242 
246 
240 
244 
242 
244 
242 
244 
238 
242 
228 
246 
244 
244 
242 
242 
440 
242 
226 
244 
244 
244 
244 
244 
672 
244 
248 
244 
246 
244 
240 
242 
240 
242 
42 
42 
116 
42 
42 
42 
240 
244 
244 
222 
248 
244 
242 
244 
244 
386 
248 
220 
244 
240 
246 
242 
240 
634 
244 
244 
242 
244 
242 
240 
246 
244 
244 
242 
224 
240 
244 
246 
244 
240 
242 
242 
246 
242 
244 
246 
242 
244 
390 
242 
222 
244 
244 
42 
40 
44 
42 
42 
40 
244 
242 
242 
242 
244 
240 
248 
242 
242 
244 
240 
242 
242 
238 
242 
242 
244 
244 
242 
242 
238 
242 
278 
244 
224 
244 
248 
244 
244 
240 
530 
244 
228 
242 
206 
238 
238 
242 
244 
244 
244 
244 
242 
246 
244 
226 
42 
0 
246 
40 
242 
242 
244 
242 
240 
260 
244 
410 
242 
246 
242 
240 
246 
506 
266 
220 
240 
240 
242 
242 
244 
244 
240 
244 
242 
244 
244 
244 
242 
242 
236 
242 
244 
244 
246 
242 
244 
244 
232 
244 
220 
246 
242 
244 
222 
240 
42 
44 
42 
42 
44 
244 
244 
242 
668 
242 
246 
244 
240 
246 
238 
224 
240 
244 
244 
242 
246 
242 
246 
238 
242 
242 
244 
226 
244 
240 
240 
242 
244 
380 
246 
220 
244 
246 
242 
276 
244 
620 
244 
248 
242 
242 
242 
210 
246 
246 
246 
44 
42 
40 
42 
42 
40 
42 
246 
242 
244 
244 
242 
242 
244 
242 
384 
238 
224 
242 
242 
244 
244 
242 
590 
240 
222 
242 
242 
240 
244 
240 
242 
238 
244 
244 
242 
244 
240 
242 
242 
240 
242 
244 
240 
244 
240 
244 
244 
276 
246 
220 
246 
240 
238 
42 
40 
42 
44 
224 
242 
244 
240 
244 
240 
246 
244 
242 
242 
244 
244 
242 
242 
242 
244 
244 
244 
246 
242 
246 
242 
240 
262 
246 
222 
242 
242 
244 
242 
246 
504 
222 
224 
242 
242 
242 
244 
244 
246 
244 
244 
224 
244 
244 
240 
242 
44 
42 
42 
42 
44 
44 
242 
248 
244 
234 
238 
226 
242 
240 
246 
244 
242 
450 
240 
222 
242 
246 
246 
244 
244 
678 
242 
208 
248 
244 
242 
246 
240 
240 
244 
240 
242 
244 
240 
240 
246 
240 
248 
242 
220 
242 
240 
242 
240 
246 
412 
244 
222 
40 
44 
38 
44 
42 
628 
242 
240 
242 
242 
238 
244 
242 
240 
240 
242 
240 
244 
244 
244 
244 
244 
248 
240 
220 
244 
240 
244 
220 
244 
378 
242 
220 
244 
244 
248 
242 
240 
590 
242 
222 
246 
242 
242 
244 
244 
242 
244 
242 
246 
242 
240 
42 
40 
42 
42 
40 
42 
244 
246 
240 
244 
242 
290 
244 
262 
242 
246 
242 
238 
244 
528 
242 
226 
246 
248 
244 
240 
240 
246 
244 
240 
246 
242 
240 
246 
240 
242 
242 
244 
240 
242 
244 
242 
244 
244 
274 
244 
220 
240 
246 
240 
242 
242 
42 
40 
42 
42 
40 
200 
242 
244 
228 
242 
240 
240 
244 
240 
244 
244 
226 
242 
242 
240 
246 
244 
244 
244 
224 
218 
242 
220 
246 
240 
240 
242 
242 
444 
240 
228 
246 
238 
242 
246 
240 
656 
244 
246 
240 
240 
240 
218 
246 
242 
244 
42 
42 
40 
40 
42 
38 
42 
244 
244 
226 
238 
242 
240 
238 
240 
392 
242 
224 
240 
246 
244 
244 
244 
652 
246 
248 
242 
244 
244 
244 
240 
240 
242 
244 
246 
240 
244 
246 
240 
242 
242 
244 
240 
240 
242 
246 
246 
244 
372 
242 
220 
244 
242 
242 
246 
40 
42 
40 
42 
42 
244 
246 
242 
240 
242 
244 
246 
246 
248 
242 
242 
244 
242 
242 
246 
244 
240 
238 
246 
240 
242 
280 
246 
224 
240 
204 
246 
246 
242 
540 
244 
220 
242 
244 
240 
242 
240 
242 
244 
242 
244 
242 
242 
244 
242 
242 
44 
42 
42 
42 
40 
42 
244 
244 
298 
244 
222 
244 
246 
244 
242 
240 
516 
244 
220 
244 
242 
244 
242 
244 
246 
244 
246 
240 
242 
244 
246 
242 
248 
240 
244 
244 
240 
246 
242 
246 
240 
222 
242 
222 
242 
246 
242 
246 
244 
442 
242 
226 
42 
44 
42 
40 
42 
44 
248 
242 
240 
242 
244 
242 
246 
242 
244 
242 
242 
244 
242 
244 
242 
246 
242 
242 
222 
240 
242 
242 
242 
244 
404 
242 
220 
242 
242 
244 
242 
242 
650 
242 
244 
244 
242 
242 
242 
388 
244 
242 
240 
244 
546 
242 
240 
242 
40 
44 
44 
40 
42 
40 
246 
242 
240 
368 
240 
224 
242 
246 
246 
244 
242 
588 
244 
224 
238 
242 
244 
242 
240 
244 
242 
244 
244 
240 
242 
244 
244 
242 
246 
238 
244 
244 
240 
242 
242 
240 
272 
246 
226 
244 
242 
244 
242 
240 
542 
246 
40 
44 
42 
44 
42 
42 
42 
242 
246 
242 
244 
242 
244 
240 
240 
240 
242 
242 
238 
244 
244 
244 
242 
284 
242 
220 
240 
244 
244 
242 
244 
532 
238 
222 
240 
242 
246 
242 
242 
242 
244 
248 
246 
246 
242 
242 
242 
244 
242 
242 
244 
242 
242 
242 
244 
44 
42 
42 
46 
246 
242 
246 
242 
242 
448 
246 
224 
244 
242 
242 
242 
242 
700 
242 
240 
240 
244 
242 
242 
240 
242 
242 
242 
244 
244 
240 
242 
240 
246 
242 
244 
224 
242 
246 
244 
242 
242 
428 
242 
226 
234 
242 
244 
244 
246 
656 
242 
40 
42 
42 
42 
42 
242 
240 
242 
242 
240 
240 
238 
244 
244 
242 
244 
238 
236 
242 
244 
244 
244 
240 
356 
244 
224 
244 
244 
244 
242 
242 
590 
242 
224 
240 
240 
240 
244 
244 
224 
244 
246 
240 
242 
242 
242 
240 
244 
244 
246 
244 
38 
40 
42 
42 
42 
42 
246 
226 
244 
246 
252 
240 
246 
522 
242 
222 
246 
246 
242 
242 
242 
244 
244 
242 
244 
242 
244 
226 
244 
244 
242 
242 
238 
244 
240 
246 
246 
242 
282 
238 
220 
242 
242 
222 
242 
242 
528 
244 
222 
244 
222 
244 
242 
42 
42 
44 
40 
42 
42 
246 
240 
240 
242 
242 
240 
244 
244 
242 
246 
246 
240 
226 
246 
224 
248 
244 
244 
242 
240 
438 
242 
224 
244 
242 
244 
240 
244 
680 
246 
244 
240 
240 
244 
244 
244 
242 
246 
244 
242 
200 
240 
240 
244 
244 
226 
246 
44 
40 
40 
40 
40 
42 
42 
42 
42 
242 
244 
246 
242 
242 
654 
242 
248 
230 
242 
244 
242 
240 
240 
242 
242 
242 
242 
242 
240 
244 
242 
242 
242 
244 
244 
304 
240 
242 
244 
350 
248 
224 
242 
242 
244 
240 
242 
584 
244 
220 
226 
244 
248 
246 
240 
42 
38 
42 
42 
42 
42 
242 
244 
240 
202 
240 
240 
240 
244 
244 
240 
244 
300 
242 
226 
244 
242 
240 
244 
242 
538 
244 
226 
242 
242 
246 
244 
238 
244 
240 
240 
240 
240 
240 
242 
244 
244 
242 
242 
244 
240 
238 
242 
242 
242 
292 
246 
42 
40 
44 
40 
42 
42 
518 
240 
222 
240 
242 
246 
242 
244 
242 
240 
244 
244 
242 
246 
240 
242 
246 
244 
244 
244 
222 
242 
244 
244 
240 
222 
242 
226 
240 
242 
242 
242 
244 
926 
260 
222 
242 
244 
242 
240 
242 
658 
240 
224 
244 
246 
236 
40 
40 
40 
38 
44 
244 
238 
242 
244 
238 
244 
246 
242 
220 
246 
242 
242 
242 
242 
426 
238 
220 
242 
244 
242 
240 
244 
202 
246 
238 
246 
242 
242 
244 
244 
242 
246 
240 
244 
240 
242 
242 
246 
242 
244 
242 
242 
244 
242 
242 
240 
40 
40 
40 
42 
42 
42 
38 
42 
204 
572 
242 
224 
244 
242 
206 
244 
242 
244 
246 
244 
242 
244 
244 
244 
244 
242 
246 
242 
244 
242 
240 
242 
242 
242 
300 
242 
226 
240 
222 
242 
246 
244 
554 
244 
224 
240 
242 
244 
244 
244 
248 
242 
242 
240 
108 
40 
42 
42 
40 
42 
242 
242 
244 
240 
246 
242 
242 
304 
244 
224 
242 
244 
246 
242 
242 
530 
246 
226 
240 
242 
246 
724 
226 
244 
238 
242 
244 
240 
240 
206 
246 
244 
244 
244 
242 
246 
244 
244 
242 
244 
236 
242 
222 
246 
240 
242 
240 
44 
42 
44 
44 
42 
238 
242 
246 
244 
686 
244 
242 
246 
244 
240 
246 
242 
242 
244 
244 
242 
242 
242 
242 
244 
240 
244 
242 
222 
248 
244 
244 
242 
244 
446 
244 
226 
224 
222 
244 
242 
224 
674 
242 
230 
246 
240 
240 
244 
246 
242 
244 
40 
40 
42 
40 
42 
42 
242 
242 
244 
240 
248 
244 
244 
244 
242 
364 
244 
224 
244 
244 
242 
246 
242 
566 
244 
220 
242 
244 
240 
242 
240 
242 
240 
242 
240 
244 
242 
242 
244 
240 
242 
244 
240 
330 
242 
244 
246 
242 
306 
246 
220 
240 
42 
42 
42 
44 
40 
44 
222 
242 
246 
244 
242 
244 
244 
244 
246 
244 
242 
242 
242 
244 
244 
244 
246 
240 
240 
242 
238 
238 
240 
288 
242 
224 
242 
244 
248 
244 
242 
520 
246 
198 
242 
242 
242 
244 
242 
240 
242 
238 
242 
240 
244 
244 
240 
42 
42 
42 
40 
44 
244 
244 
242 
246 
224 
240 
226 
242 
246 
244 
238 
246 
586 
234 
224 
246 
244 
244 
242 
246 
680 
244 
246 
242 
246 
244 
244 
246 
242 
244 
244 
244 
240 
238 
240 
248 
244 
222 
244 
218 
240 
244 
242 
244 
242 
442 
242 
216 
42 
40 
42 
44 
42 
38 
246 
244 
242 
246 
224 
242 
244 
238 
246 
246 
244 
244 
244 
244 
240 
242 
240 
242 
240 
238 
240 
238 
242 
242 
360 
244 
224 
246 
240 
240 
240 
244 
568 
242 
224 
242 
244 
246 
240 
244 
242 
244 
206 
240 
246 
204 
42 
44 
42 
40 
46 
40 
46 
40 
248 
244 
244 
326 
242 
204 
244 
242 
244 
242 
224 
548 
224 
226 
242 
248 
238 
204 
244 
228 
248 
242 
244 
244 
242 
246 
240 
242 
240 
238 
242 
244 
242 
244 
242 
244 
300 
246 
224 
246 
242 
206 
202 
242 
508 
244 
224 
44 
42 
40 
42 
44 
244 
240 
240 
244 
242 
242 
204 
244 
242 
244 
244 
242 
242 
244 
238 
246 
246 
232 
244 
226 
240 
244 
242 
244 
244 
440 
244 
226 
244 
240 
244 
244 
242 
666 
246 
246 
242 
242 
244 
244 
244 
244 
226 
244 
242 
246 
40 
42 
42 
40 
42 
242 
224 
238 
240 
244 
244 
242 
420 
250 
222 
242 
238 
242 
242 
242 
668 
244 
234 
240 
246 
244 
244 
244 
244 
240 
238 
244 
242 
240 
244 
242 
244 
242 
244 
242 
244 
244 
242 
246 
244 
352 
246 
222 
244 
202 
242 
242 
42 
42 
44 
42 
40 
202 
240 
244 
246 
244 
246 
238 
240 
244 
208 
242 
242 
244 
242 
242 
244 
240 
246 
242 
244 
240 
292 
242 
218 
246 
244 
244 
242 
242 
580 
242 
220 
244 
244 
244 
244 
244 
246 
244 
248 
242 
242 
244 
240 
242 
244 
242 
40 
40 
44 
42 
40 
240 
242 
276 
240 
222 
244 
242 
244 
242 
244 
508 
244 
222 
242 
242 
238 
244 
242 
244 
244 
244 
246 
244 
238 
242 
242 
244 
240 
210 
242 
242 
242 
242 
244 
244 
232 
230 
222 
246 
238 
244 
242 
244 
448 
240 
222 
240 
42 
44 
42 
40 
42 
244 
244 
240 
238 
244 
244 
246 
240 
242 
240 
242 
244 
244 
244 
242 
242 
236 
240 
220 
242 
242 
246 
242 
244 
450 
242 
222 
238 
246 
248 
240 
238 
652 
244 
226 
240 
244 
242 
246 
240 
246 
242 
244 
242 
244 
242 
244 
204 
42 
38 
40 
42 
40 
42 
242 
244 
226 
326 
242 
222 
228 
244 
242 
240 
242 
572 
246 
222 
248 
242 
244 
240 
244 
242 
242 
242 
244 
242 
244 
240 
242 
244 
244 
240 
246 
242 
244 
248 
240 
244 
344 
244 
220 
242 
242 
244 
620 
244 
572 
240 
44 
40 
44 
38 
44 
42 
42 
42 
244 
242 
246 
246 
238 
242 
242 
246 
244 
244 
244 
246 
244 
240 
242 
286 
244 
224 
240 
246 
242 
240 
240 
502 
242 
220 
244 
244 
242 
242 
244 
244 
242 
244 
242 
244 
246 
244 
242 
242 
242 
242 
242 
240 
242 
242 
44 
38 
42 
40 
40 
42 
242 
242 
242 
244 
464 
244 
224 
244 
242 
242 
246 
244 
696 
246 
242 
242 
242 
248 
240 
242 
240 
242 
240 
240 
244 
242 
244 
244 
244 
232 
242 
224 
244 
202 
200 
246 
242 
426 
242 
220 
242 
240 
242 
242 
244 
652 
44 
40 
42 
46 
40 
42 
42 
44 
246 
242 
202 
246 
246 
244 
240 
246 
242 
202 
240 
244 
244 
244 
242 
244 
368 
240 
224 
244 
234 
240 
248 
242 
592 
242 
224 
244 
240 
238 
244 
246 
244 
244 
244 
242 
244 
244 
244 
240 
242 
246 
242 
240 
244 
246 
244 
44 
44 
42 
42 
40 
40 
244 
242 
246 
240 
570 
246 
224 
242 
242 
242 
252 
244 
238 
242 
242 
244 
214 
246 
244 
240 
246 
242 
240 
246 
244 
242 
244 
242 
242 
284 
248 
226 
246 
242 
224 
244 
242 
486 
240 
224 
242 
240 
242 
244 
246 
220 
40 
40 
42 
40 
44 
42 
40 
248 
242 
248 
240 
244 
246 
242 
242 
242 
214 
246 
206 
244 
248 
242 
244 
244 
436 
242 
220 
208 
244 
244 
242 
244 
700 
246 
244 
226 
242 
244 
242 
242 
242 
226 
244 
244 
244 
242 
242 
242 
244 
222 
242 
228 
240 
242 
42 
42 
42 
42 
42 
42 
242 
248 
242 
242 
240 
672 
242 
230 
240 
246 
202 
242 
240 
244 
242 
244 
244 
242 
240 
244 
240 
240 
240 
244 
244 
242 
242 
244 
238 
242 
344 
244 
220 
242 
244 
244 
242 
246 
590 
246 
228 
244 
240 
242 
244 
240 
40 
42 
40 
42 
244 
242 
244 
244 
242 
246 
244 
244 
242 
242 
240 
242 
244 
324 
240 
218 
244 
244 
240 
244 
240 
578 
240 
222 
242 
202 
244 
240 
240 
244 
242 
244 
222 
240 
242 
240 
238 
240 
238 
224 
244 
244 
244 
240 
240 
224 
272 
44 
42 
42 
44 
42 
42 
42 
40 
40 
222 
242 
244 
244 
242 
244 
242 
208 
242 
244 
240 
240 
242 
246 
242 
240 
242 
242 
244 
242 
240 
242 
244 
234 
244 
222 
250 
244 
240 
244 
242 
470 
240 
224 
240 
242 
246 
240 
242 
700 
240 
250 
240 
238 
244 
242 
38 
40 
42 
44 
40 
42 
40 
244 
224 
244 
232 
244 
222 
242 
242 
246 
244 
242 
424 
242 
222 
242 
244 
244 
204 
240 
662 
242 
228 
244 
244 
248 
244 
246 
244 
242 
242 
244 
240 
240 
240 
242 
242 
244 
244 
244 
242 
244 
238 
242 
242 
316 
244 
40 
42 
44 
40 
40 
44 
42 
242 
220 
240 
242 
244 
246 
244 
240 
244 
244 
242 
242 
242 
246 
242 
244 
246 
246 
244 
246 
244 
244 
244 
242 
360 
238 
206 
244 
244 
244 
242 
244 
570 
242 
218 
246 
242 
242 
246 
242 
336 
238 
240 
242 
242 
42 
44 
44 
40 
42 
42 
242 
244 
242 
240 
240 
238 
274 
240 
222 
226 
242 
242 
242 
244 
490 
242 
222 
242 
240 
244 
240 
240 
242 
244 
244 
242 
244 
242 
240 
240 
240 
242 
246 
246 
240 
228 
244 
244 
244 
246 
242 
222 
244 
242 
242 
242 
40 
42 
44 
40 
42 
40 
222 
242 
240 
242 
242 
242 
244 
246 
234 
220 
244 
246 
244 
244 
240 
244 
242 
248 
246 
244 
222 
246 
222 
238 
244 
240 
242 
242 
434 
244 
222 
246 
244 
242 
242 
244 
644 
242 
228 
240 
242 
244 
242 
240 
242 
246 
244 
242 
42 
44 
42 
40 
42 
42 
44 
220 
244 
242 
242 
244 
242 
372 
242 
224 
242 
240 
244 
242 
242 
592 
244 
204 
240 
240 
242 
244 
240 
244 
242 
242 
246 
242 
240 
244 
244 
244 
240 
240 
242 
244 
244 
242 
226 
244 
348 
240 
220 
244 
242 
244 
242 
40 
42 
42 
44 
42 
242 
240 
244 
240 
244 
722 
242 
220 
242 
244 
240 
242 
244 
200 
246 
240 
242 
242 
246 
244 
240 
262 
244 
222 
248 
220 
240 
246 
244 
470 
242 
224 
246 
244 
244 
244 
242 
240 
246 
246 
240 
242 
242 
242 
244 
244 
240 
80 
42 
40 
40 
40 
40 
244 
250 
242 
222 
244 
238 
240 
240 
246 
478 
242 
218 
242 
240 
242 
240 
244 
700 
246 
200 
246 
242 
240 
242 
244 
240 
242 
240 
240 
242 
242 
246 
224 
244 
224 
244 
220 
222 
242 
242 
244 
242 
432 
242 
512 
244 
242 
42 
42 
40 
42 
42 
246 
244 
240 
242 
240 
244 
250 
242 
246 
224 
244 
244 
244 
242 
240 
240 
244 
224 
242 
242 
242 
242 
244 
344 
214 
222 
240 
242 
244 
240 
244 
596 
248 
222 
244 
242 
242 
242 
244 
246 
244 
246 
246 
240 
244 
242 
40 
44 
40 
40 
42 
44 
246 
242 
246 
242 
362 
244 
218 
224 
244 
242 
244 
244 
578 
238 
220 
244 
246 
240 
242 
244 
242 
240 
242 
240 
242 
242 
246 
244 
204 
244 
244 
242 
244 
244 
244 
244 
244 
268 
242 
222 
226 
244 
242 
240 
240 
496 
248 
42 
42 
42 
40 
40 
40 
242 
240 
242 
244 
244 
244 
240 
244 
248 
244 
244 
244 
242 
240 
242 
242 
240 
236 
244 
220 
244 
244 
242 
244 
240 
478 
242 
220 
242 
242 
244 
242 
244 
700 
244 
240 
242 
242 
246 
244 
246 
244 
240 
244 
242 
244 
42 
40 
44 
40 
232 
242 
224 
246 
246 
246 
246 
240 
410 
240 
222 
242 
248 
242 
242 
244 
656 
242 
228 
244 
242 
244 
240 
242 
242 
246 
244 
242 
242 
242 
242 
246 
240 
240 
248 
222 
244 
244 
242 
240 
246 
372 
244 
224 
242 
244 
38 
42 
42 
44 
42 
42 
42 
242 
242 
246 
244 
244 
244 
246 
242 
240 
242 
242 
244 
246 
244 
242 
240 
242 
240 
242 
248 
242 
352 
244 
224 
244 
242 
240 
242 
242 
584 
244 
222 
242 
244 
242 
240 
248 
242 
238 
242 
242 
246 
244 
240 
242 
242 
42 
44 
40 
42 
40 
42 
240 
240 
272 
246 
222 
240 
242 
244 
246 
238 
506 
242 
220 
244 
244 
244 
244 
242 
244 
244 
240 
244 
238 
244 
246 
246 
244 
244 
244 
246 
240 
242 
240 
246 
242 
258 
240 
224 
242 
242 
240 
244 
244 
484 
240 
224 
42 
40 
40 
40 
44 
700 
242 
244 
244 
244 
242 
242 
244 
246 
242 
244 
240 
244 
240 
240 
240 
244 
236 
242 
222 
246 
242 
240 
242 
240 
410 
244 
220 
242 
242 
244 
240 
246 
658 
242 
222 
244 
246 
242 
242 
240 
244 
244 
242 
240 
246 
244 
244 
242 
246 
44 
40 
40 
38 
40 
38 
244 
242 
358 
242 
222 
240 
246 
242 
244 
244 
598 
240 
236 
244 
242 
244 
240 
244 
246 
244 
244 
240 
244 
244 
240 
246 
240 
236 
238 
242 
240 
240 
244 
244 
242 
358 
242 
226 
244 
242 
242 
246 
244 
564 
246 
220 
246 
246 
246 
42 
70 
42 
40 
40 
42 
44 
44 
246 
240 
240 
246 
244 
240 
244 
242 
242 
242 
242 
264 
240 
220 
244 
242 
242 
242 
244 
504 
242 
222 
246 
244 
244 
242 
240 
244 
240 
246 
242 
240 
244 
246 
246 
240 
242 
242 
242 
244 
240 
244 
242 
244 
264 
242 
42 
44 
42 
244 
244 
244 
500 
238 
224 
242 
722 
244 
244 
242 
246 
238 
246 
244 
242 
242 
246 
244 
246 
244 
242 
244 
242 
246 
240 
240 
242 
242 
244 
226 
244 
244 
244 
244 
242 
410 
240 
224 
242 
244 
244 
244 
238 
654 
240 
248 
242 
204 
244 
244 
246 
240 
210 
202 
250 
222 
256 
240 
220 
242 
246 
242 
224 
244 
244 
240 
202 
220 
374 
244 
220 
246 
254 
242 
244 
212 
608 
246 
232 
246 
242 
242 
242 
224 
222 
224 
242 
242 
238 
210 
246 
246 
204 
206 
264 
234 
242 
238 
202 
246 
224 
320 
260 
222 
230 
230 
222 
228 
250 
260 
250 
228 
216 
216 
210 
262 
232 
242 
252 
246 
204 
256 
214 
250 
254 
246 
260 
266 
252 
246 
230 
204 
244 
246 
556 
216 
228 
224 
256 
208 
246 
240 
508 
250 
246 
212 
222 
242 
210 
202 
216 
246 
236 
220 
226 
242 
244 
244 
246 
306 
242 
250 
240 
240 
240 
242 
244 
262 
244 
218 
240 
242 
244 
256 
240 
246 
242 
222 
240 
242 
244 
246 
242 
692 
246 
242 
242 
242 
242 
244 
242 
246 
240 
244 
238 
220 
244 
242 
246 
242 
242 
240 
250 
242 
246 
240 
244 
242 
404 
244 
220 
204 
242 
244 
242 
242 
654 
242 
246 
246 
242 
242 
246 
222 
242 
244 
242 
202 
240 
200 
240 
238 
244 
242 
244 
228 
244 
238 
244 
242 
238 
396 
240 
226 
244 
240 
242 
242 
240 
620 
244 
228 
242 
244 
244 
244 
242 
242 
240 
240 
242 
242 
246 
336 
244 
240 
244 
244 
240 
242 
244 
242 
244 
246 
358 
244 
224 
248 
240 
240 
240 
240 
570 
244 
222 
242 
242 
240 
238 
242 
244 
244 
242 
244 
242 
240 
240 
238 
246 
238 
244 
242 
242 
246 
240 
244 
242 
258 
242 
224 
246 
244 
246 
240 
240 
506 
244 
226 
242 
244 
242 
242 
240 
244 
244 
244 
246 
244 
244 
242 
242 
244 
244 
244 
