# FR-trace starting at Tue Apr 20 17:43:44 2021
################# CONFIG #################
# slot=9000
# samples=5000
# threshold=100
# idle=500
# minlen=500
# runs=60000
# pdathreads=3
# nmonitored=1
#   monitor0=/usr/local/lib/libcrypto.so 770062 0xbc00e
# nevicted=0
# npdatargets=1
#   target0=/usr/local/lib/libcrypto.so 750148 0xb7244
# affinity=all
############## SYSTEM INFO ###############
# mastik_version=
# sysname=Linux
# nodename=0b12265572f4
# release=5.8.0-50-generic
# version=#56~20.04.1-Ubuntu SMP Mon Apr 12 21:46:35 UTC 2021
# machine=x86_64
################## DATA ##################
# run=1
# datapoints=5000
40 
244 
240 
244 
246 
242 
242 
242 
242 
242 
222 
244 
244 
222 
246 
222 
240 
242 
224 
238 
244 
450 
236 
224 
242 
40 
242 
40 
40 
44 
40 
246 
244 
242 
242 
250 
244 
244 
244 
248 
240 
244 
242 
240 
246 
244 
300 
40 
224 
242 
240 
244 
244 
238 
500 
240 
220 
240 
242 
242 
240 
238 
610 
244 
230 
242 
242 
242 
240 
240 
244 
244 
242 
242 
240 
242 
244 
236 
244 
224 
240 
268 
44 
42 
40 
42 
40 
42 
40 
222 
246 
0 
0 
0 
246 
588 
246 
222 
246 
244 
244 
242 
248 
244 
244 
246 
226 
246 
244 
244 
244 
242 
244 
246 
244 
224 
246 
244 
248 
244 
296 
244 
224 
246 
242 
246 
246 
244 
508 
244 
228 
244 
250 
246 
244 
248 
246 
242 
240 
226 
242 
246 
242 
44 
42 
44 
44 
44 
42 
46 
44 
40 
244 
224 
244 
222 
242 
244 
246 
246 
246 
468 
244 
224 
246 
244 
240 
242 
246 
698 
244 
242 
242 
248 
246 
244 
242 
244 
242 
246 
246 
244 
246 
244 
246 
242 
228 
244 
226 
244 
242 
248 
248 
248 
462 
242 
224 
244 
248 
246 
244 
248 
690 
46 
42 
44 
42 
42 
42 
44 
44 
42 
226 
244 
244 
240 
244 
246 
246 
246 
246 
244 
246 
244 
246 
246 
242 
374 
248 
228 
246 
248 
242 
244 
244 
596 
244 
226 
248 
242 
248 
248 
244 
242 
248 
244 
244 
246 
244 
246 
242 
246 
248 
202 
244 
246 
246 
248 
246 
244 
364 
250 
228 
44 
44 
44 
40 
44 
44 
244 
228 
244 
244 
246 
244 
248 
244 
246 
244 
246 
248 
246 
244 
246 
224 
244 
244 
246 
242 
248 
246 
248 
242 
284 
242 
224 
246 
248 
242 
244 
246 
512 
244 
226 
250 
246 
242 
246 
244 
0 
0 
0 
240 
238 
246 
242 
242 
242 
242 
244 
40 
44 
40 
42 
42 
40 
242 
242 
222 
246 
240 
222 
242 
242 
468 
244 
224 
242 
244 
240 
244 
246 
244 
244 
242 
246 
240 
242 
240 
244 
244 
242 
240 
240 
244 
242 
244 
242 
240 
224 
242 
222 
242 
242 
246 
242 
242 
466 
242 
224 
240 
244 
44 
40 
42 
44 
42 
244 
244 
246 
244 
240 
242 
246 
240 
242 
328 
244 
242 
244 
246 
242 
246 
242 
222 
240 
244 
246 
238 
244 
364 
242 
222 
244 
246 
246 
242 
242 
596 
244 
238 
244 
242 
240 
242 
242 
244 
244 
244 
242 
220 
242 
238 
42 
40 
40 
40 
42 
42 
42 
242 
242 
248 
372 
244 
216 
242 
242 
246 
242 
242 
596 
242 
228 
244 
246 
240 
240 
246 
244 
240 
240 
222 
244 
242 
242 
240 
242 
242 
222 
240 
242 
228 
244 
240 
238 
272 
240 
224 
244 
240 
244 
242 
242 
524 
244 
42 
44 
42 
42 
42 
40 
42 
42 
42 
238 
242 
240 
246 
244 
242 
240 
246 
242 
238 
202 
240 
242 
242 
258 
244 
226 
242 
244 
242 
244 
240 
468 
242 
228 
242 
240 
242 
248 
248 
242 
242 
200 
240 
242 
244 
244 
244 
242 
242 
244 
222 
242 
244 
244 
238 
42 
42 
42 
42 
42 
38 
40 
38 
42 
460 
246 
218 
242 
240 
238 
238 
244 
692 
244 
0 
0 
0 
248 
248 
244 
244 
228 
242 
250 
246 
248 
244 
242 
242 
246 
246 
224 
292 
244 
242 
246 
244 
382 
242 
226 
244 
244 
244 
244 
242 
598 
244 
244 
242 
246 
244 
244 
248 
46 
42 
40 
42 
44 
42 
244 
242 
242 
324 
248 
244 
242 
246 
244 
246 
244 
372 
242 
224 
244 
244 
242 
246 
248 
610 
242 
224 
246 
242 
246 
248 
246 
244 
242 
242 
248 
244 
246 
246 
242 
246 
242 
222 
242 
246 
250 
244 
244 
246 
278 
244 
228 
44 
44 
42 
44 
46 
42 
44 
222 
242 
246 
244 
242 
242 
244 
246 
244 
242 
246 
244 
240 
246 
246 
206 
244 
244 
244 
250 
244 
248 
204 
246 
242 
226 
242 
242 
244 
244 
246 
492 
250 
228 
244 
524 
204 
246 
244 
702 
244 
242 
242 
246 
246 
248 
248 
244 
46 
44 
42 
42 
46 
248 
246 
242 
228 
246 
222 
246 
296 
244 
246 
244 
430 
244 
222 
248 
248 
244 
244 
246 
650 
242 
232 
244 
246 
244 
246 
244 
242 
244 
244 
248 
242 
242 
246 
224 
242 
244 
248 
220 
248 
246 
244 
244 
244 
362 
246 
226 
244 
44 
46 
44 
44 
42 
46 
44 
246 
248 
248 
242 
318 
226 
248 
246 
244 
244 
242 
244 
250 
244 
246 
246 
244 
246 
244 
248 
246 
244 
378 
244 
222 
246 
244 
246 
224 
246 
592 
244 
222 
244 
246 
248 
248 
246 
242 
240 
242 
220 
246 
224 
226 
246 
250 
244 
44 
44 
242 
44 
44 
46 
42 
272 
244 
226 
246 
242 
244 
250 
246 
494 
246 
220 
244 
244 
244 
222 
248 
242 
244 
246 
244 
244 
244 
244 
246 
246 
246 
244 
246 
202 
244 
250 
250 
244 
264 
244 
224 
246 
244 
242 
244 
244 
484 
244 
222 
246 
244 
246 
44 
44 
46 
44 
42 
246 
248 
244 
242 
246 
248 
244 
244 
246 
250 
244 
246 
248 
244 
236 
244 
224 
222 
242 
244 
248 
242 
430 
244 
224 
246 
246 
246 
248 
244 
666 
244 
242 
246 
248 
244 
244 
244 
244 
246 
246 
244 
246 
248 
242 
244 
246 
42 
44 
44 
46 
44 
44 
248 
246 
376 
246 
222 
246 
246 
242 
242 
244 
622 
246 
248 
246 
246 
248 
246 
252 
244 
250 
246 
244 
246 
244 
248 
242 
244 
252 
244 
242 
244 
246 
226 
244 
244 
368 
242 
228 
244 
252 
246 
248 
244 
594 
248 
228 
244 
46 
44 
44 
42 
44 
42 
42 
244 
248 
242 
244 
248 
244 
246 
246 
248 
244 
244 
236 
246 
244 
282 
244 
224 
242 
246 
242 
246 
244 
514 
242 
224 
244 
246 
242 
244 
248 
244 
244 
244 
248 
248 
240 
246 
242 
246 
244 
244 
242 
246 
248 
246 
246 
244 
272 
42 
40 
44 
42 
42 
248 
244 
496 
244 
226 
246 
246 
246 
244 
244 
244 
246 
242 
242 
246 
246 
244 
244 
246 
246 
248 
244 
242 
246 
246 
246 
246 
226 
248 
226 
246 
244 
246 
244 
242 
446 
246 
224 
244 
244 
244 
206 
242 
670 
244 
242 
244 
242 
222 
42 
42 
44 
46 
44 
42 
46 
244 
246 
244 
268 
248 
244 
226 
246 
242 
242 
246 
248 
372 
206 
226 
246 
246 
242 
244 
248 
612 
248 
244 
244 
244 
246 
244 
248 
244 
246 
244 
244 
246 
242 
248 
244 
246 
242 
246 
246 
242 
244 
246 
250 
248 
836 
242 
226 
42 
42 
46 
44 
44 
42 
244 
224 
246 
222 
228 
246 
248 
228 
242 
246 
224 
246 
246 
246 
228 
224 
246 
246 
244 
244 
246 
246 
244 
242 
270 
250 
224 
244 
244 
244 
248 
244 
510 
244 
226 
246 
246 
242 
248 
246 
244 
248 
248 
242 
246 
244 
246 
242 
44 
110 
42 
64 
44 
42 
246 
246 
246 
266 
246 
228 
240 
244 
246 
242 
244 
490 
248 
224 
248 
246 
246 
244 
242 
242 
246 
248 
246 
246 
244 
246 
244 
244 
206 
244 
242 
246 
244 
246 
244 
244 
224 
244 
224 
246 
246 
246 
246 
242 
424 
244 
226 
244 
248 
248 
40 
42 
44 
44 
250 
246 
244 
242 
246 
244 
244 
244 
244 
244 
244 
246 
244 
242 
246 
244 
244 
226 
246 
242 
244 
242 
246 
378 
244 
228 
242 
246 
238 
244 
246 
612 
248 
246 
242 
242 
246 
246 
244 
242 
246 
232 
244 
246 
248 
244 
244 
42 
44 
42 
44 
42 
42 
44 
246 
244 
374 
240 
228 
244 
242 
244 
246 
248 
208 
242 
220 
246 
244 
254 
246 
224 
246 
246 
244 
246 
248 
248 
244 
246 
250 
244 
244 
224 
242 
246 
242 
246 
244 
292 
248 
222 
244 
248 
226 
244 
246 
518 
248 
226 
242 
44 
44 
46 
44 
42 
204 
204 
244 
244 
246 
246 
242 
248 
246 
202 
244 
242 
246 
244 
246 
248 
266 
338 
228 
242 
244 
244 
250 
218 
504 
242 
226 
242 
244 
242 
244 
246 
244 
248 
242 
242 
246 
244 
246 
246 
248 
246 
248 
244 
246 
248 
244 
244 
44 
44 
40 
44 
44 
242 
244 
246 
244 
416 
246 
222 
246 
248 
248 
248 
242 
652 
242 
246 
244 
246 
246 
208 
242 
244 
248 
248 
242 
246 
244 
246 
244 
246 
248 
244 
224 
246 
246 
248 
246 
244 
404 
246 
224 
246 
244 
242 
242 
246 
642 
244 
242 
42 
44 
44 
44 
38 
42 
42 
246 
242 
244 
242 
244 
246 
246 
246 
244 
242 
244 
242 
250 
244 
246 
410 
244 
226 
246 
242 
246 
244 
246 
604 
244 
226 
244 
248 
246 
242 
242 
242 
244 
248 
244 
240 
244 
242 
244 
242 
244 
244 
244 
246 
242 
246 
246 
40 
42 
0 
44 
44 
42 
246 
242 
244 
518 
246 
228 
246 
250 
246 
244 
244 
244 
206 
246 
248 
246 
246 
242 
248 
248 
242 
248 
246 
242 
242 
244 
244 
248 
270 
242 
224 
250 
244 
246 
242 
248 
512 
242 
222 
246 
242 
246 
246 
246 
246 
244 
242 
242 
42 
44 
44 
46 
42 
44 
246 
244 
244 
246 
244 
248 
268 
234 
246 
226 
244 
208 
244 
244 
244 
410 
244 
224 
246 
250 
248 
242 
244 
662 
244 
254 
246 
244 
246 
242 
242 
244 
246 
242 
248 
244 
248 
240 
244 
246 
244 
244 
224 
246 
246 
246 
244 
246 
398 
42 
42 
44 
44 
44 
244 
242 
650 
244 
242 
228 
222 
228 
216 
258 
244 
202 
244 
248 
248 
244 
246 
246 
246 
246 
244 
244 
248 
246 
246 
248 
246 
374 
244 
224 
244 
248 
242 
248 
244 
574 
244 
224 
248 
244 
246 
244 
244 
244 
246 
242 
226 
246 
246 
42 
42 
44 
42 
42 
44 
246 
246 
242 
246 
244 
284 
242 
228 
244 
242 
244 
244 
246 
516 
202 
226 
246 
244 
208 
242 
244 
246 
240 
248 
242 
240 
246 
244 
244 
246 
244 
246 
244 
242 
242 
244 
244 
248 
292 
242 
224 
244 
246 
246 
242 
246 
514 
246 
42 
46 
42 
46 
46 
248 
246 
252 
246 
244 
246 
246 
242 
244 
244 
246 
224 
244 
250 
246 
248 
244 
244 
236 
246 
226 
246 
268 
244 
246 
246 
422 
244 
226 
244 
244 
244 
248 
246 
666 
248 
246 
248 
244 
242 
244 
244 
244 
244 
252 
242 
242 
44 
40 
40 
42 
42 
244 
220 
246 
244 
246 
246 
244 
408 
244 
222 
244 
244 
248 
244 
246 
628 
244 
248 
248 
244 
246 
248 
226 
246 
246 
244 
244 
242 
242 
242 
248 
244 
246 
240 
244 
248 
244 
246 
246 
246 
358 
244 
224 
244 
246 
242 
242 
242 
46 
42 
44 
44 
44 
242 
246 
206 
250 
246 
244 
244 
246 
244 
244 
244 
244 
248 
244 
242 
246 
244 
246 
246 
248 
288 
244 
228 
246 
242 
244 
244 
242 
518 
246 
226 
242 
244 
242 
244 
244 
242 
246 
224 
242 
244 
244 
244 
224 
246 
250 
242 
42 
44 
44 
44 
42 
42 
46 
246 
224 
246 
246 
244 
242 
244 
498 
244 
224 
246 
244 
242 
244 
246 
244 
242 
244 
246 
246 
244 
246 
246 
246 
228 
246 
248 
248 
244 
248 
224 
242 
244 
248 
224 
250 
244 
244 
244 
246 
428 
246 
228 
244 
246 
242 
244 
244 
668 
40 
40 
44 
44 
42 
246 
246 
242 
242 
246 
206 
244 
246 
244 
244 
244 
458 
242 
224 
250 
246 
250 
246 
244 
414 
246 
228 
244 
246 
244 
248 
248 
658 
246 
260 
242 
244 
246 
242 
244 
244 
244 
248 
242 
244 
246 
246 
288 
248 
242 
242 
244 
244 
44 
40 
42 
40 
44 
42 
224 
246 
242 
248 
244 
246 
578 
246 
222 
244 
244 
242 
242 
242 
250 
244 
246 
246 
244 
244 
210 
246 
244 
248 
248 
242 
246 
242 
246 
246 
244 
300 
246 
224 
246 
242 
246 
244 
250 
516 
242 
224 
246 
248 
246 
246 
244 
244 
42 
44 
44 
44 
44 
244 
248 
242 
242 
242 
242 
246 
244 
244 
246 
244 
274 
244 
228 
246 
244 
248 
246 
248 
508 
244 
230 
202 
248 
244 
242 
244 
244 
246 
226 
244 
246 
246 
250 
242 
246 
246 
248 
246 
248 
252 
246 
242 
246 
238 
244 
226 
242 
42 
44 
42 
44 
44 
248 
224 
242 
244 
244 
244 
242 
668 
244 
248 
244 
244 
244 
246 
246 
244 
244 
242 
246 
242 
242 
244 
244 
244 
246 
244 
224 
244 
244 
244 
246 
246 
410 
242 
224 
244 
248 
244 
248 
248 
642 
246 
242 
244 
246 
246 
244 
44 
44 
44 
44 
44 
42 
242 
244 
244 
242 
244 
248 
246 
244 
242 
246 
248 
244 
346 
246 
226 
244 
246 
244 
244 
242 
582 
242 
224 
248 
244 
246 
244 
242 
242 
242 
244 
248 
248 
246 
246 
246 
242 
244 
248 
246 
246 
244 
244 
244 
242 
308 
244 
44 
44 
44 
44 
42 
44 
542 
244 
226 
244 
248 
246 
246 
246 
248 
242 
244 
244 
248 
244 
248 
246 
242 
250 
246 
248 
250 
246 
250 
248 
242 
292 
240 
226 
246 
244 
244 
248 
246 
520 
242 
224 
244 
248 
244 
242 
244 
242 
246 
246 
246 
246 
248 
248 
44 
42 
44 
44 
44 
40 
244 
246 
244 
240 
224 
244 
220 
244 
242 
248 
244 
244 
414 
244 
228 
246 
244 
246 
246 
244 
668 
246 
246 
244 
242 
244 
242 
244 
246 
248 
246 
246 
244 
244 
224 
248 
242 
242 
248 
224 
242 
242 
246 
248 
244 
422 
244 
222 
42 
42 
44 
246 
44 
668 
244 
246 
248 
246 
242 
246 
244 
242 
246 
248 
246 
250 
244 
246 
244 
248 
242 
246 
242 
244 
246 
244 
244 
244 
342 
244 
224 
248 
248 
246 
244 
244 
574 
242 
224 
242 
246 
244 
244 
244 
246 
244 
246 
246 
244 
44 
44 
42 
40 
46 
42 
240 
246 
244 
246 
244 
246 
304 
244 
224 
246 
246 
244 
248 
244 
548 
244 
224 
246 
244 
242 
246 
250 
246 
246 
250 
242 
244 
244 
242 
242 
248 
242 
242 
242 
244 
242 
250 
244 
242 
276 
244 
224 
244 
244 
246 
248 
246 
44 
42 
44 
46 
44 
40 
42 
246 
242 
246 
242 
242 
246 
246 
242 
248 
246 
246 
246 
242 
244 
242 
244 
246 
244 
224 
242 
226 
244 
242 
244 
242 
244 
428 
246 
228 
244 
246 
244 
242 
242 
664 
246 
242 
250 
244 
244 
246 
246 
242 
246 
242 
246 
244 
244 
42 
44 
44 
44 
44 
44 
244 
242 
244 
242 
242 
426 
248 
220 
242 
242 
246 
246 
248 
670 
242 
222 
244 
242 
244 
242 
242 
244 
244 
242 
246 
242 
248 
242 
250 
244 
244 
242 
722 
248 
244 
246 
244 
242 
348 
244 
222 
246 
242 
244 
244 
242 
574 
244 
44 
44 
40 
44 
40 
42 
42 
44 
244 
244 
248 
248 
244 
242 
250 
244 
244 
242 
242 
244 
246 
246 
246 
328 
246 
224 
244 
246 
248 
246 
248 
568 
244 
228 
242 
242 
242 
244 
244 
244 
244 
246 
244 
208 
244 
206 
248 
244 
244 
242 
244 
244 
246 
244 
246 
244 
276 
44 
46 
42 
44 
44 
40 
244 
514 
248 
226 
244 
248 
244 
246 
242 
242 
244 
250 
244 
244 
246 
244 
244 
244 
246 
242 
242 
242 
244 
248 
244 
246 
238 
242 
224 
244 
246 
242 
246 
244 
426 
244 
222 
242 
244 
244 
244 
244 
670 
250 
248 
246 
244 
44 
44 
42 
44 
40 
40 
244 
244 
244 
244 
246 
246 
226 
244 
224 
246 
246 
244 
246 
246 
416 
248 
224 
246 
244 
246 
246 
244 
660 
244 
222 
242 
246 
246 
246 
244 
244 
244 
246 
244 
246 
246 
246 
244 
242 
246 
246 
248 
246 
244 
244 
244 
246 
332 
246 
42 
44 
48 
44 
244 
246 
582 
242 
226 
244 
248 
242 
244 
242 
246 
246 
246 
246 
244 
244 
246 
248 
242 
246 
244 
244 
244 
246 
246 
244 
244 
324 
244 
224 
246 
248 
246 
246 
246 
574 
248 
222 
246 
246 
248 
242 
248 
246 
246 
242 
244 
128 
244 
42 
40 
44 
90 
274 
42 
246 
248 
244 
244 
248 
276 
242 
226 
244 
242 
244 
246 
248 
508 
242 
224 
244 
242 
246 
246 
244 
244 
244 
242 
244 
246 
244 
242 
242 
242 
242 
250 
246 
246 
246 
244 
244 
242 
238 
244 
230 
242 
242 
242 
242 
246 
418 
246 
46 
40 
46 
46 
44 
248 
682 
248 
246 
242 
244 
242 
242 
244 
246 
248 
244 
244 
244 
246 
244 
246 
248 
224 
248 
222 
244 
242 
246 
244 
248 
434 
242 
222 
244 
244 
246 
244 
242 
644 
244 
2006 
242 
948 
2648 
264 
2820 
568 
2918 
244 
244 
244 
250 
244 
242 
242 
246 
246 
246 
242 
42 
42 
44 
44 
42 
246 
228 
248 
242 
244 
244 
246 
576 
244 
226 
246 
244 
246 
246 
246 
246 
244 
246 
244 
246 
244 
240 
244 
242 
248 
246 
246 
246 
246 
248 
242 
246 
332 
244 
226 
244 
246 
248 
246 
240 
570 
244 
222 
244 
242 
244 
244 
244 
46 
44 
44 
44 
44 
44 
244 
244 
246 
244 
242 
244 
244 
246 
248 
246 
244 
276 
248 
226 
244 
244 
246 
246 
244 
500 
244 
222 
246 
244 
244 
244 
246 
242 
244 
248 
242 
242 
244 
242 
244 
246 
242 
248 
246 
244 
244 
246 
244 
244 
228 
242 
224 
46 
44 
40 
46 
44 
46 
46 
224 
244 
246 
246 
244 
246 
674 
248 
240 
244 
244 
244 
242 
246 
248 
242 
246 
244 
242 
240 
244 
248 
242 
228 
240 
228 
246 
242 
248 
246 
246 
420 
244 
222 
244 
246 
244 
244 
244 
664 
240 
226 
246 
246 
246 
246 
246 
42 
44 
44 
40 
46 
242 
244 
244 
242 
246 
246 
246 
248 
244 
246 
242 
244 
340 
244 
228 
244 
246 
244 
246 
246 
572 
246 
228 
244 
242 
246 
246 
244 
244 
246 
250 
244 
246 
244 
248 
248 
242 
244 
244 
244 
246 
244 
244 
244 
242 
316 
242 
44 
42 
40 
42 
42 
42 
576 
242 
224 
242 
244 
246 
248 
246 
242 
244 
246 
244 
244 
248 
250 
248 
242 
242 
244 
246 
242 
248 
246 
244 
244 
260 
246 
228 
244 
244 
242 
244 
244 
478 
242 
226 
250 
242 
246 
242 
242 
244 
246 
246 
246 
244 
244 
44 
46 
44 
44 
44 
44 
44 
44 
244 
244 
242 
238 
244 
226 
244 
244 
242 
244 
250 
436 
242 
226 
248 
246 
244 
246 
242 
668 
244 
244 
242 
244 
246 
248 
242 
248 
246 
244 
244 
244 
242 
246 
242 
248 
226 
250 
226 
242 
244 
208 
244 
242 
438 
242 
222 
244 
42 
42 
40 
44 
44 
42 
230 
246 
242 
246 
244 
246 
224 
242 
246 
246 
248 
242 
244 
248 
246 
246 
244 
236 
244 
248 
246 
244 
244 
326 
242 
224 
246 
248 
250 
244 
244 
572 
248 
222 
246 
242 
246 
242 
244 
246 
228 
244 
244 
242 
246 
244 
244 
244 
44 
44 
44 
42 
42 
244 
244 
248 
320 
242 
226 
248 
246 
248 
242 
242 
572 
248 
224 
248 
246 
244 
246 
244 
248 
244 
244 
242 
242 
248 
246 
242 
246 
242 
246 
242 
244 
244 
246 
246 
244 
272 
242 
228 
246 
244 
246 
248 
244 
478 
244 
224 
46 
44 
46 
42 
42 
40 
246 
246 
244 
248 
242 
246 
244 
248 
246 
248 
248 
244 
246 
246 
246 
246 
232 
244 
222 
246 
244 
244 
246 
244 
462 
242 
224 
222 
240 
242 
246 
248 
668 
246 
244 
244 
246 
246 
248 
246 
244 
246 
246 
246 
244 
246 
246 
244 
44 
44 
44 
40 
42 
252 
246 
246 
244 
416 
242 
222 
246 
246 
244 
246 
206 
208 
244 
230 
250 
242 
246 
248 
244 
242 
244 
246 
246 
246 
244 
246 
244 
244 
242 
246 
246 
250 
244 
240 
244 
246 
336 
248 
230 
248 
246 
242 
246 
248 
566 
248 
224 
42 
40 
44 
44 
44 
246 
246 
244 
242 
244 
242 
244 
246 
248 
244 
250 
246 
242 
246 
244 
244 
246 
314 
246 
204 
248 
246 
244 
244 
242 
556 
246 
222 
244 
242 
244 
246 
242 
242 
242 
246 
246 
244 
246 
246 
244 
246 
244 
242 
248 
248 
244 
244 
44 
44 
44 
42 
44 
248 
246 
242 
246 
246 
490 
246 
226 
242 
244 
248 
244 
242 
244 
246 
244 
248 
244 
246 
244 
244 
244 
242 
242 
242 
244 
248 
244 
246 
246 
356 
248 
226 
246 
246 
246 
246 
250 
468 
246 
226 
244 
244 
244 
242 
248 
696 
242 
44 
42 
42 
46 
42 
40 
42 
42 
242 
246 
44 
44 
42 
42 
42 
46 
44 
226 
248 
244 
244 
244 
246 
428 
242 
222 
244 
242 
246 
246 
242 
642 
224 
236 
244 
244 
242 
248 
246 
246 
244 
246 
226 
246 
248 
242 
244 
242 
246 
242 
230 
246 
246 
246 
248 
242 
342 
244 
224 
248 
242 
246 
244 
242 
42 
42 
46 
44 
44 
44 
46 
44 
44 
246 
244 
240 
242 
248 
244 
242 
246 
242 
244 
254 
244 
242 
242 
246 
244 
350 
244 
228 
246 
248 
248 
246 
246 
558 
240 
224 
244 
244 
248 
246 
246 
242 
244 
248 
244 
244 
244 
248 
244 
244 
242 
246 
244 
246 
242 
240 
42 
40 
42 
42 
44 
44 
48 
244 
248 
244 
482 
242 
224 
242 
246 
244 
244 
242 
702 
244 
248 
244 
244 
246 
242 
242 
246 
244 
246 
244 
244 
244 
244 
242 
246 
238 
244 
224 
244 
244 
244 
246 
246 
488 
248 
222 
244 
246 
242 
248 
242 
688 
246 
244 
42 
44 
42 
44 
42 
44 
48 
244 
244 
244 
244 
246 
244 
242 
248 
244 
224 
242 
244 
246 
248 
246 
416 
246 
224 
244 
244 
246 
246 
238 
634 
244 
222 
246 
242 
244 
242 
246 
244 
244 
246 
246 
246 
248 
242 
242 
244 
226 
246 
226 
242 
244 
244 
242 
40 
42 
48 
42 
42 
42 
242 
242 
248 
594 
248 
220 
246 
246 
242 
246 
246 
246 
244 
250 
250 
244 
246 
246 
244 
246 
244 
248 
246 
242 
248 
246 
246 
242 
348 
246 
224 
246 
246 
244 
246 
244 
576 
246 
224 
244 
246 
242 
244 
246 
244 
242 
246 
244 
44 
46 
42 
42 
42 
244 
246 
244 
246 
244 
248 
246 
244 
264 
246 
222 
246 
242 
242 
246 
246 
480 
242 
224 
244 
242 
244 
252 
244 
242 
242 
244 
248 
242 
246 
228 
244 
242 
244 
244 
244 
242 
244 
248 
246 
244 
228 
244 
226 
244 
246 
248 
248 
48 
44 
44 
44 
44 
42 
44 
44 
44 
46 
248 
242 
250 
244 
248 
252 
246 
242 
244 
244 
246 
242 
250 
244 
242 
244 
242 
248 
224 
242 
244 
250 
244 
244 
428 
246 
222 
242 
242 
244 
246 
244 
640 
330 
222 
244 
244 
246 
244 
244 
242 
242 
246 
248 
244 
242 
244 
44 
42 
44 
44 
42 
42 
46 
246 
246 
248 
358 
246 
228 
248 
248 
244 
244 
242 
582 
242 
224 
244 
242 
244 
246 
242 
246 
244 
244 
248 
244 
242 
242 
246 
244 
250 
246 
242 
244 
244 
248 
280 
242 
330 
242 
228 
224 
248 
248 
250 
248 
566 
244 
228 
44 
44 
44 
46 
44 
44 
244 
250 
252 
248 
242 
244 
242 
246 
244 
246 
246 
248 
248 
210 
244 
244 
262 
244 
252 
244 
244 
244 
246 
244 
490 
240 
224 
246 
244 
246 
242 
244 
248 
246 
242 
204 
246 
242 
248 
242 
244 
246 
246 
244 
244 
244 
246 
44 
44 
42 
46 
42 
40 
242 
246 
242 
242 
484 
246 
224 
242 
222 
246 
248 
244 
700 
244 
252 
244 
246 
246 
244 
244 
242 
244 
248 
244 
244 
248 
246 
246 
246 
242 
242 
226 
242 
248 
242 
246 
244 
416 
242 
228 
242 
242 
244 
244 
244 
630 
240 
226 
44 
44 
44 
46 
44 
46 
240 
244 
246 
242 
244 
244 
246 
244 
208 
244 
226 
206 
244 
244 
244 
244 
366 
246 
224 
246 
244 
242 
242 
246 
612 
242 
228 
246 
246 
242 
246 
246 
244 
248 
244 
244 
244 
242 
244 
246 
244 
244 
242 
242 
246 
246 
244 
244 
40 
44 
42 
42 
44 
44 
42 
250 
244 
586 
246 
222 
244 
248 
246 
244 
242 
244 
244 
246 
244 
244 
242 
242 
246 
244 
248 
244 
244 
246 
248 
242 
248 
230 
272 
248 
228 
248 
246 
244 
244 
240 
482 
246 
224 
246 
244 
242 
246 
248 
246 
248 
246 
244 
242 
246 
44 
50 
42 
42 
42 
222 
244 
244 
244 
244 
246 
244 
244 
226 
244 
248 
242 
244 
246 
480 
246 
228 
246 
242 
244 
248 
246 
246 
242 
244 
254 
244 
250 
246 
240 
244 
244 
248 
242 
242 
248 
246 
242 
244 
246 
242 
222 
242 
250 
246 
246 
244 
44 
42 
42 
44 
44 
42 
244 
244 
630 
246 
244 
246 
224 
248 
248 
246 
244 
244 
246 
246 
244 
248 
244 
244 
244 
242 
246 
220 
244 
242 
246 
242 
248 
360 
242 
226 
244 
244 
244 
246 
246 
604 
246 
222 
244 
244 
246 
246 
246 
226 
244 
244 
246 
44 
46 
42 
42 
44 
42 
248 
244 
248 
244 
244 
244 
246 
330 
244 
226 
244 
248 
246 
244 
244 
552 
242 
224 
248 
246 
246 
246 
248 
246 
246 
244 
244 
244 
244 
246 
244 
246 
244 
244 
248 
246 
242 
248 
240 
242 
260 
244 
228 
248 
242 
244 
242 
244 
40 
42 
44 
44 
44 
246 
246 
248 
250 
242 
248 
244 
244 
244 
246 
248 
248 
244 
244 
248 
244 
244 
242 
244 
250 
258 
246 
224 
242 
244 
244 
248 
244 
484 
242 
226 
244 
246 
244 
246 
242 
246 
242 
250 
244 
242 
244 
226 
242 
244 
244 
244 
226 
102 
44 
44 
44 
42 
44 
242 
224 
248 
248 
242 
244 
242 
402 
246 
226 
332 
244 
248 
242 
246 
636 
244 
238 
246 
242 
244 
246 
242 
246 
246 
208 
250 
246 
244 
246 
246 
244 
244 
246 
226 
244 
240 
246 
242 
242 
366 
252 
224 
244 
242 
244 
248 
242 
44 
44 
42 
44 
44 
250 
248 
246 
244 
244 
250 
244 
244 
248 
244 
248 
248 
248 
244 
248 
46 
88 
42 
46 
40 
40 
42 
46 
248 
246 
242 
248 
246 
570 
244 
224 
246 
244 
244 
242 
246 
244 
244 
246 
244 
250 
246 
244 
242 
246 
242 
246 
242 
242 
242 
244 
228 
246 
272 
244 
222 
246 
242 
246 
242 
244 
482 
246 
228 
246 
246 
252 
256 
242 
250 
246 
46 
44 
42 
44 
46 
46 
46 
246 
246 
244 
242 
246 
244 
242 
244 
252 
244 
220 
242 
242 
248 
244 
246 
460 
242 
222 
248 
242 
246 
248 
244 
698 
244 
242 
246 
246 
248 
246 
248 
244 
244 
244 
244 
244 
246 
224 
248 
244 
246 
224 
226 
250 
246 
246 
44 
44 
44 
44 
44 
246 
250 
246 
244 
244 
630 
246 
244 
242 
246 
246 
242 
246 
250 
242 
248 
246 
246 
242 
244 
242 
246 
244 
248 
224 
242 
244 
244 
246 
248 
400 
244 
220 
246 
244 
244 
242 
244 
614 
246 
220 
244 
244 
244 
244 
248 
246 
246 
44 
44 
42 
42 
44 
44 
42 
242 
246 
246 
242 
244 
240 
246 
244 
346 
246 
222 
244 
240 
246 
248 
246 
542 
244 
224 
224 
246 
246 
242 
244 
248 
244 
246 
246 
246 
226 
248 
242 
246 
244 
244 
246 
244 
244 
246 
244 
248 
266 
244 
228 
242 
246 
244 
44 
44 
44 
44 
44 
42 
44 
42 
246 
242 
246 
246 
246 
242 
278 
246 
246 
244 
244 
248 
246 
242 
204 
246 
242 
230 
248 
258 
244 
226 
252 
242 
248 
250 
250 
492 
244 
222 
246 
242 
248 
246 
244 
244 
242 
220 
244 
244 
242 
246 
246 
246 
246 
244 
244 
44 
44 
242 
244 
242 
246 
244 
224 
248 
248 
242 
246 
246 
390 
248 
222 
252 
246 
242 
244 
248 
634 
246 
228 
244 
246 
244 
246 
296 
244 
248 
246 
246 
244 
244 
248 
246 
200 
210 
246 
220 
244 
260 
248 
246 
244 
664 
242 
224 
244 
244 
246 
244 
206 
204 
266 
224 
224 
228 
250 
242 
248 
244 
226 
226 
212 
244 
242 
206 
228 
244 
226 
208 
244 
208 
244 
208 
246 
202 
344 
244 
224 
224 
244 
242 
252 
244 
568 
248 
224 
248 
248 
222 
246 
244 
244 
216 
224 
270 
224 
222 
206 
248 
226 
300 
206 
246 
238 
246 
232 
204 
246 
268 
302 
210 
244 
244 
242 
248 
208 
840 
202 
224 
206 
208 
242 
252 
226 
224 
246 
236 
216 
250 
252 
232 
204 
246 
246 
250 
304 
244 
246 
206 
244 
244 
262 
330 
224 
242 
242 
240 
244 
204 
454 
232 
704 
224 
246 
220 
224 
244 
702 
208 
206 
246 
248 
242 
204 
250 
244 
242 
208 
244 
248 
244 
208 
244 
244 
246 
246 
222 
244 
246 
254 
248 
208 
394 
242 
296 
250 
246 
244 
242 
244 
632 
244 
242 
248 
244 
242 
204 
248 
248 
244 
238 
248 
244 
244 
246 
242 
244 
248 
246 
226 
224 
244 
234 
242 
248 
374 
244 
226 
222 
246 
204 
246 
226 
624 
212 
224 
244 
248 
208 
208 
244 
246 
202 
244 
204 
248 
240 
206 
360 
248 
338 
242 
242 
246 
244 
246 
242 
244 
334 
242 
230 
244 
248 
244 
246 
248 
564 
244 
226 
306 
246 
244 
246 
244 
246 
244 
248 
248 
246 
246 
242 
226 
248 
244 
246 
246 
242 
242 
242 
244 
244 
264 
244 
228 
