# FR-trace starting at Tue Apr 20 17:43:38 2021
################# CONFIG #################
# slot=9000
# samples=5000
# threshold=100
# idle=500
# minlen=500
# runs=60000
# pdathreads=3
# nmonitored=1
#   monitor0=/usr/local/lib/libcrypto.so 770062 0xbc00e
# nevicted=0
# npdatargets=1
#   target0=/usr/local/lib/libcrypto.so 750148 0xb7244
# affinity=all
############## SYSTEM INFO ###############
# mastik_version=
# sysname=Linux
# nodename=0b12265572f4
# release=5.8.0-50-generic
# version=#56~20.04.1-Ubuntu SMP Mon Apr 12 21:46:35 UTC 2021
# machine=x86_64
################## DATA ##################
# run=1
# datapoints=5000
40 
242 
242 
246 
240 
244 
242 
242 
246 
304 
240 
224 
242 
244 
240 
242 
238 
546 
42 
44 
38 
40 
42 
244 
240 
240 
244 
242 
244 
242 
246 
240 
244 
244 
238 
242 
242 
242 
40 
242 
246 
244 
224 
240 
226 
246 
242 
242 
238 
240 
452 
246 
228 
242 
242 
248 
242 
242 
692 
244 
244 
244 
242 
246 
240 
242 
244 
246 
242 
240 
44 
42 
40 
42 
42 
38 
42 
224 
240 
238 
248 
242 
240 
432 
244 
224 
246 
240 
242 
244 
242 
680 
244 
240 
242 
244 
240 
238 
246 
242 
240 
240 
242 
244 
242 
244 
244 
244 
244 
242 
226 
242 
246 
240 
246 
244 
386 
240 
224 
244 
246 
242 
242 
44 
44 
40 
40 
40 
42 
42 
42 
242 
240 
244 
244 
244 
230 
240 
240 
234 
244 
246 
240 
244 
246 
242 
242 
242 
242 
320 
242 
224 
242 
242 
242 
240 
248 
572 
240 
224 
242 
240 
240 
242 
244 
242 
244 
240 
240 
242 
246 
244 
244 
240 
244 
244 
242 
238 
40 
40 
42 
40 
42 
40 
42 
40 
42 
244 
244 
244 
540 
244 
224 
240 
244 
244 
246 
242 
244 
238 
234 
238 
244 
244 
246 
244 
240 
242 
236 
238 
244 
246 
244 
244 
240 
236 
242 
226 
242 
244 
244 
240 
244 
472 
244 
224 
244 
242 
242 
242 
242 
694 
244 
42 
40 
40 
42 
42 
238 
242 
248 
240 
244 
244 
242 
242 
242 
242 
230 
246 
218 
242 
246 
242 
242 
244 
446 
244 
222 
242 
242 
238 
246 
244 
678 
242 
244 
242 
246 
252 
244 
240 
242 
240 
242 
242 
242 
242 
238 
244 
244 
240 
240 
240 
40 
40 
42 
42 
42 
40 
246 
488 
244 
246 
242 
242 
238 
608 
240 
226 
242 
202 
246 
244 
240 
242 
242 
244 
242 
240 
234 
242 
244 
242 
240 
246 
244 
242 
246 
244 
238 
240 
326 
246 
224 
240 
244 
240 
224 
246 
574 
242 
226 
244 
242 
244 
42 
40 
40 
40 
42 
44 
240 
240 
246 
242 
242 
244 
244 
240 
240 
244 
242 
244 
242 
302 
244 
220 
244 
244 
242 
244 
244 
520 
244 
220 
240 
244 
242 
244 
238 
238 
242 
242 
244 
240 
244 
244 
242 
244 
242 
246 
240 
244 
244 
244 
244 
244 
42 
38 
40 
42 
42 
42 
244 
244 
444 
244 
226 
246 
240 
244 
244 
244 
686 
244 
244 
246 
240 
240 
242 
244 
244 
248 
246 
240 
246 
240 
236 
238 
246 
228 
200 
202 
240 
238 
242 
244 
244 
456 
246 
224 
240 
242 
238 
242 
246 
676 
246 
248 
42 
38 
46 
44 
42 
42 
42 
42 
42 
42 
240 
244 
242 
244 
520 
242 
224 
244 
242 
242 
244 
248 
372 
242 
222 
240 
240 
246 
242 
244 
582 
244 
226 
240 
240 
246 
244 
244 
242 
244 
240 
242 
240 
246 
244 
236 
240 
242 
244 
244 
244 
240 
242 
240 
242 
300 
40 
40 
42 
42 
40 
42 
42 
40 
42 
224 
242 
246 
246 
240 
244 
246 
246 
240 
242 
244 
242 
244 
242 
242 
244 
240 
242 
240 
240 
224 
246 
248 
294 
238 
224 
242 
240 
246 
244 
242 
528 
244 
224 
244 
244 
242 
242 
244 
242 
248 
242 
238 
246 
246 
42 
42 
42 
42 
40 
44 
242 
240 
242 
242 
244 
230 
246 
230 
242 
244 
326 
242 
238 
452 
244 
226 
246 
240 
242 
240 
222 
728 
246 
244 
248 
238 
242 
202 
200 
244 
242 
240 
202 
242 
244 
248 
202 
242 
232 
204 
204 
242 
244 
244 
238 
242 
40 
42 
42 
40 
42 
40 
244 
242 
710 
242 
244 
244 
222 
242 
244 
246 
242 
240 
244 
242 
244 
246 
248 
244 
242 
240 
238 
244 
246 
240 
242 
242 
244 
370 
242 
222 
244 
244 
242 
244 
244 
616 
244 
220 
246 
240 
240 
242 
242 
244 
244 
42 
44 
42 
44 
44 
40 
226 
242 
242 
222 
242 
242 
244 
244 
240 
330 
244 
222 
240 
240 
240 
244 
244 
588 
242 
222 
246 
240 
242 
244 
242 
242 
244 
244 
244 
244 
242 
242 
244 
242 
242 
242 
242 
244 
206 
246 
242 
238 
312 
242 
224 
246 
40 
42 
38 
40 
42 
44 
44 
244 
242 
242 
244 
244 
240 
242 
244 
244 
258 
242 
246 
240 
244 
246 
240 
244 
242 
244 
244 
242 
244 
244 
244 
222 
240 
244 
242 
248 
238 
476 
244 
222 
244 
234 
246 
244 
244 
702 
242 
244 
240 
240 
242 
244 
242 
44 
44 
40 
42 
42 
40 
40 
242 
240 
222 
244 
222 
242 
242 
244 
244 
244 
460 
242 
226 
242 
244 
244 
248 
240 
680 
242 
246 
242 
244 
244 
244 
246 
242 
240 
240 
246 
254 
242 
240 
246 
244 
244 
244 
224 
244 
242 
244 
238 
240 
374 
244 
226 
42 
40 
40 
40 
40 
586 
244 
226 
244 
244 
240 
240 
240 
242 
244 
244 
244 
244 
242 
238 
246 
244 
242 
240 
246 
246 
240 
242 
242 
244 
360 
244 
224 
242 
244 
246 
242 
246 
588 
224 
226 
240 
242 
242 
242 
244 
242 
242 
242 
238 
248 
246 
42 
38 
44 
40 
40 
240 
242 
240 
240 
244 
248 
296 
238 
222 
240 
242 
238 
244 
240 
542 
242 
222 
240 
242 
246 
242 
244 
236 
244 
244 
242 
240 
242 
242 
242 
236 
242 
246 
242 
242 
244 
240 
240 
244 
220 
246 
220 
244 
244 
242 
244 
40 
40 
44 
42 
42 
42 
244 
248 
240 
702 
240 
244 
242 
244 
246 
244 
244 
242 
244 
242 
248 
242 
244 
244 
236 
242 
224 
242 
220 
238 
244 
238 
246 
244 
436 
242 
256 
246 
238 
238 
244 
244 
686 
238 
244 
242 
240 
248 
240 
240 
246 
244 
242 
42 
42 
44 
42 
40 
242 
242 
244 
224 
244 
244 
242 
242 
240 
366 
242 
224 
244 
246 
244 
244 
244 
588 
240 
226 
242 
244 
240 
242 
242 
240 
246 
238 
238 
246 
244 
240 
246 
242 
242 
240 
240 
246 
242 
244 
244 
248 
356 
240 
218 
42 
42 
42 
40 
44 
44 
44 
220 
238 
242 
244 
240 
246 
244 
246 
244 
242 
240 
244 
244 
244 
246 
240 
242 
240 
242 
246 
242 
244 
240 
308 
248 
220 
242 
242 
242 
246 
244 
532 
242 
220 
244 
242 
246 
242 
244 
240 
240 
244 
246 
242 
240 
198 
44 
40 
40 
44 
44 
42 
244 
242 
240 
240 
234 
238 
222 
242 
244 
240 
240 
244 
474 
244 
220 
246 
242 
244 
242 
246 
700 
246 
242 
240 
242 
244 
244 
242 
244 
244 
244 
246 
246 
240 
244 
240 
244 
236 
246 
220 
248 
240 
244 
246 
246 
474 
240 
42 
40 
44 
42 
40 
42 
686 
240 
248 
246 
246 
246 
220 
246 
240 
242 
242 
242 
246 
244 
244 
244 
238 
242 
240 
226 
242 
244 
240 
240 
238 
376 
242 
226 
246 
240 
244 
242 
244 
592 
238 
236 
200 
242 
238 
244 
246 
246 
246 
246 
246 
244 
42 
42 
40 
42 
42 
44 
244 
248 
242 
242 
220 
244 
350 
244 
222 
242 
242 
242 
246 
244 
588 
244 
222 
246 
240 
238 
246 
244 
244 
240 
242 
246 
238 
240 
244 
244 
242 
458 
244 
242 
242 
242 
242 
244 
240 
348 
242 
226 
246 
246 
244 
40 
42 
42 
44 
42 
42 
242 
242 
246 
246 
242 
240 
246 
242 
242 
244 
240 
242 
244 
244 
242 
244 
242 
248 
238 
244 
238 
228 
242 
222 
242 
244 
242 
240 
246 
478 
246 
224 
240 
242 
242 
244 
242 
704 
244 
244 
248 
244 
246 
238 
246 
244 
42 
42 
44 
44 
40 
244 
238 
244 
220 
242 
222 
244 
244 
240 
244 
240 
440 
242 
224 
244 
242 
246 
240 
240 
670 
240 
238 
242 
242 
244 
244 
244 
198 
242 
244 
202 
244 
238 
240 
246 
244 
240 
244 
222 
238 
240 
246 
242 
240 
360 
244 
228 
44 
42 
40 
40 
40 
42 
722 
230 
242 
238 
256 
250 
244 
248 
242 
242 
240 
234 
244 
240 
242 
242 
240 
240 
222 
246 
244 
244 
242 
242 
362 
246 
228 
240 
246 
240 
246 
240 
588 
244 
218 
240 
244 
244 
242 
240 
242 
242 
242 
240 
244 
246 
40 
42 
40 
44 
42 
42 
242 
242 
244 
242 
244 
292 
244 
226 
244 
240 
242 
244 
244 
528 
242 
224 
240 
250 
224 
240 
240 
238 
244 
244 
242 
240 
240 
242 
244 
244 
246 
244 
242 
244 
244 
244 
244 
242 
224 
240 
220 
204 
244 
238 
246 
246 
40 
42 
40 
40 
42 
38 
44 
244 
238 
244 
244 
242 
240 
240 
242 
244 
244 
244 
244 
244 
242 
240 
238 
242 
244 
220 
238 
222 
242 
244 
244 
238 
244 
442 
240 
224 
240 
244 
242 
242 
244 
680 
240 
244 
242 
244 
244 
248 
242 
242 
240 
240 
40 
40 
42 
42 
40 
38 
244 
240 
222 
242 
244 
246 
238 
246 
378 
242 
228 
242 
242 
0 
248 
244 
602 
246 
224 
246 
240 
240 
240 
242 
242 
246 
238 
240 
240 
240 
244 
244 
244 
240 
240 
226 
222 
242 
244 
240 
244 
360 
244 
222 
244 
240 
42 
44 
44 
42 
40 
44 
246 
242 
246 
246 
246 
244 
240 
246 
238 
246 
238 
240 
242 
242 
242 
242 
240 
244 
240 
240 
244 
240 
270 
240 
222 
248 
240 
240 
242 
242 
518 
244 
226 
244 
244 
244 
244 
240 
242 
246 
206 
244 
240 
242 
244 
244 
44 
42 
42 
42 
38 
42 
42 
244 
242 
252 
240 
222 
244 
242 
240 
240 
246 
494 
242 
224 
238 
246 
240 
236 
240 
702 
244 
244 
240 
244 
244 
226 
244 
240 
238 
248 
242 
242 
244 
244 
246 
240 
236 
240 
224 
240 
246 
244 
242 
244 
444 
242 
222 
40 
42 
40 
40 
42 
678 
240 
244 
242 
242 
242 
240 
238 
244 
236 
242 
242 
238 
242 
246 
240 
244 
244 
244 
224 
244 
242 
244 
240 
242 
368 
240 
224 
244 
240 
242 
204 
242 
606 
242 
204 
242 
246 
240 
246 
244 
204 
240 
240 
242 
242 
42 
40 
40 
40 
44 
244 
244 
202 
246 
240 
240 
240 
382 
242 
222 
244 
244 
246 
242 
244 
580 
244 
224 
244 
242 
244 
244 
234 
242 
242 
242 
246 
238 
240 
244 
238 
246 
242 
242 
244 
242 
244 
234 
242 
244 
276 
244 
224 
246 
242 
244 
240 
42 
40 
40 
42 
40 
246 
246 
244 
244 
244 
246 
224 
240 
240 
248 
244 
246 
224 
238 
238 
246 
244 
236 
244 
244 
244 
242 
240 
222 
242 
238 
242 
244 
244 
492 
244 
224 
240 
240 
244 
244 
240 
244 
244 
246 
242 
240 
242 
242 
242 
244 
40 
42 
40 
38 
42 
42 
40 
242 
224 
240 
222 
244 
242 
246 
246 
244 
462 
242 
220 
248 
246 
244 
242 
242 
674 
244 
246 
244 
246 
240 
244 
242 
242 
244 
242 
242 
244 
238 
244 
242 
246 
242 
242 
224 
246 
244 
238 
238 
242 
372 
220 
222 
244 
40 
42 
40 
40 
40 
38 
230 
244 
242 
246 
244 
246 
242 
244 
244 
240 
248 
242 
240 
242 
238 
238 
246 
240 
240 
244 
242 
242 
240 
356 
244 
224 
240 
244 
246 
246 
240 
596 
244 
220 
244 
244 
244 
242 
242 
242 
242 
240 
242 
246 
240 
242 
42 
40 
42 
42 
42 
42 
246 
246 
238 
246 
278 
244 
224 
244 
240 
240 
244 
242 
504 
244 
226 
242 
238 
244 
246 
242 
244 
246 
242 
224 
244 
246 
240 
240 
240 
246 
242 
240 
244 
242 
244 
244 
242 
264 
202 
222 
246 
244 
240 
242 
244 
500 
44 
40 
42 
42 
40 
242 
248 
244 
242 
242 
244 
242 
238 
246 
240 
240 
242 
240 
236 
240 
246 
244 
242 
242 
228 
240 
222 
242 
244 
240 
240 
244 
428 
242 
224 
240 
246 
244 
222 
240 
642 
224 
240 
242 
246 
244 
244 
242 
246 
244 
244 
38 
42 
40 
42 
42 
242 
240 
242 
220 
248 
208 
244 
242 
238 
382 
242 
220 
244 
240 
242 
240 
240 
630 
242 
246 
242 
240 
244 
242 
244 
244 
242 
244 
240 
240 
244 
242 
244 
242 
242 
240 
238 
242 
244 
242 
242 
224 
356 
242 
222 
242 
246 
242 
244 
42 
40 
42 
40 
40 
42 
240 
242 
244 
238 
374 
242 
254 
246 
246 
244 
242 
238 
246 
244 
242 
242 
244 
244 
260 
204 
300 
242 
226 
246 
246 
244 
244 
244 
528 
242 
222 
242 
246 
248 
236 
244 
242 
250 
238 
238 
240 
244 
244 
240 
246 
242 
40 
42 
40 
42 
40 
42 
42 
268 
244 
222 
240 
242 
246 
240 
242 
512 
244 
222 
240 
240 
248 
244 
244 
240 
244 
204 
242 
242 
244 
242 
242 
244 
244 
238 
244 
242 
246 
238 
244 
244 
224 
242 
218 
244 
248 
244 
238 
244 
426 
242 
224 
242 
240 
42 
42 
40 
42 
42 
42 
244 
248 
242 
244 
244 
238 
204 
246 
244 
242 
242 
244 
246 
236 
218 
244 
226 
242 
222 
242 
244 
238 
388 
240 
222 
242 
242 
240 
242 
242 
626 
244 
246 
244 
240 
244 
242 
242 
244 
244 
246 
238 
242 
248 
242 
246 
42 
42 
42 
42 
42 
240 
242 
246 
240 
374 
250 
224 
244 
240 
244 
242 
246 
598 
244 
220 
246 
240 
240 
242 
244 
242 
240 
244 
246 
238 
242 
242 
244 
244 
244 
246 
244 
240 
240 
238 
240 
244 
298 
238 
204 
242 
242 
240 
242 
244 
506 
40 
42 
40 
44 
42 
242 
242 
244 
244 
242 
240 
242 
240 
242 
242 
240 
244 
240 
246 
244 
244 
242 
242 
244 
282 
240 
226 
246 
244 
244 
242 
244 
498 
244 
220 
244 
240 
240 
242 
238 
246 
246 
240 
244 
244 
246 
240 
240 
246 
242 
244 
40 
44 
42 
42 
40 
44 
226 
244 
224 
242 
246 
200 
244 
242 
430 
242 
220 
244 
242 
240 
242 
240 
664 
240 
244 
242 
212 
242 
246 
242 
242 
242 
240 
240 
242 
242 
242 
242 
246 
244 
242 
226 
244 
242 
242 
244 
242 
362 
238 
226 
244 
244 
44 
42 
44 
44 
40 
42 
40 
242 
238 
242 
258 
246 
240 
238 
246 
242 
242 
336 
242 
244 
238 
204 
240 
240 
244 
246 
240 
242 
386 
240 
220 
242 
238 
204 
242 
244 
606 
242 
224 
246 
246 
202 
246 
244 
240 
240 
246 
204 
244 
246 
242 
236 
246 
244 
42 
42 
42 
44 
40 
44 
44 
294 
244 
226 
244 
240 
246 
240 
242 
526 
240 
220 
242 
246 
242 
242 
244 
238 
244 
242 
246 
244 
214 
244 
240 
238 
246 
284 
246 
242 
238 
242 
242 
246 
264 
246 
218 
244 
242 
240 
242 
240 
512 
238 
222 
242 
242 
42 
44 
42 
42 
42 
244 
244 
240 
240 
242 
244 
246 
244 
242 
242 
246 
242 
244 
244 
244 
222 
242 
222 
242 
240 
244 
244 
244 
432 
246 
226 
242 
242 
242 
242 
242 
640 
242 
246 
242 
244 
246 
236 
238 
242 
204 
242 
242 
242 
242 
224 
42 
42 
42 
44 
42 
40 
242 
242 
242 
242 
404 
242 
222 
244 
240 
234 
240 
242 
656 
242 
238 
246 
242 
240 
244 
244 
240 
244 
242 
240 
244 
242 
242 
244 
244 
244 
242 
242 
244 
240 
244 
244 
244 
374 
240 
224 
242 
242 
206 
242 
240 
42 
42 
40 
42 
42 
44 
242 
242 
244 
242 
238 
236 
244 
242 
246 
244 
240 
246 
244 
246 
242 
246 
242 
244 
240 
302 
246 
224 
238 
246 
240 
246 
248 
528 
244 
220 
374 
242 
240 
242 
242 
304 
242 
244 
240 
240 
242 
216 
240 
244 
246 
38 
40 
38 
42 
42 
44 
40 
42 
244 
222 
244 
224 
244 
246 
244 
480 
244 
220 
242 
244 
242 
244 
242 
244 
246 
244 
222 
244 
240 
246 
244 
226 
246 
246 
242 
244 
244 
242 
242 
242 
226 
244 
220 
244 
200 
244 
244 
238 
422 
238 
202 
242 
246 
200 
38 
40 
42 
40 
40 
242 
248 
244 
244 
246 
238 
240 
244 
240 
250 
244 
244 
244 
238 
238 
244 
220 
242 
240 
244 
222 
242 
396 
242 
222 
244 
244 
242 
242 
242 
650 
246 
248 
244 
242 
244 
246 
204 
242 
242 
240 
242 
246 
240 
240 
238 
40 
40 
42 
36 
42 
244 
242 
240 
242 
376 
242 
224 
242 
244 
244 
222 
244 
588 
238 
226 
244 
244 
238 
238 
242 
244 
242 
242 
244 
240 
244 
244 
244 
242 
238 
226 
244 
244 
244 
238 
246 
244 
292 
240 
226 
246 
238 
244 
244 
244 
542 
40 
40 
42 
42 
44 
42 
244 
244 
244 
222 
240 
238 
242 
242 
238 
240 
244 
244 
242 
244 
242 
244 
242 
246 
294 
202 
218 
242 
240 
240 
204 
240 
508 
242 
222 
244 
246 
240 
246 
246 
244 
242 
248 
242 
238 
240 
242 
240 
246 
200 
246 
240 
250 
44 
42 
40 
38 
42 
42 
222 
240 
246 
246 
240 
240 
444 
244 
224 
238 
242 
222 
236 
244 
652 
242 
242 
244 
244 
248 
238 
242 
244 
244 
242 
240 
240 
244 
240 
244 
244 
246 
244 
224 
244 
246 
244 
244 
242 
406 
240 
224 
244 
240 
240 
244 
42 
42 
40 
40 
40 
42 
246 
246 
246 
242 
244 
244 
242 
242 
242 
244 
246 
226 
236 
236 
242 
244 
240 
244 
244 
242 
364 
242 
222 
238 
244 
240 
244 
244 
596 
242 
224 
246 
246 
244 
236 
236 
246 
242 
204 
244 
242 
242 
244 
244 
242 
242 
42 
40 
42 
42 
42 
40 
238 
286 
242 
226 
202 
266 
240 
242 
244 
516 
242 
222 
244 
242 
244 
242 
226 
244 
244 
242 
242 
242 
242 
242 
244 
242 
240 
240 
246 
242 
240 
244 
248 
242 
724 
244 
222 
42 
42 
42 
44 
40 
40 
44 
40 
244 
246 
244 
242 
266 
240 
242 
244 
246 
372 
246 
242 
242 
246 
242 
242 
242 
242 
250 
240 
244 
238 
214 
244 
220 
242 
242 
244 
240 
242 
440 
224 
222 
246 
242 
244 
240 
240 
664 
242 
244 
240 
244 
232 
244 
238 
40 
44 
42 
42 
42 
242 
232 
242 
244 
376 
240 
222 
244 
242 
246 
244 
242 
422 
202 
222 
244 
246 
244 
242 
242 
646 
206 
240 
240 
242 
244 
242 
244 
240 
244 
240 
242 
242 
242 
242 
244 
244 
240 
238 
246 
246 
240 
238 
246 
246 
334 
40 
42 
42 
40 
42 
240 
244 
594 
242 
224 
242 
246 
246 
242 
246 
246 
202 
256 
242 
244 
246 
242 
244 
240 
242 
246 
244 
242 
242 
246 
238 
224 
308 
240 
222 
242 
238 
244 
240 
238 
532 
240 
226 
244 
242 
242 
242 
240 
242 
244 
244 
244 
42 
42 
38 
44 
40 
44 
246 
242 
244 
242 
246 
246 
246 
270 
244 
226 
238 
240 
246 
246 
242 
502 
244 
224 
246 
242 
242 
242 
244 
242 
238 
242 
244 
248 
240 
240 
244 
244 
238 
244 
246 
240 
242 
238 
250 
242 
234 
240 
226 
244 
240 
42 
44 
42 
42 
44 
42 
246 
246 
240 
244 
240 
660 
242 
244 
242 
240 
244 
246 
240 
244 
246 
246 
244 
246 
244 
240 
244 
240 
238 
242 
220 
246 
242 
246 
240 
240 
408 
242 
220 
240 
238 
238 
246 
242 
660 
238 
228 
244 
242 
244 
244 
244 
40 
42 
42 
40 
40 
242 
242 
246 
238 
244 
242 
242 
248 
244 
244 
242 
238 
344 
242 
224 
246 
244 
244 
244 
240 
582 
244 
224 
240 
244 
244 
244 
244 
244 
242 
242 
240 
246 
242 
242 
242 
244 
240 
242 
246 
240 
244 
240 
242 
244 
292 
42 
40 
44 
42 
42 
42 
242 
536 
240 
220 
240 
246 
246 
244 
242 
240 
240 
244 
240 
242 
244 
246 
246 
240 
242 
240 
246 
246 
244 
244 
244 
242 
284 
242 
224 
244 
242 
242 
246 
242 
512 
242 
220 
242 
242 
244 
244 
242 
246 
242 
240 
242 
42 
40 
44 
42 
42 
42 
40 
44 
242 
246 
242 
242 
242 
226 
244 
222 
242 
240 
244 
240 
242 
422 
244 
220 
242 
240 
242 
244 
242 
674 
242 
244 
244 
242 
240 
244 
242 
244 
242 
244 
242 
240 
238 
242 
244 
244 
228 
240 
218 
242 
240 
244 
244 
240 
456 
240 
40 
38 
40 
42 
42 
244 
660 
244 
232 
240 
244 
244 
240 
238 
242 
240 
244 
244 
242 
244 
242 
246 
242 
242 
240 
242 
242 
244 
242 
240 
238 
336 
242 
226 
238 
246 
240 
242 
242 
562 
242 
224 
244 
244 
244 
242 
244 
246 
244 
244 
242 
242 
42 
42 
42 
40 
40 
44 
40 
44 
42 
244 
242 
242 
318 
242 
222 
242 
244 
242 
244 
242 
534 
248 
222 
244 
238 
242 
242 
242 
242 
244 
244 
240 
246 
244 
244 
246 
244 
242 
242 
240 
244 
246 
242 
244 
242 
292 
242 
220 
240 
244 
244 
242 
246 
510 
242 
226 
38 
42 
42 
38 
42 
42 
244 
244 
240 
242 
244 
242 
242 
244 
238 
240 
240 
240 
246 
242 
240 
240 
222 
240 
228 
244 
244 
244 
238 
240 
432 
242 
220 
242 
244 
244 
248 
244 
676 
238 
242 
244 
240 
242 
246 
242 
242 
244 
240 
242 
242 
240 
42 
40 
40 
42 
40 
42 
242 
244 
244 
244 
242 
436 
242 
220 
240 
240 
246 
242 
244 
652 
242 
226 
244 
244 
246 
242 
244 
244 
238 
242 
244 
242 
244 
242 
242 
246 
238 
240 
242 
244 
240 
246 
242 
240 
344 
240 
224 
244 
242 
238 
244 
246 
40 
44 
42 
40 
42 
240 
238 
246 
240 
246 
244 
242 
244 
242 
240 
238 
244 
246 
240 
238 
248 
244 
242 
244 
244 
296 
242 
224 
244 
240 
244 
244 
244 
558 
244 
224 
244 
240 
242 
242 
242 
242 
244 
244 
246 
240 
242 
246 
242 
242 
240 
40 
42 
44 
40 
40 
242 
246 
272 
242 
224 
242 
240 
240 
240 
240 
506 
238 
222 
242 
246 
242 
242 
244 
244 
242 
242 
242 
242 
238 
238 
248 
244 
242 
244 
242 
244 
244 
240 
244 
244 
222 
248 
224 
244 
240 
242 
240 
246 
434 
246 
222 
244 
42 
40 
42 
42 
42 
42 
42 
42 
44 
42 
242 
242 
244 
242 
238 
246 
244 
242 
244 
246 
240 
226 
244 
226 
246 
238 
244 
244 
242 
432 
240 
226 
244 
246 
244 
242 
242 
642 
244 
228 
238 
246 
246 
244 
240 
242 
240 
242 
242 
246 
244 
242 
238 
242 
242 
238 
238 
40 
42 
40 
40 
40 
40 
244 
222 
244 
246 
240 
242 
244 
556 
248 
220 
248 
242 
240 
244 
242 
244 
242 
248 
242 
240 
240 
242 
244 
242 
252 
242 
244 
240 
246 
240 
246 
244 
318 
244 
226 
244 
238 
246 
242 
246 
540 
240 
222 
244 
244 
240 
42 
42 
42 
36 
42 
40 
242 
240 
242 
240 
246 
242 
244 
244 
244 
244 
242 
242 
240 
276 
244 
222 
244 
242 
244 
240 
244 
496 
238 
226 
244 
242 
242 
240 
244 
244 
244 
242 
244 
240 
246 
246 
242 
244 
244 
244 
210 
3296 
348 
270 
342 
4616 
1058 
374 
220 
244 
240 
240 
42 
42 
40 
42 
40 
294 
52 
240 
242 
242 
672 
246 
242 
240 
240 
244 
240 
238 
244 
244 
242 
226 
244 
42 
242 
248 
240 
222 
242 
224 
244 
242 
248 
244 
242 
436 
242 
222 
242 
40 
42 
42 
42 
40 
42 
230 
244 
242 
242 
240 
246 
236 
240 
242 
240 
244 
240 
246 
242 
240 
242 
246 
244 
246 
242 
244 
242 
242 
334 
248 
224 
242 
244 
246 
242 
242 
568 
244 
222 
244 
242 
240 
246 
240 
242 
242 
244 
242 
238 
246 
244 
42 
44 
40 
40 
42 
42 
42 
242 
240 
240 
324 
244 
226 
240 
246 
246 
238 
240 
574 
244 
226 
248 
234 
240 
244 
242 
248 
240 
240 
240 
244 
242 
242 
246 
242 
244 
244 
242 
244 
242 
244 
238 
248 
286 
240 
222 
242 
242 
244 
242 
238 
504 
240 
220 
42 
42 
40 
44 
44 
702 
244 
240 
248 
244 
244 
246 
242 
244 
240 
244 
240 
244 
242 
242 
240 
244 
224 
244 
224 
240 
242 
246 
240 
242 
450 
240 
220 
242 
240 
242 
240 
240 
686 
242 
244 
244 
242 
242 
244 
244 
248 
242 
726 
240 
244 
244 
44 
40 
42 
42 
40 
222 
248 
242 
238 
240 
246 
416 
246 
226 
240 
244 
242 
246 
238 
658 
240 
230 
242 
242 
246 
242 
244 
242 
238 
246 
240 
244 
240 
238 
244 
246 
240 
244 
242 
248 
238 
242 
242 
244 
334 
244 
228 
244 
242 
246 
242 
44 
42 
42 
42 
40 
42 
242 
242 
244 
246 
248 
244 
242 
244 
242 
238 
242 
242 
242 
244 
238 
242 
240 
242 
240 
246 
316 
242 
220 
242 
242 
240 
246 
248 
572 
242 
224 
246 
244 
242 
238 
238 
246 
244 
240 
238 
246 
246 
238 
240 
240 
242 
40 
40 
38 
42 
42 
40 
244 
282 
238 
220 
242 
244 
242 
244 
240 
502 
240 
226 
244 
242 
246 
238 
244 
700 
242 
244 
242 
240 
246 
224 
246 
244 
236 
238 
240 
242 
242 
240 
238 
238 
224 
244 
224 
244 
242 
244 
244 
244 
452 
240 
220 
244 
42 
42 
42 
42 
42 
46 
42 
244 
242 
246 
238 
244 
202 
240 
240 
242 
244 
244 
242 
238 
246 
222 
244 
226 
318 
240 
240 
238 
246 
434 
244 
226 
242 
244 
242 
240 
242 
650 
242 
230 
242 
240 
238 
242 
242 
244 
242 
240 
244 
240 
244 
244 
44 
46 
40 
40 
244 
246 
242 
242 
242 
222 
354 
238 
222 
242 
240 
244 
246 
240 
570 
244 
226 
246 
244 
242 
242 
228 
204 
244 
244 
244 
240 
244 
246 
242 
242 
242 
242 
240 
244 
240 
246 
246 
244 
324 
246 
224 
242 
242 
246 
42 
44 
44 
44 
44 
44 
42 
246 
240 
226 
246 
246 
238 
244 
244 
244 
242 
246 
246 
246 
240 
244 
242 
246 
244 
238 
242 
260 
242 
222 
240 
240 
246 
240 
244 
480 
242 
224 
240 
244 
246 
244 
244 
244 
246 
238 
242 
242 
244 
242 
244 
246 
242 
242 
42 
44 
42 
42 
40 
40 
224 
244 
222 
242 
240 
240 
240 
242 
468 
242 
224 
244 
240 
246 
242 
244 
700 
246 
240 
236 
244 
244 
244 
246 
242 
246 
236 
242 
244 
242 
240 
244 
244 
224 
240 
224 
244 
244 
240 
248 
242 
438 
242 
226 
244 
248 
40 
44 
42 
42 
40 
226 
246 
222 
244 
244 
246 
240 
244 
238 
242 
244 
244 
244 
244 
244 
246 
242 
224 
242 
238 
240 
242 
242 
352 
246 
226 
240 
242 
242 
244 
240 
596 
240 
232 
222 
242 
242 
244 
242 
242 
242 
240 
240 
246 
242 
240 
42 
38 
42 
42 
40 
42 
244 
246 
244 
240 
338 
244 
222 
238 
240 
244 
242 
240 
578 
240 
222 
240 
242 
244 
244 
244 
244 
244 
242 
244 
244 
246 
246 
246 
246 
244 
238 
242 
244 
244 
242 
244 
202 
260 
242 
226 
240 
244 
246 
244 
240 
500 
242 
42 
42 
40 
40 
42 
40 
42 
240 
246 
242 
240 
238 
240 
242 
242 
246 
244 
244 
244 
244 
244 
244 
246 
224 
240 
222 
234 
244 
242 
242 
226 
482 
242 
222 
240 
244 
246 
248 
250 
698 
222 
240 
244 
246 
242 
242 
244 
238 
240 
240 
242 
242 
244 
38 
42 
242 
234 
224 
222 
246 
244 
246 
242 
244 
432 
246 
222 
246 
242 
242 
244 
244 
640 
242 
224 
242 
246 
246 
240 
202 
242 
276 
240 
240 
246 
246 
242 
242 
238 
246 
242 
224 
246 
242 
242 
244 
244 
352 
242 
224 
244 
236 
244 
242 
244 
568 
228 
224 
242 
210 
220 
202 
226 
224 
260 
200 
244 
224 
220 
234 
202 
246 
228 
226 
228 
242 
202 
240 
228 
222 
398 
240 
224 
242 
244 
242 
246 
222 
590 
198 
222 
722 
244 
242 
242 
244 
214 
240 
204 
242 
248 
244 
202 
240 
256 
248 
220 
224 
204 
244 
244 
232 
220 
290 
230 
206 
244 
302 
204 
220 
204 
530 
244 
212 
202 
244 
228 
252 
244 
202 
244 
240 
230 
204 
244 
202 
240 
242 
244 
250 
246 
246 
248 
222 
222 
246 
512 
244 
284 
222 
240 
242 
240 
242 
464 
242 
220 
240 
250 
204 
240 
246 
698 
220 
250 
244 
242 
202 
246 
244 
238 
202 
206 
220 
246 
242 
242 
242 
234 
706 
244 
222 
242 
206 
242 
246 
242 
406 
228 
220 
222 
240 
242 
238 
242 
632 
240 
228 
244 
242 
246 
236 
242 
244 
224 
244 
330 
260 
244 
220 
244 
244 
242 
224 
228 
240 
244 
242 
240 
244 
358 
242 
218 
246 
206 
244 
242 
246 
602 
220 
220 
226 
0 
242 
240 
246 
246 
246 
204 
228 
252 
240 
244 
242 
242 
248 
242 
242 
242 
244 
246 
242 
242 
348 
242 
220 
238 
240 
244 
248 
242 
568 
224 
226 
240 
240 
240 
242 
242 
242 
242 
244 
244 
242 
242 
244 
240 
240 
242 
242 
242 
240 
246 
246 
244 
244 
254 
242 
224 
240 
244 
248 
242 
240 
504 
244 
220 
240 
244 
244 
240 
242 
698 
242 
246 
254 
244 
244 
240 
242 
246 
240 
244 
244 
242 
242 
248 
242 
250 
246 
244 
220 
244 
246 
242 
246 
242 
468 
244 
222 
242 
242 
240 
244 
242 
704 
246 
202 
244 
246 
244 
244 
242 
244 
244 
242 
242 
244 
246 
242 
244 
240 
224 
246 
222 
244 
244 
242 
240 
244 
382 
240 
222 
246 
246 
244 
244 
242 
642 
238 
236 
242 
242 
242 
242 
244 
242 
244 
200 
240 
240 
242 
242 
246 
244 
242 
244 
222 
242 
242 
242 
240 
238 
378 
246 
224 
238 
244 
222 
220 
