# FR-trace starting at Tue Apr 20 17:43:59 2021
################# CONFIG #################
# slot=9000
# samples=5000
# threshold=100
# idle=500
# minlen=500
# runs=60000
# pdathreads=3
# nmonitored=1
#   monitor0=/usr/local/lib/libcrypto.so 770062 0xbc00e
# nevicted=0
# npdatargets=1
#   target0=/usr/local/lib/libcrypto.so 750148 0xb7244
# affinity=all
############## SYSTEM INFO ###############
# mastik_version=
# sysname=Linux
# nodename=0b12265572f4
# release=5.8.0-50-generic
# version=#56~20.04.1-Ubuntu SMP Mon Apr 12 21:46:35 UTC 2021
# machine=x86_64
################## DATA ##################
# run=1
# datapoints=5000
44 
246 
450 
246 
226 
242 
244 
246 
244 
246 
246 
244 
244 
244 
246 
246 
242 
240 
224 
246 
44 
242 
44 
44 
46 
42 
46 
228 
204 
228 
244 
244 
244 
246 
244 
464 
242 
224 
240 
246 
246 
246 
244 
42 
248 
208 
222 
224 
244 
250 
244 
244 
244 
244 
246 
228 
242 
244 
244 
244 
246 
242 
222 
244 
246 
242 
242 
244 
398 
244 
226 
242 
242 
248 
246 
244 
606 
246 
44 
40 
44 
44 
44 
44 
44 
248 
248 
244 
250 
248 
242 
244 
250 
248 
244 
248 
246 
244 
246 
242 
242 
354 
244 
226 
222 
244 
242 
246 
240 
606 
222 
220 
242 
244 
246 
242 
246 
230 
204 
244 
222 
242 
246 
242 
246 
244 
246 
248 
248 
244 
306 
248 
248 
244 
320 
244 
226 
246 
44 
44 
46 
44 
44 
42 
42 
58 
234 
246 
204 
224 
246 
246 
248 
244 
244 
246 
242 
242 
244 
244 
204 
246 
246 
244 
242 
244 
246 
232 
248 
226 
242 
246 
212 
246 
244 
476 
250 
226 
244 
246 
246 
204 
248 
224 
210 
244 
248 
240 
246 
202 
242 
246 
246 
244 
246 
242 
246 
244 
248 
44 
42 
46 
46 
44 
40 
46 
44 
248 
458 
244 
226 
244 
246 
244 
242 
244 
694 
242 
240 
246 
250 
246 
202 
246 
284 
242 
244 
0 
0 
0 
244 
200 
242 
244 
242 
222 
242 
246 
244 
244 
240 
392 
242 
222 
242 
242 
238 
248 
244 
626 
242 
236 
244 
240 
244 
240 
42 
42 
42 
44 
42 
40 
242 
246 
242 
242 
244 
222 
224 
242 
242 
244 
244 
246 
372 
244 
222 
238 
246 
242 
246 
244 
614 
242 
226 
246 
242 
242 
244 
250 
242 
244 
242 
240 
246 
244 
242 
244 
242 
472 
246 
242 
248 
244 
240 
242 
242 
332 
242 
222 
42 
40 
40 
38 
42 
42 
40 
224 
244 
240 
244 
244 
242 
244 
242 
244 
244 
242 
246 
244 
244 
238 
240 
242 
242 
240 
242 
228 
242 
242 
256 
244 
220 
246 
240 
246 
242 
240 
470 
242 
224 
240 
246 
240 
238 
244 
242 
246 
242 
240 
240 
242 
244 
40 
42 
42 
40 
42 
42 
226 
246 
244 
240 
246 
242 
226 
238 
244 
242 
240 
246 
480 
242 
222 
240 
244 
242 
240 
226 
694 
244 
244 
242 
244 
242 
244 
246 
242 
242 
244 
244 
244 
244 
244 
246 
244 
244 
240 
222 
242 
242 
242 
202 
242 
384 
42 
42 
42 
40 
40 
42 
242 
618 
244 
228 
244 
246 
240 
244 
244 
244 
244 
244 
244 
242 
242 
244 
244 
244 
242 
224 
226 
244 
242 
242 
238 
242 
378 
244 
224 
244 
242 
238 
242 
246 
622 
242 
226 
242 
240 
242 
240 
244 
242 
244 
242 
240 
244 
242 
44 
40 
40 
40 
42 
44 
42 
40 
42 
246 
242 
310 
244 
222 
244 
244 
242 
244 
244 
546 
242 
222 
242 
246 
244 
242 
244 
244 
246 
244 
242 
244 
240 
240 
246 
246 
242 
246 
240 
240 
242 
246 
242 
238 
238 
246 
222 
240 
244 
242 
246 
242 
494 
242 
222 
246 
40 
42 
42 
42 
42 
42 
40 
44 
38 
242 
246 
246 
244 
246 
242 
242 
242 
242 
244 
242 
244 
244 
246 
222 
246 
244 
242 
242 
242 
468 
244 
224 
244 
242 
244 
244 
242 
700 
242 
248 
244 
242 
240 
244 
242 
244 
240 
242 
244 
242 
244 
242 
242 
238 
238 
44 
42 
44 
42 
38 
238 
244 
388 
244 
220 
240 
244 
242 
244 
244 
622 
244 
236 
242 
240 
240 
240 
246 
244 
242 
246 
242 
244 
244 
240 
242 
244 
244 
242 
224 
244 
244 
244 
246 
240 
372 
244 
224 
242 
244 
244 
246 
244 
616 
242 
226 
42 
42 
42 
44 
42 
40 
40 
242 
242 
242 
242 
244 
242 
244 
240 
244 
242 
244 
244 
244 
242 
244 
310 
242 
222 
242 
240 
246 
244 
244 
536 
244 
222 
242 
242 
246 
242 
248 
242 
240 
244 
242 
244 
244 
244 
244 
244 
242 
242 
244 
244 
238 
42 
44 
40 
40 
42 
42 
242 
242 
244 
244 
242 
500 
244 
224 
244 
246 
242 
240 
244 
242 
242 
242 
244 
240 
242 
244 
244 
244 
242 
240 
242 
244 
242 
244 
244 
242 
246 
246 
224 
240 
242 
246 
244 
244 
474 
244 
222 
238 
242 
248 
242 
244 
38 
42 
42 
40 
42 
42 
42 
244 
244 
244 
240 
248 
240 
240 
244 
244 
240 
244 
240 
222 
246 
244 
240 
240 
244 
368 
242 
224 
246 
244 
242 
244 
242 
628 
240 
250 
246 
244 
238 
242 
240 
242 
240 
246 
244 
244 
242 
244 
240 
248 
242 
244 
224 
240 
242 
38 
42 
44 
40 
42 
44 
40 
244 
242 
244 
242 
618 
242 
228 
242 
246 
240 
246 
244 
242 
242 
244 
242 
242 
242 
242 
242 
242 
242 
240 
240 
244 
242 
242 
242 
242 
306 
242 
222 
242 
244 
240 
242 
242 
538 
244 
226 
246 
242 
244 
244 
246 
722 
42 
42 
40 
44 
40 
246 
244 
242 
244 
238 
240 
246 
244 
240 
240 
240 
252 
244 
222 
244 
240 
244 
244 
240 
506 
246 
224 
240 
244 
246 
246 
244 
244 
244 
244 
244 
240 
244 
244 
242 
246 
242 
246 
244 
242 
242 
242 
246 
242 
250 
246 
222 
40 
44 
40 
38 
44 
458 
244 
224 
242 
242 
242 
242 
242 
692 
240 
246 
244 
238 
244 
244 
240 
238 
244 
242 
246 
242 
242 
246 
240 
242 
240 
244 
222 
242 
242 
242 
238 
242 
394 
248 
222 
240 
244 
242 
244 
246 
636 
244 
250 
244 
242 
242 
44 
42 
42 
42 
40 
40 
244 
244 
244 
244 
240 
244 
242 
224 
242 
242 
244 
244 
248 
386 
244 
220 
246 
248 
242 
244 
244 
620 
242 
220 
244 
242 
244 
244 
246 
244 
242 
240 
244 
244 
246 
244 
244 
244 
242 
242 
242 
240 
246 
244 
244 
242 
40 
40 
40 
42 
40 
40 
238 
244 
538 
242 
222 
246 
244 
242 
244 
246 
240 
244 
244 
240 
240 
244 
242 
242 
244 
242 
244 
240 
244 
244 
242 
240 
242 
252 
244 
224 
246 
242 
242 
244 
242 
506 
244 
220 
240 
238 
246 
244 
244 
240 
244 
244 
42 
40 
42 
40 
42 
42 
240 
248 
242 
242 
242 
242 
242 
242 
226 
244 
224 
242 
244 
244 
240 
244 
478 
244 
222 
242 
244 
244 
242 
240 
694 
244 
218 
220 
248 
246 
238 
238 
244 
244 
242 
244 
244 
240 
242 
242 
244 
238 
240 
226 
240 
242 
244 
42 
42 
42 
40 
44 
244 
246 
240 
242 
240 
618 
240 
246 
240 
244 
244 
242 
240 
244 
244 
240 
240 
244 
244 
238 
244 
244 
244 
242 
222 
248 
242 
240 
240 
242 
378 
242 
226 
242 
244 
244 
240 
238 
620 
244 
218 
246 
242 
246 
244 
242 
44 
44 
40 
44 
42 
38 
242 
246 
246 
244 
246 
246 
242 
246 
240 
242 
240 
314 
242 
224 
246 
242 
246 
238 
242 
528 
242 
224 
242 
240 
242 
244 
242 
242 
242 
240 
244 
244 
240 
242 
242 
244 
244 
244 
244 
244 
244 
242 
244 
240 
280 
244 
222 
42 
40 
40 
42 
40 
510 
244 
224 
240 
238 
244 
240 
240 
244 
242 
242 
244 
240 
240 
240 
246 
452 
294 
594 
4508 
2644 
2056 
2522 
1122 
246 
246 
244 
224 
242 
242 
242 
242 
240 
454 
242 
224 
244 
242 
242 
244 
242 
680 
242 
248 
242 
244 
242 
246 
244 
240 
40 
40 
40 
40 
42 
42 
40 
242 
242 
240 
222 
244 
238 
240 
244 
246 
384 
244 
222 
244 
244 
246 
244 
242 
624 
244 
248 
244 
238 
240 
240 
242 
240 
244 
244 
244 
244 
242 
242 
238 
240 
246 
246 
222 
242 
242 
242 
244 
246 
394 
240 
222 
244 
42 
40 
40 
40 
40 
246 
220 
244 
246 
240 
248 
244 
246 
240 
242 
244 
242 
244 
244 
242 
242 
244 
244 
246 
240 
242 
246 
246 
242 
300 
244 
222 
242 
240 
244 
240 
242 
534 
244 
220 
244 
240 
244 
242 
240 
242 
242 
244 
242 
244 
244 
244 
40 
42 
42 
42 
44 
240 
242 
242 
250 
246 
274 
242 
222 
242 
244 
242 
246 
246 
526 
242 
224 
242 
242 
244 
242 
242 
240 
246 
242 
240 
242 
242 
242 
242 
244 
240 
244 
246 
244 
238 
244 
244 
242 
230 
238 
222 
244 
242 
244 
244 
246 
450 
44 
42 
42 
42 
40 
44 
242 
696 
240 
242 
246 
242 
244 
242 
244 
246 
244 
244 
242 
240 
242 
242 
242 
246 
244 
242 
226 
244 
240 
242 
244 
244 
420 
244 
222 
244 
246 
246 
242 
240 
654 
244 
246 
244 
242 
244 
246 
244 
244 
246 
242 
246 
244 
42 
40 
42 
40 
40 
42 
228 
244 
240 
246 
242 
240 
396 
240 
220 
244 
244 
246 
246 
242 
620 
242 
222 
244 
238 
242 
240 
240 
240 
240 
242 
244 
244 
240 
238 
240 
242 
246 
244 
244 
244 
244 
244 
242 
242 
310 
242 
224 
242 
240 
244 
240 
244 
40 
42 
44 
40 
38 
242 
240 
244 
242 
246 
240 
244 
200 
244 
240 
244 
244 
240 
242 
244 
204 
240 
206 
244 
246 
288 
244 
222 
240 
242 
242 
244 
246 
528 
240 
222 
242 
242 
244 
244 
244 
244 
244 
242 
242 
240 
240 
242 
242 
240 
244 
42 
38 
42 
42 
42 
244 
240 
234 
240 
224 
242 
242 
224 
244 
240 
460 
242 
222 
242 
220 
240 
238 
240 
684 
242 
244 
244 
242 
244 
244 
220 
244 
240 
242 
246 
246 
246 
242 
242 
244 
244 
206 
208 
242 
242 
240 
240 
246 
408 
242 
224 
42 
42 
42 
42 
42 
44 
44 
248 
240 
246 
246 
246 
246 
246 
210 
242 
242 
242 
242 
240 
244 
244 
244 
246 
242 
244 
244 
240 
246 
244 
388 
244 
222 
244 
240 
248 
242 
244 
674 
238 
222 
240 
244 
240 
240 
244 
240 
246 
240 
244 
240 
240 
244 
44 
40 
42 
42 
40 
244 
240 
246 
240 
238 
284 
242 
222 
240 
244 
242 
242 
244 
546 
224 
226 
244 
246 
246 
240 
246 
244 
240 
238 
244 
244 
244 
242 
244 
248 
244 
242 
242 
246 
240 
242 
242 
252 
300 
244 
220 
240 
242 
242 
244 
42 
42 
40 
42 
42 
40 
244 
244 
240 
244 
244 
240 
240 
244 
242 
248 
244 
244 
242 
240 
240 
240 
242 
244 
242 
240 
236 
242 
222 
246 
244 
244 
244 
244 
446 
242 
224 
246 
222 
244 
242 
242 
668 
240 
246 
242 
244 
242 
246 
220 
244 
248 
246 
40 
42 
44 
42 
44 
242 
246 
244 
224 
240 
238 
242 
244 
244 
426 
242 
222 
240 
242 
224 
242 
244 
648 
240 
248 
246 
222 
244 
244 
242 
244 
244 
246 
244 
240 
246 
240 
240 
242 
242 
242 
242 
244 
248 
244 
240 
240 
396 
240 
222 
244 
242 
246 
44 
42 
42 
40 
40 
40 
44 
246 
246 
238 
242 
244 
240 
242 
244 
244 
244 
244 
242 
238 
246 
242 
244 
244 
244 
240 
246 
304 
242 
226 
242 
244 
244 
240 
246 
528 
260 
226 
242 
240 
244 
244 
244 
244 
240 
244 
244 
244 
240 
242 
244 
244 
244 
42 
42 
42 
40 
44 
246 
246 
308 
246 
224 
240 
240 
220 
242 
242 
526 
242 
222 
246 
244 
246 
244 
242 
244 
242 
242 
242 
242 
242 
242 
244 
242 
240 
246 
240 
244 
246 
244 
240 
244 
224 
248 
224 
244 
246 
246 
244 
224 
444 
244 
220 
248 
42 
42 
38 
42 
40 
244 
242 
246 
240 
244 
244 
244 
246 
248 
242 
244 
242 
244 
240 
244 
242 
242 
242 
224 
242 
248 
240 
244 
246 
434 
244 
226 
244 
240 
240 
240 
242 
658 
242 
248 
242 
240 
240 
244 
242 
244 
240 
238 
240 
244 
240 
244 
38 
42 
42 
42 
42 
246 
244 
244 
240 
242 
374 
242 
224 
244 
244 
242 
244 
244 
618 
244 
222 
244 
242 
240 
246 
244 
238 
240 
252 
242 
242 
240 
240 
240 
240 
242 
244 
242 
244 
240 
242 
240 
242 
292 
214 
220 
244 
238 
244 
248 
244 
548 
40 
42 
40 
42 
42 
40 
240 
240 
244 
242 
242 
240 
244 
242 
242 
242 
244 
242 
244 
238 
244 
246 
244 
240 
296 
244 
224 
240 
242 
246 
246 
242 
528 
242 
224 
240 
246 
240 
246 
246 
244 
240 
238 
244 
242 
244 
240 
242 
224 
222 
242 
244 
40 
42 
42 
40 
46 
40 
44 
222 
242 
242 
246 
238 
244 
434 
244 
224 
244 
246 
236 
242 
242 
686 
244 
242 
244 
242 
238 
238 
246 
244 
246 
244 
244 
244 
244 
242 
242 
244 
242 
242 
222 
240 
240 
238 
244 
240 
420 
242 
222 
242 
244 
244 
246 
40 
40 
42 
42 
42 
40 
238 
246 
238 
244 
244 
246 
240 
244 
242 
242 
242 
248 
240 
244 
240 
240 
246 
242 
244 
242 
386 
244 
224 
244 
242 
244 
242 
244 
608 
238 
222 
244 
240 
242 
244 
242 
242 
244 
244 
244 
242 
242 
244 
238 
244 
244 
244 
42 
40 
44 
40 
40 
42 
318 
250 
224 
244 
244 
240 
244 
242 
552 
242 
224 
242 
242 
246 
240 
242 
242 
244 
242 
244 
244 
238 
242 
244 
244 
242 
244 
240 
242 
242 
242 
242 
242 
312 
242 
222 
244 
244 
242 
238 
244 
530 
240 
216 
242 
242 
42 
42 
40 
42 
40 
240 
244 
244 
244 
246 
244 
246 
244 
246 
240 
244 
242 
242 
246 
242 
226 
246 
222 
246 
244 
242 
246 
244 
620 
246 
226 
242 
242 
242 
244 
246 
664 
242 
246 
242 
242 
238 
244 
240 
242 
242 
242 
242 
242 
244 
240 
238 
42 
42 
40 
42 
42 
240 
248 
242 
242 
434 
242 
220 
238 
244 
240 
242 
202 
658 
244 
246 
246 
242 
246 
240 
244 
244 
242 
242 
242 
242 
246 
246 
240 
244 
238 
242 
246 
240 
240 
244 
242 
246 
366 
244 
228 
242 
242 
240 
244 
244 
582 
40 
40 
42 
40 
40 
38 
40 
242 
240 
240 
240 
244 
244 
246 
246 
242 
244 
242 
244 
242 
244 
240 
240 
244 
324 
250 
224 
242 
240 
242 
240 
240 
560 
242 
224 
242 
246 
246 
240 
242 
242 
240 
242 
206 
244 
242 
242 
246 
244 
244 
242 
242 
242 
42 
44 
38 
42 
40 
44 
222 
242 
244 
240 
242 
242 
534 
244 
220 
242 
242 
244 
244 
238 
238 
244 
244 
242 
244 
244 
244 
242 
240 
244 
242 
242 
248 
244 
240 
244 
242 
224 
244 
222 
246 
248 
240 
242 
242 
436 
244 
226 
242 
240 
244 
240 
242 
42 
40 
40 
44 
42 
44 
42 
42 
242 
244 
244 
242 
238 
240 
244 
224 
242 
226 
242 
222 
242 
244 
244 
238 
244 
438 
240 
220 
244 
242 
288 
246 
246 
670 
242 
244 
242 
244 
346 
244 
324 
244 
246 
240 
240 
244 
244 
244 
244 
244 
244 
244 
244 
244 
246 
42 
42 
40 
40 
40 
224 
244 
240 
240 
242 
242 
600 
242 
222 
246 
240 
242 
244 
242 
244 
246 
244 
242 
244 
244 
244 
242 
238 
244 
246 
246 
244 
246 
242 
240 
242 
318 
242 
222 
244 
242 
242 
246 
244 
552 
246 
222 
244 
242 
244 
242 
244 
214 
42 
42 
42 
42 
40 
44 
244 
246 
242 
246 
224 
242 
220 
244 
244 
242 
284 
244 
222 
242 
240 
240 
246 
218 
530 
238 
222 
240 
244 
240 
240 
242 
244 
238 
244 
242 
246 
242 
246 
240 
244 
226 
240 
240 
248 
244 
242 
242 
242 
224 
244 
222 
42 
42 
42 
40 
42 
40 
242 
224 
244 
242 
244 
246 
242 
688 
246 
242 
244 
222 
242 
240 
246 
246 
242 
244 
244 
222 
240 
240 
244 
244 
234 
242 
222 
240 
224 
242 
242 
246 
432 
242 
220 
224 
260 
244 
246 
242 
680 
242 
246 
244 
244 
248 
40 
40 
42 
42 
40 
42 
42 
244 
244 
242 
242 
234 
242 
244 
242 
242 
246 
242 
240 
354 
240 
222 
246 
244 
246 
246 
242 
580 
246 
224 
242 
244 
244 
244 
240 
348 
244 
250 
546 
242 
240 
238 
246 
244 
240 
244 
242 
234 
250 
246 
240 
246 
336 
42 
42 
42 
42 
44 
240 
244 
558 
242 
224 
240 
242 
238 
242 
242 
244 
242 
242 
242 
240 
242 
244 
242 
246 
244 
246 
242 
246 
242 
244 
226 
244 
292 
242 
222 
244 
244 
240 
240 
242 
200 
210 
226 
244 
242 
244 
248 
242 
244 
224 
222 
40 
42 
42 
40 
40 
40 
242 
244 
246 
240 
244 
244 
242 
240 
224 
244 
224 
238 
238 
248 
238 
242 
458 
246 
224 
244 
242 
244 
244 
244 
676 
238 
244 
244 
244 
240 
242 
244 
242 
246 
242 
244 
244 
240 
240 
244 
242 
222 
244 
224 
244 
244 
44 
40 
42 
44 
42 
42 
204 
240 
242 
246 
242 
656 
244 
238 
240 
244 
242 
242 
242 
244 
244 
240 
242 
244 
242 
242 
244 
240 
244 
244 
224 
240 
248 
242 
242 
242 
368 
244 
220 
242 
244 
240 
242 
242 
590 
242 
224 
244 
240 
242 
240 
240 
246 
42 
40 
38 
40 
40 
44 
42 
244 
244 
242 
224 
244 
238 
246 
242 
242 
338 
246 
224 
244 
242 
242 
244 
242 
580 
242 
226 
244 
240 
244 
546 
250 
246 
244 
244 
242 
242 
240 
246 
240 
242 
240 
242 
246 
242 
244 
242 
242 
242 
296 
240 
220 
240 
44 
42 
42 
42 
42 
246 
224 
242 
244 
244 
240 
244 
244 
242 
238 
244 
244 
242 
242 
242 
242 
244 
260 
202 
242 
246 
242 
220 
242 
236 
246 
222 
242 
244 
242 
240 
242 
452 
246 
222 
240 
240 
242 
242 
242 
686 
244 
244 
248 
236 
242 
244 
246 
44 
42 
42 
42 
42 
44 
204 
242 
242 
226 
242 
210 
242 
242 
240 
204 
248 
446 
220 
220 
242 
244 
246 
222 
244 
664 
244 
222 
242 
244 
242 
244 
242 
246 
244 
238 
220 
242 
244 
244 
240 
242 
242 
242 
244 
242 
246 
244 
240 
240 
348 
244 
220 
40 
38 
42 
40 
42 
42 
42 
44 
246 
218 
242 
240 
244 
244 
242 
242 
244 
242 
242 
242 
242 
246 
244 
242 
244 
240 
244 
242 
242 
244 
406 
204 
226 
244 
240 
242 
244 
242 
558 
240 
224 
242 
244 
242 
244 
242 
244 
244 
242 
242 
242 
242 
244 
244 
244 
42 
42 
40 
40 
40 
248 
240 
240 
294 
242 
226 
244 
244 
242 
238 
244 
512 
244 
220 
242 
242 
244 
242 
242 
242 
244 
244 
240 
244 
246 
244 
242 
244 
246 
244 
244 
244 
240 
238 
240 
222 
226 
246 
220 
242 
246 
242 
242 
244 
472 
244 
40 
40 
40 
44 
42 
244 
694 
242 
242 
242 
240 
244 
244 
244 
246 
226 
206 
240 
238 
242 
240 
238 
246 
220 
242 
220 
240 
242 
244 
240 
242 
436 
242 
222 
246 
244 
248 
242 
242 
664 
224 
238 
246 
246 
242 
242 
244 
244 
222 
220 
240 
42 
40 
40 
40 
42 
42 
246 
248 
244 
240 
242 
246 
238 
382 
242 
222 
242 
242 
248 
246 
240 
588 
242 
218 
242 
246 
240 
246 
244 
246 
242 
242 
244 
242 
240 
240 
246 
240 
244 
242 
242 
242 
242 
244 
244 
240 
332 
242 
222 
242 
244 
242 
40 
40 
42 
38 
42 
40 
240 
246 
244 
242 
242 
244 
244 
224 
242 
240 
246 
244 
242 
244 
242 
240 
244 
244 
244 
244 
244 
286 
240 
220 
244 
244 
242 
244 
238 
508 
242 
220 
246 
242 
238 
242 
240 
240 
238 
242 
240 
242 
244 
242 
244 
242 
46 
116 
42 
40 
42 
246 
244 
244 
232 
240 
224 
242 
220 
242 
242 
242 
478 
244 
224 
242 
244 
224 
244 
246 
688 
240 
242 
244 
242 
244 
252 
244 
242 
244 
242 
240 
242 
242 
238 
240 
242 
232 
242 
222 
242 
244 
244 
242 
242 
446 
242 
228 
40 
40 
40 
44 
40 
674 
242 
246 
244 
242 
242 
244 
242 
242 
242 
244 
240 
242 
244 
244 
242 
244 
242 
240 
222 
244 
246 
242 
244 
242 
372 
242 
220 
244 
238 
220 
240 
242 
588 
244 
226 
208 
240 
242 
242 
244 
240 
244 
244 
244 
242 
44 
42 
42 
38 
42 
40 
40 
242 
244 
242 
242 
242 
346 
240 
220 
242 
242 
244 
242 
244 
576 
240 
222 
242 
244 
242 
246 
244 
242 
246 
242 
242 
242 
244 
240 
240 
240 
240 
224 
222 
246 
240 
242 
240 
240 
280 
242 
222 
240 
240 
244 
246 
240 
42 
40 
42 
42 
40 
40 
40 
242 
244 
252 
242 
242 
244 
244 
242 
242 
244 
246 
246 
246 
242 
246 
244 
250 
242 
244 
244 
226 
242 
240 
242 
240 
242 
478 
246 
224 
242 
244 
212 
244 
242 
700 
244 
238 
244 
242 
244 
248 
240 
242 
242 
244 
224 
244 
44 
42 
42 
42 
42 
42 
40 
44 
246 
242 
242 
244 
444 
206 
224 
242 
246 
242 
242 
248 
670 
244 
236 
240 
244 
244 
244 
242 
244 
240 
244 
244 
244 
242 
248 
242 
242 
244 
242 
220 
242 
230 
244 
242 
244 
354 
242 
222 
244 
242 
242 
240 
240 
596 
42 
42 
44 
42 
42 
42 
40 
244 
244 
240 
244 
242 
246 
244 
244 
244 
242 
244 
220 
244 
240 
244 
244 
244 
366 
248 
222 
242 
242 
244 
246 
202 
202 
246 
224 
246 
246 
244 
244 
242 
242 
242 
238 
240 
240 
244 
242 
240 
244 
240 
204 
242 
240 
42 
40 
42 
44 
40 
40 
222 
244 
242 
240 
242 
240 
496 
240 
220 
240 
240 
240 
240 
244 
240 
244 
240 
242 
244 
238 
240 
242 
242 
242 
244 
206 
244 
244 
244 
244 
242 
228 
246 
230 
242 
244 
244 
242 
244 
466 
242 
224 
244 
242 
242 
244 
244 
42 
42 
40 
44 
40 
244 
244 
242 
242 
222 
238 
240 
246 
244 
244 
244 
244 
224 
242 
224 
224 
242 
242 
242 
242 
452 
242 
220 
244 
240 
240 
244 
240 
658 
246 
244 
244 
244 
244 
244 
244 
242 
242 
244 
242 
244 
242 
244 
244 
240 
240 
240 
44 
44 
42 
42 
242 
244 
374 
242 
224 
242 
246 
224 
244 
240 
618 
244 
226 
240 
244 
240 
244 
244 
242 
242 
242 
244 
242 
244 
242 
242 
242 
244 
240 
246 
248 
244 
244 
242 
242 
364 
244 
224 
244 
244 
204 
246 
244 
592 
242 
224 
40 
40 
40 
42 
40 
42 
42 
42 
42 
44 
248 
244 
238 
240 
240 
242 
244 
246 
246 
238 
242 
242 
270 
240 
222 
242 
244 
242 
244 
242 
516 
244 
224 
242 
242 
244 
242 
240 
242 
308 
242 
246 
244 
242 
204 
244 
244 
242 
244 
246 
246 
244 
242 
240 
242 
238 
244 
40 
40 
42 
42 
42 
42 
496 
242 
202 
246 
242 
242 
246 
244 
242 
242 
238 
244 
246 
242 
246 
242 
242 
240 
242 
242 
242 
240 
246 
242 
246 
224 
240 
220 
242 
244 
242 
244 
240 
440 
242 
222 
244 
244 
244 
242 
236 
656 
244 
246 
242 
246 
42 
42 
42 
40 
42 
40 
244 
242 
246 
198 
244 
244 
264 
348 
226 
242 
238 
238 
240 
244 
364 
222 
226 
244 
244 
244 
244 
240 
610 
244 
226 
242 
242 
242 
246 
222 
240 
244 
244 
242 
240 
240 
242 
40 
42 
38 
44 
44 
42 
242 
242 
242 
248 
332 
202 
220 
242 
242 
246 
240 
244 
592 
244 
224 
242 
244 
242 
240 
244 
246 
244 
242 
244 
242 
244 
240 
240 
246 
242 
242 
246 
240 
244 
244 
240 
248 
278 
244 
224 
240 
240 
246 
242 
242 
484 
40 
46 
40 
40 
42 
42 
42 
246 
244 
244 
200 
244 
240 
242 
242 
244 
242 
240 
204 
244 
242 
246 
246 
240 
254 
246 
218 
244 
246 
242 
244 
246 
498 
242 
218 
222 
240 
244 
244 
240 
246 
242 
248 
236 
244 
244 
242 
234 
242 
240 
244 
242 
240 
242 
40 
42 
42 
44 
40 
44 
240 
244 
240 
242 
240 
426 
244 
220 
244 
248 
244 
224 
242 
670 
242 
224 
222 
246 
242 
242 
244 
240 
246 
244 
242 
246 
242 
244 
240 
244 
200 
246 
224 
244 
240 
244 
240 
242 
384 
244 
222 
244 
242 
242 
244 
246 
40 
238 
38 
40 
42 
246 
244 
242 
242 
240 
242 
242 
242 
244 
220 
240 
244 
242 
242 
238 
244 
240 
244 
242 
244 
360 
244 
222 
242 
240 
238 
244 
242 
586 
246 
220 
244 
240 
242 
246 
244 
240 
246 
246 
202 
244 
202 
248 
242 
244 
42 
44 
42 
40 
42 
40 
246 
238 
272 
240 
220 
206 
242 
244 
242 
244 
514 
240 
224 
244 
242 
240 
246 
242 
242 
244 
244 
240 
242 
242 
242 
242 
244 
244 
242 
244 
240 
246 
244 
242 
244 
236 
246 
222 
244 
244 
244 
244 
240 
500 
242 
44 
44 
40 
42 
40 
42 
242 
242 
246 
244 
242 
244 
244 
202 
244 
242 
242 
242 
242 
242 
242 
244 
242 
222 
240 
314 
248 
244 
244 
242 
242 
422 
242 
224 
242 
246 
242 
224 
244 
652 
244 
232 
238 
242 
220 
244 
244 
240 
244 
240 
244 
204 
42 
40 
42 
42 
42 
42 
232 
240 
244 
242 
242 
242 
382 
244 
224 
244 
240 
240 
244 
242 
624 
246 
232 
240 
240 
242 
242 
244 
246 
222 
240 
244 
242 
242 
240 
244 
244 
242 
244 
238 
224 
246 
244 
238 
242 
364 
224 
224 
240 
246 
240 
242 
42 
42 
42 
44 
42 
40 
242 
242 
244 
238 
204 
242 
242 
242 
246 
244 
242 
242 
240 
242 
242 
242 
244 
246 
244 
244 
270 
246 
220 
244 
240 
246 
240 
242 
498 
244 
224 
242 
244 
240 
246 
244 
244 
242 
248 
246 
242 
240 
246 
246 
244 
240 
42 
42 
42 
40 
242 
240 
246 
264 
244 
226 
242 
244 
200 
242 
244 
514 
242 
224 
240 
240 
246 
244 
242 
240 
240 
242 
244 
242 
246 
244 
244 
240 
240 
242 
244 
242 
242 
246 
240 
242 
226 
242 
224 
244 
242 
244 
244 
242 
436 
242 
226 
42 
40 
40 
42 
40 
42 
244 
244 
242 
242 
244 
240 
244 
244 
244 
244 
240 
242 
244 
242 
240 
244 
242 
242 
224 
242 
244 
240 
242 
244 
386 
244 
226 
246 
244 
246 
246 
244 
614 
244 
230 
244 
242 
240 
246 
242 
244 
244 
244 
240 
242 
244 
44 
42 
42 
42 
40 
42 
40 
248 
244 
240 
240 
350 
240 
224 
242 
248 
246 
244 
244 
588 
240 
222 
242 
244 
246 
240 
240 
246 
240 
240 
244 
242 
242 
244 
240 
244 
238 
246 
246 
240 
240 
240 
244 
240 
288 
242 
224 
244 
244 
242 
240 
244 
502 
42 
42 
40 
40 
42 
40 
242 
240 
246 
240 
244 
244 
242 
244 
244 
244 
242 
244 
242 
244 
242 
242 
244 
242 
252 
242 
224 
244 
252 
242 
248 
242 
494 
246 
224 
240 
240 
246 
244 
242 
244 
240 
240 
244 
242 
242 
244 
244 
246 
238 
240 
244 
42 
42 
40 
42 
40 
40 
240 
222 
244 
244 
244 
242 
240 
438 
242 
220 
242 
246 
242 
240 
244 
650 
244 
248 
244 
240 
240 
242 
238 
244 
244 
244 
240 
242 
244 
244 
244 
246 
240 
242 
222 
240 
238 
248 
244 
242 
406 
242 
222 
242 
240 
244 
38 
44 
40 
42 
42 
42 
40 
40 
244 
244 
244 
242 
240 
242 
246 
242 
242 
244 
242 
244 
248 
240 
246 
244 
242 
244 
242 
360 
244 
224 
244 
242 
242 
240 
240 
588 
244 
228 
246 
246 
240 
244 
244 
244 
242 
242 
240 
244 
242 
242 
242 
244 
242 
244 
42 
40 
42 
244 
242 
244 
278 
242 
226 
244 
244 
242 
242 
240 
532 
244 
224 
242 
244 
242 
242 
246 
240 
242 
246 
244 
242 
242 
242 
242 
248 
248 
244 
244 
244 
248 
244 
248 
240 
266 
240 
224 
244 
246 
244 
246 
240 
502 
242 
220 
248 
240 
254 
204 
242 
204 
202 
242 
214 
246 
224 
222 
242 
204 
226 
220 
246 
252 
204 
242 
244 
242 
220 
242 
212 
240 
242 
242 
244 
224 
428 
244 
224 
202 
244 
200 
206 
228 
662 
242 
242 
246 
242 
246 
242 
240 
244 
202 
214 
226 
224 
378 
250 
204 
236 
276 
246 
226 
246 
246 
204 
248 
208 
510 
242 
210 
228 
244 
210 
208 
212 
614 
242 
226 
252 
266 
226 
238 
216 
246 
244 
208 
230 
224 
216 
226 
248 
218 
226 
242 
274 
244 
240 
242 
222 
242 
362 
234 
224 
242 
244 
226 
238 
244 
618 
242 
224 
246 
246 
242 
242 
246 
220 
242 
200 
242 
206 
244 
242 
242 
242 
244 
240 
210 
242 
204 
244 
252 
224 
196 
246 
224 
242 
244 
242 
240 
242 
562 
242 
220 
234 
200 
244 
240 
246 
240 
244 
240 
242 
242 
248 
244 
246 
244 
248 
242 
246 
246 
220 
246 
206 
224 
532 
228 
224 
242 
238 
242 
242 
242 
522 
242 
222 
242 
248 
240 
244 
246 
206 
202 
244 
224 
246 
246 
242 
310 
244 
238 
242 
248 
204 
242 
284 
246 
242 
222 
242 
226 
244 
246 
238 
240 
244 
438 
242 
224 
240 
242 
240 
238 
246 
654 
240 
252 
244 
244 
244 
246 
244 
246 
244 
244 
244 
240 
246 
244 
238 
240 
244 
244 
222 
242 
240 
244 
244 
244 
406 
248 
224 
244 
246 
240 
242 
244 
646 
246 
228 
244 
238 
244 
242 
244 
242 
244 
242 
244 
242 
246 
242 
240 
246 
242 
244 
242 
238 
242 
244 
246 
244 
368 
242 
224 
242 
246 
242 
240 
242 
566 
244 
226 
242 
244 
242 
244 
244 
240 
246 
242 
242 
244 
242 
