# FR-trace starting at Tue Apr 20 17:43:26 2021
################# CONFIG #################
# slot=9000
# samples=5000
# threshold=100
# idle=500
# minlen=500
# runs=60000
# pdathreads=3
# nmonitored=1
#   monitor0=/usr/local/lib/libcrypto.so 770062 0xbc00e
# nevicted=0
# npdatargets=1
#   target0=/usr/local/lib/libcrypto.so 750148 0xb7244
# affinity=all
############## SYSTEM INFO ###############
# mastik_version=
# sysname=Linux
# nodename=0b12265572f4
# release=5.8.0-50-generic
# version=#56~20.04.1-Ubuntu SMP Mon Apr 12 21:46:35 UTC 2021
# machine=x86_64
################## DATA ##################
# run=1
# datapoints=5000
40 
242 
242 
246 
248 
224 
242 
240 
244 
220 
250 
242 
242 
244 
246 
538 
242 
220 
42 
40 
42 
40 
42 
630 
242 
240 
242 
248 
240 
244 
242 
246 
240 
240 
244 
240 
242 
242 
44 
248 
248 
242 
224 
244 
240 
244 
242 
246 
376 
242 
224 
246 
238 
242 
244 
244 
618 
242 
220 
244 
242 
240 
208 
220 
242 
240 
246 
244 
238 
242 
244 
248 
40 
44 
42 
42 
40 
42 
40 
242 
244 
312 
244 
224 
240 
244 
244 
242 
240 
528 
242 
222 
248 
244 
242 
244 
240 
242 
242 
240 
242 
244 
244 
246 
244 
242 
244 
244 
242 
242 
244 
246 
240 
244 
256 
244 
222 
244 
238 
244 
244 
244 
508 
222 
224 
200 
246 
42 
40 
42 
42 
38 
42 
40 
240 
238 
242 
242 
244 
246 
244 
246 
244 
244 
242 
244 
242 
232 
246 
224 
238 
244 
246 
244 
244 
462 
242 
224 
242 
248 
246 
240 
244 
704 
244 
250 
242 
238 
244 
244 
242 
238 
238 
246 
244 
240 
242 
242 
240 
240 
242 
42 
40 
44 
42 
42 
42 
44 
42 
42 
224 
244 
244 
244 
242 
242 
630 
244 
244 
240 
242 
246 
246 
244 
242 
244 
244 
240 
242 
242 
242 
248 
246 
244 
238 
224 
242 
244 
242 
240 
242 
376 
244 
222 
246 
242 
242 
244 
240 
604 
242 
222 
240 
244 
246 
244 
42 
42 
42 
42 
42 
246 
240 
242 
244 
242 
246 
240 
246 
244 
242 
244 
246 
242 
324 
240 
220 
240 
244 
238 
246 
244 
536 
242 
222 
244 
244 
248 
240 
240 
244 
242 
246 
240 
244 
240 
238 
242 
244 
244 
238 
246 
244 
242 
244 
244 
242 
40 
40 
42 
40 
40 
42 
40 
244 
496 
244 
222 
244 
244 
244 
242 
244 
246 
242 
244 
248 
240 
244 
244 
244 
244 
242 
242 
246 
238 
242 
242 
242 
242 
234 
246 
224 
242 
244 
242 
244 
240 
474 
242 
222 
242 
244 
242 
242 
246 
696 
238 
242 
242 
42 
40 
42 
44 
42 
40 
240 
242 
246 
246 
242 
244 
242 
240 
244 
222 
242 
244 
240 
240 
240 
380 
246 
220 
242 
244 
242 
246 
242 
614 
238 
246 
240 
244 
242 
240 
240 
244 
238 
240 
244 
242 
242 
244 
244 
244 
242 
244 
222 
238 
240 
238 
246 
40 
44 
40 
40 
40 
42 
38 
240 
244 
632 
242 
226 
242 
246 
238 
244 
246 
244 
242 
242 
246 
244 
238 
242 
246 
242 
240 
242 
242 
246 
244 
242 
238 
240 
306 
244 
226 
246 
240 
242 
242 
240 
528 
240 
224 
242 
240 
240 
244 
238 
246 
246 
244 
42 
44 
40 
42 
42 
46 
44 
42 
40 
242 
242 
244 
248 
246 
262 
242 
224 
246 
244 
242 
244 
244 
506 
242 
222 
244 
240 
246 
244 
242 
240 
240 
238 
244 
246 
244 
244 
244 
242 
244 
238 
236 
242 
244 
242 
244 
244 
240 
238 
222 
244 
244 
244 
248 
244 
470 
238 
38 
42 
42 
40 
44 
42 
42 
40 
42 
244 
240 
244 
246 
244 
240 
242 
242 
240 
242 
242 
240 
250 
240 
246 
246 
222 
242 
246 
240 
240 
244 
400 
242 
226 
242 
244 
246 
242 
242 
620 
242 
246 
242 
244 
244 
244 
242 
246 
244 
240 
242 
242 
244 
244 
246 
246 
44 
42 
40 
40 
42 
42 
244 
246 
384 
246 
216 
246 
244 
242 
242 
244 
616 
242 
222 
242 
244 
240 
246 
244 
244 
244 
248 
242 
242 
244 
244 
238 
246 
242 
238 
242 
244 
244 
242 
240 
240 
320 
242 
224 
248 
238 
242 
240 
240 
530 
244 
224 
240 
244 
42 
40 
42 
42 
44 
42 
42 
242 
240 
242 
242 
242 
242 
246 
242 
244 
242 
240 
246 
242 
290 
240 
222 
242 
244 
242 
244 
246 
502 
242 
222 
244 
240 
242 
242 
242 
240 
242 
244 
240 
240 
244 
242 
242 
242 
244 
246 
238 
238 
246 
244 
240 
244 
228 
42 
42 
40 
44 
42 
244 
240 
456 
244 
222 
244 
242 
246 
242 
244 
680 
246 
242 
244 
244 
242 
246 
242 
242 
244 
244 
238 
242 
248 
242 
242 
238 
240 
242 
224 
242 
244 
244 
242 
246 
398 
246 
224 
242 
242 
240 
244 
244 
620 
246 
248 
40 
40 
42 
40 
42 
44 
40 
42 
242 
238 
242 
240 
246 
244 
242 
238 
218 
238 
246 
244 
242 
242 
392 
242 
224 
246 
246 
244 
242 
242 
612 
244 
216 
240 
242 
244 
248 
242 
240 
246 
244 
244 
244 
244 
246 
244 
246 
246 
238 
242 
248 
244 
242 
244 
246 
292 
40 
44 
42 
40 
40 
40 
44 
538 
242 
222 
244 
238 
246 
240 
220 
430 
318 
1306 
2578 
378 
288 
928 
244 
240 
242 
238 
244 
242 
240 
242 
244 
242 
278 
242 
222 
240 
246 
244 
242 
246 
530 
242 
220 
244 
242 
248 
244 
244 
246 
238 
242 
244 
244 
242 
242 
244 
244 
242 
240 
42 
42 
42 
40 
242 
240 
250 
244 
224 
244 
240 
244 
244 
242 
460 
246 
222 
242 
242 
242 
242 
244 
678 
244 
244 
242 
240 
244 
238 
244 
246 
242 
244 
246 
244 
242 
246 
246 
238 
240 
248 
220 
244 
242 
244 
244 
246 
380 
246 
224 
244 
238 
42 
38 
40 
40 
42 
40 
248 
242 
242 
244 
242 
242 
242 
242 
246 
240 
240 
242 
242 
242 
242 
248 
220 
246 
240 
240 
246 
242 
378 
246 
224 
240 
242 
246 
244 
244 
616 
244 
226 
246 
244 
240 
240 
240 
236 
240 
244 
240 
248 
240 
240 
42 
42 
42 
42 
40 
40 
42 
240 
240 
242 
300 
248 
222 
242 
246 
244 
240 
240 
540 
244 
222 
240 
242 
244 
242 
242 
246 
246 
240 
244 
242 
238 
244 
244 
238 
244 
244 
242 
242 
246 
244 
244 
244 
302 
240 
222 
242 
244 
238 
246 
244 
540 
42 
42 
46 
40 
40 
42 
246 
246 
242 
236 
242 
244 
292 
244 
198 
242 
240 
238 
240 
242 
248 
244 
244 
246 
232 
242 
224 
244 
246 
242 
240 
244 
438 
244 
222 
244 
244 
236 
244 
240 
684 
240 
244 
42 
42 
40 
40 
42 
40 
42 
242 
244 
246 
240 
246 
244 
244 
220 
248 
222 
210 
242 
246 
238 
244 
406 
242 
222 
242 
244 
240 
242 
242 
662 
242 
246 
242 
244 
242 
244 
244 
244 
244 
242 
244 
242 
244 
244 
244 
242 
244 
240 
244 
246 
242 
240 
244 
242 
42 
40 
42 
42 
42 
242 
240 
242 
604 
248 
222 
244 
224 
244 
242 
246 
244 
240 
240 
244 
240 
242 
246 
242 
240 
246 
242 
246 
242 
240 
244 
240 
242 
298 
244 
222 
238 
238 
246 
240 
240 
550 
242 
222 
246 
244 
238 
242 
244 
244 
242 
246 
40 
44 
44 
42 
44 
42 
40 
242 
244 
244 
244 
240 
246 
246 
296 
242 
226 
242 
244 
246 
246 
246 
556 
222 
222 
238 
242 
246 
246 
204 
242 
244 
240 
238 
244 
246 
244 
246 
242 
240 
246 
256 
244 
242 
238 
242 
242 
220 
238 
220 
244 
244 
246 
38 
38 
40 
42 
40 
40 
242 
242 
242 
242 
686 
242 
242 
242 
238 
244 
244 
244 
242 
240 
242 
242 
244 
244 
242 
244 
242 
220 
246 
222 
244 
244 
242 
246 
244 
428 
248 
224 
244 
244 
242 
244 
246 
648 
244 
246 
242 
244 
242 
244 
246 
242 
244 
40 
44 
44 
42 
44 
42 
244 
246 
246 
218 
240 
240 
246 
244 
248 
394 
242 
224 
242 
242 
246 
244 
292 
628 
240 
222 
246 
244 
244 
240 
244 
240 
244 
242 
244 
244 
244 
244 
238 
242 
242 
242 
246 
240 
244 
240 
242 
240 
312 
240 
224 
242 
238 
40 
44 
40 
42 
244 
222 
240 
244 
244 
246 
238 
244 
242 
244 
240 
240 
244 
244 
242 
244 
242 
240 
248 
242 
242 
242 
244 
244 
298 
242 
224 
238 
246 
246 
240 
244 
534 
240 
224 
238 
240 
244 
242 
244 
242 
242 
244 
242 
244 
224 
42 
42 
40 
44 
40 
44 
242 
244 
246 
244 
244 
240 
244 
224 
240 
244 
244 
240 
240 
440 
242 
224 
246 
240 
242 
244 
242 
682 
242 
244 
248 
244 
242 
244 
242 
244 
238 
246 
240 
244 
246 
244 
244 
244 
244 
242 
224 
242 
246 
244 
242 
246 
42 
44 
44 
42 
40 
40 
44 
244 
652 
242 
246 
242 
244 
244 
242 
244 
222 
242 
238 
244 
244 
240 
242 
242 
206 
244 
244 
308 
242 
246 
242 
240 
244 
398 
244 
222 
242 
244 
242 
240 
240 
618 
246 
226 
242 
224 
244 
244 
242 
246 
246 
242 
242 
244 
42 
44 
40 
42 
42 
42 
244 
246 
240 
240 
240 
246 
296 
240 
224 
244 
242 
240 
238 
242 
542 
244 
224 
242 
240 
244 
242 
242 
240 
242 
242 
242 
240 
240 
242 
246 
242 
244 
238 
236 
246 
244 
240 
244 
242 
306 
246 
224 
242 
244 
242 
246 
242 
548 
42 
44 
40 
42 
42 
244 
246 
238 
242 
240 
238 
242 
238 
244 
242 
244 
244 
242 
244 
244 
246 
242 
244 
240 
210 
238 
226 
242 
240 
242 
244 
244 
442 
244 
222 
244 
248 
246 
236 
242 
670 
242 
244 
242 
246 
242 
244 
244 
242 
242 
246 
42 
36 
44 
40 
44 
244 
234 
244 
222 
242 
240 
238 
242 
244 
422 
242 
226 
246 
244 
244 
242 
242 
666 
246 
246 
220 
240 
242 
242 
246 
244 
242 
238 
240 
244 
244 
244 
244 
242 
244 
222 
244 
244 
242 
246 
244 
244 
388 
242 
222 
244 
224 
40 
42 
44 
42 
38 
42 
224 
244 
242 
238 
240 
242 
236 
244 
240 
242 
244 
246 
242 
246 
238 
244 
242 
242 
242 
242 
242 
244 
328 
242 
220 
242 
238 
240 
202 
240 
546 
204 
224 
246 
242 
240 
242 
244 
242 
246 
242 
246 
240 
270 
244 
246 
246 
44 
40 
42 
38 
42 
242 
244 
242 
288 
244 
224 
244 
240 
242 
246 
248 
536 
242 
220 
246 
240 
242 
242 
248 
242 
244 
244 
244 
246 
240 
240 
238 
244 
244 
240 
244 
246 
240 
244 
242 
238 
222 
250 
222 
244 
244 
240 
246 
242 
464 
244 
222 
42 
44 
42 
40 
40 
664 
246 
244 
240 
244 
244 
244 
240 
244 
250 
242 
244 
240 
244 
246 
244 
242 
232 
244 
222 
242 
244 
244 
246 
244 
434 
242 
226 
240 
244 
240 
244 
244 
684 
242 
250 
242 
242 
248 
242 
242 
238 
240 
238 
244 
244 
322 
44 
40 
40 
42 
244 
244 
244 
242 
244 
242 
244 
374 
240 
222 
238 
246 
244 
242 
240 
590 
242 
224 
240 
242 
246 
244 
244 
248 
242 
244 
244 
242 
242 
242 
238 
242 
242 
242 
244 
246 
242 
240 
244 
244 
318 
242 
220 
244 
242 
242 
244 
44 
38 
40 
40 
40 
42 
240 
224 
242 
242 
244 
242 
242 
244 
240 
242 
248 
242 
240 
238 
240 
244 
242 
242 
242 
248 
316 
242 
224 
244 
242 
246 
244 
244 
526 
244 
224 
238 
248 
240 
244 
242 
244 
242 
240 
240 
242 
246 
242 
242 
240 
242 
42 
40 
42 
40 
40 
42 
222 
228 
244 
222 
244 
242 
240 
240 
244 
456 
242 
224 
244 
242 
242 
244 
240 
672 
242 
238 
242 
242 
242 
240 
242 
244 
242 
242 
242 
244 
246 
238 
244 
244 
252 
240 
224 
242 
240 
248 
244 
324 
428 
244 
224 
244 
40 
42 
42 
40 
40 
40 
238 
244 
238 
242 
246 
248 
240 
244 
242 
240 
210 
226 
242 
244 
242 
240 
246 
238 
242 
246 
244 
240 
242 
372 
246 
226 
240 
244 
242 
238 
246 
562 
234 
222 
246 
244 
242 
246 
240 
244 
246 
244 
244 
240 
244 
242 
44 
42 
42 
42 
40 
40 
244 
236 
226 
240 
306 
246 
224 
244 
240 
242 
242 
240 
570 
244 
226 
242 
238 
242 
242 
244 
248 
240 
246 
240 
242 
242 
242 
244 
242 
244 
244 
242 
246 
242 
244 
244 
244 
320 
242 
224 
240 
244 
242 
240 
238 
540 
40 
40 
40 
42 
40 
44 
240 
240 
244 
242 
244 
246 
244 
244 
240 
240 
244 
244 
248 
246 
240 
244 
242 
242 
228 
242 
228 
238 
246 
242 
240 
238 
446 
244 
218 
204 
240 
240 
240 
246 
698 
244 
244 
224 
244 
240 
246 
244 
244 
246 
242 
244 
42 
40 
42 
40 
42 
44 
242 
222 
244 
246 
240 
244 
244 
454 
244 
216 
244 
240 
240 
246 
244 
684 
246 
244 
240 
240 
240 
238 
246 
244 
240 
238 
240 
242 
244 
242 
242 
242 
242 
244 
220 
222 
224 
244 
244 
246 
382 
242 
226 
246 
242 
244 
44 
40 
42 
42 
40 
44 
242 
244 
240 
240 
240 
240 
244 
240 
208 
240 
242 
238 
244 
244 
246 
240 
248 
246 
240 
246 
240 
308 
242 
224 
204 
238 
244 
244 
244 
564 
244 
222 
244 
244 
242 
242 
240 
240 
238 
242 
242 
242 
244 
244 
244 
242 
42 
40 
40 
42 
40 
42 
244 
242 
300 
242 
222 
242 
242 
240 
244 
244 
514 
244 
220 
248 
248 
242 
242 
238 
244 
244 
244 
238 
250 
240 
242 
242 
240 
240 
238 
240 
244 
248 
240 
238 
242 
222 
240 
224 
242 
244 
240 
242 
242 
466 
242 
224 
242 
244 
44 
44 
40 
42 
246 
240 
242 
244 
242 
242 
244 
246 
244 
222 
244 
260 
316 
244 
244 
242 
268 
244 
226 
238 
246 
246 
238 
242 
448 
252 
222 
238 
244 
244 
244 
242 
676 
244 
242 
240 
244 
246 
242 
238 
246 
238 
244 
244 
244 
244 
40 
40 
40 
42 
42 
244 
240 
246 
242 
242 
240 
372 
240 
226 
244 
242 
238 
242 
242 
596 
242 
220 
240 
246 
240 
242 
242 
242 
242 
244 
244 
240 
240 
244 
244 
246 
244 
246 
240 
240 
240 
242 
238 
240 
330 
244 
226 
240 
242 
244 
244 
40 
44 
40 
40 
42 
42 
44 
242 
242 
240 
242 
242 
242 
242 
240 
242 
244 
246 
244 
246 
242 
244 
244 
244 
244 
240 
302 
244 
224 
242 
244 
240 
240 
244 
532 
242 
224 
246 
246 
246 
246 
244 
242 
244 
244 
244 
242 
240 
246 
244 
242 
244 
246 
244 
44 
42 
42 
42 
42 
42 
244 
222 
242 
246 
242 
242 
242 
460 
240 
222 
246 
240 
244 
242 
242 
700 
244 
240 
238 
242 
242 
242 
242 
242 
242 
242 
244 
226 
240 
244 
242 
240 
234 
238 
220 
242 
242 
238 
226 
246 
444 
244 
224 
246 
244 
246 
40 
42 
44 
42 
44 
42 
42 
42 
242 
242 
242 
240 
244 
224 
246 
242 
244 
240 
246 
244 
242 
222 
244 
240 
240 
220 
244 
360 
244 
222 
242 
242 
240 
242 
240 
598 
242 
222 
242 
244 
244 
238 
242 
244 
242 
246 
246 
244 
240 
240 
246 
244 
242 
240 
42 
42 
40 
42 
44 
242 
324 
244 
224 
244 
240 
242 
242 
246 
582 
242 
226 
240 
244 
240 
240 
244 
242 
268 
244 
240 
242 
244 
246 
242 
240 
220 
248 
224 
218 
242 
248 
244 
240 
294 
242 
226 
244 
242 
244 
244 
244 
528 
246 
220 
244 
38 
40 
40 
42 
42 
242 
244 
246 
246 
242 
238 
244 
242 
244 
240 
244 
244 
244 
240 
240 
242 
226 
244 
222 
240 
236 
246 
246 
242 
448 
244 
224 
244 
240 
242 
248 
244 
700 
240 
244 
242 
240 
246 
244 
240 
244 
238 
246 
242 
246 
242 
242 
40 
42 
42 
42 
42 
244 
238 
246 
244 
244 
458 
244 
218 
242 
242 
246 
244 
244 
682 
240 
246 
244 
242 
244 
246 
242 
244 
246 
242 
242 
242 
242 
242 
242 
200 
238 
246 
246 
242 
242 
238 
242 
246 
364 
242 
224 
244 
244 
242 
242 
242 
42 
38 
40 
42 
42 
42 
44 
42 
240 
242 
240 
242 
242 
246 
242 
242 
246 
224 
240 
240 
242 
240 
238 
244 
244 
336 
244 
222 
242 
240 
244 
242 
242 
594 
240 
224 
240 
246 
242 
240 
240 
242 
246 
242 
240 
242 
244 
222 
222 
242 
240 
242 
246 
240 
40 
40 
40 
42 
44 
240 
224 
246 
200 
246 
244 
242 
506 
232 
226 
246 
242 
238 
246 
242 
240 
244 
242 
246 
244 
240 
242 
242 
238 
242 
244 
242 
240 
246 
200 
240 
244 
228 
242 
220 
244 
240 
244 
240 
240 
454 
246 
220 
242 
304 
240 
244 
42 
42 
44 
42 
40 
246 
242 
240 
242 
244 
246 
244 
244 
240 
240 
244 
246 
248 
226 
242 
230 
244 
244 
244 
244 
244 
442 
244 
224 
242 
240 
240 
248 
240 
666 
236 
230 
244 
242 
242 
240 
236 
244 
242 
238 
244 
244 
226 
238 
242 
244 
42 
42 
42 
42 
42 
40 
242 
242 
358 
244 
226 
246 
240 
244 
242 
240 
590 
240 
220 
244 
244 
238 
246 
244 
238 
240 
246 
246 
242 
238 
246 
240 
242 
242 
242 
244 
242 
240 
242 
240 
244 
364 
244 
222 
242 
242 
244 
244 
238 
586 
242 
224 
40 
40 
42 
46 
42 
40 
240 
238 
242 
242 
240 
250 
242 
244 
238 
242 
230 
242 
238 
242 
244 
242 
300 
242 
220 
242 
240 
240 
246 
240 
510 
240 
224 
242 
244 
240 
242 
244 
240 
240 
244 
244 
244 
238 
246 
242 
246 
242 
248 
246 
240 
244 
238 
42 
42 
42 
40 
40 
40 
242 
242 
242 
244 
482 
244 
222 
244 
236 
240 
246 
246 
280 
226 
242 
244 
244 
238 
242 
244 
242 
244 
240 
226 
240 
242 
248 
244 
240 
228 
240 
224 
238 
244 
244 
244 
240 
456 
242 
224 
240 
242 
238 
244 
240 
656 
238 
42 
42 
40 
44 
42 
42 
42 
244 
246 
246 
248 
240 
246 
244 
246 
240 
242 
240 
244 
248 
244 
240 
242 
370 
244 
220 
212 
244 
240 
242 
242 
602 
240 
230 
238 
238 
244 
244 
222 
222 
244 
240 
224 
242 
242 
246 
242 
244 
242 
224 
242 
244 
240 
40 
40 
40 
42 
42 
40 
38 
42 
242 
246 
246 
580 
244 
220 
238 
244 
240 
248 
242 
242 
242 
248 
240 
240 
240 
244 
242 
242 
250 
242 
244 
244 
242 
240 
246 
244 
284 
248 
222 
240 
238 
246 
244 
244 
498 
242 
222 
242 
242 
244 
244 
244 
240 
240 
244 
244 
40 
40 
42 
42 
46 
42 
244 
240 
244 
244 
242 
242 
720 
232 
242 
226 
242 
242 
242 
244 
242 
470 
244 
218 
246 
242 
242 
244 
242 
244 
242 
242 
244 
242 
244 
244 
244 
244 
244 
238 
246 
242 
242 
244 
246 
244 
226 
246 
222 
244 
246 
40 
44 
40 
42 
40 
222 
242 
246 
240 
240 
244 
668 
242 
248 
230 
246 
238 
244 
244 
244 
240 
240 
246 
244 
216 
244 
242 
240 
242 
244 
220 
246 
238 
240 
244 
246 
370 
244 
224 
248 
274 
244 
242 
242 
594 
242 
232 
204 
238 
242 
242 
242 
40 
40 
42 
38 
40 
240 
244 
246 
238 
240 
246 
224 
240 
242 
240 
240 
244 
364 
242 
216 
242 
242 
244 
246 
246 
566 
240 
218 
240 
240 
244 
244 
242 
242 
242 
240 
242 
200 
234 
242 
240 
242 
206 
246 
242 
244 
204 
240 
244 
246 
296 
42 
44 
42 
42 
40 
42 
242 
502 
242 
204 
242 
244 
244 
242 
244 
244 
240 
244 
246 
244 
242 
238 
246 
242 
242 
240 
242 
242 
242 
240 
246 
240 
226 
246 
220 
314 
242 
240 
244 
244 
500 
244 
220 
246 
238 
238 
246 
244 
700 
240 
240 
242 
40 
42 
42 
42 
42 
40 
244 
244 
242 
242 
246 
332 
244 
222 
242 
224 
244 
244 
244 
240 
242 
448 
238 
220 
242 
244 
244 
242 
244 
680 
246 
246 
244 
224 
242 
244 
244 
220 
248 
244 
244 
244 
244 
246 
242 
244 
240 
242 
224 
240 
242 
240 
42 
42 
40 
40 
42 
42 
240 
246 
242 
244 
614 
242 
228 
244 
236 
238 
244 
242 
242 
238 
242 
240 
240 
242 
244 
246 
242 
240 
244 
244 
242 
242 
248 
242 
244 
348 
242 
222 
246 
240 
246 
248 
244 
586 
240 
222 
242 
242 
240 
244 
244 
244 
238 
42 
42 
44 
38 
42 
42 
42 
240 
244 
246 
242 
242 
240 
240 
242 
284 
242 
220 
246 
242 
244 
240 
244 
502 
242 
226 
246 
242 
244 
240 
244 
242 
246 
246 
242 
244 
240 
242 
244 
244 
250 
244 
242 
238 
244 
242 
244 
248 
244 
248 
252 
242 
242 
242 
44 
40 
42 
42 
40 
42 
246 
246 
248 
242 
246 
242 
242 
246 
242 
240 
244 
240 
244 
242 
240 
244 
244 
240 
240 
240 
244 
226 
240 
222 
244 
242 
246 
242 
242 
436 
240 
226 
242 
244 
238 
242 
240 
648 
242 
246 
244 
240 
242 
240 
242 
246 
42 
40 
42 
44 
40 
42 
40 
42 
242 
242 
222 
244 
242 
240 
242 
244 
368 
244 
224 
244 
244 
246 
244 
242 
628 
242 
242 
244 
242 
240 
244 
242 
244 
242 
242 
242 
242 
242 
226 
240 
244 
242 
244 
242 
242 
240 
242 
236 
244 
348 
242 
224 
242 
246 
42 
42 
40 
44 
40 
42 
242 
204 
240 
242 
242 
200 
246 
242 
238 
240 
244 
244 
242 
244 
244 
242 
240 
240 
248 
238 
238 
244 
268 
244 
224 
222 
242 
244 
244 
244 
488 
242 
226 
242 
246 
246 
236 
236 
246 
240 
244 
242 
242 
238 
244 
242 
246 
40 
40 
42 
42 
40 
40 
242 
244 
260 
240 
220 
242 
236 
244 
242 
220 
492 
242 
220 
244 
244 
246 
244 
242 
242 
244 
240 
242 
240 
242 
240 
240 
242 
200 
240 
240 
240 
244 
250 
244 
242 
224 
246 
224 
244 
244 
244 
244 
246 
430 
242 
226 
42 
44 
42 
42 
40 
646 
240 
244 
244 
242 
240 
238 
246 
246 
242 
244 
242 
242 
242 
248 
242 
242 
244 
246 
222 
240 
242 
240 
238 
244 
384 
240 
226 
242 
242 
246 
242 
244 
626 
242 
246 
240 
246 
242 
242 
240 
244 
242 
202 
242 
244 
38 
42 
42 
40 
42 
244 
244 
244 
246 
242 
242 
242 
362 
242 
220 
242 
244 
240 
244 
244 
600 
244 
222 
244 
244 
246 
244 
248 
242 
242 
242 
242 
244 
222 
244 
242 
244 
242 
222 
244 
244 
244 
240 
236 
244 
284 
244 
226 
242 
244 
244 
42 
38 
42 
40 
42 
40 
42 
42 
44 
44 
240 
220 
242 
242 
244 
236 
238 
246 
248 
248 
244 
240 
228 
242 
240 
248 
248 
278 
224 
220 
244 
244 
246 
244 
246 
484 
240 
222 
240 
242 
242 
242 
242 
244 
242 
246 
240 
240 
242 
244 
242 
240 
240 
240 
242 
244 
42 
42 
40 
40 
42 
250 
278 
42 
242 
240 
242 
244 
418 
240 
224 
244 
246 
240 
238 
240 
654 
242 
246 
240 
244 
226 
244 
242 
244 
244 
242 
244 
242 
242 
238 
240 
246 
244 
244 
224 
242 
238 
242 
244 
238 
392 
246 
224 
242 
246 
240 
240 
242 
626 
40 
44 
42 
40 
42 
40 
244 
244 
246 
244 
240 
242 
238 
240 
242 
244 
202 
240 
246 
240 
238 
240 
244 
240 
366 
242 
222 
240 
242 
240 
244 
240 
602 
244 
224 
246 
242 
248 
246 
246 
242 
242 
240 
246 
242 
224 
242 
240 
244 
244 
318 
242 
42 
42 
40 
44 
42 
44 
246 
226 
246 
240 
244 
240 
242 
514 
246 
224 
240 
242 
238 
202 
244 
246 
242 
246 
240 
240 
222 
240 
242 
244 
244 
244 
244 
238 
242 
242 
244 
242 
280 
242 
222 
248 
244 
244 
244 
244 
500 
242 
228 
242 
246 
244 
242 
242 
42 
40 
42 
42 
42 
44 
40 
244 
248 
246 
246 
242 
244 
246 
244 
240 
246 
228 
240 
224 
242 
248 
244 
242 
242 
416 
244 
222 
240 
242 
238 
246 
238 
658 
242 
244 
244 
246 
244 
242 
240 
246 
246 
240 
244 
242 
242 
240 
242 
242 
246 
244 
220 
44 
40 
42 
38 
42 
42 
246 
222 
246 
242 
244 
242 
242 
636 
244 
244 
246 
244 
238 
246 
238 
238 
242 
244 
242 
240 
240 
244 
242 
244 
248 
242 
242 
240 
244 
244 
242 
242 
374 
238 
222 
242 
246 
242 
244 
244 
596 
240 
222 
242 
248 
242 
38 
44 
40 
42 
40 
242 
240 
242 
240 
238 
244 
242 
240 
242 
246 
244 
244 
244 
240 
286 
242 
224 
246 
240 
246 
240 
240 
504 
242 
224 
238 
246 
242 
242 
244 
244 
242 
244 
242 
242 
242 
244 
242 
246 
242 
240 
244 
244 
236 
240 
244 
246 
274 
42 
42 
44 
40 
40 
42 
240 
508 
244 
222 
244 
244 
244 
244 
242 
244 
238 
244 
240 
246 
240 
242 
244 
240 
244 
240 
242 
246 
244 
244 
242 
240 
222 
240 
220 
246 
244 
240 
242 
244 
418 
240 
220 
246 
238 
242 
242 
240 
666 
240 
252 
244 
42 
44 
42 
40 
42 
42 
242 
244 
242 
238 
244 
242 
238 
246 
244 
224 
244 
240 
240 
248 
242 
400 
244 
224 
246 
242 
244 
242 
240 
646 
244 
246 
242 
244 
244 
248 
244 
246 
244 
242 
240 
246 
242 
244 
242 
242 
244 
240 
244 
242 
244 
242 
40 
42 
40 
44 
42 
240 
242 
242 
242 
244 
590 
242 
222 
248 
248 
242 
242 
240 
244 
242 
244 
242 
246 
240 
240 
242 
238 
242 
244 
242 
240 
244 
242 
242 
242 
298 
238 
224 
242 
242 
244 
244 
240 
508 
242 
224 
240 
242 
242 
238 
240 
42 
42 
40 
42 
44 
42 
42 
244 
246 
244 
242 
238 
242 
242 
240 
248 
242 
272 
242 
222 
242 
242 
244 
248 
244 
502 
246 
222 
246 
244 
244 
244 
246 
244 
244 
242 
242 
244 
242 
242 
238 
248 
242 
242 
244 
244 
244 
242 
236 
244 
220 
724 
226 
42 
40 
42 
42 
42 
434 
246 
222 
240 
246 
242 
240 
246 
670 
244 
244 
242 
242 
246 
238 
238 
240 
242 
244 
244 
244 
244 
246 
242 
242 
242 
244 
224 
240 
242 
242 
244 
240 
400 
242 
222 
242 
242 
242 
246 
244 
654 
240 
230 
240 
244 
242 
42 
44 
40 
40 
40 
42 
44 
244 
242 
242 
242 
240 
242 
242 
242 
248 
244 
244 
240 
344 
248 
222 
238 
242 
246 
242 
242 
592 
242 
224 
244 
238 
242 
244 
244 
238 
242 
246 
242 
242 
240 
242 
244 
244 
242 
246 
242 
244 
238 
244 
242 
244 
288 
246 
224 
42 
40 
42 
40 
40 
40 
244 
222 
240 
240 
244 
246 
242 
246 
242 
248 
242 
240 
244 
244 
244 
242 
244 
246 
242 
238 
240 
246 
244 
240 
282 
246 
218 
240 
244 
240 
246 
248 
500 
246 
224 
242 
242 
240 
244 
244 
244 
242 
250 
240 
244 
240 
40 
40 
42 
40 
42 
42 
242 
244 
242 
238 
242 
230 
244 
220 
240 
244 
236 
244 
242 
410 
238 
224 
242 
244 
246 
238 
240 
650 
246 
248 
242 
242 
242 
240 
244 
244 
248 
242 
244 
242 
238 
242 
242 
242 
246 
242 
220 
248 
244 
240 
242 
244 
456 
242 
40 
40 
40 
42 
42 
242 
634 
244 
230 
242 
242 
244 
246 
240 
246 
244 
244 
236 
244 
242 
244 
242 
240 
242 
242 
242 
242 
240 
246 
244 
238 
338 
242 
222 
244 
246 
240 
242 
242 
570 
240 
222 
242 
242 
240 
240 
242 
240 
238 
240 
242 
242 
40 
42 
40 
42 
42 
42 
42 
42 
246 
250 
244 
246 
302 
244 
222 
240 
244 
242 
244 
244 
536 
244 
220 
242 
240 
242 
242 
246 
244 
244 
238 
246 
244 
246 
242 
244 
244 
246 
244 
240 
238 
242 
246 
244 
244 
270 
240 
228 
242 
242 
242 
244 
244 
500 
38 
42 
242 
244 
240 
242 
244 
244 
246 
244 
244 
240 
240 
244 
244 
240 
240 
244 
246 
242 
244 
248 
240 
236 
228 
242 
220 
246 
244 
240 
242 
240 
404 
242 
222 
240 
242 
240 
240 
248 
664 
244 
246 
242 
242 
2018 
256 
272 
3752 
270 
202 
566 
820 
244 
246 
242 
244 
242 
242 
206 
240 
240 
242 
244 
230 
410 
222 
224 
244 
238 
238 
246 
246 
646 
240 
218 
240 
244 
244 
246 
204 
204 
220 
240 
224 
246 
246 
206 
242 
244 
220 
246 
240 
244 
244 
244 
244 
240 
256 
240 
208 
240 
230 
244 
246 
244 
562 
242 
202 
244 
240 
204 
222 
236 
238 
244 
242 
204 
240 
202 
210 
214 
210 
240 
244 
224 
238 
198 
224 
248 
224 
262 
280 
236 
250 
246 
226 
250 
250 
456 
400 
236 
258 
212 
230 
250 
248 
210 
212 
250 
210 
242 
252 
248 
250 
252 
252 
250 
256 
228 
252 
252 
252 
212 
284 
202 
224 
242 
206 
246 
204 
246 
508 
248 
202 
238 
244 
246 
204 
224 
222 
242 
242 
242 
240 
202 
240 
242 
224 
200 
246 
244 
244 
242 
240 
242 
246 
222 
246 
224 
246 
244 
244 
240 
244 
436 
246 
222 
206 
246 
200 
202 
244 
652 
240 
228 
242 
242 
244 
244 
240 
240 
218 
240 
242 
238 
242 
244 
246 
240 
550 
244 
204 
250 
246 
238 
244 
224 
410 
244 
224 
206 
242 
244 
246 
248 
656 
242 
228 
240 
244 
242 
242 
242 
244 
238 
240 
242 
244 
240 
246 
242 
244 
240 
240 
378 
240 
246 
240 
240 
242 
350 
246 
220 
240 
240 
246 
244 
240 
570 
246 
220 
242 
242 
242 
244 
244 
242 
244 
244 
242 
244 
242 
242 
244 
242 
240 
246 
242 
244 
242 
242 
244 
244 
302 
242 
222 
242 
246 
240 
246 
244 
532 
246 
224 
246 
238 
240 
244 
246 
244 
246 
244 
242 
244 
246 
244 
240 
244 
242 
240 
242 
238 
242 
248 
246 
242 
296 
244 
222 
248 
244 
246 
242 
246 
496 
