# FR-trace starting at Tue Apr 20 17:43:29 2021
################# CONFIG #################
# slot=9000
# samples=5000
# threshold=100
# idle=500
# minlen=500
# runs=60000
# pdathreads=3
# nmonitored=1
#   monitor0=/usr/local/lib/libcrypto.so 770062 0xbc00e
# nevicted=0
# npdatargets=1
#   target0=/usr/local/lib/libcrypto.so 750148 0xb7244
# affinity=all
############## SYSTEM INFO ###############
# mastik_version=
# sysname=Linux
# nodename=0b12265572f4
# release=5.8.0-50-generic
# version=#56~20.04.1-Ubuntu SMP Mon Apr 12 21:46:35 UTC 2021
# machine=x86_64
################## DATA ##################
# run=1
# datapoints=5000
40 
244 
242 
242 
242 
242 
246 
244 
242 
244 
242 
244 
246 
244 
244 
244 
242 
246 
42 
42 
42 
42 
40 
244 
220 
244 
244 
240 
244 
242 
588 
240 
222 
248 
242 
244 
242 
242 
42 
204 
240 
246 
246 
244 
246 
242 
244 
246 
244 
242 
242 
242 
244 
244 
246 
316 
228 
220 
244 
240 
222 
244 
246 
564 
244 
222 
240 
246 
246 
244 
242 
42 
44 
42 
42 
42 
40 
42 
42 
240 
242 
222 
244 
240 
244 
246 
238 
238 
306 
240 
220 
244 
242 
244 
240 
246 
534 
238 
218 
240 
240 
206 
242 
240 
242 
242 
242 
242 
242 
246 
242 
242 
238 
244 
242 
228 
238 
240 
240 
242 
242 
234 
226 
226 
42 
44 
42 
40 
44 
42 
42 
42 
40 
242 
240 
242 
242 
682 
242 
246 
244 
220 
242 
242 
240 
240 
244 
242 
244 
244 
244 
242 
242 
238 
224 
246 
222 
238 
244 
240 
242 
204 
430 
242 
224 
244 
240 
244 
242 
244 
678 
240 
250 
242 
244 
244 
246 
242 
244 
40 
42 
40 
40 
42 
42 
44 
42 
42 
244 
246 
248 
244 
242 
244 
244 
370 
240 
220 
246 
242 
238 
242 
242 
596 
244 
222 
228 
246 
246 
242 
240 
240 
242 
238 
240 
242 
242 
242 
240 
222 
242 
244 
246 
244 
242 
242 
224 
242 
332 
242 
224 
242 
240 
40 
42 
42 
40 
42 
224 
244 
244 
244 
204 
242 
240 
244 
244 
240 
242 
242 
242 
242 
244 
242 
244 
240 
244 
246 
240 
246 
242 
302 
244 
218 
240 
242 
244 
244 
244 
538 
238 
224 
240 
246 
240 
246 
242 
244 
222 
244 
244 
242 
244 
240 
242 
42 
38 
42 
40 
40 
42 
242 
246 
244 
224 
246 
222 
244 
242 
244 
240 
240 
446 
242 
220 
244 
240 
722 
242 
222 
692 
244 
244 
224 
244 
242 
244 
242 
244 
244 
244 
244 
244 
242 
242 
240 
244 
222 
240 
220 
248 
244 
242 
244 
242 
436 
242 
42 
42 
44 
38 
44 
240 
674 
248 
246 
246 
244 
202 
242 
246 
242 
246 
240 
244 
204 
242 
242 
244 
238 
244 
244 
244 
244 
244 
242 
242 
242 
368 
244 
222 
240 
226 
242 
242 
240 
580 
242 
224 
244 
246 
242 
242 
242 
240 
242 
244 
222 
42 
40 
40 
38 
42 
44 
42 
224 
224 
244 
242 
246 
244 
340 
238 
224 
242 
242 
248 
242 
244 
564 
240 
224 
244 
242 
242 
244 
242 
224 
242 
244 
244 
240 
242 
212 
244 
240 
240 
242 
206 
240 
242 
244 
244 
242 
300 
240 
224 
244 
246 
226 
242 
242 
38 
42 
42 
42 
42 
40 
42 
38 
42 
242 
244 
244 
244 
246 
206 
244 
248 
238 
242 
240 
240 
242 
240 
242 
244 
232 
246 
222 
244 
244 
240 
246 
242 
446 
242 
222 
242 
244 
240 
246 
244 
672 
244 
240 
242 
242 
244 
240 
246 
246 
244 
244 
244 
240 
238 
44 
42 
40 
40 
42 
44 
38 
42 
242 
240 
242 
436 
244 
224 
242 
242 
242 
242 
242 
684 
246 
250 
244 
242 
242 
244 
244 
244 
242 
242 
244 
242 
244 
244 
240 
238 
240 
240 
222 
240 
240 
242 
244 
242 
376 
246 
222 
244 
242 
244 
244 
238 
590 
242 
224 
42 
40 
40 
42 
40 
44 
244 
244 
240 
242 
242 
244 
240 
244 
244 
244 
244 
244 
242 
244 
242 
238 
332 
242 
224 
252 
244 
242 
244 
244 
582 
244 
220 
244 
244 
244 
248 
246 
244 
242 
238 
240 
244 
244 
242 
242 
246 
242 
244 
242 
244 
242 
242 
42 
40 
44 
46 
40 
44 
40 
40 
240 
244 
528 
244 
222 
244 
244 
242 
244 
244 
246 
244 
238 
40 
244 
246 
240 
244 
238 
242 
242 
242 
246 
238 
242 
246 
242 
220 
246 
224 
242 
242 
242 
244 
242 
462 
242 
226 
244 
244 
242 
242 
242 
700 
244 
38 
42 
42 
40 
42 
244 
242 
242 
238 
240 
242 
238 
246 
240 
240 
230 
240 
222 
244 
244 
242 
246 
246 
448 
242 
228 
246 
240 
248 
242 
244 
676 
238 
234 
240 
246 
244 
242 
242 
240 
244 
240 
244 
242 
240 
244 
244 
242 
242 
244 
244 
240 
42 
42 
40 
42 
42 
40 
40 
242 
244 
240 
244 
244 
604 
240 
224 
244 
244 
242 
244 
242 
242 
244 
246 
242 
244 
240 
242 
244 
246 
242 
242 
242 
244 
240 
244 
244 
244 
338 
242 
224 
244 
244 
244 
242 
244 
592 
240 
224 
242 
244 
244 
238 
40 
42 
42 
40 
42 
44 
42 
38 
242 
244 
244 
244 
248 
246 
244 
244 
240 
242 
294 
242 
224 
242 
240 
238 
246 
240 
506 
240 
226 
244 
244 
242 
242 
244 
240 
242 
244 
246 
246 
242 
240 
242 
246 
246 
244 
248 
242 
240 
246 
240 
240 
244 
244 
222 
44 
40 
42 
40 
244 
448 
242 
222 
244 
242 
246 
242 
244 
700 
242 
246 
242 
242 
240 
242 
244 
244 
240 
244 
242 
240 
246 
246 
244 
242 
222 
240 
218 
242 
244 
244 
248 
240 
438 
242 
222 
242 
242 
240 
242 
240 
684 
242 
246 
242 
242 
244 
38 
42 
42 
42 
40 
244 
240 
240 
240 
242 
246 
242 
246 
222 
240 
240 
240 
242 
242 
372 
242 
224 
242 
242 
240 
240 
244 
596 
242 
230 
246 
240 
244 
244 
246 
244 
242 
244 
242 
244 
238 
242 
244 
242 
244 
242 
244 
246 
242 
240 
244 
38 
42 
42 
40 
40 
42 
40 
244 
248 
594 
242 
220 
244 
242 
246 
246 
244 
244 
246 
240 
244 
240 
240 
246 
242 
242 
246 
246 
240 
242 
240 
242 
242 
244 
296 
246 
224 
244 
242 
244 
242 
242 
500 
240 
222 
244 
242 
246 
236 
242 
240 
242 
242 
244 
42 
40 
42 
40 
42 
244 
248 
240 
242 
250 
242 
240 
244 
246 
240 
222 
240 
246 
244 
244 
240 
478 
242 
224 
242 
242 
242 
244 
244 
702 
246 
240 
242 
242 
244 
240 
244 
242 
244 
242 
240 
242 
244 
244 
244 
248 
234 
242 
224 
244 
244 
244 
40 
40 
38 
40 
40 
40 
242 
246 
244 
246 
688 
242 
244 
244 
244 
242 
242 
240 
244 
242 
242 
240 
246 
242 
242 
244 
244 
244 
240 
228 
242 
244 
242 
244 
242 
372 
244 
224 
244 
246 
244 
240 
242 
592 
244 
230 
246 
246 
238 
240 
242 
242 
42 
40 
42 
42 
40 
244 
244 
240 
240 
240 
240 
240 
244 
244 
244 
248 
352 
244 
222 
244 
244 
244 
242 
246 
600 
244 
224 
244 
244 
244 
244 
246 
244 
242 
242 
242 
246 
242 
246 
246 
242 
244 
242 
244 
244 
242 
240 
244 
240 
304 
242 
44 
42 
40 
42 
42 
42 
42 
240 
222 
240 
242 
246 
244 
242 
244 
240 
240 
246 
244 
244 
244 
244 
244 
240 
244 
240 
242 
244 
244 
242 
244 
248 
240 
220 
242 
244 
242 
242 
244 
476 
244 
222 
240 
238 
244 
248 
242 
240 
240 
246 
242 
242 
240 
242 
40 
40 
40 
40 
38 
240 
242 
244 
242 
242 
234 
240 
220 
246 
240 
240 
244 
242 
452 
240 
226 
244 
246 
242 
244 
244 
678 
240 
246 
244 
244 
244 
246 
242 
242 
242 
244 
240 
242 
244 
242 
242 
242 
242 
244 
220 
240 
244 
242 
242 
244 
42 
42 
42 
40 
2800 
216 
44 
2648 
1656 
3186 
618 
242 
244 
238 
246 
244 
244 
242 
240 
246 
244 
238 
246 
246 
242 
242 
240 
242 
244 
244 
240 
244 
244 
362 
240 
224 
244 
240 
244 
246 
240 
594 
244 
222 
244 
244 
242 
240 
238 
240 
240 
244 
242 
244 
240 
244 
240 
44 
114 
42 
42 
42 
244 
240 
244 
242 
294 
238 
220 
240 
244 
242 
246 
242 
500 
242 
222 
242 
242 
244 
242 
240 
244 
240 
240 
238 
244 
246 
242 
244 
246 
244 
242 
240 
242 
242 
242 
244 
240 
250 
246 
222 
240 
244 
242 
244 
244 
42 
42 
40 
40 
44 
40 
244 
242 
244 
242 
242 
246 
244 
244 
244 
240 
242 
244 
244 
240 
244 
244 
240 
246 
240 
228 
238 
226 
244 
242 
246 
242 
242 
448 
244 
220 
242 
244 
242 
244 
240 
656 
240 
248 
240 
246 
242 
244 
242 
242 
244 
40 
40 
42 
42 
40 
40 
40 
246 
244 
224 
244 
248 
242 
240 
242 
376 
240 
224 
240 
242 
244 
244 
242 
598 
244 
230 
244 
242 
246 
244 
244 
244 
244 
242 
242 
240 
242 
242 
244 
242 
242 
240 
238 
244 
242 
244 
242 
244 
368 
246 
222 
242 
238 
238 
44 
40 
42 
42 
38 
42 
240 
242 
242 
244 
244 
244 
246 
240 
246 
238 
246 
242 
244 
240 
246 
242 
244 
244 
240 
238 
240 
272 
242 
224 
242 
242 
240 
244 
244 
510 
244 
222 
240 
238 
242 
240 
242 
240 
242 
240 
222 
242 
248 
244 
240 
240 
242 
42 
42 
42 
44 
244 
240 
244 
260 
242 
222 
242 
242 
242 
244 
246 
472 
246 
224 
242 
240 
244 
242 
242 
246 
244 
240 
240 
246 
242 
240 
242 
246 
242 
244 
242 
240 
240 
244 
242 
244 
222 
240 
222 
224 
244 
244 
242 
244 
432 
242 
224 
42 
44 
42 
40 
44 
42 
238 
240 
240 
244 
242 
244 
242 
238 
208 
244 
244 
246 
240 
240 
240 
244 
246 
242 
226 
244 
246 
246 
244 
242 
386 
244 
222 
316 
242 
242 
242 
244 
600 
242 
230 
242 
242 
244 
240 
244 
246 
246 
240 
244 
242 
270 
240 
40 
40 
44 
38 
40 
38 
240 
242 
244 
278 
354 
240 
224 
240 
242 
242 
242 
244 
596 
240 
222 
244 
242 
242 
246 
242 
246 
240 
242 
244 
244 
242 
240 
240 
240 
246 
248 
244 
244 
244 
246 
242 
240 
296 
244 
222 
242 
242 
242 
244 
242 
476 
240 
40 
42 
40 
38 
42 
246 
238 
246 
246 
242 
246 
242 
242 
244 
244 
244 
244 
244 
244 
240 
244 
242 
246 
254 
240 
224 
244 
242 
246 
244 
242 
498 
240 
224 
244 
238 
242 
244 
246 
254 
254 
238 
240 
242 
240 
244 
246 
244 
244 
238 
240 
40 
40 
40 
42 
38 
236 
244 
224 
242 
246 
240 
238 
244 
404 
242 
220 
242 
244 
240 
242 
242 
654 
242 
246 
242 
240 
242 
240 
244 
244 
242 
242 
242 
242 
238 
240 
244 
240 
238 
242 
222 
244 
244 
240 
242 
238 
380 
244 
222 
248 
234 
40 
42 
40 
40 
242 
230 
240 
240 
244 
240 
244 
240 
244 
246 
242 
242 
240 
244 
242 
242 
246 
242 
242 
244 
246 
244 
246 
242 
350 
242 
222 
244 
244 
238 
244 
244 
592 
244 
224 
244 
220 
242 
244 
242 
240 
238 
246 
246 
244 
246 
242 
42 
42 
80 
42 
42 
42 
242 
242 
242 
240 
280 
244 
224 
244 
244 
244 
240 
246 
498 
242 
224 
240 
242 
242 
244 
244 
240 
240 
242 
242 
242 
240 
246 
202 
242 
244 
240 
246 
244 
242 
252 
242 
242 
256 
244 
222 
244 
222 
234 
242 
244 
504 
226 
42 
40 
40 
44 
40 
44 
278 
222 
242 
238 
242 
246 
240 
246 
240 
202 
242 
238 
244 
246 
246 
244 
246 
220 
246 
222 
244 
244 
246 
242 
242 
430 
240 
228 
242 
244 
246 
244 
244 
644 
244 
248 
242 
244 
238 
238 
236 
246 
242 
240 
242 
40 
42 
40 
42 
42 
40 
44 
226 
244 
238 
246 
244 
240 
380 
242 
220 
244 
240 
248 
204 
246 
628 
246 
244 
242 
246 
242 
244 
242 
244 
244 
242 
240 
240 
242 
244 
246 
242 
244 
244 
242 
240 
242 
246 
244 
242 
364 
242 
220 
242 
242 
244 
242 
240 
620 
224 
40 
40 
40 
40 
242 
244 
240 
244 
246 
242 
244 
244 
240 
248 
242 
242 
240 
244 
240 
242 
246 
240 
226 
272 
242 
224 
242 
244 
242 
242 
240 
506 
284 
220 
240 
242 
240 
238 
238 
240 
242 
242 
242 
242 
244 
240 
244 
244 
248 
242 
240 
42 
40 
42 
42 
40 
258 
244 
224 
242 
244 
244 
244 
242 
502 
244 
222 
244 
242 
242 
244 
244 
246 
240 
242 
240 
242 
244 
242 
244 
246 
240 
242 
244 
244 
244 
242 
220 
240 
228 
242 
220 
244 
242 
248 
242 
242 
430 
242 
224 
244 
242 
40 
42 
42 
40 
42 
44 
240 
242 
246 
240 
244 
244 
244 
244 
242 
244 
242 
244 
244 
242 
244 
244 
218 
242 
240 
242 
240 
242 
384 
246 
224 
240 
238 
244 
240 
240 
634 
246 
244 
242 
244 
244 
244 
242 
244 
242 
242 
242 
242 
244 
242 
242 
42 
40 
40 
40 
40 
42 
246 
226 
244 
360 
244 
224 
242 
242 
246 
244 
242 
586 
240 
222 
242 
244 
246 
238 
242 
244 
242 
244 
248 
244 
244 
244 
242 
238 
242 
244 
240 
240 
238 
240 
248 
248 
292 
242 
222 
244 
240 
244 
246 
242 
530 
246 
42 
46 
42 
42 
42 
40 
244 
242 
246 
244 
242 
244 
244 
240 
244 
244 
242 
206 
244 
240 
242 
244 
242 
264 
240 
222 
244 
248 
338 
242 
240 
504 
242 
224 
242 
242 
242 
242 
244 
242 
242 
242 
206 
246 
244 
240 
242 
242 
240 
242 
240 
240 
44 
40 
42 
42 
46 
246 
224 
242 
240 
242 
240 
242 
416 
244 
224 
244 
242 
244 
242 
244 
644 
244 
250 
238 
240 
242 
240 
240 
244 
242 
244 
242 
244 
244 
240 
242 
246 
242 
244 
226 
222 
244 
240 
240 
240 
386 
242 
222 
226 
242 
242 
244 
42 
44 
44 
42 
40 
38 
246 
242 
244 
244 
242 
242 
244 
206 
244 
242 
242 
242 
242 
242 
244 
244 
246 
240 
242 
244 
354 
240 
222 
244 
240 
242 
244 
244 
594 
242 
226 
242 
242 
244 
244 
246 
240 
240 
244 
242 
240 
238 
238 
242 
222 
240 
42 
42 
42 
44 
38 
40 
40 
288 
240 
222 
242 
226 
242 
244 
246 
534 
246 
222 
242 
244 
240 
240 
242 
244 
238 
244 
244 
242 
244 
242 
242 
242 
238 
240 
242 
242 
240 
238 
240 
246 
276 
240 
226 
240 
242 
244 
240 
244 
506 
244 
222 
244 
244 
40 
42 
40 
42 
42 
44 
42 
246 
246 
242 
246 
244 
242 
238 
240 
242 
242 
246 
202 
240 
230 
238 
226 
240 
244 
246 
244 
242 
416 
242 
224 
238 
244 
244 
242 
242 
646 
244 
248 
240 
242 
244 
240 
242 
244 
242 
244 
242 
242 
244 
244 
244 
244 
246 
42 
42 
42 
40 
44 
38 
42 
42 
38 
222 
240 
244 
246 
246 
242 
590 
242 
240 
240 
242 
244 
246 
244 
242 
242 
242 
244 
244 
244 
220 
244 
242 
242 
240 
242 
244 
224 
242 
242 
242 
342 
244 
222 
244 
244 
240 
242 
244 
568 
244 
224 
244 
242 
244 
242 
40 
44 
40 
42 
40 
242 
242 
242 
240 
242 
244 
246 
248 
242 
246 
244 
240 
240 
282 
244 
222 
244 
246 
244 
238 
242 
526 
248 
220 
244 
244 
242 
242 
244 
244 
244 
240 
244 
244 
240 
242 
246 
244 
244 
242 
244 
242 
236 
244 
244 
246 
278 
42 
42 
42 
42 
42 
246 
248 
506 
244 
220 
246 
242 
244 
240 
242 
238 
238 
246 
240 
242 
246 
242 
246 
244 
240 
242 
242 
244 
240 
240 
240 
240 
222 
244 
224 
242 
242 
242 
222 
244 
434 
224 
226 
242 
242 
244 
242 
240 
644 
244 
242 
44 
42 
40 
40 
42 
40 
246 
222 
220 
244 
242 
240 
244 
244 
246 
240 
220 
244 
270 
246 
244 
244 
406 
244 
224 
248 
244 
240 
244 
244 
656 
242 
230 
244 
244 
240 
242 
244 
242 
242 
242 
240 
244 
244 
242 
242 
240 
244 
242 
242 
244 
242 
246 
40 
42 
46 
40 
40 
44 
244 
246 
240 
240 
588 
246 
220 
242 
286 
246 
242 
244 
242 
242 
224 
224 
242 
244 
242 
242 
242 
244 
246 
222 
220 
240 
248 
244 
238 
298 
242 
222 
242 
240 
244 
242 
244 
528 
240 
222 
244 
240 
240 
244 
242 
242 
44 
40 
42 
40 
42 
244 
244 
244 
242 
244 
246 
242 
242 
244 
244 
246 
432 
244 
220 
244 
244 
248 
240 
242 
500 
242 
218 
242 
240 
242 
244 
244 
242 
242 
244 
248 
244 
242 
242 
240 
240 
242 
240 
244 
242 
242 
242 
240 
244 
244 
242 
222 
40 
40 
42 
40 
42 
42 
242 
222 
246 
240 
244 
244 
242 
658 
248 
244 
246 
242 
242 
242 
238 
242 
242 
240 
242 
242 
238 
244 
242 
244 
242 
244 
220 
242 
244 
242 
244 
242 
410 
246 
226 
244 
240 
242 
244 
248 
636 
246 
226 
242 
242 
244 
44 
42 
42 
40 
42 
42 
244 
240 
244 
242 
208 
242 
244 
242 
244 
244 
242 
202 
244 
338 
246 
222 
244 
240 
246 
242 
246 
564 
244 
226 
238 
242 
242 
242 
244 
240 
242 
244 
244 
242 
244 
240 
244 
240 
244 
244 
240 
242 
248 
242 
244 
204 
42 
42 
42 
40 
42 
44 
44 
242 
524 
244 
224 
242 
242 
242 
242 
242 
246 
240 
240 
240 
244 
240 
240 
244 
242 
242 
244 
242 
226 
242 
242 
244 
244 
258 
240 
220 
242 
244 
246 
242 
242 
512 
240 
226 
240 
240 
244 
242 
242 
242 
238 
240 
222 
40 
40 
40 
42 
42 
246 
242 
246 
242 
246 
242 
242 
242 
244 
240 
226 
244 
244 
246 
240 
242 
412 
240 
222 
242 
244 
242 
244 
242 
658 
244 
246 
240 
240 
242 
242 
244 
240 
246 
242 
238 
242 
240 
246 
242 
240 
222 
244 
222 
244 
246 
40 
42 
40 
40 
42 
40 
42 
242 
240 
246 
244 
662 
204 
238 
246 
242 
238 
246 
242 
240 
244 
240 
246 
242 
244 
244 
242 
242 
242 
238 
244 
242 
246 
242 
244 
238 
334 
242 
226 
242 
244 
240 
244 
244 
562 
244 
222 
244 
246 
240 
244 
242 
238 
40 
40 
44 
38 
42 
42 
42 
44 
42 
242 
246 
244 
240 
240 
242 
244 
312 
240 
226 
244 
242 
242 
246 
244 
514 
244 
222 
242 
242 
244 
242 
244 
244 
244 
244 
240 
244 
242 
246 
248 
244 
242 
244 
244 
258 
246 
240 
242 
244 
280 
240 
222 
244 
242 
242 
42 
40 
40 
42 
40 
242 
242 
242 
242 
242 
242 
244 
240 
246 
246 
246 
244 
242 
242 
246 
202 
242 
244 
242 
244 
204 
240 
226 
242 
224 
244 
244 
246 
242 
240 
444 
242 
220 
242 
242 
240 
244 
242 
664 
246 
242 
242 
242 
240 
242 
244 
206 
42 
38 
42 
44 
38 
246 
238 
244 
224 
244 
222 
240 
242 
244 
242 
244 
412 
242 
222 
242 
244 
292 
244 
240 
666 
242 
228 
242 
242 
244 
242 
244 
244 
244 
242 
242 
242 
242 
240 
240 
244 
242 
242 
302 
244 
244 
242 
244 
244 
344 
240 
226 
42 
42 
42 
42 
42 
38 
242 
222 
242 
244 
242 
240 
244 
244 
244 
244 
242 
244 
240 
242 
246 
242 
242 
246 
242 
240 
242 
224 
244 
240 
304 
242 
224 
242 
268 
244 
240 
242 
542 
242 
218 
244 
242 
244 
246 
246 
244 
242 
240 
246 
242 
242 
242 
240 
42 
42 
40 
40 
40 
244 
242 
242 
244 
286 
244 
220 
242 
244 
242 
240 
238 
508 
240 
222 
242 
242 
244 
240 
242 
240 
244 
242 
242 
242 
242 
244 
240 
244 
242 
242 
240 
240 
240 
242 
204 
218 
224 
244 
222 
242 
244 
244 
244 
242 
434 
38 
40 
44 
42 
42 
42 
246 
654 
246 
246 
248 
240 
244 
244 
246 
246 
240 
244 
242 
242 
244 
244 
246 
246 
222 
242 
220 
238 
244 
240 
246 
242 
424 
240 
220 
240 
244 
244 
244 
244 
648 
242 
220 
242 
244 
244 
244 
244 
244 
240 
242 
240 
60 
42 
40 
42 
42 
42 
244 
328 
246 
240 
244 
242 
242 
342 
244 
220 
246 
244 
244 
246 
240 
560 
240 
222 
240 
242 
244 
244 
240 
244 
242 
242 
244 
244 
244 
238 
244 
240 
244 
242 
244 
242 
240 
240 
244 
244 
314 
240 
222 
240 
248 
242 
242 
42 
42 
40 
40 
40 
42 
40 
240 
222 
208 
240 
242 
244 
240 
244 
244 
244 
240 
242 
242 
244 
244 
242 
244 
246 
244 
284 
240 
224 
242 
246 
242 
244 
244 
506 
242 
224 
242 
244 
244 
244 
244 
240 
212 
246 
244 
242 
240 
246 
240 
242 
242 
242 
244 
242 
42 
42 
40 
40 
42 
40 
42 
244 
244 
240 
244 
200 
448 
240 
224 
238 
244 
246 
242 
244 
676 
242 
242 
220 
244 
240 
242 
244 
246 
226 
242 
226 
244 
242 
246 
244 
242 
228 
244 
222 
244 
246 
244 
240 
240 
412 
242 
220 
242 
244 
242 
238 
242 
40 
40 
38 
42 
42 
42 
40 
40 
246 
206 
242 
240 
246 
244 
244 
242 
244 
242 
246 
242 
246 
244 
242 
242 
244 
340 
242 
224 
240 
244 
244 
242 
240 
566 
242 
220 
242 
242 
242 
240 
244 
246 
296 
248 
240 
240 
242 
244 
244 
244 
204 
200 
244 
246 
40 
40 
42 
42 
42 
40 
40 
240 
244 
242 
242 
242 
566 
240 
226 
244 
242 
242 
246 
244 
244 
244 
244 
242 
242 
244 
242 
242 
240 
238 
244 
244 
240 
242 
244 
246 
244 
266 
242 
222 
242 
240 
240 
244 
242 
506 
244 
224 
214 
242 
242 
242 
240 
40 
40 
42 
40 
40 
42 
244 
240 
242 
246 
244 
244 
244 
242 
242 
240 
244 
236 
242 
200 
242 
242 
240 
244 
244 
436 
246 
224 
242 
240 
240 
242 
240 
688 
244 
242 
244 
240 
242 
240 
244 
240 
244 
244 
242 
240 
244 
242 
240 
240 
246 
242 
222 
42 
38 
40 
40 
40 
426 
244 
224 
242 
244 
242 
244 
244 
200 
242 
222 
244 
242 
246 
238 
246 
242 
242 
244 
242 
204 
246 
244 
242 
242 
238 
246 
242 
212 
242 
242 
244 
244 
352 
202 
222 
244 
240 
244 
240 
242 
578 
242 
224 
242 
242 
44 
44 
42 
40 
244 
244 
244 
242 
240 
242 
244 
244 
242 
244 
242 
242 
242 
246 
242 
244 
316 
246 
220 
298 
244 
242 
244 
240 
542 
244 
220 
242 
242 
240 
244 
244 
244 
244 
242 
244 
238 
242 
244 
240 
240 
240 
240 
244 
244 
246 
42 
42 
42 
40 
44 
40 
38 
40 
40 
246 
222 
486 
242 
222 
242 
246 
242 
242 
242 
700 
242 
242 
244 
244 
246 
242 
240 
242 
242 
244 
242 
244 
246 
240 
242 
246 
234 
246 
224 
242 
242 
244 
244 
244 
444 
240 
226 
242 
226 
244 
244 
242 
698 
242 
240 
40 
40 
44 
40 
44 
44 
244 
244 
244 
228 
244 
244 
238 
244 
226 
242 
222 
242 
246 
240 
244 
244 
414 
244 
222 
242 
244 
242 
244 
244 
648 
246 
228 
244 
244 
244 
242 
244 
240 
238 
242 
244 
210 
240 
238 
240 
242 
240 
242 
240 
244 
244 
244 
44 
40 
40 
44 
42 
42 
240 
242 
236 
246 
560 
246 
222 
242 
246 
242 
240 
242 
244 
244 
242 
242 
244 
242 
246 
244 
242 
222 
544 
242 
240 
240 
244 
246 
242 
328 
242 
224 
242 
242 
244 
244 
242 
576 
244 
226 
244 
244 
244 
240 
246 
248 
40 
40 
40 
42 
40 
240 
224 
244 
244 
242 
240 
244 
242 
242 
244 
244 
250 
220 
224 
242 
242 
244 
226 
242 
476 
244 
220 
246 
246 
240 
242 
238 
700 
244 
244 
204 
244 
244 
242 
244 
240 
220 
246 
244 
216 
242 
242 
242 
244 
428 
244 
226 
240 
40 
40 
42 
42 
48 
44 
40 
244 
244 
246 
244 
242 
696 
242 
242 
242 
240 
222 
244 
242 
240 
242 
242 
238 
240 
242 
240 
244 
242 
240 
236 
226 
242 
242 
198 
244 
246 
428 
242 
220 
244 
244 
242 
242 
242 
198 
242 
232 
242 
242 
246 
242 
244 
246 
42 
42 
42 
40 
40 
42 
242 
244 
240 
242 
224 
244 
246 
240 
242 
242 
354 
242 
224 
244 
242 
244 
242 
242 
538 
240 
220 
242 
240 
242 
242 
244 
242 
246 
244 
242 
240 
246 
242 
244 
246 
244 
244 
244 
244 
242 
244 
244 
246 
308 
244 
222 
40 
40 
44 
42 
40 
42 
244 
222 
242 
242 
244 
244 
242 
212 
240 
246 
244 
240 
202 
242 
240 
240 
242 
246 
242 
244 
240 
240 
246 
242 
250 
246 
220 
244 
242 
244 
238 
242 
478 
242 
222 
242 
246 
242 
240 
240 
240 
242 
240 
244 
244 
242 
40 
40 
42 
40 
40 
246 
224 
242 
242 
244 
242 
236 
242 
222 
242 
244 
222 
246 
242 
470 
248 
224 
244 
242 
244 
244 
244 
696 
242 
240 
244 
242 
240 
242 
246 
244 
244 
240 
246 
238 
246 
242 
248 
242 
232 
220 
222 
246 
242 
240 
44 
40 
40 
42 
38 
42 
246 
244 
220 
244 
632 
242 
228 
242 
242 
244 
240 
242 
244 
242 
242 
242 
242 
242 
242 
238 
238 
240 
240 
246 
242 
244 
242 
246 
246 
354 
242 
220 
242 
244 
246 
244 
242 
596 
244 
204 
246 
246 
238 
242 
242 
244 
246 
42 
44 
42 
46 
40 
244 
242 
246 
244 
244 
242 
242 
224 
244 
240 
344 
242 
218 
244 
240 
242 
244 
242 
566 
242 
220 
240 
238 
246 
244 
204 
244 
246 
242 
244 
246 
202 
246 
242 
244 
242 
244 
244 
244 
244 
242 
240 
244 
266 
244 
224 
42 
42 
42 
42 
42 
40 
244 
230 
240 
246 
238 
242 
242 
242 
246 
240 
244 
244 
242 
242 
240 
226 
242 
244 
240 
238 
244 
242 
246 
244 
238 
242 
224 
244 
240 
240 
240 
240 
478 
214 
226 
244 
246 
240 
242 
246 
704 
244 
242 
240 
242 
244 
258 
242 
40 
42 
42 
38 
42 
244 
242 
240 
206 
224 
242 
222 
246 
244 
242 
240 
242 
448 
44 
44 
244 
240 
246 
242 
244 
646 
242 
230 
244 
244 
246 
244 
220 
262 
244 
244 
242 
246 
242 
242 
244 
244 
314 
246 
246 
250 
238 
242 
242 
42 
40 
40 
40 
38 
42 
40 
44 
246 
578 
244 
226 
244 
244 
244 
222 
242 
246 
242 
240 
238 
244 
244 
244 
244 
244 
244 
244 
240 
242 
242 
244 
246 
246 
348 
244 
224 
242 
246 
244 
244 
244 
564 
242 
222 
242 
244 
250 
246 
246 
240 
240 
242 
244 
42 
42 
42 
42 
42 
44 
42 
244 
242 
246 
246 
246 
238 
244 
240 
222 
246 
244 
244 
240 
244 
472 
244 
220 
244 
244 
242 
238 
244 
696 
246 
244 
242 
246 
242 
240 
242 
244 
244 
246 
244 
238 
244 
240 
242 
244 
232 
244 
220 
242 
244 
242 
246 
44 
40 
40 
42 
42 
240 
244 
246 
246 
700 
242 
240 
242 
242 
240 
240 
246 
242 
242 
244 
240 
240 
246 
244 
242 
244 
238 
240 
220 
244 
242 
244 
242 
246 
418 
242 
224 
240 
244 
246 
242 
246 
622 
242 
222 
246 
244 
244 
242 
238 
244 
240 
40 
38 
42 
42 
42 
42 
244 
246 
242 
224 
240 
240 
242 
244 
238 
340 
242 
220 
244 
240 
244 
246 
242 
606 
244 
230 
244 
242 
242 
242 
238 
242 
244 
244 
244 
242 
242 
246 
246 
242 
244 
244 
240 
242 
244 
240 
244 
244 
328 
242 
224 
240 
42 
42 
42 
38 
40 
40 
42 
40 
44 
244 
238 
244 
242 
242 
244 
242 
244 
244 
240 
242 
246 
238 
242 
242 
240 
244 
244 
240 
236 
268 
242 
226 
244 
240 
238 
240 
242 
478 
242 
224 
244 
244 
240 
242 
242 
702 
246 
240 
240 
242 
240 
242 
240 
240 
240 
242 
40 
42 
246 
248 
240 
244 
232 
246 
224 
242 
244 
242 
242 
244 
474 
242 
220 
242 
244 
240 
240 
240 
244 
242 
244 
242 
244 
244 
244 
240 
242 
244 
240 
242 
242 
244 
244 
242 
240 
244 
242 
222 
242 
242 
248 
242 
240 
418 
240 
220 
294 
204 
244 
220 
238 
208 
202 
220 
226 
240 
244 
244 
246 
244 
206 
244 
222 
242 
244 
234 
224 
242 
228 
204 
260 
244 
204 
244 
242 
244 
374 
246 
222 
242 
240 
204 
214 
240 
610 
206 
222 
224 
222 
204 
200 
242 
226 
200 
240 
242 
242 
222 
228 
242 
224 
226 
242 
220 
232 
224 
204 
224 
250 
306 
256 
230 
218 
252 
248 
206 
236 
542 
202 
216 
274 
232 
278 
244 
248 
256 
210 
250 
236 
258 
260 
236 
252 
244 
206 
216 
242 
250 
246 
210 
234 
254 
272 
248 
224 
200 
242 
222 
238 
252 
500 
246 
222 
222 
244 
200 
248 
242 
700 
240 
246 
246 
242 
246 
246 
246 
246 
218 
242 
236 
242 
242 
202 
242 
240 
244 
244 
218 
242 
238 
214 
244 
248 
476 
242 
224 
242 
246 
240 
252 
244 
692 
226 
222 
240 
244 
242 
240 
240 
242 
244 
244 
242 
242 
220 
240 
244 
278 
222 
200 
224 
202 
202 
244 
240 
242 
416 
244 
226 
246 
242 
242 
242 
242 
644 
244 
226 
242 
232 
210 
244 
202 
246 
214 
222 
246 
240 
244 
242 
244 
244 
244 
222 
352 
240 
244 
246 
242 
246 
372 
242 
224 
246 
240 
244 
246 
238 
594 
246 
228 
244 
242 
242 
242 
246 
242 
246 
242 
238 
244 
244 
242 
242 
242 
236 
244 
240 
246 
244 
242 
244 
246 
324 
240 
222 
242 
246 
244 
244 
242 
564 
246 
224 
246 
242 
242 
244 
242 
244 
240 
240 
244 
242 
242 
242 
238 
242 
240 
244 
244 
248 
242 
244 
244 
242 
264 
244 
224 
246 
246 
242 
238 
242 
502 
240 
224 
246 
246 
238 
244 
244 
700 
246 
244 
244 
244 
246 
244 
246 
244 
244 
246 
242 
244 
246 
242 
240 
242 
254 
244 
