# FR-trace starting at Tue Apr 20 17:43:50 2021
################# CONFIG #################
# slot=9000
# samples=5000
# threshold=100
# idle=500
# minlen=500
# runs=60000
# pdathreads=3
# nmonitored=1
#   monitor0=/usr/local/lib/libcrypto.so 770062 0xbc00e
# nevicted=0
# npdatargets=1
#   target0=/usr/local/lib/libcrypto.so 750148 0xb7244
# affinity=all
############## SYSTEM INFO ###############
# mastik_version=
# sysname=Linux
# nodename=0b12265572f4
# release=5.8.0-50-generic
# version=#56~20.04.1-Ubuntu SMP Mon Apr 12 21:46:35 UTC 2021
# machine=x86_64
################## DATA ##################
# run=1
# datapoints=5000
40 
242 
238 
222 
246 
242 
240 
240 
224 
462 
244 
222 
240 
238 
244 
240 
240 
692 
240 
242 
242 
244 
40 
244 
38 
40 
40 
44 
244 
240 
244 
238 
248 
246 
356 
244 
222 
246 
246 
244 
242 
242 
442 
38 
222 
244 
244 
238 
244 
246 
680 
246 
248 
246 
242 
240 
240 
238 
242 
240 
244 
246 
242 
244 
244 
240 
242 
240 
238 
222 
242 
242 
244 
244 
42 
40 
40 
42 
38 
40 
42 
42 
246 
602 
244 
224 
244 
244 
244 
244 
242 
242 
244 
248 
246 
244 
242 
240 
246 
244 
242 
242 
204 
244 
240 
242 
244 
244 
338 
244 
224 
240 
240 
240 
242 
246 
552 
244 
224 
238 
242 
242 
242 
244 
248 
204 
244 
244 
38 
42 
42 
40 
44 
44 
42 
42 
240 
244 
238 
242 
242 
308 
242 
222 
242 
244 
222 
240 
246 
554 
240 
224 
244 
244 
246 
244 
242 
260 
202 
242 
242 
244 
246 
244 
244 
240 
204 
240 
240 
244 
244 
242 
244 
240 
230 
244 
224 
242 
238 
240 
242 
240 
458 
40 
42 
40 
40 
46 
40 
42 
678 
246 
240 
246 
242 
240 
238 
244 
244 
244 
242 
242 
242 
240 
242 
246 
242 
220 
244 
224 
244 
246 
242 
0 
0 
0 
244 
222 
244 
244 
244 
246 
242 
678 
244 
240 
244 
246 
246 
250 
248 
204 
204 
242 
246 
244 
242 
246 
246 
40 
42 
42 
42 
42 
246 
246 
246 
242 
372 
248 
224 
246 
246 
268 
228 
252 
590 
256 
224 
248 
248 
244 
242 
246 
244 
248 
248 
262 
248 
244 
244 
242 
242 
246 
248 
248 
244 
246 
244 
244 
242 
310 
244 
222 
244 
244 
246 
244 
242 
566 
246 
44 
48 
44 
44 
42 
46 
46 
248 
242 
244 
246 
244 
248 
242 
246 
304 
242 
246 
206 
0 
228 
246 
246 
302 
242 
224 
244 
246 
246 
242 
244 
528 
246 
224 
242 
250 
244 
244 
224 
242 
242 
228 
242 
246 
244 
246 
242 
242 
226 
244 
248 
244 
248 
244 
240 
44 
44 
46 
40 
44 
42 
244 
246 
244 
444 
248 
224 
244 
248 
242 
240 
244 
696 
246 
246 
242 
244 
242 
206 
242 
244 
246 
244 
242 
218 
246 
244 
244 
244 
226 
242 
226 
248 
246 
244 
244 
246 
446 
246 
222 
248 
248 
246 
244 
244 
674 
242 
242 
242 
44 
42 
42 
46 
42 
42 
246 
246 
244 
246 
242 
246 
244 
246 
246 
246 
244 
244 
246 
246 
246 
364 
246 
224 
248 
244 
248 
246 
242 
588 
246 
224 
250 
244 
250 
246 
248 
244 
246 
246 
226 
242 
246 
246 
246 
244 
248 
242 
246 
244 
242 
244 
242 
248 
42 
42 
42 
40 
46 
44 
44 
44 
44 
244 
226 
244 
242 
246 
244 
246 
246 
242 
244 
242 
244 
244 
244 
242 
242 
244 
240 
242 
244 
246 
248 
244 
246 
294 
242 
228 
242 
246 
248 
246 
242 
520 
248 
226 
248 
244 
244 
244 
246 
244 
248 
244 
242 
246 
250 
246 
242 
44 
42 
46 
44 
44 
42 
42 
42 
42 
226 
252 
222 
250 
248 
248 
244 
242 
470 
246 
228 
242 
240 
244 
244 
244 
678 
252 
252 
246 
244 
246 
244 
248 
246 
246 
246 
242 
242 
244 
246 
246 
246 
236 
246 
226 
244 
248 
248 
244 
242 
444 
246 
224 
246 
244 
244 
44 
46 
44 
48 
44 
44 
244 
242 
244 
246 
244 
242 
242 
242 
246 
230 
244 
246 
246 
242 
244 
244 
244 
246 
224 
228 
244 
368 
242 
230 
246 
244 
248 
242 
242 
580 
246 
216 
244 
244 
244 
248 
244 
246 
246 
244 
248 
244 
248 
248 
242 
244 
282 
242 
224 
70 
44 
42 
44 
42 
44 
210 
224 
242 
242 
246 
244 
244 
578 
244 
222 
244 
246 
242 
246 
250 
244 
248 
242 
240 
244 
244 
250 
246 
248 
244 
244 
226 
242 
248 
246 
246 
248 
296 
246 
224 
252 
248 
244 
244 
244 
522 
244 
224 
244 
246 
246 
244 
246 
44 
42 
44 
44 
42 
242 
204 
242 
242 
244 
244 
248 
244 
244 
246 
246 
226 
226 
242 
226 
244 
248 
244 
244 
248 
472 
246 
226 
246 
242 
242 
244 
244 
692 
242 
246 
244 
204 
246 
248 
244 
244 
208 
204 
248 
242 
246 
242 
246 
244 
634 
242 
228 
42 
44 
44 
44 
42 
44 
44 
42 
242 
242 
244 
246 
224 
672 
246 
248 
244 
244 
250 
246 
244 
246 
240 
248 
246 
244 
246 
244 
244 
244 
244 
242 
248 
244 
242 
204 
244 
248 
368 
244 
224 
246 
244 
244 
244 
242 
598 
248 
228 
214 
206 
246 
246 
244 
244 
248 
248 
44 
44 
44 
42 
44 
44 
42 
248 
226 
246 
250 
244 
244 
246 
344 
246 
226 
248 
248 
244 
298 
246 
574 
246 
228 
248 
248 
228 
246 
244 
246 
248 
246 
324 
226 
242 
248 
246 
244 
244 
244 
244 
206 
246 
252 
248 
244 
732 
246 
224 
244 
246 
244 
248 
242 
42 
42 
42 
46 
246 
244 
250 
244 
246 
242 
244 
246 
250 
244 
244 
244 
244 
248 
248 
248 
242 
246 
244 
244 
244 
224 
248 
224 
246 
248 
246 
244 
242 
440 
244 
222 
244 
242 
242 
242 
246 
702 
246 
246 
242 
246 
244 
242 
246 
248 
246 
246 
42 
44 
42 
46 
42 
244 
226 
246 
222 
246 
246 
226 
248 
242 
448 
246 
224 
246 
246 
244 
240 
248 
686 
242 
224 
246 
246 
244 
246 
246 
244 
242 
244 
244 
242 
246 
246 
246 
242 
246 
246 
224 
248 
246 
244 
244 
244 
354 
246 
226 
248 
242 
240 
42 
42 
46 
42 
44 
44 
242 
242 
246 
244 
246 
242 
250 
244 
246 
246 
244 
244 
246 
244 
246 
254 
244 
246 
246 
246 
244 
348 
246 
226 
244 
246 
246 
242 
246 
594 
244 
232 
244 
242 
246 
246 
244 
246 
244 
244 
242 
242 
248 
244 
244 
242 
246 
44 
42 
44 
44 
44 
242 
246 
290 
246 
226 
242 
246 
246 
246 
244 
524 
246 
224 
244 
242 
250 
244 
246 
244 
246 
242 
244 
244 
244 
244 
242 
244 
244 
244 
244 
246 
244 
244 
242 
246 
224 
248 
228 
246 
244 
240 
248 
218 
486 
242 
226 
244 
244 
244 
42 
44 
44 
42 
42 
42 
242 
244 
244 
246 
248 
242 
244 
242 
244 
246 
246 
246 
246 
254 
244 
228 
246 
242 
244 
242 
248 
444 
242 
224 
230 
248 
244 
244 
244 
686 
242 
248 
244 
244 
244 
244 
242 
246 
246 
244 
244 
246 
244 
246 
244 
246 
244 
42 
38 
42 
44 
44 
44 
244 
364 
242 
224 
246 
242 
244 
244 
246 
602 
246 
246 
246 
250 
248 
244 
242 
244 
250 
240 
244 
244 
244 
244 
246 
246 
242 
246 
244 
242 
244 
200 
242 
246 
374 
244 
226 
244 
246 
244 
244 
246 
596 
246 
228 
244 
244 
250 
248 
42 
44 
44 
42 
44 
42 
42 
246 
244 
226 
242 
242 
242 
248 
242 
244 
244 
806 
298 
248 
222 
246 
246 
242 
244 
244 
510 
246 
224 
244 
248 
242 
242 
244 
242 
248 
248 
244 
244 
246 
244 
246 
246 
242 
246 
246 
244 
242 
244 
244 
246 
242 
244 
224 
244 
44 
44 
42 
42 
42 
244 
226 
246 
244 
242 
242 
248 
248 
246 
244 
224 
244 
244 
246 
246 
242 
242 
244 
244 
242 
242 
248 
248 
244 
222 
248 
226 
218 
48 
246 
48 
50 
44 
44 
44 
42 
244 
244 
246 
244 
674 
242 
244 
246 
244 
244 
244 
246 
244 
246 
248 
244 
244 
208 
246 
244 
240 
244 
244 
222 
224 
246 
246 
246 
246 
386 
242 
228 
242 
244 
252 
242 
246 
602 
248 
242 
246 
244 
244 
246 
246 
246 
244 
246 
40 
46 
42 
44 
42 
246 
246 
248 
246 
240 
206 
244 
246 
242 
376 
246 
208 
240 
244 
244 
242 
248 
592 
246 
226 
244 
246 
248 
250 
244 
250 
244 
242 
248 
248 
244 
246 
246 
244 
244 
242 
242 
242 
248 
246 
248 
246 
296 
250 
228 
248 
246 
246 
44 
44 
44 
44 
40 
44 
244 
248 
248 
246 
246 
244 
246 
246 
252 
242 
246 
244 
250 
246 
246 
248 
246 
242 
246 
248 
246 
250 
248 
228 
244 
248 
244 
242 
248 
504 
242 
226 
244 
250 
246 
244 
248 
246 
244 
246 
246 
248 
242 
244 
244 
242 
244 
40 
42 
44 
44 
44 
46 
42 
232 
244 
226 
244 
242 
244 
250 
244 
458 
246 
224 
246 
244 
244 
244 
246 
676 
244 
238 
246 
246 
242 
244 
244 
242 
244 
244 
244 
246 
244 
242 
244 
242 
244 
248 
228 
242 
244 
244 
242 
244 
390 
244 
226 
242 
246 
242 
242 
48 
46 
42 
44 
44 
42 
242 
244 
244 
242 
248 
244 
248 
242 
242 
248 
250 
246 
246 
244 
246 
244 
244 
244 
242 
242 
370 
244 
226 
242 
244 
242 
244 
244 
600 
244 
226 
242 
242 
0 
244 
244 
246 
244 
244 
246 
244 
242 
248 
246 
244 
242 
242 
44 
42 
44 
42 
44 
244 
294 
244 
224 
244 
244 
244 
244 
242 
522 
242 
226 
248 
246 
248 
242 
246 
248 
246 
244 
242 
242 
244 
242 
244 
248 
242 
244 
246 
250 
242 
246 
244 
248 
270 
242 
220 
248 
244 
242 
244 
244 
484 
246 
226 
246 
244 
244 
44 
46 
40 
48 
42 
242 
246 
246 
248 
246 
242 
244 
242 
242 
244 
244 
246 
248 
244 
224 
242 
226 
244 
246 
244 
242 
246 
438 
242 
224 
246 
246 
242 
244 
246 
668 
246 
248 
244 
244 
244 
242 
246 
244 
244 
246 
242 
246 
248 
244 
244 
246 
246 
246 
44 
44 
44 
44 
42 
42 
46 
244 
226 
246 
242 
240 
246 
244 
610 
248 
240 
244 
242 
248 
246 
248 
244 
242 
248 
244 
244 
248 
244 
248 
244 
244 
242 
246 
246 
242 
246 
244 
248 
356 
244 
220 
244 
244 
246 
246 
242 
590 
242 
220 
246 
244 
242 
242 
244 
42 
42 
46 
42 
248 
246 
248 
244 
244 
242 
242 
242 
246 
244 
242 
244 
244 
274 
244 
224 
248 
248 
242 
244 
246 
504 
244 
224 
244 
246 
242 
244 
244 
242 
246 
244 
244 
242 
244 
240 
244 
244 
244 
246 
242 
248 
240 
244 
242 
246 
266 
248 
46 
44 
40 
44 
44 
248 
512 
242 
224 
244 
246 
244 
244 
246 
248 
242 
242 
246 
246 
248 
248 
244 
248 
244 
244 
244 
242 
244 
242 
242 
246 
234 
246 
226 
246 
242 
246 
242 
244 
446 
244 
224 
246 
246 
246 
246 
246 
656 
244 
246 
246 
242 
246 
42 
44 
42 
42 
246 
248 
244 
242 
240 
248 
246 
244 
248 
228 
244 
248 
246 
242 
244 
380 
246 
224 
242 
242 
244 
246 
246 
606 
248 
230 
244 
244 
246 
242 
242 
242 
244 
246 
244 
246 
248 
244 
244 
244 
246 
248 
240 
244 
242 
246 
244 
248 
42 
42 
40 
42 
44 
46 
42 
244 
592 
242 
224 
244 
246 
244 
244 
246 
240 
244 
246 
246 
246 
246 
246 
244 
242 
242 
246 
242 
244 
244 
244 
242 
246 
272 
244 
228 
248 
248 
244 
244 
246 
500 
246 
226 
242 
244 
242 
244 
242 
244 
246 
244 
242 
244 
244 
42 
42 
42 
54 
46 
248 
248 
242 
242 
244 
242 
280 
248 
226 
246 
242 
244 
246 
246 
518 
244 
222 
244 
242 
246 
244 
242 
252 
246 
250 
244 
246 
244 
246 
246 
242 
244 
244 
246 
244 
244 
250 
246 
244 
220 
244 
224 
244 
252 
246 
246 
244 
44 
42 
40 
42 
42 
278 
246 
246 
668 
242 
246 
244 
242 
244 
242 
248 
246 
246 
242 
244 
244 
246 
242 
242 
244 
246 
242 
222 
244 
244 
244 
244 
242 
386 
244 
228 
242 
244 
244 
244 
246 
612 
246 
242 
244 
244 
246 
246 
248 
248 
242 
246 
246 
44 
42 
42 
44 
44 
246 
246 
244 
244 
250 
244 
244 
246 
344 
250 
224 
248 
246 
244 
246 
244 
610 
244 
226 
242 
244 
244 
248 
244 
252 
246 
250 
244 
246 
248 
246 
246 
244 
246 
248 
244 
248 
248 
244 
248 
246 
280 
248 
226 
244 
246 
246 
40 
44 
44 
42 
42 
248 
244 
244 
242 
244 
244 
242 
244 
246 
244 
246 
242 
248 
250 
244 
248 
244 
246 
242 
242 
242 
240 
264 
246 
226 
244 
244 
246 
244 
248 
1238 
314 
300 
256 
1548 
852 
246 
0 
0 
0 
244 
242 
242 
242 
246 
242 
242 
240 
242 
242 
244 
240 
242 
238 
244 
40 
42 
42 
42 
42 
40 
246 
244 
442 
244 
224 
240 
242 
240 
246 
240 
654 
240 
246 
244 
242 
242 
244 
244 
238 
244 
244 
244 
244 
240 
242 
242 
242 
246 
242 
220 
246 
240 
242 
240 
244 
384 
244 
226 
242 
244 
242 
242 
246 
632 
246 
246 
42 
44 
40 
40 
42 
44 
240 
242 
242 
244 
240 
240 
246 
242 
242 
242 
244 
242 
242 
240 
244 
244 
348 
240 
246 
224 
242 
242 
242 
242 
594 
244 
220 
244 
246 
242 
244 
240 
242 
242 
244 
244 
240 
240 
244 
246 
244 
242 
246 
242 
246 
242 
160 
40 
44 
40 
42 
42 
42 
242 
244 
244 
244 
536 
246 
222 
242 
240 
238 
238 
240 
246 
246 
242 
246 
240 
240 
240 
242 
246 
240 
242 
244 
238 
240 
246 
240 
240 
278 
244 
224 
240 
244 
244 
242 
246 
502 
240 
224 
244 
242 
244 
244 
244 
242 
244 
42 
42 
42 
44 
242 
244 
244 
244 
242 
240 
240 
238 
242 
242 
240 
228 
244 
226 
244 
244 
242 
240 
240 
430 
242 
222 
242 
242 
242 
246 
240 
668 
246 
246 
240 
242 
244 
242 
224 
242 
240 
244 
246 
244 
244 
244 
244 
238 
240 
242 
40 
40 
42 
40 
42 
40 
418 
242 
218 
246 
244 
240 
242 
246 
650 
244 
246 
242 
250 
244 
244 
246 
242 
244 
240 
242 
242 
244 
240 
244 
242 
246 
242 
242 
242 
242 
244 
242 
246 
376 
244 
222 
244 
244 
244 
240 
238 
588 
242 
218 
246 
244 
242 
44 
40 
42 
44 
40 
44 
246 
240 
240 
246 
246 
242 
242 
242 
244 
246 
256 
240 
242 
280 
240 
220 
246 
242 
244 
242 
236 
534 
240 
220 
246 
242 
240 
240 
240 
226 
246 
224 
238 
240 
238 
244 
242 
240 
240 
242 
238 
246 
246 
244 
242 
246 
42 
42 
42 
40 
42 
40 
242 
246 
520 
246 
224 
242 
244 
244 
244 
212 
242 
242 
242 
242 
242 
246 
246 
246 
240 
240 
246 
242 
244 
246 
242 
240 
200 
220 
242 
224 
240 
242 
246 
246 
242 
422 
246 
224 
242 
240 
238 
244 
242 
670 
242 
240 
238 
44 
42 
42 
40 
42 
42 
40 
42 
242 
246 
242 
248 
224 
244 
244 
224 
242 
242 
246 
300 
240 
412 
242 
222 
244 
242 
242 
242 
242 
664 
244 
246 
240 
242 
244 
242 
244 
244 
244 
244 
240 
242 
244 
244 
246 
240 
246 
238 
244 
242 
244 
242 
240 
242 
370 
244 
40 
44 
40 
42 
246 
240 
588 
244 
222 
244 
244 
240 
244 
242 
244 
244 
242 
244 
244 
242 
246 
224 
240 
240 
242 
248 
242 
242 
244 
240 
242 
274 
242 
222 
244 
244 
244 
244 
242 
530 
242 
224 
240 
242 
244 
244 
244 
242 
242 
246 
244 
42 
42 
38 
40 
42 
244 
242 
240 
240 
242 
246 
238 
244 
282 
244 
224 
242 
242 
244 
248 
244 
518 
240 
224 
238 
242 
244 
242 
252 
240 
244 
246 
244 
244 
242 
242 
244 
244 
240 
240 
240 
244 
244 
246 
244 
238 
230 
244 
222 
244 
242 
242 
314 
40 
42 
40 
40 
42 
40 
244 
240 
244 
668 
242 
240 
242 
242 
246 
242 
240 
242 
242 
246 
242 
244 
244 
238 
244 
242 
248 
244 
220 
244 
240 
242 
242 
242 
402 
242 
226 
242 
240 
244 
240 
246 
670 
242 
224 
244 
242 
242 
244 
240 
246 
242 
42 
38 
40 
40 
42 
42 
42 
42 
246 
244 
242 
240 
242 
242 
242 
362 
240 
222 
216 
244 
240 
242 
250 
594 
240 
314 
244 
244 
244 
242 
242 
244 
242 
246 
246 
244 
242 
240 
238 
244 
246 
242 
228 
222 
238 
242 
244 
240 
288 
242 
224 
244 
240 
244 
42 
40 
42 
40 
42 
240 
238 
242 
242 
244 
246 
246 
244 
242 
244 
244 
246 
244 
244 
240 
244 
240 
244 
244 
246 
244 
244 
276 
244 
220 
244 
242 
246 
242 
242 
510 
244 
222 
246 
244 
248 
240 
244 
242 
238 
244 
246 
242 
246 
244 
244 
44 
42 
42 
42 
44 
44 
244 
0 
0 
0 
246 
224 
244 
246 
246 
242 
246 
418 
244 
228 
244 
244 
244 
244 
244 
662 
244 
250 
246 
242 
244 
244 
246 
240 
248 
246 
248 
246 
244 
248 
244 
246 
242 
244 
226 
246 
244 
248 
244 
248 
418 
244 
226 
244 
244 
242 
246 
44 
44 
44 
44 
42 
42 
46 
246 
248 
244 
242 
244 
242 
244 
248 
228 
248 
242 
242 
246 
244 
246 
244 
244 
244 
222 
362 
244 
228 
242 
244 
244 
244 
240 
548 
246 
220 
242 
244 
244 
246 
242 
248 
244 
244 
240 
242 
244 
244 
244 
244 
244 
248 
242 
246 
42 
44 
42 
44 
42 
42 
230 
244 
242 
244 
246 
244 
524 
246 
230 
246 
246 
246 
250 
248 
252 
246 
242 
246 
246 
244 
250 
242 
242 
242 
246 
248 
246 
246 
242 
246 
242 
286 
242 
224 
244 
246 
244 
242 
248 
502 
246 
224 
242 
242 
244 
250 
244 
40 
42 
42 
42 
44 
46 
244 
244 
248 
248 
248 
244 
248 
242 
240 
242 
246 
222 
244 
224 
246 
242 
242 
240 
244 
434 
246 
224 
246 
242 
246 
246 
244 
662 
246 
242 
244 
246 
244 
242 
246 
244 
244 
240 
244 
246 
242 
242 
244 
248 
226 
246 
228 
42 
44 
44 
42 
44 
44 
44 
224 
246 
248 
248 
248 
246 
646 
244 
242 
246 
242 
244 
242 
242 
242 
244 
244 
246 
244 
244 
246 
226 
242 
246 
246 
250 
252 
246 
244 
244 
246 
340 
242 
224 
246 
248 
246 
242 
248 
580 
244 
220 
248 
240 
224 
244 
242 
110 
44 
42 
42 
44 
48 
42 
46 
42 
244 
248 
242 
244 
242 
244 
244 
244 
284 
226 
222 
244 
246 
244 
250 
242 
546 
250 
224 
242 
244 
244 
244 
246 
246 
246 
246 
244 
226 
246 
246 
246 
246 
244 
246 
244 
244 
246 
244 
250 
244 
288 
246 
226 
246 
244 
246 
244 
42 
44 
44 
234 
212 
82 
42 
244 
248 
244 
242 
240 
248 
242 
246 
244 
246 
246 
244 
246 
246 
246 
244 
248 
242 
246 
238 
246 
226 
246 
246 
248 
246 
242 
446 
246 
228 
246 
246 
246 
248 
224 
680 
246 
250 
242 
240 
246 
244 
242 
244 
244 
246 
244 
248 
44 
44 
44 
42 
42 
242 
220 
246 
242 
246 
246 
246 
414 
244 
222 
246 
246 
242 
244 
246 
670 
246 
240 
246 
246 
244 
242 
244 
242 
244 
246 
246 
246 
246 
246 
242 
242 
244 
248 
246 
244 
246 
244 
246 
246 
336 
244 
226 
244 
240 
242 
242 
244 
44 
42 
42 
40 
44 
242 
244 
244 
250 
228 
246 
244 
248 
246 
244 
246 
242 
244 
246 
244 
246 
246 
244 
244 
244 
318 
242 
224 
246 
304 
930 
0 
0 
0 
244 
224 
244 
240 
244 
244 
244 
244 
246 
242 
244 
242 
244 
244 
248 
244 
244 
242 
244 
240 
244 
242 
244 
44 
42 
42 
42 
42 
244 
242 
242 
244 
508 
242 
222 
242 
244 
248 
244 
238 
242 
244 
242 
244 
202 
242 
242 
246 
240 
240 
242 
244 
248 
246 
242 
242 
240 
224 
244 
226 
246 
246 
242 
240 
246 
434 
242 
228 
242 
244 
244 
240 
244 
680 
40 
40 
42 
40 
40 
242 
242 
242 
242 
244 
240 
240 
242 
238 
240 
242 
222 
240 
218 
244 
242 
240 
244 
220 
438 
242 
220 
244 
242 
248 
244 
242 
678 
244 
222 
240 
244 
220 
244 
240 
240 
242 
246 
242 
240 
244 
240 
204 
242 
244 
242 
242 
40 
38 
40 
40 
42 
340 
242 
224 
242 
246 
246 
240 
240 
592 
244 
226 
246 
246 
246 
246 
242 
242 
242 
242 
244 
242 
242 
242 
242 
244 
244 
246 
242 
240 
244 
240 
244 
240 
302 
244 
224 
240 
238 
242 
244 
240 
552 
244 
222 
240 
238 
222 
42 
40 
40 
40 
40 
40 
42 
42 
242 
244 
244 
240 
242 
244 
242 
252 
244 
240 
242 
294 
244 
222 
242 
242 
242 
242 
242 
520 
244 
224 
244 
242 
246 
246 
242 
240 
222 
244 
248 
242 
244 
244 
242 
240 
244 
246 
242 
244 
246 
246 
244 
244 
224 
244 
40 
40 
42 
42 
42 
40 
42 
244 
244 
0 
0 
248 
248 
246 
664 
246 
542 
268 
246 
248 
244 
244 
250 
246 
248 
244 
242 
244 
244 
246 
246 
230 
244 
226 
244 
242 
246 
242 
250 
420 
242 
224 
242 
246 
246 
242 
248 
670 
244 
224 
244 
242 
246 
248 
244 
246 
242 
244 
44 
46 
42 
42 
44 
44 
44 
44 
244 
250 
246 
244 
242 
244 
356 
246 
230 
248 
246 
246 
250 
246 
560 
244 
228 
246 
244 
242 
244 
244 
206 
244 
246 
246 
242 
246 
244 
208 
244 
242 
242 
244 
246 
240 
248 
248 
246 
328 
244 
224 
246 
242 
242 
244 
244 
544 
246 
44 
42 
42 
42 
42 
44 
246 
244 
240 
216 
244 
248 
208 
240 
248 
724 
244 
248 
244 
244 
228 
246 
224 
274 
246 
224 
242 
246 
244 
248 
228 
506 
248 
220 
246 
244 
246 
246 
246 
700 
244 
246 
242 
242 
242 
246 
246 
242 
246 
246 
242 
246 
244 
248 
44 
42 
44 
42 
44 
44 
248 
244 
246 
242 
448 
248 
224 
242 
246 
246 
246 
242 
684 
244 
248 
244 
242 
246 
246 
202 
206 
246 
246 
242 
244 
246 
246 
246 
244 
232 
242 
226 
242 
242 
248 
242 
248 
424 
244 
228 
246 
246 
244 
250 
246 
648 
246 
42 
44 
42 
46 
40 
42 
244 
244 
248 
320 
0 
0 
0 
240 
240 
242 
244 
224 
244 
242 
240 
242 
242 
360 
246 
224 
246 
244 
242 
244 
246 
582 
244 
224 
240 
242 
242 
242 
242 
244 
242 
244 
222 
244 
240 
242 
242 
244 
244 
244 
246 
244 
242 
242 
242 
246 
42 
42 
42 
44 
244 
244 
242 
240 
578 
242 
226 
242 
248 
242 
240 
248 
242 
244 
244 
240 
246 
244 
244 
242 
244 
242 
240 
244 
244 
246 
244 
242 
246 
278 
240 
224 
246 
240 
244 
240 
246 
504 
244 
222 
246 
240 
244 
238 
242 
242 
42 
40 
42 
40 
44 
42 
42 
38 
42 
244 
242 
244 
242 
240 
240 
244 
224 
242 
222 
240 
240 
244 
242 
246 
686 
242 
224 
248 
242 
240 
244 
240 
698 
244 
248 
242 
240 
242 
244 
240 
242 
240 
242 
244 
242 
244 
244 
242 
244 
240 
242 
224 
240 
224 
244 
44 
40 
40 
42 
42 
44 
244 
246 
244 
240 
624 
240 
238 
246 
244 
244 
244 
238 
240 
242 
240 
238 
244 
246 
242 
242 
242 
240 
244 
240 
224 
244 
244 
242 
242 
346 
240 
220 
244 
242 
244 
244 
218 
562 
220 
226 
244 
242 
242 
238 
242 
244 
44 
42 
42 
44 
42 
40 
242 
244 
242 
242 
238 
242 
246 
240 
240 
244 
352 
244 
222 
242 
242 
244 
242 
244 
576 
240 
220 
240 
244 
244 
246 
242 
244 
244 
244 
242 
242 
240 
246 
242 
240 
246 
242 
240 
244 
240 
248 
246 
236 
252 
242 
222 
40 
42 
40 
40 
42 
40 
222 
224 
248 
242 
246 
242 
238 
242 
246 
244 
240 
242 
244 
244 
244 
200 
244 
240 
242 
242 
242 
242 
240 
240 
224 
242 
222 
244 
246 
240 
240 
244 
468 
244 
222 
240 
242 
244 
238 
244 
702 
244 
246 
244 
240 
244 
42 
44 
46 
42 
40 
40 
40 
240 
244 
246 
240 
224 
242 
222 
242 
238 
244 
242 
240 
438 
276 
224 
244 
220 
244 
246 
226 
644 
244 
222 
224 
244 
242 
244 
240 
244 
244 
242 
240 
242 
242 
242 
242 
242 
242 
42 
42 
42 
38 
40 
44 
244 
360 
244 
226 
240 
246 
242 
242 
242 
584 
244 
226 
328 
246 
336 
342 
248 
246 
244 
246 
242 
246 
222 
240 
244 
240 
242 
244 
246 
242 
240 
244 
244 
242 
336 
244 
226 
244 
240 
244 
242 
242 
584 
242 
220 
246 
40 
38 
44 
40 
40 
42 
244 
244 
244 
242 
242 
244 
238 
242 
244 
240 
244 
242 
242 
240 
240 
256 
242 
220 
244 
246 
242 
244 
242 
508 
242 
224 
248 
242 
244 
240 
238 
242 
246 
220 
242 
244 
248 
240 
244 
244 
246 
246 
242 
244 
242 
244 
40 
42 
42 
40 
42 
40 
242 
244 
248 
0 
0 
0 
222 
248 
244 
246 
246 
244 
700 
244 
244 
240 
246 
202 
244 
242 
242 
246 
248 
244 
242 
242 
244 
246 
244 
234 
242 
226 
244 
246 
244 
246 
244 
422 
244 
222 
268 
242 
246 
242 
246 
644 
242 
220 
244 
246 
244 
40 
42 
42 
44 
42 
42 
246 
242 
246 
242 
244 
246 
246 
226 
246 
244 
242 
248 
246 
326 
244 
226 
220 
244 
244 
240 
244 
590 
244 
224 
242 
242 
246 
242 
246 
248 
244 
250 
202 
244 
244 
244 
246 
252 
246 
244 
244 
204 
242 
244 
240 
242 
330 
42 
42 
44 
44 
44 
44 
244 
562 
244 
226 
246 
244 
250 
248 
256 
248 
246 
244 
242 
240 
244 
322 
244 
242 
246 
246 
244 
248 
248 
246 
242 
246 
246 
244 
222 
246 
242 
246 
242 
248 
488 
242 
222 
246 
248 
244 
244 
248 
246 
242 
244 
242 
246 
244 
248 
44 
44 
44 
42 
42 
46 
250 
246 
246 
244 
234 
244 
224 
246 
248 
246 
244 
250 
482 
248 
226 
250 
244 
242 
242 
248 
678 
244 
242 
242 
242 
228 
246 
246 
246 
244 
244 
244 
242 
248 
242 
246 
242 
598 
246 
226 
244 
244 
246 
244 
248 
408 
242 
42 
42 
42 
42 
46 
206 
636 
246 
226 
248 
244 
244 
242 
244 
246 
246 
246 
246 
248 
246 
242 
246 
244 
246 
250 
224 
242 
244 
242 
242 
242 
350 
244 
222 
244 
246 
244 
246 
244 
586 
244 
222 
242 
244 
246 
246 
250 
246 
250 
244 
244 
242 
246 
42 
42 
40 
42 
42 
44 
44 
44 
246 
246 
244 
332 
246 
224 
248 
244 
244 
202 
246 
548 
244 
222 
246 
244 
222 
242 
244 
244 
242 
242 
244 
242 
242 
248 
244 
246 
242 
246 
246 
244 
248 
242 
242 
242 
258 
248 
228 
248 
242 
244 
248 
244 
468 
244 
226 
46 
42 
42 
42 
42 
42 
42 
246 
242 
244 
250 
244 
242 
246 
244 
248 
242 
246 
244 
244 
244 
206 
228 
242 
224 
242 
246 
246 
248 
246 
472 
242 
224 
242 
246 
244 
244 
242 
706 
242 
246 
242 
248 
246 
244 
244 
242 
242 
246 
248 
248 
246 
246 
246 
42 
40 
42 
44 
42 
44 
242 
246 
236 
406 
244 
222 
246 
246 
248 
244 
238 
638 
242 
242 
248 
250 
248 
246 
242 
250 
244 
246 
248 
250 
240 
242 
222 
244 
242 
248 
272 
244 
244 
240 
244 
244 
364 
222 
224 
246 
244 
244 
246 
248 
596 
246 
224 
196 
82 
46 
44 
42 
44 
44 
246 
244 
204 
248 
246 
246 
246 
248 
244 
244 
246 
206 
246 
248 
246 
336 
244 
226 
248 
244 
244 
248 
246 
568 
244 
226 
312 
248 
244 
244 
242 
242 
306 
242 
246 
246 
248 
242 
244 
242 
242 
246 
226 
240 
246 
246 
244 
44 
44 
42 
44 
42 
42 
42 
42 
44 
494 
244 
226 
246 
248 
244 
244 
242 
244 
244 
244 
242 
242 
244 
244 
248 
202 
244 
244 
244 
206 
244 
248 
248 
248 
236 
248 
222 
240 
250 
246 
242 
242 
478 
246 
232 
244 
244 
246 
244 
246 
700 
246 
250 
246 
224 
242 
248 
42 
44 
44 
244 
246 
246 
248 
246 
244 
248 
250 
244 
224 
250 
248 
246 
246 
244 
466 
244 
226 
242 
242 
242 
242 
248 
628 
246 
224 
242 
244 
242 
246 
242 
242 
242 
248 
228 
246 
242 
242 
246 
228 
242 
244 
222 
242 
242 
242 
242 
248 
358 
244 
224 
242 
254 
244 
230 
222 
246 
202 
252 
204 
242 
234 
242 
224 
242 
250 
246 
228 
240 
218 
248 
210 
206 
242 
336 
244 
244 
242 
206 
216 
236 
326 
246 
224 
244 
206 
244 
204 
240 
564 
240 
212 
244 
234 
210 
246 
246 
206 
206 
244 
224 
204 
238 
224 
222 
246 
208 
206 
246 
248 
266 
242 
292 
204 
234 
208 
228 
208 
256 
212 
228 
228 
484 
248 
202 
246 
208 
228 
212 
208 
208 
242 
244 
220 
246 
244 
244 
248 
226 
208 
246 
226 
244 
232 
276 
248 
250 
214 
252 
224 
206 
224 
242 
242 
248 
490 
244 
224 
246 
250 
250 
208 
244 
252 
226 
288 
246 
212 
246 
244 
248 
244 
252 
204 
246 
240 
246 
242 
246 
236 
244 
246 
224 
392 
222 
244 
242 
214 
408 
244 
228 
234 
248 
244 
244 
244 
626 
246 
236 
246 
244 
228 
244 
246 
244 
212 
244 
206 
214 
206 
206 
248 
224 
272 
248 
222 
244 
236 
242 
206 
246 
382 
204 
226 
244 
244 
244 
244 
234 
600 
248 
226 
244 
244 
244 
244 
244 
242 
246 
244 
244 
248 
248 
284 
254 
246 
246 
244 
244 
242 
242 
244 
246 
246 
336 
244 
222 
242 
248 
246 
338 
244 
556 
242 
222 
242 
246 
244 
244 
