# FR-trace starting at Tue Apr 20 17:43:23 2021
################# CONFIG #################
# slot=9000
# samples=5000
# threshold=100
# idle=500
# minlen=500
# runs=60000
# pdathreads=3
# nmonitored=1
#   monitor0=/usr/local/lib/libcrypto.so 770062 0xbc00e
# nevicted=0
# npdatargets=1
#   target0=/usr/local/lib/libcrypto.so 750148 0xb7244
# affinity=all
############## SYSTEM INFO ###############
# mastik_version=
# sysname=Linux
# nodename=0b12265572f4
# release=5.8.0-50-generic
# version=#56~20.04.1-Ubuntu SMP Mon Apr 12 21:46:35 UTC 2021
# machine=x86_64
################## DATA ##################
# run=1
# datapoints=4704
40 
224 
556 
226 
222 
224 
222 
222 
224 
226 
308 
224 
224 
222 
224 
226 
220 
224 
560 
224 
222 
226 
40 
224 
222 
222 
226 
220 
222 
226 
222 
224 
224 
222 
222 
224 
224 
226 
218 
224 
226 
222 
248 
286 
220 
222 
228 
222 
224 
224 
226 
530 
286 
224 
226 
226 
224 
220 
220 
226 
222 
40 
40 
44 
40 
42 
226 
220 
224 
224 
226 
228 
224 
222 
224 
222 
224 
228 
224 
42 
224 
222 
228 
226 
440 
224 
224 
224 
222 
220 
222 
224 
676 
224 
224 
222 
220 
222 
220 
224 
220 
220 
222 
224 
222 
226 
222 
222 
42 
40 
40 
40 
42 
42 
40 
226 
222 
438 
224 
222 
222 
218 
226 
224 
220 
676 
224 
224 
226 
224 
224 
224 
224 
224 
220 
220 
222 
222 
224 
224 
226 
228 
224 
224 
220 
224 
224 
220 
222 
224 
344 
222 
226 
224 
224 
222 
42 
38 
40 
44 
40 
42 
40 
222 
222 
226 
222 
220 
226 
224 
218 
222 
220 
220 
222 
222 
224 
222 
216 
224 
226 
224 
222 
318 
224 
220 
226 
226 
222 
222 
226 
564 
224 
224 
226 
220 
222 
226 
224 
224 
226 
218 
224 
224 
42 
42 
42 
42 
42 
42 
42 
222 
222 
220 
222 
226 
284 
218 
224 
224 
224 
226 
220 
220 
504 
228 
222 
224 
226 
224 
222 
226 
220 
224 
222 
228 
224 
222 
226 
222 
220 
222 
220 
224 
220 
220 
220 
222 
222 
420 
1580 
494 
1898 
5142 
232 
1258 
2888 
42 
42 
40 
44 
40 
224 
220 
226 
224 
222 
222 
222 
226 
222 
224 
220 
224 
228 
224 
220 
222 
228 
224 
228 
226 
228 
222 
220 
226 
224 
226 
226 
226 
436 
224 
224 
224 
224 
224 
220 
226 
674 
220 
226 
220 
222 
42 
42 
38 
42 
42 
40 
222 
226 
224 
224 
224 
226 
226 
220 
224 
222 
220 
222 
224 
222 
360 
224 
220 
226 
222 
226 
224 
220 
596 
222 
224 
226 
222 
220 
222 
224 
224 
224 
220 
222 
224 
226 
226 
226 
222 
224 
222 
222 
42 
42 
44 
40 
44 
340 
226 
222 
220 
220 
226 
226 
226 
582 
222 
220 
220 
226 
228 
226 
224 
224 
222 
224 
224 
222 
220 
220 
222 
222 
224 
226 
224 
224 
224 
220 
224 
224 
284 
224 
222 
224 
222 
220 
224 
224 
40 
40 
40 
42 
42 
226 
222 
220 
222 
224 
224 
222 
220 
224 
224 
224 
226 
220 
228 
224 
226 
224 
224 
218 
222 
232 
226 
228 
224 
224 
222 
224 
222 
440 
224 
220 
226 
224 
222 
220 
224 
222 
224 
224 
222 
222 
40 
42 
42 
42 
42 
44 
42 
42 
224 
222 
226 
222 
226 
222 
220 
224 
222 
222 
224 
226 
436 
220 
220 
226 
220 
222 
224 
292 
676 
222 
218 
226 
222 
218 
224 
220 
222 
222 
226 
222 
220 
224 
220 
224 
224 
224 
222 
224 
226 
40 
52 
224 
44 
44 
40 
40 
40 
42 
222 
226 
224 
574 
226 
224 
224 
222 
220 
224 
218 
224 
222 
222 
224 
224 
222 
220 
228 
222 
220 
218 
228 
222 
222 
224 
222 
222 
334 
222 
224 
224 
224 
222 
224 
224 
564 
228 
220 
226 
224 
224 
42 
40 
42 
40 
222 
226 
222 
228 
222 
224 
224 
222 
220 
224 
220 
222 
226 
222 
222 
282 
224 
226 
224 
222 
222 
222 
224 
500 
224 
222 
224 
222 
220 
222 
222 
224 
226 
222 
222 
224 
222 
222 
224 
222 
222 
42 
42 
42 
42 
42 
42 
224 
228 
220 
220 
220 
222 
224 
224 
214 
444 
222 
224 
220 
222 
226 
224 
222 
684 
222 
220 
222 
220 
224 
222 
226 
246 
224 
222 
224 
224 
220 
222 
228 
220 
222 
226 
204 
228 
224 
222 
224 
42 
44 
38 
42 
40 
222 
220 
220 
220 
654 
222 
220 
220 
226 
220 
224 
226 
220 
222 
224 
226 
222 
226 
220 
222 
222 
222 
220 
222 
222 
222 
226 
224 
222 
362 
222 
224 
224 
224 
222 
220 
202 
586 
224 
220 
224 
42 
44 
42 
38 
40 
44 
38 
224 
222 
220 
224 
224 
224 
220 
226 
220 
222 
224 
222 
222 
220 
334 
224 
226 
228 
220 
226 
220 
224 
570 
226 
222 
222 
226 
224 
220 
222 
222 
222 
228 
224 
222 
226 
222 
222 
222 
222 
218 
224 
40 
40 
40 
42 
44 
40 
224 
224 
222 
222 
222 
222 
222 
502 
220 
220 
220 
224 
226 
226 
220 
224 
226 
224 
226 
226 
220 
222 
224 
222 
222 
220 
224 
224 
220 
224 
222 
222 
236 
224 
224 
218 
220 
222 
222 
220 
476 
226 
42 
42 
44 
42 
220 
226 
224 
222 
222 
226 
224 
224 
224 
226 
226 
222 
222 
222 
222 
222 
222 
224 
224 
222 
220 
222 
224 
224 
226 
224 
220 
442 
222 
224 
224 
220 
226 
222 
220 
658 
222 
222 
224 
226 
220 
220 
42 
44 
40 
42 
222 
220 
226 
222 
220 
224 
226 
222 
222 
252 
224 
224 
220 
222 
342 
220 
220 
224 
226 
248 
222 
222 
604 
224 
222 
226 
220 
226 
224 
222 
226 
226 
228 
226 
220 
220 
222 
226 
220 
222 
224 
178 
40 
40 
42 
42 
40 
354 
228 
224 
204 
224 
222 
222 
222 
576 
224 
222 
224 
226 
226 
222 
220 
224 
222 
222 
222 
226 
222 
222 
222 
224 
224 
224 
224 
224 
228 
224 
222 
222 
260 
224 
222 
224 
220 
220 
226 
222 
506 
42 
42 
42 
38 
40 
222 
220 
222 
222 
226 
222 
220 
226 
222 
222 
220 
224 
226 
222 
250 
220 
222 
220 
220 
234 
222 
224 
222 
228 
222 
220 
226 
474 
224 
224 
220 
222 
222 
222 
220 
224 
222 
220 
224 
220 
222 
224 
222 
40 
38 
42 
42 
42 
222 
222 
222 
222 
224 
202 
224 
224 
226 
224 
228 
220 
416 
228 
224 
222 
226 
226 
228 
220 
646 
222 
226 
222 
224 
220 
222 
222 
220 
224 
226 
226 
224 
222 
222 
228 
224 
224 
224 
224 
222 
222 
42 
40 
42 
44 
42 
226 
226 
220 
224 
224 
222 
580 
222 
222 
224 
224 
220 
222 
226 
224 
222 
222 
220 
222 
222 
224 
224 
374 
222 
224 
224 
222 
226 
222 
222 
224 
356 
252 
220 
222 
226 
222 
222 
224 
596 
224 
40 
44 
42 
40 
38 
224 
222 
224 
224 
228 
222 
222 
222 
222 
224 
222 
226 
222 
222 
224 
226 
220 
220 
280 
220 
222 
220 
224 
226 
222 
224 
512 
222 
222 
222 
222 
224 
222 
226 
224 
224 
222 
224 
226 
224 
224 
78 
42 
40 
44 
42 
44 
218 
224 
220 
224 
224 
220 
222 
224 
230 
224 
220 
224 
476 
224 
224 
224 
224 
222 
224 
226 
222 
222 
222 
220 
222 
224 
224 
226 
222 
220 
228 
224 
224 
226 
226 
222 
220 
228 
224 
222 
226 
40 
42 
42 
40 
40 
226 
224 
222 
248 
220 
222 
220 
662 
222 
220 
226 
222 
224 
220 
224 
218 
224 
224 
226 
224 
222 
222 
220 
220 
222 
220 
224 
224 
222 
224 
220 
224 
364 
222 
224 
222 
224 
246 
228 
226 
602 
226 
44 
38 
40 
44 
40 
224 
220 
228 
222 
224 
222 
222 
224 
222 
222 
226 
222 
222 
226 
220 
220 
226 
222 
340 
222 
224 
220 
226 
222 
224 
224 
588 
220 
220 
222 
222 
224 
228 
224 
222 
224 
218 
226 
222 
228 
220 
224 
42 
42 
42 
40 
222 
224 
224 
224 
222 
252 
222 
222 
222 
224 
224 
218 
224 
506 
228 
222 
220 
226 
224 
226 
228 
224 
220 
222 
222 
224 
222 
224 
222 
224 
224 
222 
226 
222 
224 
222 
220 
226 
258 
226 
222 
224 
222 
44 
44 
42 
42 
40 
220 
224 
224 
224 
222 
222 
224 
246 
222 
224 
222 
222 
224 
226 
222 
220 
226 
224 
228 
228 
224 
220 
220 
226 
224 
224 
222 
226 
228 
222 
224 
420 
224 
252 
224 
226 
224 
222 
220 
652 
222 
222 
220 
152 
42 
42 
38 
42 
42 
224 
226 
222 
220 
218 
224 
226 
224 
224 
224 
224 
226 
222 
218 
224 
380 
226 
222 
224 
222 
222 
222 
222 
602 
224 
224 
222 
224 
224 
222 
224 
224 
222 
222 
226 
228 
218 
224 
224 
220 
224 
222 
42 
40 
44 
42 
40 
224 
358 
224 
222 
224 
224 
224 
222 
222 
564 
224 
224 
220 
224 
228 
226 
220 
220 
224 
222 
220 
220 
226 
224 
224 
222 
220 
220 
224 
222 
224 
224 
224 
220 
276 
224 
218 
222 
218 
224 
224 
226 
44 
40 
42 
42 
40 
46 
224 
220 
224 
222 
226 
220 
220 
220 
220 
224 
220 
40 
40 
224 
222 
222 
220 
222 
226 
256 
224 
220 
226 
226 
220 
228 
220 
502 
224 
222 
224 
222 
222 
222 
224 
224 
220 
222 
222 
224 
40 
44 
44 
42 
40 
40 
222 
224 
226 
222 
222 
224 
222 
224 
224 
222 
226 
220 
224 
220 
418 
226 
224 
230 
220 
226 
220 
222 
656 
222 
226 
224 
226 
220 
222 
224 
224 
226 
222 
224 
224 
224 
224 
226 
224 
226 
224 
220 
40 
40 
40 
40 
224 
362 
224 
224 
220 
226 
220 
220 
218 
602 
222 
222 
222 
226 
222 
226 
222 
224 
224 
220 
222 
224 
220 
226 
224 
228 
224 
222 
226 
218 
224 
222 
222 
224 
342 
224 
224 
224 
224 
222 
226 
40 
38 
40 
42 
44 
226 
226 
220 
226 
224 
224 
222 
226 
224 
222 
222 
226 
220 
220 
222 
220 
220 
220 
220 
222 
222 
272 
220 
224 
224 
222 
228 
222 
222 
504 
224 
226 
226 
218 
222 
226 
226 
220 
224 
222 
220 
40 
44 
40 
40 
40 
222 
222 
226 
224 
224 
224 
226 
220 
248 
222 
224 
224 
222 
220 
226 
224 
484 
224 
222 
222 
220 
222 
224 
220 
226 
222 
222 
224 
222 
224 
222 
220 
220 
222 
220 
222 
220 
226 
220 
222 
40 
42 
42 
42 
42 
42 
226 
220 
222 
832 
222 
206 
222 
224 
222 
222 
226 
650 
220 
222 
228 
220 
226 
226 
224 
224 
228 
224 
224 
220 
224 
224 
222 
220 
224 
224 
222 
226 
226 
222 
222 
222 
378 
224 
220 
222 
224 
40 
42 
40 
42 
42 
228 
224 
218 
224 
224 
224 
222 
224 
224 
218 
220 
222 
224 
228 
222 
220 
224 
206 
228 
226 
224 
224 
204 
354 
220 
226 
222 
224 
224 
224 
222 
590 
222 
220 
220 
220 
222 
224 
224 
226 
222 
40 
44 
42 
42 
42 
42 
220 
222 
224 
224 
222 
222 
222 
222 
224 
256 
224 
224 
226 
222 
224 
222 
220 
500 
226 
222 
226 
222 
222 
224 
220 
228 
214 
220 
222 
224 
222 
224 
224 
222 
226 
224 
222 
218 
230 
222 
220 
222 
40 
40 
44 
46 
42 
340 
220 
204 
484 
204 
224 
226 
226 
220 
222 
224 
224 
222 
216 
222 
224 
222 
224 
226 
222 
222 
220 
222 
224 
222 
224 
224 
222 
222 
224 
226 
222 
226 
222 
220 
218 
422 
222 
226 
222 
224 
42 
42 
42 
44 
40 
40 
224 
228 
222 
226 
220 
222 
222 
226 
220 
222 
220 
228 
224 
224 
224 
226 
224 
222 
220 
224 
222 
226 
394 
224 
224 
222 
218 
224 
224 
224 
624 
222 
224 
222 
220 
224 
224 
224 
220 
226 
222 
40 
42 
40 
46 
42 
222 
220 
222 
226 
222 
224 
222 
224 
224 
340 
222 
222 
224 
222 
222 
220 
226 
566 
226 
224 
230 
224 
224 
224 
228 
222 
222 
224 
226 
220 
226 
222 
224 
226 
226 
220 
222 
222 
226 
222 
220 
222 
44 
42 
42 
42 
38 
218 
226 
224 
520 
220 
226 
224 
222 
222 
222 
222 
224 
222 
222 
224 
222 
224 
222 
220 
222 
220 
224 
222 
226 
222 
222 
222 
226 
272 
220 
222 
220 
220 
222 
226 
220 
488 
220 
228 
224 
226 
226 
44 
40 
42 
42 
40 
42 
226 
224 
226 
226 
220 
220 
226 
224 
222 
224 
224 
224 
220 
212 
224 
222 
220 
222 
220 
224 
220 
422 
224 
226 
224 
224 
222 
222 
220 
654 
222 
226 
222 
220 
222 
220 
222 
224 
226 
224 
222 
224 
42 
46 
42 
224 
220 
222 
220 
220 
222 
220 
228 
224 
406 
220 
226 
224 
224 
224 
218 
220 
628 
220 
222 
222 
226 
222 
224 
224 
220 
224 
226 
222 
224 
224 
224 
224 
222 
224 
220 
218 
220 
224 
226 
220 
40 
42 
40 
38 
40 
226 
224 
222 
222 
564 
220 
222 
222 
220 
224 
222 
224 
226 
222 
224 
228 
228 
222 
222 
226 
220 
224 
224 
220 
222 
222 
218 
222 
264 
286 
220 
226 
224 
226 
220 
220 
224 
506 
224 
220 
224 
44 
42 
40 
42 
40 
222 
222 
222 
222 
222 
224 
224 
226 
220 
226 
222 
220 
222 
228 
224 
226 
268 
218 
220 
224 
222 
222 
220 
222 
512 
220 
222 
226 
222 
224 
250 
220 
220 
222 
222 
220 
226 
226 
222 
222 
226 
40 
40 
44 
44 
42 
40 
224 
222 
224 
226 
220 
224 
224 
222 
222 
226 
430 
220 
224 
226 
218 
222 
222 
226 
654 
220 
226 
226 
222 
218 
224 
220 
222 
224 
226 
220 
220 
224 
224 
222 
220 
226 
226 
220 
224 
220 
220 
42 
42 
40 
44 
42 
44 
42 
40 
224 
222 
628 
226 
224 
222 
226 
224 
224 
222 
226 
222 
220 
222 
226 
220 
220 
224 
222 
220 
228 
222 
226 
224 
222 
224 
224 
350 
218 
226 
222 
224 
224 
228 
224 
562 
222 
222 
220 
224 
222 
38 
44 
40 
40 
42 
222 
224 
226 
224 
218 
224 
222 
224 
226 
226 
222 
218 
224 
224 
282 
224 
222 
224 
218 
220 
222 
226 
512 
222 
228 
220 
220 
222 
226 
224 
222 
226 
226 
224 
222 
222 
222 
222 
220 
220 
222 
42 
42 
40 
40 
40 
226 
270 
220 
222 
222 
226 
226 
224 
222 
508 
224 
254 
224 
224 
226 
220 
226 
222 
222 
224 
224 
222 
222 
224 
224 
220 
220 
224 
222 
220 
224 
222 
226 
220 
220 
222 
226 
224 
224 
224 
222 
224 
42 
44 
54 
228 
40 
42 
44 
224 
660 
226 
220 
222 
222 
226 
220 
224 
224 
220 
224 
44 
224 
222 
222 
220 
224 
224 
224 
222 
224 
220 
224 
226 
224 
396 
224 
228 
218 
222 
224 
222 
222 
648 
222 
222 
224 
224 
222 
220 
42 
40 
42 
40 
44 
42 
226 
228 
220 
224 
220 
222 
224 
202 
224 
224 
226 
220 
348 
224 
244 
224 
224 
220 
224 
222 
574 
222 
226 
226 
222 
220 
222 
220 
222 
222 
224 
222 
220 
224 
224 
224 
226 
224 
222 
226 
222 
224 
42 
42 
42 
46 
40 
220 
224 
222 
226 
224 
222 
528 
222 
224 
222 
222 
224 
224 
220 
224 
222 
226 
226 
220 
224 
222 
224 
226 
226 
224 
224 
224 
220 
356 
222 
222 
674 
252 
226 
222 
222 
222 
222 
222 
484 
222 
224 
40 
42 
42 
42 
40 
42 
224 
220 
204 
224 
222 
206 
224 
218 
224 
220 
220 
220 
222 
224 
226 
224 
222 
222 
226 
222 
224 
222 
220 
222 
410 
224 
224 
220 
222 
222 
224 
222 
656 
222 
224 
224 
222 
220 
224 
224 
40 
42 
40 
42 
40 
42 
222 
222 
224 
222 
222 
222 
222 
220 
224 
224 
222 
406 
222 
222 
222 
222 
224 
226 
224 
640 
220 
224 
222 
220 
228 
224 
224 
222 
226 
224 
220 
224 
222 
222 
220 
218 
224 
224 
222 
220 
220 
42 
42 
38 
42 
46 
40 
222 
220 
226 
224 
222 
552 
224 
224 
226 
224 
222 
220 
224 
222 
222 
222 
226 
222 
220 
224 
222 
222 
220 
224 
222 
226 
220 
222 
214 
220 
286 
222 
220 
226 
224 
222 
220 
220 
536 
222 
224 
42 
40 
40 
44 
42 
222 
222 
220 
222 
222 
220 
220 
224 
222 
220 
222 
224 
224 
220 
224 
228 
220 
274 
226 
222 
224 
202 
224 
222 
224 
492 
218 
222 
222 
226 
222 
218 
220 
222 
226 
220 
224 
226 
222 
218 
222 
40 
42 
44 
40 
42 
224 
224 
224 
220 
222 
224 
222 
220 
224 
220 
224 
222 
416 
224 
222 
226 
222 
222 
222 
224 
652 
230 
224 
220 
222 
226 
226 
226 
224 
220 
222 
220 
226 
224 
222 
224 
204 
222 
224 
226 
220 
226 
44 
44 
42 
40 
42 
40 
42 
202 
222 
220 
220 
652 
222 
220 
222 
226 
222 
222 
222 
226 
224 
228 
222 
222 
226 
224 
220 
226 
222 
222 
228 
224 
220 
222 
222 
224 
342 
226 
222 
224 
222 
224 
222 
222 
562 
222 
222 
220 
222 
44 
40 
40 
40 
42 
226 
226 
224 
226 
226 
222 
224 
224 
224 
226 
224 
222 
222 
228 
226 
286 
226 
224 
226 
224 
220 
222 
226 
530 
220 
220 
224 
224 
226 
220 
226 
222 
222 
222 
226 
222 
226 
228 
222 
222 
222 
42 
40 
42 
38 
40 
222 
222 
272 
220 
224 
222 
222 
220 
224 
224 
502 
224 
200 
222 
224 
224 
224 
222 
222 
222 
226 
226 
224 
220 
224 
222 
224 
222 
220 
224 
222 
222 
220 
220 
220 
228 
222 
226 
222 
220 
226 
222 
222 
42 
40 
40 
42 
262 
218 
222 
222 
650 
226 
224 
224 
226 
220 
224 
222 
224 
222 
220 
204 
222 
224 
218 
224 
224 
240 
224 
220 
222 
226 
224 
222 
220 
412 
224 
222 
226 
222 
224 
224 
224 
640 
220 
222 
222 
226 
42 
42 
42 
44 
222 
222 
220 
222 
226 
226 
220 
222 
224 
224 
224 
220 
222 
226 
226 
224 
344 
224 
228 
228 
222 
226 
224 
226 
554 
220 
224 
220 
220 
220 
224 
222 
206 
224 
224 
224 
222 
222 
226 
224 
222 
40 
40 
42 
40 
42 
226 
224 
224 
310 
220 
226 
224 
220 
228 
222 
222 
532 
222 
218 
224 
226 
224 
222 
222 
226 
224 
224 
222 
222 
222 
224 
224 
220 
220 
204 
222 
220 
226 
224 
224 
222 
262 
224 
222 
220 
222 
44 
40 
42 
42 
44 
222 
220 
222 
228 
226 
222 
222 
224 
226 
222 
224 
222 
220 
224 
222 
220 
220 
224 
224 
222 
224 
222 
224 
224 
220 
224 
222 
224 
220 
220 
224 
436 
228 
220 
224 
222 
226 
220 
222 
676 
226 
224 
44 
40 
40 
44 
42 
42 
42 
222 
222 
222 
224 
224 
224 
226 
220 
222 
222 
224 
222 
222 
220 
226 
402 
224 
218 
228 
224 
220 
226 
228 
644 
222 
220 
226 
222 
222 
224 
222 
200 
226 
220 
226 
222 
226 
228 
220 
222 
222 
220 
40 
40 
40 
40 
42 
42 
344 
226 
224 
222 
224 
224 
226 
220 
562 
222 
220 
224 
224 
222 
222 
220 
222 
226 
224 
222 
220 
224 
222 
224 
224 
226 
222 
222 
218 
226 
220 
222 
228 
322 
222 
206 
222 
222 
224 
224 
226 
552 
42 
40 
44 
42 
40 
40 
42 
222 
224 
222 
226 
224 
222 
222 
220 
226 
220 
220 
226 
224 
222 
224 
224 
222 
250 
222 
220 
224 
220 
224 
222 
220 
478 
226 
512 
224 
220 
224 
224 
226 
224 
224 
226 
222 
220 
222 
222 
220 
168 
42 
42 
40 
44 
38 
222 
222 
220 
256 
206 
224 
226 
228 
272 
204 
220 
420 
224 
224 
224 
224 
220 
226 
222 
676 
228 
254 
222 
224 
222 
226 
220 
224 
222 
222 
224 
226 
224 
220 
220 
224 
226 
224 
222 
226 
224 
42 
40 
40 
40 
42 
42 
224 
222 
226 
220 
224 
636 
200 
224 
222 
222 
224 
222 
220 
224 
224 
222 
224 
222 
226 
224 
222 
218 
224 
224 
226 
222 
222 
224 
222 
224 
316 
220 
224 
224 
228 
222 
226 
222 
558 
210 
222 
254 
222 
222 
226 
42 
40 
46 
44 
40 
44 
222 
224 
226 
224 
224 
222 
222 
222 
220 
224 
228 
222 
42 
222 
222 
222 
222 
222 
224 
226 
550 
222 
220 
220 
220 
226 
222 
222 
220 
222 
222 
220 
222 
222 
224 
226 
226 
220 
226 
224 
42 
40 
42 
44 
222 
252 
222 
222 
222 
224 
220 
222 
224 
480 
224 
222 
222 
224 
226 
224 
224 
224 
224 
226 
224 
222 
226 
224 
224 
222 
346 
224 
224 
220 
224 
220 
226 
220 
224 
224 
222 
218 
224 
226 
226 
224 
40 
44 
42 
42 
40 
42 
44 
42 
672 
226 
222 
220 
226 
224 
226 
224 
220 
224 
224 
222 
222 
226 
224 
228 
224 
220 
222 
220 
222 
224 
224 
220 
224 
404 
224 
224 
224 
220 
226 
224 
226 
654 
222 
224 
220 
222 
222 
224 
222 
42 
42 
40 
42 
46 
224 
222 
220 
220 
222 
222 
220 
224 
224 
226 
220 
226 
318 
226 
220 
222 
226 
222 
220 
224 
572 
220 
222 
222 
222 
224 
222 
226 
226 
226 
222 
224 
224 
220 
222 
222 
222 
224 
220 
222 
224 
46 
40 
40 
44 
38 
40 
220 
220 
224 
224 
226 
222 
556 
220 
222 
224 
224 
226 
226 
224 
226 
224 
224 
224 
224 
224 
220 
224 
222 
220 
220 
224 
224 
220 
222 
226 
226 
260 
224 
222 
224 
222 
220 
224 
222 
476 
178 
42 
40 
40 
40 
42 
220 
224 
222 
220 
222 
224 
222 
222 
224 
222 
224 
222 
222 
222 
224 
222 
220 
220 
222 
222 
222 
222 
222 
224 
222 
220 
452 
224 
220 
220 
226 
226 
226 
224 
676 
220 
222 
222 
220 
220 
222 
44 
38 
44 
44 
42 
44 
224 
226 
222 
220 
220 
222 
220 
224 
220 
228 
224 
224 
416 
222 
222 
220 
224 
226 
222 
226 
648 
222 
226 
222 
222 
224 
222 
222 
218 
220 
224 
224 
224 
220 
222 
226 
220 
222 
224 
220 
226 
40 
42 
42 
38 
40 
222 
224 
226 
224 
222 
224 
224 
560 
226 
220 
226 
222 
228 
224 
220 
224 
222 
224 
222 
222 
226 
224 
222 
222 
222 
222 
224 
224 
222 
224 
704 
228 
312 
220 
222 
220 
224 
220 
220 
222 
566 
42 
44 
42 
42 
44 
224 
224 
224 
222 
222 
220 
224 
224 
226 
224 
224 
222 
224 
224 
222 
220 
224 
224 
224 
236 
222 
220 
222 
224 
224 
224 
224 
482 
226 
224 
224 
226 
224 
220 
222 
222 
224 
226 
224 
222 
220 
40 
40 
44 
42 
40 
228 
222 
224 
224 
224 
224 
228 
224 
224 
222 
222 
224 
224 
226 
440 
222 
222 
222 
224 
222 
226 
226 
690 
224 
218 
224 
222 
226 
224 
220 
222 
226 
218 
228 
222 
222 
226 
220 
222 
224 
226 
40 
38 
44 
42 
40 
224 
394 
220 
220 
224 
224 
224 
224 
226 
630 
224 
224 
228 
224 
224 
226 
220 
228 
224 
220 
224 
226 
222 
220 
222 
224 
224 
220 
222 
222 
224 
218 
224 
224 
334 
222 
222 
222 
222 
222 
218 
42 
42 
42 
42 
42 
222 
224 
224 
222 
226 
226 
224 
222 
220 
222 
224 
222 
222 
224 
222 
220 
222 
222 
228 
226 
224 
316 
224 
222 
224 
224 
224 
220 
222 
564 
220 
224 
224 
224 
226 
220 
220 
222 
220 
222 
222 
42 
44 
38 
42 
42 
40 
220 
224 
224 
222 
224 
220 
222 
262 
224 
224 
224 
224 
224 
224 
224 
474 
222 
226 
222 
224 
222 
222 
224 
222 
224 
224 
224 
224 
228 
220 
224 
222 
224 
224 
222 
222 
222 
226 
222 
222 
236 
224 
40 
40 
42 
42 
220 
226 
454 
222 
228 
220 
222 
222 
222 
224 
686 
222 
226 
220 
224 
220 
222 
222 
220 
222 
226 
222 
226 
220 
226 
224 
226 
224 
220 
222 
222 
226 
224 
226 
218 
410 
218 
226 
224 
224 
42 
42 
44 
36 
40 
42 
40 
222 
222 
220 
222 
224 
222 
222 
220 
222 
222 
224 
226 
222 
224 
224 
222 
224 
224 
228 
224 
222 
340 
224 
224 
222 
220 
220 
224 
224 
570 
222 
224 
220 
220 
222 
224 
224 
224 
226 
222 
226 
218 
42 
42 
42 
42 
40 
226 
218 
224 
224 
224 
222 
224 
330 
222 
220 
224 
226 
226 
220 
224 
564 
224 
226 
224 
222 
224 
224 
224 
218 
220 
224 
220 
224 
220 
222 
222 
224 
220 
222 
226 
222 
224 
222 
220 
224 
232 
40 
42 
40 
42 
222 
224 
222 
486 
224 
220 
222 
224 
224 
224 
226 
218 
222 
222 
224 
224 
222 
224 
224 
224 
220 
222 
222 
216 
220 
222 
224 
220 
222 
226 
220 
226 
226 
222 
222 
226 
468 
226 
224 
222 
222 
38 
42 
44 
40 
42 
42 
224 
220 
226 
222 
222 
226 
222 
222 
226 
222 
220 
220 
224 
224 
220 
220 
222 
224 
222 
224 
224 
220 
406 
220 
220 
224 
224 
220 
228 
220 
624 
220 
226 
224 
220 
222 
222 
220 
222 
220 
224 
42 
40 
42 
40 
42 
42 
42 
224 
226 
224 
224 
224 
1846 
1740 
402 
3714 
7352 
666 
3598 
3652 
226 
222 
588 
220 
222 
224 
222 
222 
224 
220 
222 
224 
222 
222 
222 
226 
224 
222 
222 
220 
224 
224 
224 
226 
220 
220 
226 
318 
226 
226 
220 
220 
220 
40 
38 
40 
224 
224 
220 
222 
224 
220 
222 
222 
226 
224 
222 
220 
226 
226 
226 
220 
224 
224 
222 
226 
220 
224 
224 
226 
250 
224 
224 
224 
222 
220 
222 
226 
478 
220 
226 
222 
226 
222 
224 
226 
230 
222 
224 
204 
228 
202 
220 
222 
216 
208 
206 
220 
220 
224 
224 
230 
224 
224 
224 
222 
224 
220 
224 
222 
222 
478 
224 
220 
220 
224 
224 
224 
224 
222 
222 
220 
220 
222 
224 
228 
220 
226 
226 
222 
222 
226 
224 
222 
226 
224 
224 
224 
220 
226 
226 
222 
222 
222 
398 
224 
222 
220 
222 
224 
224 
222 
622 
222 
226 
222 
224 
224 
220 
224 
224 
222 
224 
224 
338 
220 
222 
242 
224 
252 
222 
222 
206 
218 
206 
354 
220 
340 
218 
250 
224 
224 
220 
224 
222 
354 
224 
226 
222 
222 
226 
336 
224 
220 
222 
220 
224 
224 
250 
224 
224 
204 
222 
224 
220 
224 
224 
224 
222 
226 
330 
218 
222 
220 
222 
226 
224 
220 
544 
226 
224 
220 
222 
220 
224 
224 
222 
224 
224 
224 
226 
220 
224 
224 
226 
224 
226 
222 
224 
226 
224 
436 
250 
520 
254 
248 
252 
204 
200 
224 
224 
476 
226 
224 
222 
220 
222 
220 
224 
224 
222 
224 
224 
224 
224 
222 
226 
226 
226 
222 
222 
224 
226 
202 
220 
228 
224 
224 
222 
206 
228 
224 
226 
222 
542 
224 
226 
220 
228 
220 
224 
222 
224 
224 
222 
222 
222 
224 
224 
226 
224 
224 
224 
222 
224 
224 
222 
226 
222 
224 
226 
222 
226 
224 
226 
302 
220 
382 
226 
220 
208 
224 
220 
222 
224 
608 
222 
222 
224 
224 
228 
206 
200 
234 
474 
248 
252 
222 
218 
222 
220 
228 
224 
226 
250 
224 
220 
224 
226 
226 
352 
224 
222 
226 
220 
224 
202 
222 
612 
226 
224 
224 
228 
224 
226 
224 
224 
226 
220 
222 
220 
226 
222 
202 
224 
218 
220 
222 
220 
222 
220 
220 
220 
324 
198 
224 
224 
226 
224 
224 
224 
554 
222 
222 
204 
228 
220 
226 
222 
218 
222 
222 
226 
220 
206 
226 
234 
208 
250 
226 
226 
224 
226 
220 
226 
224 
250 
220 
222 
222 
224 
222 
220 
222 
482 
230 
220 
222 
222 
220 
224 
204 
224 
284 
224 
206 
222 
222 
222 
224 
224 
224 
222 
220 
220 
222 
222 
236 
226 
232 
200 
224 
206 
224 
224 
220 
284 
480 
222 
202 
218 
208 
220 
202 
202 
228 
248 
224 
222 
222 
224 
222 
224 
222 
224 
238 
222 
236 
202 
204 
222 
222 
200 
202 
214 
222 
222 
202 
208 
224 
384 
248 
226 
234 
220 
208 
222 
292 
626 
222 
224 
224 
226 
224 
204 
220 
202 
226 
222 
202 
224 
222 
222 
222 
222 
226 
224 
226 
226 
222 
244 
220 
226 
352 
222 
224 
224 
200 
222 
220 
224 
596 
222 
228 
224 
204 
228 
232 
226 
224 
210 
220 
222 
224 
226 
204 
