# FR-trace starting at Tue Apr 20 17:44:03 2021
################# CONFIG #################
# slot=9000
# samples=5000
# threshold=100
# idle=500
# minlen=500
# runs=60000
# pdathreads=3
# nmonitored=1
#   monitor0=/usr/local/lib/libcrypto.so 770062 0xbc00e
# nevicted=0
# npdatargets=1
#   target0=/usr/local/lib/libcrypto.so 750148 0xb7244
# affinity=all
############## SYSTEM INFO ###############
# mastik_version=
# sysname=Linux
# nodename=0b12265572f4
# release=5.8.0-50-generic
# version=#56~20.04.1-Ubuntu SMP Mon Apr 12 21:46:35 UTC 2021
# machine=x86_64
################## DATA ##################
# run=1
# datapoints=5000
44 
242 
244 
238 
204 
242 
242 
246 
240 
242 
246 
222 
202 
202 
244 
244 
246 
242 
240 
42 
244 
42 
42 
40 
42 
222 
242 
244 
244 
244 
242 
492 
248 
222 
242 
240 
242 
242 
242 
244 
38 
242 
244 
244 
242 
224 
250 
240 
242 
242 
206 
248 
238 
242 
242 
240 
230 
238 
222 
246 
240 
242 
244 
240 
448 
244 
222 
242 
244 
244 
242 
44 
40 
40 
42 
42 
40 
42 
250 
224 
238 
240 
244 
236 
244 
248 
240 
242 
238 
242 
242 
226 
242 
244 
240 
242 
240 
364 
244 
222 
246 
244 
242 
240 
204 
632 
242 
246 
242 
244 
244 
240 
246 
244 
202 
240 
244 
238 
240 
246 
242 
246 
240 
242 
40 
40 
42 
44 
38 
42 
44 
40 
42 
244 
242 
244 
242 
244 
604 
238 
220 
244 
240 
242 
244 
240 
246 
220 
242 
242 
244 
244 
244 
242 
244 
240 
244 
242 
246 
242 
240 
246 
240 
286 
240 
222 
244 
244 
240 
242 
240 
504 
242 
224 
238 
244 
238 
242 
242 
44 
42 
42 
42 
42 
38 
40 
40 
242 
242 
240 
242 
244 
244 
240 
246 
242 
246 
244 
220 
244 
202 
244 
240 
244 
488 
242 
226 
238 
242 
242 
246 
204 
242 
242 
240 
242 
246 
228 
242 
242 
244 
244 
244 
238 
242 
244 
242 
242 
244 
242 
246 
220 
244 
244 
42 
42 
42 
42 
40 
224 
242 
240 
244 
242 
240 
686 
242 
246 
242 
240 
224 
244 
242 
244 
202 
242 
240 
240 
244 
244 
248 
244 
242 
242 
226 
244 
244 
244 
240 
244 
370 
242 
224 
244 
242 
240 
242 
246 
614 
240 
246 
244 
220 
244 
244 
242 
42 
42 
42 
40 
40 
42 
44 
240 
244 
238 
242 
244 
242 
238 
224 
242 
244 
378 
240 
224 
244 
246 
246 
242 
244 
610 
238 
222 
244 
240 
242 
238 
238 
244 
236 
242 
242 
242 
244 
244 
246 
206 
244 
244 
244 
242 
242 
244 
240 
242 
292 
240 
222 
42 
40 
40 
42 
42 
506 
244 
224 
244 
242 
244 
244 
242 
242 
244 
242 
244 
242 
242 
242 
244 
244 
240 
242 
242 
242 
240 
244 
244 
244 
264 
244 
220 
244 
240 
246 
240 
242 
496 
244 
226 
244 
240 
244 
246 
240 
240 
242 
244 
240 
246 
38 
42 
40 
40 
40 
42 
238 
244 
244 
242 
242 
242 
222 
244 
224 
242 
246 
240 
244 
242 
462 
224 
226 
242 
246 
240 
244 
244 
670 
240 
244 
208 
244 
242 
246 
240 
246 
240 
242 
248 
242 
242 
244 
244 
246 
242 
242 
222 
240 
242 
244 
44 
40 
42 
40 
42 
42 
38 
42 
38 
42 
618 
244 
242 
240 
242 
244 
246 
244 
242 
240 
242 
244 
224 
242 
240 
242 
240 
244 
244 
224 
244 
244 
246 
244 
246 
368 
244 
222 
242 
246 
244 
202 
242 
598 
204 
202 
240 
244 
244 
244 
242 
240 
242 
244 
242 
238 
106 
50 
36 
42 
46 
40 
42 
44 
42 
40 
242 
244 
278 
238 
220 
244 
244 
244 
244 
242 
530 
242 
220 
242 
242 
246 
240 
244 
244 
244 
242 
238 
244 
244 
240 
244 
242 
244 
242 
240 
242 
246 
242 
242 
242 
258 
240 
224 
240 
244 
244 
244 
244 
498 
246 
222 
42 
42 
38 
40 
42 
242 
242 
242 
244 
244 
242 
244 
244 
240 
242 
242 
244 
242 
246 
242 
242 
244 
232 
240 
226 
240 
244 
242 
242 
242 
442 
242 
222 
242 
240 
244 
244 
244 
676 
242 
250 
244 
240 
242 
244 
242 
238 
242 
244 
242 
244 
240 
42 
44 
42 
42 
42 
40 
42 
240 
242 
242 
244 
404 
244 
224 
244 
244 
240 
242 
244 
622 
242 
250 
242 
240 
244 
244 
240 
244 
240 
246 
244 
242 
242 
244 
244 
242 
240 
242 
244 
240 
246 
242 
242 
244 
368 
242 
222 
242 
244 
242 
238 
52 
474 
40 
40 
42 
42 
242 
242 
244 
242 
244 
242 
244 
246 
242 
242 
244 
240 
244 
242 
246 
242 
242 
242 
242 
240 
302 
240 
228 
244 
242 
246 
242 
244 
532 
244 
222 
244 
244 
244 
242 
242 
242 
242 
246 
244 
242 
246 
244 
244 
246 
242 
40 
42 
44 
42 
40 
42 
42 
40 
242 
222 
242 
242 
246 
242 
246 
502 
244 
222 
244 
242 
244 
240 
242 
242 
242 
240 
244 
242 
244 
240 
246 
244 
240 
246 
242 
244 
242 
242 
244 
242 
226 
242 
224 
242 
246 
242 
240 
242 
446 
240 
222 
242 
240 
240 
240 
254 
44 
42 
40 
40 
42 
44 
44 
240 
242 
242 
246 
240 
244 
244 
240 
246 
244 
244 
242 
220 
246 
242 
240 
246 
242 
408 
242 
224 
244 
244 
244 
242 
246 
644 
242 
248 
244 
244 
242 
244 
244 
242 
244 
244 
242 
246 
242 
240 
242 
244 
246 
246 
238 
244 
42 
42 
42 
42 
386 
240 
222 
244 
240 
244 
244 
244 
600 
242 
220 
242 
242 
244 
242 
244 
242 
238 
242 
242 
246 
242 
240 
240 
240 
242 
240 
244 
244 
246 
242 
242 
244 
292 
244 
224 
244 
244 
246 
246 
240 
528 
240 
224 
242 
244 
44 
40 
40 
40 
42 
242 
240 
240 
244 
244 
244 
246 
242 
244 
246 
244 
240 
242 
246 
242 
284 
246 
222 
240 
242 
242 
240 
240 
506 
238 
222 
244 
244 
244 
240 
240 
242 
244 
240 
242 
242 
242 
244 
240 
246 
242 
242 
242 
240 
246 
244 
242 
44 
42 
42 
42 
42 
40 
244 
242 
244 
454 
242 
220 
244 
244 
246 
242 
242 
678 
240 
244 
242 
244 
240 
242 
244 
240 
244 
242 
244 
242 
244 
240 
246 
242 
244 
246 
224 
242 
238 
246 
244 
242 
400 
244 
222 
246 
240 
244 
246 
244 
646 
240 
40 
42 
38 
44 
40 
44 
244 
242 
244 
244 
246 
240 
242 
244 
238 
240 
242 
246 
244 
244 
240 
244 
242 
366 
242 
220 
244 
248 
242 
242 
242 
594 
244 
220 
242 
246 
244 
246 
242 
240 
244 
244 
242 
244 
244 
244 
246 
240 
244 
244 
242 
240 
38 
44 
38 
42 
42 
44 
42 
246 
240 
248 
242 
242 
522 
240 
226 
244 
244 
242 
240 
242 
242 
246 
244 
244 
246 
242 
242 
246 
240 
244 
246 
244 
240 
244 
242 
242 
244 
286 
240 
222 
246 
244 
244 
240 
244 
502 
240 
218 
240 
244 
244 
246 
240 
42 
42 
42 
46 
42 
242 
242 
246 
244 
240 
244 
242 
244 
250 
242 
244 
238 
224 
242 
224 
244 
242 
244 
246 
242 
434 
244 
224 
240 
244 
242 
240 
244 
678 
244 
244 
244 
244 
246 
242 
242 
244 
244 
242 
242 
244 
244 
238 
246 
242 
246 
244 
220 
42 
42 
42 
42 
42 
40 
240 
220 
242 
238 
240 
246 
244 
646 
244 
246 
242 
246 
240 
242 
242 
242 
244 
242 
242 
240 
238 
246 
244 
240 
242 
246 
240 
244 
246 
242 
242 
240 
372 
240 
222 
242 
244 
244 
240 
242 
600 
242 
224 
240 
242 
244 
244 
44 
40 
42 
42 
44 
242 
242 
240 
240 
242 
246 
242 
240 
246 
240 
240 
242 
244 
304 
246 
224 
242 
242 
240 
244 
242 
536 
242 
220 
240 
244 
244 
240 
244 
244 
244 
242 
240 
242 
242 
246 
242 
244 
244 
246 
244 
240 
244 
242 
238 
246 
42 
42 
42 
38 
42 
40 
40 
242 
522 
244 
222 
242 
244 
244 
244 
242 
242 
242 
242 
242 
242 
242 
242 
308 
458 
476 
1916 
262 
626 
2078 
840 
244 
242 
234 
244 
222 
244 
246 
242 
242 
242 
444 
242 
222 
240 
244 
242 
242 
242 
680 
242 
244 
242 
238 
242 
242 
242 
248 
244 
42 
42 
42 
42 
40 
242 
238 
224 
242 
222 
242 
238 
246 
242 
244 
412 
248 
224 
242 
244 
242 
248 
242 
644 
244 
250 
244 
244 
244 
244 
240 
242 
244 
244 
242 
244 
246 
244 
242 
246 
238 
242 
242 
242 
244 
244 
242 
242 
356 
250 
222 
40 
40 
38 
40 
40 
598 
238 
222 
238 
242 
242 
242 
238 
244 
244 
244 
244 
244 
242 
244 
240 
246 
240 
244 
244 
244 
240 
244 
244 
238 
306 
240 
224 
240 
236 
242 
240 
242 
546 
244 
222 
244 
242 
240 
238 
244 
240 
242 
240 
244 
242 
42 
40 
42 
40 
42 
42 
40 
240 
242 
242 
242 
242 
282 
240 
226 
242 
242 
244 
242 
244 
538 
240 
224 
242 
244 
242 
246 
244 
242 
240 
246 
244 
242 
244 
242 
240 
242 
240 
242 
244 
244 
242 
246 
246 
244 
222 
244 
224 
244 
242 
242 
242 
240 
40 
40 
40 
42 
42 
40 
244 
242 
680 
240 
246 
244 
242 
240 
244 
242 
246 
244 
248 
244 
240 
240 
244 
242 
246 
242 
244 
222 
240 
242 
242 
242 
240 
410 
242 
222 
238 
238 
242 
244 
240 
666 
246 
246 
242 
244 
244 
244 
244 
242 
242 
238 
42 
42 
42 
40 
40 
244 
246 
244 
242 
240 
246 
240 
240 
238 
368 
244 
220 
246 
240 
242 
246 
238 
596 
244 
222 
242 
244 
242 
244 
244 
242 
242 
244 
246 
242 
242 
242 
246 
242 
244 
244 
242 
246 
240 
238 
242 
242 
300 
242 
224 
242 
244 
40 
42 
40 
40 
42 
222 
246 
242 
238 
244 
240 
242 
246 
246 
294 
240 
244 
242 
244 
244 
246 
242 
244 
242 
240 
244 
242 
244 
284 
242 
218 
242 
238 
240 
244 
242 
512 
242 
226 
242 
248 
244 
232 
270 
242 
246 
244 
240 
246 
244 
242 
242 
242 
40 
44 
40 
40 
42 
42 
240 
238 
224 
240 
248 
240 
252 
240 
244 
242 
438 
242 
222 
220 
242 
242 
238 
244 
670 
244 
238 
240 
242 
242 
244 
242 
244 
244 
242 
244 
242 
242 
242 
242 
244 
260 
242 
222 
240 
240 
246 
244 
242 
438 
240 
220 
40 
40 
40 
40 
244 
664 
240 
246 
244 
244 
248 
242 
240 
244 
244 
240 
240 
244 
242 
246 
242 
242 
242 
242 
244 
244 
242 
242 
244 
242 
370 
238 
226 
244 
246 
244 
244 
240 
578 
244 
220 
244 
248 
244 
238 
240 
238 
242 
242 
242 
244 
244 
42 
40 
42 
44 
40 
242 
246 
240 
242 
244 
240 
314 
244 
222 
242 
242 
244 
242 
242 
540 
240 
222 
240 
242 
244 
244 
244 
242 
244 
238 
244 
238 
240 
248 
222 
244 
240 
242 
240 
244 
242 
244 
222 
240 
302 
244 
224 
244 
242 
244 
244 
40 
44 
44 
44 
42 
242 
246 
242 
244 
240 
244 
244 
242 
242 
244 
242 
242 
244 
242 
240 
246 
242 
244 
204 
244 
238 
232 
246 
226 
244 
242 
242 
242 
246 
438 
242 
224 
262 
248 
242 
254 
244 
678 
244 
244 
236 
244 
246 
316 
248 
246 
40 
40 
40 
42 
40 
40 
240 
240 
220 
244 
224 
244 
244 
244 
242 
244 
440 
244 
224 
240 
202 
246 
240 
246 
658 
242 
230 
240 
242 
242 
204 
244 
242 
242 
242 
244 
240 
244 
244 
244 
248 
242 
244 
244 
244 
242 
244 
244 
244 
372 
242 
224 
42 
42 
42 
42 
42 
586 
244 
220 
242 
242 
244 
242 
242 
242 
244 
240 
244 
244 
244 
238 
240 
242 
244 
244 
244 
248 
242 
246 
242 
242 
324 
244 
226 
242 
244 
242 
244 
244 
560 
244 
224 
246 
244 
244 
242 
244 
244 
246 
244 
244 
246 
122 
172 
44 
38 
42 
42 
40 
242 
242 
242 
246 
240 
274 
246 
218 
242 
244 
244 
244 
240 
202 
242 
224 
244 
242 
246 
240 
240 
240 
244 
240 
202 
240 
238 
244 
242 
244 
240 
242 
246 
244 
244 
246 
246 
240 
230 
244 
222 
240 
242 
242 
318 
244 
426 
42 
40 
42 
40 
42 
242 
246 
660 
246 
248 
240 
246 
242 
240 
228 
244 
244 
220 
240 
244 
242 
246 
244 
240 
224 
242 
224 
244 
244 
244 
244 
244 
436 
202 
222 
244 
242 
316 
242 
242 
674 
238 
224 
246 
240 
242 
244 
242 
244 
224 
244 
40 
42 
40 
40 
42 
240 
246 
244 
244 
246 
242 
242 
242 
244 
350 
244 
224 
244 
244 
242 
244 
242 
584 
242 
226 
244 
242 
242 
224 
240 
240 
244 
244 
242 
242 
242 
244 
240 
246 
244 
244 
242 
240 
242 
244 
246 
242 
306 
242 
224 
238 
244 
42 
42 
42 
42 
42 
42 
244 
244 
242 
246 
244 
248 
246 
244 
244 
244 
240 
246 
242 
242 
248 
246 
242 
244 
244 
242 
240 
238 
294 
240 
226 
244 
242 
242 
244 
244 
498 
244 
222 
242 
242 
244 
240 
246 
240 
242 
244 
246 
224 
244 
242 
242 
40 
40 
42 
40 
42 
40 
244 
244 
242 
226 
240 
228 
244 
240 
244 
240 
242 
434 
244 
220 
244 
242 
240 
244 
242 
686 
240 
244 
244 
242 
224 
242 
240 
244 
240 
240 
244 
238 
244 
244 
242 
242 
250 
244 
222 
244 
242 
284 
242 
246 
424 
40 
40 
42 
42 
42 
42 
42 
676 
240 
220 
242 
242 
246 
242 
244 
244 
244 
244 
242 
244 
242 
240 
240 
240 
244 
244 
244 
240 
242 
244 
248 
242 
340 
242 
224 
244 
244 
242 
242 
240 
586 
246 
226 
244 
244 
244 
246 
244 
244 
244 
244 
244 
242 
42 
42 
42 
42 
40 
242 
242 
238 
238 
246 
238 
240 
322 
242 
222 
242 
242 
242 
246 
244 
578 
242 
224 
242 
242 
222 
246 
248 
242 
244 
242 
244 
240 
242 
240 
242 
240 
202 
244 
240 
244 
244 
242 
244 
242 
272 
246 
224 
244 
244 
238 
40 
42 
42 
44 
40 
42 
242 
244 
242 
244 
242 
242 
244 
248 
242 
244 
244 
240 
244 
240 
242 
244 
242 
244 
244 
244 
242 
226 
244 
226 
244 
242 
242 
246 
244 
452 
244 
222 
240 
244 
246 
246 
244 
682 
244 
242 
224 
242 
242 
244 
242 
242 
40 
42 
42 
40 
42 
40 
42 
244 
226 
244 
222 
244 
244 
244 
242 
242 
398 
244 
226 
240 
240 
244 
244 
242 
674 
246 
222 
242 
244 
254 
242 
244 
238 
244 
242 
242 
246 
244 
242 
244 
242 
242 
242 
246 
242 
224 
244 
244 
238 
350 
242 
222 
244 
42 
42 
42 
40 
42 
38 
222 
246 
240 
244 
246 
244 
242 
204 
248 
240 
242 
242 
242 
242 
242 
240 
242 
246 
242 
244 
244 
242 
240 
328 
222 
226 
242 
242 
246 
224 
244 
554 
242 
224 
244 
244 
222 
244 
240 
244 
240 
244 
244 
244 
242 
246 
38 
48 
98 
40 
42 
46 
44 
42 
40 
222 
296 
244 
222 
238 
242 
240 
242 
242 
508 
240 
224 
244 
244 
244 
250 
240 
242 
244 
244 
242 
244 
242 
244 
240 
242 
242 
246 
244 
244 
244 
244 
240 
238 
284 
244 
222 
244 
244 
244 
242 
244 
464 
246 
226 
242 
132 
242 
42 
40 
40 
40 
246 
244 
238 
242 
200 
242 
242 
242 
240 
244 
244 
244 
244 
240 
240 
222 
246 
224 
244 
244 
240 
240 
242 
438 
242 
226 
242 
244 
242 
242 
244 
650 
246 
224 
242 
244 
244 
224 
242 
244 
222 
244 
224 
246 
224 
242 
242 
240 
42 
42 
40 
42 
44 
244 
240 
246 
360 
244 
224 
246 
246 
244 
242 
202 
596 
242 
222 
214 
244 
242 
242 
242 
244 
246 
244 
242 
242 
238 
244 
242 
242 
242 
244 
242 
240 
246 
238 
246 
240 
352 
244 
220 
242 
246 
240 
246 
246 
564 
242 
38 
42 
42 
38 
42 
240 
246 
242 
244 
244 
240 
246 
244 
242 
246 
242 
244 
240 
246 
244 
242 
244 
242 
274 
240 
224 
244 
246 
244 
244 
242 
510 
242 
224 
246 
246 
244 
242 
242 
244 
246 
238 
222 
242 
246 
242 
242 
242 
240 
244 
244 
40 
42 
42 
44 
40 
40 
42 
42 
246 
242 
244 
240 
240 
472 
242 
226 
240 
246 
246 
240 
246 
698 
244 
242 
238 
242 
242 
242 
244 
316 
240 
238 
242 
240 
242 
244 
244 
244 
222 
244 
222 
246 
242 
240 
240 
240 
438 
242 
220 
242 
246 
244 
244 
240 
40 
42 
42 
40 
44 
42 
244 
242 
242 
242 
242 
244 
240 
242 
240 
242 
242 
246 
244 
224 
226 
242 
242 
244 
242 
362 
246 
224 
244 
246 
240 
238 
240 
590 
246 
226 
242 
244 
240 
244 
244 
244 
252 
244 
242 
246 
244 
244 
244 
240 
238 
172 
152 
44 
42 
44 
42 
244 
360 
242 
220 
240 
242 
246 
244 
242 
546 
244 
220 
238 
244 
244 
242 
244 
244 
236 
240 
242 
242 
246 
246 
244 
244 
242 
242 
222 
242 
244 
294 
242 
244 
264 
240 
226 
244 
244 
240 
244 
226 
484 
242 
222 
248 
42 
42 
42 
42 
42 
44 
42 
244 
242 
244 
242 
240 
244 
244 
246 
242 
242 
240 
240 
242 
242 
614 
238 
222 
242 
244 
242 
240 
242 
458 
242 
220 
242 
240 
246 
204 
242 
696 
242 
244 
242 
244 
246 
244 
238 
244 
246 
242 
242 
242 
242 
240 
238 
244 
40 
42 
42 
42 
42 
40 
42 
206 
434 
246 
226 
244 
240 
244 
242 
242 
648 
244 
224 
242 
244 
246 
204 
204 
242 
240 
240 
244 
240 
244 
240 
244 
244 
244 
242 
226 
242 
244 
242 
240 
242 
356 
244 
228 
242 
244 
206 
240 
240 
598 
242 
230 
242 
40 
40 
40 
42 
44 
42 
242 
246 
240 
242 
244 
240 
246 
244 
246 
242 
246 
258 
242 
242 
242 
332 
242 
226 
242 
240 
244 
240 
244 
560 
242 
224 
240 
244 
248 
242 
242 
244 
246 
242 
242 
246 
240 
242 
244 
242 
244 
242 
240 
244 
244 
242 
42 
40 
42 
42 
42 
44 
42 
246 
200 
240 
482 
242 
224 
246 
244 
240 
242 
246 
698 
242 
242 
244 
244 
244 
242 
224 
242 
238 
224 
242 
240 
244 
222 
242 
244 
222 
246 
224 
244 
242 
242 
242 
244 
474 
242 
222 
244 
244 
244 
242 
248 
700 
240 
40 
42 
40 
44 
46 
42 
42 
42 
242 
244 
242 
246 
242 
246 
240 
232 
206 
224 
244 
244 
242 
240 
242 
490 
240 
222 
244 
244 
298 
242 
244 
650 
220 
224 
244 
242 
242 
240 
242 
244 
242 
222 
242 
246 
244 
244 
222 
244 
244 
244 
224 
242 
242 
244 
42 
40 
40 
44 
42 
244 
240 
244 
242 
246 
600 
244 
232 
232 
242 
240 
244 
244 
244 
242 
244 
244 
240 
240 
240 
240 
242 
240 
248 
246 
246 
244 
244 
242 
232 
346 
242 
218 
212 
242 
240 
242 
240 
572 
240 
222 
242 
240 
246 
244 
246 
40 
42 
42 
40 
40 
240 
242 
244 
242 
244 
242 
242 
242 
244 
242 
246 
242 
260 
238 
226 
242 
244 
244 
244 
242 
500 
246 
220 
242 
242 
246 
244 
244 
244 
244 
244 
240 
238 
240 
242 
244 
240 
242 
242 
240 
242 
242 
242 
224 
212 
222 
40 
42 
44 
44 
44 
246 
242 
518 
204 
220 
242 
248 
242 
244 
244 
702 
242 
242 
242 
240 
244 
242 
246 
246 
240 
240 
244 
244 
242 
238 
242 
248 
234 
246 
222 
242 
244 
248 
244 
244 
414 
238 
222 
242 
242 
246 
244 
220 
644 
240 
228 
246 
42 
40 
40 
38 
42 
242 
240 
242 
242 
240 
244 
244 
244 
240 
238 
228 
242 
244 
242 
244 
244 
350 
242 
220 
242 
244 
242 
242 
244 
596 
244 
230 
240 
240 
240 
244 
238 
240 
242 
240 
238 
244 
240 
240 
242 
242 
244 
240 
244 
242 
244 
40 
40 
42 
40 
44 
222 
242 
244 
242 
242 
244 
670 
246 
224 
238 
242 
242 
242 
244 
242 
240 
242 
244 
244 
240 
222 
244 
240 
200 
240 
246 
242 
244 
244 
244 
244 
262 
204 
226 
244 
246 
242 
238 
242 
482 
242 
220 
244 
244 
240 
244 
42 
44 
44 
44 
42 
246 
240 
242 
244 
246 
244 
246 
244 
244 
242 
238 
246 
246 
260 
242 
224 
246 
240 
244 
242 
222 
494 
242 
224 
240 
226 
220 
246 
246 
222 
242 
242 
246 
242 
244 
242 
246 
244 
244 
242 
244 
242 
244 
246 
246 
178 
234 
40 
38 
44 
42 
42 
44 
244 
432 
244 
222 
242 
242 
246 
246 
244 
638 
242 
238 
246 
244 
244 
204 
244 
246 
244 
240 
240 
240 
244 
240 
242 
244 
246 
242 
222 
242 
244 
244 
244 
244 
374 
248 
224 
240 
240 
244 
248 
246 
596 
244 
208 
240 
42 
42 
44 
42 
38 
42 
44 
244 
242 
244 
244 
246 
244 
244 
238 
242 
242 
242 
244 
240 
242 
352 
242 
222 
240 
248 
244 
240 
242 
582 
242 
222 
242 
242 
242 
244 
242 
244 
242 
244 
240 
242 
240 
150 
240 
244 
252 
224 
244 
246 
240 
238 
240 
40 
42 
42 
40 
38 
40 
42 
42 
44 
252 
242 
266 
244 
244 
244 
242 
242 
220 
246 
246 
244 
242 
242 
240 
242 
246 
242 
242 
246 
242 
244 
324 
242 
242 
266 
242 
222 
244 
244 
240 
240 
242 
478 
204 
220 
244 
244 
242 
240 
244 
240 
246 
238 
240 
240 
42 
42 
42 
40 
44 
42 
242 
242 
242 
242 
244 
242 
234 
246 
226 
244 
244 
244 
242 
244 
408 
242 
224 
240 
242 
244 
238 
240 
642 
242 
236 
204 
240 
242 
236 
242 
244 
242 
248 
242 
240 
242 
240 
240 
244 
242 
246 
220 
204 
242 
238 
242 
42 
40 
42 
44 
42 
42 
242 
242 
242 
620 
242 
230 
242 
242 
242 
242 
240 
242 
246 
244 
242 
238 
242 
244 
244 
244 
244 
242 
244 
246 
242 
244 
244 
246 
342 
240 
224 
240 
242 
244 
204 
240 
580 
242 
202 
244 
240 
240 
244 
240 
244 
70 
40 
40 
40 
40 
42 
244 
242 
242 
240 
242 
244 
244 
244 
242 
242 
256 
246 
222 
224 
238 
238 
242 
238 
486 
242 
222 
242 
240 
244 
244 
242 
242 
244 
244 
220 
242 
240 
244 
242 
246 
226 
240 
240 
246 
244 
242 
244 
248 
250 
244 
210 
40 
40 
42 
40 
244 
558 
246 
224 
240 
242 
242 
242 
242 
244 
242 
242 
246 
244 
242 
246 
242 
236 
242 
242 
246 
244 
242 
242 
242 
244 
244 
242 
294 
246 
246 
242 
246 
242 
404 
244 
224 
244 
246 
240 
246 
244 
634 
242 
234 
242 
244 
42 
42 
40 
42 
42 
42 
42 
40 
40 
244 
246 
242 
244 
246 
222 
242 
222 
242 
240 
246 
382 
244 
220 
242 
314 
242 
244 
240 
624 
242 
238 
242 
244 
246 
242 
242 
240 
244 
240 
244 
240 
240 
242 
242 
242 
240 
244 
242 
242 
242 
248 
244 
244 
358 
244 
44 
44 
44 
44 
44 
40 
554 
240 
224 
242 
242 
244 
242 
240 
244 
232 
242 
244 
244 
244 
240 
242 
242 
240 
244 
242 
244 
242 
244 
242 
242 
254 
240 
222 
242 
240 
240 
244 
246 
484 
248 
226 
244 
242 
240 
244 
246 
240 
244 
242 
242 
240 
40 
40 
42 
42 
40 
42 
40 
240 
242 
244 
246 
246 
246 
244 
222 
244 
240 
240 
242 
246 
504 
246 
222 
242 
242 
244 
244 
244 
222 
236 
244 
242 
244 
242 
242 
224 
238 
238 
242 
224 
242 
244 
242 
240 
244 
244 
242 
224 
244 
242 
242 
244 
242 
42 
42 
42 
42 
42 
242 
242 
242 
624 
242 
246 
244 
240 
238 
246 
240 
246 
204 
240 
242 
246 
244 
244 
240 
242 
242 
204 
224 
244 
246 
240 
244 
244 
396 
246 
226 
242 
222 
242 
242 
242 
616 
242 
228 
242 
244 
242 
242 
244 
242 
238 
42 
44 
44 
40 
42 
44 
42 
240 
240 
244 
242 
240 
244 
244 
244 
344 
242 
222 
246 
244 
206 
242 
244 
564 
240 
226 
240 
242 
246 
244 
244 
244 
244 
246 
244 
242 
242 
244 
244 
242 
244 
242 
242 
242 
244 
246 
240 
242 
262 
246 
224 
242 
246 
42 
44 
42 
42 
42 
44 
44 
244 
242 
242 
240 
244 
240 
240 
240 
246 
240 
244 
244 
244 
242 
328 
240 
242 
244 
242 
246 
240 
264 
240 
222 
246 
220 
226 
224 
246 
494 
220 
222 
242 
242 
242 
242 
246 
244 
246 
242 
244 
246 
246 
242 
244 
240 
42 
42 
42 
42 
42 
42 
246 
240 
242 
244 
220 
246 
242 
244 
240 
244 
392 
244 
226 
244 
244 
246 
242 
244 
638 
242 
246 
244 
242 
246 
224 
240 
242 
246 
246 
244 
242 
240 
244 
244 
202 
246 
246 
220 
244 
244 
240 
206 
244 
384 
244 
226 
42 
40 
40 
42 
42 
638 
244 
222 
246 
204 
244 
246 
202 
240 
242 
242 
242 
244 
260 
246 
246 
244 
242 
244 
244 
244 
242 
242 
238 
240 
342 
244 
222 
244 
240 
242 
242 
244 
564 
242 
224 
224 
246 
244 
244 
242 
244 
244 
240 
244 
210 
40 
40 
42 
42 
40 
244 
244 
242 
246 
248 
242 
244 
274 
244 
254 
202 
240 
242 
238 
246 
518 
242 
220 
242 
238 
244 
242 
242 
246 
244 
244 
240 
242 
244 
244 
246 
244 
240 
240 
246 
244 
240 
244 
246 
240 
252 
246 
222 
244 
240 
240 
242 
40 
38 
42 
40 
42 
244 
244 
242 
246 
244 
242 
240 
242 
244 
242 
244 
242 
240 
242 
244 
246 
242 
240 
242 
248 
242 
240 
246 
224 
244 
244 
242 
246 
222 
416 
242 
222 
244 
242 
226 
244 
238 
646 
242 
222 
242 
220 
246 
240 
242 
244 
40 
40 
42 
40 
42 
44 
242 
244 
244 
248 
220 
238 
246 
242 
244 
244 
408 
244 
222 
238 
242 
244 
246 
244 
648 
244 
226 
238 
244 
244 
240 
244 
228 
242 
240 
244 
244 
244 
240 
246 
244 
240 
246 
224 
242 
246 
242 
244 
244 
330 
240 
222 
244 
44 
116 
40 
40 
544 
240 
224 
246 
240 
246 
244 
244 
238 
242 
242 
242 
242 
244 
244 
244 
246 
242 
242 
242 
246 
246 
244 
244 
242 
266 
244 
220 
242 
242 
244 
242 
244 
528 
240 
222 
242 
242 
244 
220 
244 
240 
242 
248 
244 
246 
42 
44 
42 
44 
38 
40 
40 
44 
246 
246 
244 
246 
252 
240 
222 
244 
236 
246 
246 
242 
502 
244 
224 
244 
244 
242 
242 
240 
694 
240 
246 
244 
244 
244 
244 
244 
242 
244 
246 
246 
246 
284 
206 
246 
244 
244 
240 
224 
242 
244 
240 
242 
240 
398 
248 
220 
42 
42 
40 
42 
42 
42 
246 
244 
240 
244 
246 
244 
244 
242 
244 
244 
238 
240 
242 
242 
242 
242 
246 
242 
226 
242 
244 
246 
244 
246 
394 
246 
224 
242 
244 
244 
242 
242 
630 
246 
222 
238 
242 
242 
242 
242 
246 
244 
246 
244 
242 
246 
42 
40 
42 
42 
44 
244 
244 
240 
246 
242 
242 
322 
244 
224 
242 
246 
240 
244 
246 
564 
238 
222 
240 
246 
240 
244 
242 
240 
244 
244 
244 
244 
244 
244 
242 
244 
244 
244 
244 
242 
244 
244 
238 
242 
268 
242 
224 
242 
238 
242 
238 
244 
40 
42 
42 
42 
40 
44 
240 
242 
244 
240 
242 
242 
240 
242 
246 
242 
242 
244 
244 
246 
242 
238 
244 
240 
242 
266 
244 
220 
242 
244 
244 
242 
242 
506 
240 
224 
246 
240 
244 
242 
242 
696 
244 
244 
246 
244 
242 
246 
242 
242 
242 
244 
40 
42 
42 
44 
40 
40 
40 
42 
224 
248 
238 
242 
244 
240 
414 
244 
222 
242 
244 
244 
240 
244 
650 
242 
246 
242 
244 
242 
242 
244 
242 
242 
240 
242 
244 
240 
240 
244 
242 
246 
242 
222 
242 
242 
246 
242 
242 
400 
242 
224 
240 
244 
240 
246 
246 
38 
40 
42 
242 
242 
246 
242 
244 
242 
246 
240 
242 
242 
242 
244 
244 
246 
244 
240 
240 
242 
242 
240 
238 
242 
342 
244 
230 
246 
244 
244 
244 
242 
556 
244 
226 
246 
240 
240 
242 
242 
246 
244 
242 
244 
246 
240 
244 
242 
244 
252 
248 
224 
232 
240 
244 
240 
222 
280 
240 
224 
208 
240 
206 
242 
224 
532 
242 
204 
206 
204 
224 
200 
242 
244 
204 
242 
204 
234 
222 
202 
226 
244 
222 
296 
224 
230 
232 
244 
246 
242 
260 
244 
224 
206 
246 
204 
242 
242 
678 
228 
224 
240 
236 
252 
264 
250 
706 
216 
260 
246 
246 
234 
210 
204 
214 
204 
242 
244 
232 
220 
260 
234 
252 
210 
210 
232 
254 
224 
246 
236 
244 
374 
256 
240 
250 
252 
228 
232 
262 
620 
242 
242 
244 
220 
244 
200 
242 
204 
242 
244 
224 
242 
244 
206 
210 
242 
242 
242 
228 
238 
248 
220 
246 
222 
400 
220 
224 
240 
240 
224 
242 
244 
630 
244 
224 
200 
206 
246 
244 
244 
242 
242 
244 
244 
242 
240 
244 
204 
202 
240 
242 
242 
244 
242 
246 
244 
220 
324 
242 
224 
242 
246 
240 
242 
244 
568 
222 
202 
242 
224 
232 
242 
240 
242 
250 
244 
242 
246 
244 
240 
202 
244 
208 
242 
242 
240 
244 
240 
242 
244 
300 
240 
222 
238 
242 
242 
242 
244 
520 
244 
220 
242 
244 
240 
246 
242 
244 
244 
242 
244 
240 
240 
240 
242 
242 
244 
246 
246 
236 
244 
242 
246 
244 
278 
242 
226 
244 
246 
242 
240 
242 
474 
242 
224 
244 
244 
244 
246 
240 
698 
244 
244 
244 
242 
242 
242 
240 
246 
240 
242 
246 
242 
242 
246 
242 
244 
226 
244 
220 
242 
244 
242 
242 
240 
420 
244 
226 
246 
242 
242 
242 
246 
648 
240 
242 
244 
244 
240 
242 
240 
246 
246 
240 
240 
244 
242 
240 
244 
244 
246 
242 
224 
242 
240 
248 
242 
244 
402 
246 
222 
244 
242 
248 
244 
242 
644 
240 
224 
242 
244 
240 
246 
244 
242 
246 
242 
244 
242 
242 
240 
244 
244 
242 
