# FR-trace starting at Wed Dec 16 18:19:05 2020
################# CONFIG #################
# slot=10000
# samples=5000
# threshold=100
# idle=500
# minlen=500
# runs=60000
# pdathreads=3
# nmonitored=1
#   monitor0=/usr/local/lib/libcrypto.so 799838 0xc345e
# nevicted=0
# npdatargets=1
#   target0=/usr/local/lib/libcrypto.so 750148 0xb7244
# affinity=all
############## SYSTEM INFO ###############
# mastik_version=
# sysname=Linux
# nodename=5997f38f2dda
# release=5.4.0-56-generic
# version=#62-Ubuntu SMP Mon Nov 23 19:20:19 UTC 2020
# machine=x86_64
################## DATA ##################
# run=0
# datapoints=3156
54 
218 
210 
216 
188 
222 
192 
194 
216 
196 
222 
214 
218 
224 
202 
194 
222 
214 
218 
220 
212 
222 
228 
198 
194 
194 
216 
202 
192 
224 
220 
208 
220 
54 
218 
192 
58 
220 
56 
224 
220 
56 
220 
56 
192 
208 
224 
192 
218 
192 
220 
218 
192 
192 
218 
214 
192 
208 
192 
192 
212 
258 
214 
266 
220 
220 
218 
222 
222 
224 
192 
192 
192 
192 
192 
192 
190 
192 
192 
192 
192 
220 
212 
220 
206 
222 
218 
194 
206 
192 
220 
202 
210 
212 
210 
218 
192 
220 
196 
202 
218 
220 
192 
194 
222 
220 
220 
210 
388 
192 
194 
194 
200 
198 
276 
208 
214 
234 
220 
194 
194 
220 
210 
194 
192 
222 
222 
54 
220 
54 
216 
222 
56 
220 
220 
58 
210 
52 
220 
208 
56 
222 
56 
210 
222 
54 
216 
192 
222 
220 
214 
220 
192 
218 
192 
218 
192 
192 
218 
192 
210 
198 
194 
216 
192 
224 
192 
220 
220 
220 
194 
218 
218 
192 
220 
192 
224 
222 
210 
192 
194 
194 
220 
192 
192 
208 
218 
192 
222 
222 
196 
210 
212 
220 
192 
200 
220 
192 
194 
192 
218 
246 
192 
194 
194 
220 
448 
222 
278 
192 
208 
220 
188 
208 
238 
308 
202 
194 
224 
218 
208 
238 
388 
220 
222 
220 
222 
210 
56 
222 
222 
56 
218 
58 
208 
220 
58 
220 
58 
208 
220 
52 
220 
192 
224 
218 
192 
194 
192 
190 
392 
192 
220 
192 
192 
212 
190 
420 
218 
196 
194 
206 
194 
208 
306 
192 
230 
192 
218 
196 
220 
212 
192 
190 
192 
192 
208 
222 
218 
222 
218 
192 
220 
214 
192 
312 
202 
224 
218 
224 
194 
242 
262 
192 
224 
220 
218 
194 
192 
214 
192 
220 
196 
246 
192 
218 
248 
218 
192 
198 
216 
210 
192 
270 
200 
192 
192 
240 
190 
192 
406 
216 
222 
54 
220 
208 
56 
294 
56 
222 
220 
56 
210 
222 
56 
222 
58 
222 
224 
54 
220 
56 
192 
236 
222 
220 
212 
212 
504 
188 
224 
192 
224 
212 
226 
554 
220 
228 
218 
196 
210 
222 
352 
198 
210 
190 
210 
228 
218 
426 
222 
192 
188 
222 
190 
224 
390 
220 
220 
216 
210 
192 
192 
536 
192 
194 
220 
190 
190 
192 
420 
198 
196 
216 
192 
222 
214 
306 
222 
222 
222 
192 
192 
220 
478 
192 
226 
218 
218 
210 
228 
630 
214 
194 
208 
192 
192 
210 
554 
210 
218 
192 
192 
56 
216 
56 
224 
220 
58 
222 
56 
216 
376 
56 
222 
224 
54 
192 
220 
430 
192 
222 
220 
198 
222 
192 
420 
190 
192 
220 
222 
192 
216 
454 
222 
194 
192 
192 
188 
192 
502 
218 
222 
192 
210 
190 
192 
466 
192 
210 
210 
224 
220 
220 
628 
220 
228 
224 
192 
242 
222 
624 
210 
220 
218 
192 
222 
220 
576 
218 
188 
218 
222 
192 
192 
528 
222 
194 
218 
220 
224 
222 
572 
218 
218 
192 
190 
210 
218 
668 
224 
224 
194 
230 
192 
238 
652 
222 
282 
62 
204 
62 
218 
510 
64 
228 
72 
220 
220 
56 
496 
58 
190 
222 
220 
192 
218 
640 
226 
224 
216 
194 
192 
192 
578 
220 
218 
210 
220 
192 
214 
518 
222 
222 
226 
214 
192 
220 
534 
192 
218 
220 
222 
226 
192 
734 
192 
192 
208 
192 
230 
192 
192 
210 
198 
198 
220 
206 
220 
730 
220 
192 
220 
220 
224 
220 
616 
192 
218 
240 
190 
220 
198 
598 
222 
226 
220 
226 
194 
210 
192 
218 
222 
220 
190 
220 
224 
192 
204 
222 
192 
220 
224 
54 
640 
220 
54 
222 
212 
56 
200 
54 
192 
220 
58 
212 
56 
224 
658 
56 
222 
54 
220 
218 
58 
682 
128 
54 
222 
192 
232 
218 
666 
220 
238 
222 
206 
192 
220 
652 
220 
224 
220 
194 
220 
220 
744 
190 
222 
188 
214 
192 
198 
664 
220 
222 
190 
216 
220 
192 
656 
210 
210 
220 
208 
208 
280 
194 
228 
220 
220 
192 
214 
220 
686 
220 
220 
200 
220 
222 
208 
682 
218 
192 
220 
192 
190 
192 
194 
192 
190 
190 
220 
192 
220 
192 
222 
220 
192 
196 
220 
192 
224 
218 
222 
190 
222 
192 
56 
218 
224 
56 
242 
54 
196 
198 
54 
210 
58 
506 
220 
58 
194 
220 
190 
222 
222 
222 
206 
222 
192 
218 
192 
222 
220 
220 
224 
220 
220 
210 
192 
194 
220 
190 
218 
226 
190 
220 
220 
192 
216 
194 
222 
222 
198 
190 
218 
222 
220 
230 
218 
190 
192 
192 
214 
196 
230 
196 
234 
194 
194 
218 
190 
224 
218 
192 
222 
218 
218 
224 
192 
220 
222 
192 
222 
192 
220 
194 
218 
200 
192 
192 
220 
192 
224 
196 
192 
222 
192 
192 
192 
220 
218 
220 
56 
218 
58 
220 
222 
58 
220 
56 
218 
218 
58 
192 
58 
194 
194 
192 
188 
198 
192 
224 
228 
220 
236 
196 
200 
192 
192 
194 
210 
192 
194 
220 
192 
220 
222 
220 
218 
192 
200 
222 
216 
192 
212 
224 
196 
222 
192 
220 
194 
190 
222 
192 
194 
192 
220 
202 
220 
222 
192 
220 
212 
202 
218 
196 
212 
212 
218 
212 
190 
192 
218 
220 
192 
222 
220 
192 
222 
192 
220 
222 
206 
218 
188 
192 
190 
192 
222 
220 
192 
192 
220 
192 
210 
192 
58 
220 
58 
220 
218 
56 
208 
54 
222 
222 
56 
194 
192 
226 
208 
218 
216 
208 
206 
190 
212 
192 
208 
192 
214 
226 
192 
192 
192 
222 
192 
220 
192 
222 
222 
218 
220 
220 
222 
192 
220 
222 
222 
220 
194 
220 
192 
222 
192 
194 
218 
208 
222 
194 
192 
192 
196 
208 
220 
222 
192 
224 
196 
188 
194 
220 
194 
232 
192 
214 
192 
220 
192 
194 
202 
192 
192 
220 
222 
222 
220 
224 
194 
202 
192 
220 
222 
208 
218 
224 
220 
214 
58 
224 
220 
58 
220 
56 
218 
202 
54 
222 
58 
220 
214 
58 
220 
54 
218 
220 
56 
208 
54 
220 
218 
58 
190 
222 
196 
192 
212 
220 
196 
208 
208 
192 
236 
192 
226 
216 
220 
222 
192 
218 
192 
222 
222 
192 
192 
210 
220 
194 
220 
222 
192 
220 
212 
218 
190 
222 
218 
210 
222 
210 
222 
344 
220 
222 
220 
222 
192 
226 
270 
198 
222 
222 
210 
208 
200 
224 
220 
218 
192 
190 
264 
194 
650 
208 
194 
194 
220 
192 
210 
222 
222 
218 
220 
244 
210 
190 
222 
222 
222 
222 
188 
204 
192 
58 
220 
218 
54 
220 
56 
208 
222 
54 
222 
56 
220 
210 
54 
192 
210 
192 
192 
192 
192 
220 
240 
220 
222 
222 
196 
194 
194 
192 
238 
210 
218 
196 
210 
218 
202 
220 
208 
220 
220 
210 
218 
192 
222 
194 
222 
224 
194 
212 
194 
220 
192 
220 
192 
210 
220 
190 
220 
192 
198 
222 
192 
194 
192 
218 
222 
196 
194 
212 
220 
192 
220 
196 
192 
208 
192 
196 
306 
194 
192 
212 
212 
388 
192 
364 
224 
218 
192 
192 
208 
220 
196 
222 
192 
192 
222 
56 
222 
58 
218 
0 
0 
0 
206 
218 
50 
218 
54 
206 
52 
210 
220 
54 
216 
206 
190 
188 
208 
212 
402 
218 
218 
218 
222 
208 
190 
190 
208 
192 
190 
188 
190 
208 
364 
208 
274 
216 
216 
206 
190 
206 
220 
220 
214 
214 
212 
218 
190 
220 
216 
220 
218 
188 
216 
190 
190 
190 
188 
234 
186 
214 
188 
218 
216 
188 
216 
208 
214 
190 
190 
232 
216 
218 
188 
228 
412 
216 
190 
206 
190 
188 
220 
468 
210 
196 
244 
190 
206 
220 
334 
190 
218 
52 
222 
206 
52 
216 
54 
220 
218 
52 
208 
54 
208 
216 
52 
220 
54 
206 
222 
54 
220 
50 
218 
216 
190 
190 
258 
190 
190 
192 
216 
188 
220 
282 
216 
192 
190 
196 
204 
212 
300 
186 
212 
190 
194 
190 
218 
354 
220 
216 
192 
222 
206 
218 
518 
188 
220 
192 
190 
206 
216 
306 
190 
206 
214 
218 
208 
190 
300 
192 
218 
186 
190 
224 
216 
500 
190 
220 
188 
222 
206 
190 
434 
192 
218 
188 
214 
186 
222 
428 
190 
188 
188 
186 
186 
244 
324 
264 
220 
220 
210 
50 
216 
52 
216 
220 
56 
220 
50 
214 
312 
54 
218 
54 
220 
206 
216 
332 
190 
192 
216 
192 
208 
208 
358 
190 
222 
188 
216 
208 
188 
502 
190 
216 
238 
202 
216 
190 
378 
226 
196 
220 
200 
190 
190 
378 
188 
242 
220 
0 
0 
194 
544 
230 
192 
192 
192 
214 
190 
408 
222 
192 
222 
224 
222 
222 
452 
218 
194 
216 
220 
192 
192 
454 
220 
216 
220 
194 
214 
218 
592 
192 
222 
220 
192 
192 
192 
458 
220 
192 
214 
218 
196 
190 
486 
222 
194 
202 
56 
194 
222 
56 
220 
56 
218 
218 
56 
218 
496 
0 
222 
56 
220 
222 
54 
454 
238 
192 
220 
204 
222 
224 
682 
190 
192 
192 
220 
192 
218 
506 
224 
224 
192 
192 
206 
192 
470 
200 
222 
192 
222 
218 
218 
502 
196 
192 
222 
190 
226 
190 
494 
214 
220 
190 
222 
222 
192 
522 
218 
226 
224 
190 
220 
220 
574 
222 
222 
222 
192 
192 
192 
546 
210 
192 
192 
214 
220 
222 
192 
192 
222 
220 
222 
220 
222 
564 
220 
190 
220 
206 
222 
196 
972 
194 
210 
192 
208 
58 
228 
588 
58 
258 
54 
192 
224 
56 
56 
218 
54 
222 
220 
56 
194 
618 
192 
212 
220 
220 
218 
222 
582 
220 
218 
218 
214 
216 
220 
192 
194 
232 
198 
190 
194 
196 
630 
222 
220 
222 
218 
192 
222 
192 
220 
220 
234 
228 
192 
192 
606 
190 
194 
230 
220 
192 
222 
734 
194 
192 
192 
192 
220 
222 
192 
192 
194 
192 
216 
220 
196 
630 
224 
220 
210 
192 
220 
222 
620 
208 
220 
220 
192 
216 
220 
648 
192 
218 
194 
222 
190 
222 
192 
222 
192 
58 
208 
218 
58 
192 
56 
212 
198 
56 
192 
54 
712 
208 
54 
192 
222 
188 
192 
694 
224 
220 
222 
210 
226 
224 
196 
186 
220 
192 
222 
198 
222 
216 
192 
192 
222 
212 
216 
214 
220 
192 
220 
192 
222 
194 
222 
214 
234 
232 
194 
192 
222 
192 
220 
190 
192 
190 
192 
220 
200 
210 
230 
230 
220 
222 
192 
196 
220 
192 
220 
222 
220 
218 
226 
224 
192 
222 
192 
220 
204 
194 
222 
222 
224 
192 
220 
210 
222 
224 
190 
218 
192 
188 
220 
222 
220 
58 
224 
56 
220 
218 
54 
222 
60 
194 
220 
60 
192 
56 
222 
198 
204 
196 
242 
188 
204 
220 
192 
226 
192 
218 
200 
198 
194 
194 
218 
224 
204 
192 
192 
192 
224 
216 
224 
220 
220 
208 
222 
192 
192 
204 
222 
192 
218 
212 
194 
220 
220 
190 
208 
216 
218 
194 
190 
214 
206 
222 
188 
206 
212 
210 
238 
212 
208 
300 
208 
244 
192 
218 
192 
218 
220 
222 
192 
220 
236 
224 
222 
196 
220 
192 
210 
224 
196 
192 
218 
194 
192 
194 
222 
220 
56 
222 
132 
56 
218 
54 
218 
220 
56 
220 
130 
58 
220 
56 
222 
210 
226 
192 
192 
194 
192 
234 
210 
192 
220 
192 
216 
222 
192 
194 
192 
222 
220 
196 
218 
198 
222 
220 
238 
224 
220 
198 
192 
218 
220 
220 
190 
226 
222 
220 
218 
218 
218 
192 
222 
192 
218 
208 
220 
224 
220 
220 
220 
222 
192 
240 
220 
192 
218 
192 
194 
192 
206 
218 
190 
220 
220 
220 
208 
222 
350 
194 
192 
192 
220 
224 
190 
232 
192 
196 
226 
220 
192 
222 
224 
222 
54 
224 
222 
56 
218 
220 
54 
220 
56 
222 
218 
58 
224 
58 
222 
192 
204 
214 
220 
222 
220 
216 
222 
210 
194 
192 
192 
194 
264 
214 
218 
228 
248 
220 
218 
212 
220 
234 
192 
198 
222 
192 
220 
218 
218 
216 
222 
220 
222 
192 
192 
192 
192 
192 
222 
192 
220 
220 
222 
220 
218 
226 
194 
222 
220 
222 
198 
192 
222 
192 
220 
222 
214 
216 
192 
208 
192 
206 
220 
200 
332 
212 
194 
200 
222 
220 
192 
194 
220 
216 
218 
206 
220 
190 
224 
54 
220 
218 
58 
220 
54 
210 
218 
56 
220 
220 
58 
220 
54 
224 
222 
52 
214 
222 
192 
192 
194 
216 
196 
194 
218 
202 
210 
192 
220 
196 
210 
220 
192 
214 
230 
220 
210 
218 
202 
222 
192 
208 
222 
222 
190 
222 
222 
214 
192 
220 
222 
192 
222 
192 
208 
192 
192 
220 
222 
192 
190 
192 
220 
198 
220 
218 
222 
230 
230 
192 
220 
220 
192 
222 
194 
190 
222 
192 
220 
196 
224 
222 
208 
240 
196 
190 
304 
192 
192 
208 
220 
192 
220 
220 
220 
222 
212 
224 
52 
218 
216 
218 
218 
58 
220 
220 
52 
220 
56 
220 
208 
52 
222 
54 
220 
218 
54 
208 
196 
220 
220 
188 
224 
220 
196 
194 
196 
192 
236 
192 
192 
212 
194 
194 
210 
240 
192 
216 
212 
224 
194 
224 
222 
222 
188 
192 
194 
244 
222 
192 
222 
220 
190 
196 
194 
194 
226 
220 
192 
210 
192 
194 
192 
220 
222 
212 
196 
192 
192 
222 
224 
192 
220 
214 
220 
374 
226 
192 
220 
218 
208 
230 
194 
218 
192 
192 
192 
190 
188 
192 
222 
222 
218 
222 
208 
220 
192 
54 
226 
220 
56 
210 
56 
220 
220 
58 
220 
216 
56 
222 
56 
222 
196 
194 
220 
208 
220 
386 
218 
220 
220 
220 
190 
222 
250 
222 
200 
220 
222 
190 
224 
430 
220 
198 
204 
208 
192 
210 
226 
194 
214 
224 
192 
192 
218 
216 
196 
220 
210 
218 
208 
220 
228 
214 
220 
222 
222 
220 
222 
232 
192 
220 
192 
222 
192 
244 
316 
192 
190 
222 
222 
192 
218 
322 
194 
194 
222 
224 
192 
218 
242 
190 
220 
198 
194 
190 
192 
462 
192 
190 
206 
194 
56 
208 
214 
56 
222 
58 
220 
208 
56 
230 
58 
222 
220 
56 
208 
192 
260 
204 
192 
220 
222 
190 
222 
322 
192 
202 
236 
214 
222 
224 
304 
190 
222 
188 
220 
192 
220 
468 
210 
192 
222 
220 
196 
194 
310 
202 
192 
194 
212 
210 
194 
388 
194 
246 
220 
222 
210 
192 
324 
198 
220 
194 
224 
208 
220 
536 
218 
6320 
198 
210 
208 
220 
582 
220 
196 
202 
194 
198 
192 
390 
192 
222 
220 
196 
220 
220 
374 
192 
192 
192 
192 
192 
192 
408 
192 
220 
54 
242 
54 
190 
526 
56 
210 
54 
504 
210 
58 
376 
56 
234 
196 
192 
210 
212 
428 
212 
192 
222 
192 
208 
222 
408 
220 
208 
218 
210 
214 
192 
402 
214 
192 
220 
218 
208 
222 
396 
192 
218 
222 
212 
222 
218 
592 
222 
220 
220 
192 
192 
208 
190 
208 
192 
222 
208 
226 
210 
484 
222 
192 
234 
192 
222 
218 
434 
190 
192 
196 
192 
220 
220 
656 
196 
222 
224 
220 
218 
222 
452 
192 
196 
244 
220 
222 
192 
604 
222 
196 
190 
192 
192 
196 
54 
222 
222 
54 
220 
58 
192 
658 
54 
192 
58 
224 
196 
60 
192 
218 
208 
220 
198 
222 
194 
590 
220 
220 
220 
224 
228 
192 
542 
222 
220 
224 
224 
220 
236 
194 
220 
192 
220 
224 
242 
192 
542 
222 
222 
218 
220 
218 
222 
550 
224 
192 
224 
218 
224 
226 
554 
220 
212 
216 
224 
192 
192 
550 
192 
192 
192 
220 
210 
192 
194 
222 
220 
222 
194 
192 
206 
566 
196 
196 
222 
220 
218 
222 
638 
194 
194 
222 
220 
220 
202 
192 
210 
192 
218 
58 
216 
56 
570 
218 
56 
192 
240 
192 
190 
624 
210 
216 
204 
214 
192 
208 
662 
204 
220 
208 
226 
192 
190 
582 
212 
194 
194 
196 
190 
218 
726 
192 
222 
192 
222 
222 
220 
730 
192 
190 
218 
216 
218 
190 
638 
218 
208 
224 
192 
220 
220 
194 
192 
192 
222 
218 
222 
220 
680 
222 
220 
220 
190 
192 
216 
194 
206 
210 
192 
214 
216 
222 
680 
220 
218 
220 
222 
220 
218 
192 
192 
228 
192 
220 
222 
220 
710 
220 
218 
222 
222 
192 
212 
220 
222 
220 
218 
222 
220 
218 
222 
224 
222 
222 
220 
218 
222 
222 
220 
220 
220 
218 
222 
220 
218 
190 
220 
192 
210 
214 
224 
224 
194 
216 
198 
210 
222 
220 
220 
222 
218 
220 
220 
220 
220 
220 
222 
222 
222 
222 
220 
192 
190 
192 
220 
210 
220 
226 
214 
198 
224 
222 
192 
194 
220 
218 
200 
212 
224 
220 
218 
218 
218 
220 
222 
208 
212 
192 
192 
640 
194 
190 
208 
220 
210 
222 
208 
222 
196 
220 
222 
208 
220 
220 
222 
220 
218 
218 
220 
242 
192 
198 
222 
220 
222 
222 
220 
218 
220 
222 
312 
220 
192 
216 
218 
222 
218 
220 
218 
224 
222 
212 
220 
222 
220 
218 
208 
220 
222 
220 
210 
210 
208 
210 
224 
210 
192 
218 
208 
220 
210 
220 
220 
222 
226 
220 
218 
218 
222 
220 
222 
226 
208 
210 
220 
218 
218 
222 
220 
220 
218 
202 
192 
212 
192 
210 
194 
220 
208 
220 
220 
222 
222 
192 
192 
220 
210 
268 
210 
214 
244 
210 
188 
210 
220 
194 
218 
220 
192 
220 
208 
220 
220 
220 
222 
206 
210 
208 
220 
198 
206 
210 
192 
224 
220 
220 
220 
228 
222 
192 
220 
220 
214 
220 
220 
202 
200 
206 
224 
220 
220 
222 
214 
192 
192 
216 
206 
218 
208 
208 
214 
220 
204 
206 
218 
218 
220 
208 
246 
192 
220 
220 
220 
220 
220 
218 
210 
208 
220 
220 
222 
208 
222 
192 
222 
218 
198 
214 
192 
218 
218 
222 
218 
192 
220 
220 
220 
220 
214 
218 
208 
246 
240 
220 
212 
222 
224 
220 
208 
226 
208 
216 
224 
220 
220 
220 
1144 
738 
224 
224 
210 
224 
192 
220 
218 
218 
218 
194 
222 
208 
194 
224 
222 
220 
202 
218 
192 
222 
218 
218 
222 
220 
222 
218 
212 
220 
220 
208 
208 
264 
226 
222 
192 
222 
218 
222 
200 
222 
192 
216 
216 
220 
210 
220 
220 
224 
220 
218 
312 
228 
212 
224 
210 
220 
206 
190 
220 
216 
196 
222 
220 
220 
210 
208 
220 
222 
192 
210 
218 
208 
220 
220 
218 
216 
220 
220 
192 
220 
242 
220 
196 
244 
198 
208 
202 
220 
222 
220 
200 
222 
226 
214 
220 
222 
210 
220 
220 
208 
222 
218 
198 
194 
192 
220 
210 
218 
192 
190 
220 
220 
224 
210 
220 
208 
218 
216 
218 
210 
190 
220 
220 
218 
214 
194 
222 
