# FR-trace starting at Wed Dec 16 18:19:41 2020
################# CONFIG #################
# slot=10000
# samples=5000
# threshold=100
# idle=500
# minlen=500
# runs=60000
# pdathreads=3
# nmonitored=1
#   monitor0=/usr/local/lib/libcrypto.so 799838 0xc345e
# nevicted=0
# npdatargets=1
#   target0=/usr/local/lib/libcrypto.so 750148 0xb7244
# affinity=all
############## SYSTEM INFO ###############
# mastik_version=
# sysname=Linux
# nodename=5997f38f2dda
# release=5.4.0-56-generic
# version=#62-Ubuntu SMP Mon Nov 23 19:20:19 UTC 2020
# machine=x86_64
################## DATA ##################
# run=0
# datapoints=3092
56 
196 
220 
414 
218 
194 
222 
220 
194 
192 
414 
192 
224 
208 
192 
214 
192 
408 
194 
222 
224 
224 
212 
208 
534 
188 
208 
222 
246 
208 
224 
390 
220 
222 
54 
220 
56 
218 
652 
54 
220 
54 
220 
210 
56 
560 
192 
188 
192 
192 
192 
196 
440 
222 
192 
218 
220 
194 
220 
460 
222 
204 
192 
216 
194 
220 
452 
218 
192 
222 
190 
58 
194 
514 
192 
192 
208 
192 
224 
208 
498 
218 
222 
222 
192 
192 
218 
586 
196 
192 
220 
218 
190 
192 
666 
210 
208 
240 
220 
220 
228 
496 
242 
196 
194 
238 
218 
218 
582 
190 
206 
220 
192 
192 
218 
604 
222 
242 
222 
222 
220 
222 
504 
228 
192 
220 
56 
220 
240 
56 
192 
54 
220 
220 
56 
218 
504 
56 
220 
58 
218 
218 
54 
678 
192 
56 
196 
196 
192 
220 
552 
270 
192 
192 
238 
222 
218 
594 
220 
192 
218 
192 
222 
224 
594 
218 
230 
210 
192 
228 
192 
588 
222 
218 
220 
192 
224 
192 
566 
222 
192 
192 
192 
226 
194 
620 
222 
192 
192 
220 
220 
218 
724 
194 
192 
192 
210 
192 
208 
572 
194 
266 
192 
220 
260 
220 
192 
222 
192 
192 
222 
194 
218 
606 
196 
192 
212 
220 
202 
192 
602 
224 
194 
192 
216 
192 
220 
54 
218 
218 
52 
222 
220 
54 
666 
54 
224 
222 
54 
220 
56 
628 
192 
190 
198 
196 
218 
212 
194 
216 
194 
192 
220 
196 
222 
192 
192 
220 
194 
220 
192 
190 
668 
218 
222 
192 
192 
220 
218 
674 
226 
224 
192 
188 
192 
224 
714 
222 
220 
192 
222 
220 
198 
710 
196 
224 
218 
192 
220 
192 
190 
218 
212 
236 
192 
190 
218 
210 
192 
220 
208 
192 
192 
218 
248 
220 
206 
220 
192 
192 
210 
192 
192 
220 
224 
192 
190 
220 
220 
242 
194 
190 
222 
52 
220 
56 
220 
220 
54 
222 
54 
222 
208 
56 
192 
220 
56 
222 
56 
220 
220 
56 
222 
192 
192 
220 
224 
190 
212 
210 
192 
192 
194 
192 
192 
280 
216 
254 
212 
222 
220 
222 
220 
194 
220 
222 
202 
222 
192 
192 
222 
220 
192 
220 
240 
192 
218 
220 
222 
218 
192 
218 
222 
224 
196 
220 
196 
220 
220 
194 
220 
232 
192 
220 
190 
214 
220 
222 
194 
220 
194 
192 
190 
192 
208 
192 
218 
210 
210 
224 
192 
192 
210 
224 
188 
192 
224 
222 
222 
220 
220 
222 
222 
222 
222 
56 
222 
54 
222 
218 
56 
218 
222 
56 
220 
58 
188 
222 
54 
192 
204 
222 
188 
274 
194 
192 
224 
222 
218 
204 
210 
192 
218 
192 
192 
242 
212 
246 
194 
312 
192 
218 
192 
192 
214 
220 
200 
192 
190 
192 
220 
194 
194 
218 
208 
220 
202 
220 
220 
222 
218 
192 
222 
220 
220 
222 
288 
218 
210 
196 
190 
220 
198 
194 
220 
220 
222 
222 
220 
194 
220 
192 
202 
192 
222 
206 
194 
196 
220 
220 
194 
222 
210 
222 
192 
208 
240 
218 
220 
222 
222 
54 
220 
224 
56 
220 
56 
218 
194 
54 
208 
220 
56 
222 
54 
218 
196 
220 
212 
222 
212 
216 
222 
194 
192 
190 
220 
208 
198 
196 
198 
218 
222 
192 
192 
192 
212 
196 
210 
192 
228 
220 
290 
222 
210 
194 
222 
208 
218 
220 
192 
218 
192 
192 
192 
212 
222 
192 
222 
192 
228 
194 
224 
220 
218 
218 
192 
192 
294 
188 
210 
220 
196 
192 
218 
220 
192 
208 
194 
220 
222 
224 
192 
238 
206 
208 
190 
192 
220 
188 
220 
210 
222 
214 
248 
220 
224 
56 
222 
222 
54 
220 
54 
220 
220 
54 
222 
224 
56 
222 
56 
218 
220 
54 
220 
56 
220 
218 
56 
208 
240 
54 
210 
198 
210 
192 
192 
222 
222 
220 
220 
220 
220 
220 
216 
222 
216 
220 
214 
192 
208 
220 
212 
322 
192 
192 
214 
210 
210 
192 
220 
216 
218 
220 
216 
192 
220 
222 
194 
212 
194 
192 
192 
220 
194 
192 
220 
222 
192 
220 
192 
192 
194 
220 
196 
208 
236 
220 
224 
192 
218 
192 
212 
218 
192 
194 
208 
192 
190 
194 
212 
192 
194 
246 
222 
192 
192 
194 
192 
220 
218 
194 
194 
56 
222 
54 
218 
220 
56 
218 
58 
224 
220 
58 
220 
222 
54 
210 
218 
196 
222 
194 
192 
218 
212 
192 
194 
218 
210 
220 
192 
190 
192 
198 
224 
210 
192 
200 
212 
208 
194 
220 
192 
192 
264 
190 
238 
192 
198 
218 
216 
222 
192 
210 
192 
192 
210 
222 
220 
192 
220 
280 
232 
218 
222 
222 
192 
192 
192 
222 
208 
222 
198 
210 
196 
284 
192 
192 
196 
222 
208 
188 
192 
220 
218 
192 
210 
208 
218 
192 
192 
190 
310 
230 
210 
218 
232 
278 
54 
284 
60 
208 
220 
56 
222 
220 
54 
220 
52 
220 
222 
58 
222 
216 
218 
212 
238 
186 
220 
192 
196 
220 
220 
192 
306 
222 
208 
220 
194 
194 
220 
196 
192 
222 
216 
192 
192 
220 
56 
216 
192 
192 
240 
254 
204 
428 
220 
192 
208 
230 
198 
192 
338 
220 
218 
190 
218 
202 
222 
254 
216 
192 
192 
194 
210 
222 
402 
222 
242 
218 
218 
208 
222 
424 
220 
192 
192 
220 
192 
194 
204 
224 
192 
216 
230 
210 
220 
230 
192 
218 
222 
224 
194 
54 
214 
208 
58 
220 
58 
244 
190 
60 
210 
222 
56 
220 
214 
222 
218 
218 
220 
192 
194 
190 
192 
304 
192 
222 
220 
192 
208 
222 
260 
192 
218 
192 
220 
190 
208 
246 
212 
222 
222 
222 
210 
192 
582 
216 
192 
212 
210 
192 
190 
394 
220 
220 
198 
194 
212 
204 
284 
196 
192 
194 
194 
210 
216 
458 
220 
210 
200 
192 
190 
222 
318 
192 
192 
194 
210 
198 
222 
516 
192 
214 
220 
192 
226 
222 
336 
192 
192 
232 
222 
192 
192 
344 
222 
54 
188 
0 
0 
0 
526 
54 
206 
52 
220 
190 
56 
350 
56 
216 
196 
54 
200 
54 
364 
218 
56 
222 
54 
206 
218 
56 
218 
218 
218 
218 
210 
192 
410 
222 
190 
218 
218 
190 
216 
528 
190 
188 
196 
190 
186 
220 
478 
192 
218 
190 
208 
206 
190 
600 
188 
216 
204 
186 
190 
218 
402 
190 
246 
190 
212 
222 
188 
476 
190 
222 
220 
220 
202 
190 
412 
216 
218 
192 
218 
206 
190 
422 
204 
190 
218 
190 
206 
202 
420 
190 
192 
192 
190 
212 
190 
464 
206 
188 
216 
188 
220 
206 
452 
198 
218 
214 
54 
218 
56 
530 
188 
52 
208 
56 
216 
220 
54 
218 
54 
188 
210 
220 
194 
494 
218 
190 
188 
192 
192 
216 
524 
216 
190 
190 
220 
190 
218 
504 
218 
190 
240 
190 
192 
216 
536 
188 
188 
218 
190 
222 
218 
550 
220 
214 
208 
230 
216 
190 
190 
202 
190 
220 
192 
208 
226 
550 
210 
208 
190 
190 
192 
220 
190 
220 
192 
186 
190 
192 
188 
562 
220 
190 
190 
190 
218 
190 
522 
194 
216 
216 
218 
214 
194 
702 
220 
214 
206 
214 
52 
220 
50 
218 
220 
56 
220 
54 
216 
564 
52 
218 
54 
190 
208 
192 
674 
192 
192 
188 
220 
214 
190 
192 
188 
222 
216 
190 
218 
218 
598 
190 
190 
208 
190 
220 
190 
674 
218 
216 
200 
218 
190 
218 
188 
218 
190 
214 
264 
220 
202 
190 
218 
218 
186 
190 
214 
234 
190 
218 
214 
220 
218 
220 
218 
642 
188 
208 
190 
194 
216 
204 
660 
220 
188 
220 
220 
190 
192 
192 
196 
190 
220 
218 
218 
190 
700 
218 
190 
220 
192 
190 
52 
708 
54 
216 
218 
54 
218 
56 
204 
218 
54 
218 
52 
218 
218 
52 
218 
50 
218 
154 
208 
190 
220 
190 
194 
188 
206 
190 
190 
710 
192 
198 
334 
220 
218 
218 
190 
192 
190 
214 
220 
188 
220 
190 
190 
214 
220 
188 
218 
218 
712 
188 
220 
216 
188 
220 
220 
220 
204 
220 
188 
222 
192 
190 
190 
218 
190 
218 
218 
216 
216 
220 
216 
220 
218 
190 
190 
188 
194 
212 
218 
190 
198 
240 
190 
220 
190 
220 
188 
222 
218 
220 
188 
188 
218 
190 
218 
216 
216 
54 
216 
220 
54 
218 
56 
218 
222 
52 
216 
56 
208 
216 
54 
190 
216 
202 
190 
220 
218 
190 
218 
188 
222 
190 
220 
190 
192 
190 
192 
190 
200 
220 
188 
204 
192 
190 
206 
220 
220 
220 
190 
218 
190 
218 
216 
222 
220 
188 
212 
218 
210 
218 
222 
216 
220 
188 
218 
216 
190 
206 
890 
0 
0 
0 
192 
222 
218 
192 
192 
224 
218 
226 
222 
224 
208 
196 
220 
218 
210 
218 
194 
198 
208 
194 
220 
210 
190 
224 
208 
220 
192 
224 
226 
212 
196 
218 
192 
54 
220 
54 
222 
222 
56 
222 
54 
226 
224 
0 
220 
222 
58 
220 
56 
192 
208 
218 
218 
218 
196 
234 
220 
224 
202 
192 
208 
216 
214 
204 
220 
214 
220 
224 
192 
208 
192 
192 
290 
190 
192 
220 
218 
208 
218 
190 
222 
220 
226 
220 
222 
208 
190 
218 
220 
222 
220 
192 
192 
220 
220 
218 
190 
220 
220 
224 
192 
222 
194 
194 
220 
208 
224 
210 
194 
216 
218 
210 
220 
218 
192 
198 
190 
216 
212 
190 
228 
212 
230 
192 
192 
226 
222 
192 
194 
194 
192 
54 
220 
220 
54 
222 
54 
220 
220 
54 
222 
54 
222 
220 
58 
220 
222 
192 
220 
232 
206 
218 
192 
210 
196 
194 
216 
224 
196 
192 
220 
218 
218 
222 
220 
192 
194 
212 
210 
192 
212 
210 
190 
192 
196 
228 
232 
192 
216 
240 
220 
192 
222 
226 
220 
194 
208 
192 
222 
204 
220 
192 
192 
194 
224 
218 
192 
196 
202 
218 
208 
190 
208 
188 
192 
200 
220 
210 
192 
222 
192 
192 
194 
222 
192 
208 
196 
226 
194 
194 
192 
192 
192 
220 
236 
196 
208 
244 
52 
0 
0 
0 
220 
216 
52 
210 
54 
214 
218 
54 
220 
52 
206 
218 
52 
190 
190 
188 
218 
190 
220 
192 
186 
190 
190 
216 
206 
218 
210 
220 
188 
216 
218 
206 
190 
190 
194 
220 
236 
210 
210 
188 
220 
52 
188 
52 
218 
210 
56 
218 
52 
218 
214 
52 
210 
56 
188 
220 
190 
220 
220 
204 
218 
190 
220 
192 
192 
220 
190 
190 
224 
220 
218 
216 
214 
202 
208 
190 
218 
202 
188 
52 
54 
218 
252 
220 
188 
218 
188 
206 
218 
206 
188 
196 
238 
188 
206 
288 
224 
218 
192 
190 
384 
190 
218 
190 
218 
220 
214 
190 
204 
188 
286 
222 
218 
216 
210 
210 
190 
190 
190 
190 
216 
224 
196 
204 
194 
220 
206 
194 
204 
208 
236 
288 
216 
190 
52 
218 
208 
54 
218 
54 
208 
210 
56 
208 
54 
214 
208 
54 
198 
212 
208 
220 
188 
216 
190 
220 
190 
208 
190 
190 
210 
186 
192 
194 
190 
218 
324 
218 
220 
190 
218 
190 
220 
290 
210 
218 
190 
230 
206 
216 
190 
218 
220 
192 
190 
204 
220 
218 
214 
220 
218 
186 
192 
190 
306 
210 
194 
212 
262 
194 
194 
444 
202 
222 
218 
216 
188 
218 
450 
216 
220 
222 
218 
208 
220 
200 
218 
220 
224 
214 
208 
190 
212 
220 
220 
220 
54 
208 
206 
54 
218 
56 
218 
220 
54 
218 
54 
220 
216 
54 
218 
222 
206 
490 
188 
188 
242 
190 
228 
260 
284 
188 
190 
192 
204 
192 
216 
232 
192 
190 
220 
216 
190 
220 
430 
216 
218 
192 
192 
190 
190 
492 
218 
220 
210 
228 
206 
188 
426 
188 
200 
224 
192 
208 
192 
392 
188 
216 
218 
220 
190 
218 
298 
212 
196 
190 
218 
202 
188 
478 
190 
202 
238 
222 
214 
192 
462 
216 
226 
222 
188 
222 
194 
342 
218 
220 
206 
220 
206 
54 
322 
54 
218 
218 
52 
210 
54 
340 
220 
50 
208 
54 
206 
220 
52 
194 
220 
186 
220 
210 
208 
490 
196 
190 
192 
190 
204 
190 
362 
208 
218 
188 
192 
188 
238 
346 
218 
220 
200 
218 
202 
216 
350 
218 
220 
220 
218 
206 
222 
520 
190 
194 
224 
192 
194 
188 
534 
190 
220 
190 
308 
188 
186 
376 
210 
208 
222 
190 
208 
194 
548 
192 
190 
206 
206 
238 
218 
410 
190 
244 
222 
192 
212 
216 
636 
190 
190 
190 
218 
218 
200 
442 
190 
52 
220 
218 
54 
218 
52 
216 
218 
52 
218 
52 
216 
452 
50 
220 
52 
216 
200 
54 
482 
210 
186 
212 
222 
224 
218 
482 
218 
220 
206 
218 
198 
220 
488 
208 
208 
206 
190 
206 
190 
598 
220 
268 
198 
188 
240 
220 
0 
0 
0 
220 
218 
224 
206 
514 
246 
220 
216 
192 
220 
192 
716 
192 
196 
220 
192 
192 
222 
698 
210 
220 
210 
222 
222 
194 
530 
224 
220 
218 
220 
222 
192 
686 
196 
194 
192 
192 
296 
210 
536 
222 
240 
222 
226 
192 
214 
540 
222 
220 
192 
222 
220 
56 
504 
56 
224 
220 
54 
222 
56 
530 
220 
56 
220 
56 
194 
218 
728 
222 
220 
226 
190 
192 
212 
840 
222 
192 
192 
222 
218 
220 
592 
220 
226 
218 
194 
192 
196 
194 
194 
210 
190 
238 
220 
206 
612 
190 
192 
194 
192 
190 
222 
718 
192 
190 
190 
192 
192 
234 
662 
192 
192 
226 
192 
192 
220 
616 
194 
192 
220 
218 
272 
218 
706 
216 
192 
222 
224 
196 
222 
648 
190 
222 
218 
222 
208 
192 
664 
208 
196 
192 
196 
192 
222 
192 
200 
220 
54 
222 
54 
220 
656 
56 
220 
54 
224 
220 
54 
736 
60 
190 
194 
216 
222 
220 
194 
222 
224 
222 
218 
204 
220 
192 
194 
220 
218 
220 
192 
220 
660 
210 
222 
224 
220 
220 
218 
674 
226 
206 
190 
208 
208 
208 
192 
224 
220 
218 
226 
220 
190 
710 
222 
222 
220 
220 
192 
218 
198 
192 
196 
192 
196 
198 
220 
224 
222 
192 
192 
222 
194 
192 
206 
222 
228 
200 
210 
216 
190 
190 
196 
0 
0 
0 
218 
220 
218 
186 
188 
218 
202 
190 
206 
206 
210 
52 
220 
56 
208 
210 
52 
220 
52 
218 
220 
54 
220 
54 
190 
208 
214 
218 
190 
230 
218 
188 
216 
194 
188 
226 
206 
220 
220 
218 
188 
190 
208 
220 
212 
210 
220 
220 
220 
218 
210 
190 
190 
206 
218 
218 
190 
206 
192 
188 
188 
222 
192 
220 
218 
192 
190 
220 
190 
188 
216 
218 
220 
218 
192 
202 
188 
218 
190 
188 
188 
218 
192 
216 
188 
190 
218 
218 
212 
218 
216 
188 
218 
220 
192 
216 
192 
220 
188 
206 
190 
190 
220 
218 
50 
222 
54 
222 
220 
54 
210 
52 
208 
212 
54 
218 
54 
206 
208 
218 
194 
216 
242 
190 
192 
218 
218 
190 
202 
200 
216 
200 
190 
218 
214 
192 
220 
190 
222 
190 
218 
192 
218 
216 
198 
218 
196 
206 
208 
218 
220 
218 
216 
190 
190 
218 
188 
216 
192 
190 
206 
188 
194 
194 
206 
194 
278 
190 
316 
216 
206 
226 
190 
216 
218 
218 
188 
188 
218 
190 
218 
208 
222 
190 
190 
190 
216 
192 
218 
220 
218 
192 
220 
222 
218 
192 
54 
220 
52 
218 
220 
54 
192 
190 
208 
192 
200 
190 
218 
186 
222 
190 
216 
206 
210 
208 
194 
220 
212 
196 
220 
222 
216 
218 
220 
218 
210 
218 
186 
218 
210 
214 
218 
218 
0 
0 
194 
220 
218 
220 
220 
218 
192 
192 
192 
196 
200 
210 
190 
222 
192 
220 
204 
192 
216 
220 
192 
222 
220 
194 
222 
220 
210 
220 
210 
194 
192 
192 
192 
220 
222 
214 
200 
238 
192 
208 
222 
192 
232 
218 
212 
222 
190 
220 
218 
218 
220 
220 
218 
222 
192 
224 
220 
224 
220 
210 
220 
220 
194 
222 
210 
220 
208 
220 
222 
218 
226 
220 
222 
210 
222 
222 
222 
220 
212 
222 
214 
220 
220 
220 
220 
220 
210 
212 
190 
222 
208 
220 
220 
224 
212 
218 
220 
220 
220 
218 
222 
208 
224 
204 
222 
220 
220 
214 
212 
222 
220 
210 
192 
196 
192 
198 
218 
232 
192 
222 
208 
220 
210 
224 
194 
220 
210 
222 
220 
208 
218 
222 
240 
220 
210 
276 
212 
220 
210 
216 
222 
220 
196 
206 
220 
208 
230 
218 
222 
220 
212 
220 
222 
194 
222 
214 
220 
210 
220 
220 
210 
220 
222 
218 
210 
212 
222 
220 
220 
222 
222 
210 
218 
222 
222 
218 
222 
222 
208 
218 
222 
222 
220 
220 
222 
212 
222 
220 
220 
224 
210 
218 
208 
222 
218 
220 
220 
220 
220 
212 
220 
204 
226 
220 
224 
222 
210 
216 
220 
222 
220 
222 
220 
208 
220 
0 
0 
0 
192 
202 
208 
220 
190 
218 
218 
204 
188 
206 
218 
216 
208 
248 
214 
208 
206 
192 
404 
214 
218 
220 
208 
206 
222 
216 
218 
218 
198 
220 
206 
208 
192 
214 
208 
220 
192 
192 
220 
360 
220 
214 
218 
218 
238 
192 
370 
220 
210 
198 
190 
206 
192 
386 
206 
218 
220 
216 
206 
222 
190 
222 
222 
206 
186 
210 
208 
292 
200 
194 
324 
208 
192 
194 
206 
218 
238 
212 
226 
206 
218 
192 
218 
218 
192 
218 
204 
204 
218 
196 
216 
216 
220 
206 
192 
190 
236 
216 
218 
220 
496 
220 
192 
218 
212 
218 
192 
192 
220 
214 
218 
220 
208 
190 
208 
204 
206 
190 
194 
190 
206 
206 
234 
218 
196 
216 
208 
220 
190 
188 
490 
188 
214 
218 
218 
188 
218 
260 
322 
192 
216 
220 
208 
190 
274 
190 
206 
218 
190 
206 
190 
264 
208 
218 
208 
190 
204 
190 
400 
218 
216 
218 
196 
206 
196 
316 
204 
216 
188 
220 
208 
196 
270 
244 
216 
204 
190 
208 
206 
278 
208 
218 
218 
216 
208 
224 
270 
206 
208 
218 
210 
206 
218 
286 
218 
220 
218 
220 
208 
218 
288 
206 
272 
218 
220 
210 
218 
430 
190 
218 
218 
220 
208 
208 
572 
214 
220 
236 
206 
212 
206 
300 
214 
204 
218 
220 
206 
204 
196 
218 
196 
204 
218 
208 
216 
306 
230 
218 
220 
218 
206 
188 
360 
218 
224 
218 
218 
208 
