# FR-trace starting at Wed Dec 16 18:19:16 2020
################# CONFIG #################
# slot=10000
# samples=5000
# threshold=100
# idle=500
# minlen=500
# runs=60000
# pdathreads=3
# nmonitored=1
#   monitor0=/usr/local/lib/libcrypto.so 799838 0xc345e
# nevicted=0
# npdatargets=1
#   target0=/usr/local/lib/libcrypto.so 750148 0xb7244
# affinity=all
############## SYSTEM INFO ###############
# mastik_version=
# sysname=Linux
# nodename=5997f38f2dda
# release=5.4.0-56-generic
# version=#62-Ubuntu SMP Mon Nov 23 19:20:19 UTC 2020
# machine=x86_64
################## DATA ##################
# run=0
# datapoints=3118
54 
264 
192 
218 
222 
208 
218 
230 
514 
212 
238 
198 
220 
194 
218 
590 
218 
190 
192 
210 
220 
220 
582 
190 
220 
190 
192 
192 
52 
520 
220 
224 
56 
196 
220 
218 
52 
222 
222 
52 
220 
52 
218 
512 
50 
218 
220 
190 
226 
224 
552 
222 
222 
220 
188 
220 
216 
194 
222 
192 
192 
244 
194 
192 
198 
224 
192 
220 
230 
208 
202 
540 
218 
194 
216 
218 
218 
220 
720 
202 
222 
220 
216 
216 
220 
194 
212 
196 
190 
220 
218 
190 
750 
218 
222 
222 
206 
562 
210 
738 
192 
192 
196 
212 
210 
218 
656 
216 
216 
190 
220 
198 
210 
192 
190 
218 
190 
218 
224 
220 
632 
220 
192 
192 
218 
192 
218 
52 
224 
218 
50 
216 
162 
220 
648 
52 
218 
222 
52 
220 
52 
632 
220 
50 
222 
54 
220 
216 
192 
220 
218 
204 
194 
214 
192 
650 
188 
220 
192 
218 
192 
192 
194 
240 
206 
258 
302 
232 
218 
198 
216 
212 
220 
218 
218 
220 
676 
192 
194 
220 
194 
222 
230 
194 
220 
218 
220 
220 
224 
216 
192 
222 
218 
220 
218 
226 
222 
750 
202 
230 
224 
210 
214 
220 
696 
194 
222 
188 
220 
216 
192 
188 
222 
216 
192 
208 
210 
198 
684 
192 
218 
222 
220 
208 
218 
714 
194 
222 
52 
218 
190 
52 
730 
52 
218 
220 
52 
220 
52 
220 
218 
52 
224 
218 
218 
192 
222 
208 
218 
194 
204 
222 
218 
218 
192 
192 
238 
216 
220 
218 
220 
190 
202 
194 
244 
208 
208 
220 
220 
194 
208 
192 
216 
190 
220 
192 
218 
202 
220 
224 
196 
218 
194 
194 
244 
200 
220 
218 
194 
220 
220 
218 
218 
196 
222 
188 
218 
220 
236 
192 
192 
222 
218 
222 
218 
218 
220 
244 
226 
192 
194 
220 
218 
192 
220 
222 
196 
196 
210 
196 
206 
218 
214 
218 
54 
218 
56 
220 
222 
50 
262 
218 
54 
222 
52 
220 
220 
52 
224 
54 
222 
222 
52 
188 
192 
204 
190 
224 
222 
222 
192 
220 
222 
194 
224 
190 
224 
206 
192 
216 
218 
218 
218 
204 
220 
194 
194 
192 
222 
194 
200 
194 
204 
232 
206 
218 
220 
192 
192 
196 
254 
220 
210 
224 
194 
218 
196 
232 
192 
218 
218 
218 
230 
218 
222 
188 
222 
194 
224 
216 
190 
224 
222 
218 
192 
218 
194 
208 
206 
220 
192 
218 
220 
224 
190 
222 
194 
196 
194 
206 
192 
218 
210 
206 
216 
216 
54 
224 
52 
220 
218 
50 
288 
52 
210 
218 
52 
218 
54 
194 
196 
194 
222 
222 
192 
224 
222 
220 
218 
204 
192 
194 
216 
222 
220 
190 
218 
218 
192 
192 
216 
222 
212 
192 
222 
218 
192 
222 
206 
198 
192 
208 
194 
252 
186 
208 
220 
192 
220 
240 
190 
212 
198 
202 
210 
220 
198 
202 
218 
208 
222 
216 
222 
194 
220 
192 
236 
220 
192 
222 
222 
220 
220 
222 
192 
222 
220 
226 
222 
882 
0 
0 
0 
216 
190 
218 
216 
216 
210 
188 
192 
190 
188 
192 
188 
48 
248 
216 
50 
220 
52 
218 
48 
216 
216 
50 
258 
48 
206 
204 
190 
216 
218 
218 
218 
196 
204 
216 
212 
190 
190 
188 
192 
206 
190 
216 
188 
216 
214 
220 
208 
218 
190 
188 
192 
190 
216 
194 
216 
204 
188 
188 
204 
194 
190 
208 
210 
288 
214 
188 
186 
204 
218 
218 
218 
218 
210 
216 
206 
192 
220 
218 
216 
194 
200 
192 
188 
218 
186 
190 
190 
204 
192 
206 
194 
224 
218 
202 
214 
208 
192 
188 
252 
192 
208 
190 
204 
216 
220 
50 
220 
48 
216 
192 
48 
190 
50 
218 
204 
54 
206 
48 
218 
220 
50 
214 
52 
200 
208 
50 
208 
50 
216 
218 
206 
220 
192 
216 
192 
218 
190 
208 
216 
192 
220 
222 
216 
192 
186 
216 
354 
220 
190 
192 
186 
188 
190 
190 
214 
220 
220 
192 
204 
216 
192 
206 
192 
284 
190 
258 
186 
188 
218 
218 
218 
188 
210 
216 
280 
188 
190 
218 
218 
188 
218 
218 
218 
216 
222 
218 
212 
214 
192 
218 
218 
216 
218 
208 
216 
186 
192 
218 
188 
216 
190 
216 
318 
190 
192 
216 
194 
204 
50 
190 
210 
50 
192 
52 
206 
206 
50 
208 
50 
218 
216 
50 
218 
364 
190 
216 
222 
190 
206 
216 
190 
216 
190 
216 
190 
208 
204 
306 
198 
220 
216 
218 
206 
194 
232 
216 
190 
216 
218 
190 
188 
238 
194 
216 
206 
208 
190 
206 
292 
218 
192 
218 
216 
204 
190 
272 
222 
216 
220 
212 
196 
220 
192 
216 
220 
216 
220 
190 
190 
224 
206 
238 
220 
192 
206 
228 
192 
216 
218 
216 
220 
210 
214 
314 
188 
194 
192 
192 
208 
216 
320 
50 
220 
220 
50 
206 
48 
202 
218 
48 
216 
48 
204 
220 
48 
218 
216 
216 
198 
188 
216 
272 
196 
1580 
232 
220 
186 
192 
474 
190 
190 
218 
206 
190 
216 
278 
190 
218 
218 
218 
206 
192 
288 
192 
192 
188 
190 
220 
190 
292 
192 
216 
220 
220 
194 
218 
306 
194 
218 
190 
216 
194 
218 
326 
220 
218 
218 
190 
188 
236 
458 
190 
220 
206 
190 
192 
218 
320 
186 
216 
192 
222 
208 
188 
326 
192 
190 
188 
216 
206 
206 
320 
190 
186 
50 
220 
204 
52 
292 
48 
216 
222 
50 
206 
50 
342 
276 
188 
188 
218 
188 
220 
410 
216 
220 
192 
212 
208 
186 
492 
220 
216 
202 
220 
204 
216 
346 
208 
186 
240 
194 
210 
188 
518 
194 
222 
216 
196 
192 
218 
364 
190 
218 
218 
190 
220 
190 
404 
218 
190 
190 
218 
220 
220 
490 
230 
192 
216 
216 
206 
188 
422 
190 
208 
190 
192 
220 
218 
484 
192 
220 
192 
222 
190 
288 
446 
214 
220 
220 
216 
190 
216 
452 
200 
192 
50 
218 
220 
50 
472 
52 
218 
220 
48 
218 
50 
444 
216 
50 
218 
50 
220 
220 
52 
216 
222 
50 
218 
220 
48 
502 
222 
186 
218 
190 
188 
222 
508 
188 
188 
208 
192 
192 
194 
714 
216 
208 
216 
216 
206 
216 
512 
188 
216 
190 
216 
216 
222 
474 
202 
190 
188 
218 
200 
222 
486 
220 
188 
192 
220 
214 
216 
502 
216 
218 
222 
190 
186 
218 
632 
194 
190 
216 
202 
218 
190 
684 
190 
216 
218 
208 
188 
212 
502 
264 
218 
190 
192 
216 
192 
518 
216 
192 
216 
256 
216 
194 
622 
228 
192 
50 
218 
50 
216 
554 
50 
216 
52 
216 
216 
48 
586 
48 
192 
222 
220 
216 
218 
606 
216 
214 
194 
192 
194 
218 
656 
192 
234 
190 
204 
220 
194 
686 
192 
212 
220 
194 
226 
216 
620 
220 
220 
190 
220 
188 
218 
668 
214 
188 
216 
216 
214 
190 
612 
216 
188 
218 
218 
204 
186 
638 
218 
216 
214 
192 
216 
220 
190 
224 
218 
218 
188 
206 
218 
654 
208 
218 
216 
212 
192 
188 
190 
198 
190 
208 
186 
208 
216 
632 
216 
216 
220 
50 
220 
218 
50 
220 
48 
188 
218 
48 
216 
48 
216 
216 
52 
216 
190 
188 
648 
216 
194 
192 
220 
216 
190 
650 
218 
202 
190 
188 
190 
218 
670 
218 
190 
196 
220 
218 
216 
678 
204 
190 
206 
208 
192 
198 
240 
186 
194 
188 
220 
216 
188 
190 
188 
188 
190 
218 
216 
190 
216 
216 
216 
190 
192 
190 
182 
190 
216 
222 
186 
218 
216 
190 
218 
190 
218 
218 
230 
216 
240 
206 
188 
216 
216 
236 
226 
204 
188 
196 
220 
204 
192 
240 
50 
210 
50 
218 
200 
50 
220 
50 
220 
216 
50 
218 
48 
218 
216 
50 
224 
66 
214 
220 
50 
220 
220 
190 
216 
220 
188 
190 
214 
208 
190 
220 
190 
186 
214 
220 
218 
216 
220 
184 
212 
206 
218 
194 
192 
192 
216 
190 
204 
204 
216 
194 
196 
188 
212 
216 
188 
192 
216 
192 
186 
218 
192 
240 
218 
190 
220 
208 
190 
210 
216 
216 
218 
220 
188 
218 
190 
192 
208 
218 
224 
188 
192 
190 
220 
216 
214 
220 
192 
206 
240 
232 
216 
202 
220 
190 
220 
220 
188 
50 
214 
218 
50 
192 
50 
228 
218 
50 
218 
48 
218 
218 
48 
214 
218 
216 
214 
188 
224 
216 
220 
222 
188 
216 
216 
190 
208 
220 
216 
186 
192 
190 
192 
228 
216 
206 
216 
218 
218 
188 
192 
204 
214 
188 
216 
192 
192 
192 
216 
220 
192 
188 
216 
196 
194 
196 
214 
190 
190 
188 
216 
218 
216 
208 
216 
218 
216 
218 
192 
192 
194 
220 
214 
190 
218 
220 
216 
218 
218 
210 
216 
216 
190 
220 
218 
190 
188 
232 
220 
220 
198 
48 
220 
216 
52 
214 
50 
214 
220 
50 
220 
50 
212 
210 
50 
206 
48 
218 
208 
198 
316 
206 
218 
192 
194 
214 
0 
218 
218 
218 
188 
206 
186 
208 
190 
214 
192 
216 
220 
188 
220 
192 
218 
216 
196 
220 
216 
218 
216 
190 
206 
192 
190 
220 
192 
208 
218 
196 
188 
218 
224 
218 
190 
214 
190 
188 
190 
192 
192 
196 
194 
220 
190 
216 
190 
218 
218 
206 
190 
212 
222 
252 
190 
196 
192 
214 
192 
208 
192 
188 
192 
216 
216 
222 
192 
216 
190 
50 
220 
50 
218 
216 
50 
218 
48 
222 
236 
48 
216 
50 
216 
194 
214 
188 
192 
210 
218 
208 
192 
190 
192 
190 
192 
218 
216 
206 
214 
218 
192 
192 
190 
192 
206 
194 
218 
216 
188 
190 
214 
190 
210 
220 
192 
218 
188 
218 
202 
190 
220 
190 
192 
186 
188 
192 
190 
192 
222 
190 
200 
262 
206 
240 
214 
220 
192 
212 
192 
206 
188 
210 
206 
222 
206 
218 
206 
190 
192 
214 
190 
234 
214 
208 
220 
202 
216 
190 
210 
220 
210 
192 
188 
54 
216 
216 
50 
204 
48 
216 
218 
50 
216 
52 
210 
216 
48 
188 
190 
218 
220 
208 
206 
192 
216 
218 
232 
218 
206 
192 
188 
190 
190 
208 
278 
194 
190 
266 
190 
188 
190 
192 
208 
190 
248 
188 
192 
192 
192 
192 
216 
190 
216 
214 
192 
206 
186 
190 
190 
214 
190 
188 
186 
202 
192 
188 
214 
192 
216 
216 
188 
206 
190 
192 
216 
190 
216 
204 
190 
194 
186 
212 
190 
206 
192 
216 
188 
218 
194 
218 
220 
204 
204 
192 
218 
218 
218 
52 
206 
52 
218 
226 
52 
216 
46 
208 
220 
52 
220 
52 
192 
190 
192 
220 
232 
218 
200 
188 
216 
208 
190 
238 
218 
228 
214 
200 
208 
218 
192 
206 
192 
192 
192 
208 
194 
406 
222 
190 
206 
188 
208 
202 
248 
220 
216 
214 
222 
188 
192 
306 
192 
210 
188 
192 
200 
188 
276 
216 
188 
218 
240 
192 
220 
218 
190 
218 
216 
190 
192 
218 
396 
218 
214 
200 
218 
560 
192 
246 
188 
190 
218 
214 
190 
210 
244 
190 
188 
190 
224 
256 
50 
240 
218 
50 
216 
46 
208 
218 
48 
218 
48 
294 
222 
50 
212 
284 
226 
218 
218 
220 
188 
218 
422 
192 
190 
208 
220 
222 
190 
276 
190 
218 
214 
214 
202 
204 
286 
192 
220 
218 
218 
192 
190 
292 
222 
216 
198 
216 
192 
232 
322 
202 
220 
218 
218 
204 
190 
534 
218 
198 
190 
322 
204 
186 
372 
220 
216 
190 
190 
192 
218 
310 
216 
220 
206 
212 
208 
190 
322 
216 
188 
228 
218 
194 
216 
328 
216 
218 
192 
188 
208 
208 
604 
190 
50 
206 
48 
226 
192 
50 
216 
48 
218 
216 
50 
218 
50 
192 
194 
192 
208 
210 
218 
406 
220 
188 
188 
192 
194 
216 
504 
188 
188 
208 
192 
224 
218 
570 
218 
190 
192 
206 
218 
224 
592 
216 
208 
236 
194 
190 
222 
462 
222 
216 
188 
190 
206 
208 
618 
206 
330 
230 
196 
206 
226 
678 
198 
216 
216 
220 
216 
216 
454 
216 
222 
290 
186 
218 
200 
468 
240 
218 
206 
188 
222 
194 
560 
208 
190 
216 
218 
188 
190 
452 
222 
186 
216 
50 
214 
218 
50 
226 
52 
218 
50 
218 
190 
50 
204 
50 
240 
186 
50 
220 
610 
192 
188 
214 
190 
216 
190 
490 
214 
220 
214 
190 
190 
206 
534 
218 
186 
220 
206 
216 
216 
518 
216 
192 
220 
218 
190 
218 
530 
218 
192 
192 
190 
192 
192 
624 
216 
236 
218 
220 
204 
194 
832 
216 
190 
190 
220 
192 
206 
716 
218 
220 
220 
216 
218 
190 
188 
222 
188 
216 
216 
276 
188 
682 
214 
216 
454 
206 
190 
188 
236 
316 
188 
206 
218 
220 
190 
576 
190 
50 
222 
218 
50 
216 
50 
218 
220 
48 
218 
50 
216 
686 
52 
220 
50 
206 
206 
48 
194 
194 
192 
220 
216 
220 
190 
586 
194 
190 
218 
192 
190 
218 
650 
194 
218 
192 
218 
194 
192 
600 
220 
188 
188 
216 
192 
216 
638 
206 
190 
216 
216 
228 
220 
640 
216 
192 
190 
204 
214 
190 
626 
192 
220 
214 
210 
216 
190 
192 
186 
248 
188 
192 
216 
212 
186 
190 
212 
216 
216 
214 
212 
638 
206 
218 
218 
218 
192 
216 
650 
220 
188 
218 
216 
200 
216 
710 
206 
60 
218 
220 
52 
216 
48 
214 
218 
50 
218 
48 
220 
708 
50 
190 
222 
220 
192 
190 
216 
206 
192 
192 
188 
256 
220 
192 
186 
198 
190 
222 
190 
222 
190 
192 
220 
192 
192 
220 
220 
190 
190 
188 
218 
188 
190 
190 
218 
190 
216 
214 
208 
190 
220 
194 
192 
204 
216 
216 
206 
220 
194 
192 
192 
216 
218 
226 
190 
188 
220 
214 
188 
188 
210 
188 
210 
202 
218 
278 
214 
272 
220 
220 
190 
216 
218 
218 
216 
202 
218 
282 
188 
206 
48 
214 
50 
220 
216 
52 
218 
50 
216 
222 
50 
220 
54 
240 
190 
188 
220 
190 
190 
216 
192 
192 
216 
214 
216 
188 
218 
220 
216 
192 
190 
190 
188 
190 
222 
246 
208 
220 
218 
216 
218 
190 
216 
192 
214 
214 
190 
220 
190 
224 
190 
206 
214 
186 
216 
216 
208 
194 
216 
216 
216 
216 
218 
216 
218 
216 
218 
218 
220 
192 
206 
218 
218 
260 
188 
184 
216 
216 
218 
220 
188 
208 
192 
216 
208 
226 
192 
252 
218 
198 
216 
188 
50 
218 
216 
50 
218 
50 
220 
206 
52 
212 
50 
218 
214 
48 
190 
218 
188 
216 
192 
220 
186 
188 
218 
218 
220 
188 
184 
218 
220 
232 
218 
220 
192 
188 
214 
192 
190 
194 
208 
202 
208 
190 
190 
212 
190 
208 
218 
218 
192 
216 
214 
188 
216 
220 
216 
190 
188 
190 
216 
218 
210 
220 
218 
218 
192 
220 
216 
190 
190 
190 
216 
216 
208 
218 
216 
188 
192 
190 
206 
184 
218 
190 
206 
198 
186 
188 
192 
188 
218 
218 
188 
188 
206 
188 
48 
210 
50 
216 
218 
48 
218 
50 
218 
110 
220 
220 
50 
216 
220 
198 
218 
192 
212 
220 
210 
218 
192 
190 
218 
218 
222 
186 
218 
218 
220 
188 
204 
216 
186 
216 
202 
190 
222 
194 
208 
188 
218 
194 
214 
216 
222 
218 
186 
188 
206 
196 
208 
190 
218 
188 
222 
206 
220 
218 
188 
190 
222 
190 
224 
0 
0 
218 
224 
212 
220 
218 
194 
190 
218 
198 
216 
218 
192 
190 
194 
194 
206 
220 
194 
218 
188 
222 
192 
208 
220 
218 
220 
352 
194 
50 
242 
54 
208 
208 
52 
192 
220 
188 
194 
206 
216 
194 
210 
220 
192 
220 
220 
224 
222 
196 
194 
222 
220 
194 
190 
194 
218 
220 
278 
222 
218 
218 
220 
218 
220 
210 
190 
222 
192 
230 
218 
218 
208 
216 
190 
192 
220 
234 
222 
208 
218 
206 
220 
224 
194 
192 
190 
220 
238 
196 
196 
224 
250 
192 
218 
218 
220 
220 
222 
194 
210 
222 
272 
218 
222 
198 
238 
210 
224 
192 
220 
226 
232 
220 
192 
222 
224 
224 
220 
218 
226 
194 
222 
202 
220 
220 
222 
220 
208 
192 
192 
190 
220 
220 
220 
210 
222 
194 
210 
198 
196 
216 
212 
218 
224 
218 
224 
218 
218 
208 
218 
224 
222 
218 
220 
218 
212 
218 
224 
220 
218 
220 
220 
206 
216 
224 
220 
220 
220 
222 
208 
222 
210 
192 
218 
362 
220 
212 
222 
530 
192 
216 
206 
210 
206 
210 
550 
192 
192 
242 
266 
204 
212 
218 
222 
284 
226 
218 
210 
208 
220 
218 
222 
222 
192 
212 
218 
292 
220 
222 
224 
222 
192 
222 
362 
220 
220 
222 
220 
210 
194 
332 
290 
220 
220 
210 
212 
212 
210 
0 
0 
0 
188 
198 
216 
224 
216 
186 
210 
190 
194 
190 
272 
192 
216 
208 
214 
204 
220 
216 
218 
220 
220 
218 
204 
218 
206 
216 
216 
300 
216 
208 
212 
202 
216 
216 
218 
216 
206 
218 
204 
218 
218 
222 
220 
208 
218 
244 
220 
186 
198 
206 
204 
242 
484 
214 
214 
210 
218 
210 
186 
242 
242 
190 
210 
246 
208 
262 
204 
216 
192 
190 
204 
208 
226 
188 
216 
198 
188 
208 
190 
190 
218 
204 
218 
218 
218 
204 
236 
188 
188 
218 
216 
282 
206 
212 
212 
192 
214 
206 
210 
188 
218 
252 
236 
200 
192 
188 
206 
202 
208 
246 
188 
206 
194 
202 
210 
334 
210 
190 
210 
188 
290 
220 
436 
208 
220 
194 
218 
206 
218 
292 
196 
208 
190 
220 
206 
206 
306 
216 
210 
218 
220 
208 
214 
292 
220 
220 
312 
194 
196 
204 
324 
218 
220 
332 
192 
206 
218 
342 
184 
218 
210 
188 
192 
236 
354 
192 
222 
218 
216 
206 
220 
344 
226 
216 
216 
220 
208 
208 
740 
210 
214 
216 
218 
210 
218 
376 
218 
220 
216 
212 
192 
218 
368 
220 
220 
216 
220 
206 
216 
396 
220 
208 
220 
218 
206 
216 
362 
208 
208 
214 
218 
190 
192 
374 
188 
190 
248 
192 
238 
220 
386 
190 
218 
220 
218 
216 
204 
396 
212 
206 
220 
220 
222 
216 
578 
220 
206 
216 
218 
194 
218 
394 
218 
216 
190 
220 
214 
220 
400 
202 
220 
192 
264 
270 
210 
194 
208 
250 
240 
202 
196 
230 
402 
190 
208 
194 
218 
208 
210 
498 
218 
204 
206 
210 
218 
212 
490 
188 
206 
206 
308 
294 
208 
498 
216 
204 
196 
218 
204 
218 
486 
218 
218 
218 
220 
204 
220 
508 
214 
208 
192 
218 
216 
