# FR-trace starting at Wed Dec 16 19:13:48 2020
################# CONFIG #################
# slot=10000
# samples=5000
# threshold=100
# idle=500
# minlen=500
# runs=60000
# pdathreads=3
# nmonitored=1
#   monitor0=/usr/local/lib/libcrypto.so 799838 0xc345e
# nevicted=0
# npdatargets=1
#   target0=/usr/local/lib/libcrypto.so 750148 0xb7244
# affinity=all
############## SYSTEM INFO ###############
# mastik_version=
# sysname=Linux
# nodename=5997f38f2dda
# release=5.4.0-56-generic
# version=#62-Ubuntu SMP Mon Nov 23 19:20:19 UTC 2020
# machine=x86_64
################## DATA ##################
# run=0
# datapoints=3212
58 
196 
190 
218 
370 
190 
220 
194 
222 
208 
220 
212 
202 
208 
192 
194 
210 
198 
188 
190 
204 
210 
192 
196 
204 
202 
194 
190 
58 
218 
210 
220 
222 
58 
222 
58 
218 
212 
58 
220 
218 
56 
218 
62 
58 
210 
220 
192 
224 
222 
218 
192 
190 
314 
192 
192 
222 
192 
206 
194 
576 
218 
218 
190 
210 
192 
218 
214 
210 
202 
200 
208 
212 
242 
232 
190 
192 
192 
222 
210 
192 
274 
220 
222 
216 
208 
208 
244 
270 
218 
212 
220 
220 
210 
220 
482 
218 
228 
212 
192 
210 
214 
518 
194 
220 
196 
192 
224 
190 
364 
194 
222 
240 
192 
230 
220 
304 
224 
220 
220 
194 
240 
190 
300 
230 
220 
198 
222 
60 
218 
310 
58 
222 
222 
56 
208 
60 
288 
220 
58 
294 
220 
60 
218 
58 
218 
222 
58 
230 
212 
238 
302 
220 
190 
204 
190 
206 
218 
466 
224 
190 
220 
220 
208 
192 
316 
254 
192 
224 
194 
210 
190 
388 
194 
196 
220 
194 
202 
226 
402 
200 
224 
192 
222 
190 
222 
354 
218 
194 
226 
192 
210 
208 
462 
192 
200 
226 
190 
210 
190 
366 
222 
220 
194 
220 
218 
222 
484 
194 
222 
220 
218 
222 
222 
456 
224 
220 
192 
190 
190 
214 
408 
222 
192 
222 
208 
220 
212 
568 
190 
256 
56 
216 
58 
218 
430 
56 
222 
58 
220 
218 
56 
420 
56 
198 
218 
220 
222 
220 
678 
202 
218 
220 
206 
194 
210 
464 
234 
190 
208 
222 
224 
194 
444 
194 
224 
218 
220 
210 
192 
474 
222 
212 
224 
218 
202 
210 
450 
220 
212 
214 
190 
192 
282 
484 
194 
194 
218 
218 
214 
194 
502 
194 
220 
220 
220 
192 
192 
526 
192 
218 
194 
192 
210 
194 
572 
190 
190 
222 
222 
220 
198 
508 
222 
222 
222 
192 
224 
220 
474 
212 
224 
218 
194 
224 
220 
630 
190 
196 
58 
212 
58 
220 
514 
58 
222 
56 
222 
220 
62 
512 
56 
216 
222 
56 
222 
146 
58 
218 
222 
218 
194 
216 
226 
590 
220 
218 
200 
212 
220 
222 
588 
218 
228 
222 
220 
192 
196 
580 
222 
194 
192 
192 
204 
226 
670 
190 
190 
194 
204 
326 
254 
628 
220 
190 
192 
218 
220 
222 
600 
224 
192 
220 
220 
222 
196 
192 
222 
204 
222 
190 
192 
190 
610 
210 
222 
192 
218 
220 
208 
648 
218 
222 
190 
222 
218 
190 
638 
194 
190 
220 
234 
256 
192 
194 
222 
220 
222 
192 
194 
256 
60 
194 
214 
58 
222 
58 
220 
632 
58 
220 
222 
56 
218 
56 
680 
222 
222 
214 
218 
222 
218 
634 
224 
218 
196 
192 
218 
224 
672 
192 
192 
192 
194 
190 
220 
662 
222 
194 
220 
190 
220 
212 
678 
208 
210 
194 
192 
192 
208 
712 
192 
192 
196 
220 
198 
190 
712 
192 
190 
192 
194 
224 
194 
222 
222 
210 
216 
190 
218 
208 
220 
192 
224 
190 
194 
192 
222 
194 
192 
224 
192 
238 
220 
222 
226 
190 
220 
192 
222 
222 
196 
232 
192 
198 
220 
192 
220 
220 
58 
222 
62 
208 
194 
58 
192 
58 
218 
220 
60 
222 
222 
56 
220 
224 
224 
192 
192 
222 
192 
222 
222 
192 
220 
192 
224 
194 
194 
220 
192 
216 
222 
220 
196 
194 
222 
220 
224 
220 
220 
218 
218 
220 
190 
224 
192 
214 
190 
220 
192 
218 
220 
208 
196 
194 
194 
200 
212 
220 
222 
194 
226 
192 
202 
222 
218 
194 
226 
190 
222 
220 
216 
284 
190 
232 
222 
192 
192 
220 
224 
192 
192 
222 
200 
192 
224 
196 
224 
220 
216 
224 
210 
222 
222 
192 
60 
220 
220 
58 
220 
58 
220 
190 
58 
190 
192 
60 
216 
58 
222 
220 
56 
218 
60 
216 
220 
56 
218 
220 
58 
222 
196 
202 
222 
206 
218 
228 
218 
222 
192 
192 
196 
222 
222 
190 
218 
210 
192 
194 
220 
218 
220 
220 
218 
222 
190 
194 
222 
228 
220 
194 
216 
202 
220 
198 
192 
212 
220 
192 
192 
214 
222 
220 
220 
236 
202 
220 
192 
208 
190 
192 
190 
198 
222 
242 
220 
192 
192 
218 
222 
220 
222 
222 
194 
190 
242 
196 
220 
194 
220 
208 
194 
218 
194 
218 
190 
220 
222 
220 
222 
206 
220 
220 
220 
58 
206 
56 
206 
220 
56 
216 
58 
220 
220 
58 
220 
220 
58 
224 
218 
222 
218 
196 
192 
226 
198 
194 
222 
220 
238 
202 
194 
194 
192 
192 
192 
192 
192 
222 
196 
220 
220 
222 
190 
224 
218 
218 
210 
226 
192 
194 
190 
192 
190 
192 
210 
198 
248 
192 
208 
248 
222 
214 
224 
204 
194 
218 
194 
224 
234 
220 
220 
222 
220 
190 
218 
222 
220 
222 
224 
220 
218 
190 
210 
192 
210 
212 
192 
224 
196 
222 
194 
210 
192 
192 
198 
220 
230 
218 
212 
230 
58 
210 
220 
56 
208 
220 
62 
208 
60 
194 
194 
56 
276 
226 
56 
220 
190 
222 
190 
212 
192 
192 
220 
230 
218 
236 
190 
192 
222 
222 
222 
220 
222 
204 
222 
192 
198 
232 
220 
222 
210 
194 
220 
236 
222 
220 
208 
212 
190 
222 
220 
202 
190 
266 
192 
218 
192 
208 
192 
222 
192 
328 
190 
192 
236 
192 
220 
208 
194 
196 
218 
192 
216 
222 
192 
208 
222 
190 
220 
240 
190 
224 
192 
192 
196 
220 
234 
218 
212 
208 
220 
234 
204 
192 
220 
192 
192 
206 
222 
58 
218 
58 
222 
198 
56 
220 
172 
210 
224 
56 
210 
210 
196 
190 
238 
220 
220 
210 
218 
190 
220 
218 
222 
224 
212 
224 
192 
192 
222 
218 
194 
192 
224 
194 
222 
220 
220 
218 
190 
192 
192 
192 
220 
222 
192 
194 
226 
300 
190 
192 
192 
222 
210 
268 
196 
194 
234 
192 
192 
416 
192 
198 
190 
218 
216 
192 
194 
222 
192 
196 
220 
208 
192 
190 
220 
196 
222 
218 
220 
222 
208 
222 
192 
218 
190 
232 
192 
210 
190 
232 
224 
220 
212 
220 
60 
220 
58 
220 
220 
60 
220 
60 
222 
218 
60 
212 
184 
58 
208 
60 
212 
228 
58 
210 
212 
60 
196 
60 
218 
222 
194 
226 
208 
190 
290 
214 
208 
220 
196 
194 
218 
244 
206 
194 
220 
218 
192 
220 
206 
218 
192 
194 
222 
208 
234 
222 
204 
190 
220 
218 
210 
190 
228 
192 
216 
198 
222 
400 
190 
456 
212 
222 
190 
196 
194 
214 
308 
1650 
188 
222 
224 
192 
222 
264 
222 
220 
210 
192 
198 
192 
330 
190 
204 
218 
198 
194 
190 
336 
192 
190 
194 
226 
210 
220 
488 
192 
222 
220 
224 
210 
220 
360 
56 
222 
58 
220 
208 
60 
268 
112 
224 
208 
58 
214 
194 
60 
190 
218 
220 
208 
196 
192 
280 
194 
220 
218 
194 
206 
220 
368 
192 
220 
200 
218 
206 
228 
500 
208 
192 
218 
192 
192 
218 
306 
190 
218 
222 
222 
192 
222 
494 
190 
222 
192 
194 
224 
192 
320 
224 
272 
192 
206 
192 
210 
390 
192 
204 
194 
222 
206 
226 
366 
192 
194 
218 
192 
210 
194 
378 
192 
220 
220 
192 
208 
220 
384 
190 
192 
192 
220 
212 
192 
404 
194 
220 
222 
222 
212 
194 
58 
224 
60 
220 
222 
56 
224 
364 
58 
220 
58 
222 
210 
58 
436 
192 
212 
206 
194 
192 
216 
480 
224 
188 
194 
222 
222 
194 
414 
218 
192 
218 
222 
194 
222 
632 
198 
220 
222 
194 
224 
196 
434 
222 
210 
220 
222 
192 
230 
438 
224 
238 
218 
218 
222 
192 
436 
222 
192 
222 
202 
240 
190 
428 
192 
222 
222 
196 
220 
192 
594 
192 
216 
194 
214 
218 
210 
532 
228 
222 
226 
216 
232 
220 
444 
192 
194 
218 
190 
190 
208 
506 
224 
192 
220 
222 
58 
224 
536 
222 
220 
58 
224 
220 
58 
498 
60 
220 
220 
60 
222 
220 
56 
220 
58 
222 
220 
56 
220 
192 
194 
208 
240 
192 
192 
192 
526 
220 
190 
220 
224 
190 
222 
588 
218 
192 
222 
218 
192 
192 
592 
224 
196 
222 
222 
200 
218 
658 
194 
230 
220 
218 
222 
220 
610 
220 
212 
218 
194 
220 
222 
692 
220 
222 
218 
194 
228 
192 
196 
222 
192 
194 
210 
194 
190 
274 
212 
194 
192 
192 
218 
208 
572 
210 
220 
212 
220 
192 
222 
598 
194 
222 
234 
194 
220 
224 
566 
222 
206 
192 
222 
58 
220 
56 
218 
226 
58 
222 
58 
222 
610 
58 
222 
220 
58 
190 
224 
640 
220 
224 
190 
224 
198 
190 
192 
192 
220 
198 
278 
194 
222 
190 
220 
222 
220 
218 
214 
220 
666 
190 
192 
224 
214 
218 
222 
668 
190 
222 
218 
220 
228 
194 
690 
224 
220 
220 
220 
224 
220 
210 
190 
190 
224 
218 
220 
218 
710 
218 
192 
220 
216 
210 
190 
196 
240 
0 
218 
300 
218 
196 
192 
218 
218 
192 
192 
220 
190 
222 
190 
214 
192 
222 
192 
220 
224 
220 
218 
60 
208 
58 
220 
220 
60 
222 
222 
56 
222 
58 
220 
220 
56 
222 
58 
200 
222 
192 
192 
190 
216 
222 
226 
196 
192 
210 
218 
212 
208 
194 
258 
194 
208 
222 
212 
222 
222 
222 
212 
214 
222 
218 
222 
188 
222 
196 
196 
192 
224 
190 
220 
192 
220 
222 
198 
192 
194 
222 
192 
228 
218 
224 
222 
216 
222 
192 
222 
218 
190 
224 
212 
190 
192 
218 
190 
194 
222 
210 
196 
210 
192 
230 
230 
246 
218 
194 
190 
220 
222 
224 
192 
222 
224 
190 
222 
194 
218 
222 
60 
220 
220 
58 
220 
222 
58 
222 
64 
220 
222 
56 
220 
58 
220 
224 
192 
220 
220 
192 
190 
222 
274 
222 
220 
190 
238 
220 
210 
202 
190 
192 
194 
208 
224 
192 
206 
212 
192 
220 
224 
210 
224 
222 
226 
198 
218 
222 
222 
244 
234 
220 
192 
220 
224 
228 
234 
196 
220 
218 
234 
192 
218 
192 
190 
208 
220 
192 
220 
198 
220 
218 
200 
190 
192 
192 
214 
220 
224 
226 
210 
194 
198 
210 
194 
218 
190 
194 
224 
218 
192 
222 
220 
192 
224 
220 
218 
220 
58 
220 
220 
58 
222 
60 
220 
224 
56 
210 
222 
58 
222 
58 
220 
220 
210 
224 
220 
220 
192 
220 
222 
208 
220 
220 
222 
194 
218 
216 
194 
220 
210 
202 
220 
230 
190 
208 
238 
648 
220 
190 
226 
198 
218 
192 
220 
194 
220 
220 
192 
192 
192 
218 
222 
216 
220 
222 
194 
190 
222 
220 
220 
220 
192 
216 
222 
194 
190 
220 
220 
226 
220 
218 
222 
192 
218 
224 
220 
194 
192 
220 
190 
192 
218 
196 
192 
198 
208 
212 
222 
190 
192 
192 
220 
220 
222 
192 
222 
60 
222 
60 
220 
222 
58 
222 
220 
58 
220 
60 
220 
222 
60 
222 
220 
222 
226 
210 
218 
222 
218 
236 
206 
220 
218 
192 
220 
224 
216 
218 
222 
192 
192 
234 
222 
218 
198 
210 
194 
208 
212 
218 
230 
192 
224 
226 
196 
206 
192 
192 
216 
222 
190 
222 
240 
222 
214 
190 
226 
204 
190 
220 
210 
212 
194 
192 
198 
222 
222 
222 
210 
216 
194 
190 
192 
218 
218 
208 
220 
220 
222 
200 
220 
198 
228 
218 
192 
222 
210 
210 
204 
212 
220 
190 
210 
218 
58 
224 
218 
60 
220 
54 
220 
220 
58 
210 
220 
56 
218 
54 
220 
222 
192 
222 
258 
218 
192 
192 
222 
210 
218 
252 
220 
190 
210 
190 
210 
220 
190 
220 
220 
198 
236 
194 
194 
196 
222 
192 
194 
192 
198 
212 
234 
204 
192 
234 
218 
192 
220 
254 
218 
210 
194 
190 
212 
190 
192 
220 
200 
268 
194 
192 
198 
192 
194 
222 
232 
232 
218 
192 
192 
220 
192 
222 
224 
208 
192 
222 
196 
194 
224 
190 
210 
192 
194 
222 
194 
220 
192 
210 
228 
238 
58 
210 
218 
58 
272 
284 
58 
220 
60 
222 
220 
58 
220 
58 
218 
198 
224 
226 
190 
208 
192 
220 
194 
192 
208 
192 
190 
226 
218 
220 
220 
214 
210 
218 
204 
210 
218 
204 
222 
210 
214 
220 
220 
220 
196 
222 
194 
192 
228 
190 
194 
250 
190 
192 
190 
384 
234 
220 
222 
192 
216 
222 
190 
222 
192 
220 
194 
190 
222 
198 
194 
222 
192 
190 
210 
192 
224 
238 
220 
190 
240 
206 
200 
368 
192 
220 
218 
194 
190 
194 
388 
220 
194 
218 
192 
208 
192 
212 
60 
210 
190 
56 
518 
56 
236 
220 
56 
218 
58 
210 
220 
60 
222 
58 
220 
192 
212 
192 
476 
220 
226 
218 
218 
208 
192 
454 
220 
192 
196 
222 
212 
220 
222 
192 
220 
222 
218 
226 
220 
398 
210 
220 
208 
220 
210 
210 
454 
220 
200 
220 
192 
208 
192 
442 
198 
210 
192 
268 
210 
192 
270 
196 
192 
218 
220 
192 
222 
306 
192 
222 
192 
220 
194 
220 
308 
192 
220 
194 
192 
208 
206 
444 
190 
206 
220 
196 
212 
194 
364 
192 
190 
220 
232 
194 
218 
576 
218 
220 
58 
224 
212 
58 
382 
56 
196 
196 
62 
212 
62 
360 
220 
56 
224 
222 
58 
222 
58 
198 
190 
220 
222 
192 
222 
396 
220 
220 
224 
198 
210 
228 
390 
220 
194 
222 
192 
210 
194 
506 
222 
220 
194 
220 
190 
222 
366 
218 
222 
222 
272 
190 
192 
396 
634 
190 
210 
192 
192 
288 
394 
206 
190 
194 
218 
206 
190 
384 
190 
220 
222 
192 
194 
222 
380 
238 
224 
194 
194 
220 
194 
402 
222 
200 
224 
220 
220 
192 
416 
220 
220 
220 
192 
208 
218 
428 
220 
196 
196 
226 
222 
194 
428 
58 
208 
58 
220 
192 
60 
568 
58 
210 
222 
58 
196 
222 
60 
212 
222 
190 
220 
192 
196 
486 
190 
234 
206 
202 
192 
220 
514 
206 
220 
224 
192 
222 
196 
494 
192 
228 
198 
192 
220 
224 
494 
222 
220 
192 
218 
220 
190 
622 
214 
220 
208 
200 
208 
194 
582 
192 
208 
188 
192 
220 
208 
548 
220 
220 
222 
220 
222 
194 
190 
224 
220 
190 
220 
220 
198 
570 
220 
222 
190 
230 
192 
222 
732 
218 
218 
218 
192 
220 
218 
544 
220 
228 
220 
220 
190 
194 
58 
224 
56 
222 
214 
58 
240 
558 
58 
210 
214 
58 
212 
58 
580 
222 
192 
194 
218 
210 
220 
576 
222 
198 
198 
224 
186 
222 
604 
190 
208 
224 
250 
222 
220 
594 
220 
190 
190 
218 
220 
216 
622 
222 
220 
190 
190 
222 
218 
190 
208 
198 
196 
224 
226 
218 
192 
196 
222 
220 
198 
204 
194 
192 
192 
222 
222 
202 
224 
224 
696 
224 
220 
222 
192 
220 
192 
668 
218 
220 
218 
220 
220 
192 
694 
220 
192 
218 
192 
218 
220 
706 
196 
218 
220 
230 
192 
224 
60 
220 
220 
56 
222 
56 
220 
704 
56 
222 
56 
222 
192 
60 
706 
192 
210 
214 
222 
250 
206 
290 
222 
208 
192 
192 
192 
222 
710 
196 
220 
220 
222 
218 
220 
696 
196 
218 
222 
222 
218 
224 
220 
222 
220 
194 
192 
220 
226 
702 
194 
218 
198 
218 
226 
220 
706 
190 
224 
210 
208 
232 
194 
212 
208 
192 
194 
192 
194 
192 
480 
190 
254 
220 
222 
196 
220 
192 
194 
192 
220 
222 
224 
238 
190 
220 
218 
190 
220 
202 
198 
216 
218 
222 
194 
190 
236 
194 
58 
224 
222 
56 
220 
58 
222 
220 
58 
220 
62 
218 
220 
58 
190 
190 
220 
208 
216 
210 
210 
204 
204 
286 
202 
252 
222 
194 
194 
192 
220 
210 
220 
192 
194 
220 
220 
220 
190 
222 
218 
224 
220 
220 
196 
220 
192 
192 
218 
194 
220 
218 
222 
238 
222 
192 
192 
218 
224 
218 
196 
196 
190 
226 
194 
192 
214 
216 
210 
190 
212 
196 
204 
190 
228 
220 
210 
192 
222 
192 
192 
190 
236 
234 
230 
220 
222 
220 
198 
218 
220 
220 
220 
224 
202 
222 
58 
210 
56 
218 
222 
58 
222 
190 
188 
198 
196 
190 
236 
234 
190 
240 
220 
194 
190 
218 
194 
194 
190 
216 
188 
192 
192 
196 
198 
220 
220 
206 
218 
224 
218 
220 
222 
216 
218 
212 
232 
218 
222 
192 
218 
218 
190 
218 
188 
226 
220 
220 
218 
236 
222 
222 
192 
228 
218 
222 
220 
220 
224 
220 
208 
190 
220 
232 
192 
224 
264 
212 
192 
202 
194 
192 
222 
190 
204 
226 
220 
192 
272 
192 
190 
194 
192 
192 
220 
222 
220 
220 
218 
218 
190 
220 
222 
224 
220 
220 
220 
224 
222 
220 
222 
220 
220 
220 
218 
222 
222 
218 
220 
222 
220 
220 
220 
214 
222 
222 
214 
224 
208 
220 
212 
208 
210 
194 
220 
202 
192 
210 
220 
222 
244 
218 
222 
222 
224 
220 
220 
220 
218 
224 
294 
190 
206 
242 
218 
216 
222 
222 
208 
226 
222 
212 
218 
206 
214 
226 
214 
218 
208 
218 
196 
218 
222 
222 
210 
210 
220 
220 
220 
222 
194 
224 
252 
212 
212 
198 
208 
196 
210 
208 
212 
222 
218 
210 
222 
222 
206 
220 
220 
218 
220 
222 
210 
210 
220 
284 
222 
222 
220 
202 
190 
218 
218 
222 
222 
218 
218 
216 
220 
220 
220 
220 
222 
222 
208 
218 
218 
222 
222 
220 
218 
208 
208 
224 
210 
214 
210 
190 
194 
194 
234 
220 
218 
222 
220 
212 
220 
224 
222 
220 
224 
242 
210 
242 
228 
222 
218 
216 
262 
206 
220 
218 
198 
214 
206 
192 
310 
192 
242 
208 
216 
224 
222 
266 
196 
226 
308 
212 
222 
214 
216 
190 
238 
230 
220 
214 
208 
192 
210 
206 
210 
222 
258 
212 
210 
220 
210 
220 
220 
220 
206 
210 
206 
220 
222 
220 
222 
220 
206 
222 
190 
216 
222 
226 
224 
210 
218 
194 
194 
218 
222 
222 
212 
214 
194 
208 
216 
220 
226 
192 
194 
190 
210 
302 
212 
220 
188 
198 
256 
192 
220 
192 
222 
208 
220 
208 
192 
190 
194 
224 
212 
222 
298 
192 
216 
222 
194 
208 
192 
202 
224 
220 
220 
218 
222 
220 
220 
220 
220 
214 
220 
212 
222 
220 
220 
192 
256 
212 
208 
222 
320 
194 
222 
218 
286 
212 
206 
208 
222 
192 
208 
214 
208 
196 
218 
222 
222 
202 
220 
212 
224 
208 
192 
226 
220 
224 
208 
222 
376 
222 
212 
216 
222 
206 
222 
220 
222 
222 
218 
192 
206 
218 
250 
214 
220 
220 
218 
198 
202 
208 
196 
218 
230 
222 
206 
224 
294 
222 
194 
210 
192 
210 
240 
624 
268 
216 
272 
218 
212 
220 
202 
220 
228 
222 
202 
210 
208 
208 
222 
220 
220 
218 
210 
220 
220 
218 
218 
220 
220 
214 
220 
318 
218 
194 
218 
210 
210 
224 
222 
220 
196 
222 
224 
190 
204 
638 
194 
222 
204 
218 
190 
204 
452 
194 
222 
192 
238 
210 
212 
420 
218 
266 
196 
224 
208 
210 
312 
214 
192 
200 
192 
210 
