# FR-trace starting at Wed Dec 16 18:19:52 2020
################# CONFIG #################
# slot=10000
# samples=5000
# threshold=100
# idle=500
# minlen=500
# runs=60000
# pdathreads=3
# nmonitored=1
#   monitor0=/usr/local/lib/libcrypto.so 799838 0xc345e
# nevicted=0
# npdatargets=1
#   target0=/usr/local/lib/libcrypto.so 750148 0xb7244
# affinity=all
############## SYSTEM INFO ###############
# mastik_version=
# sysname=Linux
# nodename=5997f38f2dda
# release=5.4.0-56-generic
# version=#62-Ubuntu SMP Mon Nov 23 19:20:19 UTC 2020
# machine=x86_64
################## DATA ##################
# run=0
# datapoints=3122
56 
224 
430 
212 
216 
200 
192 
226 
220 
536 
218 
194 
222 
218 
192 
238 
436 
218 
192 
192 
222 
224 
220 
630 
190 
198 
208 
222 
222 
218 
408 
224 
56 
190 
196 
240 
58 
446 
58 
220 
218 
54 
222 
220 
54 
208 
220 
220 
192 
224 
196 
526 
192 
222 
204 
192 
222 
220 
742 
214 
192 
190 
220 
192 
212 
486 
218 
222 
220 
192 
228 
218 
498 
220 
224 
214 
192 
220 
218 
530 
220 
192 
192 
192 
220 
220 
838 
192 
220 
192 
216 
222 
222 
558 
216 
222 
218 
194 
204 
222 
558 
208 
208 
192 
218 
212 
222 
684 
192 
192 
206 
190 
222 
192 
594 
218 
192 
194 
222 
194 
224 
574 
220 
228 
192 
220 
192 
192 
54 
226 
56 
224 
220 
54 
220 
590 
56 
218 
54 
192 
222 
54 
592 
58 
222 
220 
54 
218 
200 
208 
216 
206 
192 
188 
210 
218 
626 
206 
238 
222 
204 
220 
194 
194 
192 
220 
192 
218 
190 
192 
590 
194 
222 
192 
222 
188 
218 
634 
224 
194 
220 
214 
192 
218 
744 
222 
196 
222 
190 
210 
192 
702 
200 
206 
200 
224 
226 
196 
192 
212 
206 
230 
250 
220 
334 
0 
214 
214 
208 
242 
222 
216 
190 
194 
236 
194 
192 
224 
192 
720 
220 
208 
224 
196 
190 
220 
192 
192 
220 
56 
222 
54 
220 
702 
56 
220 
56 
220 
222 
58 
714 
56 
220 
212 
212 
214 
218 
192 
218 
222 
220 
192 
218 
208 
224 
192 
190 
192 
246 
214 
198 
192 
220 
194 
212 
194 
220 
208 
208 
220 
218 
194 
192 
194 
224 
194 
220 
222 
202 
192 
218 
218 
192 
222 
208 
220 
220 
194 
220 
196 
236 
192 
220 
192 
192 
222 
220 
192 
198 
222 
220 
192 
220 
210 
192 
532 
208 
216 
192 
220 
216 
190 
222 
192 
192 
198 
192 
210 
192 
208 
224 
222 
222 
194 
54 
222 
56 
224 
222 
58 
220 
54 
220 
220 
58 
222 
224 
54 
218 
52 
220 
218 
54 
192 
192 
192 
192 
220 
216 
222 
212 
210 
192 
240 
212 
192 
210 
210 
210 
196 
200 
262 
192 
212 
192 
222 
220 
218 
218 
208 
220 
214 
188 
220 
218 
222 
194 
216 
222 
194 
220 
222 
218 
222 
192 
224 
240 
198 
226 
192 
236 
192 
220 
220 
192 
210 
220 
188 
192 
222 
194 
220 
192 
190 
220 
220 
208 
192 
220 
212 
192 
192 
218 
196 
216 
190 
220 
220 
220 
198 
194 
210 
212 
196 
58 
222 
222 
54 
208 
56 
220 
220 
56 
222 
58 
220 
220 
54 
192 
194 
232 
192 
192 
222 
224 
222 
192 
194 
192 
192 
218 
220 
216 
220 
222 
192 
192 
192 
192 
220 
196 
194 
208 
222 
254 
220 
214 
220 
194 
220 
220 
222 
220 
204 
222 
222 
206 
220 
222 
236 
192 
220 
196 
220 
220 
224 
218 
192 
194 
192 
218 
222 
194 
218 
224 
202 
204 
226 
212 
192 
220 
196 
222 
222 
230 
226 
220 
240 
220 
220 
224 
268 
208 
238 
210 
190 
298 
220 
222 
62 
220 
56 
216 
208 
56 
210 
222 
54 
220 
52 
220 
222 
54 
220 
194 
220 
192 
222 
192 
192 
192 
216 
190 
218 
216 
220 
194 
212 
220 
208 
222 
192 
192 
192 
212 
224 
222 
190 
218 
192 
192 
192 
212 
210 
210 
190 
244 
202 
222 
214 
224 
216 
214 
212 
192 
216 
226 
220 
220 
216 
220 
192 
194 
220 
218 
192 
194 
222 
192 
192 
224 
192 
220 
214 
224 
222 
224 
218 
222 
196 
194 
208 
192 
208 
190 
222 
220 
192 
218 
194 
232 
192 
208 
192 
58 
208 
222 
54 
216 
54 
224 
218 
56 
220 
212 
52 
222 
56 
218 
220 
54 
212 
224 
52 
226 
56 
224 
220 
56 
192 
192 
238 
194 
222 
220 
192 
200 
222 
216 
218 
220 
192 
214 
192 
208 
220 
218 
222 
220 
192 
190 
194 
190 
192 
222 
222 
194 
220 
192 
218 
192 
192 
242 
210 
224 
192 
192 
190 
222 
196 
220 
194 
432 
224 
192 
220 
220 
194 
194 
192 
220 
204 
218 
224 
210 
218 
194 
222 
192 
222 
218 
252 
222 
192 
220 
192 
660 
222 
194 
224 
194 
236 
222 
192 
220 
214 
222 
192 
192 
192 
220 
58 
208 
222 
56 
218 
56 
222 
218 
56 
220 
54 
222 
218 
56 
218 
192 
220 
190 
222 
192 
192 
190 
208 
222 
286 
220 
220 
222 
216 
192 
192 
234 
196 
220 
210 
192 
194 
224 
190 
192 
226 
226 
222 
210 
222 
194 
222 
190 
202 
192 
212 
216 
290 
218 
220 
224 
204 
210 
190 
192 
196 
192 
218 
196 
192 
220 
192 
220 
192 
222 
222 
208 
218 
350 
192 
224 
192 
194 
208 
226 
188 
192 
220 
224 
192 
208 
220 
194 
194 
220 
224 
218 
196 
198 
230 
56 
222 
218 
58 
208 
218 
56 
220 
56 
220 
218 
54 
220 
58 
214 
208 
194 
200 
210 
224 
250 
204 
222 
220 
220 
190 
218 
400 
204 
218 
220 
220 
208 
222 
258 
194 
222 
224 
220 
192 
220 
392 
192 
194 
220 
224 
194 
192 
232 
194 
214 
214 
226 
210 
216 
480 
218 
212 
220 
228 
208 
192 
218 
222 
192 
194 
220 
210 
192 
360 
220 
222 
222 
220 
208 
190 
238 
192 
192 
192 
222 
192 
220 
242 
190 
220 
224 
196 
208 
222 
278 
204 
190 
190 
220 
192 
66 
274 
222 
56 
224 
210 
54 
194 
54 
190 
210 
58 
212 
210 
208 
382 
204 
220 
204 
194 
214 
192 
306 
192 
192 
194 
220 
212 
224 
394 
192 
192 
208 
192 
194 
192 
538 
190 
220 
192 
208 
210 
202 
378 
222 
188 
204 
192 
210 
218 
456 
192 
192 
192 
194 
208 
210 
372 
210 
220 
194 
194 
192 
220 
372 
192 
220 
216 
192 
212 
222 
482 
222 
194 
228 
192 
224 
220 
402 
192 
194 
218 
216 
208 
192 
388 
212 
190 
218 
200 
210 
220 
386 
52 
220 
252 
220 
202 
52 
356 
222 
54 
222 
54 
222 
220 
56 
192 
58 
218 
0 
0 
0 
386 
54 
218 
220 
52 
216 
54 
524 
218 
220 
200 
216 
190 
186 
480 
190 
218 
234 
192 
220 
220 
616 
216 
220 
228 
190 
188 
190 
684 
198 
202 
218 
216 
220 
204 
480 
190 
190 
218 
218 
210 
188 
618 
196 
9430 
196 
208 
190 
208 
652 
208 
214 
218 
226 
278 
216 
504 
220 
190 
216 
212 
216 
206 
560 
232 
220 
220 
220 
218 
190 
536 
220 
192 
190 
190 
190 
210 
534 
200 
216 
222 
220 
218 
206 
190 
216 
196 
52 
208 
54 
218 
518 
52 
218 
54 
220 
220 
50 
540 
52 
54 
236 
192 
190 
216 
190 
210 
228 
206 
218 
218 
188 
578 
222 
188 
190 
188 
192 
192 
540 
208 
220 
220 
188 
206 
50 
724 
216 
190 
218 
190 
218 
190 
596 
220 
200 
192 
216 
188 
190 
744 
214 
220 
222 
218 
194 
188 
654 
210 
204 
186 
206 
244 
190 
598 
220 
234 
186 
218 
190 
218 
186 
218 
190 
192 
192 
220 
192 
718 
190 
220 
218 
214 
190 
190 
190 
218 
188 
190 
216 
54 
222 
58 
220 
216 
52 
220 
56 
218 
640 
52 
218 
52 
190 
220 
188 
672 
218 
226 
212 
188 
208 
190 
190 
218 
190 
204 
228 
216 
220 
680 
218 
188 
218 
224 
218 
208 
190 
218 
216 
190 
192 
190 
218 
188 
222 
216 
220 
190 
190 
200 
190 
190 
194 
0 
0 
0 
194 
702 
214 
206 
198 
196 
192 
190 
216 
192 
208 
190 
192 
192 
192 
196 
218 
212 
216 
210 
248 
222 
720 
220 
224 
190 
224 
218 
220 
192 
192 
194 
212 
220 
220 
220 
190 
220 
58 
222 
54 
222 
222 
54 
220 
54 
222 
222 
54 
218 
58 
224 
220 
56 
216 
54 
218 
222 
58 
194 
192 
192 
224 
218 
192 
210 
212 
190 
202 
196 
222 
208 
228 
192 
222 
194 
190 
218 
192 
208 
222 
188 
210 
218 
240 
224 
192 
220 
194 
218 
192 
194 
192 
192 
192 
222 
216 
192 
220 
220 
192 
214 
190 
224 
192 
192 
220 
192 
198 
192 
194 
218 
208 
222 
202 
222 
192 
220 
236 
192 
320 
328 
224 
220 
200 
318 
220 
220 
220 
192 
218 
238 
220 
192 
220 
192 
196 
224 
192 
192 
54 
222 
218 
52 
220 
56 
218 
220 
54 
222 
52 
220 
218 
56 
220 
240 
224 
192 
220 
188 
222 
192 
190 
224 
242 
220 
222 
188 
196 
202 
196 
248 
192 
190 
190 
222 
192 
224 
196 
222 
222 
194 
216 
192 
222 
196 
222 
220 
220 
222 
192 
220 
196 
192 
198 
200 
218 
204 
192 
192 
218 
220 
210 
222 
222 
222 
222 
194 
220 
190 
192 
222 
220 
192 
220 
208 
192 
222 
210 
212 
192 
218 
208 
192 
192 
218 
220 
222 
194 
216 
218 
224 
192 
222 
232 
192 
54 
222 
58 
220 
218 
52 
222 
0 
216 
220 
56 
220 
58 
222 
222 
58 
222 
192 
214 
192 
192 
192 
222 
204 
214 
190 
224 
194 
192 
220 
192 
192 
220 
192 
198 
192 
220 
202 
190 
210 
222 
220 
218 
218 
222 
196 
194 
262 
220 
192 
222 
212 
220 
220 
192 
190 
220 
222 
220 
192 
224 
192 
218 
226 
198 
224 
192 
194 
198 
224 
218 
194 
194 
196 
220 
194 
224 
192 
192 
222 
220 
220 
220 
192 
196 
224 
192 
192 
280 
192 
214 
230 
188 
192 
192 
192 
192 
56 
224 
208 
52 
190 
54 
220 
226 
56 
220 
52 
218 
222 
58 
218 
220 
218 
196 
218 
340 
192 
222 
222 
192 
208 
210 
192 
222 
210 
220 
192 
208 
222 
218 
220 
218 
190 
208 
208 
194 
210 
202 
190 
220 
194 
194 
192 
194 
192 
196 
192 
222 
210 
192 
224 
220 
192 
218 
208 
192 
220 
192 
210 
222 
192 
220 
212 
222 
220 
222 
194 
192 
220 
202 
218 
192 
222 
218 
218 
220 
222 
222 
208 
220 
224 
222 
228 
212 
220 
208 
192 
192 
192 
208 
60 
192 
220 
54 
214 
54 
220 
210 
58 
220 
56 
222 
218 
54 
208 
222 
208 
220 
192 
218 
222 
208 
192 
214 
194 
216 
212 
216 
212 
218 
212 
192 
192 
190 
220 
208 
222 
192 
218 
222 
218 
228 
194 
218 
196 
192 
218 
192 
192 
208 
220 
192 
240 
214 
192 
224 
216 
192 
190 
218 
212 
220 
222 
208 
192 
192 
220 
192 
218 
222 
196 
218 
192 
218 
192 
222 
202 
198 
222 
204 
230 
206 
230 
218 
208 
188 
298 
192 
194 
224 
192 
192 
190 
586 
210 
192 
56 
208 
210 
54 
192 
218 
56 
256 
56 
322 
222 
56 
220 
54 
192 
192 
208 
240 
198 
192 
240 
214 
222 
210 
192 
310 
220 
220 
210 
218 
214 
222 
194 
220 
194 
188 
196 
212 
222 
192 
358 
222 
318 
222 
532 
192 
310 
200 
222 
192 
234 
208 
192 
286 
194 
192 
208 
246 
190 
194 
316 
208 
220 
222 
222 
210 
218 
220 
192 
190 
192 
222 
206 
222 
190 
224 
222 
222 
218 
190 
222 
192 
224 
196 
222 
210 
212 
220 
192 
200 
222 
194 
220 
190 
268 
522 
54 
222 
222 
56 
208 
56 
204 
224 
58 
192 
192 
54 
196 
56 
192 
192 
190 
194 
192 
226 
376 
224 
218 
224 
222 
192 
192 
436 
192 
656 
196 
222 
194 
192 
336 
192 
220 
234 
190 
212 
220 
420 
188 
192 
220 
192 
190 
192 
434 
196 
210 
660 
0 
0 
0 
358 
190 
216 
188 
188 
194 
212 
358 
194 
190 
268 
220 
206 
188 
390 
484 
218 
190 
216 
190 
190 
564 
216 
218 
216 
190 
188 
190 
448 
190 
220 
204 
218 
188 
220 
400 
190 
190 
190 
216 
224 
192 
336 
58 
220 
56 
216 
208 
52 
302 
52 
214 
218 
56 
208 
62 
330 
192 
190 
218 
190 
192 
218 
612 
202 
216 
190 
190 
186 
218 
342 
224 
212 
200 
220 
208 
216 
484 
188 
188 
218 
220 
190 
228 
382 
188 
216 
218 
190 
196 
218 
376 
220 
190 
216 
220 
190 
220 
424 
190 
214 
190 
220 
234 
206 
190 
222 
190 
206 
206 
54 
222 
52 
206 
52 
222 
218 
54 
218 
52 
218 
208 
52 
212 
52 
190 
474 
188 
188 
218 
192 
194 
218 
480 
192 
188 
200 
220 
224 
216 
556 
190 
190 
218 
190 
188 
216 
582 
216 
208 
216 
196 
218 
192 
504 
220 
188 
212 
190 
222 
224 
192 
194 
188 
210 
210 
218 
500 
468 
218 
222 
224 
218 
202 
218 
526 
218 
220 
188 
190 
206 
218 
700 
216 
194 
212 
214 
190 
220 
510 
234 
212 
216 
190 
218 
218 
502 
216 
216 
192 
190 
204 
216 
492 
54 
218 
220 
52 
218 
52 
484 
124 
52 
190 
52 
246 
218 
52 
220 
54 
218 
220 
52 
218 
532 
218 
190 
210 
210 
218 
218 
534 
220 
192 
0 
0 
0 
220 
670 
220 
220 
220 
194 
220 
218 
536 
220 
236 
214 
220 
220 
192 
622 
222 
220 
220 
222 
222 
212 
708 
194 
192 
208 
194 
208 
196 
604 
220 
192 
194 
218 
190 
220 
192 
220 
192 
222 
218 
218 
222 
600 
222 
192 
192 
196 
220 
218 
190 
220 
192 
242 
222 
214 
222 
192 
192 
194 
192 
220 
220 
222 
644 
204 
194 
222 
56 
220 
56 
640 
210 
52 
218 
198 
58 
252 
58 
196 
212 
56 
190 
192 
190 
192 
194 
192 
220 
218 
218 
202 
192 
194 
212 
224 
220 
220 
224 
676 
192 
222 
206 
192 
192 
204 
192 
220 
218 
190 
208 
212 
228 
194 
236 
192 
208 
194 
210 
192 
202 
212 
210 
220 
218 
220 
192 
192 
240 
220 
310 
222 
196 
220 
700 
220 
220 
192 
208 
192 
256 
698 
198 
222 
188 
220 
220 
218 
712 
220 
220 
220 
192 
210 
220 
222 
218 
218 
190 
224 
220 
208 
216 
220 
56 
220 
58 
226 
190 
52 
222 
54 
222 
222 
58 
222 
54 
220 
212 
212 
194 
244 
210 
226 
220 
218 
190 
192 
194 
190 
192 
192 
206 
222 
212 
222 
196 
218 
190 
218 
196 
242 
224 
196 
244 
244 
222 
222 
192 
190 
218 
192 
242 
220 
192 
192 
192 
192 
202 
220 
210 
222 
194 
220 
218 
220 
208 
0 
0 
0 
208 
206 
190 
194 
278 
220 
222 
218 
218 
218 
192 
216 
218 
188 
188 
194 
190 
218 
218 
188 
190 
186 
188 
206 
216 
218 
192 
220 
218 
220 
220 
220 
54 
218 
58 
218 
208 
54 
220 
54 
190 
218 
52 
208 
52 
192 
220 
214 
218 
190 
190 
190 
190 
200 
188 
196 
196 
194 
220 
188 
218 
190 
222 
222 
184 
220 
200 
220 
220 
218 
218 
208 
196 
192 
190 
188 
220 
214 
192 
210 
214 
216 
218 
190 
220 
188 
218 
216 
216 
216 
254 
222 
188 
202 
218 
188 
216 
220 
210 
190 
220 
186 
206 
196 
190 
224 
210 
192 
218 
188 
216 
198 
190 
216 
216 
218 
198 
220 
190 
208 
194 
218 
218 
218 
52 
216 
56 
220 
220 
52 
214 
54 
216 
216 
52 
218 
52 
194 
220 
218 
190 
216 
192 
216 
188 
216 
206 
218 
202 
194 
220 
212 
204 
190 
204 
186 
242 
210 
194 
218 
218 
214 
218 
216 
220 
190 
220 
218 
208 
240 
188 
222 
194 
218 
190 
190 
206 
194 
222 
220 
190 
218 
214 
218 
192 
216 
216 
202 
190 
218 
190 
220 
218 
192 
206 
192 
220 
210 
188 
212 
190 
190 
198 
188 
196 
188 
208 
192 
210 
236 
214 
190 
190 
218 
216 
218 
54 
220 
54 
222 
0 
0 
0 
222 
196 
238 
218 
190 
192 
222 
192 
192 
228 
218 
192 
190 
220 
196 
222 
190 
222 
220 
194 
222 
196 
222 
190 
216 
192 
222 
196 
220 
218 
214 
204 
194 
192 
188 
194 
208 
208 
220 
198 
192 
218 
220 
188 
208 
224 
222 
188 
192 
208 
192 
196 
214 
190 
220 
222 
200 
222 
208 
246 
194 
222 
190 
220 
192 
208 
210 
194 
192 
192 
220 
190 
192 
194 
198 
220 
192 
218 
192 
194 
220 
192 
214 
214 
208 
212 
208 
218 
212 
218 
226 
222 
220 
210 
222 
222 
220 
220 
220 
212 
208 
218 
220 
222 
220 
220 
222 
210 
658 
220 
222 
222 
222 
208 
210 
222 
220 
220 
218 
192 
218 
208 
220 
220 
224 
208 
218 
218 
210 
222 
228 
220 
208 
218 
196 
210 
192 
218 
210 
258 
194 
196 
212 
214 
220 
218 
218 
196 
210 
412 
192 
312 
220 
192 
194 
240 
192 
220 
210 
220 
210 
216 
218 
210 
224 
222 
218 
220 
222 
222 
210 
220 
320 
220 
218 
220 
222 
194 
210 
192 
218 
220 
222 
222 
210 
210 
230 
192 
192 
274 
254 
190 
192 
218 
220 
220 
222 
220 
210 
194 
222 
192 
222 
192 
220 
210 
218 
220 
222 
224 
220 
222 
208 
220 
216 
222 
222 
222 
220 
214 
218 
222 
220 
222 
222 
214 
212 
192 
370 
218 
218 
222 
216 
212 
216 
198 
220 
198 
192 
192 
214 
192 
288 
220 
196 
278 
220 
212 
200 
222 
240 
242 
222 
192 
194 
194 
220 
222 
220 
222 
220 
210 
208 
218 
216 
194 
198 
196 
208 
238 
250 
220 
210 
222 
216 
206 
208 
334 
220 
210 
222 
224 
210 
220 
248 
192 
210 
196 
238 
208 
192 
242 
208 
192 
196 
222 
210 
222 
240 
218 
208 
212 
196 
210 
220 
244 
220 
190 
220 
222 
208 
220 
348 
210 
220 
212 
220 
238 
200 
262 
210 
192 
224 
218 
210 
192 
246 
208 
212 
190 
222 
212 
220 
294 
220 
192 
210 
188 
192 
212 
266 
194 
192 
262 
232 
210 
208 
260 
192 
208 
218 
222 
208 
218 
280 
270 
218 
214 
220 
216 
208 
274 
218 
220 
222 
218 
214 
220 
282 
214 
192 
194 
222 
208 
222 
304 
220 
282 
218 
192 
208 
210 
292 
222 
216 
222 
210 
210 
210 
296 
216 
192 
212 
218 
210 
268 
322 
210 
208 
220 
220 
208 
218 
338 
220 
218 
218 
192 
192 
222 
364 
196 
222 
220 
228 
212 
220 
342 
210 
218 
194 
212 
268 
192 
394 
222 
220 
210 
194 
612 
214 
396 
220 
194 
220 
214 
212 
218 
604 
220 
220 
194 
214 
192 
210 
428 
222 
190 
220 
220 
222 
218 
430 
218 
222 
240 
192 
192 
242 
448 
220 
222 
210 
218 
218 
192 
424 
222 
210 
208 
208 
222 
220 
448 
222 
196 
216 
226 
222 
194 
480 
206 
212 
202 
218 
202 
222 
440 
240 
220 
220 
192 
212 
210 
444 
198 
