# FR-trace starting at Wed Dec 16 18:19:23 2020
################# CONFIG #################
# slot=10000
# samples=5000
# threshold=100
# idle=500
# minlen=500
# runs=60000
# pdathreads=3
# nmonitored=1
#   monitor0=/usr/local/lib/libcrypto.so 799838 0xc345e
# nevicted=0
# npdatargets=1
#   target0=/usr/local/lib/libcrypto.so 750148 0xb7244
# affinity=all
############## SYSTEM INFO ###############
# mastik_version=
# sysname=Linux
# nodename=5997f38f2dda
# release=5.4.0-56-generic
# version=#62-Ubuntu SMP Mon Nov 23 19:20:19 UTC 2020
# machine=x86_64
################## DATA ##################
# run=0
# datapoints=3127
52 
220 
194 
222 
240 
220 
222 
190 
220 
188 
244 
220 
220 
220 
220 
222 
190 
194 
222 
218 
220 
218 
198 
220 
220 
216 
218 
210 
50 
220 
218 
222 
222 
52 
206 
224 
222 
54 
212 
52 
204 
210 
50 
236 
52 
208 
220 
196 
220 
188 
192 
222 
224 
218 
192 
212 
218 
218 
222 
190 
240 
218 
232 
190 
218 
192 
190 
244 
220 
192 
194 
220 
192 
190 
218 
194 
194 
216 
192 
194 
218 
218 
236 
218 
222 
190 
222 
192 
210 
210 
226 
210 
242 
218 
224 
206 
276 
218 
214 
194 
222 
190 
192 
192 
192 
222 
220 
192 
220 
192 
194 
222 
220 
220 
220 
218 
196 
218 
192 
224 
218 
194 
188 
192 
238 
194 
218 
220 
54 
218 
222 
54 
206 
52 
220 
220 
52 
220 
204 
50 
222 
50 
190 
196 
50 
208 
52 
238 
220 
194 
186 
220 
218 
192 
224 
194 
220 
194 
192 
220 
192 
192 
222 
222 
218 
218 
194 
208 
234 
210 
220 
224 
210 
52 
210 
194 
278 
218 
240 
226 
192 
206 
220 
202 
218 
218 
192 
192 
190 
194 
192 
208 
226 
218 
196 
190 
214 
190 
222 
220 
218 
252 
210 
224 
194 
216 
222 
218 
220 
220 
220 
194 
192 
188 
218 
202 
218 
0 
0 
0 
186 
192 
216 
192 
218 
298 
206 
208 
216 
220 
204 
190 
238 
50 
218 
48 
220 
210 
50 
192 
50 
206 
216 
52 
374 
50 
498 
190 
196 
328 
220 
206 
216 
192 
190 
218 
204 
220 
214 
184 
198 
216 
194 
212 
188 
186 
220 
192 
216 
220 
220 
224 
50 
48 
320 
190 
188 
190 
202 
208 
188 
192 
216 
222 
216 
218 
188 
228 
260 
192 
192 
218 
190 
190 
196 
190 
192 
190 
216 
262 
208 
206 
188 
190 
218 
216 
218 
206 
190 
190 
216 
190 
190 
218 
206 
220 
328 
218 
218 
220 
222 
208 
192 
290 
220 
216 
52 
220 
208 
50 
220 
48 
222 
218 
50 
204 
50 
352 
218 
48 
218 
48 
208 
216 
46 
216 
208 
188 
204 
204 
204 
298 
218 
216 
218 
222 
192 
216 
232 
208 
218 
192 
190 
214 
218 
264 
208 
192 
190 
214 
206 
188 
444 
220 
214 
192 
218 
204 
220 
254 
190 
218 
190 
220 
208 
218 
262 
230 
218 
212 
216 
284 
230 
254 
194 
240 
210 
220 
208 
190 
488 
200 
214 
190 
216 
192 
190 
252 
188 
218 
192 
218 
208 
220 
430 
192 
222 
204 
222 
204 
196 
394 
188 
224 
214 
50 
206 
48 
284 
218 
48 
218 
48 
204 
220 
50 
216 
52 
216 
214 
192 
0 
0 
0 
198 
206 
222 
190 
192 
324 
190 
196 
236 
212 
206 
218 
374 
218 
218 
194 
210 
204 
218 
338 
194 
194 
190 
256 
190 
240 
378 
200 
222 
190 
194 
212 
224 
374 
218 
208 
214 
194 
210 
228 
392 
218 
194 
222 
194 
212 
218 
390 
236 
206 
192 
190 
210 
206 
194 
192 
190 
214 
190 
210 
198 
602 
222 
220 
218 
192 
190 
220 
684 
208 
192 
192 
196 
216 
220 
464 
198 
214 
222 
54 
212 
220 
52 
220 
52 
218 
224 
50 
218 
414 
50 
220 
72 
54 
192 
218 
400 
224 
194 
218 
192 
228 
192 
408 
194 
224 
190 
194 
190 
240 
410 
228 
194 
204 
210 
192 
222 
472 
194 
192 
224 
190 
192 
222 
460 
196 
192 
218 
218 
210 
190 
536 
218 
192 
222 
222 
194 
196 
554 
218 
220 
222 
218 
196 
190 
468 
222 
192 
220 
212 
192 
212 
718 
208 
194 
218 
212 
196 
212 
530 
242 
190 
192 
220 
264 
226 
820 
194 
210 
222 
240 
238 
194 
558 
192 
222 
52 
222 
54 
224 
550 
52 
220 
52 
218 
222 
52 
542 
96 
220 
224 
54 
222 
220 
50 
222 
54 
218 
222 
52 
222 
626 
220 
208 
222 
190 
192 
218 
714 
222 
208 
198 
194 
204 
222 
700 
220 
192 
204 
222 
196 
194 
598 
208 
194 
220 
192 
0 
0 
0 
218 
188 
220 
218 
190 
218 
568 
218 
208 
190 
200 
220 
216 
188 
216 
186 
220 
206 
190 
218 
592 
220 
244 
190 
218 
206 
190 
842 
186 
196 
218 
208 
190 
206 
618 
220 
214 
216 
220 
190 
190 
620 
216 
216 
216 
190 
214 
218 
642 
190 
218 
250 
192 
48 
216 
636 
50 
218 
50 
222 
216 
50 
678 
50 
218 
220 
48 
192 
216 
710 
216 
218 
222 
190 
188 
222 
694 
192 
220 
206 
218 
218 
206 
190 
210 
192 
208 
250 
220 
208 
218 
190 
218 
220 
220 
218 
220 
202 
188 
188 
216 
200 
218 
208 
236 
232 
192 
220 
218 
240 
216 
218 
192 
198 
216 
192 
216 
218 
200 
216 
212 
186 
210 
190 
220 
210 
192 
190 
220 
194 
192 
200 
204 
190 
188 
188 
186 
216 
218 
224 
186 
210 
196 
188 
218 
192 
222 
52 
220 
48 
216 
220 
50 
218 
52 
216 
218 
50 
220 
50 
188 
190 
218 
192 
192 
204 
192 
220 
240 
218 
200 
218 
190 
192 
216 
196 
220 
250 
220 
224 
188 
220 
190 
206 
192 
190 
190 
204 
186 
204 
218 
188 
188 
218 
216 
192 
190 
192 
218 
218 
220 
188 
192 
190 
190 
214 
222 
202 
218 
206 
216 
186 
188 
216 
220 
194 
212 
218 
220 
188 
206 
188 
210 
190 
192 
186 
190 
220 
190 
190 
214 
220 
206 
192 
208 
218 
190 
188 
240 
212 
52 
220 
48 
216 
48 
218 
220 
50 
218 
46 
190 
196 
190 
216 
216 
218 
216 
216 
218 
188 
216 
212 
192 
220 
194 
190 
190 
218 
192 
192 
192 
220 
188 
202 
232 
216 
186 
244 
208 
222 
218 
196 
216 
186 
190 
196 
192 
190 
186 
210 
190 
238 
196 
192 
220 
220 
218 
216 
220 
216 
216 
188 
192 
190 
190 
216 
212 
200 
240 
188 
218 
216 
216 
220 
188 
232 
220 
200 
220 
216 
218 
188 
232 
214 
230 
190 
194 
192 
208 
48 
216 
50 
218 
188 
50 
206 
50 
206 
212 
52 
208 
50 
218 
48 
218 
218 
52 
216 
50 
218 
216 
50 
218 
190 
186 
192 
218 
224 
194 
192 
222 
218 
208 
216 
216 
228 
218 
188 
214 
192 
216 
214 
200 
222 
216 
204 
218 
220 
188 
188 
216 
208 
190 
198 
218 
214 
238 
188 
186 
190 
196 
190 
234 
220 
192 
190 
190 
234 
188 
216 
238 
210 
188 
238 
192 
220 
216 
188 
214 
196 
216 
218 
208 
192 
222 
200 
222 
212 
188 
220 
186 
216 
216 
188 
194 
190 
220 
220 
188 
190 
220 
224 
50 
190 
52 
194 
214 
50 
206 
48 
220 
204 
48 
214 
48 
198 
202 
218 
188 
218 
194 
220 
214 
192 
218 
218 
218 
240 
192 
0 
0 
278 
222 
218 
194 
220 
190 
192 
228 
222 
222 
224 
226 
212 
190 
190 
246 
242 
222 
220 
192 
220 
222 
220 
222 
210 
224 
216 
202 
222 
192 
218 
206 
198 
190 
192 
254 
190 
224 
220 
228 
222 
212 
192 
226 
192 
218 
190 
192 
190 
216 
194 
224 
222 
194 
222 
208 
194 
208 
222 
222 
218 
194 
220 
220 
198 
218 
196 
50 
224 
210 
52 
224 
218 
50 
218 
54 
218 
222 
52 
222 
230 
50 
210 
212 
208 
210 
190 
224 
220 
190 
194 
220 
192 
222 
222 
222 
228 
194 
200 
192 
282 
218 
214 
220 
210 
190 
194 
196 
52 
218 
224 
190 
222 
194 
216 
194 
192 
220 
208 
216 
194 
218 
218 
222 
218 
198 
218 
348 
194 
194 
216 
224 
208 
192 
196 
202 
206 
210 
222 
208 
192 
192 
222 
192 
220 
220 
648 
194 
212 
212 
192 
194 
220 
192 
246 
200 
190 
222 
192 
218 
210 
222 
196 
218 
204 
216 
54 
210 
220 
52 
218 
52 
222 
224 
52 
220 
206 
54 
212 
54 
220 
210 
56 
192 
52 
208 
194 
52 
268 
220 
192 
192 
224 
192 
196 
210 
218 
388 
190 
220 
192 
220 
196 
222 
194 
240 
222 
222 
218 
190 
210 
250 
218 
222 
216 
220 
208 
194 
196 
194 
222 
220 
218 
210 
220 
462 
206 
190 
194 
36228 
0 
0 
0 
192 
218 
194 
206 
192 
216 
280 
232 
276 
218 
216 
212 
216 
330 
206 
214 
218 
188 
206 
216 
254 
206 
218 
218 
214 
186 
218 
286 
220 
236 
192 
190 
206 
190 
366 
208 
216 
50 
216 
50 
216 
360 
48 
220 
48 
222 
204 
50 
228 
50 
202 
244 
220 
210 
206 
388 
190 
230 
220 
190 
208 
192 
254 
218 
214 
196 
216 
188 
220 
296 
188 
218 
220 
222 
196 
220 
472 
186 
222 
218 
188 
214 
218 
434 
212 
230 
218 
222 
206 
216 
538 
194 
206 
188 
190 
188 
232 
524 
186 
234 
216 
218 
206 
192 
368 
190 
210 
192 
244 
192 
192 
350 
226 
216 
194 
216 
190 
218 
368 
192 
208 
216 
190 
212 
190 
368 
190 
188 
216 
194 
50 
218 
368 
50 
218 
50 
220 
0 
48 
348 
52 
216 
216 
50 
212 
50 
630 
212 
190 
212 
188 
206 
216 
840 
192 
222 
184 
188 
190 
234 
414 
214 
218 
184 
214 
194 
224 
384 
192 
218 
200 
216 
192 
216 
604 
232 
218 
208 
190 
192 
218 
408 
194 
218 
216 
186 
188 
216 
376 
188 
192 
216 
220 
196 
192 
478 
220 
192 
214 
188 
190 
206 
430 
190 
190 
192 
190 
188 
200 
442 
216 
218 
196 
208 
208 
192 
472 
218 
190 
214 
220 
192 
194 
530 
192 
48 
216 
222 
54 
216 
48 
220 
218 
50 
216 
50 
216 
500 
50 
218 
208 
218 
192 
192 
502 
216 
218 
220 
214 
204 
216 
508 
192 
206 
218 
198 
204 
206 
710 
190 
190 
218 
186 
192 
206 
734 
218 
218 
190 
214 
218 
208 
680 
210 
218 
218 
218 
220 
188 
582 
218 
192 
216 
218 
210 
188 
566 
216 
188 
222 
188 
218 
206 
836 
216 
188 
218 
216 
208 
218 
548 
214 
190 
188 
220 
188 
222 
626 
190 
210 
190 
194 
206 
196 
672 
208 
190 
216 
50 
220 
216 
50 
216 
48 
214 
218 
50 
218 
48 
274 
216 
50 
220 
192 
216 
586 
216 
224 
190 
192 
192 
218 
190 
192 
190 
194 
216 
214 
220 
628 
218 
216 
200 
218 
190 
206 
618 
190 
204 
190 
204 
202 
214 
190 
212 
220 
216 
194 
192 
212 
190 
190 
188 
188 
186 
220 
218 
190 
210 
188 
214 
314 
188 
190 
654 
216 
190 
218 
218 
190 
192 
676 
216 
218 
216 
208 
218 
192 
190 
188 
188 
202 
220 
218 
214 
722 
190 
192 
216 
218 
216 
232 
50 
212 
194 
50 
208 
48 
220 
708 
50 
216 
48 
216 
218 
50 
190 
192 
218 
192 
190 
228 
222 
184 
218 
216 
214 
192 
212 
188 
838 
206 
214 
216 
218 
190 
212 
190 
202 
240 
234 
218 
206 
218 
192 
190 
218 
216 
216 
190 
212 
194 
194 
208 
190 
204 
210 
206 
216 
236 
226 
196 
210 
188 
218 
192 
192 
218 
218 
196 
218 
218 
188 
218 
240 
220 
216 
190 
190 
190 
218 
194 
202 
216 
222 
216 
214 
188 
216 
188 
220 
216 
222 
218 
220 
50 
220 
50 
222 
236 
50 
216 
48 
216 
190 
50 
190 
52 
192 
204 
192 
188 
192 
194 
216 
192 
216 
218 
192 
232 
220 
186 
188 
190 
194 
216 
234 
218 
218 
188 
216 
224 
190 
218 
216 
218 
218 
190 
188 
188 
220 
192 
218 
220 
218 
220 
220 
208 
218 
204 
206 
222 
196 
188 
214 
218 
210 
192 
192 
250 
270 
216 
218 
216 
220 
220 
190 
218 
216 
190 
192 
220 
218 
186 
192 
196 
194 
220 
216 
218 
216 
240 
220 
200 
194 
208 
192 
192 
52 
216 
52 
214 
216 
52 
218 
48 
218 
204 
48 
286 
50 
212 
216 
208 
216 
188 
220 
192 
192 
208 
216 
186 
214 
190 
204 
192 
216 
190 
220 
216 
220 
206 
218 
218 
220 
212 
186 
228 
216 
222 
216 
216 
216 
186 
224 
188 
220 
190 
190 
218 
238 
212 
192 
218 
214 
220 
216 
188 
218 
212 
216 
308 
190 
188 
210 
206 
238 
212 
190 
190 
198 
206 
232 
216 
218 
192 
200 
220 
206 
216 
218 
214 
188 
190 
210 
216 
218 
192 
192 
238 
218 
48 
218 
56 
220 
218 
46 
220 
50 
218 
216 
48 
216 
52 
216 
216 
48 
188 
190 
216 
218 
238 
222 
196 
216 
216 
216 
188 
206 
190 
212 
212 
192 
214 
192 
208 
218 
192 
216 
218 
192 
236 
204 
56 
190 
220 
188 
222 
220 
214 
218 
192 
220 
188 
218 
210 
190 
218 
218 
204 
192 
218 
230 
188 
222 
192 
222 
190 
220 
190 
220 
214 
216 
188 
214 
188 
202 
224 
240 
226 
206 
188 
188 
190 
218 
192 
216 
214 
186 
214 
192 
190 
194 
192 
216 
218 
190 
52 
220 
208 
52 
274 
50 
218 
50 
220 
210 
50 
218 
46 
218 
216 
50 
212 
50 
226 
190 
224 
220 
218 
200 
224 
192 
192 
216 
188 
220 
206 
190 
190 
206 
220 
192 
188 
190 
200 
208 
206 
194 
218 
216 
194 
228 
192 
220 
210 
218 
210 
188 
228 
200 
186 
216 
216 
220 
204 
192 
210 
238 
216 
242 
186 
204 
226 
190 
218 
214 
218 
216 
218 
220 
190 
220 
194 
216 
238 
214 
212 
192 
230 
186 
190 
216 
196 
206 
212 
218 
192 
216 
184 
204 
186 
184 
222 
50 
220 
214 
50 
216 
50 
224 
290 
50 
204 
48 
216 
216 
50 
216 
220 
188 
192 
184 
188 
218 
190 
196 
218 
208 
214 
190 
236 
188 
234 
216 
206 
192 
234 
216 
190 
218 
214 
190 
220 
200 
192 
200 
216 
196 
206 
212 
192 
218 
238 
218 
218 
210 
216 
188 
216 
216 
190 
190 
208 
220 
292 
190 
216 
220 
214 
204 
188 
312 
188 
192 
192 
632 
192 
192 
398 
188 
238 
218 
198 
208 
220 
364 
214 
188 
192 
216 
190 
202 
190 
206 
204 
206 
48 
206 
264 
50 
236 
46 
218 
218 
50 
218 
50 
218 
174 
218 
222 
204 
230 
216 
190 
220 
218 
214 
206 
190 
252 
218 
192 
192 
204 
210 
216 
190 
218 
230 
214 
192 
206 
192 
352 
192 
218 
190 
190 
208 
186 
242 
190 
192 
190 
190 
186 
190 
230 
190 
222 
256 
192 
208 
218 
190 
214 
194 
188 
220 
204 
218 
206 
190 
216 
190 
188 
192 
222 
218 
190 
218 
216 
218 
208 
188 
230 
192 
190 
190 
220 
206 
218 
240 
188 
216 
190 
216 
50 
220 
224 
50 
194 
52 
188 
188 
50 
428 
52 
208 
200 
52 
208 
190 
328 
188 
218 
218 
190 
188 
216 
446 
188 
214 
190 
192 
190 
214 
286 
190 
192 
218 
218 
188 
216 
508 
192 
218 
220 
188 
190 
192 
412 
190 
220 
190 
186 
206 
218 
464 
192 
220 
208 
202 
194 
214 
324 
222 
190 
188 
188 
250 
206 
374 
218 
218 
216 
208 
204 
216 
330 
190 
234 
190 
186 
186 
188 
350 
218 
216 
218 
192 
186 
218 
338 
190 
216 
192 
192 
214 
88 
318 
216 
50 
224 
48 
204 
218 
52 
220 
48 
220 
322 
50 
192 
340 
194 
188 
220 
190 
194 
190 
414 
644 
252 
188 
282 
216 
190 
420 
190 
190 
214 
218 
216 
206 
566 
188 
226 
218 
190 
216 
192 
412 
190 
192 
222 
218 
218 
214 
434 
198 
188 
190 
188 
190 
190 
486 
216 
192 
190 
190 
222 
190 
240 
218 
216 
216 
198 
204 
192 
620 
188 
216 
216 
194 
192 
190 
592 
218 
218 
216 
216 
208 
192 
548 
214 
188 
216 
190 
192 
216 
50 
216 
216 
50 
218 
48 
220 
544 
216 
190 
214 
188 
190 
192 
616 
218 
228 
216 
210 
220 
218 
712 
192 
192 
186 
188 
212 
218 
238 
262 
238 
248 
184 
216 
220 
526 
218 
188 
208 
192 
200 
190 
580 
198 
216 
192 
190 
214 
190 
542 
218 
216 
216 
192 
218 
214 
552 
218 
216 
220 
216 
218 
190 
514 
220 
192 
216 
192 
216 
192 
564 
216 
190 
192 
252 
218 
188 
566 
190 
190 
218 
192 
192 
192 
206 
218 
210 
218 
214 
218 
220 
552 
220 
216 
218 
218 
214 
218 
590 
216 
220 
218 
220 
218 
218 
608 
220 
220 
222 
218 
220 
216 
624 
220 
218 
218 
214 
218 
218 
616 
216 
214 
218 
218 
280 
218 
624 
220 
188 
220 
208 
218 
192 
634 
208 
218 
218 
208 
218 
206 
186 
208 
216 
214 
220 
192 
220 
186 
218 
220 
204 
218 
212 
206 
240 
220 
208 
222 
214 
224 
220 
190 
220 
216 
218 
216 
218 
190 
664 
216 
220 
186 
214 
216 
220 
670 
192 
220 
190 
216 
218 
218 
636 
218 
218 
214 
190 
216 
214 
190 
216 
190 
220 
220 
220 
188 
686 
190 
192 
222 
218 
220 
222 
692 
192 
218 
218 
222 
220 
218 
710 
214 
220 
294 
520 
216 
216 
218 
218 
220 
222 
220 
216 
218 
220 
220 
198 
220 
190 
220 
218 
218 
218 
220 
218 
220 
216 
252 
236 
218 
208 
226 
216 
194 
220 
218 
220 
216 
218 
192 
218 
206 
324 
220 
210 
208 
218 
236 
218 
202 
218 
186 
190 
222 
216 
192 
216 
220 
216 
196 
216 
216 
190 
216 
216 
216 
208 
312 
198 
220 
206 
214 
208 
206 
218 
206 
206 
190 
200 
216 
214 
220 
218 
216 
222 
216 
190 
188 
232 
206 
206 
216 
216 
190 
214 
186 
248 
218 
194 
224 
204 
214 
190 
260 
204 
216 
240 
194 
218 
218 
222 
244 
216 
222 
222 
216 
218 
220 
216 
220 
228 
208 
214 
218 
220 
204 
218 
206 
188 
220 
198 
218 
220 
220 
220 
216 
216 
216 
218 
224 
220 
262 
232 
220 
220 
222 
216 
214 
216 
208 
220 
188 
218 
218 
214 
206 
198 
218 
220 
218 
220 
218 
206 
206 
216 
220 
218 
222 
190 
198 
216 
224 
194 
208 
186 
218 
206 
186 
192 
192 
194 
268 
292 
208 
188 
198 
216 
216 
194 
190 
240 
240 
222 
220 
216 
206 
384 
390 
218 
218 
210 
208 
246 
220 
218 
212 
220 
216 
218 
206 
194 
218 
200 
216 
222 
218 
220 
274 
250 
216 
204 
216 
216 
208 
208 
220 
218 
210 
216 
190 
208 
210 
218 
226 
216 
220 
216 
216 
220 
216 
220 
212 
216 
208 
194 
198 
218 
218 
204 
214 
188 
204 
216 
190 
216 
218 
216 
218 
218 
212 
208 
222 
206 
188 
206 
192 
218 
216 
216 
222 
220 
210 
218 
238 
194 
204 
218 
216 
214 
192 
204 
190 
188 
206 
268 
208 
210 
220 
218 
214 
218 
220 
216 
214 
218 
218 
