# FR-trace starting at Wed Dec 16 19:34:09 2020
################# CONFIG #################
# slot=10000
# samples=5000
# threshold=100
# idle=500
# minlen=500
# runs=60000
# pdathreads=3
# nmonitored=1
#   monitor0=/usr/local/lib/libcrypto.so 799838 0xc345e
# nevicted=0
# npdatargets=1
#   target0=/usr/local/lib/libcrypto.so 750148 0xb7244
# affinity=all
############## SYSTEM INFO ###############
# mastik_version=
# sysname=Linux
# nodename=5997f38f2dda
# release=5.4.0-56-generic
# version=#62-Ubuntu SMP Mon Nov 23 19:20:19 UTC 2020
# machine=x86_64
################## DATA ##################
# run=0
# datapoints=3092
54 
218 
238 
208 
224 
216 
682 
218 
190 
192 
192 
228 
192 
626 
196 
222 
192 
222 
228 
192 
678 
222 
220 
196 
218 
198 
220 
684 
56 
220 
188 
192 
194 
60 
606 
54 
224 
208 
58 
222 
54 
668 
232 
56 
192 
194 
222 
220 
192 
224 
220 
192 
208 
222 
192 
640 
222 
228 
220 
212 
218 
220 
636 
222 
220 
220 
200 
218 
208 
646 
222 
192 
222 
220 
222 
220 
652 
194 
194 
194 
222 
192 
210 
636 
200 
212 
212 
190 
220 
238 
190 
208 
208 
220 
222 
210 
194 
192 
218 
188 
190 
222 
222 
222 
192 
220 
224 
202 
192 
220 
190 
192 
198 
220 
220 
220 
220 
190 
218 
0 
0 
0 
220 
190 
190 
188 
200 
220 
190 
54 
206 
218 
52 
210 
54 
220 
208 
54 
244 
54 
216 
218 
52 
218 
56 
216 
218 
54 
220 
190 
220 
188 
220 
194 
234 
220 
214 
220 
192 
216 
218 
190 
218 
220 
192 
234 
218 
190 
214 
188 
210 
216 
192 
52 
188 
190 
222 
188 
218 
216 
220 
220 
218 
208 
208 
204 
216 
188 
258 
190 
266 
200 
244 
218 
204 
216 
210 
218 
216 
218 
624 
204 
216 
198 
206 
220 
220 
184 
196 
188 
188 
216 
224 
188 
216 
220 
192 
216 
216 
190 
192 
188 
190 
218 
204 
220 
220 
56 
216 
54 
222 
218 
56 
208 
56 
222 
188 
52 
248 
56 
202 
280 
216 
266 
188 
218 
188 
220 
188 
196 
220 
188 
216 
190 
220 
216 
190 
188 
190 
190 
218 
190 
216 
220 
192 
188 
224 
214 
216 
192 
190 
216 
192 
230 
216 
218 
236 
218 
186 
216 
208 
190 
222 
190 
220 
194 
188 
190 
190 
192 
204 
216 
218 
220 
298 
190 
208 
218 
210 
188 
220 
216 
188 
188 
214 
234 
216 
190 
220 
218 
218 
218 
220 
190 
218 
220 
190 
200 
190 
218 
52 
222 
52 
220 
210 
50 
218 
54 
214 
218 
56 
218 
52 
218 
206 
54 
210 
56 
194 
236 
188 
252 
186 
212 
208 
192 
188 
216 
212 
218 
216 
192 
220 
218 
220 
190 
214 
190 
190 
216 
192 
220 
220 
220 
232 
190 
220 
218 
216 
220 
200 
216 
190 
196 
190 
190 
194 
190 
192 
190 
188 
218 
196 
208 
188 
204 
198 
216 
190 
206 
190 
190 
212 
206 
256 
186 
192 
222 
280 
216 
212 
222 
230 
220 
190 
216 
192 
216 
208 
194 
190 
224 
216 
192 
216 
216 
54 
216 
54 
216 
218 
56 
220 
50 
208 
208 
54 
220 
54 
222 
220 
236 
200 
218 
216 
192 
206 
220 
238 
236 
204 
222 
220 
286 
188 
188 
210 
186 
212 
190 
194 
222 
194 
202 
218 
218 
218 
220 
236 
190 
220 
192 
188 
190 
190 
216 
214 
210 
218 
218 
216 
188 
192 
186 
242 
214 
332 
220 
192 
220 
218 
192 
186 
218 
224 
218 
190 
220 
188 
206 
218 
188 
236 
188 
240 
190 
204 
220 
218 
192 
232 
186 
210 
218 
188 
218 
190 
52 
218 
208 
52 
218 
52 
220 
220 
56 
204 
52 
216 
216 
52 
206 
190 
190 
220 
188 
204 
192 
226 
190 
194 
220 
192 
218 
218 
198 
220 
192 
216 
190 
224 
216 
224 
208 
208 
190 
190 
218 
188 
214 
190 
204 
190 
196 
192 
218 
216 
218 
206 
218 
190 
212 
204 
216 
190 
210 
190 
224 
216 
218 
218 
218 
190 
190 
188 
218 
216 
216 
190 
208 
206 
248 
218 
192 
218 
192 
206 
218 
258 
220 
188 
216 
212 
188 
210 
190 
194 
206 
208 
218 
54 
220 
52 
220 
214 
52 
214 
52 
220 
124 
220 
216 
54 
220 
54 
218 
218 
54 
220 
52 
220 
208 
54 
190 
194 
190 
200 
210 
188 
190 
190 
218 
188 
190 
206 
188 
216 
200 
220 
220 
216 
188 
208 
216 
190 
206 
192 
192 
194 
196 
218 
190 
190 
226 
216 
220 
206 
216 
292 
218 
220 
190 
198 
188 
218 
298 
220 
192 
190 
190 
208 
216 
416 
218 
192 
242 
220 
206 
190 
196 
192 
218 
190 
232 
208 
218 
256 
220 
188 
188 
190 
204 
192 
458 
188 
190 
190 
186 
206 
206 
232 
190 
54 
220 
50 
216 
208 
54 
188 
52 
216 
222 
54 
218 
54 
184 
214 
216 
190 
190 
216 
506 
196 
218 
216 
190 
214 
192 
356 
190 
208 
188 
224 
190 
190 
386 
190 
214 
218 
192 
208 
224 
538 
198 
218 
190 
218 
190 
194 
280 
222 
208 
228 
214 
190 
218 
332 
200 
208 
214 
190 
204 
220 
514 
218 
218 
224 
222 
192 
192 
446 
220 
218 
190 
220 
206 
192 
282 
218 
218 
222 
218 
210 
220 
282 
210 
222 
220 
188 
206 
220 
358 
218 
238 
52 
190 
52 
216 
294 
54 
190 
52 
300 
234 
54 
316 
54 
216 
190 
218 
208 
218 
334 
188 
218 
218 
194 
190 
218 
548 
190 
188 
220 
202 
190 
220 
376 
236 
218 
190 
220 
216 
218 
406 
188 
218 
200 
232 
210 
190 
502 
190 
188 
218 
220 
190 
218 
398 
194 
210 
194 
198 
200 
328 
516 
240 
216 
212 
304 
208 
234 
434 
190 
188 
220 
228 
230 
222 
570 
206 
190 
190 
188 
216 
190 
528 
218 
192 
216 
216 
220 
218 
440 
190 
216 
54 
194 
218 
54 
422 
52 
218 
222 
56 
220 
52 
506 
208 
206 
214 
208 
208 
206 
420 
206 
276 
214 
190 
216 
188 
658 
218 
190 
218 
220 
188 
220 
588 
240 
218 
194 
222 
190 
190 
534 
218 
190 
220 
216 
210 
220 
460 
218 
192 
220 
228 
206 
218 
654 
224 
190 
190 
218 
218 
214 
502 
220 
190 
208 
188 
196 
190 
556 
194 
218 
206 
258 
186 
250 
540 
274 
226 
210 
192 
188 
216 
512 
204 
190 
196 
212 
192 
216 
550 
54 
224 
216 
52 
220 
52 
568 
218 
52 
220 
58 
218 
194 
58 
208 
56 
192 
220 
54 
216 
52 
216 
54 
282 
218 
220 
218 
192 
218 
188 
214 
206 
204 
206 
606 
286 
206 
218 
204 
218 
206 
584 
212 
186 
190 
186 
212 
218 
624 
188 
56 
206 
190 
218 
218 
588 
214 
190 
204 
218 
190 
190 
190 
218 
208 
218 
190 
216 
208 
630 
192 
192 
190 
236 
190 
220 
622 
190 
188 
216 
210 
192 
190 
612 
198 
238 
234 
192 
226 
194 
684 
222 
192 
218 
218 
222 
220 
188 
190 
220 
216 
786 
260 
186 
52 
220 
54 
220 
218 
52 
218 
52 
220 
218 
52 
218 
54 
212 
188 
218 
220 
218 
188 
218 
216 
192 
216 
188 
190 
218 
210 
198 
688 
202 
206 
338 
206 
218 
216 
192 
212 
190 
52 
218 
200 
190 
206 
192 
196 
216 
218 
190 
212 
220 
206 
228 
214 
206 
190 
216 
208 
196 
208 
216 
218 
190 
272 
190 
188 
218 
190 
192 
220 
222 
212 
190 
218 
192 
190 
222 
190 
216 
192 
190 
192 
194 
190 
190 
218 
190 
216 
216 
192 
222 
190 
190 
186 
218 
218 
54 
216 
54 
220 
216 
54 
222 
54 
222 
218 
56 
218 
216 
194 
190 
218 
218 
218 
218 
190 
216 
190 
222 
194 
190 
188 
188 
190 
190 
188 
188 
190 
190 
220 
186 
260 
202 
204 
210 
188 
188 
190 
190 
220 
216 
188 
188 
192 
200 
218 
216 
200 
214 
218 
190 
220 
218 
188 
190 
216 
218 
220 
216 
220 
190 
220 
218 
190 
190 
226 
190 
206 
218 
204 
188 
218 
218 
218 
188 
188 
210 
192 
216 
188 
194 
218 
194 
208 
188 
218 
54 
190 
56 
218 
52 
220 
218 
52 
218 
54 
218 
218 
56 
218 
54 
218 
224 
50 
218 
54 
216 
216 
194 
192 
190 
218 
222 
188 
210 
210 
218 
204 
222 
190 
216 
210 
198 
210 
222 
218 
188 
186 
218 
220 
204 
216 
190 
208 
190 
206 
192 
192 
214 
220 
218 
190 
190 
202 
188 
192 
218 
230 
204 
218 
190 
216 
210 
220 
196 
192 
190 
190 
218 
188 
218 
216 
190 
218 
220 
196 
216 
208 
204 
206 
222 
222 
190 
186 
218 
218 
224 
208 
190 
216 
190 
192 
218 
210 
190 
54 
192 
192 
54 
192 
54 
220 
218 
56 
218 
50 
214 
206 
54 
190 
206 
218 
200 
220 
218 
216 
236 
218 
190 
216 
216 
192 
220 
206 
234 
190 
238 
208 
214 
216 
186 
218 
190 
218 
212 
218 
218 
192 
220 
218 
188 
220 
190 
190 
190 
208 
190 
188 
222 
188 
212 
264 
220 
190 
188 
284 
220 
256 
218 
190 
218 
220 
218 
218 
192 
220 
216 
208 
220 
220 
226 
216 
218 
218 
216 
218 
220 
188 
218 
220 
194 
192 
188 
194 
218 
216 
192 
218 
54 
218 
54 
220 
218 
56 
216 
54 
220 
220 
52 
220 
52 
216 
218 
52 
222 
220 
190 
196 
216 
212 
218 
218 
220 
190 
188 
220 
190 
214 
190 
218 
216 
188 
188 
230 
218 
216 
216 
220 
216 
218 
208 
218 
218 
190 
206 
188 
220 
1156 
0 
0 
190 
204 
188 
222 
188 
222 
190 
218 
220 
192 
188 
200 
212 
188 
218 
218 
192 
218 
208 
192 
192 
190 
190 
198 
190 
208 
190 
202 
206 
208 
192 
192 
208 
222 
186 
218 
218 
218 
190 
190 
218 
190 
190 
246 
218 
208 
52 
214 
54 
214 
214 
54 
218 
54 
218 
206 
54 
216 
56 
208 
208 
218 
192 
220 
212 
218 
198 
188 
220 
188 
190 
194 
220 
208 
188 
190 
188 
190 
214 
190 
190 
190 
190 
194 
216 
220 
220 
188 
208 
188 
188 
220 
208 
218 
218 
194 
214 
306 
216 
190 
192 
188 
210 
194 
372 
218 
220 
190 
190 
188 
212 
218 
218 
220 
190 
184 
204 
204 
190 
220 
222 
218 
190 
188 
218 
192 
188 
218 
216 
218 
192 
188 
186 
220 
206 
204 
188 
208 
52 
218 
56 
220 
220 
50 
208 
54 
220 
206 
50 
220 
52 
208 
214 
346 
218 
228 
218 
206 
212 
206 
190 
190 
210 
206 
218 
204 
198 
202 
222 
218 
190 
216 
208 
192 
188 
216 
220 
188 
202 
208 
218 
196 
218 
190 
220 
218 
210 
218 
320 
218 
188 
190 
220 
190 
218 
194 
190 
220 
218 
220 
190 
192 
306 
218 
234 
190 
216 
192 
212 
450 
188 
188 
208 
232 
206 
218 
214 
188 
206 
218 
206 
192 
216 
234 
218 
218 
190 
222 
186 
218 
56 
218 
52 
216 
214 
50 
216 
54 
220 
216 
52 
214 
50 
218 
416 
190 
220 
190 
218 
190 
190 
274 
200 
216 
188 
192 
208 
218 
404 
188 
218 
218 
190 
202 
208 
460 
192 
216 
208 
210 
204 
222 
280 
214 
220 
206 
218 
202 
204 
508 
218 
212 
190 
190 
190 
218 
280 
216 
220 
192 
190 
208 
214 
506 
218 
192 
186 
218 
204 
206 
332 
238 
200 
190 
194 
188 
214 
576 
188 
218 
218 
220 
192 
188 
522 
222 
206 
190 
216 
204 
222 
368 
52 
216 
216 
54 
210 
54 
342 
56 
216 
220 
52 
206 
52 
372 
220 
214 
192 
208 
190 
212 
392 
216 
186 
216 
236 
206 
190 
400 
190 
192 
188 
188 
188 
216 
368 
190 
194 
186 
190 
188 
214 
366 
216 
236 
212 
188 
188 
284 
590 
204 
190 
194 
216 
204 
218 
492 
192 
194 
186 
192 
192 
220 
402 
218 
218 
218 
218 
218 
216 
402 
186 
220 
224 
230 
220 
230 
402 
220 
220 
218 
218 
188 
190 
186 
190 
218 
220 
212 
220 
188 
204 
188 
188 
52 
216 
224 
52 
404 
54 
218 
54 
218 
220 
56 
464 
54 
56 
192 
210 
190 
190 
568 
208 
220 
190 
192 
218 
220 
504 
222 
190 
190 
194 
192 
220 
510 
216 
220 
192 
190 
226 
54 
710 
220 
218 
188 
224 
220 
192 
674 
192 
196 
208 
190 
188 
188 
520 
188 
204 
186 
210 
252 
238 
576 
216 
218 
188 
208 
220 
190 
738 
212 
188 
218 
220 
216 
222 
714 
216 
226 
216 
190 
218 
190 
680 
192 
220 
212 
190 
218 
216 
520 
216 
190 
218 
56 
220 
220 
52 
216 
52 
216 
218 
54 
186 
52 
192 
54 
464 
188 
52 
188 
648 
208 
218 
190 
286 
222 
192 
584 
218 
190 
190 
218 
218 
220 
540 
218 
188 
218 
218 
218 
214 
584 
222 
216 
218 
220 
188 
220 
746 
208 
218 
186 
190 
188 
218 
190 
190 
188 
218 
194 
220 
220 
588 
216 
190 
220 
186 
210 
206 
744 
220 
212 
188 
220 
218 
188 
632 
202 
216 
190 
214 
192 
218 
686 
190 
218 
218 
222 
216 
218 
666 
230 
218 
188 
198 
218 
218 
54 
220 
54 
218 
218 
56 
192 
52 
206 
56 
190 
214 
52 
332 
56 
270 
218 
54 
252 
314 
200 
194 
208 
198 
270 
218 
208 
204 
712 
190 
216 
216 
190 
188 
212 
188 
218 
194 
216 
190 
218 
214 
192 
220 
212 
188 
194 
192 
218 
840 
186 
216 
190 
218 
188 
216 
294 
218 
192 
190 
218 
190 
218 
706 
192 
218 
218 
190 
190 
206 
692 
188 
198 
190 
210 
218 
196 
196 
254 
218 
186 
218 
238 
230 
188 
0 
0 
0 
190 
220 
224 
220 
192 
238 
218 
220 
192 
222 
58 
220 
218 
56 
220 
220 
56 
208 
56 
222 
220 
54 
220 
218 
56 
196 
194 
220 
220 
218 
192 
218 
190 
208 
192 
192 
194 
192 
210 
222 
192 
190 
220 
196 
224 
220 
192 
220 
190 
218 
220 
192 
192 
218 
222 
218 
220 
192 
208 
218 
192 
212 
192 
192 
188 
190 
220 
192 
192 
222 
220 
194 
192 
220 
222 
190 
192 
194 
220 
220 
190 
222 
230 
192 
240 
208 
192 
192 
242 
210 
192 
244 
240 
210 
218 
198 
220 
190 
658 
192 
210 
212 
196 
222 
220 
222 
54 
220 
54 
222 
220 
54 
218 
54 
220 
220 
54 
222 
218 
54 
202 
204 
192 
222 
188 
220 
222 
192 
196 
218 
216 
194 
208 
220 
192 
232 
192 
222 
212 
204 
192 
222 
234 
224 
224 
194 
222 
222 
238 
192 
222 
222 
192 
736 
208 
218 
220 
218 
198 
194 
218 
194 
224 
190 
216 
218 
220 
220 
222 
220 
218 
220 
198 
210 
222 
224 
190 
224 
220 
220 
208 
190 
222 
224 
192 
192 
232 
192 
192 
210 
210 
212 
216 
220 
228 
222 
192 
218 
222 
192 
192 
54 
222 
220 
58 
218 
58 
222 
216 
56 
224 
220 
60 
222 
58 
228 
214 
190 
218 
0 
0 
0 
214 
214 
218 
238 
190 
188 
218 
216 
192 
216 
220 
194 
218 
218 
188 
208 
186 
204 
208 
208 
194 
190 
220 
186 
218 
214 
222 
186 
192 
220 
190 
200 
190 
212 
220 
220 
190 
218 
218 
218 
184 
218 
196 
188 
190 
212 
190 
218 
192 
218 
206 
216 
220 
190 
190 
212 
218 
220 
192 
216 
204 
190 
216 
220 
190 
202 
208 
220 
202 
190 
188 
190 
190 
208 
192 
206 
218 
222 
52 
218 
52 
206 
222 
56 
216 
54 
220 
218 
54 
192 
218 
216 
190 
222 
216 
206 
188 
186 
216 
216 
194 
218 
226 
236 
192 
220 
188 
196 
186 
208 
218 
214 
190 
198 
220 
208 
192 
192 
190 
188 
192 
190 
188 
190 
190 
208 
190 
190 
222 
218 
204 
190 
206 
216 
204 
190 
192 
208 
190 
188 
216 
216 
220 
192 
210 
192 
188 
238 
204 
196 
216 
206 
220 
216 
218 
222 
186 
214 
208 
188 
188 
220 
218 
232 
218 
196 
218 
224 
54 
198 
50 
218 
190 
54 
200 
190 
204 
190 
218 
206 
220 
200 
202 
220 
218 
216 
206 
218 
194 
218 
218 
192 
224 
206 
212 
190 
218 
190 
218 
190 
206 
196 
188 
218 
188 
220 
218 
240 
188 
350 
218 
220 
192 
218 
206 
208 
186 
220 
212 
216 
196 
188 
190 
294 
210 
206 
196 
200 
190 
218 
192 
222 
216 
188 
192 
188 
218 
190 
190 
188 
222 
222 
206 
222 
190 
186 
216 
220 
222 
206 
220 
186 
216 
218 
220 
218 
206 
206 
336 
216 
220 
218 
214 
208 
218 
218 
218 
220 
216 
216 
208 
216 
210 
218 
186 
206 
206 
206 
220 
272 
214 
204 
222 
220 
190 
218 
218 
220 
214 
218 
214 
208 
220 
220 
216 
218 
220 
212 
208 
216 
312 
222 
220 
214 
216 
188 
218 
304 
206 
212 
190 
216 
206 
220 
188 
192 
218 
266 
192 
210 
216 
644 
190 
192 
206 
190 
192 
190 
220 
206 
276 
220 
208 
208 
216 
218 
196 
216 
212 
218 
208 
216 
218 
218 
218 
218 
220 
208 
220 
202 
214 
208 
216 
190 
208 
216 
200 
214 
208 
208 
194 
212 
252 
338 
222 
218 
218 
218 
208 
216 
216 
216 
220 
192 
218 
232 
216 
254 
204 
208 
216 
222 
206 
224 
260 
218 
220 
206 
240 
208 
238 
268 
212 
216 
222 
218 
210 
220 
290 
216 
218 
218 
214 
188 
218 
486 
216 
216 
216 
220 
190 
196 
384 
196 
234 
190 
206 
210 
216 
302 
218 
224 
208 
200 
196 
244 
504 
190 
192 
210 
190 
208 
228 
258 
218 
218 
208 
190 
208 
218 
322 
188 
210 
190 
202 
208 
218 
342 
220 
216 
218 
218 
208 
220 
352 
208 
208 
242 
214 
206 
208 
642 
206 
192 
206 
216 
220 
220 
324 
206 
186 
214 
220 
194 
216 
340 
194 
218 
206 
192 
204 
204 
442 
220 
216 
210 
220 
208 
206 
586 
218 
218 
208 
218 
204 
220 
490 
214 
216 
220 
250 
206 
218 
396 
208 
246 
190 
194 
218 
220 
402 
218 
220 
188 
272 
218 
200 
402 
190 
220 
218 
220 
216 
212 
556 
218 
218 
206 
190 
206 
208 
454 
192 
188 
216 
198 
216 
220 
472 
190 
198 
212 
190 
222 
206 
498 
190 
220 
218 
190 
218 
218 
486 
218 
224 
192 
206 
220 
214 
478 
206 
186 
220 
218 
220 
198 
576 
218 
218 
188 
216 
218 
216 
742 
192 
206 
210 
220 
206 
208 
608 
188 
194 
190 
206 
206 
208 
480 
216 
220 
216 
208 
210 
206 
566 
218 
218 
208 
216 
206 
188 
484 
208 
218 
220 
216 
220 
218 
492 
192 
216 
208 
188 
206 
204 
566 
218 
218 
186 
190 
206 
208 
536 
218 
236 
218 
208 
206 
216 
188 
250 
206 
218 
206 
210 
186 
556 
190 
244 
192 
196 
220 
214 
544 
204 
220 
190 
218 
202 
196 
570 
212 
218 
208 
220 
216 
218 
592 
220 
218 
216 
222 
218 
218 
614 
216 
218 
216 
210 
222 
190 
614 
216 
216 
