# FR-trace starting at Wed Dec 16 18:52:08 2020
################# CONFIG #################
# slot=10000
# samples=5000
# threshold=100
# idle=500
# minlen=500
# runs=60000
# pdathreads=3
# nmonitored=1
#   monitor0=/usr/local/lib/libcrypto.so 799838 0xc345e
# nevicted=0
# npdatargets=1
#   target0=/usr/local/lib/libcrypto.so 750148 0xb7244
# affinity=all
############## SYSTEM INFO ###############
# mastik_version=
# sysname=Linux
# nodename=5997f38f2dda
# release=5.4.0-56-generic
# version=#62-Ubuntu SMP Mon Nov 23 19:20:19 UTC 2020
# machine=x86_64
################## DATA ##################
# run=0
# datapoints=3212
56 
198 
190 
658 
188 
190 
264 
266 
214 
190 
192 
218 
216 
188 
218 
220 
192 
190 
224 
192 
192 
220 
220 
218 
656 
186 
216 
220 
56 
222 
190 
652 
188 
54 
218 
216 
56 
218 
56 
220 
218 
54 
220 
56 
218 
684 
58 
220 
222 
220 
222 
208 
190 
188 
240 
208 
188 
220 
192 
196 
186 
186 
216 
190 
204 
188 
218 
190 
218 
190 
192 
218 
54 
56 
188 
186 
192 
190 
196 
188 
188 
190 
204 
188 
188 
192 
188 
198 
204 
276 
192 
190 
188 
208 
190 
218 
216 
220 
192 
216 
220 
192 
220 
206 
188 
188 
294 
206 
190 
188 
188 
204 
222 
218 
188 
206 
190 
220 
222 
216 
218 
220 
212 
192 
218 
188 
194 
188 
188 
218 
56 
220 
126 
216 
192 
56 
218 
56 
220 
222 
54 
224 
52 
216 
220 
56 
216 
56 
220 
218 
56 
188 
206 
216 
190 
216 
188 
204 
190 
274 
190 
342 
216 
218 
626 
190 
218 
218 
194 
0 
0 
0 
192 
224 
192 
222 
220 
220 
194 
190 
220 
196 
216 
220 
194 
222 
192 
216 
220 
220 
194 
192 
220 
220 
220 
226 
220 
220 
222 
190 
218 
220 
220 
220 
214 
212 
192 
190 
210 
222 
208 
208 
242 
218 
198 
222 
202 
220 
192 
210 
192 
194 
192 
190 
236 
220 
218 
218 
220 
238 
192 
214 
220 
190 
224 
218 
58 
222 
220 
62 
206 
218 
58 
222 
58 
220 
220 
58 
222 
58 
220 
218 
56 
222 
220 
58 
210 
190 
192 
216 
192 
216 
218 
220 
200 
194 
204 
220 
222 
218 
218 
192 
190 
220 
220 
214 
218 
220 
218 
220 
218 
196 
220 
220 
224 
194 
194 
220 
192 
210 
218 
202 
198 
192 
192 
190 
214 
192 
238 
218 
198 
218 
194 
220 
228 
220 
194 
212 
192 
212 
188 
212 
194 
194 
196 
192 
192 
220 
220 
220 
220 
224 
192 
196 
192 
194 
228 
222 
220 
224 
194 
220 
220 
220 
190 
190 
224 
194 
194 
58 
218 
220 
56 
222 
58 
222 
220 
60 
220 
56 
222 
222 
60 
220 
58 
210 
220 
194 
218 
222 
220 
190 
192 
192 
200 
266 
192 
262 
220 
190 
194 
238 
194 
192 
220 
208 
212 
218 
220 
216 
226 
194 
218 
194 
192 
196 
224 
194 
194 
192 
206 
224 
190 
194 
220 
222 
194 
220 
218 
222 
190 
216 
196 
196 
218 
198 
220 
222 
194 
198 
208 
194 
208 
192 
190 
202 
212 
226 
220 
222 
198 
222 
210 
238 
224 
222 
204 
222 
216 
208 
194 
222 
194 
222 
192 
192 
210 
218 
60 
224 
192 
58 
218 
208 
58 
222 
60 
218 
218 
58 
208 
62 
222 
220 
58 
218 
58 
208 
220 
58 
208 
190 
192 
220 
190 
196 
196 
218 
222 
240 
192 
212 
220 
210 
222 
220 
192 
192 
208 
222 
216 
194 
222 
222 
192 
210 
224 
190 
222 
198 
224 
194 
190 
220 
192 
216 
222 
220 
236 
212 
192 
232 
210 
194 
220 
190 
210 
202 
190 
192 
190 
220 
224 
194 
194 
208 
224 
194 
220 
194 
206 
218 
194 
220 
226 
222 
192 
192 
192 
196 
192 
222 
220 
220 
212 
194 
194 
222 
220 
194 
222 
208 
190 
222 
60 
218 
58 
222 
208 
56 
214 
60 
222 
220 
60 
210 
60 
228 
196 
220 
220 
220 
192 
210 
192 
198 
192 
196 
194 
190 
232 
192 
192 
228 
190 
210 
192 
192 
190 
222 
222 
222 
192 
208 
224 
192 
220 
218 
190 
194 
192 
230 
338 
224 
224 
220 
190 
212 
190 
334 
218 
222 
220 
222 
224 
220 
268 
222 
220 
234 
190 
206 
224 
206 
218 
222 
222 
190 
216 
194 
208 
222 
192 
194 
216 
208 
222 
300 
218 
220 
190 
222 
208 
192 
190 
192 
222 
218 
194 
210 
58 
278 
220 
56 
212 
222 
60 
222 
60 
220 
218 
56 
220 
58 
220 
226 
192 
192 
222 
222 
194 
194 
234 
240 
220 
220 
222 
194 
204 
212 
190 
220 
206 
190 
208 
220 
426 
196 
224 
220 
220 
212 
220 
238 
196 
220 
222 
222 
190 
222 
276 
222 
220 
222 
194 
190 
200 
366 
228 
220 
222 
494 
930 
202 
238 
192 
204 
222 
238 
190 
192 
462 
190 
190 
194 
222 
196 
222 
246 
204 
222 
196 
222 
220 
190 
256 
220 
192 
190 
222 
210 
192 
430 
194 
222 
222 
194 
208 
192 
272 
58 
222 
180 
58 
210 
216 
56 
218 
178 
220 
220 
58 
218 
314 
58 
194 
218 
222 
214 
220 
474 
214 
222 
222 
220 
208 
226 
392 
192 
222 
222 
220 
192 
218 
360 
192 
218 
222 
224 
212 
214 
360 
224 
220 
222 
192 
208 
192 
416 
194 
220 
218 
192 
192 
192 
580 
212 
218 
192 
202 
190 
192 
584 
194 
220 
220 
210 
224 
194 
374 
220 
192 
220 
192 
212 
224 
380 
220 
242 
216 
222 
208 
224 
516 
196 
218 
190 
220 
210 
222 
390 
218 
226 
224 
202 
216 
218 
636 
56 
220 
220 
58 
220 
58 
372 
222 
58 
220 
218 
58 
190 
58 
220 
194 
248 
194 
220 
220 
536 
192 
222 
196 
222 
220 
190 
426 
202 
222 
192 
192 
208 
214 
450 
210 
192 
190 
230 
220 
220 
450 
192 
222 
220 
240 
190 
192 
486 
220 
228 
218 
202 
224 
220 
508 
194 
188 
198 
222 
196 
220 
520 
222 
192 
216 
192 
190 
222 
730 
220 
220 
196 
222 
190 
220 
588 
222 
192 
220 
202 
190 
196 
554 
190 
194 
212 
194 
196 
224 
196 
210 
194 
208 
218 
192 
222 
726 
220 
60 
220 
218 
58 
220 
58 
218 
220 
58 
220 
56 
220 
534 
58 
212 
234 
218 
206 
194 
630 
192 
210 
194 
192 
220 
200 
548 
194 
190 
220 
192 
220 
222 
538 
228 
208 
192 
232 
190 
208 
544 
296 
208 
256 
220 
192 
190 
562 
220 
194 
224 
192 
190 
210 
840 
222 
194 
220 
194 
190 
218 
562 
220 
244 
192 
192 
190 
192 
572 
192 
190 
220 
212 
212 
222 
592 
196 
194 
238 
192 
222 
220 
606 
192 
214 
222 
192 
220 
210 
618 
208 
198 
192 
208 
192 
204 
676 
218 
56 
218 
56 
222 
220 
56 
218 
222 
60 
220 
58 
218 
676 
56 
222 
60 
224 
222 
58 
190 
218 
60 
222 
172 
222 
224 
56 
192 
188 
192 
220 
196 
218 
704 
194 
218 
208 
192 
222 
218 
732 
192 
234 
188 
210 
208 
190 
212 
194 
224 
216 
218 
196 
194 
698 
210 
224 
218 
192 
222 
218 
714 
192 
220 
218 
198 
222 
218 
194 
192 
218 
210 
218 
210 
222 
222 
206 
192 
220 
240 
204 
234 
220 
194 
202 
220 
222 
192 
196 
228 
214 
204 
212 
192 
210 
206 
194 
194 
212 
194 
192 
220 
192 
218 
224 
224 
220 
194 
220 
204 
222 
220 
58 
222 
220 
58 
222 
58 
218 
220 
56 
196 
60 
212 
220 
58 
204 
214 
222 
192 
196 
190 
192 
218 
222 
222 
236 
224 
222 
192 
220 
194 
194 
206 
192 
210 
192 
242 
222 
220 
214 
220 
220 
190 
190 
206 
220 
222 
218 
218 
222 
192 
220 
220 
192 
222 
224 
220 
272 
192 
198 
220 
198 
202 
192 
220 
222 
190 
208 
224 
220 
194 
218 
202 
192 
222 
210 
226 
218 
224 
220 
190 
218 
192 
218 
222 
194 
190 
192 
192 
196 
194 
204 
228 
190 
192 
220 
220 
176 
222 
222 
58 
222 
214 
58 
220 
58 
224 
220 
60 
224 
62 
204 
220 
224 
210 
204 
192 
212 
192 
222 
216 
190 
224 
192 
194 
218 
220 
192 
218 
192 
192 
190 
190 
210 
214 
238 
210 
212 
190 
196 
218 
224 
254 
214 
218 
194 
218 
192 
196 
196 
220 
222 
220 
218 
220 
192 
194 
224 
194 
220 
192 
218 
194 
190 
194 
222 
192 
220 
220 
192 
192 
196 
204 
222 
222 
218 
222 
222 
228 
192 
196 
220 
220 
208 
210 
210 
224 
290 
192 
194 
194 
240 
228 
224 
58 
220 
224 
58 
220 
58 
220 
222 
58 
220 
60 
220 
224 
56 
630 
240 
192 
190 
220 
220 
218 
220 
210 
222 
188 
192 
210 
192 
206 
222 
222 
220 
218 
194 
216 
214 
224 
222 
220 
224 
228 
206 
192 
222 
192 
206 
190 
190 
194 
288 
226 
222 
190 
222 
220 
222 
192 
200 
220 
224 
218 
196 
220 
222 
206 
222 
220 
220 
220 
194 
192 
218 
210 
220 
194 
230 
198 
204 
220 
220 
190 
194 
222 
218 
222 
220 
210 
226 
238 
218 
224 
246 
192 
194 
190 
222 
58 
210 
288 
58 
212 
58 
222 
222 
58 
210 
58 
220 
222 
58 
220 
220 
58 
220 
218 
62 
222 
220 
210 
210 
220 
218 
210 
216 
226 
192 
192 
220 
192 
192 
214 
216 
220 
206 
204 
192 
194 
220 
192 
220 
210 
222 
208 
194 
196 
242 
220 
192 
240 
194 
218 
208 
236 
220 
208 
226 
222 
220 
216 
202 
190 
208 
192 
212 
222 
0 
192 
226 
196 
194 
222 
220 
190 
222 
236 
192 
190 
226 
190 
222 
218 
218 
206 
220 
224 
224 
218 
222 
220 
194 
204 
190 
224 
220 
216 
220 
208 
210 
56 
210 
58 
222 
244 
62 
244 
220 
58 
218 
56 
220 
208 
58 
220 
222 
64 
220 
58 
196 
194 
194 
208 
218 
192 
198 
208 
222 
192 
222 
212 
234 
222 
190 
190 
220 
220 
192 
222 
226 
194 
222 
192 
220 
194 
218 
194 
208 
218 
266 
194 
200 
210 
192 
192 
200 
300 
218 
220 
192 
190 
194 
220 
196 
220 
222 
218 
220 
192 
224 
258 
194 
190 
192 
194 
210 
220 
186 
192 
222 
200 
208 
208 
222 
192 
222 
232 
220 
220 
194 
232 
194 
202 
192 
222 
222 
208 
220 
196 
230 
224 
216 
58 
238 
60 
292 
320 
58 
194 
220 
58 
220 
62 
224 
222 
220 
192 
206 
212 
192 
192 
218 
220 
222 
212 
192 
194 
194 
220 
190 
206 
210 
196 
216 
210 
192 
200 
222 
192 
218 
332 
194 
192 
204 
190 
216 
192 
356 
190 
224 
192 
194 
190 
222 
194 
192 
208 
190 
194 
190 
220 
196 
192 
220 
222 
196 
212 
218 
240 
226 
218 
220 
236 
192 
192 
434 
234 
194 
190 
218 
208 
218 
388 
222 
224 
218 
222 
192 
222 
244 
192 
218 
220 
222 
194 
56 
430 
220 
56 
224 
222 
60 
192 
60 
216 
192 
58 
212 
60 
190 
288 
210 
218 
220 
192 
206 
220 
312 
190 
220 
218 
192 
210 
192 
312 
192 
214 
222 
218 
192 
220 
302 
210 
220 
208 
220 
214 
224 
328 
224 
194 
194 
190 
194 
216 
352 
192 
222 
220 
190 
192 
196 
336 
190 
220 
202 
192 
210 
190 
448 
224 
192 
252 
204 
210 
224 
364 
220 
190 
222 
220 
194 
222 
524 
192 
194 
216 
220 
208 
218 
344 
226 
200 
236 
208 
238 
194 
362 
224 
220 
220 
222 
190 
58 
384 
220 
60 
218 
60 
210 
220 
60 
218 
60 
220 
208 
60 
192 
388 
194 
208 
198 
208 
218 
206 
450 
220 
192 
216 
220 
192 
192 
416 
220 
222 
222 
194 
216 
194 
498 
234 
190 
220 
222 
220 
220 
190 
220 
216 
224 
222 
220 
200 
432 
190 
224 
218 
194 
192 
224 
468 
194 
222 
190 
222 
204 
192 
714 
208 
192 
194 
190 
332 
220 
496 
220 
218 
222 
196 
226 
194 
550 
222 
192 
220 
220 
226 
220 
596 
220 
188 
190 
220 
192 
196 
720 
210 
218 
218 
224 
56 
222 
308 
232 
60 
220 
58 
222 
220 
60 
220 
58 
216 
192 
194 
220 
190 
222 
210 
198 
190 
190 
194 
658 
192 
232 
192 
224 
192 
228 
546 
190 
222 
194 
222 
190 
220 
542 
218 
218 
222 
194 
196 
194 
546 
222 
222 
222 
202 
190 
220 
522 
224 
224 
218 
240 
220 
228 
656 
190 
192 
214 
194 
230 
222 
550 
192 
224 
218 
206 
192 
194 
696 
210 
222 
214 
280 
220 
280 
600 
218 
220 
198 
192 
192 
224 
604 
210 
216 
200 
224 
222 
194 
580 
220 
60 
222 
222 
60 
224 
60 
220 
220 
56 
220 
222 
56 
632 
60 
218 
222 
58 
222 
58 
626 
222 
58 
222 
192 
194 
222 
196 
192 
200 
210 
224 
220 
212 
642 
190 
222 
190 
220 
218 
218 
668 
190 
192 
220 
208 
190 
226 
194 
222 
192 
218 
224 
220 
200 
192 
196 
194 
210 
190 
208 
218 
664 
194 
224 
192 
192 
196 
220 
674 
210 
238 
190 
196 
226 
220 
718 
210 
208 
192 
202 
212 
210 
742 
198 
192 
222 
220 
220 
194 
696 
198 
222 
196 
222 
216 
192 
752 
192 
242 
226 
196 
220 
222 
190 
224 
60 
220 
208 
60 
212 
56 
218 
220 
60 
226 
58 
220 
710 
224 
192 
222 
226 
222 
214 
216 
202 
200 
190 
236 
222 
198 
200 
192 
192 
262 
194 
220 
190 
218 
214 
220 
192 
220 
218 
220 
192 
220 
222 
192 
226 
218 
212 
222 
222 
192 
222 
658 
220 
220 
212 
210 
218 
190 
194 
194 
194 
190 
194 
218 
196 
192 
220 
222 
220 
228 
220 
218 
196 
218 
208 
218 
210 
194 
242 
214 
222 
218 
224 
194 
206 
192 
190 
226 
192 
230 
218 
220 
194 
202 
60 
222 
220 
58 
224 
60 
218 
218 
58 
220 
56 
222 
222 
56 
220 
202 
234 
196 
192 
228 
222 
218 
220 
218 
220 
218 
222 
192 
234 
192 
210 
220 
226 
192 
208 
214 
214 
196 
274 
208 
222 
218 
192 
222 
222 
200 
220 
202 
212 
218 
210 
228 
224 
222 
222 
190 
196 
224 
222 
192 
220 
196 
238 
192 
192 
252 
240 
198 
220 
202 
192 
210 
190 
222 
192 
232 
220 
194 
190 
220 
220 
192 
214 
208 
190 
198 
212 
216 
194 
218 
194 
220 
220 
190 
220 
58 
222 
58 
224 
220 
56 
218 
58 
220 
218 
60 
220 
220 
60 
192 
190 
220 
192 
192 
192 
220 
210 
220 
192 
222 
192 
190 
222 
208 
194 
220 
194 
196 
214 
222 
210 
190 
194 
190 
194 
208 
194 
192 
208 
192 
214 
192 
222 
220 
190 
220 
218 
218 
222 
228 
220 
222 
230 
220 
220 
190 
226 
218 
208 
190 
230 
214 
192 
224 
194 
198 
194 
212 
204 
218 
192 
222 
196 
202 
226 
192 
190 
220 
192 
222 
194 
206 
192 
208 
208 
220 
194 
208 
220 
192 
220 
58 
220 
222 
58 
220 
58 
208 
218 
56 
220 
56 
220 
222 
60 
220 
222 
222 
192 
194 
196 
250 
236 
218 
192 
218 
192 
194 
190 
224 
222 
218 
222 
222 
198 
212 
210 
194 
198 
220 
222 
194 
232 
220 
208 
224 
190 
224 
212 
242 
208 
222 
192 
218 
192 
220 
208 
190 
222 
190 
220 
218 
220 
208 
220 
192 
222 
210 
224 
198 
192 
226 
194 
202 
220 
210 
200 
208 
222 
194 
190 
192 
220 
220 
208 
230 
192 
222 
190 
192 
220 
212 
198 
222 
192 
218 
192 
190 
60 
192 
210 
56 
222 
210 
56 
208 
62 
220 
222 
56 
224 
56 
210 
220 
56 
222 
218 
218 
192 
196 
220 
216 
210 
196 
220 
194 
202 
192 
196 
220 
192 
216 
222 
192 
198 
240 
194 
192 
222 
226 
210 
190 
194 
190 
222 
220 
220 
210 
212 
194 
212 
214 
194 
192 
254 
190 
246 
220 
224 
218 
222 
190 
228 
194 
222 
192 
218 
226 
208 
220 
198 
222 
222 
190 
214 
206 
220 
192 
194 
202 
192 
192 
192 
220 
192 
222 
220 
190 
194 
208 
190 
192 
222 
218 
220 
220 
200 
222 
56 
208 
210 
58 
210 
60 
190 
294 
58 
222 
60 
288 
212 
60 
194 
218 
194 
220 
220 
192 
220 
190 
220 
218 
208 
222 
210 
224 
308 
218 
220 
208 
194 
208 
226 
192 
190 
192 
192 
218 
196 
220 
342 
220 
220 
220 
224 
230 
196 
196 
224 
212 
218 
192 
212 
192 
196 
192 
210 
194 
214 
208 
192 
196 
222 
196 
218 
222 
208 
190 
192 
222 
196 
202 
234 
190 
194 
304 
192 
230 
222 
224 
192 
220 
194 
190 
220 
204 
194 
208 
220 
208 
214 
222 
194 
222 
58 
222 
56 
224 
222 
56 
208 
208 
212 
220 
190 
194 
198 
260 
210 
244 
362 
220 
220 
220 
222 
210 
220 
202 
220 
218 
220 
220 
210 
220 
218 
220 
222 
220 
220 
208 
222 
234 
216 
220 
220 
218 
208 
220 
262 
214 
222 
220 
222 
210 
220 
360 
222 
220 
218 
218 
206 
224 
410 
222 
220 
240 
224 
286 
352 
254 
236 
222 
212 
212 
210 
222 
432 
226 
218 
212 
190 
194 
224 
290 
220 
222 
192 
222 
198 
208 
274 
222 
220 
202 
194 
190 
218 
268 
222 
220 
214 
216 
212 
220 
292 
218 
190 
206 
220 
208 
220 
322 
226 
190 
322 
190 
190 
196 
310 
220 
196 
212 
198 
210 
192 
302 
220 
190 
220 
220 
208 
224 
314 
220 
220 
222 
224 
210 
222 
304 
220 
218 
222 
222 
210 
220 
324 
218 
212 
234 
214 
226 
222 
340 
224 
220 
222 
220 
210 
220 
352 
220 
220 
220 
218 
210 
222 
380 
192 
242 
208 
196 
210 
206 
644 
210 
220 
220 
192 
192 
224 
392 
222 
218 
220 
230 
320 
250 
410 
222 
194 
220 
220 
216 
222 
428 
190 
196 
190 
212 
208 
248 
420 
298 
220 
218 
222 
222 
226 
452 
220 
278 
222 
222 
224 
208 
192 
196 
222 
190 
196 
196 
194 
522 
194 
220 
222 
220 
192 
212 
490 
300 
224 
210 
220 
222 
216 
454 
212 
220 
208 
208 
222 
228 
604 
218 
286 
210 
194 
222 
194 
656 
222 
190 
220 
218 
222 
220 
550 
222 
212 
220 
218 
218 
218 
464 
218 
320 
212 
220 
210 
188 
734 
210 
204 
198 
290 
212 
192 
562 
218 
220 
224 
220 
222 
200 
508 
224 
212 
212 
224 
218 
220 
536 
210 
214 
212 
220 
212 
218 
502 
208 
196 
220 
220 
222 
218 
544 
222 
212 
208 
216 
222 
224 
558 
220 
210 
212 
212 
198 
192 
192 
192 
216 
220 
224 
192 
220 
590 
208 
218 
192 
220 
220 
218 
588 
222 
216 
220 
192 
218 
322 
606 
218 
220 
218 
322 
222 
270 
616 
192 
216 
220 
210 
218 
222 
628 
194 
218 
220 
212 
220 
220 
636 
218 
222 
222 
220 
210 
192 
710 
188 
194 
192 
192 
236 
222 
656 
204 
218 
220 
220 
222 
220 
618 
218 
220 
220 
208 
222 
324 
622 
226 
216 
192 
492 
194 
222 
618 
222 
192 
194 
200 
220 
210 
632 
226 
218 
220 
220 
220 
210 
200 
210 
208 
222 
222 
194 
220 
690 
220 
212 
210 
206 
296 
204 
654 
194 
206 
192 
220 
220 
220 
734 
220 
224 
222 
220 
220 
224 
710 
222 
222 
222 
220 
222 
220 
220 
220 
220 
220 
222 
208 
220 
220 
216 
222 
220 
218 
224 
220 
218 
220 
220 
220 
220 
220 
220 
218 
220 
222 
210 
208 
220 
226 
210 
214 
210 
210 
258 
210 
218 
224 
222 
216 
218 
220 
222 
220 
220 
220 
224 
218 
222 
222 
218 
222 
222 
220 
218 
220 
222 
218 
222 
214 
222 
218 
218 
220 
222 
