# FR-trace starting at Wed Dec 16 17:21:57 2020
################# CONFIG #################
# slot=10000
# samples=5000
# threshold=100
# idle=500
# minlen=500
# runs=60000
# pdathreads=3
# nmonitored=1
#   monitor0=/usr/local/lib/libcrypto.so 799838 0xc345e
# nevicted=0
# npdatargets=1
#   target0=/usr/local/lib/libcrypto.so 750148 0xb7244
# affinity=all
############## SYSTEM INFO ###############
# mastik_version=
# sysname=Linux
# nodename=5997f38f2dda
# release=5.4.0-56-generic
# version=#62-Ubuntu SMP Mon Nov 23 19:20:19 UTC 2020
# machine=x86_64
################## DATA ##################
# run=0
# datapoints=3101
58 
224 
218 
222 
220 
608 
210 
194 
220 
220 
220 
222 
632 
222 
220 
224 
220 
192 
220 
554 
222 
196 
194 
192 
200 
218 
612 
220 
224 
192 
222 
222 
222 
598 
52 
210 
220 
54 
212 
218 
56 
210 
246 
56 
210 
54 
220 
602 
54 
194 
192 
214 
192 
224 
192 
244 
192 
196 
190 
190 
192 
192 
222 
218 
192 
224 
218 
192 
644 
190 
194 
220 
222 
226 
198 
624 
222 
220 
218 
220 
192 
220 
690 
220 
220 
192 
192 
192 
194 
676 
208 
190 
240 
196 
204 
222 
636 
192 
220 
192 
220 
218 
190 
650 
192 
224 
218 
208 
194 
198 
728 
192 
222 
218 
220 
222 
194 
194 
218 
222 
192 
190 
222 
218 
192 
192 
220 
192 
192 
208 
220 
54 
218 
56 
220 
296 
56 
218 
54 
226 
222 
58 
222 
56 
190 
698 
54 
212 
232 
54 
222 
56 
192 
220 
222 
192 
224 
222 
222 
192 
192 
200 
220 
226 
224 
220 
218 
216 
222 
224 
0 
0 
0 
698 
190 
218 
218 
224 
376 
190 
220 
192 
190 
220 
188 
220 
188 
190 
188 
190 
208 
196 
192 
206 
188 
186 
188 
190 
224 
218 
218 
190 
192 
190 
218 
188 
192 
192 
224 
218 
216 
204 
188 
218 
218 
202 
188 
216 
190 
214 
190 
188 
218 
206 
216 
188 
216 
220 
220 
192 
218 
208 
218 
216 
52 
218 
218 
52 
216 
56 
214 
208 
54 
208 
52 
220 
232 
50 
208 
54 
208 
218 
50 
202 
216 
220 
190 
192 
220 
218 
216 
216 
188 
188 
226 
222 
218 
192 
202 
220 
190 
188 
192 
190 
220 
188 
188 
216 
216 
218 
218 
198 
216 
192 
220 
192 
190 
190 
190 
188 
208 
188 
190 
218 
206 
206 
190 
192 
190 
216 
190 
232 
206 
220 
218 
220 
210 
216 
192 
216 
200 
198 
220 
194 
218 
190 
188 
194 
222 
216 
218 
216 
190 
192 
204 
210 
192 
196 
204 
216 
190 
54 
218 
56 
218 
218 
54 
220 
52 
218 
216 
54 
216 
52 
216 
216 
52 
200 
190 
198 
190 
190 
216 
192 
200 
216 
220 
216 
218 
218 
194 
190 
190 
204 
214 
188 
190 
218 
214 
190 
190 
198 
220 
218 
188 
218 
216 
222 
190 
220 
188 
208 
190 
222 
218 
190 
220 
214 
218 
218 
190 
220 
220 
216 
188 
216 
190 
190 
212 
190 
192 
230 
218 
188 
216 
234 
188 
218 
190 
220 
220 
220 
220 
220 
228 
194 
188 
188 
228 
220 
188 
188 
218 
214 
188 
214 
50 
228 
218 
54 
222 
48 
218 
218 
54 
218 
54 
216 
220 
56 
218 
54 
216 
218 
54 
218 
56 
186 
206 
188 
234 
190 
196 
188 
194 
222 
192 
192 
190 
216 
190 
188 
186 
190 
230 
218 
206 
216 
216 
218 
218 
190 
220 
206 
218 
204 
188 
216 
190 
220 
214 
220 
218 
242 
188 
220 
218 
190 
190 
208 
218 
192 
218 
218 
190 
218 
220 
186 
204 
206 
210 
190 
208 
208 
206 
280 
216 
190 
190 
188 
218 
208 
190 
206 
218 
206 
218 
276 
216 
198 
216 
208 
190 
238 
222 
218 
54 
220 
218 
54 
224 
54 
216 
218 
50 
212 
52 
218 
52 
218 
192 
222 
216 
208 
190 
198 
216 
190 
190 
216 
208 
218 
314 
190 
188 
234 
190 
206 
296 
194 
216 
220 
218 
218 
204 
220 
218 
210 
220 
192 
220 
206 
218 
216 
204 
188 
190 
190 
190 
212 
216 
194 
212 
226 
218 
208 
188 
280 
186 
190 
218 
218 
190 
216 
190 
194 
190 
216 
190 
188 
214 
240 
218 
196 
188 
190 
206 
214 
190 
188 
190 
200 
222 
190 
216 
320 
218 
208 
52 
214 
206 
54 
218 
54 
214 
214 
52 
208 
52 
218 
216 
52 
216 
190 
206 
216 
186 
190 
190 
222 
222 
216 
190 
320 
220 
194 
216 
190 
210 
194 
190 
218 
192 
204 
188 
190 
194 
192 
216 
194 
214 
188 
208 
220 
190 
190 
218 
192 
220 
190 
234 
382 
190 
206 
220 
224 
196 
218 
196 
218 
220 
220 
190 
206 
190 
190 
224 
192 
216 
208 
186 
190 
366 
218 
190 
186 
188 
194 
240 
202 
220 
220 
188 
208 
236 
190 
190 
244 
208 
188 
54 
204 
54 
220 
218 
56 
220 
52 
208 
52 
224 
218 
56 
190 
210 
210 
216 
358 
190 
218 
190 
220 
206 
230 
202 
192 
206 
218 
208 
212 
190 
334 
218 
220 
192 
190 
188 
190 
228 
246 
218 
216 
194 
206 
192 
204 
190 
218 
194 
196 
190 
204 
374 
216 
214 
220 
190 
188 
220 
248 
220 
216 
222 
188 
190 
210 
294 
188 
218 
224 
190 
206 
218 
506 
238 
220 
188 
220 
208 
190 
284 
190 
208 
192 
190 
206 
240 
382 
218 
254 
220 
198 
52 
220 
50 
222 
206 
54 
210 
52 
206 
274 
54 
258 
52 
232 
216 
188 
298 
190 
204 
192 
220 
204 
218 
306 
216 
216 
216 
220 
188 
218 
306 
188 
218 
192 
218 
208 
196 
520 
190 
218 
218 
218 
186 
222 
300 
190 
224 
188 
216 
188 
220 
334 
232 
216 
220 
216 
190 
190 
322 
192 
190 
218 
190 
190 
204 
332 
188 
216 
190 
220 
196 
218 
498 
222 
218 
190 
216 
208 
220 
386 
218 
218 
192 
218 
190 
218 
380 
190 
202 
190 
206 
222 
188 
54 
220 
56 
220 
220 
50 
216 
50 
216 
58 
216 
218 
54 
190 
450 
190 
214 
232 
208 
216 
190 
444 
188 
192 
218 
190 
218 
218 
450 
218 
220 
216 
206 
218 
196 
558 
220 
200 
220 
212 
218 
188 
518 
218 
224 
186 
226 
218 
190 
598 
220 
220 
226 
218 
190 
188 
420 
198 
192 
202 
220 
218 
192 
638 
206 
190 
190 
186 
208 
210 
640 
264 
216 
208 
218 
216 
236 
674 
220 
214 
188 
216 
216 
218 
494 
220 
198 
216 
190 
190 
192 
466 
54 
218 
54 
220 
228 
218 
480 
58 
214 
54 
218 
222 
54 
498 
52 
218 
218 
54 
218 
52 
506 
220 
54 
218 
52 
190 
216 
530 
220 
214 
220 
220 
188 
216 
744 
212 
218 
204 
218 
216 
218 
702 
216 
194 
208 
190 
218 
220 
572 
190 
218 
218 
190 
190 
188 
594 
220 
218 
218 
224 
194 
190 
744 
220 
190 
188 
194 
190 
192 
588 
208 
1406 
190 
190 
190 
192 
636 
216 
216 
222 
192 
188 
218 
634 
190 
218 
220 
216 
192 
220 
700 
188 
278 
190 
194 
190 
188 
730 
190 
220 
188 
216 
202 
190 
646 
54 
218 
54 
216 
216 
50 
612 
50 
220 
218 
54 
218 
56 
622 
206 
226 
218 
216 
188 
194 
192 
220 
242 
208 
190 
218 
220 
630 
218 
240 
218 
220 
216 
228 
648 
218 
190 
218 
218 
190 
190 
648 
218 
194 
188 
220 
206 
192 
186 
192 
194 
216 
190 
194 
192 
674 
218 
186 
208 
216 
190 
240 
192 
188 
218 
222 
218 
220 
216 
190 
220 
218 
238 
190 
218 
188 
204 
208 
216 
218 
220 
218 
190 
192 
190 
188 
206 
202 
202 
222 
218 
190 
214 
56 
216 
56 
210 
218 
54 
218 
56 
218 
218 
54 
218 
54 
188 
194 
218 
216 
220 
218 
188 
218 
190 
222 
218 
220 
226 
190 
190 
186 
216 
190 
192 
204 
190 
190 
188 
238 
254 
220 
218 
218 
218 
192 
186 
216 
188 
188 
190 
220 
196 
218 
208 
190 
218 
190 
210 
186 
190 
190 
218 
218 
190 
218 
188 
186 
190 
190 
190 
204 
192 
218 
218 
188 
190 
188 
188 
246 
220 
192 
218 
214 
184 
190 
218 
190 
210 
190 
192 
252 
206 
254 
54 
214 
218 
56 
216 
54 
220 
218 
54 
216 
54 
194 
220 
50 
218 
218 
218 
188 
186 
216 
208 
218 
220 
218 
186 
218 
190 
220 
190 
220 
218 
192 
216 
218 
190 
200 
190 
192 
188 
228 
188 
208 
230 
204 
216 
236 
192 
194 
200 
206 
216 
222 
188 
218 
218 
216 
188 
220 
236 
190 
218 
188 
216 
218 
212 
198 
206 
214 
192 
190 
220 
192 
228 
208 
224 
194 
192 
220 
188 
188 
220 
218 
238 
190 
220 
218 
190 
220 
188 
188 
190 
192 
190 
54 
204 
208 
52 
232 
52 
216 
220 
54 
218 
54 
216 
216 
54 
218 
52 
218 
218 
54 
218 
192 
218 
192 
190 
216 
190 
218 
190 
192 
216 
190 
240 
220 
218 
218 
194 
200 
184 
218 
210 
190 
198 
190 
208 
222 
226 
216 
218 
216 
190 
192 
206 
204 
194 
194 
192 
194 
220 
222 
228 
190 
218 
188 
210 
216 
208 
216 
218 
190 
190 
188 
218 
190 
220 
206 
192 
218 
218 
214 
214 
220 
218 
188 
188 
190 
192 
190 
188 
190 
208 
218 
234 
220 
190 
186 
188 
218 
52 
216 
216 
58 
218 
52 
218 
206 
52 
206 
54 
206 
52 
222 
230 
52 
218 
52 
214 
192 
220 
218 
214 
192 
220 
212 
190 
208 
208 
216 
208 
190 
216 
192 
190 
188 
240 
188 
220 
0 
234 
190 
190 
218 
210 
220 
220 
218 
218 
190 
206 
252 
190 
222 
192 
220 
210 
190 
208 
190 
188 
190 
192 
220 
218 
190 
190 
216 
190 
208 
220 
196 
192 
220 
192 
248 
190 
208 
216 
190 
190 
220 
222 
218 
190 
212 
216 
238 
208 
220 
190 
218 
220 
192 
200 
224 
222 
54 
220 
52 
206 
218 
52 
206 
52 
218 
218 
56 
190 
220 
206 
186 
268 
242 
204 
244 
218 
220 
216 
220 
190 
190 
216 
186 
214 
208 
218 
190 
216 
216 
214 
216 
220 
218 
222 
192 
216 
192 
216 
216 
192 
200 
190 
190 
190 
216 
188 
214 
190 
206 
216 
188 
216 
220 
218 
220 
190 
188 
276 
192 
200 
190 
190 
212 
202 
192 
190 
218 
204 
218 
192 
218 
188 
196 
214 
216 
210 
406 
210 
192 
216 
188 
188 
210 
190 
220 
218 
54 
216 
58 
220 
206 
56 
220 
52 
220 
52 
220 
206 
56 
190 
192 
192 
216 
190 
190 
190 
194 
238 
198 
186 
190 
204 
192 
208 
188 
190 
208 
274 
220 
208 
188 
228 
238 
190 
218 
190 
218 
188 
190 
220 
198 
194 
206 
190 
190 
220 
190 
216 
188 
190 
212 
190 
218 
188 
220 
190 
192 
188 
460 
190 
192 
188 
190 
208 
220 
188 
190 
190 
220 
218 
212 
190 
198 
216 
222 
206 
206 
208 
296 
408 
188 
224 
220 
188 
206 
214 
438 
192 
52 
220 
246 
54 
220 
52 
214 
214 
54 
222 
52 
218 
208 
54 
194 
214 
220 
206 
190 
414 
188 
216 
220 
190 
204 
214 
482 
218 
244 
188 
188 
208 
192 
302 
188 
208 
222 
208 
206 
194 
460 
212 
190 
216 
196 
208 
190 
252 
188 
214 
190 
208 
206 
216 
256 
218 
222 
216 
198 
188 
218 
284 
218 
216 
190 
190 
206 
218 
252 
218 
216 
190 
228 
190 
192 
238 
208 
216 
248 
218 
186 
220 
328 
194 
218 
200 
208 
188 
190 
318 
210 
218 
242 
52 
208 
50 
268 
220 
56 
216 
54 
208 
246 
52 
198 
192 
190 
222 
208 
218 
312 
190 
218 
192 
208 
188 
190 
358 
190 
200 
220 
192 
210 
202 
420 
220 
218 
220 
218 
206 
216 
442 
190 
216 
202 
218 
208 
218 
344 
190 
210 
192 
220 
192 
216 
396 
214 
188 
190 
200 
192 
192 
526 
190 
208 
220 
192 
208 
246 
212 
200 
224 
246 
228 
206 
222 
190 
220 
222 
216 
190 
206 
220 
482 
188 
188 
194 
188 
208 
218 
610 
220 
190 
56 
220 
56 
218 
488 
54 
188 
54 
188 
196 
52 
420 
54 
216 
218 
50 
210 
50 
394 
220 
54 
218 
192 
208 
216 
438 
190 
190 
190 
212 
188 
190 
460 
190 
208 
238 
188 
216 
220 
598 
220 
220 
218 
208 
188 
208 
406 
190 
190 
192 
200 
242 
220 
446 
198 
206 
218 
214 
240 
202 
474 
208 
200 
270 
196 
190 
218 
478 
208 
188 
204 
218 
192 
220 
598 
244 
192 
0 
0 
0 
222 
512 
220 
222 
190 
218 
220 
196 
632 
218 
200 
222 
196 
218 
192 
538 
222 
222 
222 
192 
220 
260 
562 
56 
220 
1160 
54 
218 
56 
610 
192 
56 
194 
216 
58 
200 
558 
194 
224 
222 
192 
222 
202 
736 
218 
200 
210 
210 
226 
224 
590 
192 
218 
218 
194 
220 
216 
844 
222 
192 
220 
192 
192 
220 
702 
192 
224 
218 
196 
218 
218 
572 
220 
192 
192 
216 
222 
192 
226 
220 
192 
194 
192 
200 
220 
734 
218 
192 
210 
210 
220 
224 
704 
222 
218 
212 
222 
194 
236 
632 
192 
192 
198 
192 
192 
218 
192 
220 
192 
196 
220 
190 
222 
614 
192 
222 
222 
56 
220 
56 
614 
224 
54 
222 
56 
220 
220 
52 
218 
208 
56 
198 
192 
192 
192 
210 
220 
188 
222 
200 
222 
660 
190 
240 
194 
222 
242 
188 
692 
190 
220 
222 
218 
192 
220 
680 
192 
220 
224 
196 
230 
222 
192 
206 
192 
220 
192 
228 
222 
692 
218 
192 
192 
226 
222 
192 
194 
194 
240 
220 
226 
196 
198 
204 
242 
208 
200 
220 
212 
224 
222 
236 
210 
220 
222 
196 
220 
220 
192 
188 
220 
212 
220 
226 
232 
220 
218 
222 
220 
206 
236 
220 
58 
222 
222 
58 
222 
56 
222 
222 
58 
222 
56 
220 
222 
56 
196 
216 
194 
192 
0 
0 
0 
188 
218 
192 
190 
236 
210 
190 
188 
218 
190 
190 
216 
216 
190 
220 
218 
190 
188 
190 
184 
216 
218 
192 
190 
218 
190 
192 
218 
218 
222 
214 
192 
216 
220 
216 
220 
214 
192 
218 
186 
220 
216 
190 
218 
266 
200 
188 
216 
216 
190 
216 
206 
218 
190 
190 
190 
190 
224 
258 
218 
222 
218 
218 
188 
220 
190 
190 
220 
246 
218 
194 
216 
192 
190 
54 
220 
218 
52 
218 
52 
218 
218 
54 
218 
54 
218 
216 
52 
216 
192 
188 
192 
216 
216 
218 
190 
208 
218 
188 
190 
220 
190 
190 
204 
234 
190 
190 
190 
228 
280 
192 
192 
218 
218 
216 
216 
188 
188 
220 
218 
208 
220 
216 
190 
218 
192 
220 
192 
192 
218 
214 
196 
216 
210 
216 
192 
198 
218 
206 
218 
220 
218 
192 
194 
218 
208 
190 
214 
202 
218 
190 
218 
194 
186 
206 
212 
240 
190 
220 
216 
226 
210 
190 
234 
188 
190 
52 
218 
216 
54 
214 
52 
190 
218 
54 
220 
52 
222 
218 
52 
218 
50 
218 
218 
220 
218 
190 
222 
186 
232 
194 
190 
190 
188 
208 
190 
236 
192 
218 
220 
220 
206 
224 
208 
206 
190 
218 
208 
192 
220 
214 
260 
214 
220 
218 
186 
218 
216 
218 
186 
220 
194 
188 
222 
212 
218 
216 
188 
220 
222 
218 
218 
188 
190 
218 
220 
194 
218 
218 
208 
218 
214 
200 
222 
190 
218 
238 
224 
220 
190 
190 
192 
218 
216 
208 
202 
190 
192 
200 
238 
190 
52 
288 
208 
56 
218 
52 
218 
212 
54 
216 
56 
218 
238 
54 
214 
198 
216 
216 
218 
218 
192 
218 
188 
186 
216 
190 
220 
188 
218 
218 
208 
208 
190 
188 
224 
192 
190 
216 
234 
224 
214 
192 
220 
214 
192 
232 
186 
222 
198 
208 
250 
218 
206 
220 
218 
220 
220 
190 
234 
202 
184 
190 
216 
216 
186 
212 
210 
218 
220 
192 
220 
218 
190 
222 
190 
200 
190 
218 
190 
226 
190 
216 
214 
190 
220 
192 
218 
208 
190 
266 
222 
210 
218 
54 
206 
214 
54 
212 
52 
206 
188 
244 
216 
244 
220 
216 
216 
222 
210 
216 
216 
216 
218 
212 
218 
208 
218 
190 
218 
216 
216 
224 
206 
224 
218 
206 
218 
216 
218 
206 
222 
216 
220 
220 
218 
222 
206 
218 
188 
218 
218 
216 
218 
208 
218 
222 
220 
190 
206 
204 
190 
196 
208 
194 
220 
216 
234 
206 
218 
222 
212 
218 
216 
216 
208 
190 
218 
214 
192 
220 
220 
206 
218 
190 
218 
200 
218 
218 
208 
216 
210 
216 
218 
218 
216 
204 
216 
218 
218 
218 
192 
192 
206 
218 
218 
218 
206 
218 
192 
206 
202 
192 
188 
228 
218 
220 
208 
216 
218 
208 
192 
192 
218 
206 
216 
218 
218 
236 
218 
190 
206 
214 
196 
212 
220 
218 
218 
210 
216 
216 
218 
218 
220 
216 
210 
214 
240 
214 
214 
220 
218 
208 
218 
190 
218 
220 
218 
218 
208 
190 
406 
192 
216 
190 
214 
210 
224 
220 
238 
216 
188 
190 
238 
220 
188 
216 
216 
206 
216 
332 
192 
220 
188 
220 
206 
192 
206 
212 
394 
192 
188 
226 
216 
210 
216 
198 
220 
204 
214 
192 
206 
220 
220 
218 
220 
210 
216 
206 
208 
314 
236 
188 
206 
206 
188 
194 
522 
212 
192 
218 
220 
208 
216 
198 
290 
206 
200 
220 
206 
206 
200 
282 
192 
238 
216 
206 
190 
394 
194 
192 
214 
216 
198 
190 
222 
218 
218 
218 
218 
190 
202 
234 
216 
218 
216 
324 
190 
204 
360 
188 
208 
216 
188 
190 
214 
280 
206 
206 
194 
276 
210 
214 
614 
190 
218 
222 
218 
208 
206 
314 
202 
208 
222 
218 
206 
220 
610 
218 
218 
218 
218 
212 
220 
322 
188 
222 
218 
218 
206 
218 
334 
220 
222 
216 
218 
206 
218 
504 
188 
286 
238 
206 
240 
242 
598 
208 
292 
198 
188 
208 
190 
342 
216 
218 
216 
220 
206 
208 
358 
192 
206 
260 
208 
238 
218 
356 
208 
210 
190 
220 
190 
220 
396 
218 
222 
188 
186 
206 
220 
354 
220 
214 
192 
204 
190 
190 
414 
220 
220 
216 
216 
206 
188 
608 
196 
218 
226 
218 
206 
284 
372 
218 
218 
208 
218 
218 
220 
472 
222 
208 
228 
216 
214 
206 
626 
190 
218 
218 
204 
190 
192 
502 
218 
218 
196 
220 
218 
262 
410 
220 
218 
194 
304 
316 
192 
444 
208 
192 
220 
210 
216 
216 
688 
216 
216 
192 
208 
222 
220 
468 
238 
192 
242 
218 
220 
216 
472 
218 
212 
218 
220 
220 
220 
478 
216 
214 
216 
220 
218 
218 
480 
220 
218 
216 
222 
220 
216 
526 
218 
214 
218 
218 
220 
216 
522 
220 
218 
214 
220 
218 
218 
492 
218 
216 
216 
206 
190 
220 
190 
218 
296 
188 
190 
276 
218 
532 
218 
220 
216 
216 
218 
218 
522 
216 
222 
222 
216 
190 
218 
544 
220 
218 
218 
216 
218 
220 
524 
218 
216 
214 
218 
220 
216 
550 
220 
218 
218 
218 
216 
