# FR-trace starting at Wed Dec 16 19:26:14 2020
################# CONFIG #################
# slot=10000
# samples=5000
# threshold=100
# idle=500
# minlen=500
# runs=60000
# pdathreads=3
# nmonitored=1
#   monitor0=/usr/local/lib/libcrypto.so 799838 0xc345e
# nevicted=0
# npdatargets=1
#   target0=/usr/local/lib/libcrypto.so 750148 0xb7244
# affinity=all
############## SYSTEM INFO ###############
# mastik_version=
# sysname=Linux
# nodename=5997f38f2dda
# release=5.4.0-56-generic
# version=#62-Ubuntu SMP Mon Nov 23 19:20:19 UTC 2020
# machine=x86_64
################## DATA ##################
# run=0
# datapoints=3230
58 
222 
202 
220 
220 
222 
190 
194 
196 
192 
220 
220 
220 
220 
194 
220 
218 
218 
194 
220 
220 
650 
216 
220 
214 
222 
220 
190 
656 
218 
222 
222 
220 
58 
222 
650 
60 
220 
226 
62 
222 
60 
192 
208 
56 
222 
202 
58 
196 
710 
192 
228 
188 
190 
234 
196 
194 
220 
218 
194 
220 
218 
226 
192 
210 
196 
194 
186 
194 
224 
194 
192 
192 
222 
220 
244 
192 
190 
214 
220 
192 
196 
222 
222 
194 
194 
220 
198 
190 
218 
196 
192 
196 
208 
194 
192 
194 
194 
192 
190 
222 
190 
218 
222 
194 
192 
190 
224 
190 
222 
224 
188 
198 
192 
218 
220 
190 
198 
222 
210 
194 
212 
222 
222 
218 
222 
710 
192 
222 
220 
222 
60 
220 
710 
58 
224 
222 
60 
220 
62 
218 
220 
58 
214 
58 
208 
194 
58 
212 
224 
60 
260 
58 
222 
224 
192 
220 
190 
192 
194 
218 
220 
222 
220 
218 
222 
222 
212 
194 
202 
220 
220 
222 
202 
220 
208 
222 
222 
220 
220 
220 
222 
192 
192 
194 
202 
220 
216 
194 
222 
220 
208 
222 
190 
192 
222 
210 
192 
190 
196 
220 
204 
224 
198 
208 
192 
188 
192 
190 
218 
190 
220 
220 
190 
222 
222 
208 
192 
192 
210 
224 
220 
200 
220 
220 
222 
220 
218 
190 
224 
222 
222 
212 
206 
194 
192 
220 
58 
220 
222 
56 
222 
220 
56 
210 
56 
222 
190 
58 
192 
218 
62 
248 
224 
58 
282 
176 
194 
220 
222 
218 
222 
198 
206 
218 
220 
216 
198 
222 
224 
214 
218 
190 
214 
220 
196 
210 
196 
192 
194 
220 
222 
222 
220 
222 
218 
222 
222 
222 
192 
192 
240 
222 
190 
216 
192 
220 
192 
194 
246 
192 
236 
320 
194 
198 
194 
210 
222 
220 
190 
220 
222 
222 
190 
224 
218 
220 
230 
220 
222 
222 
192 
218 
224 
200 
192 
220 
222 
216 
222 
192 
218 
190 
190 
220 
198 
200 
220 
222 
222 
192 
58 
222 
220 
58 
220 
56 
194 
212 
60 
222 
56 
198 
288 
58 
260 
218 
58 
224 
194 
222 
216 
220 
208 
202 
220 
198 
222 
222 
192 
192 
220 
222 
190 
220 
210 
198 
192 
216 
226 
242 
222 
192 
220 
194 
220 
220 
190 
220 
196 
194 
190 
222 
220 
220 
218 
192 
214 
220 
222 
218 
190 
202 
212 
194 
284 
190 
224 
204 
230 
222 
190 
194 
224 
208 
194 
222 
220 
206 
208 
220 
220 
222 
218 
190 
236 
220 
222 
208 
222 
212 
226 
222 
210 
210 
222 
222 
192 
194 
190 
212 
222 
58 
222 
218 
58 
222 
60 
204 
280 
58 
222 
220 
58 
212 
208 
58 
198 
58 
222 
224 
56 
218 
216 
56 
218 
194 
218 
228 
220 
192 
194 
220 
218 
190 
222 
210 
212 
194 
244 
212 
222 
258 
224 
190 
220 
192 
190 
222 
208 
190 
220 
222 
236 
222 
222 
210 
220 
196 
222 
212 
224 
208 
210 
212 
192 
196 
190 
238 
220 
214 
218 
204 
190 
196 
222 
192 
192 
192 
220 
216 
192 
192 
238 
208 
222 
224 
220 
190 
192 
194 
194 
192 
222 
198 
194 
220 
222 
192 
220 
204 
222 
192 
220 
220 
224 
194 
226 
58 
220 
56 
242 
212 
56 
194 
58 
214 
222 
58 
212 
192 
58 
194 
222 
234 
194 
206 
192 
192 
222 
210 
196 
220 
190 
194 
208 
222 
190 
230 
220 
218 
190 
194 
214 
220 
220 
220 
190 
220 
222 
222 
218 
220 
230 
192 
194 
328 
220 
190 
224 
196 
208 
196 
194 
186 
194 
210 
210 
190 
192 
192 
210 
220 
222 
212 
210 
220 
214 
218 
194 
192 
224 
212 
194 
236 
192 
218 
218 
196 
290 
190 
256 
222 
192 
222 
220 
214 
240 
362 
190 
216 
220 
192 
210 
220 
196 
56 
220 
218 
58 
208 
220 
56 
220 
208 
56 
220 
60 
204 
194 
58 
220 
192 
210 
500 
226 
410 
226 
220 
224 
216 
210 
224 
192 
220 
194 
224 
218 
212 
220 
232 
214 
220 
222 
218 
206 
220 
194 
220 
230 
192 
212 
210 
198 
192 
220 
222 
220 
218 
210 
222 
194 
220 
190 
222 
192 
192 
194 
414 
192 
194 
210 
198 
198 
222 
206 
218 
212 
220 
192 
208 
194 
226 
218 
194 
190 
194 
210 
220 
260 
192 
226 
192 
224 
218 
194 
622 
220 
192 
212 
190 
226 
216 
292 
198 
56 
224 
222 
58 
224 
56 
218 
220 
60 
222 
58 
216 
268 
56 
208 
192 
212 
330 
194 
554 
220 
258 
218 
190 
192 
228 
296 
218 
222 
222 
236 
192 
220 
534 
220 
210 
194 
192 
190 
218 
338 
222 
196 
220 
222 
192 
224 
432 
190 
192 
218 
220 
194 
192 
320 
222 
222 
192 
198 
196 
220 
452 
214 
218 
220 
192 
190 
194 
334 
198 
192 
194 
280 
210 
194 
338 
190 
190 
212 
220 
192 
190 
480 
220 
218 
192 
218 
194 
244 
336 
192 
218 
192 
212 
206 
232 
494 
222 
56 
222 
136 
208 
222 
58 
222 
220 
56 
218 
212 
56 
350 
220 
60 
190 
224 
196 
190 
420 
188 
192 
204 
216 
240 
190 
430 
270 
224 
192 
216 
196 
246 
408 
192 
222 
220 
232 
222 
190 
430 
192 
218 
218 
194 
222 
212 
722 
222 
218 
196 
204 
220 
216 
456 
220 
222 
192 
192 
196 
210 
612 
220 
218 
192 
192 
220 
220 
610 
222 
218 
192 
190 
220 
222 
448 
222 
220 
190 
188 
218 
220 
482 
220 
222 
220 
196 
222 
222 
670 
194 
192 
220 
194 
210 
194 
574 
224 
58 
216 
58 
220 
220 
58 
628 
58 
222 
222 
60 
220 
58 
222 
228 
194 
220 
220 
190 
586 
224 
196 
192 
212 
220 
220 
652 
222 
222 
190 
192 
192 
220 
474 
188 
216 
194 
220 
192 
192 
516 
218 
220 
190 
210 
220 
216 
738 
224 
192 
194 
222 
190 
222 
192 
216 
208 
192 
218 
220 
234 
736 
208 
190 
196 
224 
216 
194 
598 
190 
222 
222 
192 
220 
220 
650 
220 
220 
222 
240 
194 
224 
596 
218 
220 
222 
218 
190 
220 
660 
218 
192 
192 
220 
226 
194 
196 
224 
58 
224 
214 
218 
224 
56 
222 
220 
60 
222 
222 
60 
624 
224 
58 
220 
60 
216 
222 
60 
220 
218 
58 
218 
222 
58 
242 
218 
0 
0 
0 
56 
220 
190 
218 
192 
190 
216 
218 
214 
194 
190 
188 
190 
188 
188 
190 
644 
216 
190 
220 
188 
218 
216 
720 
192 
192 
192 
216 
190 
216 
646 
192 
192 
212 
188 
188 
218 
670 
194 
190 
188 
190 
220 
228 
188 
212 
192 
188 
204 
188 
190 
190 
192 
202 
218 
216 
216 
188 
190 
190 
216 
220 
220 
190 
188 
218 
190 
216 
190 
204 
192 
216 
194 
188 
188 
192 
190 
188 
214 
186 
208 
216 
56 
218 
216 
56 
216 
56 
216 
222 
54 
218 
54 
218 
218 
56 
192 
214 
216 
188 
208 
190 
186 
250 
192 
206 
218 
188 
214 
188 
218 
222 
216 
190 
216 
188 
218 
188 
216 
216 
220 
220 
218 
260 
190 
188 
204 
198 
188 
190 
220 
188 
216 
218 
208 
188 
190 
196 
220 
190 
216 
190 
222 
188 
236 
216 
190 
218 
206 
220 
192 
208 
192 
226 
190 
280 
190 
190 
218 
218 
188 
216 
208 
218 
190 
190 
220 
222 
188 
192 
222 
192 
192 
320 
190 
188 
218 
58 
216 
56 
216 
218 
56 
222 
220 
56 
218 
54 
218 
218 
56 
194 
220 
220 
216 
218 
220 
218 
206 
188 
188 
208 
206 
190 
216 
208 
330 
218 
218 
216 
188 
218 
220 
190 
218 
224 
190 
220 
218 
218 
186 
188 
218 
190 
218 
216 
218 
190 
218 
220 
188 
188 
204 
216 
220 
192 
222 
192 
240 
190 
216 
220 
198 
196 
220 
220 
216 
218 
218 
232 
190 
218 
188 
206 
208 
208 
228 
230 
284 
240 
224 
274 
218 
220 
190 
218 
192 
220 
190 
218 
218 
218 
204 
56 
218 
54 
220 
218 
54 
216 
56 
220 
222 
56 
220 
56 
190 
188 
218 
216 
208 
218 
220 
192 
192 
206 
192 
238 
190 
222 
218 
220 
194 
208 
188 
198 
188 
192 
190 
258 
200 
232 
192 
218 
192 
226 
188 
220 
218 
216 
216 
188 
218 
190 
218 
216 
192 
218 
216 
224 
188 
218 
212 
216 
188 
230 
188 
188 
214 
202 
202 
188 
220 
192 
188 
190 
218 
218 
218 
218 
194 
194 
212 
220 
188 
208 
188 
192 
208 
320 
198 
218 
220 
218 
218 
206 
58 
220 
220 
56 
216 
56 
210 
220 
58 
222 
222 
54 
218 
58 
220 
216 
56 
218 
218 
58 
230 
220 
190 
210 
188 
238 
198 
218 
190 
218 
218 
190 
188 
220 
220 
202 
196 
196 
188 
222 
206 
204 
208 
208 
190 
192 
218 
218 
206 
220 
216 
208 
222 
188 
190 
204 
190 
220 
218 
188 
190 
190 
206 
208 
188 
192 
216 
198 
216 
0 
220 
220 
244 
220 
190 
238 
220 
0 
0 
196 
190 
220 
190 
196 
220 
216 
192 
192 
192 
190 
288 
192 
194 
212 
252 
212 
240 
192 
194 
220 
220 
190 
222 
224 
210 
58 
220 
220 
56 
222 
56 
206 
224 
56 
222 
222 
58 
222 
60 
222 
190 
60 
222 
60 
194 
220 
194 
192 
220 
192 
218 
220 
192 
192 
192 
226 
194 
190 
190 
252 
192 
202 
208 
192 
210 
222 
298 
230 
192 
234 
220 
222 
192 
208 
222 
194 
194 
192 
192 
220 
192 
198 
194 
626 
218 
240 
218 
192 
222 
222 
206 
224 
220 
190 
462 
226 
192 
220 
192 
192 
200 
210 
194 
190 
220 
192 
212 
192 
210 
220 
192 
214 
220 
212 
210 
210 
190 
192 
218 
236 
194 
222 
212 
222 
192 
220 
224 
222 
62 
210 
60 
220 
218 
60 
224 
220 
58 
282 
224 
56 
192 
244 
210 
192 
190 
300 
222 
220 
190 
218 
210 
190 
192 
220 
196 
218 
192 
228 
220 
300 
220 
196 
192 
258 
216 
212 
210 
210 
200 
218 
194 
210 
204 
190 
192 
232 
192 
222 
214 
188 
192 
190 
222 
196 
194 
192 
192 
192 
246 
196 
224 
218 
192 
194 
396 
220 
224 
192 
224 
192 
222 
212 
190 
210 
190 
222 
210 
190 
240 
218 
220 
192 
198 
192 
220 
238 
210 
192 
194 
198 
194 
218 
238 
58 
222 
218 
58 
208 
60 
246 
222 
56 
220 
222 
60 
226 
56 
196 
216 
256 
190 
212 
192 
280 
194 
192 
190 
222 
204 
0 
0 
0 
220 
188 
222 
212 
218 
402 
190 
214 
192 
188 
210 
218 
360 
192 
218 
190 
190 
192 
218 
334 
238 
192 
196 
214 
206 
222 
336 
192 
198 
190 
192 
188 
220 
296 
222 
216 
188 
190 
206 
240 
258 
188 
216 
216 
190 
202 
220 
300 
190 
218 
220 
218 
188 
188 
296 
190 
218 
220 
220 
196 
188 
328 
188 
190 
218 
208 
208 
190 
56 
220 
208 
54 
208 
54 
222 
328 
54 
220 
218 
56 
208 
56 
452 
188 
218 
192 
218 
188 
218 
414 
220 
218 
218 
220 
206 
218 
596 
220 
216 
220 
228 
190 
216 
568 
236 
220 
188 
190 
210 
236 
632 
220 
190 
190 
190 
190 
190 
502 
240 
190 
206 
220 
192 
230 
818 
210 
192 
190 
220 
218 
210 
448 
208 
190 
216 
220 
216 
216 
458 
218 
230 
192 
192 
190 
220 
506 
208 
220 
220 
202 
218 
222 
648 
218 
228 
204 
190 
190 
218 
550 
220 
220 
216 
216 
58 
220 
54 
220 
56 
206 
192 
58 
208 
56 
216 
216 
192 
224 
214 
188 
568 
228 
224 
220 
220 
188 
190 
462 
218 
192 
222 
200 
240 
208 
580 
218 
198 
222 
188 
216 
218 
490 
220 
218 
190 
188 
218 
192 
484 
190 
190 
216 
190 
220 
220 
514 
204 
190 
192 
230 
192 
188 
220 
0 
0 
0 
220 
220 
252 
554 
220 
222 
222 
222 
220 
216 
734 
222 
220 
220 
212 
220 
222 
732 
210 
196 
222 
222 
222 
194 
586 
220 
192 
194 
218 
220 
234 
624 
196 
220 
58 
220 
222 
60 
590 
220 
58 
220 
218 
56 
224 
58 
210 
216 
56 
196 
196 
58 
606 
502 
58 
218 
58 
222 
218 
606 
192 
220 
220 
222 
220 
238 
602 
194 
224 
220 
204 
220 
194 
658 
220 
194 
220 
220 
210 
220 
608 
194 
228 
220 
218 
218 
194 
720 
190 
226 
190 
220 
200 
198 
618 
222 
188 
192 
192 
198 
214 
610 
198 
220 
190 
226 
218 
210 
678 
192 
222 
190 
224 
198 
222 
650 
218 
220 
218 
194 
192 
190 
638 
220 
192 
196 
208 
194 
218 
190 
220 
218 
196 
204 
216 
196 
192 
208 
190 
224 
224 
56 
222 
58 
220 
224 
60 
194 
210 
58 
702 
56 
190 
226 
192 
222 
220 
710 
190 
220 
222 
218 
220 
192 
218 
190 
222 
190 
192 
194 
192 
220 
194 
194 
220 
224 
192 
192 
222 
218 
222 
192 
200 
242 
218 
220 
192 
220 
190 
220 
212 
214 
220 
194 
192 
188 
190 
262 
194 
192 
216 
192 
192 
192 
192 
238 
190 
222 
194 
224 
222 
220 
188 
222 
194 
194 
190 
196 
222 
216 
222 
190 
220 
236 
226 
192 
206 
218 
194 
220 
218 
220 
220 
222 
222 
192 
58 
224 
222 
60 
222 
220 
60 
220 
220 
56 
210 
60 
210 
220 
58 
192 
194 
206 
190 
260 
226 
224 
236 
194 
202 
220 
218 
194 
234 
192 
222 
210 
220 
222 
192 
222 
194 
194 
194 
218 
192 
190 
220 
220 
218 
190 
220 
222 
194 
218 
222 
226 
192 
194 
192 
218 
190 
210 
220 
222 
200 
190 
238 
194 
192 
210 
192 
210 
218 
188 
204 
190 
224 
192 
222 
220 
194 
220 
220 
192 
224 
238 
218 
222 
192 
198 
194 
220 
222 
222 
222 
220 
238 
190 
212 
220 
222 
206 
58 
220 
220 
60 
218 
224 
58 
218 
60 
216 
220 
56 
224 
62 
194 
208 
210 
210 
196 
192 
206 
220 
230 
196 
204 
210 
224 
240 
192 
192 
222 
218 
222 
208 
206 
192 
220 
190 
220 
220 
222 
224 
224 
220 
192 
192 
210 
220 
190 
218 
220 
194 
190 
194 
224 
240 
194 
214 
214 
222 
194 
220 
222 
224 
190 
222 
218 
208 
188 
212 
210 
190 
190 
216 
214 
238 
220 
224 
220 
212 
238 
194 
192 
222 
194 
218 
192 
192 
216 
222 
220 
218 
228 
192 
226 
210 
220 
58 
190 
224 
58 
222 
220 
58 
218 
220 
56 
224 
218 
56 
222 
220 
58 
222 
222 
222 
194 
202 
222 
196 
220 
190 
208 
190 
192 
218 
208 
220 
220 
220 
218 
220 
192 
222 
222 
192 
220 
196 
222 
220 
194 
194 
220 
220 
220 
334 
216 
222 
230 
202 
194 
220 
226 
194 
222 
218 
218 
220 
224 
212 
190 
222 
220 
220 
196 
220 
220 
192 
204 
218 
190 
222 
222 
190 
242 
198 
222 
226 
192 
208 
218 
224 
190 
216 
216 
220 
210 
222 
220 
192 
194 
216 
220 
192 
224 
220 
58 
220 
56 
222 
212 
58 
220 
218 
58 
220 
56 
210 
220 
60 
226 
220 
56 
192 
210 
220 
192 
218 
218 
220 
192 
208 
220 
208 
192 
208 
264 
210 
326 
198 
192 
190 
220 
196 
224 
210 
220 
220 
222 
218 
216 
192 
212 
220 
190 
220 
226 
192 
226 
190 
220 
194 
194 
224 
220 
192 
192 
222 
192 
220 
216 
200 
202 
188 
224 
192 
222 
192 
222 
246 
212 
222 
192 
210 
192 
208 
194 
190 
192 
192 
210 
190 
194 
252 
192 
222 
196 
220 
190 
222 
220 
194 
192 
192 
222 
190 
54 
220 
206 
56 
224 
222 
58 
220 
60 
208 
222 
60 
224 
218 
58 
222 
212 
188 
188 
220 
192 
242 
240 
208 
222 
192 
220 
208 
222 
208 
432 
230 
192 
190 
194 
214 
222 
190 
192 
190 
194 
222 
204 
190 
226 
210 
284 
200 
222 
192 
220 
192 
222 
192 
220 
216 
206 
232 
192 
192 
230 
228 
0 
0 
0 
208 
192 
188 
192 
190 
222 
192 
208 
228 
190 
218 
188 
190 
212 
208 
218 
234 
208 
190 
206 
332 
210 
192 
188 
218 
216 
218 
192 
208 
220 
188 
212 
188 
220 
218 
54 
218 
212 
216 
220 
54 
216 
206 
206 
222 
220 
218 
218 
216 
208 
216 
222 
222 
218 
218 
218 
208 
220 
324 
218 
220 
220 
220 
188 
218 
200 
216 
190 
190 
206 
196 
196 
210 
218 
218 
218 
216 
210 
218 
212 
216 
216 
218 
222 
208 
218 
202 
220 
222 
222 
218 
208 
216 
206 
192 
188 
208 
210 
216 
216 
234 
192 
196 
222 
218 
204 
216 
216 
218 
192 
296 
216 
206 
220 
222 
218 
192 
218 
208 
206 
200 
232 
192 
216 
216 
220 
210 
216 
264 
220 
224 
218 
216 
268 
188 
300 
218 
220 
222 
208 
206 
222 
300 
212 
218 
206 
220 
190 
218 
282 
188 
214 
208 
210 
206 
218 
308 
216 
218 
218 
218 
206 
218 
304 
218 
216 
206 
222 
206 
204 
344 
190 
220 
238 
192 
208 
218 
360 
216 
220 
216 
220 
208 
216 
346 
216 
218 
220 
218 
208 
218 
368 
216 
220 
222 
220 
192 
236 
366 
232 
216 
220 
220 
208 
218 
582 
208 
218 
210 
218 
208 
208 
370 
190 
206 
218 
208 
192 
218 
390 
208 
188 
206 
246 
208 
200 
374 
220 
216 
192 
216 
208 
206 
364 
210 
206 
190 
218 
208 
188 
386 
218 
218 
220 
192 
188 
208 
392 
192 
188 
200 
218 
218 
220 
504 
208 
222 
218 
220 
204 
218 
572 
208 
208 
220 
216 
188 
200 
748 
192 
318 
220 
192 
190 
206 
204 
208 
204 
218 
206 
222 
220 
450 
190 
220 
220 
220 
218 
204 
466 
218 
188 
208 
208 
188 
216 
496 
218 
194 
200 
190 
208 
218 
604 
192 
218 
234 
220 
216 
220 
486 
190 
192 
216 
220 
218 
220 
610 
194 
238 
220 
204 
216 
214 
530 
240 
308 
216 
190 
218 
218 
534 
202 
218 
216 
218 
190 
190 
190 
216 
190 
216 
218 
220 
206 
548 
218 
206 
200 
220 
232 
196 
566 
218 
186 
190 
188 
204 
298 
586 
218 
220 
220 
216 
206 
190 
538 
222 
218 
208 
202 
206 
220 
662 
188 
212 
190 
190 
186 
216 
556 
218 
278 
218 
218 
192 
220 
560 
188 
220 
220 
284 
204 
216 
188 
218 
216 
216 
218 
220 
222 
570 
192 
190 
188 
210 
204 
186 
594 
218 
206 
220 
220 
188 
218 
610 
190 
222 
268 
240 
218 
216 
838 
218 
220 
194 
190 
236 
200 
774 
190 
310 
196 
218 
192 
218 
664 
216 
220 
188 
218 
220 
216 
672 
208 
220 
216 
208 
220 
218 
672 
216 
218 
36046 
0 
0 
0 
686 
222 
220 
220 
218 
220 
222 
696 
222 
218 
222 
224 
220 
220 
712 
220 
222 
222 
222 
194 
194 
192 
208 
192 
196 
230 
658 
216 
748 
220 
218 
216 
222 
222 
220 
706 
222 
220 
218 
222 
220 
220 
218 
222 
218 
216 
222 
218 
214 
222 
222 
220 
222 
218 
220 
220 
224 
224 
222 
222 
218 
224 
220 
224 
220 
218 
218 
220 
208 
222 
220 
210 
206 
194 
210 
236 
362 
204 
292 
222 
222 
220 
222 
222 
