# FR-trace starting at Wed Dec 16 17:21:27 2020
################# CONFIG #################
# slot=10000
# samples=5000
# threshold=100
# idle=500
# minlen=500
# runs=60000
# pdathreads=3
# nmonitored=1
#   monitor0=/usr/local/lib/libcrypto.so 799838 0xc345e
# nevicted=0
# npdatargets=1
#   target0=/usr/local/lib/libcrypto.so 750148 0xb7244
# affinity=all
############## SYSTEM INFO ###############
# mastik_version=
# sysname=Linux
# nodename=5997f38f2dda
# release=5.4.0-56-generic
# version=#62-Ubuntu SMP Mon Nov 23 19:20:19 UTC 2020
# machine=x86_64
################## DATA ##################
# run=0
# datapoints=3084
52 
204 
222 
220 
220 
190 
192 
208 
194 
220 
222 
218 
222 
192 
190 
192 
222 
226 
220 
192 
192 
194 
208 
220 
220 
204 
192 
192 
222 
224 
222 
224 
60 
194 
222 
54 
222 
220 
54 
218 
208 
58 
210 
54 
220 
234 
58 
196 
192 
222 
282 
220 
200 
218 
216 
192 
220 
208 
220 
222 
220 
226 
222 
222 
220 
192 
220 
220 
220 
192 
192 
222 
222 
220 
220 
220 
194 
192 
218 
0 
0 
0 
222 
208 
190 
190 
220 
224 
190 
218 
190 
214 
216 
190 
194 
216 
198 
196 
218 
190 
212 
188 
220 
222 
216 
290 
188 
302 
220 
208 
220 
218 
206 
188 
216 
188 
206 
218 
218 
186 
202 
204 
218 
194 
218 
218 
218 
190 
204 
188 
52 
218 
218 
52 
218 
58 
218 
206 
56 
218 
54 
218 
216 
52 
206 
54 
210 
208 
52 
210 
56 
218 
238 
218 
190 
218 
218 
202 
190 
190 
192 
208 
190 
220 
218 
216 
220 
234 
222 
218 
218 
190 
190 
200 
218 
192 
218 
216 
194 
218 
206 
192 
190 
188 
190 
194 
190 
190 
218 
202 
218 
220 
186 
216 
218 
188 
238 
208 
202 
190 
188 
222 
218 
500 
218 
216 
198 
218 
188 
194 
220 
196 
214 
240 
212 
220 
202 
186 
188 
216 
218 
218 
196 
216 
188 
190 
190 
220 
190 
52 
218 
216 
54 
218 
52 
206 
218 
52 
220 
54 
220 
220 
52 
218 
52 
218 
186 
52 
206 
222 
194 
238 
202 
188 
192 
228 
188 
218 
218 
188 
214 
190 
190 
208 
196 
220 
190 
188 
200 
190 
224 
210 
214 
218 
190 
188 
190 
216 
190 
220 
188 
218 
190 
218 
216 
194 
218 
278 
190 
200 
216 
218 
218 
218 
192 
216 
220 
238 
188 
186 
220 
238 
192 
192 
222 
190 
222 
218 
220 
220 
218 
192 
208 
208 
216 
188 
216 
228 
218 
206 
204 
190 
190 
194 
220 
218 
54 
218 
54 
218 
216 
56 
216 
54 
216 
216 
54 
216 
54 
222 
54 
202 
222 
190 
188 
222 
190 
208 
216 
234 
188 
194 
240 
190 
190 
186 
190 
216 
192 
222 
190 
208 
206 
204 
214 
196 
216 
224 
188 
202 
216 
186 
190 
190 
214 
232 
214 
222 
186 
218 
228 
218 
210 
216 
208 
188 
190 
236 
192 
198 
220 
254 
218 
214 
218 
218 
192 
190 
242 
188 
188 
206 
190 
188 
238 
192 
218 
188 
192 
242 
208 
190 
194 
222 
188 
192 
204 
206 
218 
284 
56 
216 
216 
54 
206 
54 
220 
220 
52 
216 
54 
206 
218 
54 
218 
54 
216 
218 
54 
218 
52 
206 
190 
206 
214 
210 
214 
278 
218 
206 
218 
206 
206 
190 
192 
206 
190 
218 
188 
208 
206 
192 
220 
204 
218 
190 
204 
208 
216 
192 
220 
218 
218 
202 
222 
190 
198 
218 
216 
190 
208 
222 
188 
202 
206 
218 
190 
582 
192 
354 
192 
190 
216 
266 
200 
228 
196 
190 
188 
200 
188 
206 
236 
194 
206 
212 
194 
218 
190 
218 
190 
214 
192 
216 
220 
192 
218 
220 
216 
188 
52 
218 
208 
56 
192 
52 
216 
220 
52 
208 
54 
218 
216 
56 
222 
190 
218 
190 
314 
190 
204 
190 
192 
208 
222 
404 
188 
218 
218 
192 
216 
214 
356 
208 
204 
190 
220 
206 
208 
194 
184 
200 
216 
226 
208 
212 
208 
204 
192 
216 
220 
206 
216 
364 
192 
192 
220 
190 
188 
216 
436 
190 
192 
218 
216 
232 
218 
202 
220 
206 
214 
212 
208 
220 
480 
200 
216 
200 
188 
208 
222 
262 
188 
190 
196 
206 
184 
188 
454 
226 
264 
218 
278 
54 
220 
216 
54 
218 
52 
208 
206 
52 
234 
56 
216 
218 
54 
206 
218 
366 
188 
190 
222 
218 
206 
218 
284 
190 
216 
216 
188 
190 
220 
346 
190 
230 
190 
190 
210 
220 
554 
190 
206 
214 
196 
196 
190 
332 
188 
188 
194 
196 
208 
276 
488 
262 
190 
206 
218 
214 
192 
528 
190 
190 
228 
220 
210 
216 
654 
190 
216 
198 
190 
190 
220 
370 
218 
186 
188 
222 
188 
216 
572 
190 
190 
192 
220 
190 
190 
188 
218 
192 
186 
188 
190 
52 
344 
210 
50 
190 
54 
236 
198 
56 
214 
54 
216 
222 
52 
208 
358 
190 
208 
190 
216 
206 
216 
384 
190 
190 
190 
188 
192 
190 
472 
222 
218 
190 
218 
190 
208 
436 
216 
188 
220 
190 
220 
188 
456 
234 
220 
232 
222 
188 
216 
192 
190 
218 
196 
194 
202 
216 
442 
250 
190 
282 
242 
214 
190 
458 
214 
220 
220 
192 
224 
192 
514 
214 
222 
190 
188 
188 
190 
588 
204 
218 
220 
190 
218 
218 
492 
188 
192 
188 
216 
220 
216 
54 
218 
218 
52 
192 
50 
218 
474 
52 
214 
54 
206 
190 
52 
532 
218 
186 
206 
196 
284 
222 
528 
216 
188 
220 
218 
218 
220 
528 
220 
218 
206 
216 
218 
218 
528 
210 
188 
188 
218 
224 
220 
562 
218 
222 
188 
216 
216 
218 
696 
190 
188 
292 
208 
194 
190 
556 
216 
188 
190 
190 
208 
218 
638 
206 
192 
206 
192 
206 
190 
540 
220 
218 
216 
190 
220 
220 
190 
240 
190 
188 
190 
220 
190 
558 
218 
214 
218 
238 
216 
216 
190 
208 
56 
218 
246 
216 
216 
52 
216 
52 
218 
218 
52 
190 
54 
190 
222 
188 
220 
190 
220 
590 
216 
188 
236 
204 
190 
188 
650 
190 
192 
192 
190 
216 
216 
728 
220 
190 
218 
190 
190 
242 
678 
192 
190 
218 
188 
218 
218 
646 
214 
220 
190 
216 
220 
190 
192 
216 
200 
214 
204 
218 
198 
190 
218 
190 
216 
192 
218 
224 
188 
190 
218 
206 
216 
224 
188 
234 
314 
192 
210 
190 
220 
208 
836 
222 
218 
218 
190 
206 
192 
684 
192 
202 
54 
218 
52 
216 
680 
52 
220 
52 
218 
218 
56 
702 
52 
218 
218 
56 
218 
52 
692 
218 
50 
216 
52 
206 
214 
50 
220 
218 
188 
190 
184 
238 
190 
190 
192 
200 
192 
218 
214 
772 
192 
222 
190 
216 
188 
202 
218 
192 
216 
206 
192 
202 
216 
188 
220 
218 
192 
218 
190 
234 
216 
218 
190 
188 
218 
216 
190 
190 
234 
210 
222 
190 
206 
254 
218 
208 
218 
214 
220 
222 
192 
204 
194 
188 
214 
192 
218 
218 
190 
196 
194 
216 
188 
216 
216 
190 
216 
216 
216 
222 
218 
188 
218 
196 
220 
218 
56 
220 
224 
54 
216 
52 
220 
218 
54 
220 
52 
220 
220 
54 
218 
188 
216 
218 
188 
210 
218 
220 
202 
208 
190 
214 
190 
222 
190 
206 
192 
192 
206 
206 
208 
208 
218 
188 
222 
220 
218 
220 
220 
230 
218 
196 
190 
190 
190 
194 
220 
214 
220 
214 
218 
218 
216 
214 
190 
218 
188 
216 
218 
218 
216 
216 
216 
218 
220 
202 
190 
186 
218 
220 
210 
190 
628 
216 
220 
216 
200 
192 
204 
206 
190 
246 
186 
214 
222 
218 
218 
218 
218 
54 
220 
204 
54 
194 
54 
220 
216 
54 
218 
52 
218 
220 
52 
186 
186 
218 
220 
216 
210 
218 
188 
192 
220 
212 
220 
208 
206 
188 
216 
194 
190 
190 
218 
212 
190 
186 
218 
198 
188 
194 
220 
208 
208 
218 
216 
278 
220 
218 
218 
208 
220 
196 
216 
204 
222 
186 
192 
220 
190 
220 
190 
216 
190 
190 
216 
190 
216 
192 
218 
218 
218 
218 
216 
220 
218 
218 
220 
194 
188 
206 
194 
192 
190 
224 
218 
206 
202 
210 
190 
206 
224 
216 
54 
218 
54 
220 
216 
56 
218 
52 
220 
218 
52 
218 
52 
212 
218 
198 
196 
190 
188 
190 
190 
222 
220 
218 
190 
228 
218 
214 
196 
190 
220 
224 
218 
220 
190 
218 
188 
234 
222 
216 
218 
188 
220 
208 
222 
190 
206 
230 
222 
208 
188 
358 
192 
228 
212 
190 
192 
190 
222 
186 
216 
190 
192 
214 
228 
218 
220 
218 
188 
222 
238 
190 
192 
190 
224 
224 
232 
218 
188 
208 
190 
214 
208 
206 
190 
222 
220 
216 
220 
190 
188 
218 
58 
218 
54 
218 
208 
54 
216 
58 
188 
190 
56 
198 
54 
216 
276 
50 
222 
52 
208 
226 
228 
228 
218 
208 
192 
208 
218 
192 
190 
190 
190 
220 
192 
224 
216 
226 
206 
188 
188 
194 
234 
190 
218 
218 
216 
218 
188 
224 
204 
204 
190 
192 
212 
206 
196 
192 
242 
190 
190 
204 
234 
194 
252 
194 
220 
218 
216 
344 
192 
192 
190 
216 
236 
190 
212 
206 
190 
220 
190 
218 
192 
192 
220 
190 
218 
206 
188 
218 
190 
198 
190 
204 
222 
216 
220 
188 
208 
52 
216 
190 
54 
206 
50 
218 
190 
54 
208 
54 
214 
208 
52 
208 
54 
208 
232 
54 
208 
190 
222 
218 
190 
188 
358 
434 
312 
204 
518 
244 
218 
220 
188 
190 
192 
220 
230 
218 
218 
208 
190 
0 
216 
220 
218 
190 
210 
218 
190 
220 
190 
218 
214 
430 
218 
188 
216 
192 
218 
190 
192 
228 
188 
212 
188 
224 
306 
190 
190 
190 
218 
216 
220 
218 
208 
190 
254 
190 
218 
186 
190 
204 
190 
204 
206 
194 
218 
190 
206 
190 
364 
188 
206 
212 
218 
208 
214 
222 
56 
218 
52 
218 
204 
54 
194 
54 
218 
220 
48 
202 
206 
412 
222 
194 
190 
188 
208 
190 
196 
192 
190 
218 
220 
208 
218 
268 
222 
188 
218 
194 
206 
194 
314 
190 
218 
220 
220 
194 
190 
216 
190 
216 
188 
190 
210 
204 
208 
222 
218 
218 
220 
206 
212 
388 
188 
196 
188 
190 
206 
218 
228 
204 
218 
216 
206 
206 
208 
266 
216 
212 
212 
196 
208 
220 
272 
194 
216 
190 
190 
196 
220 
376 
206 
216 
218 
190 
206 
218 
52 
218 
52 
212 
216 
52 
220 
52 
218 
220 
56 
220 
56 
190 
346 
214 
228 
210 
214 
192 
190 
362 
186 
216 
210 
218 
208 
218 
440 
206 
188 
210 
214 
194 
190 
324 
188 
220 
216 
214 
210 
192 
528 
188 
214 
206 
192 
212 
218 
412 
192 
232 
190 
216 
216 
218 
414 
190 
188 
190 
220 
210 
220 
530 
218 
220 
216 
192 
208 
190 
342 
190 
190 
188 
244 
206 
214 
346 
214 
192 
236 
186 
202 
210 
500 
190 
214 
190 
220 
214 
56 
346 
214 
56 
220 
52 
220 
218 
56 
220 
54 
216 
216 
56 
220 
412 
190 
214 
190 
218 
218 
218 
446 
192 
190 
216 
192 
222 
208 
448 
190 
208 
218 
196 
192 
220 
662 
188 
214 
218 
208 
190 
194 
630 
210 
218 
192 
282 
220 
216 
422 
216 
190 
218 
188 
192 
192 
490 
224 
204 
218 
218 
190 
220 
608 
212 
214 
188 
218 
190 
192 
478 
220 
190 
188 
220 
220 
216 
492 
220 
220 
220 
190 
208 
220 
546 
220 
218 
190 
190 
188 
190 
454 
52 
220 
52 
206 
214 
52 
478 
52 
220 
222 
52 
216 
216 
492 
206 
190 
190 
218 
188 
188 
506 
218 
188 
210 
192 
216 
220 
560 
218 
188 
190 
218 
220 
190 
574 
216 
218 
194 
220 
220 
210 
506 
234 
188 
220 
220 
190 
190 
190 
188 
188 
192 
190 
192 
216 
560 
218 
192 
218 
212 
220 
192 
656 
218 
238 
222 
188 
220 
218 
692 
192 
212 
216 
192 
224 
218 
572 
220 
198 
190 
190 
216 
218 
622 
188 
210 
216 
192 
218 
52 
624 
218 
54 
218 
54 
218 
220 
52 
220 
52 
220 
190 
54 
192 
226 
60 
216 
214 
54 
218 
54 
726 
218 
220 
216 
190 
192 
210 
190 
216 
192 
218 
232 
216 
218 
642 
190 
214 
196 
194 
218 
190 
192 
190 
188 
192 
210 
218 
190 
626 
192 
194 
190 
218 
184 
218 
628 
218 
222 
228 
206 
220 
194 
700 
194 
216 
192 
222 
194 
216 
708 
222 
208 
218 
216 
218 
192 
660 
192 
218 
208 
218 
216 
216 
190 
190 
216 
188 
208 
216 
190 
690 
220 
190 
218 
214 
218 
188 
196 
218 
56 
222 
216 
54 
204 
54 
220 
214 
54 
220 
52 
210 
190 
206 
192 
210 
194 
236 
190 
192 
210 
190 
190 
218 
190 
190 
222 
218 
220 
216 
230 
218 
216 
228 
188 
190 
216 
218 
190 
190 
190 
190 
218 
192 
190 
186 
192 
220 
198 
188 
220 
218 
190 
220 
192 
188 
206 
218 
208 
218 
218 
220 
188 
190 
208 
194 
204 
218 
248 
190 
218 
192 
220 
218 
188 
220 
192 
220 
218 
218 
252 
190 
192 
190 
218 
218 
220 
222 
192 
186 
52 
218 
218 
54 
220 
54 
220 
216 
54 
218 
54 
222 
216 
54 
222 
190 
212 
210 
220 
234 
218 
188 
206 
190 
192 
188 
194 
190 
188 
218 
236 
218 
216 
220 
216 
186 
218 
218 
222 
218 
194 
218 
208 
220 
218 
190 
216 
220 
198 
190 
218 
190 
220 
214 
218 
188 
220 
218 
186 
216 
190 
216 
214 
216 
192 
226 
196 
190 
206 
218 
188 
222 
190 
196 
188 
190 
222 
190 
194 
236 
192 
214 
270 
218 
216 
190 
218 
190 
190 
218 
216 
54 
206 
220 
52 
216 
52 
220 
220 
56 
218 
52 
218 
216 
54 
218 
190 
220 
216 
222 
218 
210 
224 
218 
190 
188 
214 
218 
204 
218 
188 
188 
202 
216 
190 
200 
208 
190 
190 
192 
208 
212 
220 
212 
190 
214 
190 
190 
218 
220 
214 
200 
216 
188 
188 
220 
240 
220 
208 
218 
218 
220 
222 
188 
222 
190 
218 
190 
188 
188 
192 
218 
190 
220 
218 
218 
218 
222 
216 
190 
190 
190 
188 
190 
190 
220 
192 
194 
208 
192 
188 
210 
212 
52 
220 
192 
54 
216 
52 
216 
218 
52 
222 
50 
218 
214 
52 
188 
190 
192 
216 
218 
218 
218 
190 
190 
190 
192 
186 
218 
222 
190 
216 
194 
190 
188 
192 
214 
204 
220 
188 
220 
188 
208 
186 
188 
208 
206 
214 
190 
208 
206 
190 
220 
208 
190 
222 
216 
218 
188 
206 
218 
220 
188 
292 
216 
248 
192 
192 
218 
190 
218 
218 
190 
196 
216 
218 
210 
190 
218 
218 
216 
218 
220 
218 
220 
248 
218 
216 
220 
218 
188 
192 
190 
188 
218 
52 
216 
54 
210 
218 
52 
208 
56 
188 
210 
52 
270 
54 
218 
216 
52 
206 
218 
190 
220 
190 
192 
188 
206 
188 
218 
232 
196 
192 
188 
218 
216 
190 
190 
190 
216 
218 
188 
210 
216 
220 
218 
232 
192 
202 
190 
208 
220 
190 
188 
220 
208 
218 
190 
194 
188 
216 
188 
188 
188 
206 
210 
190 
194 
220 
208 
276 
216 
220 
222 
220 
192 
368 
192 
190 
218 
220 
220 
218 
192 
200 
190 
188 
218 
234 
190 
190 
218 
188 
220 
192 
190 
188 
208 
52 
190 
218 
52 
206 
52 
190 
212 
56 
220 
54 
218 
190 
54 
190 
332 
208 
224 
214 
198 
220 
218 
190 
218 
220 
216 
218 
200 
218 
188 
188 
198 
190 
218 
192 
220 
302 
188 
186 
200 
192 
208 
206 
226 
218 
220 
218 
206 
206 
188 
270 
220 
190 
204 
218 
210 
208 
274 
210 
188 
214 
218 
446 
188 
188 
188 
208 
206 
186 
210 
190 
218 
218 
186 
214 
220 
210 
190 
190 
190 
214 
208 
206 
206 
216 
352 
190 
198 
218 
218 
194 
198 
190 
54 
216 
216 
50 
208 
54 
218 
220 
218 
220 
216 
208 
216 
404 
220 
216 
218 
218 
208 
218 
210 
208 
192 
248 
198 
188 
216 
212 
212 
210 
216 
218 
206 
218 
214 
216 
220 
218 
222 
220 
220 
224 
220 
216 
216 
218 
206 
220 
274 
218 
218 
220 
218 
210 
214 
210 
222 
216 
212 
206 
192 
218 
208 
278 
216 
196 
202 
206 
232 
240 
188 
216 
190 
208 
212 
190 
232 
186 
220 
248 
220 
206 
218 
266 
208 
220 
204 
210 
208 
208 
258 
190 
216 
206 
216 
206 
216 
250 
218 
218 
220 
216 
204 
218 
248 
198 
190 
320 
214 
214 
218 
674 
208 
188 
222 
196 
190 
186 
242 
220 
220 
216 
210 
212 
220 
260 
210 
196 
210 
220 
208 
212 
288 
220 
222 
214 
218 
208 
214 
290 
220 
218 
216 
210 
206 
220 
288 
218 
220 
216 
216 
208 
216 
302 
206 
218 
218 
222 
208 
216 
302 
222 
218 
220 
220 
572 
186 
330 
200 
212 
190 
218 
208 
220 
448 
188 
188 
200 
192 
258 
214 
354 
248 
218 
284 
222 
190 
188 
188 
218 
204 
218 
216 
206 
218 
402 
208 
208 
218 
220 
208 
322 
734 
216 
216 
218 
216 
188 
192 
424 
220 
220 
214 
250 
236 
192 
422 
206 
220 
186 
220 
198 
190 
704 
190 
196 
182 
218 
190 
192 
428 
208 
192 
218 
190 
220 
220 
416 
218 
234 
200 
210 
220 
218 
448 
232 
206 
218 
202 
216 
216 
426 
198 
220 
206 
188 
216 
220 
438 
218 
220 
216 
190 
232 
218 
426 
206 
218 
208 
204 
220 
194 
430 
220 
202 
200 
190 
214 
218 
426 
192 
190 
220 
318 
192 
218 
482 
218 
214 
210 
222 
216 
222 
692 
190 
224 
214 
208 
216 
188 
478 
218 
206 
210 
218 
220 
220 
674 
214 
202 
238 
218 
218 
334 
562 
218 
216 
220 
200 
200 
206 
538 
216 
220 
218 
220 
220 
206 
532 
206 
220 
190 
210 
228 
214 
602 
190 
196 
190 
222 
190 
220 
556 
218 
210 
242 
256 
208 
218 
588 
208 
218 
190 
208 
216 
190 
574 
220 
218 
218 
220 
216 
218 
614 
206 
218 
224 
204 
188 
222 
632 
222 
190 
190 
218 
200 
216 
598 
188 
196 
220 
216 
206 
202 
580 
208 
190 
254 
216 
216 
194 
636 
204 
218 
218 
214 
194 
186 
594 
192 
216 
218 
214 
222 
210 
188 
216 
222 
192 
204 
218 
218 
612 
220 
216 
220 
218 
216 
218 
640 
220 
220 
222 
206 
208 
208 
648 
218 
220 
218 
220 
188 
186 
656 
190 
190 
216 
218 
212 
216 
652 
216 
220 
220 
218 
220 
220 
666 
218 
218 
218 
216 
218 
214 
688 
220 
220 
220 
220 
218 
218 
704 
214 
218 
220 
220 
218 
218 
216 
216 
218 
218 
214 
218 
220 
204 
216 
216 
218 
216 
224 
232 
190 
216 
186 
188 
224 
218 
226 
218 
218 
218 
220 
218 
218 
218 
218 
216 
220 
218 
220 
232 
216 
218 
222 
216 
