# FR-trace starting at Wed Dec 16 17:21:16 2020
################# CONFIG #################
# slot=10000
# samples=5000
# threshold=100
# idle=500
# minlen=500
# runs=60000
# pdathreads=3
# nmonitored=1
#   monitor0=/usr/local/lib/libcrypto.so 799838 0xc345e
# nevicted=0
# npdatargets=1
#   target0=/usr/local/lib/libcrypto.so 750148 0xb7244
# affinity=all
############## SYSTEM INFO ###############
# mastik_version=
# sysname=Linux
# nodename=5997f38f2dda
# release=5.4.0-56-generic
# version=#62-Ubuntu SMP Mon Nov 23 19:20:19 UTC 2020
# machine=x86_64
################## DATA ##################
# run=0
# datapoints=3093
54 
214 
196 
194 
192 
192 
220 
224 
192 
220 
222 
222 
192 
222 
208 
192 
220 
194 
222 
218 
220 
220 
220 
210 
190 
210 
192 
210 
220 
208 
210 
192 
58 
220 
218 
58 
210 
54 
218 
222 
58 
224 
224 
54 
222 
54 
192 
194 
222 
214 
220 
222 
192 
190 
220 
220 
218 
190 
192 
198 
220 
190 
222 
222 
220 
192 
218 
220 
192 
202 
220 
224 
220 
210 
220 
202 
190 
224 
224 
218 
212 
192 
196 
192 
210 
258 
190 
214 
220 
256 
226 
218 
190 
224 
222 
220 
224 
188 
218 
202 
220 
196 
192 
220 
218 
220 
222 
198 
218 
194 
212 
218 
220 
222 
218 
224 
222 
220 
220 
224 
212 
192 
220 
220 
222 
218 
222 
208 
58 
220 
220 
56 
218 
54 
214 
242 
56 
198 
240 
54 
254 
54 
224 
224 
54 
220 
56 
218 
218 
52 
224 
218 
198 
0 
0 
0 
216 
196 
220 
190 
192 
192 
190 
218 
204 
216 
220 
188 
204 
218 
220 
188 
190 
206 
190 
194 
214 
220 
218 
190 
208 
218 
194 
240 
202 
196 
208 
204 
218 
208 
208 
190 
220 
208 
220 
188 
218 
218 
214 
220 
214 
192 
192 
190 
218 
190 
218 
214 
220 
192 
192 
188 
190 
190 
210 
218 
190 
220 
212 
222 
220 
192 
190 
218 
214 
218 
220 
220 
214 
190 
218 
220 
52 
216 
54 
208 
54 
208 
234 
52 
196 
52 
220 
214 
54 
220 
56 
218 
214 
50 
192 
218 
216 
218 
192 
216 
190 
190 
190 
222 
220 
218 
190 
188 
192 
212 
192 
194 
220 
218 
222 
222 
188 
192 
192 
218 
218 
218 
218 
194 
218 
218 
220 
212 
186 
216 
208 
204 
188 
218 
210 
192 
188 
184 
228 
190 
202 
220 
190 
220 
190 
214 
214 
190 
208 
198 
192 
220 
220 
218 
218 
220 
218 
220 
190 
218 
188 
220 
188 
238 
216 
212 
220 
204 
218 
190 
236 
216 
190 
52 
210 
214 
54 
222 
218 
220 
220 
190 
54 
206 
52 
208 
208 
52 
208 
54 
220 
216 
54 
190 
192 
206 
218 
220 
230 
202 
218 
186 
208 
218 
218 
274 
192 
190 
188 
190 
194 
208 
220 
190 
216 
194 
190 
216 
220 
236 
220 
216 
220 
188 
190 
202 
190 
194 
216 
220 
196 
216 
190 
198 
186 
210 
188 
190 
200 
190 
218 
218 
218 
192 
190 
218 
196 
190 
220 
220 
190 
206 
206 
190 
188 
192 
218 
228 
188 
198 
214 
216 
212 
196 
190 
190 
216 
192 
200 
218 
220 
216 
52 
216 
190 
54 
222 
54 
216 
206 
54 
190 
56 
220 
188 
56 
208 
52 
190 
230 
216 
218 
54 
206 
194 
192 
220 
218 
190 
204 
188 
186 
192 
218 
218 
220 
216 
188 
218 
188 
222 
218 
212 
184 
210 
190 
196 
208 
218 
240 
218 
206 
194 
330 
220 
238 
222 
220 
210 
214 
188 
216 
224 
190 
218 
208 
190 
278 
210 
198 
214 
218 
206 
210 
344 
218 
194 
216 
192 
208 
218 
190 
218 
218 
188 
220 
220 
218 
188 
190 
216 
226 
216 
188 
190 
304 
224 
204 
190 
222 
208 
226 
54 
218 
216 
54 
218 
52 
220 
202 
52 
220 
54 
218 
210 
54 
196 
188 
188 
220 
196 
502 
190 
204 
220 
222 
216 
218 
190 
222 
378 
190 
200 
218 
216 
206 
220 
392 
190 
196 
218 
214 
192 
196 
292 
220 
202 
196 
216 
190 
190 
222 
218 
218 
188 
186 
208 
190 
230 
216 
218 
190 
196 
192 
218 
382 
206 
208 
190 
204 
224 
190 
250 
210 
190 
216 
220 
192 
216 
418 
212 
220 
188 
218 
206 
222 
286 
190 
188 
220 
212 
210 
220 
272 
186 
54 
206 
220 
52 
218 
52 
222 
216 
54 
222 
54 
216 
362 
54 
190 
200 
218 
190 
214 
570 
204 
218 
190 
190 
208 
262 
360 
188 
194 
208 
218 
202 
188 
328 
234 
220 
220 
190 
208 
218 
342 
192 
228 
216 
218 
194 
222 
408 
204 
214 
188 
194 
206 
218 
522 
192 
222 
188 
188 
210 
218 
362 
218 
220 
238 
220 
192 
192 
544 
192 
218 
188 
210 
216 
188 
472 
190 
240 
192 
280 
190 
216 
402 
234 
218 
220 
236 
190 
220 
368 
190 
220 
56 
218 
52 
216 
370 
58 
218 
54 
218 
202 
54 
354 
52 
192 
222 
220 
206 
204 
408 
192 
218 
190 
216 
222 
192 
402 
188 
190 
218 
216 
224 
212 
596 
190 
220 
192 
192 
216 
198 
414 
192 
198 
236 
218 
220 
216 
472 
222 
214 
220 
190 
188 
204 
496 
200 
190 
218 
214 
218 
216 
468 
218 
206 
208 
218 
218 
190 
532 
234 
218 
218 
220 
206 
190 
502 
216 
218 
218 
208 
218 
216 
498 
188 
214 
188 
196 
218 
188 
646 
192 
208 
190 
52 
218 
52 
518 
218 
52 
218 
56 
214 
220 
52 
216 
50 
216 
192 
218 
220 
558 
220 
220 
218 
192 
214 
188 
690 
218 
194 
218 
206 
190 
218 
566 
218 
208 
198 
204 
218 
218 
652 
192 
190 
220 
208 
218 
208 
190 
208 
192 
190 
190 
218 
218 
564 
220 
188 
218 
216 
218 
188 
764 
240 
190 
218 
220 
190 
190 
568 
222 
218 
218 
220 
190 
190 
738 
190 
190 
220 
190 
218 
190 
732 
220 
190 
220 
218 
216 
186 
604 
218 
192 
218 
198 
50 
238 
550 
54 
208 
52 
188 
208 
50 
604 
52 
220 
216 
54 
190 
190 
678 
222 
208 
192 
220 
216 
220 
608 
190 
214 
222 
190 
262 
222 
654 
188 
216 
206 
198 
190 
216 
650 
188 
188 
240 
216 
188 
210 
720 
188 
212 
218 
192 
220 
218 
708 
224 
190 
204 
206 
190 
188 
674 
190 
188 
220 
188 
188 
190 
198 
214 
216 
218 
218 
188 
220 
706 
218 
216 
216 
190 
190 
216 
692 
192 
210 
218 
212 
216 
220 
686 
220 
218 
192 
192 
216 
190 
52 
220 
56 
218 
218 
54 
218 
56 
218 
218 
54 
208 
56 
208 
188 
56 
218 
54 
214 
218 
56 
738 
52 
220 
220 
56 
190 
224 
192 
190 
218 
216 
220 
186 
218 
708 
238 
218 
188 
218 
218 
218 
208 
190 
216 
220 
220 
200 
218 
208 
216 
222 
190 
198 
220 
190 
186 
188 
194 
220 
188 
220 
208 
210 
188 
238 
190 
216 
208 
192 
188 
190 
218 
190 
218 
190 
190 
218 
216 
218 
220 
218 
188 
218 
220 
190 
188 
190 
218 
192 
220 
216 
190 
218 
194 
194 
210 
218 
190 
188 
216 
220 
218 
186 
52 
216 
220 
52 
218 
54 
218 
206 
52 
218 
52 
208 
192 
52 
196 
190 
188 
252 
214 
188 
216 
218 
224 
220 
218 
188 
216 
216 
190 
218 
190 
220 
188 
220 
222 
246 
190 
216 
220 
186 
204 
188 
188 
190 
218 
190 
220 
214 
190 
220 
188 
218 
220 
218 
216 
208 
194 
226 
190 
206 
188 
190 
220 
206 
190 
190 
212 
206 
190 
190 
218 
218 
218 
192 
222 
214 
194 
216 
220 
188 
190 
220 
216 
190 
218 
186 
214 
196 
190 
194 
194 
188 
50 
218 
56 
218 
218 
56 
218 
52 
222 
220 
56 
216 
52 
214 
220 
192 
188 
196 
206 
210 
190 
222 
206 
206 
192 
208 
190 
266 
188 
218 
204 
218 
198 
190 
212 
188 
214 
188 
218 
216 
218 
214 
216 
216 
218 
192 
220 
218 
190 
188 
204 
188 
200 
188 
220 
220 
218 
218 
220 
220 
216 
190 
218 
190 
220 
218 
218 
260 
218 
224 
190 
190 
186 
194 
208 
192 
250 
208 
222 
238 
232 
220 
190 
186 
190 
218 
220 
220 
188 
218 
218 
220 
218 
54 
218 
220 
52 
218 
54 
222 
216 
52 
208 
54 
222 
218 
52 
200 
190 
220 
218 
210 
216 
220 
194 
220 
190 
220 
206 
204 
206 
188 
190 
210 
192 
190 
190 
198 
194 
288 
188 
282 
206 
252 
190 
208 
190 
190 
220 
208 
200 
220 
216 
206 
192 
216 
208 
188 
224 
220 
190 
192 
190 
190 
190 
188 
190 
190 
190 
218 
208 
216 
188 
220 
192 
218 
188 
196 
190 
188 
214 
218 
218 
186 
206 
204 
210 
188 
204 
276 
208 
196 
216 
220 
214 
56 
220 
216 
54 
220 
52 
214 
218 
56 
220 
54 
216 
218 
52 
216 
52 
218 
208 
50 
216 
196 
190 
232 
218 
222 
226 
248 
220 
216 
188 
218 
196 
190 
192 
190 
186 
220 
218 
190 
204 
190 
192 
188 
248 
218 
192 
188 
190 
218 
192 
190 
190 
208 
218 
192 
236 
190 
190 
190 
208 
216 
192 
218 
220 
216 
216 
210 
214 
204 
192 
190 
218 
188 
344 
218 
222 
208 
190 
220 
188 
188 
192 
664 
190 
240 
190 
204 
206 
192 
196 
218 
190 
216 
190 
188 
188 
188 
220 
58 
220 
48 
206 
218 
54 
220 
56 
218 
220 
54 
590 
56 
218 
218 
52 
220 
208 
52 
314 
220 
188 
190 
208 
208 
218 
260 
206 
190 
220 
220 
208 
188 
274 
218 
190 
0 
192 
208 
216 
190 
218 
218 
200 
218 
208 
218 
190 
216 
188 
220 
216 
188 
220 
192 
220 
192 
218 
214 
192 
220 
362 
220 
218 
220 
218 
206 
210 
190 
222 
190 
218 
192 
190 
218 
326 
208 
188 
218 
218 
208 
218 
256 
190 
222 
200 
220 
192 
188 
248 
190 
220 
218 
218 
188 
192 
192 
54 
216 
54 
218 
208 
54 
220 
52 
218 
220 
56 
208 
206 
194 
218 
222 
220 
218 
192 
218 
262 
216 
204 
218 
218 
188 
218 
190 
190 
218 
190 
190 
196 
240 
258 
190 
220 
216 
216 
208 
188 
224 
192 
214 
192 
194 
210 
218 
276 
190 
218 
188 
218 
202 
188 
338 
216 
238 
658 
218 
208 
218 
264 
216 
212 
218 
220 
206 
218 
422 
210 
188 
218 
190 
206 
216 
306 
220 
216 
218 
220 
206 
218 
430 
190 
214 
220 
208 
210 
220 
54 
220 
52 
220 
218 
52 
216 
52 
214 
218 
52 
218 
56 
190 
320 
188 
192 
194 
190 
208 
186 
548 
190 
216 
196 
210 
208 
192 
390 
190 
220 
228 
192 
204 
220 
344 
196 
220 
218 
188 
206 
216 
372 
190 
216 
196 
216 
208 
190 
480 
188 
240 
214 
216 
214 
214 
436 
226 
220 
190 
208 
206 
190 
338 
208 
190 
198 
212 
188 
188 
530 
220 
214 
190 
190 
206 
214 
428 
220 
220 
212 
190 
206 
216 
374 
190 
218 
190 
190 
218 
190 
390 
50 
218 
54 
220 
224 
56 
370 
54 
218 
218 
54 
216 
56 
474 
200 
218 
192 
218 
198 
192 
706 
192 
232 
192 
188 
188 
218 
474 
194 
220 
218 
216 
216 
192 
446 
218 
218 
186 
220 
192 
224 
596 
218 
216 
218 
220 
214 
190 
466 
220 
192 
190 
192 
188 
188 
474 
230 
190 
190 
190 
216 
218 
492 
218 
216 
218 
216 
190 
220 
612 
214 
190 
218 
206 
210 
208 
716 
214 
220 
188 
196 
218 
190 
602 
216 
188 
216 
218 
218 
220 
504 
52 
218 
56 
216 
218 
52 
500 
54 
220 
222 
48 
190 
218 
760 
222 
192 
214 
190 
218 
200 
528 
206 
218 
190 
216 
216 
218 
524 
212 
208 
218 
192 
204 
206 
672 
186 
190 
194 
246 
192 
230 
538 
190 
190 
190 
214 
218 
188 
518 
208 
194 
218 
214 
220 
210 
712 
188 
190 
188 
218 
190 
218 
190 
216 
218 
192 
220 
186 
216 
600 
220 
216 
222 
190 
188 
190 
614 
220 
228 
218 
190 
218 
190 
594 
190 
192 
202 
190 
224 
196 
54 
284 
218 
54 
220 
54 
218 
164 
218 
218 
56 
218 
54 
218 
626 
52 
220 
54 
220 
218 
56 
678 
220 
190 
218 
196 
218 
206 
636 
186 
202 
216 
220 
216 
190 
660 
188 
218 
198 
192 
216 
218 
658 
190 
206 
212 
216 
206 
196 
188 
242 
218 
198 
214 
194 
218 
190 
220 
220 
188 
188 
220 
222 
192 
218 
222 
218 
220 
216 
218 
190 
218 
190 
198 
218 
194 
188 
194 
190 
190 
190 
222 
220 
214 
190 
218 
192 
190 
220 
220 
190 
214 
192 
220 
186 
216 
190 
220 
836 
190 
56 
214 
52 
222 
220 
54 
220 
54 
216 
220 
54 
212 
188 
236 
218 
190 
218 
218 
222 
212 
190 
218 
190 
214 
206 
190 
220 
192 
216 
188 
220 
216 
240 
240 
222 
228 
226 
206 
190 
212 
190 
190 
218 
210 
230 
188 
192 
220 
188 
238 
192 
206 
190 
198 
216 
312 
218 
188 
216 
220 
218 
214 
192 
222 
190 
204 
192 
230 
216 
210 
228 
188 
188 
192 
190 
208 
188 
188 
202 
208 
216 
206 
204 
190 
188 
186 
222 
202 
218 
54 
218 
218 
52 
214 
52 
216 
222 
54 
218 
56 
190 
202 
52 
208 
190 
200 
190 
218 
188 
192 
218 
194 
220 
218 
194 
234 
200 
188 
218 
216 
216 
206 
218 
188 
218 
190 
222 
216 
216 
196 
216 
190 
218 
218 
214 
220 
218 
220 
218 
190 
218 
218 
218 
192 
188 
226 
212 
216 
202 
190 
198 
222 
192 
192 
210 
194 
250 
216 
190 
190 
216 
224 
214 
190 
190 
220 
216 
218 
220 
220 
210 
226 
230 
188 
222 
218 
208 
212 
218 
208 
216 
220 
218 
214 
190 
52 
208 
218 
50 
222 
50 
220 
216 
52 
218 
54 
220 
220 
50 
190 
210 
206 
218 
186 
186 
190 
220 
188 
190 
218 
190 
188 
278 
220 
192 
190 
188 
210 
218 
186 
218 
218 
220 
238 
218 
220 
218 
192 
222 
188 
218 
192 
220 
188 
220 
208 
218 
192 
216 
218 
220 
216 
186 
218 
218 
190 
222 
216 
188 
190 
220 
224 
206 
218 
238 
190 
206 
192 
188 
274 
190 
216 
216 
220 
216 
240 
194 
232 
190 
190 
218 
218 
188 
188 
190 
222 
190 
192 
54 
218 
96 
216 
218 
56 
216 
52 
218 
218 
56 
216 
54 
216 
220 
194 
190 
218 
216 
218 
216 
210 
216 
190 
206 
190 
190 
204 
190 
240 
218 
204 
188 
216 
206 
190 
218 
218 
216 
192 
190 
190 
216 
214 
190 
216 
192 
230 
192 
188 
192 
188 
218 
190 
188 
236 
218 
186 
214 
226 
190 
190 
192 
188 
192 
218 
220 
214 
218 
206 
220 
204 
236 
218 
192 
218 
192 
196 
236 
190 
190 
208 
216 
248 
240 
220 
216 
202 
218 
192 
208 
190 
54 
220 
52 
218 
218 
54 
218 
54 
220 
222 
56 
216 
52 
220 
220 
52 
220 
220 
218 
188 
206 
298 
218 
218 
218 
190 
192 
190 
218 
210 
190 
220 
218 
206 
214 
188 
210 
200 
190 
210 
188 
192 
240 
190 
220 
216 
228 
192 
216 
186 
190 
216 
218 
188 
186 
218 
190 
218 
218 
222 
192 
192 
222 
188 
190 
190 
194 
216 
206 
188 
190 
216 
218 
190 
220 
186 
190 
478 
244 
220 
186 
220 
206 
196 
190 
208 
188 
190 
190 
378 
212 
190 
236 
288 
212 
224 
52 
220 
52 
216 
216 
50 
220 
56 
216 
218 
52 
216 
52 
190 
206 
190 
188 
228 
188 
216 
206 
206 
190 
190 
218 
220 
188 
190 
206 
190 
480 
214 
188 
196 
186 
208 
218 
210 
200 
0 
0 
0 
0 
0 
0 
0 
0 
0 
0 
212 
220 
190 
190 
216 
190 
220 
190 
188 
324 
208 
186 
216 
218 
210 
218 
218 
216 
216 
240 
220 
230 
190 
196 
194 
224 
220 
206 
208 
218 
244 
218 
218 
190 
202 
192 
190 
304 
218 
192 
190 
218 
218 
56 
218 
196 
54 
190 
52 
210 
234 
216 
194 
220 
218 
218 
204 
216 
216 
216 
218 
220 
216 
208 
220 
214 
218 
218 
216 
218 
208 
214 
210 
220 
208 
220 
210 
190 
220 
208 
214 
220 
220 
218 
210 
214 
336 
218 
218 
218 
218 
208 
214 
216 
214 
210 
206 
206 
208 
188 
236 
210 
246 
190 
190 
188 
220 
296 
218 
220 
212 
190 
208 
220 
288 
220 
220 
270 
208 
190 
192 
252 
188 
220 
218 
220 
206 
218 
296 
190 
338 
192 
218 
210 
218 
262 
218 
220 
206 
216 
208 
220 
306 
220 
212 
220 
240 
210 
216 
292 
190 
190 
202 
244 
206 
218 
326 
208 
218 
216 
206 
318 
218 
260 
220 
220 
220 
220 
206 
216 
300 
220 
206 
218 
218 
208 
206 
296 
216 
222 
216 
216 
204 
216 
686 
220 
216 
192 
218 
206 
212 
336 
218 
224 
218 
216 
210 
216 
340 
216 
188 
192 
234 
214 
206 
358 
216 
326 
216 
206 
236 
222 
358 
208 
230 
208 
218 
210 
220 
374 
194 
218 
188 
206 
198 
206 
394 
214 
204 
194 
218 
190 
196 
652 
220 
186 
216 
218 
220 
208 
426 
216 
220 
218 
212 
214 
206 
416 
190 
190 
210 
190 
208 
196 
548 
196 
228 
216 
186 
214 
190 
520 
190 
206 
218 
214 
218 
190 
238 
220 
206 
210 
218 
188 
190 
436 
216 
210 
218 
208 
212 
216 
418 
188 
216 
218 
218 
188 
216 
440 
218 
220 
190 
206 
208 
222 
414 
192 
196 
194 
216 
210 
190 
598 
190 
226 
242 
218 
206 
188 
598 
206 
212 
216 
210 
218 
218 
470 
216 
206 
210 
216 
216 
216 
458 
194 
216 
218 
276 
192 
204 
480 
236 
220 
220 
218 
216 
194 
500 
218 
216 
222 
220 
220 
218 
708 
218 
218 
220 
216 
208 
188 
520 
206 
188 
204 
272 
274 
240 
264 
220 
216 
220 
206 
206 
208 
562 
210 
220 
220 
218 
210 
190 
568 
214 
218 
250 
192 
222 
218 
582 
218 
206 
218 
188 
208 
220 
604 
218 
220 
220 
208 
192 
214 
588 
208 
216 
218 
220 
220 
206 
596 
208 
204 
216 
208 
208 
188 
588 
190 
220 
206 
192 
188 
206 
592 
220 
192 
188 
214 
220 
220 
610 
204 
236 
198 
220 
218 
222 
582 
194 
220 
190 
196 
220 
208 
192 
222 
194 
218 
220 
216 
216 
702 
206 
216 
206 
216 
238 
190 
658 
220 
186 
196 
214 
196 
206 
190 
190 
240 
218 
212 
216 
214 
634 
216 
220 
220 
216 
216 
216 
652 
216 
216 
218 
222 
216 
220 
670 
216 
218 
222 
218 
220 
188 
680 
216 
220 
216 
216 
220 
220 
704 
220 
218 
220 
216 
216 
250 
708 
208 
190 
220 
218 
206 
190 
240 
212 
212 
198 
252 
210 
242 
232 
224 
220 
332 
234 
202 
230 
208 
214 
218 
216 
216 
218 
218 
220 
222 
220 
216 
216 
218 
222 
218 
218 
204 
216 
216 
218 
208 
220 
218 
222 
220 
218 
222 
222 
216 
